analyze-counts --verbose=1 --symbol-table=data/lang/phones.txt 'ark:ali-to-phones --per-frame=true exp/tri4b_ali/final.mdl "ark:gunzip -c exp/tri4b_ali/ali.*.gz |" ark:- |' /dev/null 
ali-to-phones --per-frame=true exp/tri4b_ali/final.mdl 'ark:gunzip -c exp/tri4b_ali/ali.*.gz |' ark:- 
LOG (ali-to-phones:main():ali-to-phones.cc:134) Done 9996 utterances.
WARNING (analyze-counts:main():analyze-counts.cc:143) Zero count for label 0, this is suspicious.
WARNING (analyze-counts:main():analyze-counts.cc:143) Zero count for label 110, this is suspicious.
WARNING (analyze-counts:main():analyze-counts.cc:143) Zero count for label 122, this is suspicious.
WARNING (analyze-counts:main():analyze-counts.cc:143) Zero count for label 164, this is suspicious.
WARNING (analyze-counts:main():analyze-counts.cc:143) Zero count for label 176, this is suspicious.
WARNING (analyze-counts:main():analyze-counts.cc:143) Zero count for label 177, this is suspicious.
WARNING (analyze-counts:main():analyze-counts.cc:143) Zero count for label 178, this is suspicious.
WARNING (analyze-counts:main():analyze-counts.cc:143) Zero count for label 204, this is suspicious.
WARNING (analyze-counts:main():analyze-counts.cc:143) Zero count for label 209, this is suspicious.
LOG (analyze-counts:main():analyze-counts.cc:190) Printing...
### The sorted count table,
count	(norm),	id	(symbol):
0	(0),	0	(<eps>)
0	(0),	110	(iu5)
0	(0),	122	(iz5)
0	(0),	164	(uai5)
0	(0),	176	(ueng3)
0	(0),	177	(ueng4)
0	(0),	178	(ueng5)
0	(0),	204	(van5)
0	(0),	209	(ve5)
3	(3.2704e-07),	183	(ui5)
126	(1.37357e-05),	188	(un5)
148	(1.6134e-05),	105	(iong5)
163	(1.77691e-05),	212	(vn3)
164	(1.78782e-05),	214	(vn5)
199	(2.16936e-05),	169	(uan5)
211	(2.30018e-05),	84	(iao5)
214	(2.33288e-05),	95	(in5)
216	(2.35468e-05),	159	(ua5)
258	(2.81254e-05),	193	(uo5)
297	(3.23769e-05),	74	(ian5)
319	(3.47752e-05),	42	(ei5)
388	(4.22971e-05),	27	(ao5)
389	(4.24061e-05),	174	(uang5)
405	(4.41503e-05),	132	(o5)
407	(4.43684e-05),	17	(an5)
425	(4.63306e-05),	130	(o3)
534	(5.8213e-05),	69	(ia5)
573	(6.24646e-05),	89	(ie5)
628	(6.84603e-05),	137	(ong5)
812	(8.85187e-05),	52	(eng5)
943	(0.000102799),	162	(uai3)
968	(0.000105525),	199	(v5)
1060	(0.000115554),	100	(ing5)
1142	(0.000124493),	160	(uai1)
1501	(0.000163629),	175	(ueng1)
1627	(0.000177364),	22	(ang5)
1707	(0.000186085),	207	(ve3)
1812	(0.000197532),	115	(ix5)
2014	(0.000219553),	56	(er5)
2242	(0.000244408),	117	(iy2)
2330	(0.000254001),	143	(ou5)
2390	(0.000260541),	79	(iang5)
2793	(0.000304474),	157	(ua3)
2946	(0.000321153),	154	(u5)
3377	(0.000368137),	12	(ai5)
3840	(0.000418611),	161	(uai2)
4026	(0.000438887),	138	(oo)
4254	(0.000463742),	6	(a5)
4326	(0.000471591),	205	(ve1)
4373	(0.000476715),	64	(i5)
4773	(0.00052032),	103	(iong3)
4800	(0.000523263),	101	(iong1)
4807	(0.000524026),	102	(iong2)
4829	(0.000526425),	128	(o1)
4934	(0.000537871),	200	(van1)
5055	(0.000551062),	54	(er3)
5532	(0.000603061),	67	(ia3)
5850	(0.000637727),	186	(un3)
6259	(0.000682313),	131	(o4)
6982	(0.00076113),	47	(en5)
7178	(0.000782497),	32	(e1)
7493	(0.000816836),	156	(ua2)
7581	(0.000826429),	66	(ia2)
8146	(0.000888021),	121	(iz4)
8411	(0.00091691),	85	(ie1)
8555	(0.000932608),	202	(van3)
8944	(0.000975014),	34	(e3)
9260	(0.00100946),	38	(ei1)
9867	(0.00107563),	113	(ix3)
9908	(0.0010801),	120	(iy5)
9933	(0.00108283),	39	(ei2)
10129	(0.00110419),	46	(en4)
10137	(0.00110507),	210	(vn1)
10139	(0.00110528),	106	(iu1)
10142	(0.00110561),	129	(o2)
11197	(0.00122062),	187	(un4)
11300	(0.00123185),	213	(vn4)
11363	(0.00123872),	116	(iy1)
11660	(0.00127109),	181	(ui3)
11678	(0.00127306),	203	(van4)
11916	(0.001299),	93	(in3)
12537	(0.0013667),	45	(en3)
12682	(0.00138251),	118	(iy3)
12693	(0.0013837),	211	(vn2)
12730	(0.00138774),	135	(ong3)
12814	(0.00139689),	98	(ing3)
13572	(0.00147953),	179	(ui1)
13879	(0.00151299),	51	(eng4)
14189	(0.00154679),	172	(uang3)
14326	(0.00156172),	40	(ei3)
14438	(0.00157393),	158	(ua4)
14575	(0.00158887),	8	(ai1)
14863	(0.00162026),	86	(ie2)
15142	(0.00165068),	55	(er4)
15425	(0.00168153),	94	(in4)
15476	(0.00168709),	81	(iao2)
15565	(0.00169679),	155	(ua1)
15688	(0.0017102),	111	(ix1)
15904	(0.00173375),	140	(ou2)
16021	(0.0017465),	184	(un1)
16103	(0.00175544),	3	(a2)
16373	(0.00178487),	24	(ao2)
16535	(0.00180253),	206	(ve2)
16772	(0.00182837),	170	(uang1)
16981	(0.00185115),	80	(iao1)
17080	(0.00186195),	119	(iy4)
17424	(0.00189945),	173	(uang4)
17616	(0.00192038),	50	(eng3)
17682	(0.00192757),	75	(iang1)
18488	(0.00201544),	43	(en1)
18709	(0.00203953),	82	(iao3)
18837	(0.00205348),	23	(ao1)
18924	(0.00206297),	87	(ie3)
18994	(0.0020706),	171	(uang2)
19115	(0.00208379),	139	(ou1)
19491	(0.00212478),	167	(uan3)
20287	(0.00221155),	197	(v3)
20296	(0.00221253),	53	(er2)
20466	(0.00223106),	196	(v2)
20554	(0.00224066),	92	(in2)
20787	(0.00226606),	195	(v1)
20873	(0.00227543),	77	(iang3)
20912	(0.00227968),	72	(ian3)
20942	(0.00228295),	168	(uan4)
21464	(0.00233986),	15	(an3)
21553	(0.00234956),	4	(a3)
22027	(0.00240123),	78	(iang4)
22152	(0.00241486),	165	(uan1)
22163	(0.00241606),	166	(uan2)
22618	(0.00246566),	10	(ai3)
22796	(0.00248506),	76	(iang2)
22902	(0.00249662),	109	(iu4)
23131	(0.00252158),	68	(ia4)
23454	(0.0025568),	65	(ia1)
23562	(0.00256857),	104	(iong4)
23674	(0.00258078),	141	(ou3)
23901	(0.00260552),	189	(uo1)
23972	(0.00261326),	191	(uo3)
24833	(0.00270712),	190	(uo2)
26301	(0.00286716),	41	(ei4)
26431	(0.00288133),	185	(un2)
26444	(0.00288274),	7	(aa)
27204	(0.00296559),	19	(ang2)
27345	(0.00298097),	208	(ve4)
27927	(0.00304441),	107	(iu2)
27956	(0.00304757),	136	(ong4)
28370	(0.0030927),	20	(ang3)
29076	(0.00316967),	96	(ing1)
29284	(0.00319234),	5	(a4)
29310	(0.00319518),	180	(ui2)
29830	(0.00325186),	142	(ou4)
30083	(0.00327944),	21	(ang4)
30743	(0.00335139),	150	(u1)
31330	(0.00341538),	14	(an2)
31800	(0.00346662),	88	(ie4)
32225	(0.00351295),	198	(v4)
33293	(0.00362938),	192	(uo4)
33509	(0.00365292),	18	(ang1)
33986	(0.00370492),	163	(uai4)
34713	(0.00378417),	33	(e2)
35240	(0.00384162),	44	(en2)
36156	(0.00394148),	112	(ix2)
36338	(0.00396132),	151	(u2)
36457	(0.00397429),	70	(ian1)
36643	(0.00399457),	99	(ing4)
36770	(0.00400841),	134	(ong2)
36795	(0.00401114),	37	(ee)
37004	(0.00403392),	48	(eng1)
37464	(0.00408407),	61	(i2)
37647	(0.00410402),	25	(ao3)
38001	(0.00414261),	152	(u3)
38181	(0.00416223),	108	(iu3)
38229	(0.00416746),	49	(eng2)
38957	(0.00424683),	13	(an1)
39038	(0.00425566),	91	(in1)
39569	(0.00431354),	60	(i1)
39593	(0.00431616),	9	(ai2)
44078	(0.00480508),	83	(iao4)
45240	(0.00493176),	26	(ao4)
46314	(0.00504884),	97	(ing2)
46339	(0.00505156),	35	(e4)
47397	(0.0051669),	2	(a1)
48257	(0.00526065),	201	(van2)
48407	(0.005277),	114	(ix4)
49469	(0.00539277),	16	(an4)
49719	(0.00542003),	73	(ian4)
50231	(0.00547584),	133	(ong1)
51691	(0.005635),	62	(i3)
54260	(0.00591505),	71	(ian2)
61346	(0.00668752),	182	(ui4)
63322	(0.00690293),	11	(ai4)
67804	(0.00739153),	144	(p)
70367	(0.00767093),	146	(r)
71950	(0.0078435),	127	(n)
72019	(0.00785102),	29	(c)
72297	(0.00788133),	63	(i4)
79609	(0.00867843),	153	(u4)
84506	(0.00921227),	124	(k)
93244	(0.0101648),	57	(f)
99338	(0.0108292),	217	(z)
99385	(0.0108343),	126	(m)
101350	(0.0110485),	147	(s)
101947	(0.0111136),	36	(e5)
118613	(0.0129304),	215	(vv)
126678	(0.0138096),	149	(t)
128069	(0.0139612),	58	(g)
129309	(0.0140964),	125	(l)
130261	(0.0142002),	30	(ch)
130290	(0.0142033),	28	(b)
150224	(0.0163764),	194	(uu)
164329	(0.017914),	145	(q)
165269	(0.0180165),	218	(zh)
166021	(0.0180985),	59	(h)
178045	(0.0194093),	31	(d)
196587	(0.0214306),	123	(j)
203568	(0.0221916),	216	(x)
263738	(0.0287509),	148	(sh)
285696	(0.0311446),	90	(ii)
2.26911e+06	(0.247363),	1	(sil)

#total 9.1732e+06 (25.4811h)
LOG (analyze-counts:main():analyze-counts.cc:193) Summed 9996 int32 vectors to counts, skipped 0 vectors.
LOG (analyze-counts:main():analyze-counts.cc:195) Counts written to /dev/null
