analyze-counts --verbose=1 --binary=false 'ark:ali-to-pdf exp/tri4b_ali/final.mdl "ark:gunzip -c exp/tri4b_ali/ali.*.gz |" ark:- |' exp/tri4b_dnn/ali_train_pdf.counts 
ali-to-pdf exp/tri4b_ali/final.mdl 'ark:gunzip -c exp/tri4b_ali/ali.*.gz |' ark:- 
LOG (ali-to-pdf:main():ali-to-pdf.cc:68) Converted 9996 alignments to pdf sequences.
WARNING (analyze-counts:main():analyze-counts.cc:143) Zero count for label 109, this is suspicious.
WARNING (analyze-counts:main():analyze-counts.cc:143) Zero count for label 121, this is suspicious.
WARNING (analyze-counts:main():analyze-counts.cc:143) Zero count for label 163, this is suspicious.
WARNING (analyze-counts:main():analyze-counts.cc:143) Zero count for label 175, this is suspicious.
WARNING (analyze-counts:main():analyze-counts.cc:143) Zero count for label 176, this is suspicious.
WARNING (analyze-counts:main():analyze-counts.cc:143) Zero count for label 177, this is suspicious.
WARNING (analyze-counts:main():analyze-counts.cc:143) Zero count for label 203, this is suspicious.
WARNING (analyze-counts:main():analyze-counts.cc:143) Zero count for label 208, this is suspicious.
LOG (analyze-counts:main():analyze-counts.cc:190) Printing...
### The sorted count table,
count	(norm),	id	(symbol):
0	(0),	109	
0	(0),	121	
0	(0),	163	
0	(0),	175	
0	(0),	176	
0	(0),	177	
0	(0),	203	
0	(0),	208	
3	(3.2704e-07),	182	
83	(9.04809e-06),	3297	
113	(1.23185e-05),	51	
121	(1.31906e-05),	1243	
126	(1.37357e-05),	187	
148	(1.6134e-05),	104	
162	(1.76601e-05),	1715	
163	(1.77691e-05),	211	
164	(1.78782e-05),	213	
180	(1.96224e-05),	1050	
184	(2.00584e-05),	2335	
194	(2.11486e-05),	934	
197	(2.14756e-05),	2866	
198	(2.15846e-05),	3261	
199	(2.16936e-05),	168	
200	(2.18026e-05),	159	
209	(2.27838e-05),	1326	
211	(2.30018e-05),	83	
214	(2.33288e-05),	94	
214	(2.33288e-05),	669	
216	(2.35468e-05),	158	
221	(2.40919e-05),	1657	
225	(2.4528e-05),	2651	
236	(2.57271e-05),	1258	
237	(2.58361e-05),	556	
238	(2.59451e-05),	2975	
240	(2.61632e-05),	2201	
241	(2.62722e-05),	81	
245	(2.67082e-05),	2639	
246	(2.68172e-05),	68	
246	(2.68172e-05),	1320	
247	(2.69263e-05),	3231	
249	(2.71443e-05),	1803	
251	(2.73623e-05),	705	
251	(2.73623e-05),	1144	
252	(2.74713e-05),	728	
254	(2.76893e-05),	167	
258	(2.81254e-05),	192	
266	(2.89975e-05),	2085	
267	(2.91065e-05),	1379	
267	(2.91065e-05),	2006	
268	(2.92155e-05),	3292	
274	(2.98696e-05),	2681	
275	(2.99786e-05),	11	
278	(3.03057e-05),	1372	
278	(3.03057e-05),	3214	
279	(3.04147e-05),	2010	
282	(3.07417e-05),	2257	
285	(3.10688e-05),	2020	
286	(3.11778e-05),	135	
288	(3.13958e-05),	3094	
289	(3.15048e-05),	1888	
297	(3.23769e-05),	73	
306	(3.3358e-05),	1039	
308	(3.35761e-05),	2558	
309	(3.36851e-05),	1299	
312	(3.40121e-05),	1718	
315	(3.43392e-05),	21	
315	(3.43392e-05),	1723	
316	(3.44482e-05),	537	
318	(3.46662e-05),	2143	
318	(3.46662e-05),	3149	
319	(3.47752e-05),	41	
320	(3.48842e-05),	2093	
324	(3.53203e-05),	2105	
326	(3.55383e-05),	2023	
329	(3.58653e-05),	79	
329	(3.58653e-05),	161	
331	(3.60834e-05),	3267	
332	(3.61924e-05),	2627	
338	(3.68465e-05),	2092	
338	(3.68465e-05),	2570	
339	(3.69555e-05),	1748	
344	(3.75005e-05),	767	
345	(3.76095e-05),	911	
347	(3.78276e-05),	3258	
349	(3.80456e-05),	673	
350	(3.81546e-05),	2766	
350	(3.81546e-05),	2861	
352	(3.83726e-05),	3128	
355	(3.86997e-05),	1932	
356	(3.88087e-05),	2181	
357	(3.89177e-05),	165	
357	(3.89177e-05),	1529	
358	(3.90267e-05),	1603	
359	(3.91357e-05),	994	
360	(3.92447e-05),	1385	
361	(3.93538e-05),	1378	
361	(3.93538e-05),	3263	
362	(3.94628e-05),	458	
362	(3.94628e-05),	1736	
364	(3.96808e-05),	867	
364	(3.96808e-05),	1204	
365	(3.97898e-05),	1427	
366	(3.98988e-05),	7	
370	(4.03349e-05),	1808	
373	(4.06619e-05),	912	
378	(4.1207e-05),	453	
380	(4.1425e-05),	3099	
383	(4.1752e-05),	1765	
384	(4.18611e-05),	198	
386	(4.20791e-05),	1654	
387	(4.21881e-05),	1471	
388	(4.22971e-05),	26	
389	(4.24061e-05),	173	
389	(4.24061e-05),	368	
389	(4.24061e-05),	668	
389	(4.24061e-05),	2884	
392	(4.27332e-05),	1324	
392	(4.27332e-05),	1525	
395	(4.30602e-05),	1559	
395	(4.30602e-05),	2507	
396	(4.31692e-05),	1850	
398	(4.33872e-05),	1613	
398	(4.33872e-05),	2110	
399	(4.34963e-05),	1279	
399	(4.34963e-05),	2490	
401	(4.37143e-05),	2556	
402	(4.38233e-05),	3142	
405	(4.41503e-05),	131	
405	(4.41503e-05),	808	
407	(4.43684e-05),	16	
407	(4.43684e-05),	802	
407	(4.43684e-05),	823	
408	(4.44774e-05),	139	
412	(4.49134e-05),	2772	
412	(4.49134e-05),	2823	
412	(4.49134e-05),	3306	
413	(4.50224e-05),	46	
415	(4.52405e-05),	2595	
417	(4.54585e-05),	814	
417	(4.54585e-05),	1018	
417	(4.54585e-05),	1253	
418	(4.55675e-05),	2825	
422	(4.60036e-05),	606	
424	(4.62216e-05),	345	
424	(4.62216e-05),	840	
424	(4.62216e-05),	1599	
424	(4.62216e-05),	2777	
425	(4.63306e-05),	129	
425	(4.63306e-05),	1688	
426	(4.64396e-05),	1275	
428	(4.66576e-05),	185	
429	(4.67667e-05),	1417	
430	(4.68757e-05),	2461	
432	(4.70937e-05),	2160	
437	(4.76388e-05),	2149	
438	(4.77478e-05),	901	
438	(4.77478e-05),	1113	
438	(4.77478e-05),	1984	
438	(4.77478e-05),	2546	
439	(4.78568e-05),	1241	
440	(4.79658e-05),	3174	
441	(4.80748e-05),	2209	
441	(4.80748e-05),	3102	
442	(4.81838e-05),	892	
443	(4.82928e-05),	99	
443	(4.82928e-05),	1086	
446	(4.86199e-05),	101	
446	(4.86199e-05),	3279	
447	(4.87289e-05),	1963	
447	(4.87289e-05),	2268	
447	(4.87289e-05),	2500	
448	(4.88379e-05),	590	
448	(4.88379e-05),	1661	
450	(4.90559e-05),	180	
450	(4.90559e-05),	1231	
453	(4.9383e-05),	2420	
455	(4.9601e-05),	2889	
458	(4.9928e-05),	481	
458	(4.9928e-05),	2670	
460	(5.01461e-05),	427	
460	(5.01461e-05),	1594	
461	(5.02551e-05),	1349	
461	(5.02551e-05),	2483	
461	(5.02551e-05),	3101	
462	(5.03641e-05),	522	
463	(5.04731e-05),	1747	
464	(5.05821e-05),	253	
464	(5.05821e-05),	987	
464	(5.05821e-05),	2981	
465	(5.06911e-05),	2958	
466	(5.08001e-05),	390	
466	(5.08001e-05),	2607	
467	(5.09092e-05),	2048	
467	(5.09092e-05),	2221	
468	(5.10182e-05),	569	
468	(5.10182e-05),	1257	
468	(5.10182e-05),	2451	
469	(5.11272e-05),	2353	
471	(5.13452e-05),	1439	
471	(5.13452e-05),	1797	
472	(5.14542e-05),	1564	
474	(5.16722e-05),	1974	
475	(5.17813e-05),	2285	
476	(5.18903e-05),	605	
477	(5.19993e-05),	1868	
479	(5.22173e-05),	2493	
480	(5.23263e-05),	1541	
480	(5.23263e-05),	2186	
484	(5.27624e-05),	23	
484	(5.27624e-05),	3193	
484	(5.27624e-05),	3205	
485	(5.28714e-05),	2727	
486	(5.29804e-05),	1964	
487	(5.30894e-05),	1630	
488	(5.31984e-05),	1	
488	(5.31984e-05),	156	
489	(5.33074e-05),	3248	
490	(5.34165e-05),	88	
490	(5.34165e-05),	1229	
490	(5.34165e-05),	1386	
491	(5.35255e-05),	2557	
492	(5.36345e-05),	1307	
492	(5.36345e-05),	1489	
492	(5.36345e-05),	2659	
493	(5.37435e-05),	1193	
495	(5.39615e-05),	2056	
496	(5.40705e-05),	2148	
497	(5.41795e-05),	116	
497	(5.41795e-05),	2191	
500	(5.45066e-05),	2272	
500	(5.45066e-05),	3304	
501	(5.46156e-05),	513	
501	(5.46156e-05),	2397	
502	(5.47246e-05),	122	
502	(5.47246e-05),	124	
504	(5.49426e-05),	1063	
504	(5.49426e-05),	1660	
505	(5.50517e-05),	3060	
506	(5.51607e-05),	43	
506	(5.51607e-05),	2970	
507	(5.52697e-05),	326	
508	(5.53787e-05),	3086	
509	(5.54877e-05),	1910	
509	(5.54877e-05),	2298	
510	(5.55967e-05),	475	
510	(5.55967e-05),	938	
510	(5.55967e-05),	3048	
511	(5.57057e-05),	2166	
512	(5.58147e-05),	1306	
513	(5.59238e-05),	695	
514	(5.60328e-05),	2107	
515	(5.61418e-05),	1844	
516	(5.62508e-05),	1331	
516	(5.62508e-05),	3076	
517	(5.63598e-05),	1935	
518	(5.64688e-05),	518	
519	(5.65778e-05),	1291	
519	(5.65778e-05),	2693	
519	(5.65778e-05),	2992	
521	(5.67959e-05),	1265	
523	(5.70139e-05),	547	
523	(5.70139e-05),	764	
523	(5.70139e-05),	1106	
526	(5.73409e-05),	2833	
526	(5.73409e-05),	3039	
529	(5.7668e-05),	1057	
531	(5.7886e-05),	460	
531	(5.7886e-05),	596	
531	(5.7886e-05),	1609	
531	(5.7886e-05),	3180	
532	(5.7995e-05),	206	
532	(5.7995e-05),	834	
533	(5.8104e-05),	2102	
535	(5.8322e-05),	986	
537	(5.85401e-05),	1296	
537	(5.85401e-05),	2216	
537	(5.85401e-05),	3220	
538	(5.86491e-05),	872	
539	(5.87581e-05),	2709	
540	(5.88671e-05),	3275	
542	(5.90851e-05),	508	
543	(5.91942e-05),	2377	
544	(5.93032e-05),	726	
544	(5.93032e-05),	2217	
545	(5.94122e-05),	2068	
547	(5.96302e-05),	238	
547	(5.96302e-05),	1968	
547	(5.96302e-05),	2115	
547	(5.96302e-05),	3147	
548	(5.97392e-05),	389	
548	(5.97392e-05),	2192	
548	(5.97392e-05),	2983	
549	(5.98482e-05),	1845	
550	(5.99572e-05),	603	
552	(6.01753e-05),	2601	
554	(6.03933e-05),	2996	
556	(6.06113e-05),	1308	
557	(6.07203e-05),	2931	
558	(6.08294e-05),	706	
558	(6.08294e-05),	2656	
560	(6.10474e-05),	1251	
561	(6.11564e-05),	857	
562	(6.12654e-05),	15	
564	(6.14834e-05),	1625	
567	(6.18105e-05),	2545	
568	(6.19195e-05),	386	
568	(6.19195e-05),	1670	
569	(6.20285e-05),	731	
569	(6.20285e-05),	816	
570	(6.21375e-05),	3170	
572	(6.23555e-05),	2236	
573	(6.24646e-05),	2869	
574	(6.25736e-05),	309	
574	(6.25736e-05),	2357	
575	(6.26826e-05),	490	
576	(6.27916e-05),	2806	
577	(6.29006e-05),	143	
577	(6.29006e-05),	3114	
578	(6.30096e-05),	1977	
579	(6.31186e-05),	1255	
579	(6.31186e-05),	1761	
580	(6.32276e-05),	902	
581	(6.33367e-05),	890	
582	(6.34457e-05),	31	
583	(6.35547e-05),	1054	
583	(6.35547e-05),	2323	
584	(6.36637e-05),	1220	
584	(6.36637e-05),	2214	
584	(6.36637e-05),	2650	
584	(6.36637e-05),	3108	
588	(6.40997e-05),	1020	
588	(6.40997e-05),	3061	
589	(6.42088e-05),	1927	
590	(6.43178e-05),	1824	
594	(6.47538e-05),	1673	
594	(6.47538e-05),	3254	
596	(6.49719e-05),	1088	
597	(6.50809e-05),	527	
598	(6.51899e-05),	1443	
600	(6.54079e-05),	186	
602	(6.56259e-05),	1816	
602	(6.56259e-05),	2040	
602	(6.56259e-05),	2661	
603	(6.57349e-05),	1332	
603	(6.57349e-05),	1664	
605	(6.5953e-05),	2901	
606	(6.6062e-05),	765	
606	(6.6062e-05),	1158	
607	(6.6171e-05),	2734	
609	(6.6389e-05),	2956	
610	(6.6498e-05),	57	
610	(6.6498e-05),	1982	
610	(6.6498e-05),	2099	
611	(6.66071e-05),	981	
611	(6.66071e-05),	1671	
611	(6.66071e-05),	2019	
611	(6.66071e-05),	2592	
612	(6.67161e-05),	2510	
613	(6.68251e-05),	1938	
614	(6.69341e-05),	78	
614	(6.69341e-05),	2927	
615	(6.70431e-05),	1333	
615	(6.70431e-05),	1979	
617	(6.72611e-05),	491	
617	(6.72611e-05),	2311	
620	(6.75882e-05),	330	
620	(6.75882e-05),	1346	
621	(6.76972e-05),	1322	
621	(6.76972e-05),	2114	
621	(6.76972e-05),	2318	
621	(6.76972e-05),	2864	
622	(6.78062e-05),	1032	
623	(6.79152e-05),	3045	
624	(6.80242e-05),	824	
624	(6.80242e-05),	1906	
624	(6.80242e-05),	2885	
624	(6.80242e-05),	3146	
625	(6.81332e-05),	14	
625	(6.81332e-05),	1297	
625	(6.81332e-05),	2125	
626	(6.82422e-05),	2750	
628	(6.84603e-05),	136	
628	(6.84603e-05),	1301	
628	(6.84603e-05),	1822	
628	(6.84603e-05),	3035	
630	(6.86783e-05),	748	
631	(6.87873e-05),	137	
631	(6.87873e-05),	2111	
633	(6.90053e-05),	1288	
633	(6.90053e-05),	2109	
636	(6.93324e-05),	1454	
637	(6.94414e-05),	2363	
637	(6.94414e-05),	3198	
638	(6.95504e-05),	2066	
638	(6.95504e-05),	2746	
639	(6.96594e-05),	723	
639	(6.96594e-05),	2740	
640	(6.97684e-05),	2538	
640	(6.97684e-05),	3072	
641	(6.98774e-05),	1922	
642	(6.99865e-05),	1698	
642	(6.99865e-05),	3286	
643	(7.00955e-05),	2241	
643	(7.00955e-05),	2587	
644	(7.02045e-05),	3157	
645	(7.03135e-05),	944	
645	(7.03135e-05),	3119	
646	(7.04225e-05),	2665	
646	(7.04225e-05),	3133	
647	(7.05315e-05),	947	
647	(7.05315e-05),	1101	
647	(7.05315e-05),	1889	
648	(7.06405e-05),	37	
648	(7.06405e-05),	1314	
649	(7.07496e-05),	77	
650	(7.08586e-05),	114	
651	(7.09676e-05),	3191	
652	(7.10766e-05),	444	
652	(7.10766e-05),	835	
652	(7.10766e-05),	1463	
652	(7.10766e-05),	3051	
654	(7.12946e-05),	1923	
655	(7.14036e-05),	1842	
656	(7.15126e-05),	1356	
661	(7.20577e-05),	1595	
662	(7.21667e-05),	1493	
662	(7.21667e-05),	1872	
662	(7.21667e-05),	2053	
663	(7.22757e-05),	2247	
663	(7.22757e-05),	2390	
664	(7.23847e-05),	1289	
664	(7.23847e-05),	1986	
665	(7.24938e-05),	1675	
666	(7.26028e-05),	630	
666	(7.26028e-05),	1103	
667	(7.27118e-05),	1741	
668	(7.28208e-05),	1049	
669	(7.29298e-05),	1008	
670	(7.30388e-05),	3302	
671	(7.31478e-05),	2760	
672	(7.32569e-05),	90	
673	(7.33659e-05),	100	
674	(7.34749e-05),	1195	
674	(7.34749e-05),	1832	
674	(7.34749e-05),	2654	
675	(7.35839e-05),	1676	
677	(7.38019e-05),	1521	
677	(7.38019e-05),	2362	
677	(7.38019e-05),	2436	
677	(7.38019e-05),	3200	
678	(7.39109e-05),	1406	
680	(7.4129e-05),	1924	
680	(7.4129e-05),	3273	
681	(7.4238e-05),	2677	
681	(7.4238e-05),	3269	
682	(7.4347e-05),	2101	
682	(7.4347e-05),	2890	
683	(7.4456e-05),	3104	
684	(7.4565e-05),	331	
685	(7.4674e-05),	1409	
685	(7.4674e-05),	2448	
685	(7.4674e-05),	3194	
686	(7.4783e-05),	2007	
687	(7.48921e-05),	769	
688	(7.50011e-05),	284	
688	(7.50011e-05),	1420	
688	(7.50011e-05),	1487	
690	(7.52191e-05),	552	
690	(7.52191e-05),	1833	
690	(7.52191e-05),	2716	
691	(7.53281e-05),	174	
691	(7.53281e-05),	306	
691	(7.53281e-05),	1836	
693	(7.55461e-05),	2675	
694	(7.56551e-05),	2936	
695	(7.57642e-05),	302	
696	(7.58732e-05),	1178	
696	(7.58732e-05),	1782	
697	(7.59822e-05),	956	
698	(7.60912e-05),	2320	
699	(7.62002e-05),	3298	
700	(7.63092e-05),	1438	
700	(7.63092e-05),	2586	
701	(7.64182e-05),	1448	
701	(7.64182e-05),	2174	
701	(7.64182e-05),	2696	
701	(7.64182e-05),	2985	
702	(7.65273e-05),	1153	
702	(7.65273e-05),	1181	
702	(7.65273e-05),	2381	
702	(7.65273e-05),	2701	
703	(7.66363e-05),	214	
703	(7.66363e-05),	1853	
703	(7.66363e-05),	2130	
705	(7.68543e-05),	662	
705	(7.68543e-05),	1415	
706	(7.69633e-05),	494	
707	(7.70723e-05),	145	
707	(7.70723e-05),	290	
707	(7.70723e-05),	913	
707	(7.70723e-05),	2104	
707	(7.70723e-05),	2541	
711	(7.75084e-05),	1509	
711	(7.75084e-05),	2719	
713	(7.77264e-05),	18	
714	(7.78354e-05),	915	
714	(7.78354e-05),	1940	
714	(7.78354e-05),	1966	
714	(7.78354e-05),	2502	
714	(7.78354e-05),	3282	
717	(7.81624e-05),	1768	
717	(7.81624e-05),	2354	
718	(7.82715e-05),	184	
718	(7.82715e-05),	532	
720	(7.84895e-05),	1683	
720	(7.84895e-05),	2031	
721	(7.85985e-05),	22	
721	(7.85985e-05),	621	
721	(7.85985e-05),	868	
721	(7.85985e-05),	1111	
721	(7.85985e-05),	3152	
722	(7.87075e-05),	1399	
722	(7.87075e-05),	2848	
723	(7.88165e-05),	1107	
723	(7.88165e-05),	2094	
724	(7.89255e-05),	437	
724	(7.89255e-05),	1539	
725	(7.90346e-05),	404	
725	(7.90346e-05),	1159	
725	(7.90346e-05),	2838	
726	(7.91436e-05),	2016	
726	(7.91436e-05),	2264	
727	(7.92526e-05),	1530	
727	(7.92526e-05),	2521	
728	(7.93616e-05),	1179	
729	(7.94706e-05),	1092	
729	(7.94706e-05),	1260	
730	(7.95796e-05),	2671	
731	(7.96886e-05),	64	
732	(7.97976e-05),	1825	
732	(7.97976e-05),	2926	
733	(7.99067e-05),	2809	
733	(7.99067e-05),	2921	
734	(8.00157e-05),	396	
734	(8.00157e-05),	1486	
734	(8.00157e-05),	2248	
735	(8.01247e-05),	1259	
736	(8.02337e-05),	190	
736	(8.02337e-05),	1931	
737	(8.03427e-05),	825	
737	(8.03427e-05),	1997	
737	(8.03427e-05),	2540	
738	(8.04517e-05),	1458	
738	(8.04517e-05),	2081	
738	(8.04517e-05),	2852	
740	(8.06698e-05),	664	
740	(8.06698e-05),	679	
741	(8.07788e-05),	2962	
744	(8.11058e-05),	2284	
745	(8.12148e-05),	1855	
745	(8.12148e-05),	2089	
746	(8.13238e-05),	2071	
747	(8.14328e-05),	1249	
748	(8.15419e-05),	1533	
750	(8.17599e-05),	2467	
756	(8.2414e-05),	1309	
756	(8.2414e-05),	3296	
757	(8.2523e-05),	265	
757	(8.2523e-05),	1062	
757	(8.2523e-05),	3162	
758	(8.2632e-05),	473	
758	(8.2632e-05),	585	
758	(8.2632e-05),	3050	
759	(8.2741e-05),	1949	
760	(8.285e-05),	505	
760	(8.285e-05),	778	
760	(8.285e-05),	796	
761	(8.2959e-05),	1805	
761	(8.2959e-05),	1917	
761	(8.2959e-05),	2763	
761	(8.2959e-05),	2888	
762	(8.3068e-05),	1549	
762	(8.3068e-05),	1879	
762	(8.3068e-05),	2682	
764	(8.32861e-05),	130	
764	(8.32861e-05),	3199	
766	(8.35041e-05),	2203	
767	(8.36131e-05),	945	
767	(8.36131e-05),	1186	
767	(8.36131e-05),	2126	
768	(8.37221e-05),	1188	
768	(8.37221e-05),	3204	
769	(8.38311e-05),	2718	
770	(8.39401e-05),	954	
772	(8.41582e-05),	1147	
772	(8.41582e-05),	2277	
773	(8.42672e-05),	2832	
774	(8.43762e-05),	241	
774	(8.43762e-05),	1508	
774	(8.43762e-05),	1527	
775	(8.44852e-05),	1537	
777	(8.47032e-05),	2405	
779	(8.49213e-05),	3290	
780	(8.50303e-05),	624	
781	(8.51393e-05),	5	
781	(8.51393e-05),	375	
781	(8.51393e-05),	1118	
781	(8.51393e-05),	1901	
781	(8.51393e-05),	2944	
782	(8.52483e-05),	478	
784	(8.54663e-05),	2152	
785	(8.55753e-05),	2769	
786	(8.56844e-05),	771	
787	(8.57934e-05),	946	
787	(8.57934e-05),	1230	
787	(8.57934e-05),	1691	
787	(8.57934e-05),	2185	
787	(8.57934e-05),	2854	
787	(8.57934e-05),	2974	
787	(8.57934e-05),	3131	
789	(8.60114e-05),	1364	
789	(8.60114e-05),	1465	
790	(8.61204e-05),	850	
790	(8.61204e-05),	1264	
792	(8.63384e-05),	1027	
792	(8.63384e-05),	3055	
793	(8.64474e-05),	1680	
794	(8.65565e-05),	581	
794	(8.65565e-05),	1710	
796	(8.67745e-05),	346	
796	(8.67745e-05),	654	
796	(8.67745e-05),	724	
796	(8.67745e-05),	740	
796	(8.67745e-05),	1026	
797	(8.68835e-05),	472	
798	(8.69925e-05),	1321	
799	(8.71015e-05),	1480	
800	(8.72105e-05),	153	
802	(8.74286e-05),	1705	
802	(8.74286e-05),	2401	
804	(8.76466e-05),	3182	
805	(8.77556e-05),	2199	
805	(8.77556e-05),	3183	
807	(8.79736e-05),	223	
807	(8.79736e-05),	2439	
810	(8.83007e-05),	1817	
810	(8.83007e-05),	2123	
812	(8.85187e-05),	170	
813	(8.86277e-05),	1048	
813	(8.86277e-05),	3069	
813	(8.86277e-05),	3100	
814	(8.87367e-05),	1344	
814	(8.87367e-05),	3001	
815	(8.88457e-05),	367	
815	(8.88457e-05),	1124	
815	(8.88457e-05),	1437	
816	(8.89548e-05),	2810	
817	(8.90638e-05),	341	
817	(8.90638e-05),	2844	
818	(8.91728e-05),	1826	
819	(8.92818e-05),	2522	
820	(8.93908e-05),	1792	
821	(8.94998e-05),	703	
821	(8.94998e-05),	1250	
822	(8.96088e-05),	511	
823	(8.97178e-05),	105	
823	(8.97178e-05),	3111	
826	(9.00449e-05),	2251	
826	(9.00449e-05),	3153	
827	(9.01539e-05),	1978	
829	(9.03719e-05),	877	
830	(9.04809e-05),	1929	
830	(9.04809e-05),	2014	
832	(9.0699e-05),	533	
833	(9.0808e-05),	613	
833	(9.0808e-05),	1942	
833	(9.0808e-05),	3160	
834	(9.0917e-05),	557	
834	(9.0917e-05),	1446	
836	(9.1135e-05),	1461	
836	(9.1135e-05),	1783	
836	(9.1135e-05),	2232	
836	(9.1135e-05),	2477	
837	(9.1244e-05),	42	
837	(9.1244e-05),	74	
838	(9.1353e-05),	1650	
838	(9.1353e-05),	1835	
839	(9.14621e-05),	1831	
840	(9.15711e-05),	470	
841	(9.16801e-05),	1042	
841	(9.16801e-05),	2620	
842	(9.17891e-05),	295	
842	(9.17891e-05),	626	
842	(9.17891e-05),	1776	
844	(9.20071e-05),	260	
844	(9.20071e-05),	1546	
844	(9.20071e-05),	1624	
845	(9.21161e-05),	1750	
847	(9.23342e-05),	1582	
848	(9.24432e-05),	1477	
848	(9.24432e-05),	2060	
849	(9.25522e-05),	1407	
849	(9.25522e-05),	2776	
850	(9.26612e-05),	102	
850	(9.26612e-05),	989	
852	(9.28792e-05),	638	
852	(9.28792e-05),	1033	
853	(9.29882e-05),	1482	
853	(9.29882e-05),	2597	
853	(9.29882e-05),	2805	
854	(9.30973e-05),	1078	
856	(9.33153e-05),	646	
857	(9.34243e-05),	773	
857	(9.34243e-05),	1021	
860	(9.37513e-05),	888	
860	(9.37513e-05),	1655	
860	(9.37513e-05),	2423	
863	(9.40784e-05),	419	
863	(9.40784e-05),	1280	
864	(9.41874e-05),	645	
864	(9.41874e-05),	1770	
864	(9.41874e-05),	1799	
864	(9.41874e-05),	3171	
865	(9.42964e-05),	2788	
866	(9.44054e-05),	1019	
867	(9.45144e-05),	1004	
867	(9.45144e-05),	1956	
869	(9.47325e-05),	1754	
872	(9.50595e-05),	2784	
873	(9.51685e-05),	430	
874	(9.52775e-05),	2176	
874	(9.52775e-05),	2406	
877	(9.56046e-05),	2728	
878	(9.57136e-05),	269	
878	(9.57136e-05),	2955	
882	(9.61496e-05),	1162	
883	(9.62586e-05),	568	
883	(9.62586e-05),	2211	
883	(9.62586e-05),	2253	
884	(9.63676e-05),	228	
884	(9.63676e-05),	1732	
885	(9.64767e-05),	66	
885	(9.64767e-05),	2428	
885	(9.64767e-05),	2503	
886	(9.65857e-05),	27	
886	(9.65857e-05),	1116	
887	(9.66947e-05),	2715	
888	(9.68037e-05),	687	
888	(9.68037e-05),	1998	
890	(9.70217e-05),	1504	
890	(9.70217e-05),	1708	
890	(9.70217e-05),	1752	
891	(9.71307e-05),	1135	
891	(9.71307e-05),	2835	
892	(9.72398e-05),	1206	
893	(9.73488e-05),	651	
894	(9.74578e-05),	1619	
895	(9.75668e-05),	3052	
897	(9.77848e-05),	524	
897	(9.77848e-05),	2512	
901	(9.82209e-05),	1542	
901	(9.82209e-05),	3089	
902	(9.83299e-05),	3212	
903	(9.84389e-05),	2814	
904	(9.85479e-05),	612	
905	(9.86569e-05),	2724	
905	(9.86569e-05),	3158	
907	(9.8875e-05),	142	
907	(9.8875e-05),	500	
907	(9.8875e-05),	883	
909	(9.9093e-05),	3046	
909	(9.9093e-05),	3228	
910	(9.9202e-05),	353	
910	(9.9202e-05),	576	
911	(9.9311e-05),	2346	
912	(9.942e-05),	643	
912	(9.942e-05),	2061	
913	(9.9529e-05),	3090	
915	(9.97471e-05),	1915	
916	(9.98561e-05),	232	
917	(9.99651e-05),	817	
920	(0.000100292),	3230	
921	(0.000100401),	2537	
922	(0.00010051),	264	
922	(0.00010051),	1210	
923	(0.000100619),	1544	
923	(0.000100619),	2219	
924	(0.000100728),	1499	
926	(0.000100946),	373	
926	(0.000100946),	2767	
927	(0.000101055),	926	
927	(0.000101055),	1133	
927	(0.000101055),	3244	
928	(0.000101164),	601	
928	(0.000101164),	847	
928	(0.000101164),	1139	
930	(0.000101382),	2124	
931	(0.000101491),	401	
932	(0.0001016),	1502	
932	(0.0001016),	2666	
932	(0.0001016),	3139	
933	(0.000101709),	2456	
933	(0.000101709),	3238	
934	(0.000101818),	1843	
934	(0.000101818),	2188	
935	(0.000101927),	178	
935	(0.000101927),	371	
935	(0.000101927),	3283	
936	(0.000102036),	571	
938	(0.000102254),	830	
938	(0.000102254),	2100	
940	(0.000102472),	623	
940	(0.000102472),	2025	
940	(0.000102472),	2087	
941	(0.000102581),	479	
941	(0.000102581),	820	
941	(0.000102581),	3241	
942	(0.00010269),	358	
942	(0.00010269),	770	
943	(0.000102799),	2853	
945	(0.000103017),	1557	
945	(0.000103017),	1706	
945	(0.000103017),	2518	
945	(0.000103017),	3145	
947	(0.000103235),	1755	
947	(0.000103235),	2712	
948	(0.000103344),	874	
949	(0.000103454),	1788	
949	(0.000103454),	1884	
950	(0.000103563),	2270	
951	(0.000103672),	1898	
951	(0.000103672),	3042	
951	(0.000103672),	3109	
952	(0.000103781),	2195	
953	(0.00010389),	257	
954	(0.000103999),	2968	
955	(0.000104108),	854	
956	(0.000104217),	1552	
957	(0.000104326),	1637	
957	(0.000104326),	3036	
958	(0.000104435),	270	
958	(0.000104435),	1697	
960	(0.000104653),	1002	
960	(0.000104653),	1025	
960	(0.000104653),	1126	
960	(0.000104653),	1702	
961	(0.000104762),	63	
961	(0.000104762),	691	
961	(0.000104762),	1066	
963	(0.00010498),	2590	
963	(0.00010498),	2736	
964	(0.000105089),	2939	
964	(0.000105089),	3009	
965	(0.000105198),	2399	
965	(0.000105198),	2679	
966	(0.000105307),	1954	
966	(0.000105307),	2146	
966	(0.000105307),	2723	
967	(0.000105416),	1165	
967	(0.000105416),	1467	
968	(0.000105525),	2544	
968	(0.000105525),	2673	
968	(0.000105525),	2859	
969	(0.000105634),	215	
969	(0.000105634),	1457	
969	(0.000105634),	1999	
970	(0.000105743),	1115	
970	(0.000105743),	2583	
970	(0.000105743),	2855	
972	(0.000105961),	1841	
974	(0.000106179),	55	
974	(0.000106179),	2301	
975	(0.000106288),	2741	
977	(0.000106506),	704	
977	(0.000106506),	871	
977	(0.000106506),	1919	
980	(0.000106833),	732	
980	(0.000106833),	1104	
980	(0.000106833),	3250	
982	(0.000107051),	1469	
982	(0.000107051),	1766	
982	(0.000107051),	3059	
983	(0.00010716),	347	
983	(0.00010716),	1535	
984	(0.000107269),	3161	
985	(0.000107378),	415	
985	(0.000107378),	1276	
985	(0.000107378),	3278	
986	(0.000107487),	1127	
986	(0.000107487),	2355	
987	(0.000107596),	893	
988	(0.000107705),	1142	
988	(0.000107705),	2815	
989	(0.000107814),	2289	
989	(0.000107814),	2813	
989	(0.000107814),	3014	
990	(0.000107923),	2492	
990	(0.000107923),	2774	
990	(0.000107923),	2787	
990	(0.000107923),	3019	
991	(0.000108032),	379	
991	(0.000108032),	2924	
991	(0.000108032),	3288	
992	(0.000108141),	982	
992	(0.000108141),	2162	
993	(0.00010825),	2002	
995	(0.000108468),	1883	
997	(0.000108686),	1717	
997	(0.000108686),	1981	
998	(0.000108795),	32	
998	(0.000108795),	1403	
999	(0.000108904),	1011	
1000	(0.000109013),	1876	
1000	(0.000109013),	2649	
1001	(0.000109122),	2058	
1003	(0.00010934),	2021	
1005	(0.000109558),	965	
1005	(0.000109558),	1703	
1006	(0.000109667),	1141	
1007	(0.000109776),	243	
1007	(0.000109776),	1877	
1008	(0.000109885),	1435	
1008	(0.000109885),	2230	
1009	(0.000109994),	604	
1009	(0.000109994),	2494	
1010	(0.000110103),	937	
1010	(0.000110103),	1849	
1010	(0.000110103),	1948	
1011	(0.000110212),	1528	
1012	(0.000110321),	323	
1012	(0.000110321),	1213	
1013	(0.00011043),	414	
1013	(0.00011043),	1596	
1014	(0.000110539),	1796	
1016	(0.000110757),	360	
1016	(0.000110757),	2317	
1018	(0.000110975),	813	
1019	(0.000111084),	2292	
1021	(0.000111302),	3127	
1022	(0.000111411),	629	
1022	(0.000111411),	1219	
1022	(0.000111411),	1298	
1022	(0.000111411),	2112	
1022	(0.000111411),	2172	
1023	(0.00011152),	1632	
1023	(0.00011152),	2218	
1024	(0.000111629),	1946	
1024	(0.000111629),	2119	
1024	(0.000111629),	2505	
1025	(0.000111739),	849	
1026	(0.000111848),	2834	
1027	(0.000111957),	1187	
1030	(0.000112284),	1980	
1032	(0.000112502),	1398	
1032	(0.000112502),	1677	
1032	(0.000112502),	1700	
1032	(0.000112502),	2457	
1034	(0.00011272),	65	
1034	(0.00011272),	2013	
1034	(0.00011272),	2498	
1037	(0.000113047),	457	
1037	(0.000113047),	1169	
1038	(0.000113156),	1834	
1039	(0.000113265),	1731	
1040	(0.000113374),	594	
1040	(0.000113374),	1036	
1040	(0.000113374),	1730	
1040	(0.000113374),	2330	
1041	(0.000113483),	1393	
1041	(0.000113483),	1777	
1045	(0.000113919),	425	
1045	(0.000113919),	1395	
1045	(0.000113919),	3196	
1045	(0.000113919),	3206	
1047	(0.000114137),	794	
1048	(0.000114246),	512	
1048	(0.000114246),	1531	
1049	(0.000114355),	1343	
1052	(0.000114682),	698	
1053	(0.000114791),	2849	
1054	(0.0001149),	1568	
1056	(0.000115118),	567	
1056	(0.000115118),	754	
1056	(0.000115118),	2432	
1057	(0.000115227),	311	
1057	(0.000115227),	1302	
1058	(0.000115336),	445	
1058	(0.000115336),	2063	
1058	(0.000115336),	2116	
1059	(0.000115445),	93	
1059	(0.000115445),	160	
1059	(0.000115445),	291	
1059	(0.000115445),	916	
1059	(0.000115445),	2034	
1060	(0.000115554),	3025	
1061	(0.000115663),	1232	
1061	(0.000115663),	3132	
1062	(0.000115772),	1228	
1062	(0.000115772),	1470	
1062	(0.000115772),	2256	
1062	(0.000115772),	2553	
1063	(0.000115881),	531	
1063	(0.000115881),	2883	
1064	(0.00011599),	1073	
1065	(0.000116099),	712	
1065	(0.000116099),	2895	
1066	(0.000116208),	2445	
1066	(0.000116208),	2692	
1068	(0.000116426),	1422	
1070	(0.000116644),	67	
1070	(0.000116644),	446	
1071	(0.000116753),	254	
1071	(0.000116753),	471	
1072	(0.000116862),	634	
1073	(0.000116971),	788	
1073	(0.000116971),	2687	
1074	(0.00011708),	2850	
1075	(0.000117189),	1645	
1076	(0.000117298),	204	
1076	(0.000117298),	2893	
1077	(0.000117407),	1473	
1077	(0.000117407),	1859	
1078	(0.000117516),	1342	
1079	(0.000117625),	736	
1079	(0.000117625),	775	
1079	(0.000117625),	2764	
1079	(0.000117625),	3079	
1080	(0.000117734),	233	
1082	(0.000117952),	1085	
1082	(0.000117952),	2453	
1083	(0.000118061),	467	
1083	(0.000118061),	720	
1083	(0.000118061),	1751	
1084	(0.00011817),	1328	
1084	(0.00011817),	1368	
1084	(0.00011817),	2886	
1086	(0.000118388),	3285	
1087	(0.000118497),	1221	
1087	(0.000118497),	1377	
1087	(0.000118497),	1565	
1088	(0.000118606),	3234	
1089	(0.000118715),	784	
1089	(0.000118715),	1222	
1089	(0.000118715),	2340	
1090	(0.000118824),	111	
1090	(0.000118824),	1005	
1090	(0.000118824),	2548	
1090	(0.000118824),	3256	
1092	(0.000119042),	1759	
1093	(0.000119151),	541	
1093	(0.000119151),	1490	
1094	(0.00011926),	315	
1094	(0.00011926),	2462	
1097	(0.000119587),	1313	
1097	(0.000119587),	3169	
1099	(0.000119805),	332	
1099	(0.000119805),	2549	
1100	(0.000119914),	1316	
1102	(0.000120133),	433	
1102	(0.000120133),	1105	
1102	(0.000120133),	1491	
1102	(0.000120133),	1575	
1103	(0.000120242),	434	
1105	(0.00012046),	666	
1105	(0.00012046),	841	
1105	(0.00012046),	1679	
1106	(0.000120569),	1010	
1107	(0.000120678),	464	
1107	(0.000120678),	1325	
1107	(0.000120678),	1897	
1107	(0.000120678),	2779	
1108	(0.000120787),	2015	
1108	(0.000120787),	2817	
1110	(0.000121005),	2360	
1111	(0.000121114),	2400	
1111	(0.000121114),	2519	
1112	(0.000121223),	2175	
1114	(0.000121441),	2164	
1116	(0.000121659),	763	
1116	(0.000121659),	1629	
1117	(0.000121768),	395	
1120	(0.000122095),	1726	
1121	(0.000122204),	2947	
1121	(0.000122204),	2957	
1123	(0.000122422),	405	
1123	(0.000122422),	2652	
1126	(0.000122749),	882	
1126	(0.000122749),	1916	
1126	(0.000122749),	2096	
1126	(0.000122749),	2907	
1127	(0.000122858),	288	
1127	(0.000122858),	1263	
1128	(0.000122967),	2189	
1129	(0.000123076),	884	
1129	(0.000123076),	1354	
1129	(0.000123076),	1370	
1130	(0.000123185),	2258	
1133	(0.000123512),	138	
1133	(0.000123512),	1466	
1133	(0.000123512),	1507	
1134	(0.000123621),	2846	
1136	(0.000123839),	1003	
1137	(0.000123948),	1714	
1137	(0.000123948),	1933	
1140	(0.000124275),	1523	
1141	(0.000124384),	1410	
1141	(0.000124384),	2049	
1142	(0.000124493),	3016	
1143	(0.000124602),	1612	
1143	(0.000124602),	2982	
1144	(0.000124711),	1649	
1144	(0.000124711),	2150	
1145	(0.00012482),	1060	
1145	(0.00012482),	2302	
1146	(0.000124929),	442	
1146	(0.000124929),	803	
1146	(0.000124929),	2158	
1146	(0.000124929),	3013	
1147	(0.000125038),	319	
1148	(0.000125147),	2965	
1148	(0.000125147),	3007	
1148	(0.000125147),	3018	
1149	(0.000125256),	1764	
1150	(0.000125365),	485	
1150	(0.000125365),	2561	
1151	(0.000125474),	2786	
1153	(0.000125692),	149	
1153	(0.000125692),	930	
1153	(0.000125692),	2798	
1154	(0.000125801),	819	
1155	(0.00012591),	677	
1156	(0.000126019),	1117	
1158	(0.000126237),	72	
1158	(0.000126237),	648	
1158	(0.000126237),	1240	
1158	(0.000126237),	1852	
1158	(0.000126237),	1918	
1159	(0.000126346),	1319	
1160	(0.000126455),	463	
1162	(0.000126673),	1950	
1163	(0.000126782),	1494	
1164	(0.000126891),	125	
1165	(0.000127),	313	
1165	(0.000127),	3138	
1170	(0.000127545),	416	
1171	(0.000127654),	2222	
1173	(0.000127872),	1182	
1177	(0.000128309),	932	
1178	(0.000128418),	2989	
1179	(0.000128527),	8	
1179	(0.000128527),	1150	
1180	(0.000128636),	2012	
1181	(0.000128745),	1616	
1181	(0.000128745),	1656	
1181	(0.000128745),	2229	
1181	(0.000128745),	2327	
1182	(0.000128854),	387	
1182	(0.000128854),	2196	
1184	(0.000129072),	1261	
1184	(0.000129072),	1829	
1185	(0.000129181),	45	
1188	(0.000129508),	2295	
1188	(0.000129508),	2459	
1189	(0.000129617),	3044	
1193	(0.000130053),	545	
1194	(0.000130162),	1512	
1195	(0.000130271),	1722	
1199	(0.000130707),	2103	
1199	(0.000130707),	2524	
1199	(0.000130707),	2713	
1200	(0.000130816),	314	
1201	(0.000130925),	2534	
1202	(0.000131034),	1374	
1202	(0.000131034),	1592	
1202	(0.000131034),	1913	
1202	(0.000131034),	2617	
1203	(0.000131143),	617	
1203	(0.000131143),	1070	
1203	(0.000131143),	2669	
1204	(0.000131252),	2605	
1205	(0.000131361),	1414	
1205	(0.000131361),	1589	
1206	(0.00013147),	1820	
1207	(0.000131579),	2472	
1208	(0.000131688),	1865	
1209	(0.000131797),	542	
1209	(0.000131797),	1553	
1209	(0.000131797),	3175	
1211	(0.000132015),	686	
1211	(0.000132015),	1140	
1211	(0.000132015),	1501	
1215	(0.000132451),	3201	
1216	(0.00013256),	30	
1216	(0.00013256),	1886	
1217	(0.000132669),	1972	
1219	(0.000132887),	91	
1219	(0.000132887),	1773	
1219	(0.000132887),	2582	
1222	(0.000133214),	399	
1222	(0.000133214),	1390	
1224	(0.000133432),	1100	
1226	(0.00013365),	2321	
1226	(0.00013365),	2443	
1227	(0.000133759),	3173	
1228	(0.000133868),	25	
1228	(0.000133868),	920	
1228	(0.000133868),	923	
1228	(0.000133868),	1268	
1229	(0.000133977),	2738	
1233	(0.000134413),	869	
1233	(0.000134413),	1695	
1234	(0.000134522),	3305	
1235	(0.000134631),	1134	
1235	(0.000134631),	1412	
1235	(0.000134631),	3106	
1236	(0.00013474),	2331	
1238	(0.000134958),	2488	
1239	(0.000135067),	1272	
1239	(0.000135067),	2603	
1239	(0.000135067),	3172	
1240	(0.000135176),	127	
1240	(0.000135176),	1205	
1240	(0.000135176),	1503	
1240	(0.000135176),	3178	
1242	(0.000135394),	550	
1242	(0.000135394),	1563	
1242	(0.000135394),	2373	
1243	(0.000135503),	859	
1243	(0.000135503),	2837	
1244	(0.000135612),	1569	
1244	(0.000135612),	2170	
1246	(0.00013583),	1007	
1247	(0.000135939),	940	
1248	(0.000136048),	412	
1249	(0.000136157),	1560	
1250	(0.000136266),	123	
1250	(0.000136266),	1433	
1250	(0.000136266),	1597	
1250	(0.000136266),	3210	
1252	(0.000136484),	1277	
1253	(0.000136594),	2843	
1254	(0.000136703),	1786	
1255	(0.000136812),	2043	
1255	(0.000136812),	2076	
1256	(0.000136921),	735	
1258	(0.000137139),	1046	
1258	(0.000137139),	1571	
1258	(0.000137139),	2720	
1259	(0.000137248),	2413	
1260	(0.000137357),	2075	
1260	(0.000137357),	2254	
1262	(0.000137575),	1857	
1263	(0.000137684),	3253	
1264	(0.000137793),	2431	
1265	(0.000137902),	521	
1265	(0.000137902),	1955	
1265	(0.000137902),	1992	
1267	(0.00013812),	2626	
1268	(0.000138229),	790	
1268	(0.000138229),	829	
1268	(0.000138229),	1646	
1268	(0.000138229),	1784	
1268	(0.000138229),	2029	
1268	(0.000138229),	2572	
1268	(0.000138229),	3137	
1269	(0.000138338),	80	
1273	(0.000138774),	1593	
1273	(0.000138774),	3012	
1274	(0.000138883),	681	
1275	(0.000138992),	2308	
1277	(0.00013921),	2749	
1279	(0.000139428),	266	
1279	(0.000139428),	287	
1279	(0.000139428),	1099	
1279	(0.000139428),	2686	
1280	(0.000139537),	2608	
1282	(0.000139755),	2134	
1282	(0.000139755),	2207	
1282	(0.000139755),	3032	
1283	(0.000139864),	263	
1283	(0.000139864),	483	
1284	(0.000139973),	1198	
1285	(0.000140082),	1848	
1286	(0.000140191),	517	
1286	(0.000140191),	1572	
1286	(0.000140191),	2052	
1287	(0.0001403),	683	
1287	(0.0001403),	967	
1288	(0.000140409),	1351	
1288	(0.000140409),	2892	
1289	(0.000140518),	1401	
1289	(0.000140518),	2943	
1291	(0.000140736),	1590	
1292	(0.000140845),	2567	
1293	(0.000140954),	489	
1293	(0.000140954),	519	
1294	(0.000141063),	2000	
1294	(0.000141063),	2450	
1295	(0.000141172),	2657	
1297	(0.00014139),	2371	
1298	(0.000141499),	1621	
1298	(0.000141499),	2193	
1299	(0.000141608),	3118	
1300	(0.000141717),	462	
1301	(0.000141826),	1052	
1302	(0.000141935),	39	
1302	(0.000141935),	3123	
1306	(0.000142371),	2984	
1307	(0.00014248),	943	
1309	(0.000142698),	1001	
1310	(0.000142807),	199	
1311	(0.000142916),	694	
1313	(0.000143134),	334	
1314	(0.000143243),	899	
1315	(0.000143352),	1545	
1315	(0.000143352),	2306	
1316	(0.000143461),	2602	
1316	(0.000143461),	3088	
1319	(0.000143788),	806	
1320	(0.000143897),	2994	
1321	(0.000144006),	1388	
1321	(0.000144006),	2552	
1321	(0.000144006),	2708	
1322	(0.000144115),	147	
1322	(0.000144115),	1517	
1322	(0.000144115),	1781	
1322	(0.000144115),	1939	
1325	(0.000144442),	3000	
1325	(0.000144442),	3098	
1327	(0.00014466),	2683	
1328	(0.000144769),	848	
1328	(0.000144769),	1558	
1330	(0.000144988),	2918	
1331	(0.000145097),	169	
1331	(0.000145097),	898	
1331	(0.000145097),	2680	
1333	(0.000145315),	1520	
1333	(0.000145315),	2367	
1334	(0.000145424),	2250	
1334	(0.000145424),	2509	
1334	(0.000145424),	2543	
1335	(0.000145533),	502	
1336	(0.000145642),	782	
1336	(0.000145642),	1177	
1337	(0.000145751),	2079	
1338	(0.00014586),	657	
1338	(0.00014586),	1785	
1338	(0.00014586),	2393	
1338	(0.00014586),	2829	
1338	(0.00014586),	3184	
1340	(0.000146078),	1394	
1343	(0.000146405),	324	
1343	(0.000146405),	2210	
1345	(0.000146623),	755	
1345	(0.000146623),	1137	
1345	(0.000146623),	1339	
1345	(0.000146623),	2644	
1345	(0.000146623),	2872	
1346	(0.000146732),	1009	
1346	(0.000146732),	1281	
1346	(0.000146732),	1674	
1346	(0.000146732),	1742	
1347	(0.000146841),	2662	
1348	(0.00014695),	919	
1348	(0.00014695),	1538	
1350	(0.000147168),	2057	
1350	(0.000147168),	2458	
1351	(0.000147277),	461	
1352	(0.000147386),	2569	
1353	(0.000147495),	2618	
1355	(0.000147713),	980	
1355	(0.000147713),	1436	
1356	(0.000147822),	166	
1356	(0.000147822),	1500	
1357	(0.000147931),	282	
1358	(0.00014804),	1739	
1359	(0.000148149),	1580	
1360	(0.000148258),	261	
1360	(0.000148258),	1373	
1360	(0.000148258),	1873	
1360	(0.000148258),	2356	
1363	(0.000148585),	647	
1364	(0.000148694),	1987	
1366	(0.000148912),	275	
1368	(0.00014913),	272	
1369	(0.000149239),	737	
1369	(0.000149239),	992	
1371	(0.000149457),	1037	
1371	(0.000149457),	1381	
1372	(0.000149566),	402	
1374	(0.000149784),	455	
1374	(0.000149784),	2506	
1374	(0.000149784),	3227	
1375	(0.000149893),	2206	
1375	(0.000149893),	3028	
1376	(0.000150002),	680	
1376	(0.000150002),	2328	
1377	(0.000150111),	776	
1380	(0.000150438),	1534	
1381	(0.000150547),	970	
1381	(0.000150547),	3268	
1382	(0.000150656),	2091	
1382	(0.000150656),	2238	
1382	(0.000150656),	2726	
1383	(0.000150765),	578	
1384	(0.000150874),	240	
1384	(0.000150874),	910	
1384	(0.000150874),	1874	
1385	(0.000150983),	384	
1386	(0.000151092),	234	
1386	(0.000151092),	1830	
1386	(0.000151092),	2018	
1386	(0.000151092),	3024	
1387	(0.000151201),	247	
1388	(0.00015131),	1488	
1390	(0.000151528),	880	
1390	(0.000151528),	3165	
1391	(0.000151637),	2471	
1391	(0.000151637),	2840	
1391	(0.000151637),	3177	
1392	(0.000151746),	738	
1392	(0.000151746),	2252	
1392	(0.000151746),	2745	
1394	(0.000151964),	1758	
1394	(0.000151964),	2802	
1395	(0.000152073),	297	
1395	(0.000152073),	350	
1396	(0.000152182),	2438	
1396	(0.000152182),	2770	
1398	(0.0001524),	1413	
1398	(0.0001524),	3221	
1399	(0.000152509),	2064	
1399	(0.000152509),	2688	
1400	(0.000152618),	1721	
1401	(0.000152727),	636	
1401	(0.000152727),	2593	
1403	(0.000152945),	2022	
1403	(0.000152945),	2678	
1405	(0.000153164),	277	
1405	(0.000153164),	298	
1406	(0.000153273),	538	
1407	(0.000153382),	3209	
1408	(0.000153491),	510	
1408	(0.000153491),	715	
1408	(0.000153491),	1189	
1408	(0.000153491),	1236	
1411	(0.000153818),	1053	
1411	(0.000153818),	1639	
1411	(0.000153818),	2190	
1412	(0.000153927),	810	
1412	(0.000153927),	1468	
1412	(0.000153927),	3003	
1413	(0.000154036),	1638	
1415	(0.000154254),	2803	
1416	(0.000154363),	429	
1417	(0.000154472),	807	
1419	(0.00015469),	1077	
1419	(0.00015469),	1961	
1421	(0.000154908),	1540	
1422	(0.000155017),	2446	
1423	(0.000155126),	33	
1423	(0.000155126),	452	
1424	(0.000155235),	1380	
1424	(0.000155235),	2862	
1428	(0.000155671),	1208	
1428	(0.000155671),	2580	
1430	(0.000155889),	1727	
1432	(0.000156107),	564	
1434	(0.000156325),	2372	
1435	(0.000156434),	758	
1437	(0.000156652),	150	
1437	(0.000156652),	3287	
1439	(0.00015687),	1097	
1439	(0.00015687),	1627	
1439	(0.00015687),	2711	
1440	(0.000156979),	1464	
1441	(0.000157088),	733	
1441	(0.000157088),	3002	
1446	(0.000157633),	1167	
1446	(0.000157633),	2036	
1446	(0.000157633),	2142	
1447	(0.000157742),	650	
1447	(0.000157742),	1295	
1447	(0.000157742),	2385	
1450	(0.000158069),	38	
1450	(0.000158069),	407	
1450	(0.000158069),	1012	
1450	(0.000158069),	1209	
1450	(0.000158069),	1757	
1451	(0.000158178),	984	
1452	(0.000158287),	2244	
1453	(0.000158396),	1635	
1453	(0.000158396),	2613	
1454	(0.000158505),	498	
1454	(0.000158505),	1860	
1455	(0.000158614),	693	
1455	(0.000158614),	1392	
1455	(0.000158614),	2637	
1455	(0.000158614),	3041	
1456	(0.000158723),	333	
1456	(0.000158723),	2050	
1456	(0.000158723),	2460	
1457	(0.000158832),	875	
1457	(0.000158832),	1287	
1459	(0.00015905),	44	
1459	(0.00015905),	1690	
1459	(0.00015905),	2591	
1459	(0.00015905),	2690	
1459	(0.00015905),	2796	
1463	(0.000159486),	2707	
1464	(0.000159595),	766	
1467	(0.000159922),	739	
1469	(0.00016014),	1024	
1469	(0.00016014),	2667	
1470	(0.000160249),	1550	
1471	(0.000160358),	1218	
1472	(0.000160467),	3245	
1473	(0.000160576),	658	
1473	(0.000160576),	3176	
1474	(0.000160685),	962	
1475	(0.000160794),	2653	
1476	(0.000160903),	2424	
1477	(0.000161012),	1043	
1477	(0.000161012),	1709	
1477	(0.000161012),	1840	
1478	(0.000161121),	499	
1478	(0.000161121),	2648	
1479	(0.00016123),	1215	
1481	(0.000161449),	561	
1481	(0.000161449),	2171	
1483	(0.000161667),	2953	
1484	(0.000161776),	1058	
1484	(0.000161776),	1672	
1484	(0.000161776),	1772	
1484	(0.000161776),	2394	
1484	(0.000161776),	2508	
1486	(0.000161994),	1069	
1487	(0.000162103),	1225	
1488	(0.000162212),	495	
1488	(0.000162212),	1149	
1490	(0.00016243),	2375	
1492	(0.000162648),	6	
1492	(0.000162648),	2051	
1493	(0.000162757),	700	
1493	(0.000162757),	1615	
1494	(0.000162866),	678	
1495	(0.000162975),	1292	
1495	(0.000162975),	2621	
1498	(0.000163302),	133	
1499	(0.000163411),	1421	
1499	(0.000163411),	2631	
1500	(0.00016352),	2198	
1501	(0.000163629),	903	
1501	(0.000163629),	2263	
1503	(0.000163847),	3151	
1504	(0.000163956),	2047	
1505	(0.000164065),	1497	
1507	(0.000164283),	3080	
1510	(0.00016461),	1382	
1511	(0.000164719),	431	
1511	(0.000164719),	1601	
1513	(0.000164937),	1994	
1514	(0.000165046),	2118	
1515	(0.000165155),	2915	
1516	(0.000165264),	3070	
1517	(0.000165373),	504	
1519	(0.000165591),	1375	
1520	(0.0001657),	2551	
1521	(0.000165809),	1323	
1522	(0.000165918),	53	
1522	(0.000165918),	2577	
1522	(0.000165918),	3054	
1523	(0.000166027),	2705	
1524	(0.000166136),	2120	
1524	(0.000166136),	2733	
1525	(0.000166245),	76	
1526	(0.000166354),	966	
1527	(0.000166463),	108	
1527	(0.000166463),	1551	
1531	(0.000166899),	285	
1532	(0.000167008),	777	
1532	(0.000167008),	2598	
1533	(0.000167117),	559	
1536	(0.000167444),	2699	
1536	(0.000167444),	3223	
1537	(0.000167553),	779	
1540	(0.00016788),	1201	
1542	(0.000168098),	348	
1544	(0.000168316),	1163	
1546	(0.000168534),	340	
1547	(0.000168643),	1408	
1550	(0.00016897),	896	
1554	(0.000169406),	876	
1556	(0.000169625),	818	
1557	(0.000169734),	98	
1557	(0.000169734),	1851	
1558	(0.000169843),	1640	
1558	(0.000169843),	3084	
1559	(0.000169952),	878	
1559	(0.000169952),	1643	
1560	(0.000170061),	1022	
1560	(0.000170061),	2560	
1561	(0.00017017),	97	
1561	(0.00017017),	196	
1561	(0.00017017),	750	
1563	(0.000170388),	991	
1564	(0.000170497),	19	
1564	(0.000170497),	3237	
1565	(0.000170606),	468	
1566	(0.000170715),	837	
1567	(0.000170824),	2282	
1568	(0.000170933),	1200	
1568	(0.000170933),	2511	
1568	(0.000170933),	3155	
1569	(0.000171042),	811	
1569	(0.000171042),	1084	
1569	(0.000171042),	2841	
1570	(0.000171151),	92	
1570	(0.000171151),	2386	
1570	(0.000171151),	2576	
1571	(0.00017126),	85	
1571	(0.00017126),	2643	
1572	(0.000171369),	356	
1572	(0.000171369),	383	
1572	(0.000171369),	1903	
1577	(0.000171914),	477	
1577	(0.000171914),	856	
1578	(0.000172023),	1693	
1578	(0.000172023),	3049	
1578	(0.000172023),	3103	
1580	(0.000172241),	188	
1580	(0.000172241),	1608	
1581	(0.00017235),	366	
1582	(0.000172459),	1224	
1582	(0.000172459),	1617	
1582	(0.000172459),	1798	
1584	(0.000172677),	1455	
1585	(0.000172786),	2366	
1587	(0.000173004),	2365	
1589	(0.000173222),	162	
1590	(0.000173331),	894	
1593	(0.000173658),	126	
1593	(0.000173658),	1352	
1594	(0.000173767),	2759	
1595	(0.000173876),	2954	
1596	(0.000173985),	2908	
1599	(0.000174312),	1944	
1599	(0.000174312),	3015	
1600	(0.000174421),	2623	
1601	(0.00017453),	2877	
1601	(0.00017453),	3073	
1602	(0.000174639),	2565	
1602	(0.000174639),	2807	
1602	(0.000174639),	3289	
1603	(0.000174748),	939	
1604	(0.000174857),	2245	
1605	(0.000174966),	1914	
1607	(0.000175184),	1154	
1607	(0.000175184),	1223	
1607	(0.000175184),	1237	
1607	(0.000175184),	2414	
1608	(0.000175293),	1030	
1608	(0.000175293),	1166	
1608	(0.000175293),	2008	
1609	(0.000175402),	2437	
1609	(0.000175402),	2555	
1610	(0.000175511),	259	
1610	(0.000175511),	1444	
1611	(0.00017562),	172	
1613	(0.000175838),	1885	
1613	(0.000175838),	2044	
1614	(0.000175947),	881	
1614	(0.000175947),	1254	
1616	(0.000176165),	2072	
1617	(0.000176274),	976	
1618	(0.000176383),	1047	
1619	(0.000176492),	1290	
1621	(0.00017671),	1246	
1621	(0.00017671),	2697	
1622	(0.000176819),	2742	
1622	(0.000176819),	3246	
1624	(0.000177037),	2345	
1625	(0.000177146),	844	
1625	(0.000177146),	922	
1625	(0.000177146),	1685	
1627	(0.000177364),	1920	
1628	(0.000177473),	787	
1630	(0.000177691),	1335	
1630	(0.000177691),	1451	
1630	(0.000177691),	1871	
1631	(0.0001778),	2326	
1633	(0.000178019),	476	
1633	(0.000178019),	2819	
1633	(0.000178019),	2916	
1634	(0.000178128),	1716	
1634	(0.000178128),	1975	
1635	(0.000178237),	589	
1635	(0.000178237),	2896	
1636	(0.000178346),	2934	
1637	(0.000178455),	2294	
1638	(0.000178564),	551	
1640	(0.000178782),	3294	
1641	(0.000178891),	1315	
1643	(0.000179109),	1425	
1645	(0.000179327),	676	
1645	(0.000179327),	1345	
1645	(0.000179327),	2535	
1646	(0.000179436),	2140	
1647	(0.000179545),	2305	
1648	(0.000179654),	1040	
1648	(0.000179654),	1719	
1649	(0.000179763),	708	
1649	(0.000179763),	1108	
1651	(0.000179981),	268	
1653	(0.000180199),	1506	
1653	(0.000180199),	1734	
1654	(0.000180308),	785	
1655	(0.000180417),	2227	
1656	(0.000180526),	1930	
1657	(0.000180635),	1947	
1658	(0.000180744),	2946	
1662	(0.00018118),	474	
1662	(0.00018118),	2231	
1662	(0.00018118),	3242	
1665	(0.000181507),	1554	
1666	(0.000181616),	255	
1666	(0.000181616),	3192	
1667	(0.000181725),	2358	
1667	(0.000181725),	3017	
1671	(0.000182161),	535	
1672	(0.00018227),	1870	
1674	(0.000182488),	1168	
1675	(0.000182597),	1423	
1676	(0.000182706),	1131	
1677	(0.000182815),	2315	
1680	(0.000183142),	2528	
1682	(0.00018336),	975	
1682	(0.00018336),	2978	
1683	(0.000183469),	3077	
1684	(0.000183578),	3207	
1685	(0.000183687),	1807	
1686	(0.000183796),	635	
1687	(0.000183905),	789	
1689	(0.000184123),	640	
1689	(0.000184123),	2417	
1690	(0.000184232),	625	
1691	(0.000184341),	2771	
1694	(0.000184668),	1631	
1694	(0.000184668),	2108	
1695	(0.000184777),	362	
1695	(0.000184777),	1132	
1695	(0.000184777),	1864	
1696	(0.000184886),	783	
1696	(0.000184886),	1089	
1696	(0.000184886),	1611	
1697	(0.000184995),	50	
1698	(0.000185104),	106	
1699	(0.000185213),	2765	
1701	(0.000185431),	201	
1701	(0.000185431),	1745	
1704	(0.000185758),	2086	
1704	(0.000185758),	2668	
1707	(0.000186085),	3141	
1709	(0.000186304),	619	
1709	(0.000186304),	1227	
1710	(0.000186413),	540	
1710	(0.000186413),	2920	
1710	(0.000186413),	3159	
1712	(0.000186631),	2702	
1714	(0.000186849),	534	
1715	(0.000186958),	1357	
1716	(0.000187067),	761	
1718	(0.000187285),	3195	
1719	(0.000187394),	248	
1720	(0.000187503),	1173	
1720	(0.000187503),	2917	
1722	(0.000187721),	714	
1722	(0.000187721),	1123	
1722	(0.000187721),	2001	
1725	(0.000188048),	1821	
1727	(0.000188266),	839	
1727	(0.000188266),	2038	
1727	(0.000188266),	3082	
1728	(0.000188375),	1492	
1731	(0.000188702),	1274	
1732	(0.000188811),	1591	
1732	(0.000188811),	2504	
1733	(0.00018892),	1080	
1733	(0.00018892),	3181	
1734	(0.000189029),	1081	
1735	(0.000189138),	815	
1739	(0.000189574),	633	
1741	(0.000189792),	600	
1741	(0.000189792),	2856	
1742	(0.000189901),	580	
1742	(0.000189901),	1051	
1743	(0.00019001),	772	
1743	(0.00019001),	2589	
1744	(0.000190119),	1476	
1748	(0.000190555),	492	
1749	(0.000190664),	1472	
1750	(0.000190773),	12	
1750	(0.000190773),	3233	
1751	(0.000190882),	2078	
1753	(0.0001911),	2966	
1755	(0.000191318),	2303	
1757	(0.000191536),	1156	
1757	(0.000191536),	2611	
1759	(0.000191754),	2409	
1760	(0.000191863),	1547	
1761	(0.000191972),	171	
1762	(0.000192081),	2851	
1763	(0.00019219),	2435	
1764	(0.000192299),	2378	
1765	(0.000192408),	1366	
1769	(0.000192844),	924	
1773	(0.00019328),	1006	
1774	(0.000193389),	546	
1774	(0.000193389),	993	
1775	(0.000193498),	2310	
1776	(0.000193607),	2045	
1777	(0.000193716),	2017	
1778	(0.000193825),	480	
1778	(0.000193825),	661	
1778	(0.000193825),	2249	
1778	(0.000193825),	2334	
1778	(0.000193825),	3280	
1779	(0.000193934),	2933	
1780	(0.000194043),	2762	
1781	(0.000194152),	377	
1782	(0.000194261),	935	
1784	(0.00019448),	553	
1784	(0.00019448),	1384	
1784	(0.00019448),	2374	
1786	(0.000194698),	800	
1787	(0.000194807),	756	
1788	(0.000194916),	2351	
1788	(0.000194916),	3219	
1790	(0.000195134),	649	
1790	(0.000195134),	928	
1791	(0.000195243),	2067	
1791	(0.000195243),	3120	
1793	(0.000195461),	2425	
1794	(0.00019557),	183	
1795	(0.000195679),	1760	
1796	(0.000195788),	1203	
1796	(0.000195788),	2624	
1797	(0.000195897),	2122	
1798	(0.000196006),	969	
1800	(0.000196224),	1038	
1802	(0.000196442),	1271	
1804	(0.00019666),	2404	
1805	(0.000196769),	2312	
1806	(0.000196878),	2341	
1807	(0.000196987),	549	
1807	(0.000196987),	660	
1810	(0.000197314),	2998	
1811	(0.000197423),	1896	
1812	(0.000197532),	2136	
1812	(0.000197532),	3226	
1814	(0.00019775),	1882	
1815	(0.000197859),	1651	
1817	(0.000198077),	1847	
1817	(0.000198077),	2304	
1817	(0.000198077),	2828	
1818	(0.000198186),	2392	
1821	(0.000198513),	1146	
1821	(0.000198513),	1622	
1825	(0.000198949),	1892	
1825	(0.000198949),	2563	
1826	(0.000199058),	400	
1829	(0.000199385),	2910	
1830	(0.000199494),	432	
1832	(0.000199712),	413	
1833	(0.000199821),	2290	
1834	(0.00019993),	1441	
1837	(0.000200257),	862	
1838	(0.000200366),	28	
1841	(0.000200693),	584	
1843	(0.000200911),	742	
1846	(0.000201238),	1604	
1846	(0.000201238),	2663	
1847	(0.000201347),	528	
1848	(0.000201456),	1724	
1849	(0.000201565),	2179	
1850	(0.000201674),	842	
1851	(0.000201783),	245	
1851	(0.000201783),	2634	
1852	(0.000201892),	514	
1852	(0.000201892),	858	
1853	(0.000202001),	2496	
1854	(0.00020211),	440	
1855	(0.000202219),	2361	
1855	(0.000202219),	3112	
1856	(0.000202328),	2	
1857	(0.000202437),	378	
1857	(0.000202437),	2514	
1859	(0.000202655),	117	
1859	(0.000202655),	2754	
1868	(0.000203637),	983	
1869	(0.000203746),	968	
1870	(0.000203855),	1607	
1870	(0.000203855),	3006	
1873	(0.000204182),	1247	
1874	(0.000204291),	2729	
1875	(0.0002044),	1192	
1876	(0.000204509),	2964	
1879	(0.000204836),	2476	
1881	(0.000205054),	515	
1881	(0.000205054),	2783	
1883	(0.000205272),	2478	
1884	(0.000205381),	2945	
1888	(0.000205817),	1185	
1890	(0.000206035),	2469	
1891	(0.000206144),	2568	
1891	(0.000206144),	2768	
1892	(0.000206253),	1170	
1892	(0.000206253),	1771	
1894	(0.000206471),	128	
1895	(0.00020658),	1746	
1896	(0.000206689),	1795	
1899	(0.000207016),	2790	
1901	(0.000207234),	2897	
1902	(0.000207343),	2501	
1903	(0.000207452),	577	
1904	(0.000207561),	879	
1905	(0.00020767),	1419	
1907	(0.000207888),	2421	
1908	(0.000207997),	3074	
1909	(0.000208106),	134	
1909	(0.000208106),	2615	
1910	(0.000208215),	846	
1910	(0.000208215),	1802	
1910	(0.000208215),	1895	
1914	(0.000208651),	2402	
1922	(0.000209523),	2255	
1924	(0.000209741),	996	
1924	(0.000209741),	2287	
1924	(0.000209741),	2531	
1927	(0.000210068),	1925	
1930	(0.000210395),	2710	
1933	(0.000210722),	3270	
1934	(0.000210831),	2212	
1936	(0.00021105),	300	
1937	(0.000211159),	140	
1938	(0.000211268),	529	
1938	(0.000211268),	2080	
1941	(0.000211595),	246	
1942	(0.000211704),	1827	
1945	(0.000212031),	1119	
1945	(0.000212031),	1875	
1946	(0.00021214),	1164	
1947	(0.000212249),	191	
1950	(0.000212576),	1128	
1951	(0.000212685),	598	
1951	(0.000212685),	1579	
1951	(0.000212685),	2083	
1951	(0.000212685),	2610	
1951	(0.000212685),	2988	
1952	(0.000212794),	1813	
1952	(0.000212794),	3107	
1954	(0.000213012),	456	
1955	(0.000213121),	701	
1955	(0.000213121),	1475	
1956	(0.00021323),	469	
1956	(0.00021323),	1993	
1957	(0.000213339),	908	
1959	(0.000213557),	1513	
1959	(0.000213557),	2011	
1959	(0.000213557),	2065	
1959	(0.000213557),	2871	
1961	(0.000213775),	280	
1961	(0.000213775),	1045	
1964	(0.000214102),	496	
1965	(0.000214211),	1091	
1967	(0.000214429),	69	
1970	(0.000214756),	2562	
1971	(0.000214865),	1618	
1972	(0.000214974),	2324	
1977	(0.000215519),	614	
1977	(0.000215519),	2685	
1978	(0.000215628),	1756	
1978	(0.000215628),	1794	
1980	(0.000215846),	656	
1981	(0.000215955),	1823	
1982	(0.000216064),	997	
1982	(0.000216064),	1068	
1983	(0.000216173),	2748	
1984	(0.000216282),	1197	
1984	(0.000216282),	1763	
1985	(0.000216391),	342	
1985	(0.000216391),	1839	
1985	(0.000216391),	2753	
1987	(0.000216609),	1780	
1987	(0.000216609),	2880	
1989	(0.000216827),	1769	
1989	(0.000216827),	2288	
1991	(0.000217045),	942	
1992	(0.000217154),	2004	
1994	(0.000217372),	2858	
1994	(0.000217372),	2987	
1998	(0.000217808),	2388	
1999	(0.000217917),	422	
2001	(0.000218135),	873	
2003	(0.000218353),	1905	
2003	(0.000218353),	3202	
2004	(0.000218462),	959	
2004	(0.000218462),	2416	
2005	(0.000218571),	1574	
2006	(0.00021868),	2204	
2007	(0.000218789),	3092	
2008	(0.000218898),	2370	
2009	(0.000219007),	235	
2009	(0.000219007),	1581	
2010	(0.000219116),	2384	
2011	(0.000219225),	2147	
2014	(0.000219553),	3211	
2015	(0.000219662),	3125	
2017	(0.00021988),	2952	
2019	(0.000220098),	1642	
2021	(0.000220316),	1312	
2021	(0.000220316),	3129	
2022	(0.000220425),	558	
2023	(0.000220534),	2293	
2025	(0.000220752),	1505	
2027	(0.00022097),	2980	
2028	(0.000221079),	2581	
2029	(0.000221188),	1725	
2030	(0.000221297),	2822	
2032	(0.000221515),	1743	
2038	(0.000222169),	3004	
2039	(0.000222278),	450	
2039	(0.000222278),	1110	
2040	(0.000222387),	1411	
2045	(0.000222932),	2645	
2048	(0.000223259),	244	
2048	(0.000223259),	1234	
2049	(0.000223368),	299	
2049	(0.000223368),	729	
2050	(0.000223477),	3235	
2051	(0.000223586),	1511	
2051	(0.000223586),	3067	
2051	(0.000223586),	3122	
2052	(0.000223695),	2073	
2054	(0.000223913),	2993	
2055	(0.000224022),	628	
2055	(0.000224022),	3185	
2057	(0.00022424),	3091	
2059	(0.000224458),	2949	
2060	(0.000224567),	112	
2060	(0.000224567),	320	
2060	(0.000224567),	2695	
2062	(0.000224785),	591	
2062	(0.000224785),	1899	
2063	(0.000224894),	2444	
2064	(0.000225003),	1286	
2064	(0.000225003),	2262	
2066	(0.000225221),	921	
2069	(0.000225548),	2271	
2069	(0.000225548),	3140	
2072	(0.000225875),	1450	
2072	(0.000225875),	2824	
2074	(0.000226093),	164	
2075	(0.000226202),	17	
2075	(0.000226202),	759	
2075	(0.000226202),	2937	
2076	(0.000226311),	3301	
2078	(0.000226529),	1474	
2078	(0.000226529),	2574	
2085	(0.000227292),	827	
2087	(0.00022751),	1122	
2088	(0.00022762),	2609	
2089	(0.000227729),	990	
2090	(0.000227838),	155	
2091	(0.000227947),	1440	
2092	(0.000228056),	283	
2093	(0.000228165),	674	
2093	(0.000228165),	1712	
2094	(0.000228274),	2640	
2095	(0.000228383),	1075	
2097	(0.000228601),	671	
2098	(0.00022871),	2995	
2103	(0.000229255),	1566	
2104	(0.000229364),	1682	
2109	(0.000229909),	1028	
2109	(0.000229909),	1699	
2109	(0.000229909),	2161	
2111	(0.000230127),	1665	
2111	(0.000230127),	3247	
2112	(0.000230236),	2536	
2112	(0.000230236),	2875	
2112	(0.000230236),	3252	
2115	(0.000230563),	1610	
2117	(0.000230781),	1941	
2122	(0.000231326),	792	
2126	(0.000231762),	573	
2126	(0.000231762),	1800	
2129	(0.000232089),	317	
2131	(0.000232307),	3156	
2132	(0.000232416),	2700	
2132	(0.000232416),	2756	
2134	(0.000232634),	2454	
2134	(0.000232634),	2491	
2134	(0.000232634),	3096	
2135	(0.000232743),	2672	
2136	(0.000232852),	905	
2138	(0.00023307),	2860	
2139	(0.000233179),	2167	
2140	(0.000233288),	995	
2141	(0.000233397),	3029	
2142	(0.000233506),	653	
2142	(0.000233506),	1459	
2144	(0.000233724),	2274	
2146	(0.000233942),	2260	
2147	(0.000234051),	2151	
2148	(0.00023416),	2466	
2148	(0.00023416),	3113	
2149	(0.000234269),	684	
2150	(0.000234378),	1854	
2151	(0.000234487),	927	
2153	(0.000234705),	1256	
2154	(0.000234814),	797	
2154	(0.000234814),	2165	
2157	(0.000235141),	1583	
2157	(0.000235141),	2228	
2158	(0.00023525),	251	
2159	(0.000235359),	804	
2159	(0.000235359),	2642	
2160	(0.000235468),	364	
2161	(0.000235577),	2731	
2162	(0.000235686),	565	
2162	(0.000235686),	1681	
2163	(0.000235796),	2297	
2163	(0.000235796),	2717	
2164	(0.000235905),	1120	
2164	(0.000235905),	1804	
2164	(0.000235905),	1934	
2167	(0.000236232),	866	
2168	(0.000236341),	1172	
2168	(0.000236341),	2789	
2170	(0.000236559),	459	
2171	(0.000236668),	1793	
2172	(0.000236777),	1367	
2173	(0.000236886),	1668	
2175	(0.000237104),	3215	
2177	(0.000237322),	2564	
2178	(0.000237431),	2714	
2179	(0.00023754),	1957	
2180	(0.000237649),	3168	
2185	(0.000238194),	536	
2188	(0.000238521),	89	
2192	(0.000238957),	627	
2193	(0.000239066),	1098	
2193	(0.000239066),	2821	
2194	(0.000239175),	227	
2194	(0.000239175),	397	
2195	(0.000239284),	428	
2198	(0.000239611),	2969	
2199	(0.00023972),	1943	
2200	(0.000239829),	2042	
2201	(0.000239938),	3187	
2201	(0.000239938),	3189	
2202	(0.000240047),	1578	
2203	(0.000240156),	49	
2206	(0.000240483),	914	
2207	(0.000240592),	608	
2209	(0.00024081),	409	
2212	(0.000241137),	2225	
2213	(0.000241246),	1584	
2214	(0.000241355),	1114	
2215	(0.000241464),	2030	
2216	(0.000241573),	1102	
2217	(0.000241682),	978	
2219	(0.0002419),	595	
2219	(0.0002419),	670	
2220	(0.000242009),	1014	
2224	(0.000242445),	394	
2224	(0.000242445),	1606	
2227	(0.000242772),	2674	
2229	(0.00024299),	3186	
2230	(0.000243099),	2299	
2231	(0.000243208),	717	
2231	(0.000243208),	1000	
2236	(0.000243753),	1863	
2237	(0.000243862),	369	
2240	(0.00024419),	344	
2240	(0.00024419),	354	
2243	(0.000244517),	466	
2243	(0.000244517),	675	
2243	(0.000244517),	1311	
2243	(0.000244517),	2233	
2244	(0.000244626),	1428	
2244	(0.000244626),	3272	
2245	(0.000244735),	2959	
2247	(0.000244953),	1912	
2249	(0.000245171),	1294	
2250	(0.00024528),	1112	
2250	(0.00024528),	2396	
2252	(0.000245498),	2032	
2252	(0.000245498),	2333	
2253	(0.000245607),	1341	
2254	(0.000245716),	2529	
2257	(0.000246043),	812	
2259	(0.000246261),	443	
2259	(0.000246261),	2804	
2262	(0.000246588),	335	
2262	(0.000246588),	2761	
2264	(0.000246806),	1791	
2267	(0.000247133),	2349	
2267	(0.000247133),	3033	
2268	(0.000247242),	355	
2268	(0.000247242),	1806	
2269	(0.000247351),	1138	
2269	(0.000247351),	1404	
2271	(0.000247569),	194	
2271	(0.000247569),	2735	
2273	(0.000247787),	659	
2274	(0.000247896),	34	
2277	(0.000248223),	1960	
2279	(0.000248441),	570	
2280	(0.00024855),	1327	
2280	(0.00024855),	2046	
2280	(0.00024855),	2276	
2281	(0.000248659),	1216	
2281	(0.000248659),	2523	
2281	(0.000248659),	2641	
2282	(0.000248768),	2131	
2283	(0.000248877),	3037	
2284	(0.000248986),	2348	
2286	(0.000249204),	3166	
2287	(0.000249313),	3251	
2288	(0.000249422),	1034	
2289	(0.000249531),	1900	
2291	(0.000249749),	1647	
2291	(0.000249749),	1696	
2294	(0.000250076),	2474	
2296	(0.000250294),	337	
2296	(0.000250294),	805	
2297	(0.000250403),	2391	
2298	(0.000250512),	84	
2298	(0.000250512),	688	
2298	(0.000250512),	2808	
2300	(0.00025073),	1970	
2301	(0.000250839),	1620	
2302	(0.000250948),	2156	
2302	(0.000250948),	2403	
2305	(0.000251275),	1828	
2309	(0.000251711),	451	
2309	(0.000251711),	2062	
2310	(0.00025182),	216	
2310	(0.00025182),	403	
2310	(0.00025182),	2070	
2311	(0.000251929),	279	
2311	(0.000251929),	2579	
2312	(0.000252038),	1904	
2312	(0.000252038),	2585	
2314	(0.000252256),	1056	
2316	(0.000252475),	2169	
2318	(0.000252693),	886	
2319	(0.000252802),	3264	
2320	(0.000252911),	71	
2320	(0.000252911),	798	
2321	(0.00025302),	641	
2321	(0.00025302),	2041	
2323	(0.000253238),	316	
2323	(0.000253238),	828	
2324	(0.000253347),	1536	
2324	(0.000253347),	2694	
2324	(0.000253347),	2963	
2325	(0.000253456),	3083	
2330	(0.000254001),	971	
2330	(0.000254001),	2903	
2331	(0.00025411),	1061	
2334	(0.000254437),	1663	
2336	(0.000254655),	2625	
2337	(0.000254764),	2722	
2337	(0.000254764),	2737	
2338	(0.000254873),	1514	
2339	(0.000254982),	2999	
2342	(0.000255309),	1363	
2343	(0.000255418),	2177	
2344	(0.000255527),	1902	
2346	(0.000255745),	1109	
2349	(0.000256072),	96	
2349	(0.000256072),	1217	
2350	(0.000256181),	587	
2351	(0.00025629),	760	
2352	(0.000256399),	936	
2355	(0.000256726),	1305	
2355	(0.000256726),	3303	
2356	(0.000256835),	388	
2360	(0.000257271),	821	
2360	(0.000257271),	3116	
2361	(0.00025738),	602	
2363	(0.000257598),	209	
2363	(0.000257598),	2145	
2363	(0.000257598),	2184	
2363	(0.000257598),	2938	
2364	(0.000257707),	3163	
2365	(0.000257816),	1588	
2365	(0.000257816),	2485	
2366	(0.000257925),	424	
2367	(0.000258034),	3020	
2368	(0.000258143),	2527	
2370	(0.000258361),	904	
2370	(0.000258361),	1614	
2371	(0.00025847),	3026	
2372	(0.000258579),	1623	
2372	(0.000258579),	2870	
2375	(0.000258906),	58	
2375	(0.000258906),	2526	
2376	(0.000259015),	2463	
2379	(0.000259342),	3047	
2381	(0.00025956),	1353	
2383	(0.000259778),	593	
2385	(0.000259996),	3203	
2387	(0.000260214),	3281	
2389	(0.000260432),	487	
2389	(0.000260432),	1462	
2392	(0.00026076),	2575	
2394	(0.000260978),	2159	
2394	(0.000260978),	3065	
2395	(0.000261087),	2778	
2396	(0.000261196),	1350	
2397	(0.000261305),	1962	
2398	(0.000261414),	3164	
2399	(0.000261523),	1387	
2411	(0.000262831),	1713	
2412	(0.00026294),	2614	
2414	(0.000263158),	1587	
2415	(0.000263267),	1266	
2416	(0.000263376),	2481	
2416	(0.000263376),	2619	
2418	(0.000263594),	1317	
2418	(0.000263594),	2881	
2421	(0.000263921),	1634	
2424	(0.000264248),	1348	
2427	(0.000264575),	746	
2427	(0.000264575),	1971	
2427	(0.000264575),	2942	
2428	(0.000264684),	1055	
2428	(0.000264684),	1969	
2429	(0.000264793),	1728	
2433	(0.000265229),	2914	
2433	(0.000265229),	2922	
2434	(0.000265338),	1524	
2442	(0.00026621),	1686	
2443	(0.000266319),	554	
2443	(0.000266319),	1282	
2446	(0.000266646),	2616	
2447	(0.000266755),	1479	
2449	(0.000266973),	3115	
2452	(0.0002673),	152	
2452	(0.0002673),	305	
2453	(0.000267409),	2878	
2457	(0.000267845),	286	
2460	(0.000268172),	2646	
2461	(0.000268281),	958	
2461	(0.000268281),	2879	
2463	(0.000268499),	1273	
2464	(0.000268608),	1278	
2464	(0.000268608),	2183	
2464	(0.000268608),	2991	
2466	(0.000268826),	293	
2466	(0.000268826),	1431	
2466	(0.000268826),	1483	
2467	(0.000268936),	3075	
2469	(0.000269154),	2127	
2470	(0.000269263),	1212	
2471	(0.000269372),	1735	
2472	(0.000269481),	3031	
2473	(0.00026959),	751	
2473	(0.00026959),	2628	
2474	(0.000269699),	242	
2474	(0.000269699),	523	
2478	(0.000270135),	35	
2478	(0.000270135),	963	
2479	(0.000270244),	2144	
2483	(0.00027068),	3135	
2485	(0.000270898),	719	
2486	(0.000271007),	2747	
2491	(0.000271552),	1023	
2492	(0.000271661),	1269	
2495	(0.000271988),	1396	
2498	(0.000272315),	2440	
2498	(0.000272315),	2894	
2500	(0.000272533),	2223	
2501	(0.000272642),	2539	
2502	(0.000272751),	972	
2507	(0.000273296),	1990	
2509	(0.000273514),	2797	
2513	(0.00027395),	3225	
2514	(0.000274059),	212	
2514	(0.000274059),	1424	
2520	(0.000274713),	2208	
2520	(0.000274713),	2703	
2522	(0.000274931),	119	
2523	(0.00027504),	2909	
2524	(0.000275149),	2795	
2527	(0.000275476),	2948	
2530	(0.000275803),	1283	
2530	(0.000275803),	1815	
2531	(0.000275912),	1426	
2532	(0.000276021),	2205	
2535	(0.000276348),	3064	
2537	(0.000276566),	1633	
2538	(0.000276675),	2269	
2542	(0.000277111),	1191	
2546	(0.000277548),	2337	
2546	(0.000277548),	2470	
2554	(0.00027842),	979	
2556	(0.000278638),	909	
2558	(0.000278856),	2873	
2559	(0.000278965),	870	
2563	(0.000279401),	1996	
2563	(0.000279401),	3056	
2564	(0.00027951),	1148	
2566	(0.000279728),	3053	
2568	(0.000279946),	2542	
2571	(0.000280273),	2275	
2576	(0.000280818),	195	
2576	(0.000280818),	1145	
2578	(0.000281036),	3232	
2580	(0.000281254),	2141	
2580	(0.000281254),	2780	
2581	(0.000281363),	1340	
2583	(0.000281581),	707	
2586	(0.000281908),	689	
2586	(0.000281908),	1667	
2593	(0.000282671),	1130	
2596	(0.000282998),	2407	
2600	(0.000283434),	1293	
2600	(0.000283434),	1811	
2601	(0.000283543),	9	
2606	(0.000284088),	1787	
2608	(0.000284306),	2725	
2610	(0.000284524),	809	
2612	(0.000284742),	682	
2612	(0.000284742),	900	
2615	(0.000285069),	236	
2615	(0.000285069),	951	
2615	(0.000285069),	1334	
2615	(0.000285069),	2868	
2619	(0.000285506),	2935	
2620	(0.000285615),	1936	
2622	(0.000285833),	36	
2626	(0.000286269),	226	
2626	(0.000286269),	1362	
2630	(0.000286705),	3062	
2638	(0.000287577),	503	
2640	(0.000287795),	1753	
2642	(0.000288013),	48	
2642	(0.000288013),	120	
2645	(0.00028834),	60	
2647	(0.000288558),	1196	
2648	(0.000288667),	1310	
2652	(0.000289103),	361	
2654	(0.000289321),	2383	
2654	(0.000289321),	2484	
2655	(0.00028943),	3	
2662	(0.000290193),	3136	
2663	(0.000290302),	289	
2663	(0.000290302),	964	
2666	(0.000290629),	1692	
2668	(0.000290847),	1658	
2672	(0.000291283),	1013	
2674	(0.000291501),	3085	
2675	(0.00029161),	2664	
2676	(0.000291719),	1738	
2679	(0.000292046),	1429	
2680	(0.000292155),	699	
2680	(0.000292155),	1653	
2680	(0.000292155),	2743	
2681	(0.000292264),	2168	
2683	(0.000292482),	2941	
2684	(0.000292591),	957	
2685	(0.0002927),	484	
2685	(0.0002927),	2455	
2686	(0.000292809),	2606	
2688	(0.000293027),	3126	
2691	(0.000293354),	863	
2695	(0.000293791),	1659	
2696	(0.0002939),	2997	
2697	(0.000294009),	1190	
2701	(0.000294445),	2986	
2703	(0.000294663),	3005	
2704	(0.000294772),	2135	
2710	(0.000295426),	2630	
2711	(0.000295535),	2129	
2712	(0.000295644),	642	
2713	(0.000295753),	2380	
2714	(0.000295862),	252	
2717	(0.000296189),	2286	
2719	(0.000296407),	1515	
2720	(0.000296516),	889	
2722	(0.000296734),	181	
2722	(0.000296734),	224	
2724	(0.000296952),	1242	
2728	(0.000297388),	1121	
2731	(0.000297715),	205	
2732	(0.000297824),	2689	
2732	(0.000297824),	2900	
2734	(0.000298042),	2758	
2735	(0.000298151),	2818	
2740	(0.000298696),	1652	
2741	(0.000298805),	3265	
2744	(0.000299132),	1044	
2748	(0.000299568),	2647	
2751	(0.000299895),	47	
2751	(0.000299895),	1669	
2752	(0.000300004),	110	
2752	(0.000300004),	310	
2753	(0.000300113),	363	
2754	(0.000300222),	3236	
2755	(0.000300331),	1729	
2761	(0.000300985),	2929	
2763	(0.000301203),	1600	
2764	(0.000301312),	3291	
2765	(0.000301421),	1180	
2771	(0.000302076),	2497	
2773	(0.000302294),	2408	
2778	(0.000302839),	3213	
2779	(0.000302948),	488	
2779	(0.000302948),	543	
2779	(0.000302948),	826	
2780	(0.000303057),	3057	
2781	(0.000303166),	13	
2782	(0.000303275),	711	
2785	(0.000303602),	439	
2786	(0.000303711),	2845	
2789	(0.000304038),	1812	
2791	(0.000304256),	438	
2793	(0.000304474),	2382	
2794	(0.000304583),	1678	
2795	(0.000304692),	1662	
2803	(0.000305564),	885	
2803	(0.000305564),	1155	
2803	(0.000305564),	2547	
2808	(0.000306109),	1909	
2810	(0.000306327),	151	
2810	(0.000306327),	843	
2810	(0.000306327),	865	
2810	(0.000306327),	1644	
2817	(0.00030709),	907	
2818	(0.000307199),	1789	
2821	(0.000307526),	2182	
2822	(0.000307635),	961	
2823	(0.000307744),	852	
2823	(0.000307744),	1495	
2826	(0.000308071),	1079	
2829	(0.000308398),	1358	
2829	(0.000308398),	2468	
2832	(0.000308725),	1516	
2834	(0.000308943),	616	
2834	(0.000308943),	2479	
2836	(0.000309161),	231	
2838	(0.000309379),	2744	
2845	(0.000310142),	2857	
2851	(0.000310797),	525	
2851	(0.000310797),	3255	
2853	(0.000311015),	1880	
2856	(0.000311342),	1245	
2860	(0.000311778),	1447	
2862	(0.000311996),	2069	
2864	(0.000312214),	1711	
2865	(0.000312323),	1059	
2868	(0.00031265),	95	
2868	(0.00031265),	1152	
2868	(0.00031265),	1965	
2869	(0.000312759),	1856	
2872	(0.000313086),	1094	
2873	(0.000313195),	749	
2874	(0.000313304),	3144	
2875	(0.000313413),	1548	
2880	(0.000313958),	1442	
2881	(0.000314067),	563	
2882	(0.000314176),	1456	
2883	(0.000314285),	1891	
2885	(0.000314503),	1779	
2885	(0.000314503),	3071	
2886	(0.000314612),	2632	
2887	(0.000314721),	3218	
2892	(0.000315266),	1157	
2893	(0.000315375),	2154	
2895	(0.000315593),	2612	
2898	(0.00031592),	3130	
2905	(0.000316683),	426	
2905	(0.000316683),	1383	
2907	(0.000316901),	2781	
2908	(0.00031701),	2475	
2911	(0.000317337),	2704	
2912	(0.000317446),	1921	
2913	(0.000317555),	1183	
2914	(0.000317664),	3095	
2920	(0.000318318),	2026	
2930	(0.000319409),	639	
2931	(0.000319518),	1338	
2933	(0.000319736),	2132	
2934	(0.000319845),	1561	
2942	(0.000320717),	2782	
2944	(0.000320935),	2024	
2948	(0.000321371),	62	
2950	(0.000321589),	1869	
2952	(0.000321807),	2972	
2952	(0.000321807),	3295	
2953	(0.000321916),	2831	
2954	(0.000322025),	2730	
2956	(0.000322243),	448	
2959	(0.00032257),	449	
2959	(0.00032257),	793	
2961	(0.000322788),	1641	
2964	(0.000323115),	3023	
2966	(0.000323333),	1248	
2967	(0.000323442),	146	
2968	(0.000323551),	113	
2969	(0.00032366),	410	
2974	(0.000324205),	3271	
2976	(0.000324423),	2273	
2980	(0.000324859),	2820	
2980	(0.000324859),	2899	
2985	(0.000325404),	2133	
2997	(0.000326712),	336	
3000	(0.00032704),	3239	
3001	(0.000327149),	376	
3001	(0.000327149),	747	
3004	(0.000327476),	953	
3005	(0.000327585),	1076	
3007	(0.000327803),	221	
3007	(0.000327803),	1809	
3012	(0.000328348),	2573	
3013	(0.000328457),	2234	
3014	(0.000328566),	2977	
3015	(0.000328675),	2867	
3015	(0.000328675),	3063	
3017	(0.000328893),	1881	
3019	(0.000329111),	2291	
3023	(0.000329547),	1567	
3027	(0.000329983),	501	
3028	(0.000330092),	1890	
3029	(0.000330201),	583	
3031	(0.000330419),	1636	
3031	(0.000330419),	3167	
3032	(0.000330528),	3277	
3034	(0.000330746),	611	
3034	(0.000330746),	1432	
3035	(0.000330855),	2329	
3035	(0.000330855),	3081	
3036	(0.000330964),	2596	
3038	(0.000331182),	1983	
3039	(0.000331291),	906	
3044	(0.000331836),	2246	
3046	(0.000332054),	2928	
3047	(0.000332163),	1967	
3047	(0.000332163),	2600	
3052	(0.000332708),	267	
3053	(0.000332817),	349	
3053	(0.000332817),	1174	
3055	(0.000333035),	548	
3056	(0.000333144),	1790	
3059	(0.000333471),	2412	
3067	(0.000334343),	3097	
3072	(0.000334888),	2364	
3074	(0.000335107),	2339	
3077	(0.000335434),	1400	
3079	(0.000335652),	202	
3080	(0.000335761),	2960	
3081	(0.00033587),	2932	
3082	(0.000335979),	1778	
3089	(0.000336742),	2055	
3096	(0.000337505),	985	
3096	(0.000337505),	1496	
3097	(0.000337614),	210	
3103	(0.000338268),	3179	
3104	(0.000338377),	1976	
3104	(0.000338377),	2584	
3110	(0.000339031),	1361	
3118	(0.000339903),	115	
3119	(0.000340012),	2037	
3121	(0.00034023),	1071	
3123	(0.000340448),	1628	
3124	(0.000340557),	1846	
3129	(0.000341102),	3293	
3131	(0.00034132),	24	
3135	(0.000341756),	609	
3141	(0.00034241),	2005	
3141	(0.00034241),	2342	
3150	(0.000343392),	791	
3155	(0.000343937),	3154	
3156	(0.000344046),	2578	
3157	(0.000344155),	2084	
3157	(0.000344155),	2698	
3159	(0.000344373),	1577	
3161	(0.000344591),	1067	
3161	(0.000344591),	2898	
3164	(0.000344918),	2278	
3164	(0.000344918),	2389	
3164	(0.000344918),	3040	
3168	(0.000345354),	745	
3168	(0.000345354),	2137	
3169	(0.000345463),	2785	
3170	(0.000345572),	2516	
3176	(0.000346226),	730	
3176	(0.000346226),	2028	
3178	(0.000346444),	1887	
3179	(0.000346553),	632	
3183	(0.000346989),	2967	
3190	(0.000347752),	2095	
3192	(0.00034797),	1235	
3193	(0.000348079),	918	
3194	(0.000348188),	1035	
3194	(0.000348188),	3066	
3201	(0.000348951),	744	
3202	(0.00034906),	831	
3202	(0.00034906),	2097	
3206	(0.000349496),	2876	
3208	(0.000349714),	1818	
3220	(0.000351022),	372	
3220	(0.000351022),	2319	
3220	(0.000351022),	3124	
3225	(0.000351567),	1958	
3231	(0.000352222),	544	
3235	(0.000352658),	132	
3236	(0.000352767),	2775	
3242	(0.000353421),	2426	
3249	(0.000354184),	999	
3252	(0.000354511),	3229	
3253	(0.00035462),	465	
3254	(0.000354729),	3190	
3257	(0.000355056),	2635	
3264	(0.000355819),	3240	
3266	(0.000356037),	2173	
3269	(0.000356364),	1819	
3270	(0.000356473),	40	
3270	(0.000356473),	2098	
3273	(0.0003568),	2215	
3274	(0.000356909),	2266	
3274	(0.000356909),	3222	
3275	(0.000357018),	1694	
3276	(0.000357127),	836	
3277	(0.000357236),	3087	
3283	(0.00035789),	1556	
3284	(0.000357999),	154	
3287	(0.000358326),	832	
3288	(0.000358435),	411	
3292	(0.000358871),	579	
3292	(0.000358871),	974	
3293	(0.00035898),	3216	
3307	(0.000360507),	118	
3307	(0.000360507),	1866	
3308	(0.000360616),	3262	
3311	(0.000360943),	1160	
3311	(0.000360943),	2027	
3312	(0.000361052),	1453	
3313	(0.000361161),	2566	
3320	(0.000361924),	447	
3325	(0.000362469),	718	
3334	(0.00036345),	436	
3335	(0.000363559),	2751	
3335	(0.000363559),	3121	
3338	(0.000363886),	2919	
3341	(0.000364213),	722	
3341	(0.000364213),	799	
3346	(0.000364758),	3105	
3347	(0.000364867),	1285	
3357	(0.000365957),	157	
3357	(0.000365957),	2178	
3365	(0.000366829),	530	
3366	(0.000366938),	2433	
3368	(0.000367156),	2930	
3372	(0.000367592),	2473	
3376	(0.000368028),	2990	
3377	(0.000368137),	667	
3378	(0.000368247),	2842	
3379	(0.000368356),	2077	
3383	(0.000368792),	781	
3383	(0.000368792),	1064	
3384	(0.000368901),	2226	
3387	(0.000369228),	239	
3389	(0.000369446),	2240	
3390	(0.000369555),	1083	
3390	(0.000369555),	1749	
3393	(0.000369882),	2882	
3400	(0.000370645),	225	
3409	(0.000371626),	329	
3411	(0.000371844),	2035	
3420	(0.000372825),	1418	
3420	(0.000372825),	2338	
3421	(0.000372934),	1239	
3426	(0.000373479),	665	
3432	(0.000374133),	2940	
3434	(0.000374351),	2887	
3440	(0.000375005),	1862	
3440	(0.000375005),	1908	
3441	(0.000375114),	3008	
3445	(0.00037555),	752	
3445	(0.00037555),	2434	
3451	(0.000376204),	2197	
3451	(0.000376204),	2482	
3458	(0.000376968),	374	
3461	(0.000377295),	1090	
3461	(0.000377295),	2090	
3463	(0.000377513),	1449	
3468	(0.000378058),	1434	
3471	(0.000378385),	3068	
3477	(0.000379039),	887	
3477	(0.000379039),	3030	
3479	(0.000379257),	1318	
3480	(0.000379366),	271	
3480	(0.000379366),	929	
3484	(0.000379802),	2082	
3493	(0.000380783),	2325	
3495	(0.000381001),	2865	
3497	(0.000381219),	637	
3504	(0.000381982),	1244	
3512	(0.000382854),	615	
3513	(0.000382963),	861	
3518	(0.000383508),	1526	
3523	(0.000384053),	2322	
3533	(0.000385144),	406	
3540	(0.000385907),	721	
3540	(0.000385907),	1989	
3541	(0.000386016),	2242	
3548	(0.000386779),	1684	
3549	(0.000386888),	696	
3556	(0.000387651),	1416	
3568	(0.000388959),	4	
3572	(0.000389395),	281	
3572	(0.000389395),	3266	
3573	(0.000389504),	1573	
3574	(0.000389613),	59	
3580	(0.000390267),	2799	
3588	(0.000391139),	618	
3591	(0.000391466),	2332	
3594	(0.000391793),	575	
3596	(0.000392011),	1031	
3598	(0.000392229),	2622	
3604	(0.000392883),	2706	
3604	(0.000392883),	3284	
3607	(0.000393211),	1689	
3612	(0.000393756),	1562	
3615	(0.000394083),	822	
3619	(0.000394519),	3276	
3625	(0.000395173),	2793	
3632	(0.000395936),	725	
3632	(0.000395936),	2839	
3634	(0.000396154),	2039	
3635	(0.000396263),	933	
3635	(0.000396263),	1125	
3636	(0.000396372),	3093	
3638	(0.00039659),	977	
3639	(0.000396699),	1498	
3640	(0.000396808),	278	
3641	(0.000396917),	2891	
3646	(0.000397462),	1136	
3647	(0.000397571),	801	
3647	(0.000397571),	1945	
3649	(0.000397789),	952	
3651	(0.000398007),	2376	
3659	(0.000398879),	2791	
3662	(0.000399206),	917	
3663	(0.000399315),	2571	
3664	(0.000399424),	702	
3670	(0.000400078),	3010	
3671	(0.000400187),	955	
3672	(0.000400296),	2486	
3676	(0.000400732),	189	
3677	(0.000400841),	1405	
3680	(0.000401168),	338	
3688	(0.000402041),	2604	
3690	(0.000402259),	3260	
3693	(0.000402586),	1626	
3696	(0.000402913),	1226	
3700	(0.000403349),	408	
3711	(0.000404548),	1648	
3713	(0.000404766),	539	
3717	(0.000405202),	2465	
3727	(0.000406292),	2971	
3733	(0.000406946),	296	
3733	(0.000406946),	420	
3739	(0.0004076),	308	
3740	(0.000407709),	599	
3742	(0.000407927),	303	
3748	(0.000408581),	2153	
3750	(0.000408799),	2280	
3754	(0.000409235),	2520	
3760	(0.00040989),	3274	
3764	(0.000410326),	655	
3765	(0.000410435),	3021	
3772	(0.000411198),	2419	
3773	(0.000411307),	493	
3776	(0.000411634),	2847	
3782	(0.000412288),	941	
3783	(0.000412397),	2499	
3784	(0.000412506),	2369	
3789	(0.000413051),	273	
3797	(0.000413923),	2911	
3800	(0.00041425),	1858	
3802	(0.000414468),	2415	
3828	(0.000417302),	1744	
3835	(0.000418066),	833	
3835	(0.000418066),	2594	
3841	(0.00041872),	1985	
3845	(0.000419156),	351	
3848	(0.000419483),	3022	
3852	(0.000419919),	2128	
3853	(0.000420028),	685	
3854	(0.000420137),	2480	
3855	(0.000420246),	1838	
3856	(0.000420355),	321	
3857	(0.000420464),	2816	
3861	(0.0004209),	2979	
3864	(0.000421227),	998	
3868	(0.000421663),	2343	
3870	(0.000421881),	2752	
3870	(0.000421881),	3208	
3871	(0.00042199),	454	
3874	(0.000422317),	1991	
3877	(0.000422644),	2352	
3883	(0.000423298),	3043	
3886	(0.000423625),	1602	
3897	(0.000424824),	1988	
3902	(0.000425369),	1359	
3910	(0.000426242),	20	
3913	(0.000426569),	2387	
3915	(0.000426787),	2368	
3920	(0.000427332),	304	
3925	(0.000427877),	86	
3930	(0.000428422),	2441	
3934	(0.000428858),	2138	
3943	(0.000429839),	1485	
3945	(0.000430057),	709	
3949	(0.000430493),	855	
3951	(0.000430711),	2267	
3954	(0.000431038),	891	
3960	(0.000431692),	3038	
3967	(0.000432455),	2261	
3968	(0.000432564),	249	
3979	(0.000433763),	1284	
3980	(0.000433872),	1893	
3982	(0.00043409),	1666	
3995	(0.000435508),	2902	
3999	(0.000435944),	1202	
4012	(0.000437361),	1016	
4013	(0.00043747),	2588	
4014	(0.000437579),	3110	
4039	(0.000440304),	1959	
4043	(0.00044074),	1143	
4045	(0.000440958),	318	
4047	(0.000441176),	75	
4057	(0.000442266),	2755	
4060	(0.000442593),	2792	
4073	(0.000444011),	3078	
4078	(0.000444556),	3257	
4080	(0.000444774),	1347	
4100	(0.000446954),	1701	
4103	(0.000447281),	1774	
4111	(0.000448153),	301	
4111	(0.000448153),	2398	
4112	(0.000448262),	948	
4113	(0.000448371),	2554	
4114	(0.00044848),	292	
4119	(0.000449025),	1194	
4126	(0.000449788),	1184	
4130	(0.000450224),	423	
4131	(0.000450333),	2194	
4134	(0.00045066),	1072	
4140	(0.000451315),	1355	
4160	(0.000453495),	3143	
4161	(0.000453604),	1926	
4170	(0.000454585),	1460	
4172	(0.000454803),	2658	
4183	(0.000456002),	2794	
4184	(0.000456111),	2296	
4188	(0.000456547),	1389	
4203	(0.000458182),	2533	
4208	(0.000458727),	421	
4208	(0.000458727),	2636	
4218	(0.000459818),	1369	
4218	(0.000459818),	2495	
4224	(0.000460472),	2350	
4231	(0.000461235),	1952	
4234	(0.000461562),	2913	
4235	(0.000461671),	2220	
4239	(0.000462107),	1329	
4240	(0.000462216),	148	
4241	(0.000462325),	197	
4243	(0.000462543),	1570	
4266	(0.00046505),	2660	
4271	(0.000465595),	2633	
4276	(0.00046614),	2874	
4278	(0.000466358),	486	
4281	(0.000466685),	1093	
4300	(0.000468757),	592	
4306	(0.000469411),	2826	
4314	(0.000470283),	1951	
4317	(0.00047061),	103	
4318	(0.000470719),	960	
4321	(0.000471046),	1095	
4327	(0.0004717),	2422	
4340	(0.000473117),	1330	
4342	(0.000473335),	931	
4349	(0.000474098),	3150	
4351	(0.000474316),	3188	
4354	(0.000474643),	1129	
4375	(0.000476933),	1867	
4375	(0.000476933),	2452	
4378	(0.00047726),	179	
4378	(0.00047726),	2904	
4383	(0.000477805),	441	
4384	(0.000477914),	1767	
4398	(0.00047944),	380	
4405	(0.000480203),	1238	
4408	(0.00048053),	385	
4410	(0.000480748),	2239	
4416	(0.000481402),	2418	
4417	(0.000481511),	325	
4437	(0.000483691),	2202	
4440	(0.000484019),	2200	
4443	(0.000484346),	3224	
4456	(0.000485763),	3249	
4457	(0.000485872),	357	
4473	(0.000487616),	851	
4474	(0.000487725),	734	
4482	(0.000488597),	925	
4493	(0.000489796),	1518	
4495	(0.000490014),	2906	
4502	(0.000490777),	2379	
4505	(0.000491104),	1481	
4505	(0.000491104),	3217	
4511	(0.000491758),	1211	
4516	(0.000492304),	2812	
4520	(0.00049274),	1737	
4527	(0.000493503),	2344	
4528	(0.000493612),	2830	
4534	(0.000494266),	574	
4539	(0.000494811),	1445	
4555	(0.000496555),	697	
4562	(0.000497318),	1087	
4569	(0.000498081),	1082	
4575	(0.000498735),	753	
4588	(0.000500152),	622	
4590	(0.00050037),	1391	
4597	(0.000501134),	692	
4599	(0.000501352),	352	
4605	(0.000502006),	2530	
4609	(0.000502442),	2243	
4612	(0.000502769),	2157	
4634	(0.000505167),	70	
4638	(0.000505603),	1740	
4646	(0.000506475),	2235	
4660	(0.000508001),	520	
4663	(0.000508328),	2976	
4664	(0.000508437),	710	
4676	(0.000509746),	1585	
4690	(0.000511272),	620	
4695	(0.000511817),	1199	
4696	(0.000511926),	864	
4699	(0.000512253),	1252	
4730	(0.000515632),	2599	
4738	(0.000516504),	2800	
4745	(0.000517268),	607	
4747	(0.000517486),	1543	
4754	(0.000518249),	1484	
4759	(0.000518794),	276	
4769	(0.000519884),	193	
4775	(0.000520538),	1233	
4782	(0.000521301),	343	
4787	(0.000521846),	2676	
4797	(0.000522936),	741	
4804	(0.000523699),	3058	
4809	(0.000524244),	1029	
4812	(0.000524571),	398	
4823	(0.000525771),	2773	
4860	(0.000529804),	1015	
4864	(0.00053024),	2411	
4870	(0.000530894),	507	
4889	(0.000532965),	435	
4893	(0.000533401),	2691	
4905	(0.00053471),	482	
4916	(0.000535909),	3134	
4936	(0.000538089),	2863	
4944	(0.000538961),	2283	
4952	(0.000539833),	572	
4976	(0.00054245),	1510	
4980	(0.000542886),	610	
4985	(0.000543431),	262	
4985	(0.000543431),	3243	
4986	(0.00054354),	2550	
5005	(0.000545611),	506	
5009	(0.000546047),	838	
5023	(0.000547573),	2684	
5035	(0.000548881),	2163	
5044	(0.000549862),	307	
5054	(0.000550953),	2187	
5056	(0.000551171),	3034	
5057	(0.00055128),	1995	
5067	(0.00055237),	322	
5087	(0.00055455),	2629	
5092	(0.000555095),	690	
5095	(0.000555422),	2515	
5100	(0.000555967),	1214	
5116	(0.000557711),	418	
5121	(0.000558256),	672	
5134	(0.000559674),	2430	
5142	(0.000560546),	2033	
5151	(0.000561527),	1937	
5154	(0.000561854),	1733	
5162	(0.000562726),	3011	
5169	(0.000563489),	141	
5170	(0.000563598),	1207	
5177	(0.000564361),	497	
5183	(0.000565015),	339	
5183	(0.000565015),	2009	
5186	(0.000565342),	895	
5188	(0.00056556),	3259	
5194	(0.000566214),	381	
5196	(0.000566432),	61	
5209	(0.00056785),	1478	
5214	(0.000568395),	786	
5215	(0.000568504),	644	
5225	(0.000569594),	1151	
5226	(0.000569703),	853	
5227	(0.000569812),	52	
5227	(0.000569812),	663	
5233	(0.000570466),	1304	
5235	(0.000570684),	586	
5255	(0.000572864),	897	
5283	(0.000575917),	780	
5288	(0.000576462),	82	
5295	(0.000577225),	258	
5301	(0.000577879),	845	
5303	(0.000578097),	2721	
5317	(0.000579623),	727	
5320	(0.00057995),	54	
5322	(0.000580168),	2224	
5323	(0.000580277),	566	
5331	(0.000581149),	2912	
5332	(0.000581258),	1762	
5335	(0.000581585),	2347	
5336	(0.000581694),	1175	
5366	(0.000584965),	1576	
5375	(0.000585946),	87	
5383	(0.000586818),	1402	
5397	(0.000588344),	1300	
5444	(0.000593468),	56	
5449	(0.000594013),	2074	
5466	(0.000595866),	1928	
5474	(0.000596738),	1371	
5502	(0.00059979),	2513	
5508	(0.000600445),	3117	
5511	(0.000600772),	582	
5543	(0.00060426),	2155	
5545	(0.000604478),	29	
5562	(0.000606331),	2281	
5583	(0.000608621),	2113	
5594	(0.00060982),	2427	
5618	(0.000612436),	2336	
5621	(0.000612763),	2121	
5623	(0.000612981),	774	
5646	(0.000615488),	200	
5649	(0.000615815),	2801	
5655	(0.00061647),	2054	
5663	(0.000617342),	2139	
5704	(0.000621811),	2951	
5717	(0.000623228),	652	
5720	(0.000623555),	762	
5732	(0.000624864),	2638	
5752	(0.000627044),	3148	
5758	(0.000627698),	1017	
5760	(0.000627916),	3299	
5770	(0.000629006),	2655	
5780	(0.000630096),	795	
5785	(0.000630641),	327	
5826	(0.000635111),	256	
5830	(0.000635547),	2395	
5831	(0.000635656),	1861	
5831	(0.000635656),	2950	
5839	(0.000636528),	1452	
5860	(0.000638817),	555	
5884	(0.000641434),	2429	
5884	(0.000641434),	2449	
5885	(0.000641543),	1907	
5886	(0.000641652),	382	
5895	(0.000642633),	237	
5919	(0.000645249),	393	
5940	(0.000647538),	1397	
5963	(0.000650046),	2213	
5963	(0.000650046),	2359	
5973	(0.000651136),	509	
5986	(0.000652553),	562	
6021	(0.000656368),	2827	
6037	(0.000658113),	2106	
6072	(0.000661928),	1894	
6093	(0.000664217),	10	
6101	(0.000665089),	392	
6110	(0.000666071),	2237	
6115	(0.000666616),	1911	
6125	(0.000667706),	2309	
6126	(0.000667815),	370	
6155	(0.000670976),	3300	
6158	(0.000671303),	950	
6167	(0.000672284),	1522	
6171	(0.00067272),	2442	
6181	(0.00067381),	1720	
6182	(0.000673919),	1376	
6194	(0.000675228),	597	
6200	(0.000675882),	1687	
6202	(0.0006761),	743	
6214	(0.000677408),	1953	
6241	(0.000680351),	1810	
6258	(0.000682204),	417	
6263	(0.00068275),	3307	
6268	(0.000683295),	1303	
6326	(0.000689617),	2487	
6396	(0.000697248),	768	
6412	(0.000698992),	2732	
6439	(0.000701936),	2279	
6466	(0.000704879),	716	
6489	(0.000707387),	631	
6505	(0.000709131),	365	
6537	(0.000712619),	1337	
6542	(0.000713164),	949	
6610	(0.000720577),	988	
6695	(0.000729843),	713	
6702	(0.000730606),	1161	
6717	(0.000732242),	2464	
6775	(0.000738564),	2265	
6804	(0.000741726),	328	
6817	(0.000743143),	217	
6844	(0.000746086),	1262	
6871	(0.00074903),	588	
6920	(0.000754371),	2307	
6951	(0.000757751),	973	
7052	(0.000768761),	1430	
7066	(0.000770287),	2313	
7081	(0.000771922),	1707	
7106	(0.000774648),	2410	
7119	(0.000776065),	2532	
7168	(0.000781406),	2905	
7189	(0.000783696),	144	
7210	(0.000785985),	1360	
7220	(0.000787075),	1973	
7258	(0.000791218),	274	
7270	(0.000792526),	1598	
7299	(0.000795687),	2961	
7307	(0.000796559),	2559	
7376	(0.000804081),	1605	
7399	(0.000806588),	516	
7446	(0.000811712),	1065	
7526	(0.000820433),	526	
7527	(0.000820542),	207	
7629	(0.000831662),	2003	
7672	(0.000836349),	2517	
7704	(0.000839838),	1365	
7722	(0.0008418),	2447	
7723	(0.000841909),	2259	
7884	(0.00085946),	560	
7890	(0.000860114),	1074	
7935	(0.00086502),	1586	
7945	(0.00086611),	1704	
7992	(0.000871233),	2923	
8207	(0.000894671),	3027	
8220	(0.000896088),	2836	
8365	(0.000911895),	294	
8439	(0.000919962),	1878	
8526	(0.000929446),	2314	
8558	(0.000932935),	107	
8594	(0.000936859),	2117	
8630	(0.000940784),	1532	
8635	(0.000941329),	2316	
8679	(0.000946125),	359	
8751	(0.000953974),	2088	
8933	(0.000973815),	1555	
8996	(0.000980683),	2489	
9064	(0.000988095),	2525	
9072	(0.000988968),	2757	
9184	(0.00100118),	1176	
9195	(0.00100238),	250	
9208	(0.00100379),	2973	
9264	(0.0010099),	1270	
9277	(0.00101132),	2059	
9409	(0.0010257),	757	
9540	(0.00103999),	391	
9572	(0.00104347),	1837	
9653	(0.0010523),	2180	
9665	(0.00105361),	1775	
9815	(0.00106996),	1336	
9967	(0.00108653),	2300	
10030	(0.0010934),	1801	
10116	(0.00110278),	2739	
10160	(0.00110757),	1519	
10222	(0.00111433),	1814	
10341	(0.00112731),	3197	
10804	(0.00117778),	1096	
11164	(0.00121702),	2925	
11963	(0.00130412),	312	
12082	(0.0013171),	229	
12590	(0.00137248),	1267	
12846	(0.00140038),	860	
13748	(0.00149871),	1041	
13813	(0.0015058),	2811	
14170	(0.00154472),	230	
25832	(0.00281603),	1171	
267086	(0.0291159),	222	
456992	(0.0498181),	218	
457795	(0.0499057),	220	
521264	(0.0568246),	219	
565971	(0.0616983),	0	

#total 9.1732e+06 (25.4811h)
LOG (analyze-counts:main():analyze-counts.cc:193) Summed 9996 int32 vectors to counts, skipped 0 vectors.
LOG (analyze-counts:main():analyze-counts.cc:195) Counts written to exp/tri4b_dnn/ali_train_pdf.counts
