dnn.guoxintech.com
nnet-train-frmshuff --cross-validate=false --randomize=true --verbose=1 --minibatch-size=256 --randomizer-size=32768 --randomizer-seed=777 --learn-rate=0.008 --momentum=0 --l1-penalty=0 --l2-penalty=0 --feature-transform=exp/tri4b_dnn/final.feature_transform 'ark:copy-feats scp:exp/tri4b_dnn/train.scp ark:- | apply-cmvn --norm-means=true --norm-vars=false --utt2spk=ark:data/fbank/train/utt2spk scp:data/fbank/train/cmvn.scp ark:- ark:- |' 'ark:ali-to-pdf exp/tri4b_ali/final.mdl "ark:gunzip -c exp/tri4b_ali/ali.*.gz |" ark:- | ali-to-post ark:- ark:- |' exp/tri4b_dnn/nnet/nnet_iter01_learnrate0.008_tr2.0664_cv2.2117 exp/tri4b_dnn/nnet/nnet_iter02 
LOG (nnet-train-frmshuff:SelectGpuIdAuto():cu-device.cc:301) Selecting from 1 GPUs
LOG (nnet-train-frmshuff:SelectGpuIdAuto():cu-device.cc:316) cudaSetDevice(0): GeForce GTX 960	free:3606M, used:489M, total:4095M, free/total:0.880562
LOG (nnet-train-frmshuff:SelectGpuIdAuto():cu-device.cc:365) Trying to select device: 0 (automatically), mem_ratio: 0.880562
LOG (nnet-train-frmshuff:SelectGpuIdAuto():cu-device.cc:384) Success selecting device 0 free mem ratio: 0.880562
LOG (nnet-train-frmshuff:FinalizeActiveGpu():cu-device.cc:226) The active GPU is [0]: GeForce GTX 960	free:3589M, used:506M, total:4095M, free/total:0.876411 version 5.2
copy-feats scp:exp/tri4b_dnn/train.scp ark:- 
apply-cmvn --norm-means=true --norm-vars=false --utt2spk=ark:data/fbank/train/utt2spk scp:data/fbank/train/cmvn.scp ark:- ark:- 
LOG (nnet-train-frmshuff:Init():nnet-randomizer.cc:31) Seeding by srand with : 777
LOG (nnet-train-frmshuff:main():nnet-train-frmshuff.cc:154) TRAINING STARTED
ali-to-post ark:- ark:- 
ali-to-pdf exp/tri4b_ali/final.mdl 'ark:gunzip -c exp/tri4b_ali/ali.*.gz |' ark:- 
VLOG[1] (nnet-train-frmshuff:main():nnet-train-frmshuff.cc:320) ### After 0 frames,
VLOG[1] (nnet-train-frmshuff:main():nnet-train-frmshuff.cc:321) 
### Forward propagation buffer content :
[0] output of <Input>  ( min -3.28791, max 3.95756, mean 0.0126265, stddev 0.992937, skewness 0.166349, kurtosis -0.735591 ) 
[1] output of <AffineTransform> ( min -46.3337, max 52.9207, mean -2.83333, stddev 6.16106, skewness 0.267128, kurtosis 1.43137 ) 
[2] output of <Sigmoid> ( min 7.54299e-21, max 1, mean 0.302275, stddev 0.392001, skewness 0.876821, kurtosis -0.977012 ) 
[3] output of <AffineTransform> ( min -24.7083, max 19.3176, mean -4.02309, stddev 4.3934, skewness 0.147185, kurtosis 0.444653 ) 
[4] output of <Sigmoid> ( min 1.85924e-11, max 1, mean 0.188063, stddev 0.312542, skewness 1.62721, kurtosis 1.14764 ) 
[5] output of <AffineTransform> ( min -18.9359, max 15.7778, mean -2.82723, stddev 3.25758, skewness 0.204455, kurtosis 0.41051 ) 
[6] output of <Sigmoid> ( min 5.97375e-09, max 1, mean 0.214225, stddev 0.305246, skewness 1.43021, kurtosis 0.645036 ) 
[7] output of <AffineTransform> ( min -27.527, max 19.7335, mean -5.92144, stddev 4.49328, skewness 0.239986, kurtosis 1.24833 ) 
[8] output of <Sigmoid> ( min 1.10958e-12, max 1, mean 0.0993035, stddev 0.244087, skewness 2.75791, kurtosis 6.36064 ) 
[9] output of <AffineTransform> ( min -13.2119, max 23.7796, mean 0.00274532, stddev 3.50593, skewness 0.782002, kurtosis 1.52185 ) 
[10] output of <Softmax> ( min 4.33576e-16, max 0.999742, mean 0.000302297, stddev 0.0117163, skewness 61.279, kurtosis 4225.55 ) 
VLOG[1] (nnet-train-frmshuff:main():nnet-train-frmshuff.cc:323) 
### Backward propagation buffer content :
[0] diff of <Input>  ( min -1.7946, max 1.81065, mean 0.000716464, stddev 0.121021, skewness 0.209057, kurtosis 15.9989 ) 
[1] diff-output of <AffineTransform> ( min -0.333583, max 0.247309, mean -3.81766e-05, stddev 0.00978629, skewness -0.571251, kurtosis 63.7057 ) 
[2] diff-output of <Sigmoid> ( min -1.66155, max 1.2886, mean 0.000151112, stddev 0.103063, skewness -0.0870933, kurtosis 10.14 ) 
[3] diff-output of <AffineTransform> ( min -0.234008, max 0.172864, mean -3.02102e-05, stddev 0.00997739, skewness 0.0144967, kurtosis 33.0101 ) 
[4] diff-output of <Sigmoid> ( min -0.990631, max 0.94137, mean -0.000424565, stddev 0.0967454, skewness -0.0330657, kurtosis 4.8416 ) 
[5] diff-output of <AffineTransform> ( min -0.121011, max 0.133793, mean -1.24714e-05, stddev 0.00931376, skewness 0.0479591, kurtosis 17.4762 ) 
[6] diff-output of <Sigmoid> ( min -0.624381, max 0.591526, mean -0.00097057, stddev 0.0764731, skewness -0.123826, kurtosis 3.23833 ) 
[7] diff-output of <AffineTransform> ( min -0.212914, max 0.393126, mean 5.50398e-05, stddev 0.0101184, skewness 1.29576, kurtosis 68.2089 ) 
[8] diff-output of <Sigmoid> ( min -2.08395, max 2.0063, mean -0.00169396, stddev 0.140532, skewness -0.251157, kurtosis 12.8182 ) 
[9] diff-output of <AffineTransform> ( min -0.999984, max 0.987483, mean 9.6516e-12, stddev 0.014976, skewness -32.737, kurtosis 3186.55 ) 
[10] diff-output of <Softmax> ( min -0.999984, max 0.987483, mean 9.6516e-12, stddev 0.014976, skewness -32.737, kurtosis 3186.55 ) 
VLOG[1] (nnet-train-frmshuff:main():nnet-train-frmshuff.cc:324) 
### Gradient stats :
Component 1 : <AffineTransform>, 
  linearity_grad ( min -1.84169, max 1.45643, mean 0.0184065, stddev 0.172784, skewness 0.0617627, kurtosis 3.47382 ) , lr-coef 1, max-norm 0
  bias_grad ( min -1.64214, max 1.18539, mean -0.00977322, stddev 0.206698, skewness -0.331372, kurtosis 6.45285 ) , lr-coef 1
Component 2 : <Sigmoid>, 
Component 3 : <AffineTransform>, 
  linearity_grad ( min -0.841986, max 0.859581, mean -0.0031288, stddev 0.0870646, skewness 0.0914075, kurtosis 3.88263 ) , lr-coef 1, max-norm 0
  bias_grad ( min -0.828187, max 0.87333, mean -0.00773382, stddev 0.21527, skewness 0.0658774, kurtosis 1.28081 ) , lr-coef 1
Component 4 : <Sigmoid>, 
Component 5 : <AffineTransform>, 
  linearity_grad ( min -0.603221, max 0.562801, mean -0.000633204, stddev 0.0646534, skewness 0.0778691, kurtosis 3.43924 ) , lr-coef 1, max-norm 0
  bias_grad ( min -0.714238, max 0.633068, mean -0.00319267, stddev 0.203224, skewness 0.120123, kurtosis 0.18286 ) , lr-coef 1
Component 6 : <Sigmoid>, 
Component 7 : <AffineTransform>, 
  linearity_grad ( min -0.676919, max 1.20258, mean 0.00323146, stddev 0.0684401, skewness 0.522681, kurtosis 7.26764 ) , lr-coef 1, max-norm 0
  bias_grad ( min -0.643659, max 1.18067, mean 0.0140902, stddev 0.196364, skewness 0.303901, kurtosis 1.98406 ) , lr-coef 1
Component 8 : <Sigmoid>, 
Component 9 : <AffineTransform>, 
  linearity_grad ( min -8.25992, max 5.55749, mean -1.53063e-09, stddev 0.0703863, skewness -9.00524, kurtosis 704.003 ) , lr-coef 1, max-norm 0
  bias_grad ( min -8.16246, max 5.60543, mean -4.65203e-09, stddev 0.289578, skewness -5.77606, kurtosis 241.381 ) , lr-coef 0.1
Component 10 : <Softmax>, 
LOG (ali-to-pdf:main():ali-to-pdf.cc:68) Converted 9996 alignments to pdf sequences.
VLOG[1] (nnet-train-frmshuff:Eval():nnet-loss.cc:135) ProgressLoss[last 1h of 1h]: 1.55007 (Xent)
LOG (ali-to-post:main():ali-to-post.cc:65) Converted 9996 alignments.
WARNING (nnet-train-frmshuff:main():nnet-train-frmshuff.cc:169) A23_204, missing targets
VLOG[1] (nnet-train-frmshuff:Eval():nnet-loss.cc:135) ProgressLoss[last 1h of 2h]: 1.52992 (Xent)
VLOG[1] (nnet-train-frmshuff:Eval():nnet-loss.cc:135) ProgressLoss[last 1h of 3h]: 1.49159 (Xent)
VLOG[1] (nnet-train-frmshuff:Eval():nnet-loss.cc:135) ProgressLoss[last 1h of 4h]: 1.47424 (Xent)
VLOG[1] (nnet-train-frmshuff:Eval():nnet-loss.cc:135) ProgressLoss[last 1h of 5h]: 1.47827 (Xent)
VLOG[1] (nnet-train-frmshuff:Eval():nnet-loss.cc:135) ProgressLoss[last 1h of 6h]: 1.46405 (Xent)
VLOG[1] (nnet-train-frmshuff:Eval():nnet-loss.cc:135) ProgressLoss[last 1h of 7h]: 1.44854 (Xent)
VLOG[1] (nnet-train-frmshuff:Eval():nnet-loss.cc:135) ProgressLoss[last 1h of 8h]: 1.44108 (Xent)
VLOG[1] (nnet-train-frmshuff:Eval():nnet-loss.cc:135) ProgressLoss[last 1h of 9h]: 1.44905 (Xent)
VLOG[1] (nnet-train-frmshuff:Eval():nnet-loss.cc:135) ProgressLoss[last 1h of 10h]: 1.41416 (Xent)
VLOG[1] (nnet-train-frmshuff:Eval():nnet-loss.cc:135) ProgressLoss[last 1h of 11h]: 1.41041 (Xent)
VLOG[1] (nnet-train-frmshuff:Eval():nnet-loss.cc:135) ProgressLoss[last 1h of 12h]: 1.39625 (Xent)
VLOG[1] (nnet-train-frmshuff:main():nnet-train-frmshuff.cc:272) After 5000 utterances: time elapsed = 4.06142 min; processed 18751 frames per second.
VLOG[1] (nnet-train-frmshuff:Eval():nnet-loss.cc:135) ProgressLoss[last 1h of 13h]: 1.40698 (Xent)
VLOG[1] (nnet-train-frmshuff:Eval():nnet-loss.cc:135) ProgressLoss[last 1h of 14h]: 1.37216 (Xent)
VLOG[1] (nnet-train-frmshuff:Eval():nnet-loss.cc:135) ProgressLoss[last 1h of 15h]: 1.38016 (Xent)
VLOG[1] (nnet-train-frmshuff:Eval():nnet-loss.cc:135) ProgressLoss[last 1h of 16h]: 1.3786 (Xent)
VLOG[1] (nnet-train-frmshuff:Eval():nnet-loss.cc:135) ProgressLoss[last 1h of 17h]: 1.36035 (Xent)
VLOG[1] (nnet-train-frmshuff:Eval():nnet-loss.cc:135) ProgressLoss[last 1h of 18h]: 1.36399 (Xent)
VLOG[1] (nnet-train-frmshuff:Eval():nnet-loss.cc:135) ProgressLoss[last 1h of 19h]: 1.33565 (Xent)
VLOG[1] (nnet-train-frmshuff:Eval():nnet-loss.cc:135) ProgressLoss[last 1h of 20h]: 1.3374 (Xent)
WARNING (nnet-train-frmshuff:main():nnet-train-frmshuff.cc:169) A23_107, missing targets
VLOG[1] (nnet-train-frmshuff:Eval():nnet-loss.cc:135) ProgressLoss[last 1h of 21h]: 1.32431 (Xent)
VLOG[1] (nnet-train-frmshuff:Eval():nnet-loss.cc:135) ProgressLoss[last 1h of 22h]: 1.34176 (Xent)
VLOG[1] (nnet-train-frmshuff:Eval():nnet-loss.cc:135) ProgressLoss[last 1h of 23h]: 1.30673 (Xent)
WARNING (nnet-train-frmshuff:main():nnet-train-frmshuff.cc:169) C22_500, missing targets
WARNING (nnet-train-frmshuff:main():nnet-train-frmshuff.cc:169) C21_672, missing targets
VLOG[1] (nnet-train-frmshuff:Eval():nnet-loss.cc:135) ProgressLoss[last 1h of 24h]: 1.32327 (Xent)
VLOG[1] (nnet-train-frmshuff:Eval():nnet-loss.cc:135) ProgressLoss[last 1h of 25h]: 1.30813 (Xent)
LOG (copy-feats:main():copy-feats.cc:101) Copied 10000 feature matrices.
LOG (apply-cmvn:main():apply-cmvn.cc:146) Applied cepstral mean normalization to 10000 utterances, errors on 0
VLOG[1] (nnet-train-frmshuff:main():nnet-train-frmshuff.cc:345) ### After 9172992 frames,
VLOG[1] (nnet-train-frmshuff:main():nnet-train-frmshuff.cc:346) 
### Forward propagation buffer content :
[0] output of <Input>  ( min -3.05699, max 3.97779, mean -0.0266961, stddev 0.94405, skewness 0.143742, kurtosis -0.532818 ) 
[1] output of <AffineTransform> ( min -65.4894, max 72.4189, mean -3.32711, stddev 7.19408, skewness 0.259683, kurtosis 1.64877 ) 
[2] output of <Sigmoid> ( min 3.61657e-29, max 1, mean 0.30108, stddev 0.401567, skewness 0.878251, kurtosis -1.01633 ) 
[3] output of <AffineTransform> ( min -33.0306, max 21.6124, mean -4.93039, stddev 5.25101, skewness 0.151603, kurtosis 0.428529 ) 
[4] output of <Sigmoid> ( min 4.51851e-15, max 1, mean 0.178699, stddev 0.319346, skewness 1.69536, kurtosis 1.291 ) 
[5] output of <AffineTransform> ( min -21.313, max 15.6176, mean -3.48183, stddev 3.69032, skewness 0.158604, kurtosis 0.333006 ) 
[6] output of <Sigmoid> ( min 5.54465e-10, max 1, mean 0.191098, stddev 0.301983, skewness 1.60087, kurtosis 1.14065 ) 
[7] output of <AffineTransform> ( min -27.6498, max 22.8951, mean -6.22724, stddev 4.6585, skewness 0.220567, kurtosis 1.00197 ) 
[8] output of <Sigmoid> ( min 9.81391e-13, max 1, mean 0.0975493, stddev 0.243206, skewness 2.78272, kurtosis 6.49461 ) 
[9] output of <AffineTransform> ( min -13.6563, max 25.7697, mean 0.00314917, stddev 3.68132, skewness 0.759502, kurtosis 1.49141 ) 
[10] output of <Softmax> ( min 2.54416e-17, max 0.999823, mean 0.000302297, stddev 0.0131737, skewness 60.0986, kurtosis 3889.22 ) 
VLOG[1] (nnet-train-frmshuff:main():nnet-train-frmshuff.cc:348) 
### Backward propagation buffer content :
[0] diff of <Input>  ( min -1.89011, max 3.07227, mean -0.000427645, stddev 0.0870201, skewness 0.779568, kurtosis 54.5318 ) 
[1] diff-output of <AffineTransform> ( min -0.139364, max 0.296484, mean 4.725e-05, stddev 0.00632499, skewness 1.1839, kurtosis 94.1273 ) 
[2] diff-output of <Sigmoid> ( min -1.39138, max 1.44988, mean 0.000795992, stddev 0.0721372, skewness 0.123782, kurtosis 16.032 ) 
[3] diff-output of <AffineTransform> ( min -0.174726, max 0.199402, mean -1.64859e-05, stddev 0.00697636, skewness -0.232896, kurtosis 70.2357 ) 
[4] diff-output of <Sigmoid> ( min -1.02889, max 1.03941, mean 0.000171815, stddev 0.0759478, skewness -0.0494933, kurtosis 10.3719 ) 
[5] diff-output of <AffineTransform> ( min -0.153849, max 0.120696, mean -5.6207e-06, stddev 0.00710801, skewness 0.0160379, kurtosis 39.8316 ) 
[6] diff-output of <Sigmoid> ( min -0.799659, max 0.78368, mean 0.000305129, stddev 0.0653187, skewness -0.179592, kurtosis 8.63115 ) 
[7] diff-output of <AffineTransform> ( min -0.22992, max 0.262243, mean -1.98549e-05, stddev 0.0077946, skewness 0.0538306, kurtosis 95.4816 ) 
[8] diff-output of <Sigmoid> ( min -1.63303, max 1.3174, mean 0.00149522, stddev 0.10437, skewness -0.158988, kurtosis 17.6665 ) 
[9] diff-output of <AffineTransform> ( min -0.999877, max 0.919593, mean 1.1555e-11, stddev 0.0103307, skewness -43.0664, kurtosis 5355.93 ) 
[10] diff-output of <Softmax> ( min -0.999877, max 0.919593, mean 1.1555e-11, stddev 0.0103307, skewness -43.0664, kurtosis 5355.93 ) 
VLOG[1] (nnet-train-frmshuff:main():nnet-train-frmshuff.cc:349) 
### Gradient stats :
Component 1 : <AffineTransform>, 
  linearity_grad ( min -0.757057, max 0.988764, mean -0.00407405, stddev 0.0937487, skewness -0.0752249, kurtosis 1.88138 ) , lr-coef 1, max-norm 0
  bias_grad ( min -0.45069, max 0.3808, mean 0.012096, stddev 0.105875, skewness -0.124161, kurtosis 1.47995 ) , lr-coef 1
Component 2 : <Sigmoid>, 
Component 3 : <AffineTransform>, 
  linearity_grad ( min -0.488274, max 0.38937, mean -0.000999894, stddev 0.0578655, skewness -0.126561, kurtosis 2.76371 ) , lr-coef 1, max-norm 0
  bias_grad ( min -0.481838, max 0.353502, mean -0.00422039, stddev 0.116506, skewness -0.171276, kurtosis 0.486212 ) , lr-coef 1
Component 4 : <Sigmoid>, 
Component 5 : <AffineTransform>, 
  linearity_grad ( min -0.538481, max 0.53866, mean -0.000281241, stddev 0.044829, skewness -0.00759212, kurtosis 4.35226 ) , lr-coef 1, max-norm 0
  bias_grad ( min -0.577882, max 0.639578, mean -0.0014389, stddev 0.122414, skewness 0.0720606, kurtosis 1.22251 ) , lr-coef 1
Component 6 : <Sigmoid>, 
Component 7 : <AffineTransform>, 
  linearity_grad ( min -0.544933, max 0.59254, mean -0.00110736, stddev 0.0477512, skewness -0.0322849, kurtosis 6.57041 ) , lr-coef 1, max-norm 0
  bias_grad ( min -0.485858, max 0.577137, mean -0.00508286, stddev 0.136531, skewness -0.00834712, kurtosis 1.37641 ) , lr-coef 1
Component 8 : <Sigmoid>, 
Component 9 : <AffineTransform>, 
  linearity_grad ( min -3.2895, max 3.74203, mean -7.25576e-10, stddev 0.0490627, skewness -12.2949, kurtosis 560.646 ) , lr-coef 1, max-norm 0
  bias_grad ( min -3.27078, max 4.10166, mean -1.84375e-09, stddev 0.201324, skewness -2.84468, kurtosis 117.579 ) , lr-coef 0.1
Component 10 : <Softmax>, 
LOG (nnet-train-frmshuff:main():nnet-train-frmshuff.cc:357) Done 9996 files, 4 with no tgt_mats, 0 with other errors. [TRAINING, RANDOMIZED, 8.06514 min, fps18956.1]
LOG (nnet-train-frmshuff:main():nnet-train-frmshuff.cc:366) PER-CLASS PERFORMANCE:
@@@ Frames per-class: [ 565947 488 1856 2655 3568 781 1492 366 1178 2601 6093 275 1750 2781 625 562 407 2075 713 1564 3910 315 721 484 3131 1228 388 886 1838 5544 1216 582 998 1423 2274 2478 2622 648 1450 1302 3270 319 837 506 1459 1185 413 2751 2642 2203 1697 113 5227 1522 5320 974 5444 610 2375 3574 2645 5196 2948 961 731 1034 885 1070 246 1967 4634 2320 1158 297 837 4047 1525 649 614 329 1269 241 5288 211 2298 1571 3925 5375 490 2188 672 1219 1570 1059 214 2868 2349 1561 1557 443 673 446 850 4317 148 823 1698 8558 1527 0 2752 1090 2060 2968 650 3118 497 1859 3307 2522 2642 0 502 1250 502 1164 1593 1240 1894 425 764 405 3235 1498 1909 286 628 631 1133 408 1937 5169 907 577 7189 707 2964 1322 4240 1153 1437 2810 2452 800 3284 2090 488 3356 216 200 1059 329 1589 0 2074 357 1356 254 199 1331 812 1760 1611 389 691 0 0 0 935 4378 450 2722 3 1794 718 428 600 126 1580 3676 736 1947 258 4769 2271 2576 1561 4241 384 1310 5646 1701 3079 0 1076 2731 532 7527 0 2363 3097 163 2514 164 703 969 2310 6817 456986 521258 457790 3007 267081 806 2722 3400 2626 2194 884 12081 14170 2836 916 1080 1386 2009 2615 5895 547 3387 1384 774 2474 1007 2048 1851 1941 1387 1719 3968 9195 2158 2714 464 1071 1666 5826 953 5295 1610 844 1360 4983 1283 922 757 1279 3052 1651 878 958 3480 1368 3789 7258 1366 4759 1405 3640 2311 1961 3572 1357 2092 688 1531 2457 1279 1127 2663 707 1059 4114 2466 8365 842 3733 1395 1405 2049 1936 4111 695 3742 3920 2452 691 5044 3739 574 2752 1057 11963 1165 1200 1094 2323 2129 4045 1147 2060 3856 5067 1012 1343 4417 507 5785 6804 3409 620 684 1099 1456 1313 2262 2997 2296 3680 5183 1546 817 1985 4782 2240 424 796 983 1542 3053 1395 3845 4599 910 2240 2268 1572 4457 942 8678 1016 2652 1695 2753 2160 6505 1581 815 389 2237 6126 935 3220 926 3457 781 3001 1781 1857 991 4395 5194 5886 1572 1385 4408 568 1182 2356 548 466 9540 6101 5919 2224 1117 734 2194 4812 1222 1826 931 1372 2310 725 1123 3533 1450 3700 2209 2969 3288 1248 1832 1013 985 1170 6258 5116 863 3733 4208 1999 4130 2366 1045 2905 460 2195 1416 873 1511 1830 1102 1103 4889 3334 724 2791 2785 1854 4383 1146 2259 652 1058 1069 3320 2956 2959 2039 2309 1423 378 3871 1374 1954 1037 362 2170 531 1351 1300 1160 1107 3253 2243 1083 1565 1956 840 1071 797 758 1662 510 1633 1577 782 941 1778 458 4905 1283 2685 1150 4278 2389 2779 1293 575 617 1748 3773 706 1488 1964 5177 1454 1478 907 3027 1330 2638 1517 760 5005 4870 542 5973 1408 822 1048 501 1852 1881 7399 1286 518 1293 4660 1265 462 2474 897 2851 7526 597 1847 1938 3365 1063 718 832 1714 1671 2185 316 1406 3713 1710 1093 1209 2779 3231 1193 1774 523 3055 1807 1242 1638 690 1784 2443 5860 237 834 2022 1533 7884 1481 5986 2881 1432 2162 5323 1056 883 468 2279 936 4949 2126 4534 3594 910 1903 1383 3292 1742 794 5511 3029 1841 758 5233 2350 6871 1635 448 2062 4300 2383 1040 2219 531 6194 1951 3740 1741 928 2361 550 1009 476 422 4745 2207 3135 4979 3034 904 833 1977 3512 2834 1203 3588 1709 4690 721 4587 940 780 1690 842 2192 2055 1022 666 6489 3179 1739 1072 1686 1401 3497 852 2930 1689 2321 2712 912 5215 864 856 1363 1158 1790 1447 893 5717 2142 796 3762 1980 1338 1473 2273 1807 1778 705 5227 740 3426 1105 3377 389 214 2219 2097 5121 349 2093 2243 1645 1155 1494 740 1376 1274 2612 1287 2149 3853 1211 888 2298 2586 5092 961 4597 1455 1310 513 3549 4555 1052 2680 1493 1955 3664 821 977 251 558 2583 1649 3945 4664 2782 1065 6695 1722 1408 6466 2230 3325 2485 1083 3540 3341 639 796 3632 544 5317 252 2049 3176 569 980 1441 4474 1256 1079 1369 1392 1467 796 4797 1843 6202 3201 3167 2427 3000 630 2873 1561 2473 3445 4575 1056 1345 1787 9409 1435 2075 2351 1716 5718 1116 523 606 1464 344 6396 687 942 786 1742 857 5623 1079 1377 1532 760 1537 5283 3383 1336 1696 1089 1654 5214 1628 1073 1687 1268 3150 2122 2959 1047 5780 760 2154 2320 3341 1786 3647 407 1146 2159 2296 1319 1417 405 2610 1412 1569 2257 1018 417 1735 569 917 1556 1154 941 2360 3615 407 624 737 2779 2085 2323 1268 938 3202 3287 3835 532 652 3276 1566 5009 1727 424 1105 1850 2810 1625 5301 1910 928 1328 1025 790 4473 2823 5226 955 3949 1577 561 1852 1243 12846 3513 1837 2691 4696 2810 2167 364 721 1233 2556 977 538 2001 948 1457 1554 829 1559 1904 1390 1614 1126 907 1129 2803 2316 3477 860 2720 581 3954 442 987 1590 5186 1550 5255 1331 1314 2612 438 580 1501 2370 2136 3039 2817 1957 2556 1384 345 373 707 2206 714 1059 3662 3193 1348 1228 2066 1625 1228 1769 4482 927 2151 1790 3480 1153 4341 1177 3635 194 1782 2352 1010 510 1603 1247 3782 1991 1307 645 767 787 647 4112 6542 6158 2615 3649 3004 770 3671 697 2684 2461 2004 4318 2822 1474 2478 2663 1005 1526 1287 1869 1798 1381 2329 2502 6950 3292 1682 1617 3635 2217 2554 1355 611 992 1868 1451 3096 535 464 6610 850 2089 1563 1369 1774 359 2140 1924 1982 3864 3249 2231 1309 960 1136 867 1090 1773 1246 669 1346 1106 999 1450 2672 2220 4860 4012 5758 417 866 588 857 1560 2491 1469 960 796 792 2109 4809 1608 3596 622 852 2288 3194 1040 1371 1800 306 1648 13748 841 1477 2744 1961 1258 1618 813 668 180 1742 1301 1411 583 2428 2314 529 1484 2865 1144 2331 757 504 3383 7446 961 3161 1982 1486 1203 3120 4134 1064 7890 2095 3005 1419 854 2826 1733 1734 4569 3390 1568 1082 443 4562 596 1696 3461 1965 729 4281 2872 4321 10804 1439 2193 1279 1224 647 2216 666 980 1102 523 723 1649 2346 2039 721 2250 438 2214 970 886 1156 781 1945 2164 2728 2087 1722 815 3635 960 986 1950 4354 2593 1676 1695 927 1235 891 3646 1345 2269 928 1211 1006 988 4043 251 2576 1821 772 2564 1488 1179 5225 2868 702 1607 2803 1757 2892 606 725 3310 6702 882 1544 1946 967 1608 1446 1674 1037 1892 25831 2168 1720 3053 5336 9184 1336 696 728 2765 702 1173 2913 4126 1888 767 1027 768 1408 2697 2542 1875 493 4119 673 2647 1984 1284 4695 1568 1540 3999 1796 364 1240 892 5170 1427 1450 922 4511 2470 1012 5100 1479 2281 2349 1471 1022 584 1087 1089 1607 1582 1487 3695 1709 1062 490 787 450 1061 4775 2048 3192 1408 1607 4405 3421 1158 439 2724 121 3504 2856 1621 1873 2965 747 821 560 4699 417 1614 579 2153 468 236 735 729 1184 6841 1127 790 521 2414 12590 1228 2492 9263 1802 1239 2463 1731 426 985 1252 2464 399 863 1346 2443 2530 3979 3347 2064 1457 633 664 1619 519 1495 2600 2249 1447 537 625 1022 309 5397 628 1057 6266 5232 2355 512 492 556 756 2648 2243 2021 1097 648 1641 1100 2418 3479 1159 246 798 621 1521 392 1107 209 2280 1084 4239 4340 516 603 615 2615 1630 9815 6536 2931 1345 2581 2253 1078 1049 814 1645 620 4080 2424 461 2396 1288 1593 2381 1129 4140 656 1715 2828 3902 7210 3110 2626 2342 789 7704 1765 2172 1084 4217 1129 5474 278 1360 1202 1519 6182 1087 361 267 1424 1371 1510 2905 1784 360 490 2399 1321 4188 1222 4590 1455 1041 1340 1045 2495 5940 1032 722 3077 1289 5383 998 2269 3677 678 849 1547 685 1141 2040 1235 1398 1205 705 3556 429 3420 1905 688 1499 1067 1675 2514 1643 2531 365 2244 2679 7052 2466 3034 1250 3468 1008 1355 815 700 471 2091 1834 2880 598 1610 4539 834 2860 701 3463 2072 1630 5839 3312 636 1584 2882 969 738 2142 4170 836 2388 652 1440 789 1133 967 1412 982 1062 387 1749 1077 2078 1954 1744 848 5209 2447 799 4505 853 2466 4754 3943 734 688 1388 492 1093 1102 1728 662 1163 2823 3096 1505 3639 924 1356 1211 932 1240 890 2025 1653 1133 774 711 4976 2049 1194 1959 2338 2719 2832 1322 4493 10160 1333 673 6167 1140 2433 392 3518 774 1011 357 727 1048 8630 748 1380 983 2324 775 1348 724 1421 480 901 4747 923 1315 844 1760 2875 762 1470 1527 956 1209 1665 8933 3283 945 1328 395 1249 2934 3612 1242 472 1087 2103 3023 1054 1244 4243 1258 1286 3573 2005 1102 5365 3159 2202 1951 1359 2009 847 2157 2213 4676 7935 2414 2365 1205 1291 1732 1202 1273 460 661 1013 1250 7269 424 2763 1511 3886 358 1846 7376 2224 1870 1580 531 2115 1696 1143 398 2370 1493 1181 1582 1971 894 2301 1298 1821 2372 844 564 3693 1439 3123 1116 487 1694 1023 2536 2421 1453 3031 957 1413 1411 1558 2961 2019 1559 2810 1075 1268 2291 3711 1144 838 1815 2740 2680 386 860 1181 221 2668 2695 504 448 2795 2334 603 2111 3982 2586 2173 2751 568 611 1484 594 1346 665 675 1032 2794 1105 793 2162 2104 720 3548 1625 2442 6200 425 3607 1457 787 2666 1578 3275 1233 2291 958 642 2109 1032 4100 959 1005 7944 802 945 7081 890 1477 794 2864 2093 2411 1137 162 1634 997 312 1648 6181 1400 1195 315 1848 2029 1120 1430 2429 2755 1040 1039 884 5154 1653 2471 362 4520 2676 1358 4638 667 1346 2032 3828 1701 1895 463 339 3390 845 1083 890 2640 869 947 1978 1450 1394 1092 1795 579 5332 1984 1149 383 982 4384 717 1988 864 1892 1484 1219 4103 9665 842 1041 3082 2885 1987 1322 696 836 1268 1338 1254 2606 949 2818 3056 2264 820 2171 1978 1896 1014 471 1582 864 2126 10030 1910 249 2164 761 2268 1685 370 3007 6240 2600 2789 1952 10222 2530 602 810 3208 3269 1206 1725 628 1981 590 732 818 1942 2305 1184 1386 839 674 690 1038 838 691 9572 3855 1985 1477 972 655 934 515 549 3124 1817 1285 1010 396 1557 1158 703 2150 745 2869 1262 3799 1077 1454 5829 3440 2236 1695 1208 3307 4375 477 2950 1672 1630 662 1360 1384 1945 1000 1007 8439 762 2853 3017 1814 995 949 1613 1216 3178 289 647 3028 2883 1825 3980 6072 1910 1811 1107 951 2062 2289 780 2344 1572 2312 2003 624 5885 3440 2808 509 6115 2247 1202 1605 915 1123 761 1158 977 1627 2912 641 654 680 1927 4161 589 5466 830 1656 736 355 1137 2164 517 2620 5151 613 1322 714 2117 833 2199 1599 3647 1024 1657 1010 759 1162 4314 4231 6213 966 1265 867 2179 3225 4039 2277 1419 2397 446 486 2868 714 3047 547 2428 2300 2427 1217 7220 474 1634 3104 578 827 615 1030 997 610 3038 438 3841 664 1364 3897 3540 2507 3874 1265 1956 1513 5057 2563 737 888 969 1294 1722 993 7629 1991 3141 267 686 1608 5183 279 1959 1180 1034 830 1108 726 1777 1386 611 285 1003 1403 326 2944 940 2920 3311 3176 1268 2215 720 2252 5142 1059 3411 1446 3119 1727 3634 602 2321 2200 1255 1613 1776 2280 1504 467 1141 1456 1492 1286 662 5655 3089 495 1350 1001 9277 848 912 2309 1058 1399 1959 638 1791 545 2862 2310 746 1616 2052 5449 1260 1255 3379 1751 1337 1938 738 3484 1951 3157 266 1704 940 8750 745 3461 1382 338 320 723 3190 1126 3202 3269 610 938 682 533 1199 707 324 6037 514 1694 633 398 631 1022 5583 621 547 1058 8594 1514 1024 1524 5619 1797 810 930 625 767 2469 3852 2711 703 2282 2933 2985 1282 2704 1812 3168 3934 5663 1646 2580 1446 318 2479 2363 966 2011 496 437 1144 2147 784 3748 2893 5543 2302 4612 1146 2394 432 2109 991 5035 1114 2154 511 2139 2681 2316 1244 1481 1022 3266 701 1112 874 2343 3357 1849 9651 356 2821 2464 2363 787 479 5054 934 1128 1411 497 548 1298 4131 952 1182 3451 1500 805 4440 240 4433 766 2006 2532 1375 1282 2519 441 1343 883 1934 5963 584 3273 537 544 1023 923 4234 467 1171 2500 5322 2212 3384 1655 2157 1181 1008 1662 836 2243 3013 4646 571 6110 1382 4410 3389 643 3541 4609 1452 1604 3044 663 734 1778 1334 826 1392 883 1260 1922 1062 282 1130 7723 2146 3967 2064 1501 726 6774 3274 3951 447 2538 950 2069 500 2974 2144 2571 2280 772 3164 6438 3750 5562 1567 4944 744 475 2717 1924 1989 989 1833 3019 1019 2023 1637 1188 4184 2163 509 2230 9967 974 1145 1755 1817 1647 1315 6920 1275 6124 1775 617 1805 7066 8526 1677 8634 1016 621 3220 698 1226 3523 583 1972 3493 1631 1181 1376 3035 1040 1236 3591 2252 1778 184 5618 2546 3420 3074 1087 1806 3141 3868 4527 1624 911 5335 2284 2266 4224 1788 3877 469 717 986 1358 574 1667 5963 1110 1855 677 637 3072 1587 1585 1333 3915 3784 2008 1297 1434 1242 1784 1490 3651 543 1764 4502 2713 702 2793 2654 2010 1447 1570 3913 1998 3164 663 2297 1818 1338 1484 5830 2250 501 4111 965 1111 802 1914 2302 1804 777 874 2596 2773 1759 7106 4864 3059 1259 1607 3802 2004 1689 4416 3772 453 1907 4327 860 1476 1793 3242 5594 885 5884 5134 1264 1056 3366 3445 1763 677 1609 1396 807 2498 3930 6171 1226 2063 1066 1422 7722 685 5884 1294 468 4375 1082 2133 2685 933 1032 1350 1187 1456 430 1094 2376 6717 3717 2148 750 2829 1890 2546 1391 1207 3372 2294 2908 1878 836 1883 2834 3854 2415 3451 461 2654 2365 3672 6326 1238 8996 399 2134 990 479 1009 4218 1853 2771 1034 3783 447 1902 714 885 1732 1024 1374 395 1484 1334 612 1568 897 5502 1857 5095 3170 7672 945 1111 3754 727 819 2281 1199 9064 2375 2368 1680 2254 4605 1924 7118 4203 1201 1645 2112 921 640 2501 735 707 2568 1334 968 567 438 2803 1090 1099 4986 1520 1321 1062 4113 1609 401 491 308 7307 1560 1150 1970 1825 2177 1602 3313 1292 1891 1352 338 3663 1268 3012 2078 2392 1570 1522 3156 2311 1428 2028 1219 970 3104 2312 700 643 4013 1743 963 1459 611 1401 3834 415 3036 853 1532 4730 3047 552 1316 1239 3688 1204 2686 466 1280 2088 1951 1757 2895 1453 2412 1909 2446 1202 1353 2416 841 1495 3598 1600 1796 2336 1267 332 2473 5087 2710 1499 2886 4271 1851 3257 4208 1455 5731 245 2094 2281 2159 1571 1345 2045 2460 2748 1478 1000 584 225 1123 1475 674 5770 558 1295 4172 492 4266 602 1347 1846 2675 646 932 1469 1704 1203 458 730 2135 968 2227 693 4787 681 1403 965 1331 274 762 1327 5023 1977 1279 1073 1399 2732 1459 4892 1066 519 2324 2060 701 1621 3157 1536 2132 702 1712 2520 2911 1523 3604 1463 1321 539 1930 1439 947 1199 2178 887 690 2163 769 711 1258 5303 2337 966 905 2608 1382 485 877 1874 2954 2161 6412 1524 607 2271 963 2337 1229 10114 639 975 1622 2680 2838 1392 638 2486 1983 1277 626 3335 3870 1985 1859 4057 2132 9072 2734 1594 671 2262 1780 761 1079 1699 350 926 1891 785 1396 1691 412 4823 990 3236 849 424 2395 1107 2580 2907 2942 1881 872 3169 1151 990 865 2168 1899 3659 4060 3625 4183 2524 1459 2509 1153 3580 4738 5649 1394 1415 2259 853 576 1602 2298 733 816 13813 4516 989 903 988 3857 1108 2735 1633 2980 2193 2030 412 2072 418 4306 6021 1817 1338 4528 2952 773 526 1026 891 8220 1243 725 3632 1391 1569 3378 1253 817 2786 1134 3776 722 1053 1074 1762 738 943 787 970 1741 2845 1994 968 2138 350 1424 4936 621 3495 197 3013 2615 573 2372 1957 1345 2558 4276 2112 3206 1601 2453 2461 1987 2418 3393 1063 389 624 1084 3434 761 455 682 3641 1288 1076 2498 1065 1635 1901 3161 2980 2732 605 3995 2330 4378 7168 4495 1126 1596 2523 1829 3797 5331 4234 2433 1515 1633 1720 1330 3338 1710 733 2433 7992 991 11164 732 614 3046 2761 3368 557 3081 1779 1636 2619 694 2075 2362 964 3432 2683 2427 1289 781 1884 1658 1121 2527 2059 5831 5704 2017 1483 1595 878 609 1121 465 2245 3080 7299 741 2324 1876 1148 1753 3183 954 2198 506 3727 2952 9207 787 238 4663 3014 1682 3861 2027 464 1143 548 1306 700 2700 1994 1951 1178 3376 2464 519 2054 1320 2098 554 2696 1810 2339 1325 814 1441 1412 2038 2703 1870 1148 3441 964 3670 5162 1273 1146 989 1599 1142 1667 1148 990 2367 3765 3848 2964 1386 1060 2371 8207 1375 2141 3477 2472 1282 2267 5056 628 957 2283 3960 526 3164 1455 951 3883 1189 620 909 2379 510 1578 758 652 895 2566 1522 792 2563 2780 4804 982 505 588 2630 3015 2535 2394 3194 2051 3471 813 1516 2885 640 1601 1908 2467 516 1683 4072 1079 1507 3035 1727 2325 1558 2674 508 3277 1316 901 913 2057 2007 3636 288 2914 2134 3067 1325 380 813 461 441 1578 683 3346 1235 1952 584 951 4014 823 1855 2148 577 2449 2360 5508 1299 645 1791 3335 2051 1302 3220 2015 2688 1021 352 2021 2898 787 1061 646 4915 2483 2662 1268 1165 932 2069 1707 402 4160 2874 945 624 547 5751 318 4349 1503 721 826 3154 1568 2131 644 905 1709 833 984 757 2364 2398 1390 2286 3031 2180 1097 570 864 1239 1227 440 1209 1473 1391 1240 3103 531 1733 804 805 1338 2055 2229 2201 4351 2201 3254 651 1666 484 685 1718 1045 10341 637 764 677 1215 2002 2385 768 484 1045 1684 3870 1407 1250 2014 902 2775 278 2175 3293 4505 2886 1788 537 1398 3274 1536 4443 2513 1812 1374 909 3252 920 247 2578 1750 1088 2050 2754 1564 933 3000 3264 941 1662 4985 927 1472 1622 2111 489 4456 980 2287 2112 1263 594 2851 1090 4078 347 5188 3690 198 3308 361 2319 2741 3570 331 1381 681 1930 2974 2244 680 3759 540 3619 3032 985 446 1778 2387 714 935 3604 1086 642 1437 991 1602 779 2764 268 3129 1640 2952 756 83 699 5760 6155 2075 670 2355 500 1234 412 6263 ]
@@@ Loss per-class: [ 0.629201 2.20799 1.2728 1.31314 1.45624 1.49684 1.21454 2.25373 1.72382 1.61825 0.812271 2.44017 1.72062 1.24513 2.90887 2.72628 3.91127 1.82576 2.13487 1.23983 1.13852 3.94147 1.55133 1.5386 1.14886 1.49766 4.32664 1.85068 2.18789 1.28898 1.88671 2.259 0.985242 1.37061 1.54923 1.5994 1.10682 2.0094 1.4639 1.11941 1.19149 3.82517 1.48777 1.63436 1.74679 1.72899 3.16456 1.67304 1.10663 1.21473 1.58845 5.99398 1.11708 1.78986 1.11611 2.6849 1.01601 2.75508 0.774692 1.55157 2.43175 2.01371 1.80509 3.30281 1.55436 1.74673 2.23748 1.53576 3.36078 1.36096 1.25294 1.621 2.47228 4.58291 2.24228 1.2734 1.62343 2.23767 3.01888 2.55292 1.46876 2.66083 1.13299 5.23325 1.91447 1.40687 1.7826 1.14367 3.77841 2.65082 2.31669 2.3359 2.38461 2.44885 4.65412 1.40472 1.84681 2.54484 1.6013 4.14136 1.7115 2.09107 2.3898 1.13302 5.67517 1.82087 1.15628 0.953137 1.02715 -nan 2.07609 2.9103 2.31663 1.68241 3.77992 1.21641 3.30578 1.66025 1.26801 1.55646 1.37947 -nan 3.25046 1.14995 2.29394 1.84378 1.69037 1.63221 1.54511 3.27513 1.69394 4.23735 0.93507 0.847784 2.23399 4.57328 3.79178 1.29478 1.33236 2.70471 1.23244 1.86123 1.77057 1.7351 1.35889 2.23124 1.35538 1.93358 0.784097 2.0797 1.73271 1.84907 2.0361 3.25617 1.23733 1.51254 2.81403 0.994151 2.83894 2.99001 1.2367 3.06626 1.12804 -nan 0.981527 2.61853 1.34494 3.59411 3.21106 1.1673 1.49603 0.804846 1.26361 3.20295 2.27741 -nan -nan -nan 1.26542 1.3886 2.01434 0.812755 12.471 2.31533 2.69488 1.2955 2.36145 4.20657 1.07224 1.16705 2.57109 1.45523 4.99331 1.05368 1.29797 1.16904 2.19612 1.64866 3.49018 2.18589 1.20697 2.13763 1.44434 -nan 1.76506 1.31439 2.10847 1.10089 -nan 1.30008 1.47198 3.92906 1.66003 2.80289 1.72622 2.14437 2.45362 1.17261 0.710245 0.291047 0.513788 2.47068 1.1026 3.01843 0.965259 1.97478 1.30879 1.70137 1.36939 0.753517 1.21198 1.47891 3.32538 1.65456 1.08326 2.23483 1.42356 1.17375 1.78485 0.959519 1.36863 1.4202 0.826663 0.937287 2.02822 1.36137 0.792831 1.79683 0.952484 1.40189 1.67608 1.37531 1.11507 2.97738 1.81511 1.53803 1.45931 2.13051 0.848768 0.951136 2.06683 1.39922 1.5417 2.13563 1.65891 1.4278 1.25998 0.866857 1.08637 1.76722 2.38259 0.954926 1.1696 1.61267 1.4174 1.86716 0.643131 1.72643 1.12008 1.43516 1.74652 1.85469 1.78014 1.62979 2.72131 1.65734 2.36777 1.52821 1.52389 2.04386 1.99633 1.84068 2.14858 1.69855 1.24944 1.24559 2.10426 1.51693 1.44474 1.11085 1.72587 1.83025 1.62469 0.952066 1.58396 2.09084 2.54779 1.57101 1.92424 1.80629 1.01818 2.17534 1.26251 1.90823 2.01025 1.59545 1.58984 1.41753 1.26981 2.55702 1.57391 1.33836 2.23047 1.44905 1.68526 2.016 2.24569 1.12715 1.34308 2.16196 1.13242 1.84646 1.1211 1.62104 1.8939 1.90405 1.41127 2.20578 1.32734 1.6447 2.48153 1.6982 1.65348 1.67896 0.895256 1.36283 1.92905 2.35661 2.01056 2.1972 2.75425 1.36506 1.46695 1.81229 1.50366 2.35956 2.78829 1.41014 1.05271 1.52544 1.59337 0.658158 0.999639 1.39542 2.33499 1.83654 2.74498 2.3197 2.57156 2.60172 2.09857 2.64162 1.2207 2.17748 1.28897 1.66974 0.844556 2.15184 1.18481 1.75004 0.889633 1.27022 0.934655 1.30765 1.23489 0.970411 2.13611 1.84716 1.07575 1.44929 2.27748 1.4001 1.32779 0.847218 1.25614 1.2886 2.08094 0.957281 0.8403 2.01691 1.11593 2.22446 1.65393 1.34141 1.03883 1.4576 1.2767 2.36118 1.16442 1.5471 1.417 1.84481 1.48718 2.242 1.97155 1.62933 1.8297 1.81995 1.12066 2.84036 1.26859 1.72895 2.03382 1.33517 1.67558 1.9054 2.06729 2.26675 1.27168 1.0094 2.02579 2.58013 2.2939 2.16331 1.13724 1.82217 1.71777 2.45463 2.23582 1.17035 1.64936 0.936349 2.57829 2.25989 1.88192 2.15567 2.84066 1.70847 1.35626 2.10039 1.10085 2.19699 1.33164 2.89565 1.70247 1.86041 1.33107 1.23141 2.6828 1.6012 2.27798 2.3484 1.6131 1.5713 1.55356 1.30143 1.1465 2.27948 2.20112 1.40241 1.90056 2.44242 2.52314 2.15381 1.96301 1.63687 2.1236 1.75115 2.42903 1.94439 1.66229 2.02633 0.627385 0.720888 2.41815 2.65059 1.21166 1.14128 1.23323 1.03983 2.97628 1.59436 1.48412 2.00817 2.01257 2.06178 2.61511 2.11171 1.25306 1.83373 1.48308 2.01185 2.96054 0.908187 1.46586 2.86739 1.20901 1.34415 1.68623 1.81064 1.32401 1.79195 1.46035 2.79433 2.25566 2.82153 1.66742 1.95991 2.45137 1.40518 2.09974 1.42015 2.27971 1.76193 2.1586 2.59788 1.46852 2.59622 2.69264 1.00966 1.20372 2.28011 1.64767 3.35172 2.57437 2.10079 0.986553 1.77658 1.80499 1.66265 2.92537 1.78769 2.07236 0.974076 0.66056 2.1305 1.17837 2.02877 1.45983 2.15639 1.25546 1.36072 2.62052 2.26782 2.85758 1.73302 1.31551 1.50627 1.2192 1.09291 1.32593 1.38894 1.15425 1.04445 1.35146 2.15578 1.0775 1.78467 2.47965 2.61677 1.32147 1.35652 2.20982 2.24243 1.39851 0.983031 2.22911 2.57861 1.96231 2.2746 1.08691 2.29907 1.29578 1.16376 1.55037 1.48183 2.03001 1.20731 1.87232 1.91052 2.39385 1.72739 1.36011 1.23916 1.04916 0.98474 2.26301 1.90763 1.06782 1.44987 1.23403 2.11935 1.39717 1.72987 1.28799 1.55782 1.22267 0.932967 1.44824 1.05551 1.58606 2.01752 2.74972 2.77734 1.90327 2.41313 1.79948 2.26873 1.14687 2.22324 1.13638 2.92628 0.751719 2.67247 1.48923 1.64714 2.41902 1.11984 2.00387 1.90107 2.92691 1.76112 0.947323 2.38479 2.53268 1.47278 1.74303 1.37786 2.39149 1.95611 1.43293 1.21223 2.55812 1.85456 1.90457 1.60217 1.47843 1.47615 1.53862 1.31129 2.02894 2.04398 0.977783 2.38379 2.02026 1.1196 2.17837 1.3957 1.81778 1.6335 1.75887 1.45443 1.67992 0.791389 3.31683 2.17804 2.8263 2.36225 2.33937 2.51248 1.84285 2.6043 1.34305 2.25229 1.39823 1.56379 1.19455 2.70888 1.89757 2.85179 1.77337 1.7115 2.19651 3.35716 1.49874 1.50343 1.97851 1.75608 1.30911 0.879151 0.965385 1.22584 0.98375 1.38765 1.57152 3.48376 2.15217 1.59721 1.63974 1.67125 1.43501 1.75914 0.995352 1.60247 1.62565 3.35187 2.49737 1.79477 2.66939 2.0235 1.27222 1.40487 2.10225 0.471537 1.48186 1.48752 0.930506 1.69604 1.87357 2.16126 1.09095 1.34506 1.85594 1.61155 0.843407 1.64637 2.06706 1.33893 2.1683 1.21718 2.29392 2.18214 1.33454 1.39361 1.12353 1.89043 2.20351 1.7733 1.80736 1.28178 2.79859 1.30637 1.42636 0.726397 1.92123 0.959734 1.96452 1.43981 2.19211 1.93979 1.07865 1.57719 1.05244 2.12505 1.82439 0.734183 1.32172 1.3464 1.2675 1.58329 1.35813 2.00783 0.854829 1.03768 2.48596 2.16846 1.20254 2.21471 0.848929 2.12176 2.02767 2.30331 1.46843 1.54574 1.288 1.32812 1.74831 2.22835 1.38816 1.8935 1.99857 1.32439 2.48468 1.75639 1.77495 1.95056 1.89452 2.01171 1.38822 1.70248 1.2952 1.82758 2.11574 1.39918 1.5471 0.634433 2.01836 1.46138 1.1984 1.35605 1.24523 2.01686 1.98407 1.61722 1.21779 0.992937 1.5218 2.57616 2.67902 1.8652 2.39652 1.21395 1.43762 3.46507 1.73421 1.54959 2.12623 2.33023 1.58757 1.51701 3.3177 2.08895 1.19556 3.12777 1.85262 1.6475 2.43638 2.17556 1.07264 1.37927 1.69242 1.02595 1.64297 1.38242 1.55288 2.07746 2.03537 1.92092 0.644876 1.05912 2.59636 1.26376 1.48583 1.23761 1.78105 1.02865 2.74037 2.09698 1.58094 2.72773 1.01586 1.00037 1.04742 1.12868 1.70749 0.882887 1.34893 3.00003 1.76164 2.42515 1.41507 1.32087 0.911698 2.30413 0.981687 1.45797 1.17971 1.97785 2.84027 1.32927 1.47146 1.7891 2.30434 2.69066 2.0296 1.08598 2.84041 1.40337 2.7818 1.83948 0.999928 2.02004 1.05021 1.3751 1.31592 1.04809 1.17005 2.08244 2.09144 1.60796 1.53066 1.22017 1.90184 1.45404 1.24677 1.26281 2.00563 2.20161 2.4827 3.17772 1.44491 5.23401 3.29816 1.70696 1.3846 1.84969 1.20154 1.2198 2.00125 1.96764 2.01091 2.72448 2.88888 1.91485 2.07848 1.80306 0.801695 1.33807 1.50798 1.35119 1.21048 2.35362 1.65475 2.72947 1.77022 1.10801 1.93685 1.08164 0.927832 0.935795 1.85837 0.937638 1.15371 1.61026 4.12238 2.07531 1.80739 2.2785 4.62004 0.777481 1.65664 1.37221 1.44538 1.18067 2.35163 2.03317 1.67979 2.77227 1.5463 1.56381 1.57228 1.33809 1.8021 1.36194 1.76308 1.4489 1.54908 2.77284 2.08484 1.35307 0.937255 1.09507 1.62975 1.58257 1.80064 1.84038 1.75081 1.51439 1.87217 2.08542 1.56993 1.37751 2.5037 1.89662 1.24467 1.66938 2.21217 1.11663 1.29943 2.34417 1.34762 3.07144 2.28219 2.83555 1.4975 1.56858 1.15461 1.55632 1.04266 1.46731 1.39617 1.95412 1.82722 1.48824 3.26194 1.30481 2.76308 1.58354 2.089 1.47799 1.97109 1.5692 2.40196 2.26318 2.01166 1.66601 1.66359 2.32644 2.33383 2.50371 2.16722 1.52301 1.45641 1.15184 1.86954 1.1655 1.16794 1.2939 2.08113 3.47113 1.41543 2.46478 1.29194 1.81223 3.06637 1.62229 1.40408 2.27737 2.68135 1.18394 2.184 2.03034 2.11021 1.707 1.48259 1.37226 2.11514 1.24058 1.53756 2.13933 2.04603 0.860485 1.9038 1.68214 1.41674 1.8986 1.25225 0.980711 1.72524 3.68354 2.81411 1.7725 2.03602 1.52116 2.24089 1.80229 1.92876 2.41335 1.88071 1.31633 1.52416 1.02206 1.71536 1.78809 0.871218 0.836259 1.87244 1.3923 1.54388 1.42253 0.948512 2.1783 1.67766 2.1043 1.13874 1.50155 2.41599 1.1835 1.64368 2.37324 2.63405 2.44739 0.818181 2.5214 1.88562 3.35195 2.51698 1.8489 1.67678 1.77125 2.26103 1.35155 1.55119 1.93831 1.05821 1.90861 1.1408 1.60261 2.23933 2.16599 2.74419 2.63875 1.85272 2.18556 3.66462 1.64984 2.03645 2.5703 1.94306 1.25293 2.14034 1.74259 1.66429 2.89031 1.03452 2.59324 1.37396 2.02431 2.6348 2.40404 1.12498 1.36245 0.924064 1.4014 2.71148 0.942212 2.82972 1.40573 1.69137 0.752797 1.31143 1.59767 1.07815 2.25167 1.20953 1.92687 1.69899 1.49168 0.986966 1.98053 2.77864 1.72764 1.55043 1.53266 3.655 1.15603 1.53253 1.88545 1.51455 2.1266 2.11212 1.59065 2.37931 1.96311 0.874056 1.48256 1.16811 1.54296 2.02327 1.86589 1.09628 1.03817 2.37086 1.40992 1.43713 1.97689 2.16152 1.8965 1.27509 2.31969 1.6361 0.829132 1.92294 1.9354 1.80349 1.3971 1.77061 1.68905 1.38516 2.77863 1.54015 2.61418 2.58607 0.899838 0.942203 1.99511 1.98675 1.92338 1.84756 2.14123 1.60105 1.20362 1.54553 2.61224 1.60353 1.66013 1.26928 1.87392 1.44649 1.44013 1.54457 2.32613 1.29887 1.61285 1.97068 1.96573 1.56384 1.84304 1.55635 2.3095 2.45154 1.39765 2.15879 2.17798 1.55374 1.69742 1.95443 1.63642 1.08026 1.4966 1.52869 1.10116 1.65024 1.56081 2.87536 1.49934 1.37826 1.44259 1.89304 3.82018 1.64052 1.26832 2.20255 0.776157 1.15307 1.26116 1.18825 1.44141 1.08219 1.71512 2.93826 2.74133 1.21747 5.20236 1.33759 0.9556 1.07831 0.971274 1.2778 1.39114 1.60508 3.88609 1.00124 1.82964 1.69826 1.66538 1.284 2.27126 2.22086 2.06266 1.83593 2.23282 0.904488 1.29731 1.96755 1.65846 1.40138 1.47994 2.21045 1.74677 1.2111 2.21155 2.20964 1.25541 1.86221 2.35777 1.76547 1.89606 1.32211 2.34872 1.97877 1.76997 1.13934 1.66183 2.36487 2.42246 1.46519 1.9495 2.36973 2.47139 2.32967 1.61515 1.66925 2.11449 1.24145 2.28398 2.20266 2.09041 2.46265 4.84182 0.9723 2.9837 1.24946 2.04914 1.20582 2.67412 2.3348 1.94657 1.32046 2.73044 1.7484 1.27387 1.30623 1.61307 3.76462 1.95939 2.52627 2.56812 1.32285 3.35268 1.67646 1.85428 2.4534 1.77256 3.09967 2.38863 4.35854 1.31035 1.24552 1.87747 0.874293 3.36223 3.35849 3.01824 1.52647 1.85989 0.562723 1.40453 1.38538 1.00075 2.09694 1.90236 2.58511 1.69288 1.45984 2.15919 2.69502 1.38625 1.07294 2.4026 1.15183 2.81453 1.43978 1.97816 2.02708 1.92542 1.91711 1.40206 1.92164 1.11524 1.14235 1.39062 1.55597 1.55976 2.91847 1.0274 1.81439 1.54181 1.5496 1.16709 1.84161 0.925208 2.32461 2.28171 1.55119 1.50864 0.893044 2.11897 1.93975 2.08535 1.64277 1.85181 2.09229 1.46345 1.51525 3.12596 3.16837 1.27818 1.83864 0.812318 1.74847 1.37646 2.21296 2.11913 2.60867 2.04337 1.46993 1.18458 2.02241 2.99955 1.53069 1.27411 1.26273 2.52127 1.83193 1.74088 1.80361 2.22242 1.1009 2.46963 1.44822 1.63892 1.1795 1.19968 1.75318 1.65384 1.32584 1.73206 0.981624 1.86363 3.40888 1.731 2.2299 1.56348 1.23368 2.94777 1.39293 1.12956 1.47651 1.30428 1.21431 1.5003 1.3149 1.44623 1.09338 2.10522 1.35401 1.73833 2.36847 1.67332 2.27018 1.8537 1.54056 3.01585 2.62112 0.969176 1.63388 1.74314 2.22737 1.36739 1.17333 1.63401 0.667819 0.837064 2.35908 2.00547 1.42111 2.11227 2.69447 1.89493 2.1746 2.3692 1.65385 2.28843 1.39542 2.12151 2.2279 1.44526 1.65737 2.08063 2.59181 3.1152 1.18165 1.95364 1.16229 1.85147 2.66837 1.70266 0.852808 2.36092 3.17539 1.70931 1.45408 1.9316 1.04183 0.783419 4.1162 2.15438 1.79477 1.52969 1.84776 1.582 1.30285 1.92225 1.48858 0.927908 1.62134 2.48314 1.52102 2.50701 1.66071 1.28218 1.67287 1.63198 1.74783 1.63095 1.24636 2.06726 2.75784 1.99323 1.47241 1.56309 3.51997 1.79566 1.56106 1.34303 2.43254 2.94593 1.76202 1.42937 1.76589 1.82592 0.916505 3.15595 1.47363 3.66849 1.49712 1.85207 1.8831 1.71106 2.08984 1.68241 0.622016 1.94112 1.56643 1.62248 2.29563 2.70494 1.31129 1.9269 1.6696 2.10563 3.01072 1.67571 2.11292 1.56799 2.44287 2.0541 2.38131 1.68924 1.87856 1.74227 1.93958 2.47333 2.04491 0.819313 1.02558 2.69241 2.85889 3.77902 1.73126 1.07478 1.71477 1.93842 2.47424 3.23233 1.07533 1.19375 2.07811 1.67633 1.58668 1.90254 2.53103 1.13625 0.960421 1.67247 1.4757 1.73467 1.47862 1.28548 1.38926 1.9803 2.69436 2.51474 1.4762 1.2273 1.00538 1.73574 2.44177 1.03177 2.88674 1.97059 1.83496 2.14289 1.84865 2.20767 2.61252 2.63178 1.1292 2.80635 1.3868 1.48091 0.966474 1.87742 1.10785 1.88715 2.12717 1.6486 1.47986 2.06529 1.36335 1.1288 1.72878 2.97038 1.98346 1.66416 1.77953 1.29589 0.828218 2.56568 1.5031 1.79985 1.85205 1.60735 2.10001 2.53846 1.80602 3.02138 0.8394 1.4852 2.00599 2.37016 2.64177 1.86609 1.63229 1.82174 1.69826 2.97889 1.62874 1.30027 1.94871 0.757254 1.9853 2.50036 2.24756 2.29572 2.15091 1.68622 2.35126 1.7812 2.6051 1.71755 1.63443 2.59858 2.81567 2.04649 1.61694 1.90922 1.34157 1.64561 2.61232 2.0312 1.1789 0.747903 2.07563 1.69475 1.53749 1.70965 1.67404 1.00521 1.63843 1.72242 1.81649 2.56493 1.72809 1.78316 1.6493 2.64323 1.85458 1.82869 2.49177 2.04273 2.59841 1.4013 1.24377 1.90065 2.17405 1.04852 2.05388 1.41963 1.72445 2.40562 2.05743 1.32914 0.954898 1.96233 1.40916 2.2294 2.06328 1.43654 2.39111 1.45475 2.66254 1.8199 1.10661 2.16588 3.47546 1.13786 3.04204 1.95881 2.48519 1.93291 2.90365 1.60849 2.17625 4.64589 1.91078 2.39078 2.07325 2.05259 1.60099 1.54104 1.80344 2.30682 2.88535 1.52462 1.88232 1.69231 1.49355 1.45154 1.27375 2.69497 1.89123 1.72222 1.89764 1.60656 2.65336 2.10837 1.86952 2.11648 1.15031 1.93042 2.98651 0.800037 1.58634 1.57733 1.66988 3.32063 2.09893 1.74743 2.00902 2.19338 2.3417 2.05168 2.41661 1.80693 1.61865 2.6039 2.10689 1.91231 1.86743 3.5246 1.63413 1.84065 1.98759 0.977845 1.96128 1.66388 2.5591 1.81199 2.04617 1.56713 1.59079 1.43077 0.900931 1.28402 3.32664 2.22793 1.24372 2.0087 2.01132 1.54457 2.32333 2.75209 1.93818 1.84719 1.19717 1.57636 1.67808 1.76234 1.68801 1.80154 2.51723 1.85762 1.63222 1.85129 1.8655 2.27904 2.44541 2.10259 1.63361 1.19565 1.2271 2.03608 1.77323 1.2542 1.8246 1.38079 3.1401 1.53335 1.04744 1.66412 1.37292 2.48044 1.16249 1.88479 2.46245 2.45245 1.67772 2.03407 1.88016 1.52923 2.42023 1.68029 3.66986 3.24516 1.91524 1.84213 1.68107 1.268 1.70694 1.7028 2.78478 2.17609 1.84882 2.23723 1.78194 0.902171 1.12446 1.88454 1.99579 1.93602 2.45854 1.95361 3.1887 2.18105 0.946246 1.8965 2.18208 1.58387 4.51003 1.37513 1.42947 2.0653 1.20832 2.69233 2.34175 2.31969 1.03747 2.53156 2.43683 0.667766 1.35965 1.3086 1.89328 1.18067 2.01728 1.10318 2.44393 1.84765 2.35482 2.25574 1.50237 1.12521 1.78982 1.54905 2.42912 2.47009 1.20636 2.55882 1.87369 1.41503 1.16527 1.43978 1.19887 2.06141 2.61813 1.33116 1.73152 1.8093 1.18041 1.55822 3.02477 1.69759 1.60161 1.17223 2.64558 2.16024 2.08891 1.90971 1.7641 1.79026 1.98948 0.961964 0.964975 1.792 2.35303 1.10826 1.79361 1.74648 2.53992 1.01363 2.04091 1.91432 1.98718 2.24899 1.78096 1.40718 1.45638 2.13309 1.72529 1.18049 2.94893 2.53103 2.48663 1.67613 1.34603 3.62465 1.02338 2.05133 2.32313 2.25861 2.76865 2.30122 1.8179 2.25621 1.96227 0.940305 2.33714 1.44798 1.45469 1.96583 1.40416 1.21005 2.38942 1.94812 1.9562 2.49041 2.24151 1.88794 1.8731 0.833814 2.28953 1.36755 2.15662 2.16121 1.55351 2.01028 2.09025 1.38232 1.97897 2.61276 2.48359 2.59233 4.11972 2.1929 2.22618 1.80379 1.93835 1.44857 1.70672 1.21812 2.56743 1.05884 2.22275 1.26179 2.02615 3.35413 2.23894 2.77672 2.49297 1.23143 2.29544 1.88681 2.05748 1.16809 3.80773 1.80055 1.5064 1.40019 2.03679 1.90859 3.31468 1.53406 1.71119 1.7755 1.21284 2.19253 1.46966 1.57929 1.34266 2.61554 2.47577 1.41341 2.27794 1.6358 2.19604 2.18169 1.35857 1.02435 2.74612 1.57644 2.00121 1.60407 2.25964 2.44254 2.4179 2.26385 1.24341 2.04754 3.18687 2.15298 1.98544 1.5165 1.78982 2.33713 1.86406 2.38792 1.96938 2.37276 1.20181 1.48217 2.35674 1.71282 2.28563 1.69185 1.8472 1.14796 1.46122 1.76353 3.20248 0.841052 1.04578 1.92819 2.30444 2.21364 2.16465 3.67023 2.68777 2.86175 2.49836 2.06226 1.68246 3.61607 1.25788 1.82983 1.78897 1.84813 1.86818 1.65491 1.54989 2.75537 2.62723 1.91358 1.48154 2.20379 2.46875 2.33529 2.73626 1.18579 1.63937 2.74324 1.39171 1.79079 1.271 1.08774 2.258 1.61146 1.88171 1.97653 2.51525 1.95211 1.4088 1.60812 1.70478 5.00167 1.90925 2.4877 1.39893 2.18697 1.00941 2.34289 2.72701 2.47639 2.73394 1.65781 3.35416 1.8097 1.63202 3.32909 1.4113 2.44448 2.80887 1.89907 2.49965 1.51164 1.14949 3.69932 1.52174 2.08485 2.64055 2.63571 2.44038 1.07542 1.44883 2.17282 2.37214 0.950688 2.30826 1.70377 2.1472 1.13464 2.0672 3.52926 1.48845 3.15551 1.9629 1.90848 1.65642 1.55775 2.56704 1.4776 1.85109 1.58592 1.58998 2.37521 1.3949 1.65232 0.935103 1.32439 1.9482 1.45253 1.83246 3.03989 2.11314 1.33024 1.47131 2.37445 1.95364 1.98984 2.11034 2.33384 1.53862 1.13264 1.40646 0.944883 2.3098 1.77451 1.32612 1.92167 1.78333 1.64926 2.07705 1.29045 1.75046 2.01528 2.47702 1.63493 1.24277 1.27862 1.98056 2.19575 1.8715 1.92647 3.14707 2.59371 1.60146 1.74367 1.91234 1.70171 1.00804 1.34064 1.70333 1.71073 1.845 2.10284 1.73129 1.37648 1.98009 1.74039 2.01798 2.65647 2.39083 2.5282 1.5617 1.70885 3.25512 1.26196 1.31039 2.07286 1.65459 3.20028 0.808444 1.6868 1.34034 1.58091 1.81891 2.31202 1.36008 1.85188 2.34027 2.63717 1.62099 0.834459 2.9494 1.81295 2.89256 2.96883 1.80211 2.11183 1.91124 2.64073 1.82352 1.70117 1.10248 2.10721 2.06775 2.21148 1.8663 2.80989 3.05985 1.81531 3.20253 2.12525 2.10339 0.900456 2.53016 1.70768 1.49252 1.10646 1.07257 2.30125 1.29657 1.56943 1.92504 2.28966 1.49331 1.8516 2.24089 1.7968 1.94766 3.17157 1.78662 2.51691 0.929071 2.00348 1.74298 1.42431 4.01394 1.60628 2.24457 0.899958 2.34284 2.20811 2.30531 1.36044 1.80491 1.88738 1.86093 1.62928 1.85307 2.00235 1.94786 2.307 1.85515 1.49529 1.13678 2.51939 1.88272 1.42418 1.95299 1.67446 1.61366 1.46605 2.15874 2.06206 1.68246 2.01191 2.5166 2.05764 1.29279 1.65995 2.56616 2.02547 1.87408 1.96839 1.89863 0.993212 2.29174 1.86471 1.14387 2.04821 1.92004 1.68024 2.47125 1.57578 1.94027 1.30027 1.97914 1.213 2.77217 4.17982 2.33559 1.86548 1.48842 1.3396 1.54488 2.73932 2.82257 1.34311 1.56299 2.58846 2.13029 1.51027 1.67222 1.77115 2.40442 2.31924 2.02651 1.3318 2.50897 2.31489 1.70613 2.79059 1.63528 2.04653 1.47248 1.10878 1.47332 1.0013 1.70339 1.81641 2.09354 1.65429 1.6992 2.53876 1.89023 1.95409 1.04072 1.87712 1.5735 1.8514 1.50428 3.43318 2.69259 2.07146 1.50771 2.53768 1.44875 1.15473 2.78453 2.19159 1.50047 2.16 2.27393 2.12132 2.0471 2.23291 2.18461 1.58551 1.67364 2.28527 1.50486 2.98402 1.63639 1.28022 1.77485 2.71199 2.0047 1.1793 2.10618 2.10986 1.72292 1.71766 1.69637 1.07046 1.78372 2.31635 2.40653 1.22511 3.6411 2.05711 2.24256 1.86699 1.64974 1.57318 1.92518 2.42496 1.18266 1.85815 2.59757 2.24622 1.98468 2.08344 2.45778 1.86542 1.55972 0.959231 2.08243 2.71889 0.627833 1.71337 2.10746 2.92463 1.3868 1.29563 1.50903 1.38998 1.29142 1.76738 2.82724 1.91135 1.76345 3.06158 1.26983 2.29844 2.15662 1.18458 2.38613 1.69186 1.46152 2.96742 2.54853 1.37189 1.35728 2.133 2.24523 2.70593 1.94965 1.25801 1.52564 1.33088 1.2505 1.68237 1.95566 1.6902 2.20749 1.85402 1.93735 1.06824 2.34472 2.31996 1.44697 1.98424 1.18193 2.05383 2.69645 2.61311 1.44603 2.76052 1.82314 2.53827 2.03941 1.57194 1.27756 2.0799 2.22754 2.04118 1.5242 1.33228 1.65671 1.5687 1.38369 1.84647 1.21806 1.4555 1.23384 1.98176 1.97779 1.22491 1.63795 1.6493 1.18969 2.45167 2.02088 1.70236 1.21233 1.61137 3.00896 0.918043 1.94047 1.77136 1.99831 2.52121 2.95071 1.4808 1.86046 2.00856 2.16375 1.18677 1.7838 1.75533 3.38409 2.16475 1.56557 2.30388 2.20501 4.70329 1.87212 1.92676 2.56077 1.69263 1.96629 1.15322 1.9318 1.4119 1.83208 1.05991 1.76522 2.0517 1.95536 2.359 1.81621 2.13768 1.97333 1.88686 1.92392 1.5623 1.32186 1.34903 1.78617 1.34964 1.09884 2.55198 2.68749 1.80257 1.64483 1.97458 4.12062 1.00072 2.0056 1.7185 1.68622 2.14442 1.23551 2.29502 1.63212 1.69111 2.39025 2.04947 1.32173 1.96783 1.59918 2.54947 1.54196 1.18498 4.60466 2.45893 5.89208 1.01342 2.27351 3.28127 1.46045 1.52851 2.09735 2.34654 1.78007 2.53192 1.14981 2.59421 2.01272 2.54294 1.88 1.97314 0.82906 1.28427 1.89924 1.79903 1.42448 1.90743 1.29651 1.84472 2.5374 2.43609 1.62664 2.05072 2.86829 2.80402 1.04454 2.20773 2.29727 1.32611 3.03787 2.51659 1.11308 2.45202 1.89313 2.12843 2.38927 1.68418 1.57502 2.19506 1.78875 1.7523 1.47241 2.2077 1.53874 2.52476 1.41737 1.9942 1.96891 2.12417 1.84876 1.09722 0.857642 2.0539 1.97336 1.84596 2.64543 2.0925 2.0923 1.91479 1.36191 1.18235 1.86436 1.02133 1.9763 2.09781 1.69652 0.953415 1.42302 2.52478 1.99034 1.68381 1.12265 2.08992 1.19954 1.67578 1.32031 2.91615 2.00906 1.5267 1.5879 1.26049 1.41607 1.71039 1.8641 2.70074 1.91658 2.17366 1.86844 2.04402 2.66665 1.64962 2.35441 2.09568 3.37172 2.14398 1.24574 3.08118 1.08859 2.37696 0.837936 1.79615 1.92805 3.14939 2.06567 1.98596 1.09469 2.00819 3.02061 1.28674 1.25473 2.41364 2.28246 2.62572 1.97595 1.47666 0.946884 2.59747 1.62725 2.26461 2.45866 2.31361 1.3796 1.79122 3.35099 2.47079 1.17634 1.65053 2.15971 1.81586 1.75301 4.77987 1.69423 1.5738 3.01199 2.41866 1.61911 1.89725 2.34103 3.61436 1.24249 1.95811 1.05468 2.23006 1.68611 2.12303 2.13173 3.09123 2.08274 1.95645 1.73029 1.45049 1.43669 1.9392 1.29421 1.49446 2.48728 2.68204 2.18186 1.57145 1.19729 1.78892 1.62164 1.76299 1.61636 2.21536 2.09883 1.68823 1.4774 1.75558 1.07728 1.84778 2.64536 1.91688 1.44591 1.86065 2.06275 0.599376 1.94141 1.2749 1.98719 1.53584 1.85966 2.3767 2.26182 1.97208 2.90377 2.35594 2.6068 2.01914 1.71326 2.2446 1.19014 1.47846 2.11794 1.3374 1.06442 1.56262 1.9211 1.15766 1.66731 2.87929 2.53684 2.1541 4.34755 1.48103 2.10703 3.44549 2.04973 2.98732 2.76054 1.35082 3.04812 2.22206 3.06595 3.58436 1.74376 1.22325 1.43662 1.70938 1.13303 1.32449 2.45672 1.86472 1.71419 2.21019 2.22355 1.92408 2.7094 1.55836 1.72846 1.88703 1.66442 2.0808 2.27499 2.00275 2.3579 1.98103 1.86216 1.8155 2.15923 2.47132 2.36647 1.53583 2.82309 1.98471 2.18865 1.83864 2.40111 1.42239 2.18554 3.52364 2.62122 2.28757 0.832935 2.64263 2.29957 1.92131 1.78967 2.55466 2.42528 3.84025 2.32291 2.03929 1.24566 1.57647 2.34315 2.24051 2.17325 1.45613 3.0159 3.47351 2.35536 2.80297 1.49214 2.01053 1.96817 1.92211 1.74458 1.61884 2.08031 2.65196 2.10516 2.16416 2.3688 1.37846 2.04481 3.28416 2.00603 1.93476 2.14784 2.10555 1.44874 3.45334 1.27529 1.72461 2.88995 2.59867 2.11308 2.54681 2.39234 2.06983 1.7816 1.83321 3.21926 1.63102 1.65355 2.75386 2.22192 1.67315 3.03942 1.69242 1.81824 1.94948 1.45984 2.2776 2.18168 1.53292 1.75905 1.72378 1.82001 1.92692 2.73678 2.37458 2.11466 0.928317 2.24147 2.42659 3.19556 2.02506 2.20885 2.27171 1.33551 1.84441 2.24761 2.00404 1.79992 1.61092 1.52456 3.42712 1.91184 1.81888 1.14259 1.08527 0.854924 2.1724 2.49924 1.5103 1.17062 1.85936 1.39824 1.62683 1.86044 2.06745 2.31511 2.39392 2.89314 1.98508 1.72463 2.37671 2.5869 1.83277 2.51543 0.69534 1.40502 3.17196 2.29484 2.25458 1.78283 2.08282 1.98699 2.30664 1.30872 1.75394 2.69832 1.67712 1.14615 2.8575 2.3638 1.73998 1.79723 2.46859 2.46089 1.83321 2.30989 2.13083 2.19119 1.49188 1.45585 1.60345 1.4372 2.4653 1.65122 2.74344 1.35361 1.85882 2.17541 2.09821 1.85838 1.10206 1.41852 2.17863 2.17571 2.24753 1.53929 2.18622 1.78564 2.33912 4.15982 1.30899 1.74682 1.22815 3.27378 4.06536 1.40886 1.82191 1.85277 1.09818 2.21466 2.07983 1.93775 2.25872 2.20372 3.28388 1.77469 2.34204 2.69231 1.99281 1.17146 2.04688 2.45306 2.0538 1.68429 2.40465 2.12342 2.0345 2.90301 2.14954 1.7533 2.74456 3.09476 2.13318 2.59559 2.17442 1.82546 2.98774 1.83238 2.24321 1.5481 1.82573 2.36363 2.33083 1.81749 1.89271 2.84235 2.20482 1.74333 2.54205 2.56064 2.26121 1.87007 1.79186 2.1494 1.39086 2.22613 1.4076 2.03078 1.89663 1.80725 1.49166 1.79208 1.87415 1.83875 2.33631 1.84411 2.27028 1.44996 3.39818 1.74083 2.78833 2.11092 1.27599 2.52246 1.83102 2.0294 2.00809 2.8423 2.2502 2.18688 3.21087 2.47198 1.91623 2.49622 3.33081 2.13276 1.73499 1.91811 2.65509 2.64294 1.94259 1.26586 2.30935 1.5877 1.95984 1.90918 1.94582 1.3194 2.79161 3.08949 1.66958 3.01175 2.97884 1.3451 2.36685 2.67213 2.15908 1.84645 2.26002 1.72398 1.99123 1.53998 1.57292 2.39821 2.02799 3.14381 2.19404 1.96088 2.50019 2.15738 2.45422 2.47256 2.01197 4.53856 1.15896 2.07816 1.70373 2.06165 2.05912 2.63569 2.43762 2.35041 1.35897 2.14632 2.18262 2.54057 1.7443 3.66093 2.47112 1.25364 2.10883 0.973238 1.72292 3.28437 1.73708 1.81507 1.38062 2.06099 1.97049 1.70391 1.61557 1.66019 2.21343 2.33118 2.53681 1.82942 2.54281 4.59356 1.77001 2.15715 1.03677 1.68263 2.25822 1.64864 2.00349 1.87416 2.04858 1.8164 3.14131 2.30603 1.82172 2.87319 1.67657 1.73289 1.61279 2.04041 2.25672 1.61882 2.31686 1.01307 1.6865 1.09706 2.94952 2.08086 2.71978 2.61307 2.25427 1.65826 1.98681 2.70323 2.7901 2.59381 2.09907 1.47259 1.97265 1.93267 1.72849 2.0515 3.63576 2.08169 2.80533 1.80788 2.8463 1.66505 2.17007 2.40219 1.24378 2.35315 2.02761 4.4228 2.79131 2.45566 2.76647 2.34823 2.37698 2.64974 2.0965 1.89473 1.56317 1.53989 1.96284 2.86134 2.34911 2.67076 1.55161 2.57732 1.07545 1.77545 2.63666 2.39258 1.93573 1.40519 1.86235 1.98268 4.22451 2.07905 2.6297 1.81704 2.07166 2.12738 1.90022 2.06353 1.91096 3.84383 1.61653 1.29845 2.25865 1.48205 2.83961 2.07067 2.36664 2.15456 2.06442 1.76365 1.24223 2.92316 2.84622 2.67369 1.51406 2.89942 5.53082 1.29411 2.64313 1.82989 1.81146 2.60657 2.41991 2.00043 1.42521 1.00694 2.43476 2.2897 2.31819 2.01446 1.70398 2.21227 1.05632 3.18431 1.96507 1.66761 1.77078 1.78521 2.34839 1.76492 1.6113 2.56906 1.66618 3.23763 1.87718 1.49288 2.70373 1.3831 2.35616 2.02666 1.85968 2.28804 3.80855 2.17457 1.90163 1.78766 1.41496 1.70685 3.41992 1.21634 3.96966 2.32175 1.64427 2.10793 1.57879 1.57067 1.84126 2.15403 2.09901 1.37784 2.53789 1.79675 2.08412 2.55349 1.60826 2.72473 2.03605 2.45543 1.50943 1.99672 2.32515 1.94817 5.86087 4.05473 1.33417 1.42653 2.62969 2.44561 1.90736 3.78202 2.86671 2.68818 1.55974 ]
@@@ Frame-accuracy per-class: [ 78.6856 35.8607 68.3728 66.0264 63.8453 67.9898 66.0188 34.4262 49.6604 56.4014 77.6465 33.4545 54.5143 66.8465 32.48 35.5872 17.4447 43.8072 48.1066 63.0435 67.9028 8.25397 56.0333 54.9587 65.2507 59.2834 16.7526 46.1625 35.7998 57.8463 50.4934 33.1615 71.6433 59.6627 54.0018 53.3898 69.7559 40.5864 57.5862 70.1997 65.5046 18.1818 61.0514 55.1383 56.1343 52.7426 27.3608 57.3246 69.9092 66.1371 53.3883 0.884956 66.8261 50.1971 70.8083 32.6489 72.0977 20.8197 76.1263 56.3514 36.7108 45.8237 51.9335 19.9792 52.8044 51.6441 39.887 56.5421 28.8618 64.1078 63.0773 51.8534 29.0155 8.75421 35.9618 62.7872 53.7049 38.5208 21.3355 32.5228 58.2348 34.8548 68.5893 2.8436 43.9948 62.6353 49.5032 67.6093 12.449 28.702 37.9464 37.4897 39.2994 36.0718 11.215 61.3319 50.4044 34.5291 56.9685 8.80361 47.8455 49.1031 37.2941 69.5854 7.43243 51.0328 66.6667 71.0563 71.3163 -nan 35.8285 20.8257 27.9126 45.0135 10.6154 62.8608 12.8773 48.5745 60.3568 54.0841 60.9008 -nan 9.16335 66 41.6335 42.7835 49.4036 52.6613 59.0285 24 52.4869 11.6049 73.4158 74.8999 44.4212 3.84615 19.586 62.7575 63.9894 33.8235 65.5137 49.4293 51.9294 50.26 58.1166 40.1697 58.637 33.8124 77.9009 42.1509 50.1044 45.8363 45.31 21.375 67.4482 52.6794 26.0246 70.8284 25.463 22.5 65.4391 28.2675 64.9465 -nan 72.0829 32.2129 64.6755 17.3228 38.191 67.6183 58.4975 76.875 67.6598 28.0206 47.178 -nan -nan -nan 64.7059 59.3878 46.8889 77.0389 0 39.9666 29.9443 63.785 34.1667 15.0794 70.5063 66.3221 30.0272 58.6543 10.0775 67.3307 60.4139 68.6724 40.2947 52.5348 23.4375 42.2137 63.3723 39.9765 57.2913 -nan 48.7918 61.9553 38.9098 68.1546 -nan 66.0601 62.2215 21.4724 54.4153 34.7561 48.3642 32.8173 23.1602 63.371 76.3774 90.0255 82.5433 28.7995 59.0248 17.1216 73.0345 46.9412 62.4143 48.3136 60.5204 80.4155 60.3387 58.0395 19.3231 55.2778 64.3579 35.0423 61.1472 66.7684 46.8007 68.2019 61.5607 56.4599 73.4842 73.5849 43.5547 61.8044 77.0222 43.0425 71.9604 61.6683 54.7363 58.8508 68.7915 27.3707 46.9655 55.8223 59.8009 36.5163 75.8451 70 48.6967 59.3382 57.3951 33.1255 48.3731 55.6143 60.8288 73.1324 67.4743 49.0888 39.0397 70.7184 68.1287 57.1127 56.4205 46.4861 82.5383 53.0249 69.7527 59.0221 45.691 51.4838 44.1415 56.501 32.2674 53.8863 37.5254 57.0758 58.3851 32.6324 46.5347 49.9528 42.878 51.5004 66.5392 59.9762 41.8966 49.9642 61.5658 69.6925 44.6798 51.7149 50.2158 74.4254 59.4133 48.0424 28.22 57.4742 45.0388 44.9477 67.2965 39.9243 65.6775 48.7554 45.6667 57.6782 57.3827 55.0493 61.9283 40.8893 58.3981 57.5467 37.4383 54.7431 54.4304 45.3475 35.1085 69.8876 62.8454 37.049 66.6129 54.5322 67.9709 56.1813 50.6474 46.5959 66.1328 45.601 65.1902 56.8011 36.6753 56.3035 53.0479 48.4734 74.4196 60.3774 52.2613 42.2177 44.2931 41.3364 33.3333 62.1586 59.4912 48.022 59.7321 36.2434 22.2646 61.3866 68.0467 60.1867 55.8071 81.6365 71.2094 62.0051 36.1574 47.4404 31.1195 38.773 36.7609 27.1793 46.0007 34.2246 64.3789 45.1404 63.8126 49.936 75.7081 38.6861 67.7437 54.1877 77.3151 67.2122 74.6177 66.7303 65.8484 75.7486 46.6549 47.4619 67.3175 64.2336 42.0601 62.7987 62.9405 77.8341 64.7032 63.2945 42.9155 75.1595 75.2078 43.2897 63.5268 46.724 54.519 58.5281 66.7586 59.3054 63.6853 39.7241 67.5946 54.5496 61.6032 51.0949 60.0962 37.8275 49.9506 53.6041 49.8291 48.9453 66.9077 23.6385 62.952 54.4439 46.4732 63.1719 53.508 47.8469 43.9587 36.7391 58.1777 69.3503 47.079 31.8332 40.8743 44.1016 67.7244 51.6466 55.159 37.8453 41.4547 68.7253 54.8004 73.5797 35.1658 39.7521 53.3742 37.9017 30.1216 54.247 62.9905 42.3792 66.6503 32.1351 62.1223 19.5767 51.9504 49.1266 61.3101 64.7059 30.3867 51.8894 41.9962 37.3057 56.2308 55.431 52.3939 65.1706 70.0847 40.1662 38.3387 61.8098 44.4048 37.2549 32.9987 42.2164 49.9398 54.5098 46.4789 54.4071 36.5729 39.2136 53.3746 42.5764 83.8736 79.6571 38.1006 31.0435 67.4614 72.2059 65.3113 68.6775 25.913 56.4019 59.2105 46.6737 41.5014 46.4382 32.943 43.0172 63.205 40.6631 55.8986 44.4334 26.5414 73.6922 60.8438 28.6842 69.2308 64.6201 48.7085 51.5152 64.5597 55.1095 58.4924 31.9361 37.419 26.2095 51.8448 47.0451 35.5212 59.4741 43.4335 60.2372 37.8788 48.464 38.796 33.8478 61.4802 37.6884 30.8609 70.1754 64.3982 39.6049 54.3175 22.8365 34.6558 42.4297 73.5011 52.8481 51.4225 50.4982 23.8596 52.6075 50.1241 75.2069 79.3872 47.6111 68.2074 47.6099 54.9591 42.5014 65.7005 63.3089 30.8696 32.287 24.2325 42.2526 60.7595 57.4341 64.7379 68.167 65.2968 61.6475 69.5289 68.5179 60.6844 31.2211 71.1629 54.3561 37.9388 24.5726 64.5459 59.9359 41.6044 39.4167 59.0648 75.8486 35.2747 32.4225 47.7223 35.3888 77.0953 37.4055 63.9085 67.9102 59.4785 56.8602 39.1936 66.4681 47.9843 47.156 37.5 49.1271 64.4651 61.3093 66.3462 69.5358 37.0998 46.8841 72.3219 60.8021 65.2499 43.1034 57.4333 54.1818 65.5104 57.7731 63.2701 72.8556 60.8518 67.5279 53.324 48.1213 37.1681 33.2533 45.827 34.6241 44.566 41.064 68.3668 45.5237 69.0405 24.6879 79.6163 31.7021 51.4103 53.5503 40.6176 66.6515 44.1849 46.6732 21.4715 53.0128 72.4127 38.5279 34.2351 59.2527 55.1035 60.1945 33.5681 41.8089 60.8052 65.4459 32.7434 52.6316 50.6807 52.7778 59.4626 56.4197 57.6857 62.1788 41.5342 46.4726 70.9813 37.0215 42.2111 63.0781 38.8889 56.4275 46.5716 57.4571 54.0122 60.2925 48.6525 77.5971 18.6486 45.7385 28.2353 29.3752 40.1028 37.8505 50.338 26.2279 57.7231 35.8166 63.9274 52.0731 67.7204 21.2987 54.1499 20.2703 56.7587 51.9623 42.8407 14.0637 54.1182 56.5014 49.6284 55.8559 62.7937 73.5499 72.0935 62.3309 70.546 65.2234 54.2748 17.3489 41.1102 54.5993 46.0076 48.3582 58.138 50.1279 71.2882 54.6894 50.7677 23.1076 36.7384 52.3035 35.5973 47.858 60.0343 62.5809 42.1596 86.7662 61.4983 57.4574 73.8169 51.0314 52.3609 49.6982 71.4681 60.9322 49.8054 54.6166 76.3819 52.7808 37.3162 59.6765 38.4921 66.2274 37.3111 33.2162 66.0204 65.0937 70.2503 47.0541 40.9639 53.0314 52.658 65.8487 27.1357 62.7267 60.9333 77.6362 49.2659 73.287 47.3012 62.9667 45.873 38.3223 66.4318 57.6628 70.1887 39.0601 50.6629 76.8773 60.4365 54.8943 63.9721 57.1566 62.6967 46.3869 73.7671 73.2975 34.7992 40.5941 65.7104 41.5698 78.252 32.8967 40.9766 41.7303 57.5201 54.259 62.4222 60.6117 50.8351 33.5509 63.6842 46.324 42.1352 64.9719 30.988 50.9434 53.4435 51.451 48.9451 45.0246 64.6785 52.7564 63.8801 48.2222 34.2601 62.3521 57.0201 81.8339 48.4211 60.6314 67.1983 62.9752 65.6775 45.5443 48.1572 57.3298 65.7712 74.1289 57.0887 39.0967 41.7284 47.2797 39.3059 64.3722 62.0735 12.279 50.3597 60.6916 39.5431 38.8222 55.4627 56.7591 21.9979 39.0678 67.0816 21.3759 45.6731 54.1384 31.5941 39.6643 69.2208 60.1735 55.5437 70.5809 57.3775 62.2686 58.4586 47.3926 47.3138 46.9987 81.9724 69.253 38.2075 65.6109 57.3514 66.3345 56.1846 71.4959 30.9948 45.2586 58.2078 30.439 69.7468 70.7132 71.9093 68.4271 54.8691 73.4616 62.5872 29.2335 54.2657 35.2373 51.2066 66.2112 74.2515 38.2386 73.552 63.9146 65.0669 45.3297 32.0388 61.0706 60.7981 47.697 39.5911 32.7336 50.8439 66.7811 33.0759 61.0374 33.2264 54.8845 67.9856 40.2107 69.0941 60.86 64.039 71.7446 65.9326 42.1628 43.9535 55.9559 55.938 62.2155 52.9412 59.4732 59.0566 64.2113 43.871 28.3349 29.9775 19.7869 53.2925 1.14155 14.8276 54.2971 63.038 53.3708 66.5679 63.0103 43.9448 42.8013 52.0954 32.7536 23.3244 45.686 44.3336 51.5406 76.0151 61.3872 56.6239 61.4243 64.2508 37.9477 49.7231 26.0586 54.2679 68.4293 44.4444 70.0604 72.3464 75.6609 50.477 72.3336 66.1852 57.0014 2.57732 45.0056 49.4473 44.2574 7.05882 76.544 55.814 58.9106 60.4721 66.7177 40.7752 46.9361 51.9695 24.2658 57.4903 56.5271 54.6444 63.0975 49.6848 64.281 50.5195 58.8123 58.1062 28.0551 48.5169 58.6826 76.0306 67.2927 54.4776 48.6683 44.1983 47.1642 50.7864 56.9542 53.5045 45.1057 55.0326 61.4856 38.8489 34.8058 63.6695 49.8811 44.7124 66.575 61.7501 36.0611 57.7122 26.0229 38.3065 21.6809 54.3763 57.0413 68.0374 54.9569 72.0121 60.4706 59.2149 50.032 52.8853 53.4386 20.8914 66.0748 28.8462 57.8708 41.4596 56.6944 46.2573 50.4202 32.5 31.8662 49.3656 46.2385 53.3559 36.1156 37.2197 28.529 45.3888 54.6547 57.8621 66.9536 43.018 66.8107 69.1426 63.6506 41.0072 15.8199 62.0748 39.9067 61.4744 49.7391 15.9292 59.1667 52.8894 44.1919 32.1005 66.126 40.9204 46.4405 46.463 45.7746 64.3357 65.0595 33.75 62.5091 55.8889 48.366 44.8422 74.9491 52.5565 56.195 59.8032 41.6114 61.6057 72.2497 52.5215 12.8743 32.2222 54.0184 47.0407 59.3196 42.5386 44.7282 33.8375 37.6181 44.2722 67.9581 61.5385 72.5011 50.5945 48.2143 74.4014 73.8249 54.7347 61.3097 54.44 59.6231 71.5711 38.141 52.5399 39.7556 64.1952 57.6134 36.1065 67.7237 51.4052 28.2024 31.3329 37.6009 74.9617 29.056 48.4056 15.6192 40.8578 49.5178 48.3221 41.6274 23.2303 60.3562 56.2414 46.9516 71.3092 50.9604 67.2158 54.9687 30.3694 43.706 32.6797 31.8393 50 33.3333 14.2857 52.5408 42.2562 28.0775 49.5452 64.8338 46.7386 45.0763 48 31.2785 70.4155 29.2784 56.9977 44.8962 26.8886 39.0231 68.4381 55.5718 71.3464 61.6725 41.227 71.9395 35.8333 60.6491 52.8205 77.8365 59.7763 54.1169 69.5575 45.5232 68.1781 44.5567 49.3692 57.4721 71.3089 43.4267 24.36 51.9881 55.668 56.3443 14.3426 69.6429 54.2559 54.4041 58.5413 38.0376 45.2926 57.9522 37.4128 46.7236 71.0019 61.5055 67.8998 59.8893 39.4389 45.3793 70 68.7705 31.9728 58.1606 61.7677 44.9845 40.6095 49.0318 67.5627 39.055 57.1353 78.038 49.7694 44.4767 49.8526 58.8831 51.851 52.6946 55.6034 26.6484 54.792 35.6125 26.769 75.0086 70.698 42.4258 47.8488 48.4907 43.4896 34.8722 52.9106 66.3651 55.5733 25.9635 57.7325 57.0579 68.7193 45.8165 50.1558 60.0213 58.7372 37.8571 64.6662 54.6771 48.6264 46.5323 58.4081 50.2515 56.4121 37.7931 30.9111 61.4055 37.4899 43.2806 52.1569 57.2008 51.6879 53.9378 65.8056 55.4795 51.3699 67.9853 53.4435 57.1251 23.5777 57.9691 58.8363 62.7267 42.6554 15.7143 53.7484 62.8889 36.7578 77.5916 70.3125 62.0614 64.0625 57.3118 68.6947 54.5162 19.7755 23.918 56.9016 3.30579 54.8801 73.7045 68.4762 73.1447 62.226 61.8474 58.7089 11.25 66.2907 46.7626 55.1425 53.886 67.8124 40.812 47.0339 47.8912 47.1879 39.1047 73.4834 64.9512 46.4557 49.904 61.2676 50.3257 37.785 39.366 67.5159 41.121 39.7094 65.5298 41.5945 34.7418 43.7563 38.0192 62.7435 35.3383 40.2086 54.2348 67.2534 55.0988 31.2641 35.1359 59.593 48.1812 44.5498 31.4759 38.7276 60.8863 54.3813 43.1923 66.8297 44.9205 36.4991 44.64 35.6164 6.47249 73.0776 27.8662 66.036 33.0993 62.844 19.4904 40.625 47.7642 61.6906 22.619 50.9441 67.0085 66.4028 56.062 8.95062 45.3382 31.6364 29.4045 64.6738 23.6411 57.7236 48.2456 36.876 55.5556 23.2143 40.1987 6.69856 63.9912 64.2989 47.1338 74.7465 18.4109 22.2222 27.3171 54.1491 50.0613 85.4203 59.8837 65.4043 72.0446 40.8756 47.8473 31.4471 55.4814 61.0565 35.076 32.9032 63.2843 71.9472 33.1887 66.4441 21.2733 58.9454 45.3591 41.1869 45 46.3415 66.1808 42.3267 68.1189 66.2691 61.254 57.9208 58.5824 25.0951 70.2492 49.9717 50.3683 60.0554 64.8565 47.4756 74.0044 42.8058 38.4559 56.3228 54.5754 72.4361 44.8942 59.0028 42.6966 55.6882 47.6295 44.6358 60.9983 60.426 30.8333 24.0816 61.5256 50.0379 78.4384 50.2455 60.4357 45.7732 33.5255 37.3134 45.5502 64.2084 64.1919 48.062 25.9003 56.2236 65.2444 64.4808 34.7695 51.4323 50.8839 54.5723 42.9918 70.3297 30.8029 58.3699 54.1176 68.9879 66.309 55.4357 52.4823 60.7424 55.711 72.8655 50.7087 13.9535 50.7672 38.2381 49.7313 65.1551 27.6932 62.9 65.2055 55.5258 61.2915 62.0817 54.6229 59.2947 64.88 67.3875 44.9405 59.4096 56.1963 39.4286 54.1401 36.968 47.3828 61.1458 26.4214 31.2422 71.3593 54.9161 51.9231 38.2311 63.3266 66.361 56.5031 81.6578 74.7886 46.2264 40.404 57.6336 44.3756 46.206 43.9309 34.8681 37.799 54.397 35.8896 55.625 44.4867 40.865 61.0134 53.187 35.1324 30.226 24.031 68.725 48.7465 68.0462 50.2559 28.2683 55.8962 74.1793 41.4794 17.7722 50.5882 60.9613 39.5783 69.4152 77.6312 9.9455 34.593 45.8934 57.7236 49.0393 60.7985 61.7477 46.8278 54.9441 71.5905 49.031 30.0332 58.7524 29.0043 54.7198 61.9323 54.5064 49.3548 52.5843 48.642 66.7272 40.4237 32.0413 47.5387 59.5659 58.5652 13.6516 51.0465 56.0308 65.6491 37.3234 24.7352 51.3688 59.813 50.1125 48.2912 71.5421 24.2982 59.1862 21.1735 50.2558 49.354 49.9505 48.1793 48.9684 54.771 82.0742 40.107 60.7971 59.5117 37.1773 36.2581 63.2047 53.453 54.1872 43.75 25.7492 52.5174 39.3283 55.5894 33.5308 44.3182 34.2957 48.4252 52.3129 51.8664 46.2343 37.7998 45.045 72.6184 71.3677 28.0423 42.997 21.0127 51.4011 62.7471 54.5958 47.8261 38.1356 19.3192 71.1365 68.9381 38.0455 55.2251 48.7155 49.1256 31.9596 62.8883 72.5686 55.8984 59.1799 47.515 57.3569 61.9682 59.8234 44.45 30.2243 35.1414 56.1681 66.0821 69.3384 53.9768 32.2622 71.8672 21.3788 40.5889 50.5824 40.6913 53.0435 47.6551 29.0227 36.32 66.4741 26.8868 62.4321 58.8352 68.9398 41.6201 69.4475 50.3661 34.2626 56.0428 63.3544 48.2109 60.331 69.1038 45.5818 29.8995 44.8945 55.1909 53.768 64.2225 74.7336 35.123 60.0174 48.3051 49.6431 54.7218 41.8246 33.8652 50.5551 24.3919 76.8812 62.276 45.3799 40.9681 30.1075 49.3691 56.299 53.7509 55.5262 25.1829 47.6999 58.7527 48.6521 79.2638 49.6285 28.1591 35.8719 42.2326 42.0347 58.2715 26.0307 60.3147 39.8568 48.2645 56.8248 29.7388 34.456 50.5814 51.6511 43.8914 62.1064 55.0649 34.127 45.9821 63.7925 79.006 47.5954 43.6286 58.5886 55.9165 50.115 72.2283 50 55.6465 51.0108 30.8081 51.8574 50.2256 53.037 28.1008 48.3894 45.9729 28.8777 42.1832 28.0894 64.5833 61.8095 49.6 41.3186 70.6129 50.8235 57.3052 46.534 35.197 44.8987 64.0051 74.229 48.9862 60.323 47.286 45.3271 63.4424 38.2752 60.9512 34.5151 44.6766 62.4622 43.8903 7.40741 71.0917 22.1348 43.9404 31.6121 42.7025 22.9814 52.5093 46.1741 4.93827 52.5092 36.7101 52.5641 41.2621 58.6798 58.5 51.7992 36.8254 30.303 58.7482 44.2857 57.1329 58.9131 60.2178 65.0962 32.05 48.7557 55.6849 48.2154 51.3153 36.1878 41.2389 41.2556 45.9499 67.7447 52.4738 28.8262 77.2146 54.9896 52.087 54.6702 23.5421 40.118 49.528 40.2367 46.5374 34.4944 39.0152 41.7722 44.3506 56.6229 35.3793 38.5222 47.3443 54.3175 20.38 46.5304 49.2944 48.9121 77.0235 47.3523 54.3111 32.9149 51.1569 48.3796 56.4482 57.9515 57.4241 74.3115 56.3166 17.9335 42.4592 58.9552 48.2842 41.8218 48.8654 35.4885 25.8373 45.5836 48.8789 66.5869 54.6431 52.5817 49.1128 51.8979 48.6749 42.439 46.6605 56.7745 48.4705 47.2387 41.8259 37.1049 43.75 55.6914 60.4387 66.3351 45.3815 46.8115 65.3088 49.3386 57.6855 25.9459 55.0382 71.891 48.1538 61.6708 41.0348 65.0655 49.7628 45.515 34.1975 54.0835 43.8054 52.7363 60 40.9236 55.477 14.4068 19.2623 47.066 45.5201 53.2321 61.1486 53.6075 54.2312 34.5697 42.029 52.2158 41.2888 53.1114 74.3836 70.3502 48.262 38.3209 47.3251 33.7405 41.5418 27.5728 38.4335 74.1037 45.2944 42.1012 57.6238 8.58586 62.2993 59.0674 47.6529 65.4419 32.4832 30.9864 37.401 71.2293 32.8691 33.2875 79.1559 62.7907 63.9088 50.3245 67.053 39.492 68 38.1551 43.5593 31.3995 37.2393 59.0634 70.4412 55.5636 54.653 33.9 39.6226 67.8042 31.4961 50.5082 58.4687 70.1213 60.1005 66.5964 44.5133 34.9507 61.8628 49.827 49.6136 66.7437 58.0298 28.4384 41.2563 52.4374 69.0576 31.4191 43.9928 44.5846 52.3763 47.0511 48.4615 39.6758 72.0102 70.7612 51.1233 35.0962 69.6347 41.3081 51.6382 23.5756 62.8618 47.3075 47.3378 49.7819 41.4208 53.2502 61.7608 57.772 36.0287 48.9244 64.9038 22.6209 31.9572 32.5 52.6725 62.7253 14.4312 72.1186 47.4699 35.9903 35.1902 29.2958 38.7863 52.1257 43.1335 46.8702 72.4325 41.5987 58.3964 52.1008 43.5522 58.7035 68.7585 33.2083 50.425 43.6523 39.5896 37.0297 47.0356 47.3322 76.5183 38.8561 64.3168 40.3727 36.2846 55.4787 43.2767 46.5736 55.6326 44.5762 36.1522 28.4105 31.6143 10.9053 37.7615 45.5182 49.3928 47.1664 60.8731 54 66.8727 31.1422 68.3241 38.3966 65.5447 44.7487 18.3391 45.7074 30.4065 39.7087 62.3872 38.0328 47.7946 45.4338 71.2315 7.22892 51.2463 55.2733 60.339 40.9254 32.2664 15.7312 55.6748 53.8004 47.7754 65.6652 39.6201 56.1937 56.5531 63.8331 28.9199 35.7503 53.7816 36.1125 54.5686 44.1948 37.4636 57.7736 71.8503 18.9964 49.0556 46.8644 57.5435 41.8072 37.5451 31.6804 36.0158 65.0072 47.7905 27.7193 41.1765 45.0463 56.4417 48.6073 38.1915 48.9726 34.3099 42.2544 33.3596 68.4876 59.7222 36.6785 54.473 34.4665 52.448 51.314 68.2591 58.7145 48.3764 16.9435 76.9065 68.1364 47.9681 41.9095 41.0473 41.6667 16.7553 37.2591 26.3804 33.7912 41.4879 50.0778 24.4713 65.8179 45.484 46.8687 49.8519 43.2567 55.4382 56.25 32.4561 36.2928 46.6919 59.8284 43.6447 40.2821 36.2926 30.8257 64.9196 53.9394 21.1796 58.4158 55.4094 59.0934 69.2063 38.6454 50.5475 53.3981 44.9514 34.9329 45.2575 58.0367 55.3562 53.9436 7.89474 50.2347 32.766 61.3943 36.9128 62.872 35.1664 31.6568 33.4375 30.1521 53.5737 19.7158 51.0931 51.6366 17.2131 60.2345 41.9355 34.7092 36.2802 34.3706 54.6296 64.8998 18.677 53.9551 44.0758 22.3618 43.1062 34.4423 69.1922 55.7166 38.574 31.6635 69.5369 35.2708 54.0039 47.3097 64.0505 35.0028 19.7531 57.5269 20.8 44.9804 44.755 53.4528 56.6212 33.4282 56.6608 40.0955 49.0117 55.9282 35.7618 64.9558 56.3131 72.7758 60.6039 45.2612 61.938 44.3292 24.8428 44.6148 60.0931 61.1801 40.4276 46.7742 48.2838 45.6294 39.3572 58.0357 68.4365 58.1403 72.6502 38.4448 58.3912 60.733 48.2456 48.3796 50.6875 45.4087 66.8123 49.2819 40.0186 35.6164 52.5012 67.5494 62.4352 44.7749 39.4328 49.2172 51.041 21.398 30.3957 59.2677 49.6799 47.3637 52.623 75.7745 57.8652 50.514 54.6672 49.5133 46.1245 48.8518 61.7333 47.0021 54.8759 42.4522 34.6076 33.9416 37.1341 60.4696 47.6891 23.9425 61.9531 59.7333 49.8137 49.6396 17.9167 77.0133 61.3577 60.9671 56.4376 48.9455 40.9516 61.4927 40.8163 43.6337 27.7463 52.637 77.3436 32.5342 51.3902 32.9609 16.9118 46.4321 38.8949 42.7256 31.9058 48.7617 50.84 67.625 41.5913 46.4539 41.6314 48.8642 29.0432 23.2143 48.7966 19.7368 44.0927 43.4783 73.6978 28.3713 52.4877 58.9725 65.3741 69.1059 38.5692 67.3539 60.013 46.3499 36.0349 62.5164 50.0754 47.2752 50.1125 50.2249 18.1598 50.2155 32.3896 72.619 42.4037 52.919 58.156 10.708 53.891 40.8201 74.5147 26.3566 40.3065 40.9091 59.566 54.551 47.7854 50.3356 52.7975 48.1053 50.1692 37.8 43.7122 42.7239 60.2489 65.7018 38.601 51.2326 61.37 31.92 52.7328 52.9036 57.7063 36.6935 38.9474 51.4538 49.0125 33.1825 40.1416 63.066 52.6333 34.7399 44.6861 41.4783 44.5286 39.8901 72.8618 36.3458 47.713 67.1616 45.8932 48.821 54.8718 33.4618 59.1985 49.7338 57.5145 47.3725 65.5454 28.3944 13.9384 43.3795 36.1732 52.0174 63.3274 61.6169 35.2362 32.0451 61.118 56.8768 34.4209 40.2498 56.9468 58.5193 40.0802 30.1042 42.7604 49.3459 61.0544 29.1346 37.055 43.2192 31.8384 50.225 42.9348 59.345 68.5782 55.7895 68.0872 46.0902 49.5017 42.0567 53.7229 50.2099 29.8645 51.2623 45.0797 69.8774 43.7335 55.1847 52.1253 57.4671 24.307 30.8229 46.2475 54.1237 34.4948 58.8482 65.4704 27.027 34.3396 55.6869 47.2527 35.3516 41.0208 43.3438 41.1853 38.8506 56.1047 51.5936 38.0879 52.5105 30.9984 54.8206 63.8926 51.0271 27.9926 43.7075 66.1928 40.951 43.1624 55.102 54.8606 51.2438 69.0394 49.172 38.7171 36.6366 62.9583 9.50226 43.0997 40.9241 51.1211 55.7278 56.9468 47.8667 35.9281 64.8504 54.1969 33.4833 38.5287 40.1254 43.8315 28.8803 50.9653 58.8101 70.4545 39.0552 33.087 83.0144 52.4671 42.3341 27.9587 61.481 62.1252 50.6986 59.9763 59.0806 48.2768 33.5541 46.2507 51.4213 25.9302 66.3279 37.6464 40.0987 64.0686 39.548 52.3623 58.0249 25.9494 35.8902 65.1812 59.8258 43.8457 42.6883 34.1206 45.4155 65.0558 58.0464 61.9338 62.2752 48.2055 35.2884 50.1876 46.9761 39.3292 46.8613 68.8137 37.7125 33.3333 62.3086 46.0259 66.7604 44.4693 32.5831 40.5039 65.3333 26.8745 52.5412 33.0233 45.3382 59.0909 67.9768 40.0054 36.825 51.8667 60.6928 61.6402 53.6528 60.7477 60.0663 51.2752 63.1648 62.6204 61.6613 41.2679 43.5475 67.1842 51.479 55.1139 69.632 34.7072 43.1424 54.7146 64.5697 57.3348 22.0517 71.8875 40.3509 49.5314 47.5758 38.4134 21.3082 58.7008 51.9158 48.8632 41.4894 61.9614 51.9016 45.2681 24.6499 40.791 58.0831 35.5469 43.4498 6.83544 54.0431 47.3013 33.4967 56.5689 43.8127 67.1574 50.35 58.5868 51.3249 70.5944 50.582 41.6742 44.0863 44.0165 44.4444 33.5818 45.5379 47.0543 52.0421 54.3074 60.2976 63.0435 50.7275 60.1351 69.1205 29.1221 37.3022 41.0942 56.9129 42.4539 3.90625 72.1711 41.4966 56.4356 52.1028 48.1259 61.9835 41.2698 56.3927 55.0125 38.3486 44.404 59.286 44.2105 53.3687 35.0282 50.3769 64.7607 3.49127 30.7536 3.24675 68.7012 41.7308 20.7826 57.665 56.9863 41.2954 38.0774 52.4298 36.9195 68.0063 34.0237 54.4379 24.8157 48.1073 45.8831 77.5265 62.8344 50.1911 53.4823 58.1115 46.7763 67.2269 43.6391 30.5989 43.1959 56.7655 44.0744 35 23.6392 68.4027 40.9639 42.2638 62.7827 22.0949 33.9757 64.6844 30.8434 51.7457 43.0246 37.6632 46.2156 57.4992 40.7609 44.8328 50.9282 59.436 38.7043 56.6642 41.8455 63.3594 44.0134 45.2076 46.6135 45.4577 66.139 73.5075 54.5836 46.4023 47.005 36.881 46.0265 43.4007 54.8495 63.2296 65.4375 47.9399 72.6455 39.6212 43.6747 49.8989 69.9626 61.6974 32.3549 49.7574 47.1318 67.9633 42.2168 62.001 54.2955 63.8632 16.7347 44.5081 58.6585 55.3034 59.0707 60.3717 55.3056 46.7886 36.754 45.1286 44.9 53.5959 48 29.6527 54.3051 34.8665 45.9272 18.1004 31.6602 63.7824 28.6585 70.8158 38.3721 75.1299 46.0455 41.9065 26.935 42.4893 46.9027 69.0141 46.4672 29.2576 65.7534 66.8384 36.4669 40.8621 30.7359 43.8688 55.2129 73.3428 38.5492 45.2292 35.0365 39.7638 43.8583 63.7667 43.6014 18.061 30.6617 65.9042 56.1493 38.3825 49.489 50 5.20231 53.4854 55.8252 27.8174 48.6737 60.0887 42.2526 34.8499 16.9516 66.2967 45.9127 72.2432 40.5121 52.9134 45.6596 45.8743 24.1187 46.4249 49.5483 50.4752 58.4654 62.6263 44.1939 63.0435 60.4253 36.541 35.865 40.1431 52.8569 67.2657 54.1408 52.1547 47.7377 60.8538 42.268 40.1368 52.7215 58.7001 47.478 69.9002 53.2152 31.7957 47.336 59.19 52.2037 41.3344 83.8343 47.8873 62.6667 48.582 58.1716 50.6342 39.727 35.1097 45.0925 25.3656 37.4315 30.1917 45.5172 52.584 36.7758 69.8225 56.7168 45.0281 56.7901 68.3614 56.9636 46.6468 66.8877 57.6404 29.3035 42.076 43.8493 9.71429 59.5032 44.6325 27.5159 44.1977 26.3749 32.767 60.9994 19.1919 42.6452 18.2568 17.9245 54.0292 61.1563 61.0853 52.2188 65.4317 64.9123 29.3578 53.4238 56.2989 45.2525 38.9595 44.2343 35.1764 58.2673 54.4089 45.4621 54.0999 41.7987 40.7128 43.9617 37.9011 42.905 46.813 49.9203 38.307 37.1025 38.5569 54.3962 30.2083 46.0674 43.5596 55.3888 41.5441 55.7591 39.3933 16.9869 35.2159 34.5142 75.6547 31.9495 38.4644 48.316 48.255 33.7437 24.9261 15.2913 40.6853 47.1292 62.6568 52.7819 36.0484 43.1988 33.3481 59.5528 24.5796 16.9202 32.9435 28.2828 57.9562 56.3154 42.6207 47.6597 58.1596 57.7438 42.3623 29.2099 48.1028 43.0725 38.8007 54.9788 43.7673 21.1776 41.527 44.6084 44.1734 47.2959 61.3723 16.2887 66.1114 50.4394 34.8044 35.2273 44.3873 36 38.3427 45.2998 47.9871 43.7768 25.3807 56.92 56.3289 44.3281 39.4604 52.2228 15.9108 56.2158 50.7484 42.661 60.7611 39.7876 43.2124 57.7814 47.7604 53.3912 48.0106 46.096 34.9614 44.8718 44.1882 72.3355 42.8384 37.8022 28.8856 44.8503 46.4286 39.0335 64.0512 48.5446 39.8165 47.3961 46.8523 53.557 55.6369 16.5289 48.761 50.8155 66.9941 67.0759 75.0834 39.7869 46.6165 57.3127 64.5161 41.4538 59.0321 55.8101 47.5545 42.5083 38.6405 41.1628 22.9323 47.3936 48.4211 39.6999 32.1003 41.6291 38.446 81.9151 56.2842 28.8274 35.2265 41.7965 47.9513 37.8815 47.3548 35.2445 62.2861 51.89 34.1499 51.4699 69.094 38.4855 38.4033 52.1804 52.328 35.9969 34.315 50.7431 40.2895 45.8519 42.5801 58.5721 53.953 59.1515 60.9817 40.0539 54.9216 31.8907 65.1888 53.5236 49.4624 44.3207 46.526 69.6671 64.3725 40.2324 42.0576 43.9895 53.5653 40.8106 52.4109 41.1738 16.0079 62.8924 54.4715 66.3951 22.2363 15.9664 56.7017 51.0617 51.5458 68.2466 38.0365 39.4397 47.5941 43.2482 40.6585 28.2857 48.2593 38.8164 28.9595 48.3022 64.3957 45.6169 29.8651 43.9143 47.2727 35.7483 42.5993 40.3932 32.5414 40.1026 46.0377 30.2211 24.0111 44.9717 32.2866 39.3267 50.1604 29.4425 50.7411 46.3693 54.4687 48.6633 38.5703 42.5829 44.7927 49.2183 31.8739 36.1128 55.0523 31.8182 34.8542 35.3785 48.9345 46.4912 49.1342 61.5094 36.4403 53.5153 43.9273 48.3886 45.9592 58.7783 49.532 52.1835 49.8022 40.4459 47.6489 39.6408 57.8788 21.1027 52.8129 28.3162 46.5825 64.718 36.3331 54.0323 46.5347 46.7003 30 38.91 38.9182 22.3926 37.5419 46.0639 34.297 21.2121 37.4171 52.1223 39.2798 25.1527 38.2178 46.9388 61.8631 41.3599 57.1992 43.4837 43.8635 41.3457 64.333 28.6593 29.9472 51.7158 23.125 23.1106 63.8365 36.7248 31.2016 42.3054 45.1621 31.696 51.7585 44.0527 55.1245 58.4516 29.7818 43.9791 24.0157 44.1868 46.1246 29.8557 38.9923 38.7457 31.5894 45.6546 6.94444 66.3006 41.3308 54.255 42.6415 48.1579 39.4834 32.9718 44.2177 62.9911 43.1918 43.4549 32.2267 51.8955 15.5822 36.3828 63.9013 46.6586 72.6146 54.2831 23.5702 53.0829 52.7542 64.016 40.9546 49.7674 47.5154 57.991 50.8532 43.3948 38.2298 33.3995 51.2277 32.2233 6.53409 48.5403 41.5114 69.5044 53.7229 46.13 55.7477 48.2481 46.5064 49.5268 49.7854 21.4592 40.0193 48.7405 30.8458 52.4279 53.2707 53.8624 48.0769 34.7349 56.2685 42.1384 72.3615 54.0253 69.7642 27.6029 35.0032 34.1199 31.7222 45.0311 53.3702 42.7736 31.6927 30.1829 25.6275 43.9932 56.2969 47.482 50.4374 52.194 45.8257 9.38924 34.7368 32.0602 52.7038 23.5534 47.9545 39.0405 37.9498 64.486 38.4677 46.729 5.83804 31.5061 42.4129 39.7516 39.6114 37.8589 32.1669 42.0264 52.2638 55.9746 59.7111 47.1582 25.7503 39.876 35.6204 56.5774 32.5359 69.297 54.0031 21.0733 30.5761 48.3951 62.5874 50.608 46.875 9.91736 50.5263 32.6603 50.7752 45.4869 39.2 47.1698 45.3437 41.8018 13.6691 54.4368 63.5287 41.5982 55.5094 30.4251 44.879 40.3433 35.1558 47.3958 51.2942 63.6689 24.4481 29.0393 30.363 57.6568 21.9565 5.26316 61.2878 34.3429 51.011 47.0732 37.6543 35.9335 40.7288 59.5 70.19 37.6196 43.6221 40.2608 39.698 57.1332 41.492 70.8195 29.8569 48.9228 47.7551 54.0883 50.5208 43.0721 46.633 52.2974 31.7431 55.6645 15.8501 47.8797 57.1274 35.8586 63.7848 32.964 41.0522 50.4925 38.8515 15.1057 42.8675 47.1366 48.7047 63.3826 54.7683 19.7059 66.2942 10 45.7309 57.0251 42.4365 51.7937 59.1676 50.0628 45.9384 42.8877 61.2653 34.5304 53.1153 42.4495 33.6024 54.2447 28.2413 46.9247 35.4478 58.5491 51.5854 40.0068 49.4709 0 20.887 62.0139 62.827 36 45.3731 52.2293 11.2 29.8217 32.5243 57.5124 ]
LOG (nnet-train-frmshuff:main():nnet-train-frmshuff.cc:367) AvgLoss: 1.40137 (Xent), [AvgXent: 1.40137, AvgTargetEnt: 0]
progress: [1.55007 1.52992 1.49159 1.47424 1.47827 1.46405 1.44854 1.44108 1.44905 1.41416 1.41041 1.39625 1.40698 1.37216 1.38016 1.3786 1.36035 1.36399 1.33565 1.3374 1.32431 1.34176 1.30673 1.32327 1.30813 ]
FRAME_ACCURACY >> 60.2394% <<
LOG (nnet-train-frmshuff:PrintProfile():cu-device.cc:428) -----
[cudevice profile]
CuArray::CopyToVecD2H	7.10799s
DiffSigmoid	7.48479s
Sigmoid	8.77399s
MulElements	9.10298s
FindRowMaxId	10.5136s
MulRowsVec	12.3853s
CuMatrix::Resize	15.6521s
AddMatVec	23.9679s
CuMatrixBase::CopyFromMat(from CPU)	24.0916s
CuMatrixBase::CopyFromMat(from other CuMatrixBase)	24.3466s
CuVector::SetZero	24.8842s
CuVector::Resize	25.4144s
CuMatrix::SetZero	28.7336s
AddMat	40.8382s
AddMatMat	202.322s
Total GPU time:	502.09s (may involve some double-counting)
-----
LOG (nnet-train-frmshuff:PrintMemoryUsage():cu-allocator.cc:127) Memory usage: 357825368 bytes currently allocated (max: 358598136); 231438540 currently in use by user (max: 239065452); 35271/1008627 calls to Malloc* resulted in CUDA calls.
LOG (nnet-train-frmshuff:PrintMemoryUsage():cu-allocator.cc:134) Time taken in cudaMallocPitch=2.64927, in cudaMalloc=0.0238855, in cudaFree=1.81793, in this->MallocPitch()=5.24317
LOG (nnet-train-frmshuff:PrintMemoryUsage():cu-device.cc:401) Memory used (according to the device): 420372480 bytes.
