dnn.guoxintech.com
nnet-train-frmshuff --cross-validate=false --randomize=true --verbose=1 --minibatch-size=256 --randomizer-size=32768 --randomizer-seed=777 --learn-rate=0.008 --momentum=0 --l1-penalty=0 --l2-penalty=0 --feature-transform=exp/tri4b_dnn/final.feature_transform 'ark:copy-feats scp:exp/tri4b_dnn/train.scp ark:- | apply-cmvn --norm-means=true --norm-vars=false --utt2spk=ark:data/fbank/train/utt2spk scp:data/fbank/train/cmvn.scp ark:- ark:- |' 'ark:ali-to-pdf exp/tri4b_ali/final.mdl "ark:gunzip -c exp/tri4b_ali/ali.*.gz |" ark:- | ali-to-post ark:- ark:- |' exp/tri4b_dnn/nnet/nnet_iter02_learnrate0.008_tr1.4014_cv1.9998 exp/tri4b_dnn/nnet/nnet_iter03 
LOG (nnet-train-frmshuff:SelectGpuIdAuto():cu-device.cc:301) Selecting from 1 GPUs
LOG (nnet-train-frmshuff:SelectGpuIdAuto():cu-device.cc:316) cudaSetDevice(0): GeForce GTX 960	free:3606M, used:489M, total:4095M, free/total:0.880562
LOG (nnet-train-frmshuff:SelectGpuIdAuto():cu-device.cc:365) Trying to select device: 0 (automatically), mem_ratio: 0.880562
LOG (nnet-train-frmshuff:SelectGpuIdAuto():cu-device.cc:384) Success selecting device 0 free mem ratio: 0.880562
LOG (nnet-train-frmshuff:FinalizeActiveGpu():cu-device.cc:226) The active GPU is [0]: GeForce GTX 960	free:3589M, used:506M, total:4095M, free/total:0.876411 version 5.2
copy-feats scp:exp/tri4b_dnn/train.scp ark:- 
apply-cmvn --norm-means=true --norm-vars=false --utt2spk=ark:data/fbank/train/utt2spk scp:data/fbank/train/cmvn.scp ark:- ark:- 
LOG (nnet-train-frmshuff:Init():nnet-randomizer.cc:31) Seeding by srand with : 777
LOG (nnet-train-frmshuff:main():nnet-train-frmshuff.cc:154) TRAINING STARTED
ali-to-post ark:- ark:- 
ali-to-pdf exp/tri4b_ali/final.mdl 'ark:gunzip -c exp/tri4b_ali/ali.*.gz |' ark:- 
VLOG[1] (nnet-train-frmshuff:main():nnet-train-frmshuff.cc:320) ### After 0 frames,
VLOG[1] (nnet-train-frmshuff:main():nnet-train-frmshuff.cc:321) 
### Forward propagation buffer content :
[0] output of <Input>  ( min -3.28791, max 3.95756, mean 0.0126265, stddev 0.992937, skewness 0.166349, kurtosis -0.735591 ) 
[1] output of <AffineTransform> ( min -57.0168, max 60.3431, mean -3.33267, stddev 7.05278, skewness 0.228928, kurtosis 1.52683 ) 
[2] output of <Sigmoid> ( min 1.72954e-25, max 1, mean 0.29821, stddev 0.398929, skewness 0.892521, kurtosis -0.982934 ) 
[3] output of <AffineTransform> ( min -32.0065, max 23.9744, mean -4.91505, stddev 5.16225, skewness 0.135182, kurtosis 0.410796 ) 
[4] output of <Sigmoid> ( min 1.25817e-14, max 1, mean 0.175809, stddev 0.315643, skewness 1.72254, kurtosis 1.4026 ) 
[5] output of <AffineTransform> ( min -22.126, max 17.3862, mean -3.45964, stddev 3.69166, skewness 0.150608, kurtosis 0.42767 ) 
[6] output of <Sigmoid> ( min 2.45921e-10, max 1, mean 0.191232, stddev 0.301077, skewness 1.60227, kurtosis 1.15482 ) 
[7] output of <AffineTransform> ( min -28.3108, max 21.2383, mean -6.25829, stddev 4.6713, skewness 0.197157, kurtosis 1.03537 ) 
[8] output of <Sigmoid> ( min 5.06728e-13, max 1, mean 0.0959386, stddev 0.240817, skewness 2.81787, kurtosis 6.71728 ) 
[9] output of <AffineTransform> ( min -14.8883, max 25.9207, mean 0.00316738, stddev 3.66615, skewness 0.790655, kurtosis 1.67363 ) 
[10] output of <Softmax> ( min 4.6778e-17, max 0.999972, mean 0.000302297, stddev 0.0123546, skewness 60.2623, kurtosis 4012.54 ) 
VLOG[1] (nnet-train-frmshuff:main():nnet-train-frmshuff.cc:323) 
### Backward propagation buffer content :
[0] diff of <Input>  ( min -2.80145, max 2.42169, mean 0.000713405, stddev 0.149704, skewness -0.215009, kurtosis 26.6206 ) 
[1] diff-output of <AffineTransform> ( min -0.386293, max 0.452757, mean -5.66234e-05, stddev 0.0101034, skewness -0.345951, kurtosis 106.005 ) 
[2] diff-output of <Sigmoid> ( min -1.81935, max 1.82628, mean 4.26224e-06, stddev 0.113426, skewness -0.179798, kurtosis 14.7979 ) 
[3] diff-output of <AffineTransform> ( min -0.249601, max 0.258251, mean -1.24914e-05, stddev 0.01049, skewness 0.05236, kurtosis 47.6625 ) 
[4] diff-output of <Sigmoid> ( min -1.1918, max 1.23202, mean -0.000145823, stddev 0.112191, skewness -0.0205264, kurtosis 6.00842 ) 
[5] diff-output of <AffineTransform> ( min -0.160149, max 0.179629, mean -1.79933e-05, stddev 0.0104579, skewness -0.0191547, kurtosis 24.0608 ) 
[6] diff-output of <Sigmoid> ( min -0.782064, max 0.873233, mean -0.00183299, stddev 0.0935175, skewness -0.169203, kurtosis 4.12456 ) 
[7] diff-output of <AffineTransform> ( min -0.215231, max 0.511256, mean 6.85313e-05, stddev 0.0116299, skewness 2.31473, kurtosis 106.576 ) 
[8] diff-output of <Sigmoid> ( min -2.41371, max 2.27121, mean -0.000419226, stddev 0.162826, skewness 0.0210387, kurtosis 14.733 ) 
[9] diff-output of <AffineTransform> ( min -0.999838, max 0.974743, mean 1.08824e-11, stddev 0.0145641, skewness -29.6927, kurtosis 3321.34 ) 
[10] diff-output of <Softmax> ( min -0.999838, max 0.974743, mean 1.08824e-11, stddev 0.0145641, skewness -29.6927, kurtosis 3321.34 ) 
VLOG[1] (nnet-train-frmshuff:main():nnet-train-frmshuff.cc:324) 
### Gradient stats :
Component 1 : <AffineTransform>, 
  linearity_grad ( min -1.25045, max 1.6043, mean 0.0109972, stddev 0.169976, skewness 0.242825, kurtosis 3.74461 ) , lr-coef 1, max-norm 0
  bias_grad ( min -1.02081, max 1.20489, mean -0.0144956, stddev 0.192908, skewness -0.127047, kurtosis 3.32908 ) , lr-coef 1
Component 2 : <Sigmoid>, 
Component 3 : <AffineTransform>, 
  linearity_grad ( min -1.18324, max 0.746633, mean -0.00174465, stddev 0.0873092, skewness -0.137484, kurtosis 4.10542 ) , lr-coef 1, max-norm 0
  bias_grad ( min -1.1603, max 0.733258, mean -0.00319779, stddev 0.202334, skewness -0.210557, kurtosis 1.6541 ) , lr-coef 1
Component 4 : <Sigmoid>, 
Component 5 : <AffineTransform>, 
  linearity_grad ( min -0.556044, max 0.761688, mean -0.000807164, stddev 0.0666207, skewness 0.039308, kurtosis 3.64666 ) , lr-coef 1, max-norm 0
  bias_grad ( min -0.644216, max 0.808857, mean -0.00460629, stddev 0.20091, skewness 0.0773594, kurtosis 0.252735 ) , lr-coef 1
Component 6 : <Sigmoid>, 
Component 7 : <AffineTransform>, 
  linearity_grad ( min -0.650556, max 1.38919, mean 0.0031825, stddev 0.0724554, skewness 0.879257, kurtosis 11.629 ) , lr-coef 1, max-norm 0
  bias_grad ( min -0.68104, max 1.40187, mean 0.017544, stddev 0.215574, skewness 0.514914, kurtosis 2.82247 ) , lr-coef 1
Component 8 : <Sigmoid>, 
Component 9 : <AffineTransform>, 
  linearity_grad ( min -6.50205, max 3.43391, mean -1.09209e-09, stddev 0.0653248, skewness -8.0991, kurtosis 404.914 ) , lr-coef 1, max-norm 0
  bias_grad ( min -6.26665, max 3.19361, mean -3.76381e-09, stddev 0.255469, skewness -5.25305, kurtosis 130.772 ) , lr-coef 0.1
Component 10 : <Softmax>, 
LOG (ali-to-pdf:main():ali-to-pdf.cc:68) Converted 9996 alignments to pdf sequences.
VLOG[1] (nnet-train-frmshuff:Eval():nnet-loss.cc:135) ProgressLoss[last 1h of 1h]: 1.32053 (Xent)
LOG (ali-to-post:main():ali-to-post.cc:65) Converted 9996 alignments.
WARNING (nnet-train-frmshuff:main():nnet-train-frmshuff.cc:169) A23_204, missing targets
VLOG[1] (nnet-train-frmshuff:Eval():nnet-loss.cc:135) ProgressLoss[last 1h of 2h]: 1.31099 (Xent)
VLOG[1] (nnet-train-frmshuff:Eval():nnet-loss.cc:135) ProgressLoss[last 1h of 3h]: 1.28206 (Xent)
VLOG[1] (nnet-train-frmshuff:Eval():nnet-loss.cc:135) ProgressLoss[last 1h of 4h]: 1.27148 (Xent)
VLOG[1] (nnet-train-frmshuff:Eval():nnet-loss.cc:135) ProgressLoss[last 1h of 5h]: 1.28101 (Xent)
VLOG[1] (nnet-train-frmshuff:Eval():nnet-loss.cc:135) ProgressLoss[last 1h of 6h]: 1.2746 (Xent)
VLOG[1] (nnet-train-frmshuff:Eval():nnet-loss.cc:135) ProgressLoss[last 1h of 7h]: 1.261 (Xent)
VLOG[1] (nnet-train-frmshuff:Eval():nnet-loss.cc:135) ProgressLoss[last 1h of 8h]: 1.26161 (Xent)
VLOG[1] (nnet-train-frmshuff:Eval():nnet-loss.cc:135) ProgressLoss[last 1h of 9h]: 1.27411 (Xent)
VLOG[1] (nnet-train-frmshuff:Eval():nnet-loss.cc:135) ProgressLoss[last 1h of 10h]: 1.24503 (Xent)
VLOG[1] (nnet-train-frmshuff:Eval():nnet-loss.cc:135) ProgressLoss[last 1h of 11h]: 1.24696 (Xent)
VLOG[1] (nnet-train-frmshuff:Eval():nnet-loss.cc:135) ProgressLoss[last 1h of 12h]: 1.23681 (Xent)
VLOG[1] (nnet-train-frmshuff:main():nnet-train-frmshuff.cc:272) After 5000 utterances: time elapsed = 4.03286 min; processed 18883.8 frames per second.
VLOG[1] (nnet-train-frmshuff:Eval():nnet-loss.cc:135) ProgressLoss[last 1h of 13h]: 1.24934 (Xent)
VLOG[1] (nnet-train-frmshuff:Eval():nnet-loss.cc:135) ProgressLoss[last 1h of 14h]: 1.21801 (Xent)
VLOG[1] (nnet-train-frmshuff:Eval():nnet-loss.cc:135) ProgressLoss[last 1h of 15h]: 1.22772 (Xent)
VLOG[1] (nnet-train-frmshuff:Eval():nnet-loss.cc:135) ProgressLoss[last 1h of 16h]: 1.22854 (Xent)
VLOG[1] (nnet-train-frmshuff:Eval():nnet-loss.cc:135) ProgressLoss[last 1h of 17h]: 1.21637 (Xent)
VLOG[1] (nnet-train-frmshuff:Eval():nnet-loss.cc:135) ProgressLoss[last 1h of 18h]: 1.21928 (Xent)
VLOG[1] (nnet-train-frmshuff:Eval():nnet-loss.cc:135) ProgressLoss[last 1h of 19h]: 1.19835 (Xent)
VLOG[1] (nnet-train-frmshuff:Eval():nnet-loss.cc:135) ProgressLoss[last 1h of 20h]: 1.20166 (Xent)
WARNING (nnet-train-frmshuff:main():nnet-train-frmshuff.cc:169) A23_107, missing targets
VLOG[1] (nnet-train-frmshuff:Eval():nnet-loss.cc:135) ProgressLoss[last 1h of 21h]: 1.19141 (Xent)
VLOG[1] (nnet-train-frmshuff:Eval():nnet-loss.cc:135) ProgressLoss[last 1h of 22h]: 1.20922 (Xent)
VLOG[1] (nnet-train-frmshuff:Eval():nnet-loss.cc:135) ProgressLoss[last 1h of 23h]: 1.1775 (Xent)
WARNING (nnet-train-frmshuff:main():nnet-train-frmshuff.cc:169) C22_500, missing targets
WARNING (nnet-train-frmshuff:main():nnet-train-frmshuff.cc:169) C21_672, missing targets
VLOG[1] (nnet-train-frmshuff:Eval():nnet-loss.cc:135) ProgressLoss[last 1h of 24h]: 1.19566 (Xent)
VLOG[1] (nnet-train-frmshuff:Eval():nnet-loss.cc:135) ProgressLoss[last 1h of 25h]: 1.18413 (Xent)
LOG (copy-feats:main():copy-feats.cc:101) Copied 10000 feature matrices.
LOG (apply-cmvn:main():apply-cmvn.cc:146) Applied cepstral mean normalization to 10000 utterances, errors on 0
VLOG[1] (nnet-train-frmshuff:main():nnet-train-frmshuff.cc:345) ### After 9172992 frames,
VLOG[1] (nnet-train-frmshuff:main():nnet-train-frmshuff.cc:346) 
### Forward propagation buffer content :
[0] output of <Input>  ( min -3.05699, max 3.97779, mean -0.0266961, stddev 0.94405, skewness 0.143742, kurtosis -0.532818 ) 
[1] output of <AffineTransform> ( min -71.4209, max 79.0883, mean -3.71955, stddev 7.82295, skewness 0.251001, kurtosis 1.79541 ) 
[2] output of <Sigmoid> ( min 9.60088e-32, max 1, mean 0.294003, stddev 0.403172, skewness 0.915131, kurtosis -0.9648 ) 
[3] output of <AffineTransform> ( min -34.8758, max 25.4299, mean -5.52539, stddev 5.76237, skewness 0.132694, kurtosis 0.373988 ) 
[4] output of <Sigmoid> ( min 7.13861e-16, max 1, mean 0.172426, stddev 0.319736, skewness 1.7512, kurtosis 1.46117 ) 
[5] output of <AffineTransform> ( min -23.1862, max 16.4176, mean -3.90375, stddev 4.00492, skewness 0.125989, kurtosis 0.281136 ) 
[6] output of <Sigmoid> ( min 8.51865e-11, max 1, mean 0.181172, stddev 0.301449, skewness 1.68135, kurtosis 1.38545 ) 
[7] output of <AffineTransform> ( min -27.6389, max 23.1536, mean -6.4076, stddev 4.79261, skewness 0.212244, kurtosis 0.864653 ) 
[8] output of <Sigmoid> ( min 9.92114e-13, max 1, mean 0.0975721, stddev 0.243656, skewness 2.77696, kurtosis 6.46052 ) 
[9] output of <AffineTransform> ( min -14.6586, max 26.1757, mean 0.0026729, stddev 3.81997, skewness 0.731864, kurtosis 1.46563 ) 
[10] output of <Softmax> ( min 2.14087e-18, max 0.999899, mean 0.000302297, stddev 0.0136902, skewness 59.5366, kurtosis 3772.99 ) 
VLOG[1] (nnet-train-frmshuff:main():nnet-train-frmshuff.cc:348) 
### Backward propagation buffer content :
[0] diff of <Input>  ( min -1.92363, max 2.80206, mean -0.000113854, stddev 0.0996124, skewness 0.615884, kurtosis 50.9115 ) 
[1] diff-output of <AffineTransform> ( min -0.220679, max 0.217147, mean 3.27117e-05, stddev 0.00648068, skewness 0.47083, kurtosis 110.581 ) 
[2] diff-output of <Sigmoid> ( min -1.73632, max 1.44695, mean 0.000758799, stddev 0.075482, skewness 0.191484, kurtosis 20.2102 ) 
[3] diff-output of <AffineTransform> ( min -0.241813, max 0.285831, mean -1.35255e-05, stddev 0.00718646, skewness -0.0510986, kurtosis 96.9427 ) 
[4] diff-output of <Sigmoid> ( min -1.26809, max 1.14333, mean 0.000211597, stddev 0.0827505, skewness -0.0778178, kurtosis 12.0559 ) 
[5] diff-output of <AffineTransform> ( min -0.163621, max 0.178514, mean -3.62934e-06, stddev 0.007643, skewness -0.017208, kurtosis 51.7195 ) 
[6] diff-output of <Sigmoid> ( min -1.03752, max 1.00178, mean 0.000163952, stddev 0.0740132, skewness -0.180599, kurtosis 9.55884 ) 
[7] diff-output of <AffineTransform> ( min -0.252995, max 0.232889, mean -7.23019e-06, stddev 0.00831676, skewness -0.0317135, kurtosis 97.1313 ) 
[8] diff-output of <Sigmoid> ( min -2.22302, max 1.90919, mean 0.000917324, stddev 0.112087, skewness -0.0470894, kurtosis 21.6709 ) 
[9] diff-output of <AffineTransform> ( min -0.999617, max 0.950258, mean 7.48755e-12, stddev 0.0100179, skewness -38.5793, kurtosis 5814.25 ) 
[10] diff-output of <Softmax> ( min -0.999617, max 0.950258, mean 7.48755e-12, stddev 0.0100179, skewness -38.5793, kurtosis 5814.25 ) 
VLOG[1] (nnet-train-frmshuff:main():nnet-train-frmshuff.cc:349) 
### Gradient stats :
Component 1 : <AffineTransform>, 
  linearity_grad ( min -0.784735, max 0.833037, mean -0.00264921, stddev 0.0971472, skewness 0.0408566, kurtosis 1.6217 ) , lr-coef 1, max-norm 0
  bias_grad ( min -0.521537, max 0.365464, mean 0.0083742, stddev 0.108816, skewness -0.142314, kurtosis 0.867915 ) , lr-coef 1
Component 2 : <Sigmoid>, 
Component 3 : <AffineTransform>, 
  linearity_grad ( min -0.795675, max 0.444639, mean -0.000781919, stddev 0.060166, skewness -0.220626, kurtosis 4.60121 ) , lr-coef 1, max-norm 0
  bias_grad ( min -0.72922, max 0.385546, mean -0.00346253, stddev 0.122795, skewness -0.0797051, kurtosis 1.29413 ) , lr-coef 1
Component 4 : <Sigmoid>, 
Component 5 : <AffineTransform>, 
  linearity_grad ( min -0.410788, max 0.513862, mean -0.000229067, stddev 0.0477689, skewness -0.00672937, kurtosis 4.63511 ) , lr-coef 1, max-norm 0
  bias_grad ( min -0.432243, max 0.585219, mean -0.000929111, stddev 0.132457, skewness 0.0555478, kurtosis 0.923314 ) , lr-coef 1
Component 6 : <Sigmoid>, 
Component 7 : <AffineTransform>, 
  linearity_grad ( min -0.565898, max 0.701179, mean -0.000510502, stddev 0.0491093, skewness 0.0290294, kurtosis 6.60512 ) , lr-coef 1, max-norm 0
  bias_grad ( min -0.537177, max 0.73458, mean -0.00185093, stddev 0.143064, skewness 0.0114004, kurtosis 1.71593 ) , lr-coef 1
Component 8 : <Sigmoid>, 
Component 9 : <AffineTransform>, 
  linearity_grad ( min -3.11011, max 3.22594, mean -7.0097e-10, stddev 0.0465985, skewness -11.6306, kurtosis 554.95 ) , lr-coef 1, max-norm 0
  bias_grad ( min -3.09672, max 3.36843, mean -2.17892e-09, stddev 0.188342, skewness -3.67501, kurtosis 104.604 ) , lr-coef 0.1
Component 10 : <Softmax>, 
LOG (nnet-train-frmshuff:main():nnet-train-frmshuff.cc:357) Done 9996 files, 4 with no tgt_mats, 0 with other errors. [TRAINING, RANDOMIZED, 8.02186 min, fps19058.3]
LOG (nnet-train-frmshuff:main():nnet-train-frmshuff.cc:366) PER-CLASS PERFORMANCE:
@@@ Frames per-class: [ 565947 488 1856 2655 3568 781 1492 366 1178 2601 6093 275 1750 2781 625 562 407 2075 713 1564 3910 315 721 484 3131 1228 388 886 1838 5544 1216 582 998 1423 2274 2478 2622 648 1450 1302 3270 319 837 506 1459 1185 413 2751 2642 2203 1697 113 5227 1522 5320 974 5444 610 2375 3574 2645 5196 2948 961 731 1034 885 1070 246 1967 4634 2320 1158 297 837 4047 1525 649 614 329 1269 241 5288 211 2298 1571 3925 5375 490 2188 672 1219 1570 1059 214 2868 2349 1561 1557 443 673 446 850 4317 148 823 1698 8558 1527 0 2752 1090 2060 2968 650 3118 497 1859 3307 2522 2642 0 502 1250 502 1164 1593 1240 1894 425 764 405 3235 1498 1909 286 628 631 1133 408 1937 5169 907 577 7189 707 2964 1322 4240 1153 1437 2810 2452 800 3284 2090 488 3356 216 200 1059 329 1589 0 2074 357 1356 254 199 1331 812 1760 1611 389 691 0 0 0 935 4378 450 2722 3 1794 718 428 600 126 1580 3676 736 1947 258 4769 2271 2576 1561 4241 384 1310 5646 1701 3079 0 1076 2731 532 7527 0 2363 3097 163 2514 164 703 969 2310 6817 456986 521258 457790 3007 267081 806 2722 3400 2626 2194 884 12081 14170 2836 916 1080 1386 2009 2615 5895 547 3387 1384 774 2474 1007 2048 1851 1941 1387 1719 3968 9195 2158 2714 464 1071 1666 5826 953 5295 1610 844 1360 4983 1283 922 757 1279 3052 1651 878 958 3480 1368 3789 7258 1366 4759 1405 3640 2311 1961 3572 1357 2092 688 1531 2457 1279 1127 2663 707 1059 4114 2466 8365 842 3733 1395 1405 2049 1936 4111 695 3742 3920 2452 691 5044 3739 574 2752 1057 11963 1165 1200 1094 2323 2129 4045 1147 2060 3856 5067 1012 1343 4417 507 5785 6804 3409 620 684 1099 1456 1313 2262 2997 2296 3680 5183 1546 817 1985 4782 2240 424 796 983 1542 3053 1395 3845 4599 910 2240 2268 1572 4457 942 8678 1016 2652 1695 2753 2160 6505 1581 815 389 2237 6126 935 3220 926 3457 781 3001 1781 1857 991 4395 5194 5886 1572 1385 4408 568 1182 2356 548 466 9540 6101 5919 2224 1117 734 2194 4812 1222 1826 931 1372 2310 725 1123 3533 1450 3700 2209 2969 3288 1248 1832 1013 985 1170 6258 5116 863 3733 4208 1999 4130 2366 1045 2905 460 2195 1416 873 1511 1830 1102 1103 4889 3334 724 2791 2785 1854 4383 1146 2259 652 1058 1069 3320 2956 2959 2039 2309 1423 378 3871 1374 1954 1037 362 2170 531 1351 1300 1160 1107 3253 2243 1083 1565 1956 840 1071 797 758 1662 510 1633 1577 782 941 1778 458 4905 1283 2685 1150 4278 2389 2779 1293 575 617 1748 3773 706 1488 1964 5177 1454 1478 907 3027 1330 2638 1517 760 5005 4870 542 5973 1408 822 1048 501 1852 1881 7399 1286 518 1293 4660 1265 462 2474 897 2851 7526 597 1847 1938 3365 1063 718 832 1714 1671 2185 316 1406 3713 1710 1093 1209 2779 3231 1193 1774 523 3055 1807 1242 1638 690 1784 2443 5860 237 834 2022 1533 7884 1481 5986 2881 1432 2162 5323 1056 883 468 2279 936 4949 2126 4534 3594 910 1903 1383 3292 1742 794 5511 3029 1841 758 5233 2350 6871 1635 448 2062 4300 2383 1040 2219 531 6194 1951 3740 1741 928 2361 550 1009 476 422 4745 2207 3135 4979 3034 904 833 1977 3512 2834 1203 3588 1709 4690 721 4587 940 780 1690 842 2192 2055 1022 666 6489 3179 1739 1072 1686 1401 3497 852 2930 1689 2321 2712 912 5215 864 856 1363 1158 1790 1447 893 5717 2142 796 3762 1980 1338 1473 2273 1807 1778 705 5227 740 3426 1105 3377 389 214 2219 2097 5121 349 2093 2243 1645 1155 1494 740 1376 1274 2612 1287 2149 3853 1211 888 2298 2586 5092 961 4597 1455 1310 513 3549 4555 1052 2680 1493 1955 3664 821 977 251 558 2583 1649 3945 4664 2782 1065 6695 1722 1408 6466 2230 3325 2485 1083 3540 3341 639 796 3632 544 5317 252 2049 3176 569 980 1441 4474 1256 1079 1369 1392 1467 796 4797 1843 6202 3201 3167 2427 3000 630 2873 1561 2473 3445 4575 1056 1345 1787 9409 1435 2075 2351 1716 5718 1116 523 606 1464 344 6396 687 942 786 1742 857 5623 1079 1377 1532 760 1537 5283 3383 1336 1696 1089 1654 5214 1628 1073 1687 1268 3150 2122 2959 1047 5780 760 2154 2320 3341 1786 3647 407 1146 2159 2296 1319 1417 405 2610 1412 1569 2257 1018 417 1735 569 917 1556 1154 941 2360 3615 407 624 737 2779 2085 2323 1268 938 3202 3287 3835 532 652 3276 1566 5009 1727 424 1105 1850 2810 1625 5301 1910 928 1328 1025 790 4473 2823 5226 955 3949 1577 561 1852 1243 12846 3513 1837 2691 4696 2810 2167 364 721 1233 2556 977 538 2001 948 1457 1554 829 1559 1904 1390 1614 1126 907 1129 2803 2316 3477 860 2720 581 3954 442 987 1590 5186 1550 5255 1331 1314 2612 438 580 1501 2370 2136 3039 2817 1957 2556 1384 345 373 707 2206 714 1059 3662 3193 1348 1228 2066 1625 1228 1769 4482 927 2151 1790 3480 1153 4341 1177 3635 194 1782 2352 1010 510 1603 1247 3782 1991 1307 645 767 787 647 4112 6542 6158 2615 3649 3004 770 3671 697 2684 2461 2004 4318 2822 1474 2478 2663 1005 1526 1287 1869 1798 1381 2329 2502 6950 3292 1682 1617 3635 2217 2554 1355 611 992 1868 1451 3096 535 464 6610 850 2089 1563 1369 1774 359 2140 1924 1982 3864 3249 2231 1309 960 1136 867 1090 1773 1246 669 1346 1106 999 1450 2672 2220 4860 4012 5758 417 866 588 857 1560 2491 1469 960 796 792 2109 4809 1608 3596 622 852 2288 3194 1040 1371 1800 306 1648 13748 841 1477 2744 1961 1258 1618 813 668 180 1742 1301 1411 583 2428 2314 529 1484 2865 1144 2331 757 504 3383 7446 961 3161 1982 1486 1203 3120 4134 1064 7890 2095 3005 1419 854 2826 1733 1734 4569 3390 1568 1082 443 4562 596 1696 3461 1965 729 4281 2872 4321 10804 1439 2193 1279 1224 647 2216 666 980 1102 523 723 1649 2346 2039 721 2250 438 2214 970 886 1156 781 1945 2164 2728 2087 1722 815 3635 960 986 1950 4354 2593 1676 1695 927 1235 891 3646 1345 2269 928 1211 1006 988 4043 251 2576 1821 772 2564 1488 1179 5225 2868 702 1607 2803 1757 2892 606 725 3310 6702 882 1544 1946 967 1608 1446 1674 1037 1892 25831 2168 1720 3053 5336 9184 1336 696 728 2765 702 1173 2913 4126 1888 767 1027 768 1408 2697 2542 1875 493 4119 673 2647 1984 1284 4695 1568 1540 3999 1796 364 1240 892 5170 1427 1450 922 4511 2470 1012 5100 1479 2281 2349 1471 1022 584 1087 1089 1607 1582 1487 3695 1709 1062 490 787 450 1061 4775 2048 3192 1408 1607 4405 3421 1158 439 2724 121 3504 2856 1621 1873 2965 747 821 560 4699 417 1614 579 2153 468 236 735 729 1184 6841 1127 790 521 2414 12590 1228 2492 9263 1802 1239 2463 1731 426 985 1252 2464 399 863 1346 2443 2530 3979 3347 2064 1457 633 664 1619 519 1495 2600 2249 1447 537 625 1022 309 5397 628 1057 6266 5232 2355 512 492 556 756 2648 2243 2021 1097 648 1641 1100 2418 3479 1159 246 798 621 1521 392 1107 209 2280 1084 4239 4340 516 603 615 2615 1630 9815 6536 2931 1345 2581 2253 1078 1049 814 1645 620 4080 2424 461 2396 1288 1593 2381 1129 4140 656 1715 2828 3902 7210 3110 2626 2342 789 7704 1765 2172 1084 4217 1129 5474 278 1360 1202 1519 6182 1087 361 267 1424 1371 1510 2905 1784 360 490 2399 1321 4188 1222 4590 1455 1041 1340 1045 2495 5940 1032 722 3077 1289 5383 998 2269 3677 678 849 1547 685 1141 2040 1235 1398 1205 705 3556 429 3420 1905 688 1499 1067 1675 2514 1643 2531 365 2244 2679 7052 2466 3034 1250 3468 1008 1355 815 700 471 2091 1834 2880 598 1610 4539 834 2860 701 3463 2072 1630 5839 3312 636 1584 2882 969 738 2142 4170 836 2388 652 1440 789 1133 967 1412 982 1062 387 1749 1077 2078 1954 1744 848 5209 2447 799 4505 853 2466 4754 3943 734 688 1388 492 1093 1102 1728 662 1163 2823 3096 1505 3639 924 1356 1211 932 1240 890 2025 1653 1133 774 711 4976 2049 1194 1959 2338 2719 2832 1322 4493 10160 1333 673 6167 1140 2433 392 3518 774 1011 357 727 1048 8630 748 1380 983 2324 775 1348 724 1421 480 901 4747 923 1315 844 1760 2875 762 1470 1527 956 1209 1665 8933 3283 945 1328 395 1249 2934 3612 1242 472 1087 2103 3023 1054 1244 4243 1258 1286 3573 2005 1102 5365 3159 2202 1951 1359 2009 847 2157 2213 4676 7935 2414 2365 1205 1291 1732 1202 1273 460 661 1013 1250 7269 424 2763 1511 3886 358 1846 7376 2224 1870 1580 531 2115 1696 1143 398 2370 1493 1181 1582 1971 894 2301 1298 1821 2372 844 564 3693 1439 3123 1116 487 1694 1023 2536 2421 1453 3031 957 1413 1411 1558 2961 2019 1559 2810 1075 1268 2291 3711 1144 838 1815 2740 2680 386 860 1181 221 2668 2695 504 448 2795 2334 603 2111 3982 2586 2173 2751 568 611 1484 594 1346 665 675 1032 2794 1105 793 2162 2104 720 3548 1625 2442 6200 425 3607 1457 787 2666 1578 3275 1233 2291 958 642 2109 1032 4100 959 1005 7944 802 945 7081 890 1477 794 2864 2093 2411 1137 162 1634 997 312 1648 6181 1400 1195 315 1848 2029 1120 1430 2429 2755 1040 1039 884 5154 1653 2471 362 4520 2676 1358 4638 667 1346 2032 3828 1701 1895 463 339 3390 845 1083 890 2640 869 947 1978 1450 1394 1092 1795 579 5332 1984 1149 383 982 4384 717 1988 864 1892 1484 1219 4103 9665 842 1041 3082 2885 1987 1322 696 836 1268 1338 1254 2606 949 2818 3056 2264 820 2171 1978 1896 1014 471 1582 864 2126 10030 1910 249 2164 761 2268 1685 370 3007 6240 2600 2789 1952 10222 2530 602 810 3208 3269 1206 1725 628 1981 590 732 818 1942 2305 1184 1386 839 674 690 1038 838 691 9572 3855 1985 1477 972 655 934 515 549 3124 1817 1285 1010 396 1557 1158 703 2150 745 2869 1262 3799 1077 1454 5829 3440 2236 1695 1208 3307 4375 477 2950 1672 1630 662 1360 1384 1945 1000 1007 8439 762 2853 3017 1814 995 949 1613 1216 3178 289 647 3028 2883 1825 3980 6072 1910 1811 1107 951 2062 2289 780 2344 1572 2312 2003 624 5885 3440 2808 509 6115 2247 1202 1605 915 1123 761 1158 977 1627 2912 641 654 680 1927 4161 589 5466 830 1656 736 355 1137 2164 517 2620 5151 613 1322 714 2117 833 2199 1599 3647 1024 1657 1010 759 1162 4314 4231 6213 966 1265 867 2179 3225 4039 2277 1419 2397 446 486 2868 714 3047 547 2428 2300 2427 1217 7220 474 1634 3104 578 827 615 1030 997 610 3038 438 3841 664 1364 3897 3540 2507 3874 1265 1956 1513 5057 2563 737 888 969 1294 1722 993 7629 1991 3141 267 686 1608 5183 279 1959 1180 1034 830 1108 726 1777 1386 611 285 1003 1403 326 2944 940 2920 3311 3176 1268 2215 720 2252 5142 1059 3411 1446 3119 1727 3634 602 2321 2200 1255 1613 1776 2280 1504 467 1141 1456 1492 1286 662 5655 3089 495 1350 1001 9277 848 912 2309 1058 1399 1959 638 1791 545 2862 2310 746 1616 2052 5449 1260 1255 3379 1751 1337 1938 738 3484 1951 3157 266 1704 940 8750 745 3461 1382 338 320 723 3190 1126 3202 3269 610 938 682 533 1199 707 324 6037 514 1694 633 398 631 1022 5583 621 547 1058 8594 1514 1024 1524 5619 1797 810 930 625 767 2469 3852 2711 703 2282 2933 2985 1282 2704 1812 3168 3934 5663 1646 2580 1446 318 2479 2363 966 2011 496 437 1144 2147 784 3748 2893 5543 2302 4612 1146 2394 432 2109 991 5035 1114 2154 511 2139 2681 2316 1244 1481 1022 3266 701 1112 874 2343 3357 1849 9651 356 2821 2464 2363 787 479 5054 934 1128 1411 497 548 1298 4131 952 1182 3451 1500 805 4440 240 4433 766 2006 2532 1375 1282 2519 441 1343 883 1934 5963 584 3273 537 544 1023 923 4234 467 1171 2500 5322 2212 3384 1655 2157 1181 1008 1662 836 2243 3013 4646 571 6110 1382 4410 3389 643 3541 4609 1452 1604 3044 663 734 1778 1334 826 1392 883 1260 1922 1062 282 1130 7723 2146 3967 2064 1501 726 6774 3274 3951 447 2538 950 2069 500 2974 2144 2571 2280 772 3164 6438 3750 5562 1567 4944 744 475 2717 1924 1989 989 1833 3019 1019 2023 1637 1188 4184 2163 509 2230 9967 974 1145 1755 1817 1647 1315 6920 1275 6124 1775 617 1805 7066 8526 1677 8634 1016 621 3220 698 1226 3523 583 1972 3493 1631 1181 1376 3035 1040 1236 3591 2252 1778 184 5618 2546 3420 3074 1087 1806 3141 3868 4527 1624 911 5335 2284 2266 4224 1788 3877 469 717 986 1358 574 1667 5963 1110 1855 677 637 3072 1587 1585 1333 3915 3784 2008 1297 1434 1242 1784 1490 3651 543 1764 4502 2713 702 2793 2654 2010 1447 1570 3913 1998 3164 663 2297 1818 1338 1484 5830 2250 501 4111 965 1111 802 1914 2302 1804 777 874 2596 2773 1759 7106 4864 3059 1259 1607 3802 2004 1689 4416 3772 453 1907 4327 860 1476 1793 3242 5594 885 5884 5134 1264 1056 3366 3445 1763 677 1609 1396 807 2498 3930 6171 1226 2063 1066 1422 7722 685 5884 1294 468 4375 1082 2133 2685 933 1032 1350 1187 1456 430 1094 2376 6717 3717 2148 750 2829 1890 2546 1391 1207 3372 2294 2908 1878 836 1883 2834 3854 2415 3451 461 2654 2365 3672 6326 1238 8996 399 2134 990 479 1009 4218 1853 2771 1034 3783 447 1902 714 885 1732 1024 1374 395 1484 1334 612 1568 897 5502 1857 5095 3170 7672 945 1111 3754 727 819 2281 1199 9064 2375 2368 1680 2254 4605 1924 7118 4203 1201 1645 2112 921 640 2501 735 707 2568 1334 968 567 438 2803 1090 1099 4986 1520 1321 1062 4113 1609 401 491 308 7307 1560 1150 1970 1825 2177 1602 3313 1292 1891 1352 338 3663 1268 3012 2078 2392 1570 1522 3156 2311 1428 2028 1219 970 3104 2312 700 643 4013 1743 963 1459 611 1401 3834 415 3036 853 1532 4730 3047 552 1316 1239 3688 1204 2686 466 1280 2088 1951 1757 2895 1453 2412 1909 2446 1202 1353 2416 841 1495 3598 1600 1796 2336 1267 332 2473 5087 2710 1499 2886 4271 1851 3257 4208 1455 5731 245 2094 2281 2159 1571 1345 2045 2460 2748 1478 1000 584 225 1123 1475 674 5770 558 1295 4172 492 4266 602 1347 1846 2675 646 932 1469 1704 1203 458 730 2135 968 2227 693 4787 681 1403 965 1331 274 762 1327 5023 1977 1279 1073 1399 2732 1459 4892 1066 519 2324 2060 701 1621 3157 1536 2132 702 1712 2520 2911 1523 3604 1463 1321 539 1930 1439 947 1199 2178 887 690 2163 769 711 1258 5303 2337 966 905 2608 1382 485 877 1874 2954 2161 6412 1524 607 2271 963 2337 1229 10114 639 975 1622 2680 2838 1392 638 2486 1983 1277 626 3335 3870 1985 1859 4057 2132 9072 2734 1594 671 2262 1780 761 1079 1699 350 926 1891 785 1396 1691 412 4823 990 3236 849 424 2395 1107 2580 2907 2942 1881 872 3169 1151 990 865 2168 1899 3659 4060 3625 4183 2524 1459 2509 1153 3580 4738 5649 1394 1415 2259 853 576 1602 2298 733 816 13813 4516 989 903 988 3857 1108 2735 1633 2980 2193 2030 412 2072 418 4306 6021 1817 1338 4528 2952 773 526 1026 891 8220 1243 725 3632 1391 1569 3378 1253 817 2786 1134 3776 722 1053 1074 1762 738 943 787 970 1741 2845 1994 968 2138 350 1424 4936 621 3495 197 3013 2615 573 2372 1957 1345 2558 4276 2112 3206 1601 2453 2461 1987 2418 3393 1063 389 624 1084 3434 761 455 682 3641 1288 1076 2498 1065 1635 1901 3161 2980 2732 605 3995 2330 4378 7168 4495 1126 1596 2523 1829 3797 5331 4234 2433 1515 1633 1720 1330 3338 1710 733 2433 7992 991 11164 732 614 3046 2761 3368 557 3081 1779 1636 2619 694 2075 2362 964 3432 2683 2427 1289 781 1884 1658 1121 2527 2059 5831 5704 2017 1483 1595 878 609 1121 465 2245 3080 7299 741 2324 1876 1148 1753 3183 954 2198 506 3727 2952 9207 787 238 4663 3014 1682 3861 2027 464 1143 548 1306 700 2700 1994 1951 1178 3376 2464 519 2054 1320 2098 554 2696 1810 2339 1325 814 1441 1412 2038 2703 1870 1148 3441 964 3670 5162 1273 1146 989 1599 1142 1667 1148 990 2367 3765 3848 2964 1386 1060 2371 8207 1375 2141 3477 2472 1282 2267 5056 628 957 2283 3960 526 3164 1455 951 3883 1189 620 909 2379 510 1578 758 652 895 2566 1522 792 2563 2780 4804 982 505 588 2630 3015 2535 2394 3194 2051 3471 813 1516 2885 640 1601 1908 2467 516 1683 4072 1079 1507 3035 1727 2325 1558 2674 508 3277 1316 901 913 2057 2007 3636 288 2914 2134 3067 1325 380 813 461 441 1578 683 3346 1235 1952 584 951 4014 823 1855 2148 577 2449 2360 5508 1299 645 1791 3335 2051 1302 3220 2015 2688 1021 352 2021 2898 787 1061 646 4915 2483 2662 1268 1165 932 2069 1707 402 4160 2874 945 624 547 5751 318 4349 1503 721 826 3154 1568 2131 644 905 1709 833 984 757 2364 2398 1390 2286 3031 2180 1097 570 864 1239 1227 440 1209 1473 1391 1240 3103 531 1733 804 805 1338 2055 2229 2201 4351 2201 3254 651 1666 484 685 1718 1045 10341 637 764 677 1215 2002 2385 768 484 1045 1684 3870 1407 1250 2014 902 2775 278 2175 3293 4505 2886 1788 537 1398 3274 1536 4443 2513 1812 1374 909 3252 920 247 2578 1750 1088 2050 2754 1564 933 3000 3264 941 1662 4985 927 1472 1622 2111 489 4456 980 2287 2112 1263 594 2851 1090 4078 347 5188 3690 198 3308 361 2319 2741 3570 331 1381 681 1930 2974 2244 680 3759 540 3619 3032 985 446 1778 2387 714 935 3604 1086 642 1437 991 1602 779 2764 268 3129 1640 2952 756 83 699 5760 6155 2075 670 2355 500 1234 412 6263 ]
@@@ Loss per-class: [ 0.581315 1.91481 1.03579 1.11767 1.27462 1.23283 1.10173 1.87052 1.44644 1.39731 0.725342 1.87381 1.44023 1.05333 2.48213 2.24539 3.18764 1.62572 1.71413 1.02476 0.978735 3.44866 1.22944 1.28056 1.00959 1.2972 3.44075 1.63094 2.02439 1.17497 1.67933 1.98264 0.815802 1.20042 1.34048 1.4346 0.944121 1.74687 1.23904 0.914977 1.04212 3.12593 1.23421 1.37911 1.4917 1.42414 2.60388 1.41157 0.928492 1.07396 1.35958 5.049 0.980666 1.56447 0.944429 2.28601 0.888198 2.47006 0.666026 1.37219 2.19489 1.82475 1.58922 2.99388 1.32583 1.48536 1.99241 1.3542 2.69146 1.2024 1.08166 1.45098 2.16063 3.99869 1.9095 1.06248 1.43837 1.89312 2.59895 2.16224 1.25151 2.1076 0.986307 4.40044 1.71112 1.12465 1.60951 1.02388 3.34166 2.4794 1.97735 2.00187 2.10038 2.12434 4.02109 1.20935 1.56923 2.23125 1.37069 3.58864 1.50677 1.74434 2.07941 0.957781 4.902 1.55886 0.98609 0.844004 0.821571 -nan 1.83959 2.57572 2.12025 1.46104 3.43175 1.06874 3.02003 1.48186 1.12188 1.38813 1.20383 -nan 2.99299 0.997682 1.94742 1.59375 1.45409 1.35873 1.33809 2.5015 1.44286 3.60618 0.806255 0.71498 1.95331 3.80485 3.24311 1.0061 1.10727 2.26994 1.03188 1.65487 1.47865 1.41501 1.21576 1.88821 1.18116 1.69629 0.683495 1.81152 1.48666 1.67164 1.79033 2.78647 1.04474 1.26538 2.38974 0.875908 2.12299 2.52278 1.00145 2.46217 0.949271 -nan 0.826655 2.31654 1.10483 2.88218 2.47491 0.995265 1.23167 0.674031 1.0524 2.66612 1.81737 -nan -nan -nan 0.993858 1.21238 1.72057 0.6855 11.9911 1.96287 2.22981 1.00539 2.02427 3.38173 0.916414 1.00058 2.21008 1.26031 4.10132 0.943449 1.14619 0.970244 1.90628 1.49743 3.01046 1.78264 1.05447 1.83979 1.25986 -nan 1.49919 1.13911 1.77726 0.99418 -nan 1.12157 1.22571 3.22326 1.44009 2.19373 1.51903 1.86679 2.24024 1.05462 0.659915 0.26986 0.468901 2.243 1.0239 2.73369 0.82628 1.78108 1.12821 1.48756 1.11331 0.657873 1.11108 1.30549 2.97774 1.43837 0.995505 2.01473 1.26443 1.03219 1.49173 0.843681 1.17605 1.18691 0.741919 0.749827 1.82722 1.2173 0.637853 1.58838 0.817443 1.25043 1.47896 1.24509 0.929185 2.5184 1.60572 1.34096 1.28372 1.89628 0.751291 0.809401 1.77754 1.20567 1.35404 1.82289 1.43902 1.2638 1.05952 0.739046 0.955962 1.59088 2.09107 0.816671 0.963581 1.35809 1.22289 1.67 0.555074 1.47251 0.930141 1.21981 1.55081 1.59139 1.51214 1.44319 2.35296 1.37552 2.09575 1.34731 1.21565 1.84708 1.74577 1.56765 1.91461 1.48961 1.09742 1.08276 1.88841 1.25111 1.2382 1.00972 1.5477 1.59432 1.38233 0.813381 1.3819 1.83644 2.2333 1.34803 1.71914 1.46684 0.867152 1.96284 1.14798 1.62625 1.81854 1.36295 1.33675 1.24984 1.1464 2.21858 1.33993 1.17299 1.97866 1.2044 1.46258 1.76321 1.90744 0.978371 1.20536 1.9289 1.00634 1.55697 0.975575 1.43479 1.68731 1.62824 1.18342 1.90113 1.12312 1.41435 2.19419 1.44451 1.44464 1.53754 0.787994 1.15483 1.61592 1.96141 1.75805 1.94182 2.44943 1.17269 1.2969 1.51347 1.28397 2.05749 2.538 1.23924 0.89971 1.38913 1.34364 0.542994 0.804099 1.23621 2.018 1.63566 2.40131 1.97939 2.20383 2.33417 1.82046 2.31965 1.10128 1.90762 1.11608 1.41844 0.730551 1.871 0.981532 1.46875 0.761151 1.09119 0.800883 1.09691 1.00688 0.836378 1.80991 1.57817 0.95508 1.17986 1.84479 1.23535 1.18784 0.739863 1.10876 1.05904 1.88204 0.814617 0.715886 1.76716 0.950658 1.82269 1.43577 1.12859 0.907211 1.26822 1.05459 2.0724 0.946876 1.34146 1.22505 1.60436 1.31237 1.95287 1.65316 1.36027 1.61076 1.59785 0.98307 2.56791 1.07902 1.4899 1.75062 1.12878 1.44486 1.62465 1.76809 1.87785 1.13302 0.882234 1.77453 2.29888 1.99413 1.7974 1.01708 1.61575 1.54524 2.03311 1.98426 0.949735 1.39807 0.851024 2.24833 2.03224 1.53313 1.90921 2.5006 1.49478 1.16466 1.84513 0.932119 1.98688 1.15532 2.51512 1.49427 1.6156 1.14456 1.0417 2.33924 1.42354 1.87053 2.04333 1.36042 1.3781 1.31253 1.12399 0.919619 2.00929 1.9561 1.13755 1.56629 2.14249 2.22562 1.86871 1.75429 1.34217 1.81537 1.52365 2.12089 1.64672 1.43099 1.60381 0.515533 0.603017 2.20189 2.30911 1.06351 0.998158 1.08982 0.841056 2.53929 1.30117 1.29575 1.77625 1.77768 1.74082 2.22352 1.88396 1.09836 1.67178 1.26706 1.72211 2.56741 0.776637 1.25206 2.56079 1.04771 1.19828 1.45346 1.57148 1.09236 1.45588 1.32144 2.32117 2.02249 2.455 1.49311 1.70523 1.93099 1.19082 1.85144 1.16377 1.88063 1.56238 1.88942 2.27678 1.32609 2.15144 2.30546 0.898512 1.09774 1.92429 1.4647 3.06596 2.14966 1.83252 0.827643 1.41122 1.58425 1.46473 2.62156 1.5415 1.86536 0.831099 0.586689 1.92447 1.00856 1.60527 1.27433 1.85097 1.04729 1.1061 2.24071 2.0801 2.59776 1.5979 0.986348 1.22291 1.03993 0.956204 1.15351 1.19935 1.00619 0.882809 1.21389 1.92861 0.932832 1.54262 2.13996 2.24214 1.14062 1.17679 1.97204 1.89064 1.19236 0.805519 1.87384 2.18951 1.70448 2.06758 0.878457 1.92802 1.12829 0.97177 1.36535 1.30087 1.85788 1.02938 1.6495 1.6322 2.02027 1.55746 1.17284 1.09709 0.93476 0.834371 2.06446 1.67549 0.873097 1.27248 1.0463 1.81657 1.20307 1.4951 1.05419 1.3552 1.07465 0.822861 1.26764 0.897523 1.40274 1.74546 2.32586 2.30586 1.65296 2.1688 1.59136 1.98712 0.974671 1.97204 0.991515 2.55719 0.621281 2.35742 1.28758 1.42694 2.01666 0.950022 1.80261 1.63889 2.52207 1.52893 0.829667 2.06102 2.14908 1.34972 1.45724 1.19147 2.06185 1.75957 1.22295 1.06792 2.26704 1.54177 1.65622 1.32211 1.18806 1.24959 1.33846 1.14305 1.75761 1.75256 0.858547 2.05714 1.74483 0.972415 1.91897 1.24966 1.58454 1.42409 1.489 1.28801 1.49027 0.679217 2.86614 1.83253 2.47058 2.16396 1.88235 1.99594 1.60812 2.37764 1.20935 1.85403 1.1691 1.40781 1.01122 2.41983 1.59389 2.53052 1.46045 1.46993 1.94879 2.9597 1.31086 1.35199 1.74628 1.37382 1.11614 0.730289 0.852797 1.06973 0.845729 1.14404 1.35792 3.04432 1.92184 1.42747 1.40223 1.46628 1.20797 1.53878 0.857886 1.38952 1.36211 2.59225 2.07762 1.56815 2.43594 1.80596 1.14798 1.16747 1.73877 0.406266 1.23431 1.26638 0.770652 1.51256 1.67332 1.87975 0.927822 1.20359 1.61632 1.39121 0.707432 1.43922 1.86689 1.18937 1.70295 1.06277 2.05565 1.90141 1.16281 1.18104 0.964342 1.55233 1.95863 1.50197 1.53226 1.06462 2.44141 1.16899 1.2232 0.633507 1.68761 0.851316 1.73952 1.21661 1.89802 1.74 0.930141 1.3196 0.906708 1.94214 1.5269 0.626669 1.15889 1.24198 1.04967 1.37533 1.19678 1.75627 0.744974 0.856519 2.05548 1.72886 0.986104 1.81392 0.70257 1.88558 1.71992 1.97898 1.23906 1.25212 1.14255 1.16298 1.48872 1.97491 1.1605 1.66058 1.80798 1.11935 2.13946 1.48949 1.53229 1.70108 1.6753 1.8028 1.10526 1.49656 1.16633 1.63553 1.93037 1.24053 1.28895 0.551279 1.71951 1.25401 1.02215 1.14311 1.04327 1.79165 1.64256 1.30509 1.04134 0.832945 1.32603 2.16585 2.20208 1.68613 2.07474 0.966141 1.21529 3.11652 1.49614 1.2941 1.88164 2.02521 1.28561 1.27681 2.79709 1.90087 0.96227 2.72424 1.57895 1.37097 2.23642 1.93226 0.948415 1.22518 1.37348 0.905135 1.47419 1.2067 1.37844 1.68964 1.78724 1.6541 0.577946 0.913678 2.16751 1.0489 1.29047 1.05095 1.48179 0.859774 2.43631 1.7773 1.36334 2.46294 0.841387 0.866891 0.883874 0.949128 1.38427 0.753955 1.14555 2.57797 1.57123 2.116 1.3116 1.08855 0.786839 2.00346 0.832897 1.20854 0.996782 1.63829 2.37427 1.07525 1.28113 1.60203 1.94298 2.35056 1.61742 0.915756 2.49623 1.16535 2.40197 1.64089 0.84093 1.82645 0.918758 1.18281 1.11926 0.888087 0.993363 1.82374 1.69355 1.47849 1.27553 1.07705 1.5317 1.255 1.08046 1.15178 1.71642 2.0553 2.2006 2.76485 1.32788 4.71469 2.70851 1.50659 1.1928 1.60267 1.01455 1.05871 1.77513 1.7696 1.7083 2.32508 2.25951 1.6106 1.86863 1.47752 0.661315 1.12651 1.27474 1.17351 0.995054 2.02081 1.51162 2.35132 1.47197 0.922829 1.66825 0.901007 0.797829 0.790267 1.61403 0.80565 0.950667 1.43763 3.40832 1.81445 1.6152 1.90563 3.9978 0.650873 1.40861 1.20107 1.21527 0.994207 1.95109 1.80863 1.4466 2.37638 1.33312 1.38764 1.40603 1.20998 1.60415 1.16898 1.51356 1.27217 1.38225 2.53059 1.81277 1.14495 0.803344 0.98798 1.41511 1.35331 1.59559 1.60067 1.43473 1.3155 1.62959 1.8076 1.26347 1.18261 2.16699 1.73557 1.0932 1.50047 1.91816 1.00025 1.08589 2.06022 1.16636 2.6089 1.97583 2.57807 1.35788 1.39875 0.994306 1.31007 0.91539 1.25245 1.21346 1.71981 1.53425 1.284 2.84199 1.16711 2.42483 1.38798 1.89015 1.27095 1.70801 1.37791 2.02782 1.94035 1.6562 1.51733 1.45051 2.02815 2.04265 2.20046 1.84105 1.29778 1.34982 1.01195 1.65879 1.03458 0.982157 1.1586 1.73417 3.06783 1.16558 2.19912 1.11909 1.61271 2.83998 1.34922 1.28727 1.89861 2.42392 1.07414 1.95041 1.75117 1.9041 1.43175 1.23615 1.17489 1.87681 1.05766 1.38737 1.86337 1.78387 0.768116 1.53481 1.42184 1.21546 1.6827 1.03461 0.837489 1.51951 3.28052 2.42022 1.54479 1.74517 1.28055 1.88517 1.56598 1.7475 2.0399 1.65445 1.05334 1.26418 0.871689 1.47377 1.43011 0.766114 0.741788 1.54849 1.19048 1.32324 1.23461 0.786404 2.01166 1.51307 1.86699 0.996474 1.31397 2.15673 0.961407 1.38491 2.15579 2.28893 2.16672 0.702291 2.25223 1.63408 2.92506 1.98702 1.65551 1.47504 1.57691 2.11784 1.17824 1.24066 1.7316 0.947608 1.71129 1.0195 1.31785 2.02483 1.85181 2.36477 2.20722 1.65289 1.98519 3.32373 1.45738 1.76621 2.21514 1.67815 1.05076 1.84737 1.49151 1.43856 2.40937 0.878788 2.35911 1.11271 1.72755 2.3083 2.11712 0.997149 1.16307 0.746464 1.20071 2.29154 0.809997 2.49632 1.20955 1.44925 0.645154 1.19189 1.42004 0.923073 1.96197 1.03612 1.66412 1.51014 1.22355 0.82375 1.74419 2.49793 1.41275 1.2662 1.35452 3.26051 0.971906 1.33325 1.57413 1.34046 1.88231 1.82774 1.39944 2.0902 1.64275 0.725054 1.2392 1.01177 1.35231 1.67445 1.64125 0.918987 0.914242 2.10226 1.26024 1.21839 1.73292 1.89861 1.60882 1.02147 2.00952 1.34776 0.762449 1.6355 1.7687 1.6564 1.24753 1.52456 1.44832 1.20303 2.27746 1.35454 2.22517 2.35576 0.781232 0.845318 1.78261 1.61294 1.68034 1.60652 1.87614 1.39899 1.06495 1.32612 2.32294 1.42505 1.4064 1.0752 1.66564 1.27573 1.28522 1.3438 2.07076 1.17571 1.43367 1.6107 1.71068 1.28505 1.6708 1.34147 2.08952 2.18836 1.24874 1.96678 1.88942 1.39332 1.42294 1.61211 1.42108 0.952808 1.27786 1.35534 0.915489 1.40046 1.31301 2.53634 1.30066 1.19526 1.2339 1.57508 3.37365 1.31315 1.03384 1.86529 0.661016 0.98127 1.08147 0.987562 1.21271 0.951051 1.4643 2.56159 2.39143 1.06501 4.3458 1.20262 0.834508 0.908197 0.7989 1.14412 1.15376 1.34659 3.42609 0.865562 1.51264 1.45893 1.30627 1.11522 1.78757 1.75057 1.8081 1.56604 1.93094 0.791897 1.04295 1.66657 1.37755 1.22033 1.36936 1.90252 1.60394 1.08961 1.97572 1.95501 1.04319 1.67152 1.93135 1.58954 1.64067 1.15183 2.07498 1.70581 1.46041 1.0204 1.44747 2.14753 2.21797 1.27057 1.67568 2.01604 2.12993 2.03556 1.42105 1.47513 1.85332 1.04411 1.98883 1.87915 1.81549 2.17985 4.1068 0.862603 2.54045 1.09178 1.92004 1.0626 2.45123 2.02415 1.74333 1.08189 2.50093 1.57061 1.10377 1.09806 1.33972 3.32052 1.75468 2.18717 2.25935 1.1562 2.89869 1.34189 1.59652 2.12652 1.53148 2.55234 2.06197 3.53169 1.11152 1.0875 1.72779 0.746145 2.96711 2.90242 2.55425 1.33156 1.60371 0.479053 1.28745 1.21864 0.828344 1.8965 1.65199 2.2484 1.50182 1.20112 1.94445 2.26339 1.23508 0.916414 2.11162 0.971459 2.51671 1.24179 1.75661 1.73404 1.70909 1.64637 1.15417 1.72724 0.976642 1.01778 1.20967 1.40828 1.35231 2.57173 0.895687 1.54294 1.41055 1.31987 1.03795 1.57674 0.793157 1.94783 2.02633 1.3019 1.22268 0.778793 1.8604 1.52427 1.60547 1.49662 1.61476 1.8613 1.24214 1.30144 2.6675 2.57353 1.09579 1.60305 0.711633 1.46954 1.20521 1.91579 1.82354 2.19326 1.74299 1.29532 1.06829 1.73279 2.57121 1.39155 1.09607 1.13356 2.25063 1.63742 1.54958 1.46532 1.88639 0.958385 2.17151 1.27155 1.35385 0.984855 1.05872 1.49433 1.42399 1.19382 1.26515 0.853123 1.61589 2.99556 1.52783 1.97395 1.39726 1.07163 2.61658 1.21304 0.942108 1.23488 1.1384 1.0737 1.27696 1.13282 1.22348 0.928332 1.84847 1.14397 1.42052 2.10496 1.35623 2.05135 1.59116 1.30613 2.66353 2.24611 0.855889 1.40874 1.55362 1.84406 1.16916 1.00327 1.37094 0.595115 0.720325 2.07292 1.75701 1.25031 1.83305 2.36668 1.74223 1.9667 2.03021 1.42286 1.99878 1.21971 1.89729 1.93669 1.19145 1.36942 1.84656 2.32415 2.71142 1.00496 1.73152 1.00127 1.6069 2.47189 1.39101 0.752299 2.06615 2.75657 1.525 1.14746 1.77254 0.907527 0.680209 3.65653 1.93668 1.58024 1.19678 1.59002 1.37231 1.06209 1.60015 1.24701 0.772861 1.43807 2.26219 1.35033 2.2458 1.40183 1.04701 1.37497 1.40808 1.44842 1.4474 1.10932 1.80048 2.40983 1.76254 1.31118 1.34039 3.14154 1.5926 1.40231 1.15218 2.18837 2.56559 1.57947 1.30634 1.541 1.42565 0.79813 2.80247 1.32527 2.82394 1.33783 1.51653 1.53783 1.52424 1.7438 1.44657 0.557945 1.66154 1.33217 1.37483 2.05177 2.37635 1.05154 1.57107 1.45614 1.74178 2.67687 1.4645 1.88814 1.37134 2.18434 1.73974 2.15567 1.39603 1.60718 1.47113 1.70563 2.19162 1.82822 0.724936 0.879032 2.31085 2.45376 3.33116 1.43749 0.955699 1.50596 1.61116 2.14323 2.91184 0.904635 1.00047 1.86201 1.43429 1.43542 1.64783 2.20575 0.971971 0.813675 1.32047 1.33093 1.55299 1.27467 1.05799 1.1587 1.75665 2.37938 2.20704 1.29225 1.0769 0.889896 1.52207 2.20828 0.843464 2.66157 1.77838 1.59177 1.87941 1.51458 1.93164 2.38515 2.26379 1.00389 2.53773 1.20668 1.24984 0.869665 1.70666 0.941172 1.71054 1.9497 1.39017 1.23379 1.75955 1.19971 0.956561 1.5554 2.44389 1.7875 1.42307 1.55072 1.12903 0.737713 2.30325 1.33039 1.5221 1.54611 1.45536 1.80976 2.12611 1.5793 2.65236 0.725919 1.26764 1.70588 2.11903 2.33872 1.68216 1.44596 1.53967 1.48428 2.63991 1.45804 1.12535 1.76121 0.667509 1.76862 2.26848 2.03706 1.96933 1.8439 1.4542 2.16966 1.63407 2.30253 1.51507 1.44 2.32864 2.3988 1.74877 1.404 1.70227 1.10303 1.44578 2.15535 1.55889 1.0367 0.637196 1.73608 1.52785 1.37618 1.42757 1.45612 0.897026 1.38473 1.41447 1.58917 2.23822 1.49947 1.48075 1.48286 2.25155 1.60859 1.56495 2.24765 1.80192 2.38829 1.18788 1.09282 1.6533 1.9883 0.918822 1.67518 1.29256 1.51287 2.02433 1.86732 1.15232 0.864003 1.63714 1.2085 1.93336 1.80117 1.2714 2.01486 1.32162 2.31873 1.58408 1.00825 1.90932 3.18899 0.978451 2.75561 1.63962 2.1913 1.73349 2.72017 1.43297 1.80737 3.63966 1.61452 2.01509 1.714 1.7905 1.42269 1.31296 1.48616 1.97129 2.56858 1.28743 1.7011 1.49053 1.32912 1.29174 1.09344 2.42787 1.58481 1.52345 1.68288 1.44062 2.17187 1.91036 1.67469 1.82385 0.990062 1.68248 2.52728 0.652756 1.40981 1.33454 1.43318 2.81873 1.81405 1.56178 1.67066 1.90408 2.02786 1.83356 2.10826 1.58605 1.38642 2.24641 1.88706 1.61857 1.56209 2.95391 1.50373 1.60177 1.67125 0.883036 1.59422 1.49061 2.21827 1.60434 1.72419 1.30613 1.35984 1.24168 0.803562 1.15736 2.93062 1.82802 1.06795 1.79609 1.78348 1.38203 2.0506 2.43837 1.71058 1.54194 0.98084 1.39134 1.41955 1.58193 1.50776 1.60904 2.13939 1.6261 1.42525 1.66009 1.66788 1.88635 2.124 1.75853 1.43965 1.08545 1.02208 1.7405 1.54488 1.033 1.64203 1.23168 2.70539 1.34001 0.947533 1.43986 1.16103 2.19158 1.07535 1.65005 2.08876 2.09397 1.46814 1.82418 1.61407 1.34579 2.10907 1.46977 3.23842 2.87034 1.65143 1.63816 1.47933 1.09454 1.42257 1.49375 2.31108 1.90052 1.57106 1.93494 1.49006 0.768166 0.980395 1.6889 1.72721 1.70808 2.07299 1.74696 2.7164 1.9319 0.807522 1.65422 2.01047 1.28587 3.92791 1.14456 1.19533 1.75799 1.06562 2.40701 2.13938 2.00395 0.921229 2.17045 2.17778 0.57077 1.15398 1.12615 1.62157 0.969451 1.83837 0.951162 1.94572 1.68189 2.08405 1.96636 1.24814 0.870632 1.52429 1.37244 2.15913 2.13126 1.06542 2.23997 1.68756 1.22542 0.98522 1.21505 0.978759 1.82695 2.30752 1.15401 1.40182 1.52693 1.05459 1.35185 2.64874 1.57828 1.4267 1.02021 2.30963 1.83802 1.78386 1.67488 1.57276 1.4999 1.75057 0.815148 0.798806 1.51708 1.97697 0.969898 1.60722 1.51297 2.23861 0.899991 1.76789 1.64222 1.72162 1.95034 1.53723 1.20186 1.22268 1.74886 1.53138 1.07795 2.65708 2.16705 2.12392 1.45891 1.18714 3.18484 0.877883 1.67996 2.06247 1.92173 2.39327 1.9778 1.58849 1.91867 1.73898 0.795474 1.92116 1.25968 1.21745 1.68123 1.17552 1.08197 2.09761 1.74051 1.67917 2.12423 2.03763 1.60034 1.562 0.707575 2.0419 1.2227 1.85572 1.91111 1.35147 1.79531 1.81349 1.233 1.76616 2.24217 2.20316 2.20774 3.48244 2.03944 1.89571 1.60699 1.69362 1.27163 1.47141 1.09961 2.37812 0.932093 1.8927 1.08445 1.82936 2.93676 1.92562 2.41504 2.21262 1.0345 1.99183 1.69922 1.73905 1.02196 3.51502 1.62707 1.33002 1.23979 1.84871 1.7741 2.98105 1.34539 1.4902 1.60635 1.0248 1.89648 1.20887 1.34382 1.10853 2.34742 2.17241 1.3018 2.03903 1.39957 1.72308 1.87815 1.16256 0.892092 2.45153 1.41006 1.78006 1.30714 1.95494 2.19793 1.9945 1.97697 1.03029 1.67578 2.43556 1.79215 1.72849 1.19809 1.605 1.8728 1.63383 2.14992 1.79619 2.03091 1.0262 1.21262 2.12772 1.57058 1.96491 1.47486 1.57198 0.980827 1.28734 1.54291 2.84122 0.730253 0.899478 1.68333 1.99745 1.88841 1.93621 3.17755 2.34009 2.46469 2.24688 1.84643 1.42084 3.00968 1.12661 1.64722 1.5506 1.61533 1.60026 1.53514 1.37494 2.43018 2.34781 1.63118 1.28359 1.97056 2.12678 2.1688 2.3376 1.08074 1.4305 2.45068 1.21614 1.50956 1.13371 0.939781 1.99195 1.45327 1.70301 1.70191 2.23085 1.72026 1.25339 1.41164 1.53113 4.14574 1.66898 2.12201 1.2747 1.89428 0.897451 2.05093 2.3762 1.97594 2.37118 1.50502 2.9175 1.5925 1.4827 2.86919 1.24478 2.07045 2.34128 1.67839 2.19054 1.35669 1.01781 3.21088 1.3707 1.71402 2.28427 2.18584 2.12101 0.98278 1.16414 1.92676 2.1464 0.877737 2.07281 1.50401 1.84429 1.0213 1.93357 2.96281 1.29692 2.61704 1.70399 1.62019 1.42913 1.33614 2.18983 1.30455 1.70254 1.38741 1.42165 2.08347 1.2382 1.42026 0.80223 1.17928 1.67326 1.24891 1.54353 2.76055 1.93277 1.15726 1.26 2.11917 1.53964 1.70663 1.81524 2.08897 1.24012 0.99925 1.2389 0.835982 2.08406 1.55954 1.13249 1.66206 1.52599 1.47887 1.81855 1.17186 1.55209 1.7963 1.94747 1.45149 1.08503 1.12192 1.73801 1.95091 1.62561 1.65029 2.76428 2.24793 1.30688 1.54084 1.69429 1.47173 0.907392 1.1701 1.48956 1.47079 1.57159 1.77203 1.56054 1.21819 1.65694 1.47427 1.68876 2.15032 2.06573 2.14768 1.40417 1.46085 2.92359 1.15194 1.15459 1.766 1.51063 2.7154 0.707876 1.41405 1.15267 1.38953 1.60177 1.94612 1.18143 1.55928 1.96612 2.27242 1.42578 0.748629 2.6195 1.63408 2.39648 2.61306 1.57333 1.74018 1.73005 2.23562 1.60584 1.50042 0.940636 1.85739 1.86178 1.89392 1.57561 2.36842 2.59043 1.53455 2.84986 1.90565 1.87399 0.764783 2.20509 1.54625 1.28758 0.970773 0.914116 1.88654 1.11311 1.39593 1.65184 2.07005 1.31669 1.52439 1.81959 1.63418 1.67724 2.81577 1.5617 2.23407 0.808779 1.8454 1.56308 1.19554 3.70092 1.46838 2.01123 0.78029 2.14546 1.96957 2.01313 1.21882 1.53856 1.70834 1.54935 1.42909 1.58404 1.74333 1.66326 2.07571 1.6568 1.30086 1.0023 2.14288 1.69578 1.29121 1.81477 1.50628 1.41736 1.30765 1.78284 1.90574 1.51088 1.70844 2.2875 1.75938 1.12583 1.44342 2.23707 1.80645 1.60641 1.75164 1.76464 0.837345 1.95028 1.66326 1.02776 1.77794 1.62042 1.46815 2.23473 1.32398 1.69788 1.16413 1.61262 1.09007 2.47107 3.56308 2.05081 1.72181 1.37187 1.15992 1.36002 2.26931 2.40795 1.18136 1.28777 2.28356 1.8919 1.20984 1.49097 1.58876 2.10016 1.9697 1.71056 1.1495 2.27855 2.03259 1.5591 2.4974 1.38209 1.65384 1.32071 0.98274 1.2976 0.870917 1.53451 1.5883 1.89416 1.46283 1.57022 2.2696 1.5722 1.7972 0.924122 1.67674 1.41701 1.57388 1.35724 3.00988 2.4023 1.81573 1.27573 2.23096 1.21346 1.07368 2.46248 2.0026 1.24638 1.83056 2.10561 1.8276 1.75985 1.95197 1.9917 1.44151 1.43283 1.98421 1.32229 2.64181 1.399 1.11348 1.54174 2.39223 1.73944 1.04336 1.88569 1.8625 1.49037 1.52317 1.53059 0.851109 1.53874 2.03943 2.08621 1.06731 3.19571 1.86402 1.97292 1.55221 1.36442 1.4302 1.66755 2.07951 1.03863 1.61071 2.27724 1.95021 1.82005 1.88268 2.2384 1.52072 1.24407 0.809542 1.88602 2.29951 0.519375 1.54376 1.886 2.58921 1.21494 1.1565 1.33079 1.15455 1.16285 1.61795 2.34249 1.66097 1.56157 2.66106 1.06438 2.07026 1.96164 1.06182 2.16944 1.50894 1.32128 2.60509 2.22302 1.22763 1.18149 1.81075 1.86961 2.43887 1.70447 1.063 1.31853 1.15664 1.12532 1.44216 1.81154 1.48775 1.88701 1.75032 1.60586 0.938474 2.09967 2.10962 1.24118 1.68108 0.981032 1.80627 2.29443 2.27695 1.23711 2.45814 1.59868 2.17094 1.77258 1.37355 1.1556 1.8847 1.98087 1.79394 1.36644 1.15939 1.44771 1.25341 1.1724 1.61502 1.03402 1.2146 1.09666 1.75849 1.77562 1.03614 1.50159 1.41239 1.06307 2.0764 1.8055 1.4606 1.07043 1.45113 2.69766 0.833586 1.64753 1.58063 1.70278 2.06829 2.56128 1.29555 1.65923 1.80585 1.84657 1.07809 1.40183 1.58788 2.94921 1.85762 1.31521 2.03981 1.96416 4.24588 1.62006 1.61231 2.08835 1.41579 1.60998 0.998008 1.71244 1.27265 1.62915 0.955077 1.47856 1.77357 1.73432 1.90537 1.62704 1.991 1.71147 1.75777 1.63693 1.38565 1.12157 1.20147 1.57822 1.1913 0.983158 2.39123 2.36265 1.61881 1.42858 1.75035 3.8147 0.864365 1.83656 1.5063 1.49061 1.78141 1.12986 1.82718 1.3511 1.48498 2.10111 1.72336 1.16818 1.73054 1.37732 2.20696 1.37728 1.01384 3.95917 2.08986 5.11132 0.886709 2.03617 2.88496 1.23854 1.29456 1.87885 2.01325 1.54019 2.1756 0.982182 2.24368 1.59962 2.34719 1.65617 1.71784 0.701127 1.10871 1.64138 1.57318 1.26612 1.64961 1.11802 1.68904 2.21907 2.07333 1.42039 1.83912 2.3692 2.47969 0.960783 1.97944 1.98515 1.15649 2.72613 2.243 0.992975 2.11367 1.69066 1.7889 2.06054 1.55575 1.38256 1.87334 1.51434 1.60486 1.32373 1.91816 1.37219 2.13693 1.21714 1.79152 1.7341 1.92144 1.69681 0.96787 0.751008 1.81324 1.79016 1.61214 2.33279 1.93134 1.77505 1.61197 1.19047 1.058 1.55697 0.857028 1.70485 1.74106 1.48933 0.846001 1.26771 2.177 1.80076 1.53558 0.976139 1.89841 1.10349 1.38633 1.1996 2.40011 1.80985 1.3595 1.35709 1.11841 1.20595 1.46657 1.66762 2.41233 1.63513 1.90615 1.4862 1.5687 2.37186 1.43957 2.08673 1.89073 2.84266 1.92103 1.09177 2.52043 0.961097 1.92527 0.698948 1.56351 1.76167 2.75676 1.76991 1.73633 0.914754 1.78108 2.58481 1.06887 1.07956 2.1597 2.0547 2.3038 1.81705 1.29424 0.805315 2.20441 1.37739 1.92551 2.1685 1.94222 1.23855 1.5935 2.9783 2.12696 0.99173 1.44065 1.90342 1.63568 1.53545 4.1451 1.50546 1.34962 2.67848 2.12768 1.38722 1.67366 2.11275 3.13292 1.10836 1.75599 0.927166 1.9883 1.49216 1.8544 1.89717 2.74444 1.81595 1.71254 1.49711 1.24786 1.26715 1.71854 1.09004 1.32914 2.14334 2.23197 1.93701 1.42261 1.02069 1.57072 1.40408 1.58222 1.4094 1.83416 1.82766 1.43713 1.28741 1.55579 0.929212 1.58788 2.12462 1.72832 1.25379 1.67234 1.77627 0.5212 1.67297 1.14435 1.66341 1.29255 1.64824 2.10695 2.00852 1.8 2.57203 2.08342 2.23464 1.82901 1.53689 2.02002 1.02518 1.32623 1.887 1.22007 0.922611 1.31312 1.65301 0.979337 1.39003 2.563 2.2273 1.93229 3.54915 1.24256 1.85324 2.9565 1.77955 2.66627 2.42041 1.21863 2.76704 1.97275 2.70334 3.08531 1.51634 0.975935 1.25359 1.52842 0.955424 1.17498 2.17031 1.63044 1.49201 1.86188 1.91513 1.70561 2.40426 1.37625 1.53888 1.69074 1.47987 1.82113 1.86798 1.80378 2.04933 1.78674 1.67955 1.62172 1.96311 2.15552 2.14008 1.28677 2.38863 1.67838 1.91247 1.52444 2.06264 1.32904 2.01396 3.12891 2.30079 1.96852 0.728414 2.25354 2.09269 1.68696 1.57456 2.33511 2.21353 3.11377 2.1591 1.71861 1.10751 1.4483 2.05303 1.92514 1.9944 1.28087 2.61693 2.98966 2.06989 2.416 1.369 1.70335 1.63627 1.71929 1.53057 1.36629 1.84066 2.27956 1.71959 1.88985 2.11057 1.25465 1.74084 2.92878 1.76115 1.68388 1.83593 1.79245 1.18888 3.02238 1.07767 1.54215 2.49435 2.27223 1.84516 1.98297 2.13892 1.86089 1.49312 1.62403 2.56577 1.42516 1.50254 2.39228 2.02983 1.51343 2.71434 1.46211 1.6313 1.75913 1.28612 1.99196 1.95302 1.33933 1.55146 1.50004 1.62302 1.70513 2.32344 2.006 1.86653 0.811805 1.82045 2.11863 2.75497 1.78298 1.94006 1.97946 1.15284 1.54317 1.961 1.68391 1.60639 1.42292 1.32013 2.94117 1.7232 1.5789 1.03803 0.996665 0.755757 1.93835 2.20889 1.27855 0.976208 1.71524 1.25921 1.45641 1.6225 1.83291 2.05632 2.14412 2.64752 1.81394 1.52189 2.08214 2.33251 1.69376 2.2329 0.617899 1.18967 2.64648 2.14273 2.01111 1.57998 1.713 1.73128 1.9874 1.11878 1.5776 2.37314 1.49145 0.964993 2.40262 2.06642 1.52035 1.57291 2.21627 2.08427 1.6118 2.04306 1.8342 1.89382 1.2794 1.33793 1.4407 1.22948 2.21785 1.36767 2.44193 1.07354 1.55354 1.83972 1.88927 1.67234 0.949839 1.16564 1.99007 1.93476 1.89272 1.31225 1.9994 1.51507 2.10069 3.62674 1.13999 1.4854 1.11009 2.8646 3.50146 1.2767 1.66457 1.60715 0.954715 1.99147 1.78738 1.6856 1.90474 1.91739 2.74794 1.57024 2.08473 2.44025 1.73101 1.02635 1.79368 2.14167 1.83704 1.44143 2.12052 1.83839 1.82544 2.57235 1.88533 1.54424 2.356 2.75904 1.86643 2.26483 1.98679 1.58044 2.73204 1.6313 1.94981 1.33722 1.63631 2.05412 2.06543 1.58724 1.68747 2.46946 1.91996 1.52631 2.21395 2.27571 2.09424 1.69745 1.59617 1.85249 1.12772 2.02558 1.2946 1.71632 1.65339 1.61742 1.32618 1.51783 1.67997 1.63779 1.98274 1.66342 2.02751 1.25998 2.8411 1.53466 2.47245 1.78661 1.09567 2.21118 1.47286 1.7966 1.72841 2.5108 1.99062 1.89324 2.82836 2.10144 1.71237 2.22824 2.93626 1.89983 1.52172 1.75695 2.23168 2.25624 1.63746 1.10203 2.10221 1.3712 1.76636 1.73245 1.73062 1.16556 2.49211 2.69262 1.51007 2.69223 2.58246 1.14424 2.13897 2.38341 1.96549 1.67917 2.05173 1.53118 1.78254 1.38864 1.37562 2.18367 1.80192 2.88697 1.89789 1.71728 2.13409 1.84112 2.20296 2.21643 1.83026 3.93334 1.0135 1.91267 1.52281 1.70543 1.66571 2.32196 2.05459 2.00545 1.15764 1.70256 1.98545 2.1271 1.51427 3.16218 2.19211 1.0981 1.86666 0.839726 1.54884 2.81365 1.48515 1.59263 1.20973 1.82205 1.59075 1.53512 1.43014 1.46344 1.89188 2.05924 2.27085 1.64944 2.20876 3.89971 1.55457 1.93317 0.889974 1.46285 1.92358 1.47802 1.69318 1.63556 1.77652 1.59121 2.80728 2.01252 1.60038 2.49507 1.49381 1.57823 1.34655 1.61814 1.94563 1.46057 2.02312 0.890905 1.4745 0.926564 2.4969 1.85212 2.45562 2.26394 1.92585 1.38688 1.78735 2.40311 2.52059 2.25577 1.83619 1.32404 1.65493 1.69021 1.53946 1.79232 3.2915 1.8164 2.41637 1.55658 2.56849 1.44354 1.89276 2.12833 1.05137 2.10558 1.77973 3.94818 2.46427 2.06528 2.36994 2.0601 2.11863 2.29319 1.88351 1.65913 1.36829 1.34823 1.61105 2.53169 1.98664 2.34113 1.28959 2.24853 0.961815 1.47551 2.34009 2.01479 1.71703 1.22349 1.60886 1.7397 3.73921 1.70263 2.31478 1.59372 1.80631 1.86337 1.68589 1.83475 1.74889 3.14779 1.40788 1.1622 2.05168 1.31434 2.48603 1.67223 2.06141 1.94858 1.78245 1.57082 1.10642 2.6344 2.47862 2.31304 1.32403 2.53521 4.8829 1.14584 2.29474 1.63746 1.60867 2.31716 2.15965 1.74986 1.21796 0.887923 2.15197 1.95505 2.0973 1.75937 1.46373 1.9312 0.89236 2.69398 1.75363 1.40524 1.52457 1.58914 1.97458 1.42131 1.41461 2.2568 1.49167 2.72139 1.73249 1.33545 2.16325 1.18871 1.98268 1.82151 1.65223 2.05248 3.25776 1.89062 1.72884 1.57729 1.21283 1.46194 2.91732 1.07235 3.48035 2.06518 1.42861 1.88193 1.25992 1.35861 1.57532 1.85059 1.77378 1.17769 2.26515 1.51282 1.87056 2.27356 1.34085 2.35897 1.78463 2.07213 1.30701 1.70074 2.04496 1.64666 5.35304 3.42388 1.18872 1.25425 2.36265 1.9031 1.63049 3.34287 2.51162 2.22845 1.39369 ]
@@@ Frame-accuracy per-class: [ 80.5558 44.6721 74.1379 70.3202 67.7691 72.0871 68.2976 44.5355 57.0458 61.0534 79.3534 46.1818 60.7429 71.2693 38.72 42.8826 27.027 50.2651 56.3815 67.3913 71.9693 12.0635 64.3551 61.3636 68.1252 63.1922 24.7423 50.9029 41.0229 60.119 54.9342 38.3162 75.3507 64.0197 60.3342 57.3446 73.5317 47.8395 63.1724 73.8095 69.3272 25.3918 67.7419 59.4862 60.5894 62.3629 34.1404 62.0502 72.7101 69.133 59.2811 3.53982 70.0593 54.5335 74.3421 43.1211 75.0367 27.541 78.9895 61.6116 41.7013 51.02 56.9539 26.1186 59.6443 56.6731 44.5198 59.7196 37.8049 67.6157 67.35 56.0776 38.4283 17.5084 45.1613 68.4458 58.4918 48.9985 31.9218 41.0334 63.9874 39.834 71.8041 6.63507 49.9565 69.2553 53.121 70.3256 19.1837 31.9013 44.494 44.2986 44.3312 42.1152 18.6916 66.1437 58.0247 40.9353 62.492 16.0271 55.8692 53.139 44.5882 73.5001 12.1622 58.2017 71.3781 73.6153 76.5553 -nan 42.6599 28.6239 32.9126 52.0216 14.9231 67.7678 16.499 53.9537 64.7415 59.5956 65.4807 -nan 15.5378 69.76 46.8127 47.6804 57.0621 60.1613 63.3052 36.9412 58.377 18.5185 76.9397 78.4379 48.4023 10.1399 26.2739 70.3645 69.4616 42.1569 71.1409 54.7882 59.3164 57.539 62.2479 46.8175 64.9123 41.2254 80.5189 48.0486 56.437 50.4626 50.5302 29.5 71.6809 60.622 36.0656 73.3909 39.8148 31 70.916 37.9939 71.051 -nan 75.6991 43.1373 70.1327 25.9843 46.2312 70.2479 66.133 79.7727 72.4395 34.7044 57.0188 -nan -nan -nan 71.3369 63.7506 53.1111 79.9045 0 48.8852 38.3008 73.1308 42.3333 23.0159 75.3797 69.2873 33.9674 62.5578 15.5039 70.6228 64.0687 73.913 46.9571 54.6098 30.4688 52.2137 65.9759 47.4427 62.5853 -nan 57.6208 66.6423 45.8647 70.6125 -nan 69.4456 67.517 32.5153 60.9387 45.122 52.4893 39.3189 30.2165 66.8036 78.1385 90.7186 83.9433 35.0848 62.2673 22.5806 76.6716 51.5294 66.6413 54.8314 67.3077 82.3525 63.0346 61.0719 24.7817 60.0926 68.5426 40.219 65.0478 70.6192 54.6618 71.7154 67.2688 61.4987 75.3436 77.2592 49.0234 64.0735 81.1953 48.8104 75.4508 65.3478 59.4127 62.5116 73.8394 34.0517 53.0345 60.5642 64.6241 40.7135 78.2247 73.354 51.5403 64.0441 61.5493 41.7771 56.0738 60.8983 68.491 76.8349 69.1702 54.5558 43.4238 75.4885 74.1228 63.6316 61.6423 51.3177 84.6817 58.4342 74.6154 65.1233 51.5043 57.3348 50.9948 61.4245 37.3547 60.4833 43.7932 61.6106 65.2174 36.9133 53.1825 56.6572 48.0311 56.7721 69.9821 63.658 45.0844 55.0538 64.911 71.4983 49.1219 56.8961 59.7122 77.4185 63.801 53.1811 34.2981 62.5297 49.104 53.6585 71.984 45.4115 67.8509 54.9356 49.5 63.1627 61.4292 59.0418 65.0927 45.3357 63.5437 63.3558 44.1879 61.3636 59.866 51.5508 42.6036 73.3103 65.2557 43.1211 70.8065 59.3567 71.7015 59.8901 55.2171 54.2882 70.9376 52.5697 70 61.7017 44.696 60.5875 57.0781 52.6558 77.5446 64.8585 60.5528 49.7457 51.8807 47.9528 38.7097 66.8661 63.2529 52.967 65 44.8854 26.2723 64.8418 73.8854 62.3185 59.6457 84.7662 75.9292 66.2187 43.1481 53.9892 38.3934 42.9448 46.2725 34.2423 52.5139 39.2513 66.4907 48.0562 68.7301 57.7465 77.7741 45.2555 72.8056 60.5449 79.2264 71.159 77.6758 71.883 72.7076 79.0608 55.1056 52.5381 71.0951 70.438 51.5021 66.6457 66.1367 79.8446 70.9982 69.6509 45.0954 77.9854 78.6783 48.6088 68.6747 54.3502 59.9125 64.1991 70.4828 63.7578 70.167 43.5862 72.8378 59.167 65.544 56.7822 62.9006 44.3777 56.3672 61.1168 54.4444 54.8098 70.0547 29.7798 66.9167 61.1692 52.9265 67.724 60.5664 54.8325 51.8072 47.1739 63.7813 71.8927 53.7228 38.4514 45.847 52.5408 69.7189 55.8601 59.1782 43.9227 47.9756 73.7882 60.6796 75.8385 41.0995 44.71 58.7423 45.6522 35.6408 59.3373 66.9824 48.192 71.5056 38.7614 65.5657 25.6614 56.7037 53.7846 66.7861 68.2739 37.0166 55.8986 49.5292 44.6336 62.2308 59.569 58.6269 69.5358 75.2118 45.891 44.8562 68.0982 55.3571 43.5107 38.5194 46.8338 53.911 60.9804 52.4801 56.9436 40.1535 47.3964 58.2115 53.4934 86.5036 81.138 42.3836 38.9565 70.9444 74.5919 69.0536 74.478 33.3913 61.7504 64.1304 52.6107 47.0255 52.2849 42.6171 48.7927 67.4003 44.5873 60.3087 51.7344 35.8647 77.1797 64.5353 33.9474 72.0679 67.8645 52.7675 57.1572 70.8097 62.1655 61.0687 41.1178 41.7927 33.1738 55.4399 53.1882 49.6139 64.4238 50.1073 68.2213 45.8874 52.7082 45.039 40.9681 64.9216 44.3886 38.2241 72.1362 66.8351 47.6011 57.2423 27.8846 43.1155 48.7732 77.8032 64.2405 55.6188 55.6423 28.9474 57.3651 55.6658 77.9057 81.368 51.886 72.0406 58.891 61.0147 48.7548 70.5314 69.475 36.5217 38.2287 30.7409 45.9044 69.1983 63.1894 70.0791 71.1676 69.1908 65.3612 72.9034 73.4814 62.8492 38.9917 74.7699 57.9545 45.6399 33.547 67.8368 63.8889 47.0196 48.2596 64.27 79.438 44.2857 42.9848 53.5792 39.3074 79.5063 44.0806 68.4994 72.6973 63.987 61.2137 44.4296 71.1064 53.1946 54.2508 47.9911 52.6673 67.6977 65.4217 70 74.8986 42.3729 52.7446 76.5761 64.0374 69.7875 47.4138 63.7865 58.9091 70.7631 60.7143 66.1137 76.1222 64.2048 71.8341 58.9877 53.3289 44.9115 40.9364 51.7451 41.4863 48.4121 47.6309 73.0491 49.093 72.1748 32.3162 82.603 37.766 57.4359 58.8757 47.0309 71.3047 48.3212 53.816 27.7778 58.8534 75.5269 44.0483 40.7649 62.8114 62.7409 64.5982 42.8404 46.3823 67.0811 68.2034 40.0811 58.5526 56.0882 60.8796 67.1729 61.9222 63.5579 67.095 48.4451 52.9675 74.1648 45.7049 50.3769 67.4375 43.9394 58.8939 54.0394 60.5807 59.2695 62.6547 54.7518 80.3138 25.6757 52.7145 34.1176 34.0835 49.3573 44.8598 55.2501 31.9981 61.57 43.8395 69.7086 55.7289 71.0638 29.9567 60.174 26.6216 63.7355 58.8697 48.2389 21.3675 59.2369 61.1212 55.2436 65.5405 67.45 77.6489 74.6661 66.4932 74.1136 71.4089 60.916 23.7817 47.4218 58.1778 52.4715 54.1791 64.501 54.7826 74.1539 58.3435 58.5466 35.8566 45.6989 57.4139 38.6295 52.3954 63.5077 67.4335 51.831 88.3645 67.4216 63.9205 78.2864 55.5605 55.3985 54.326 75.8079 64.7458 55.4624 61.3459 78.8945 57.902 43.75 63.9646 47.2222 70.0342 43.3879 40.0703 70 69.8126 73.4242 55.9713 46.8026 58.5829 58.7644 71.6428 32.7889 65.666 65.1655 80.6837 54.2331 76.2867 52.0808 68.8333 52.0635 43.1953 70.5317 62.3939 73.1205 43.7158 57.6705 78.3643 65.1371 58.1571 69.6167 61.1084 65.6742 52.1562 77.0724 76.8817 43.2122 50.8251 71.0383 49.1279 81.723 37.7001 49.6815 45.9288 62.6866 58.8098 66.2458 64.6895 56.7175 39.1645 66.4474 51.529 47.208 69.5241 37.7246 58.1958 56.7493 56.1064 54.4304 49.0172 71.6682 57.3207 67.1924 52.0635 38.0773 65.7993 63.2283 84.4464 52.5 65.2275 70.0431 68.0335 70.7167 49.246 53.0713 63.5253 70.3566 77.2648 62.0167 47.0713 50.3704 50.2682 45.4674 71.1918 67.2131 17.78 55.6355 66.513 44.6397 45.2563 63.6247 64.2981 32.1998 43.7712 73.4993 27.5184 50.3205 59.4301 35.8762 45.4197 71.9328 63.6435 62.3667 74.0787 60.2069 67.0926 60.7143 59.6626 52.1062 53.8953 83.4698 73.1905 41.2736 70.1357 62.3784 70.7473 62.1538 75.7027 36.7016 51.8319 60.9187 34.5366 74.6835 73.5971 75.4871 72.943 61.466 76.627 67.2162 34.7594 58.9093 41.1907 54.048 71.335 77.1366 45.2991 77.2785 69.0747 69.0355 53.022 38.0028 70.1541 65.5321 52.7124 46.8401 39.0805 59.7046 72.8209 38.417 66.9481 38.8711 59.9265 73.1655 45.3532 72.6465 65.8214 68.7334 76.3468 71.1572 48.0012 53.1395 58.3456 60.7573 66.0091 60.4072 63.2219 63.6478 66.3324 50.8387 31.4558 35.4621 29.7565 57.389 4.79452 25.5172 58.2278 67.5527 58.0993 70.9773 68.1221 48.697 47.77 58.0925 36.2319 33.244 55.0212 48.2774 59.5238 80.17 66.8487 62.5431 65.1335 70.0326 46.4182 52.6769 33.7948 62.069 73.3155 51.2406 74.198 76.1453 78.477 54.8135 75.0058 69.5837 61.293 8.76289 50.4489 53.1888 53.1683 10.7843 80.5989 61.0265 63.5643 66.3988 71.4614 47.7519 52.9335 57.1792 33.3849 61.7461 60.3332 57.6811 66.8069 53.3023 68.5087 57.1429 62.8167 61.2626 32.1908 53.3929 64.4711 79.1339 69.3125 60.5156 55.9322 50.9951 49.9502 58.0603 61.5385 57.5709 49.6663 63.2875 65.6934 45.2038 39.4245 67.8919 54.8157 49.6599 69.8212 67.6139 42.5607 62.8044 37.9705 46.7742 25.1071 59.4762 61.531 70.4673 62.931 74.826 63.6471 63.236 56.6859 59.1673 60.0902 26.4624 69.4393 36.4345 63.4208 46.7909 61.1881 51.6809 56.6081 42.9167 38.9085 56.286 51.9266 58.0372 44.3018 43.6472 35.0669 52.7125 61.5616 59.931 70.5464 49.0991 69.6296 73.2303 66.4988 50.8393 20.4388 66.8367 44.3407 65.4487 53.3119 19.1967 64.6875 56.0302 54.2929 36.8895 68.6005 45.5846 52.614 51.7685 54.108 69.0122 70.3507 37.6923 66.9584 59.4444 50.3268 51.0316 77.815 58.9774 61.6114 65.0146 48.0367 68.0445 75.7108 56.5806 18.1138 43.8889 57.8645 53.4204 65.8398 48.199 51.7298 38.8073 45.7467 49.6631 72.0419 67.8322 74.689 55.6143 56.9444 76.8253 76.8332 61.2903 67.1939 60.5449 63.9973 75.6442 42.1154 55.8297 44.4549 68.3523 63.0072 40.9651 73.2911 55.7377 33.6518 38.7767 43.0219 77.7632 33.7758 55.102 22.366 49.2099 53.7484 50.8389 47.2877 26.8131 65.2417 64.1975 51.8103 72.7716 54.0616 69.826 61.8485 35.6133 51.681 40.0327 42.5039 54.2419 41.2913 20.5102 55.9891 49.9044 33.3333 56.8223 69.821 51.2506 50.6241 54.2667 36.3014 73.6224 34.1237 65.8014 52.7682 32.3944 46.6324 70.1941 61.4003 76.4255 66.4925 49.2025 75.5708 41.875 64.1988 57.3846 81.5342 62.3216 58.8305 72.4484 53.3981 72.0648 53.7598 54.1415 64.3123 76.0247 47.5216 31.8745 60.1392 61.336 61.5879 16.7331 73.6413 59.363 61.9171 62.7535 44.3548 49.788 62.201 45.2929 53.7037 75.9179 67.5705 71.0871 63.7275 48.1848 50.4828 73.8671 72.3515 38.4354 61.1399 67.0092 49.0176 47.3881 54.0802 72.1027 43.973 63.5835 79.3194 54.9815 49.1279 53.0626 62.9498 58.3079 59.0569 62.931 35.989 59.1682 42.1652 32.7366 77.6862 72.7581 49.4703 58.0183 53.2619 47.6562 41.2642 57.8791 69.9843 62.1333 32.86 61.4227 64.1902 71.2505 51.7137 55.7632 62.7263 63.7755 42.8571 66.7167 58.2962 57.967 52.5806 65.9193 55.029 61.0371 44.069 38.9371 64.4646 41.9028 49.8024 56.2941 61.9337 57.4748 58.2801 70.4963 61.4481 58.5616 73.0451 59.3205 62.0411 29.646 61.9368 63.0582 66.2961 51.9774 21.8367 62.2618 71.7778 45.9943 80.2094 74.707 66.416 70.8807 63.1612 72.395 59.8363 26.943 28.7016 61.674 5.78512 57.9623 76.5056 72.0543 78.6439 66.4081 65.8635 62.6066 16.4286 70.93 53.9568 59.4796 61.8307 71.9461 52.9915 55.5085 53.8776 53.3608 47.2973 76.1585 72.1384 54.3038 57.1977 66.0315 54.1541 44.7068 43.4992 70.1932 45.0055 45.7627 70.0365 45.6961 44.3662 47.3096 47.2843 67.0455 39.8496 46.8134 60.6984 69.2591 60.0395 35.9889 38.0639 64.7287 55.7996 49.6051 38.7048 45.769 64.9326 57.1237 50.1154 72.1654 50.4492 44.3203 50.24 42.1722 14.2395 74.6896 34.3949 68.3065 36.5784 66.896 25.0531 44.9219 50.2033 65.6475 25.6614 55.9668 71.0655 71.5487 61.3491 14.6605 50.457 38 34.6154 67.5769 30.7161 62.6016 54.1353 43.3172 59.8291 33.6735 45.4381 12.4402 68.2018 66.7897 51.3329 78.0415 21.124 29.3532 33.9837 57.935 56.4417 86.9995 62.6377 69.6349 77.1747 46.1836 54.6826 36.3636 58.5319 67.0762 40.4863 40.4839 65.9559 75.165 40.9978 70.8264 26.3199 64.0301 49.769 47.1213 50.6522 53.2012 70.7872 47.7723 71.2968 69.5146 65.5949 61.7289 62.2118 32.1926 74.0135 55.4674 54.6041 64.0221 67.6547 54.6501 77.859 51.0791 45.7353 62.4792 62.2778 75.7522 49.862 65.374 50.9363 58.2163 52.8082 49.7351 65.4389 65.7511 39.7222 35.102 66.0275 55.1098 80.7545 55.1555 64.8802 51.7526 42.0749 43.8806 52.1531 66.8136 67.4579 51.2597 34.2105 59.051 69.5112 67.1744 39.98 55.6192 55.2352 61.7994 49.2344 73.0446 36.4964 62.6643 60.8333 72.6316 68.8841 60.249 59.1489 63.7795 64.5688 75.1462 56.4829 21.8023 55.5037 43.8613 54.5672 69.7693 34.3883 66.8906 67.1233 61.5419 66.2561 66.4634 60.3406 64.8978 69.92 72.03 49.3056 65.1661 60.9816 45.7143 62.2081 41.8938 53.8168 66.3194 33.2776 38.7578 74.8623 60.6715 55.4196 46.933 68.0624 70.8494 60.7362 83.5074 78.0193 50.6289 45.5177 63.567 50.0516 50.9485 47.2456 40.9592 44.2584 59.3802 44.6319 61.9444 46.1343 45.4545 68.7694 61.9688 40.0204 35.0282 32.8165 72.5557 52.0891 71.5592 55.5271 32.7408 63.0896 76.7326 48.3858 26.408 55.9378 68.8159 43.1062 72.4232 80.0913 14.0327 43.1686 51.3689 66.0569 55.8097 64.2468 67.8241 54.6828 61.3929 76.1601 53.4238 34.5515 63.0943 34.1991 59.5133 67.5475 62.2318 56.5323 60.1124 54.0741 69.147 47.5728 39.6641 53.4459 63.2436 64.7145 19.263 55.2833 59.6236 68.9224 43.4322 32.5265 54.8186 63.002 55.0638 59.8811 74.4608 30.7895 61.4468 31.3776 55.2587 57.3643 58.1602 54.6218 55.1582 60.0191 83.7659 46.6578 65 63.0722 42.7281 40.6452 70.178 61.1878 60.0281 50.2083 29.9667 58.5212 45.1788 59.3156 39.218 51.7045 39.7565 54.5932 56.4626 58.2842 50.6276 44.9132 50.7508 75.8536 74.8096 35.873 46.4608 26.3291 59.3275 67.3142 59.5515 54.5894 44.9153 24.471 75.4161 73.5031 43.5484 59.164 52.0622 55.2464 38.5692 67.8142 75.6608 64.0653 63.0941 52.1368 61.5804 67.6576 66.1516 47.7352 34.9469 42.0955 61.681 69.3328 72.4512 58.285 36.9556 77.3444 25.5616 45.843 56.7388 47.5255 58.2609 51.5885 31.9842 43.52 69.5969 32.5472 66.4857 65.2548 72.2079 48.8827 73.7811 53.7419 38.0845 61.3369 69.1139 55.1789 64.4444 74.0566 51.6185 36.6834 50.6329 60.4153 59.3565 68.8369 76.2557 39.5973 64.3633 54.0062 57.3311 57.715 50.9479 43.0851 55.1313 29.8819 79.8591 65.233 53.7988 45.2774 35.5816 53.3517 60.0578 59.7385 60.4421 31.5569 54.0694 63.5719 51.7972 81.2563 55.3244 33.9962 41.0676 46.5116 48.5016 62.8546 30.8812 62.6748 44.0334 52.2865 61.2409 36.0448 39.8964 57.093 57.7477 46.1538 68.5157 60.334 41.4683 56.4732 67.6565 82.4336 54.7264 50.0711 60.6479 61.0596 56.8799 74.0458 55.9859 63.1751 55.7951 38.7205 56.0178 58.9474 58.2222 34.2054 53.4001 52.1267 33.5435 47.7798 31.9867 68.0556 65.0225 53.7846 43.7346 73.6452 59.5294 60.6598 50.9266 43.9644 49.2498 67.5539 75.9695 57.0965 65.0808 52.5052 50.9346 66.1925 45.9302 64.0244 40.7716 51.8408 66.2261 50.1247 11.3228 74.0573 26.2921 53.4191 38.2872 48.6034 27.5203 57.4865 52.8584 10.4938 57.3439 44.2327 56.7308 46.4199 62.7083 64.4286 58.6611 45.3968 36.3095 64.0217 51.0714 61.958 62.536 62.2142 68.5577 36.0924 54.9774 60.3415 52.2081 55.9288 47.2376 46.2611 47.9447 54.0501 71.7335 58.7706 34.5468 81.1024 59.8746 58.0835 58.4697 32.3974 46.9027 52.7729 49.7041 50.5078 41.9101 43.6742 46.2601 50.3696 62.3862 39.5862 42.109 54.304 60.39 26.4249 49.5499 54.7883 53.6989 79.3734 53.7678 57.8695 40.7252 54.6278 54.9769 62.9493 63.4097 62.2642 75.8957 61.0967 23.6342 52.5456 64.4062 52.6516 48.1127 53.4796 41.523 32.2967 51.1041 56.4275 71.6906 58.3269 59.8525 53.4422 55.661 52.1643 49.0244 52.8789 60.8696 53.1118 51.9724 50.3185 41.7193 50.5787 59.3603 63.7687 70.0524 52.6104 52.7726 70.4336 53.6155 62.7893 28.6486 59.0622 73.9103 54.9615 67.2643 46.7725 67.433 53.4387 51.3289 41.9753 58.4165 48.1493 59.2869 64.2319 46.6561 61.5346 19.1525 26.5027 51.8337 49.5881 56.833 67.7365 60.3175 59.4756 43.6202 48.5507 58.7669 46.5394 58.0318 77.8521 72.7367 53.8539 45.7684 52.6749 42.5954 47.3233 33.3981 45.9016 77.3367 50.1926 45.5253 63.9604 13.3838 68.7861 64.9396 53.7696 68.6977 38.7919 35.7616 44.1363 72.7297 38.6258 40.4402 81.9008 67.7035 67.7996 57.2861 72.1026 44.2395 72.0457 49.4759 48.4746 37.7392 44.7853 65.5589 76.6912 61.0549 58.7661 38.4 44.9851 70.5178 37.7953 54.8896 63.3742 73.043 65.0251 70.9168 47.6751 40.3783 66.9289 58.8235 54.8686 68.362 61.9494 34.7397 43.794 57.7899 72.0942 37.7692 50.3162 52.4711 57.129 52.1625 54.6154 45.8191 75.8906 75.3893 58.2626 42.4679 72.4724 46.7151 57.3718 29.0766 67.686 53.182 54.8253 55.7009 48.1967 58.5931 66.2286 64.1623 47.9017 53.5341 66.7926 27.1451 42.0489 44.7059 58.2771 66.162 22.9202 74.9177 55.4217 42.5121 43.3424 36.6197 46.7018 56.0998 49.1296 51.6794 75.4611 49.9184 63.9939 59.6639 50.9211 63.5054 71.7144 38.9619 54.8396 48.6328 45.866 40.9901 55.5995 53.3563 79.694 44.9066 66.6345 46.5839 42.2925 61.4764 48.0037 51.6279 59.8415 49.7145 41.8605 35.6279 38.7892 17.4897 40.516 52.2409 53.7578 47.7148 64.374 59.6522 67.944 34.1002 71.7729 44.7257 68.6047 49.5168 26.8166 51.2696 33.6585 42.9126 67.3019 45.2459 52.1725 55.9361 73.8349 9.48795 53.0059 60.0719 63.6158 44.994 36.7579 19.2095 60.4294 58.0965 51.6907 71.4787 46.54 62.8378 62.2291 69.0108 33.9141 40.6848 57.0979 42.3405 59.6944 52.0599 46.9388 65.1741 75.3811 25.8065 54.1603 51.0169 64.7002 47.5904 42.6895 42.9752 42.2622 71.5729 54.3372 41.4035 48.5543 51.7463 63.4969 52.106 48.617 54.6233 39.2329 46.5995 41.7981 71.7381 65.5556 42.1403 57.1956 44.3815 57.3439 58.7137 71.9461 63.0573 53.9626 21.0963 79.6209 72.4545 52.5896 47.9231 49.1554 46.3158 22.8059 43.2548 32.0771 39.2857 45.2413 55.6765 31.7221 68.0106 49.563 52.5253 53.6296 52.048 57.8635 60.967 35.7456 41.4465 51.9849 65.6183 48.0347 45.9248 39.0285 37.2477 68.2041 58.7013 29.6247 62.8713 60.1365 62.7455 71.6667 44.7809 55.1051 56.8247 52.9544 39.2673 50 62.3995 59.918 57.1429 17.6692 54.5775 41.7021 63.9771 45.906 67.1193 42.1129 39.645 46.5625 36.0996 56.6771 27.4423 56.8707 54.6344 21.8033 63.3262 48.5337 41.651 42.9525 38.6139 62.3457 67.2188 24.7082 57.497 52.7646 32.4121 50.2377 40.2153 71.6461 63.6071 44.9726 35.8223 71.8525 40.9511 58.8867 53.4121 66.8624 38.3417 30.9877 61.3978 31.52 51.369 51.9239 58.3333 61.7853 39.6871 60.5171 44.3232 54.1374 58.5023 41.3831 68.2119 60.9848 76.0803 64.2769 52.4301 67.0155 51.4523 28.9308 46.8737 66.2717 64.0787 44.3063 57.0565 53.3181 50.9615 43.7354 65.4337 71.825 62.5302 75.1939 42.6586 61.8387 66.4921 54.6366 56.25 55.8084 51.4632 68.8779 52.6032 46.6574 46.771 57.1295 71.1302 66.019 51.8489 44.9696 54.2074 56.9504 26.8188 38.8489 65.6751 55.3991 52.0703 58.464 77.6603 63.2022 55.5831 59.375 56.369 51.2071 53.6534 65.5718 54.3897 60.9929 50.3189 43.4608 40.6934 44.453 63.4955 54.8319 29.0186 65.2854 64.8 56.7702 52.8153 25.4167 79.1338 65.1436 64.2572 61.0979 53.9636 49.532 65.5816 45.805 49.9628 35.3341 56.6701 78.9535 36.3014 54.751 39.4786 19.6691 52.8837 49.1874 47.8507 40.257 53.8856 55.16 71.7775 48.2821 51.3889 48.9426 54.5202 37.0872 31.9444 55.5355 24.7608 49.7102 48.5894 76.582 37.1278 56.252 65.9913 69.2744 73.2665 48.367 70.2626 63.0722 52.9614 40.586 65.0788 59.7285 52.9973 54.2745 53.8981 23.1235 54.6695 38.7316 75.5556 46.9823 57.533 65.6028 14.9558 57.0374 46.5517 76.6574 30.7171 45.3698 46.1433 63.168 59.438 51.43 55.481 56.9346 54.7368 55.8724 47 49.1594 47.7612 64.4107 68.7281 47.6684 54.646 63.995 35.52 56.059 58.7109 61.428 48.5215 44.6316 55.2448 53.9501 37.6571 46.5116 67.2122 59.1255 39.4504 50.4202 46.4264 49.2424 43.3795 76.7453 40.8644 52.4664 70.0512 51.6427 53.7991 60.6838 38.1398 63.813 54.2966 61.0405 55.2941 68.8766 33.1831 19.611 47.9224 39.8953 55.5595 66.7859 65.3231 44.1929 39.9356 65.5901 62.7507 39.5595 45.2171 64.837 62.4239 44.8325 36.8486 47.8408 54.2151 65.7331 33.0769 41.9903 47.9811 38.3215 56.5242 51.6304 62.8159 72.1524 60.4094 72.2511 49.954 55.4817 46.3228 58.4023 53.0815 35.2217 56.8606 48.9222 72.1103 48.7202 58.8068 56.9911 60.5365 27.0789 37.2385 51.8256 61.5611 38.8502 64.5471 67.5667 32.2523 39.6226 61.4476 54.0031 37.2396 49.0863 49.5268 46.2116 44.2656 58.6152 58.6653 44.0247 58.4379 36.4734 59.417 68.7248 56.4229 34.2541 49.4331 69.3914 45.5953 48.5755 59.4343 58.1763 54.3781 74.4299 54.5223 45.3616 42.0921 68.0784 12.6697 46.2342 47.6348 58.296 62.3989 60.0515 54.2667 40.7186 68.3045 58.8601 40.324 43.5162 44.2006 48.6968 34.0355 57.529 66.0183 75 43.7432 40.1933 85.4348 56.2294 46.9434 33.5187 65.1525 65.2814 57.7844 65.8378 61.8886 52.5716 42.1634 53.9591 56.3901 33.9535 71.477 43.0563 43.6767 66.8752 42.7119 56.8151 61.1025 32.5158 40.5303 67.8253 64.9637 50.9359 50.517 38.1603 50.5731 72.2429 62.8903 65.3181 64.9003 53.9152 38.1968 56.0038 51.1955 41.453 52.8467 71.9579 40.0309 40.1709 66.9029 52.6802 71.0267 50.8752 41.2647 45.8333 69.3333 33.1929 57.4863 39.5349 52.1024 62.4579 70.4779 45.1708 43.4358 56 63.5914 65.5026 59.1123 68.0086 65.0373 55.7236 68.0471 67.1596 66.1874 48.445 48.9113 71.2068 55.2413 60.7453 71.9791 42.5163 47.6639 59.9154 67.9466 60.4964 28.6753 74.0218 50.8772 54.5923 52.8283 43.215 27.4529 62.9208 55.5855 52.2194 48.4526 65.0806 59.9553 49.3165 28.0112 47.3446 64.3764 42.5781 48.3988 12.4051 60.4447 53.8981 42.8105 63.8393 53.4002 70.956 55.5197 60.5103 55.4574 72.9927 57.5661 46.8047 48.8546 50.3439 50.0611 36.6944 52.2936 49.7793 57.2632 59.375 66.0119 65.6167 55.57 63.8773 71.5369 33.2857 40.8826 46.7477 61.7424 47.557 7.34375 74.93 46.8027 58.4158 57.5545 55.0225 65.186 48.5009 61.8721 58.9725 43.8532 51.5014 64.1998 49.3421 59.8789 41.4313 55.4826 69.1734 6.98254 41.5479 6.81818 72.3553 46.1538 27.8261 62.5888 62.3562 46.8075 43.7578 58.195 43.4211 71.9196 41.4941 59.7633 27.9006 52.9968 52.8884 80.9913 66.1371 56.4331 58.1472 62.294 51.19 70.4482 47.0414 38.146 47.4227 60.4704 46.9723 44.8571 27.5272 71.1687 45.8405 47.6636 67.4435 29.7872 39.4004 67.9186 38.7952 56.1924 50.0586 46.6057 48.9006 61.7 49.0942 51.6717 54.6408 62.7169 44.7674 60.2383 47.8541 65.8594 49.0421 49.8719 48.8332 49.361 68.4102 76.9071 59.2457 50.9812 51.4975 42.0547 49.0894 49.7027 61.6054 68.2879 68.5625 56.6258 75 47.1981 53.3133 55.6409 72.0661 64.0221 40.3602 54.1927 50.5268 72.2853 46.3617 65.1378 61.9931 66.8819 26.5306 48.042 62.7356 60.8615 63.5264 64.6097 60.489 51.3415 41.3028 51.4885 49.9 59.9315 56 33.8379 59.5254 40.9496 50.1733 23.6559 37.0656 66.5868 36.3821 73.7928 48.505 80.5494 52.8169 44.5234 32.1981 49.8927 52.9612 74.061 52.7847 34.4978 70.137 70.3044 40.2893 45.6219 37.2294 48.1304 61.3803 78.2609 44.5596 53.1931 44.1606 43.7008 51.9216 66.3946 49.8735 22.674 38.0242 69.2638 60.7613 45.7848 53.4546 53.1895 9.82659 56.2823 61.7961 31.8117 52.2517 65.1251 49.9349 39.5872 23.5043 69.1005 49.0476 74.27 44.2548 56.6593 50.8544 49.735 29.4991 52.0207 53.6484 57.1278 64.3036 65.978 48.5908 68.8406 63.153 44.8635 43.1786 44.1971 57.2883 71.5019 58.4886 60.884 52.454 64.2547 50.3093 46.8643 59.285 62.39 52.1518 73.3157 59.252 42.6689 52.4439 63.3437 54.8994 49.3084 85.7722 54.1471 66.6667 54.8089 64.0299 55.3559 43.1034 41.3793 48.0692 30.8119 43.7745 37.6997 49.8651 57.1318 41.7128 72.7811 60.5127 50.3283 60.3175 72.0556 62.5471 54.5455 71.7065 62.5843 32.1945 46.988 46.4979 18.8571 66.1987 49.7091 32.2293 49.4269 32.466 35.9223 64.0265 22.4242 47.3115 24.3816 24.7642 59.1232 68.2023 66.1628 56.4843 71.584 69.2185 37.5 57.0843 59.2528 54.7475 45.5491 49.8616 40.9163 61.5742 58.0296 49.7379 57.9488 48.6529 50.8568 48.2264 41.2836 46.676 51.2453 54.1158 42.8264 42.9682 43.3378 59.5545 36.1111 53.6205 50 59.618 47.6716 57.7717 43.1577 23.8625 41.3068 41.7004 78.1436 40.9747 42.0475 51.3778 53.1879 37.6197 29.6552 25.9709 43.0985 53.8278 66.6744 56.3195 42.8729 50.8221 37.3233 63.7873 31.8241 23.7643 39.961 32.7722 60.5109 61.9469 52.8276 52.478 63.1919 62.3964 49.1415 38.8667 56.9155 48.2412 43.1217 60.2225 49.169 25.9259 48.324 52.2701 50 53.5525 67.8526 24.8454 70.9362 55.7469 40.672 39.2562 49.6258 45.1429 45.3652 49.7569 56.3607 49.7282 35.533 61.301 58.4321 49.5637 42.285 55.0332 22.3792 61.0242 54.7942 45.6439 64.2857 47.7826 47.0852 61.4384 53.0951 57.9404 52.6673 51.5522 45.2442 49.5192 49.631 74.8398 50.3285 44.1758 34.7507 50.6729 51.4752 45.539 69.4556 53.2394 47.9511 53.656 52.6099 57.2148 60.1391 22.314 52.0901 55.9227 69.8721 69.6289 77.1746 45.3819 52.6942 62.1879 69.8196 45.1146 62.0521 59.5654 52.5277 46.3366 44.0906 44.3605 27.218 50.5093 53.5673 45.9754 38.1833 45.0075 43.6932 83.3303 63.2514 37.1336 37.7544 46.4687 52.9394 46.8582 53.2944 43.5076 67.1149 56.1283 38.1844 55.8554 73.7087 43.7759 43.9977 57.063 55.4182 39.488 42.6376 55.9448 45.2955 51.5611 48.7139 62.4575 57.1086 62.3773 66.4849 44.7067 62.0063 37.0159 73.399 56.6459 55.4839 49.7105 50.3571 73.7498 68.4211 45.9122 46.9616 50.5226 59.441 43.2925 59.2243 44.5405 23.913 67.4805 60.3997 68.6651 30.6226 20.1681 60.1544 54.0146 55.3508 71.6913 42.9206 46.7672 53.2808 50.365 46.9372 37.7143 53.5185 42.4774 33.3675 53.5654 68.0983 49.6347 38.7283 49.6592 55.5303 41.2297 48.556 44.3991 36.1326 45.6605 50.2642 37.4693 30.2568 50.6374 39.6958 43.3592 55.4545 33.1882 55.0131 50.9336 60.436 52.9833 45.6402 47.3822 52.7806 53.596 39.317 43.0114 59.0592 38.0808 40.1352 38.4064 52.2089 51.3495 53.8961 67.0755 42.9776 56.9879 50.9091 53.106 50.9635 62.2977 57.2543 55.4918 55.1424 48.0892 49.4253 45.0285 63.2576 30.6084 58.2174 34.5704 51.9453 68.8128 40.4542 60.3226 49.945 51.5343 35.8824 43.1559 43.6675 29.908 45.4749 51.364 39.2247 27.0202 43.3867 56.6187 43.2764 35.1324 42.7723 54.0816 66.4639 45.1078 61.6963 48.8304 48.8103 47.7328 67.8767 34.1943 35.2243 55.0433 27.8125 31.4179 68.1342 41.3052 35.2713 46.94 48.6984 36.9787 55.4745 48.1713 59.4094 63.2688 32.8626 48.6911 29.7244 50.473 52.3556 38.7347 43.0449 42.9752 38.2661 48.7899 11.8056 68.5999 45.7357 58.2328 49.3585 52.3684 44.8954 41.2148 51.9274 67.4905 51.9766 48.0275 40.4858 58.0943 21.7466 39.9579 67.8376 50.1823 75.5795 57.4022 29.1161 59.2078 57.1186 67.6471 46.0354 58.9147 50.7538 61.6792 55.2901 50 43.913 37.1216 55.4688 38.1978 12.5 53.9337 45.2381 75.6036 59.3779 50.3096 60.0407 55.3363 51.991 54.8896 53.4764 26.2876 45.5776 53.3685 38.0597 56.6106 56.8198 59.5767 56.891 43.3272 58.6854 48.4277 75.0517 57.1524 72.8155 36.1985 40.1712 37.8827 36.8372 51.087 59.779 45.9918 35.8944 34.8577 34.214 49.9577 61.8849 55.6835 56.168 57.4068 50.6422 15.7703 42.807 40.0463 57.5464 27.1394 55.9091 45.7403 45.146 69.5183 42.5806 51.7241 11.2994 37.2187 50 48.0745 47.4589 43.3577 39.3899 47.5239 57.7798 60.836 62.5691 53.6098 31.7527 45.4545 41.3139 63.213 37.9904 72.1304 60.5965 26.178 40.7681 55.2263 67.0829 56.8553 50 16.1157 58.5646 37.7078 55.969 51.3149 44.72 50.8441 49.6674 46.1982 22.6619 58.5287 66.0492 45.3718 60.2564 36.5772 53.6313 45.9227 40.6536 52.9948 55.8406 66.6534 30.1325 36.2445 37.2937 63.0689 28.913 10.5263 65.9038 40.4 55.6985 51.9512 42.8468 40.2174 44.8017 64.5333 73.5907 42.933 50.3008 44.2126 46.0626 61.8207 47.2873 74.8934 35.9918 53.2092 55.4082 59.3791 54.5928 50.673 56.0606 57.4184 37.0642 59.4899 24.4957 50.6168 61.0569 49.4949 67.8053 38.7812 46.2699 53.7395 42.8011 19.3353 49.1673 53.0103 54.1969 68.0229 60.0267 27.6471 68.9811 15.7407 50.8151 61.0158 48.1218 63.0045 64.0607 55.5509 52.381 50.1604 66.6204 39.2265 59.0343 47.9471 40.1615 61.1735 35.3017 53.0753 44.403 63.7903 58.3537 44.7493 55.291 1.20482 29.4707 65.3819 66.9699 41.5422 54.4776 57.4947 14.6 35.8995 42.233 60.8335 ]
LOG (nnet-train-frmshuff:main():nnet-train-frmshuff.cc:367) AvgLoss: 1.23796 (Xent), [AvgXent: 1.23796, AvgTargetEnt: 0]
progress: [1.32053 1.31099 1.28206 1.27148 1.28101 1.2746 1.261 1.26161 1.27411 1.24503 1.24696 1.23681 1.24934 1.21801 1.22772 1.22854 1.21637 1.21928 1.19835 1.20166 1.19141 1.20922 1.1775 1.19566 1.18413 ]
FRAME_ACCURACY >> 64.0727% <<
LOG (nnet-train-frmshuff:PrintProfile():cu-device.cc:428) -----
[cudevice profile]
CuArray::CopyToVecD2H	7.10698s
DiffSigmoid	7.47541s
Sigmoid	8.77645s
MulElements	9.11086s
FindRowMaxId	10.5096s
MulRowsVec	12.4239s
CuMatrix::Resize	15.6256s
CuMatrixBase::CopyFromMat(from CPU)	22.4191s
AddMatVec	24.0308s
CuMatrixBase::CopyFromMat(from other CuMatrixBase)	24.3796s
CuVector::SetZero	24.9099s
CuVector::Resize	25.4663s
CuMatrix::SetZero	28.5423s
AddMat	40.8947s
AddMatMat	202.344s
Total GPU time:	500.447s (may involve some double-counting)
-----
LOG (nnet-train-frmshuff:PrintMemoryUsage():cu-allocator.cc:127) Memory usage: 357825368 bytes currently allocated (max: 358598136); 231438540 currently in use by user (max: 239065452); 35271/1008627 calls to Malloc* resulted in CUDA calls.
LOG (nnet-train-frmshuff:PrintMemoryUsage():cu-allocator.cc:134) Time taken in cudaMallocPitch=2.65469, in cudaMalloc=0.0244286, in cudaFree=1.82537, in this->MallocPitch()=5.2583
LOG (nnet-train-frmshuff:PrintMemoryUsage():cu-device.cc:401) Memory used (according to the device): 392847360 bytes.
