dnn.guoxintech.com
nnet-train-frmshuff --cross-validate=false --randomize=true --verbose=1 --minibatch-size=256 --randomizer-size=32768 --randomizer-seed=777 --learn-rate=0.008 --momentum=0 --l1-penalty=0 --l2-penalty=0 --feature-transform=exp/tri4b_dnn/final.feature_transform 'ark:copy-feats scp:exp/tri4b_dnn/train.scp ark:- | apply-cmvn --norm-means=true --norm-vars=false --utt2spk=ark:data/fbank/train/utt2spk scp:data/fbank/train/cmvn.scp ark:- ark:- |' 'ark:ali-to-pdf exp/tri4b_ali/final.mdl "ark:gunzip -c exp/tri4b_ali/ali.*.gz |" ark:- | ali-to-post ark:- ark:- |' exp/tri4b_dnn/nnet.init exp/tri4b_dnn/nnet/nnet_iter01 
LOG (nnet-train-frmshuff:SelectGpuIdAuto():cu-device.cc:301) Selecting from 1 GPUs
LOG (nnet-train-frmshuff:SelectGpuIdAuto():cu-device.cc:316) cudaSetDevice(0): GeForce GTX 960	free:3606M, used:489M, total:4095M, free/total:0.880562
LOG (nnet-train-frmshuff:SelectGpuIdAuto():cu-device.cc:365) Trying to select device: 0 (automatically), mem_ratio: 0.880562
LOG (nnet-train-frmshuff:SelectGpuIdAuto():cu-device.cc:384) Success selecting device 0 free mem ratio: 0.880562
LOG (nnet-train-frmshuff:FinalizeActiveGpu():cu-device.cc:226) The active GPU is [0]: GeForce GTX 960	free:3589M, used:506M, total:4095M, free/total:0.876411 version 5.2
copy-feats scp:exp/tri4b_dnn/train.scp ark:- 
apply-cmvn --norm-means=true --norm-vars=false --utt2spk=ark:data/fbank/train/utt2spk scp:data/fbank/train/cmvn.scp ark:- ark:- 
LOG (nnet-train-frmshuff:Init():nnet-randomizer.cc:31) Seeding by srand with : 777
LOG (nnet-train-frmshuff:main():nnet-train-frmshuff.cc:154) TRAINING STARTED
ali-to-post ark:- ark:- 
ali-to-pdf exp/tri4b_ali/final.mdl 'ark:gunzip -c exp/tri4b_ali/ali.*.gz |' ark:- 
VLOG[1] (nnet-train-frmshuff:main():nnet-train-frmshuff.cc:320) ### After 0 frames,
VLOG[1] (nnet-train-frmshuff:main():nnet-train-frmshuff.cc:321) 
### Forward propagation buffer content :
[0] output of <Input>  ( min -3.28791, max 3.95756, mean 0.0126265, stddev 0.992937, skewness 0.166349, kurtosis -0.735591 ) 
[1] output of <AffineTransform> ( min -7.90942, max 3.53168, mean -2.02476, stddev 1.41317, skewness 0.00896889, kurtosis -0.475952 ) 
[2] output of <Sigmoid> ( min 0.000367133, max 0.971576, mean 0.183136, stddev 0.178571, skewness 1.32476, kurtosis 1.25998 ) 
[3] output of <AffineTransform> ( min -6.6579, max 2.61499, mean -2.05044, stddev 1.48177, skewness 0.116366, kurtosis -0.556555 ) 
[4] output of <Sigmoid> ( min 0.00128219, max 0.93182, mean 0.186139, stddev 0.192067, skewness 1.34962, kurtosis 1.05082 ) 
[5] output of <AffineTransform> ( min -7.66449, max 2.36646, mean -2.06493, stddev 1.45538, skewness -0.0101533, kurtosis -0.283222 ) 
[6] output of <Sigmoid> ( min 0.000468975, max 0.914234, mean 0.1809, stddev 0.183093, skewness 1.42784, kurtosis 1.48927 ) 
[7] output of <AffineTransform> ( min -6.20329, max 1.92214, mean -2.03625, stddev 1.42681, skewness -0.00434313, kurtosis -0.535251 ) 
[8] output of <Sigmoid> ( min 0.00201868, max 0.872377, mean 0.183178, stddev 0.180998, skewness 1.31191, kurtosis 1.00611 ) 
[9] output of <AffineTransform> ( min -2.20224, max 2.53527, mean 0.0100206, stddev 0.624907, skewness 0.0237578, kurtosis 0.0402589 ) 
[10] output of <Softmax> ( min 2.7012e-05, max 0.00309626, mean 0.000302297, stddev 0.00021391, skewness 2.83027, kurtosis 16.6195 ) 
VLOG[1] (nnet-train-frmshuff:main():nnet-train-frmshuff.cc:323) 
### Backward propagation buffer content :
[0] diff of <Input>  ( min -0.00769714, max 0.00750599, mean -7.24653e-06, stddev 0.00153994, skewness 0.00228563, kurtosis 0.0413909 ) 
[1] diff-output of <AffineTransform> ( min -0.00888075, max 0.00918738, mean 5.61917e-06, stddev 0.00127933, skewness -0.0345193, kurtosis 3.33921 ) 
[2] diff-output of <Sigmoid> ( min -0.0451688, max 0.0425703, mean 3.23443e-05, stddev 0.00901792, skewness -0.0100307, kurtosis 0.0392151 ) 
[3] diff-output of <AffineTransform> ( min -0.021045, max 0.0173587, mean 3.79894e-05, stddev 0.00257992, skewness 0.0332462, kurtosis 3.69285 ) 
[4] diff-output of <Sigmoid> ( min -0.0864823, max 0.0790557, mean 0.000193042, stddev 0.0183011, skewness -0.00774095, kurtosis 0.00213432 ) 
[5] diff-output of <AffineTransform> ( min -0.0399941, max 0.038671, mean 9.88226e-05, stddev 0.0052165, skewness 0.0798324, kurtosis 3.49287 ) 
[6] diff-output of <Sigmoid> ( min -0.164887, max 0.161191, mean 0.000446017, stddev 0.0373562, skewness -0.00989069, kurtosis 0.0100081 ) 
[7] diff-output of <AffineTransform> ( min -0.0885376, max 0.0765499, mean 0.000258142, stddev 0.010712, skewness 0.106959, kurtosis 3.5395 ) 
[8] diff-output of <Sigmoid> ( min -0.377576, max 0.364111, mean 0.00117827, stddev 0.0751057, skewness 0.00731343, kurtosis -0.00159717 ) 
[9] diff-output of <AffineTransform> ( min -0.999944, max 0.00309626, mean 5.88969e-14, stddev 0.0173861, skewness -57.4761, kurtosis 3302 ) 
[10] diff-output of <Softmax> ( min -0.999944, max 0.00309626, mean 5.88969e-14, stddev 0.0173861, skewness -57.4761, kurtosis 3302 ) 
VLOG[1] (nnet-train-frmshuff:main():nnet-train-frmshuff.cc:324) 
### Gradient stats :
Component 1 : <AffineTransform>, 
  linearity_grad ( min -0.23605, max 0.268683, mean 3.23811e-06, stddev 0.044757, skewness 0.198386, kurtosis 2.5493 ) , lr-coef 1, max-norm 0
  bias_grad ( min -0.226093, max 0.282913, mean 0.00143851, stddev 0.0493472, skewness 0.0474341, kurtosis 2.99362 ) , lr-coef 1
Component 2 : <Sigmoid>, 
Component 3 : <AffineTransform>, 
  linearity_grad ( min -0.344084, max 0.33663, mean 0.00179406, stddev 0.0258729, skewness 0.445803, kurtosis 17.2461 ) , lr-coef 1, max-norm 0
  bias_grad ( min -0.420875, max 0.436792, mean 0.00972529, stddev 0.103491, skewness 0.139963, kurtosis 3.03106 ) , lr-coef 1
Component 4 : <Sigmoid>, 
Component 5 : <AffineTransform>, 
  linearity_grad ( min -0.737791, max 0.861362, mean 0.00470866, stddev 0.0541893, skewness 1.34646, kurtosis 22.148 ) , lr-coef 1, max-norm 0
  bias_grad ( min -0.853382, max 0.985666, mean 0.0252986, stddev 0.203734, skewness 0.511149, kurtosis 3.16279 ) , lr-coef 1
Component 6 : <Sigmoid>, 
Component 7 : <AffineTransform>, 
  linearity_grad ( min -1.84955, max 1.79695, mean 0.0119641, stddev 0.107477, skewness 1.34316, kurtosis 23.4224 ) , lr-coef 1, max-norm 0
  bias_grad ( min -2.14649, max 2.07872, mean 0.0660844, stddev 0.415649, skewness 0.418818, kurtosis 3.08932 ) , lr-coef 1
Component 8 : <Sigmoid>, 
Component 9 : <AffineTransform>, 
  linearity_grad ( min -22.6227, max 0.606785, mean 2.482e-11, stddev 0.171432, skewness -50.8752, kurtosis 3836.66 ) , lr-coef 1, max-norm 0
  bias_grad ( min -26.9564, max 0.721258, mean 1.2869e-09, stddev 0.667879, skewness -27.1943, kurtosis 945.494 ) , lr-coef 0.1
Component 10 : <Softmax>, 
LOG (ali-to-pdf:main():ali-to-pdf.cc:68) Converted 9996 alignments to pdf sequences.
VLOG[1] (nnet-train-frmshuff:Eval():nnet-loss.cc:135) ProgressLoss[last 1h of 1h]: 5.07906 (Xent)
LOG (ali-to-post:main():ali-to-post.cc:65) Converted 9996 alignments.
WARNING (nnet-train-frmshuff:main():nnet-train-frmshuff.cc:169) A23_204, missing targets
VLOG[1] (nnet-train-frmshuff:Eval():nnet-loss.cc:135) ProgressLoss[last 1h of 2h]: 3.41656 (Xent)
VLOG[1] (nnet-train-frmshuff:Eval():nnet-loss.cc:135) ProgressLoss[last 1h of 3h]: 2.84374 (Xent)
VLOG[1] (nnet-train-frmshuff:Eval():nnet-loss.cc:135) ProgressLoss[last 1h of 4h]: 2.55175 (Xent)
VLOG[1] (nnet-train-frmshuff:Eval():nnet-loss.cc:135) ProgressLoss[last 1h of 5h]: 2.38479 (Xent)
VLOG[1] (nnet-train-frmshuff:Eval():nnet-loss.cc:135) ProgressLoss[last 1h of 6h]: 2.25443 (Xent)
VLOG[1] (nnet-train-frmshuff:Eval():nnet-loss.cc:135) ProgressLoss[last 1h of 7h]: 2.14718 (Xent)
VLOG[1] (nnet-train-frmshuff:Eval():nnet-loss.cc:135) ProgressLoss[last 1h of 8h]: 2.0526 (Xent)
VLOG[1] (nnet-train-frmshuff:Eval():nnet-loss.cc:135) ProgressLoss[last 1h of 9h]: 2.00906 (Xent)
VLOG[1] (nnet-train-frmshuff:Eval():nnet-loss.cc:135) ProgressLoss[last 1h of 10h]: 1.92798 (Xent)
VLOG[1] (nnet-train-frmshuff:Eval():nnet-loss.cc:135) ProgressLoss[last 1h of 11h]: 1.88455 (Xent)
VLOG[1] (nnet-train-frmshuff:Eval():nnet-loss.cc:135) ProgressLoss[last 1h of 12h]: 1.83094 (Xent)
VLOG[1] (nnet-train-frmshuff:main():nnet-train-frmshuff.cc:272) After 5000 utterances: time elapsed = 4.02966 min; processed 18898.8 frames per second.
VLOG[1] (nnet-train-frmshuff:Eval():nnet-loss.cc:135) ProgressLoss[last 1h of 13h]: 1.81343 (Xent)
VLOG[1] (nnet-train-frmshuff:Eval():nnet-loss.cc:135) ProgressLoss[last 1h of 14h]: 1.75279 (Xent)
VLOG[1] (nnet-train-frmshuff:Eval():nnet-loss.cc:135) ProgressLoss[last 1h of 15h]: 1.74406 (Xent)
VLOG[1] (nnet-train-frmshuff:Eval():nnet-loss.cc:135) ProgressLoss[last 1h of 16h]: 1.72696 (Xent)
VLOG[1] (nnet-train-frmshuff:Eval():nnet-loss.cc:135) ProgressLoss[last 1h of 17h]: 1.68466 (Xent)
VLOG[1] (nnet-train-frmshuff:Eval():nnet-loss.cc:135) ProgressLoss[last 1h of 18h]: 1.67868 (Xent)
VLOG[1] (nnet-train-frmshuff:Eval():nnet-loss.cc:135) ProgressLoss[last 1h of 19h]: 1.62812 (Xent)
VLOG[1] (nnet-train-frmshuff:Eval():nnet-loss.cc:135) ProgressLoss[last 1h of 20h]: 1.62053 (Xent)
WARNING (nnet-train-frmshuff:main():nnet-train-frmshuff.cc:169) A23_107, missing targets
VLOG[1] (nnet-train-frmshuff:Eval():nnet-loss.cc:135) ProgressLoss[last 1h of 21h]: 1.59866 (Xent)
VLOG[1] (nnet-train-frmshuff:Eval():nnet-loss.cc:135) ProgressLoss[last 1h of 22h]: 1.60559 (Xent)
VLOG[1] (nnet-train-frmshuff:Eval():nnet-loss.cc:135) ProgressLoss[last 1h of 23h]: 1.56391 (Xent)
WARNING (nnet-train-frmshuff:main():nnet-train-frmshuff.cc:169) C22_500, missing targets
WARNING (nnet-train-frmshuff:main():nnet-train-frmshuff.cc:169) C21_672, missing targets
VLOG[1] (nnet-train-frmshuff:Eval():nnet-loss.cc:135) ProgressLoss[last 1h of 24h]: 1.56892 (Xent)
VLOG[1] (nnet-train-frmshuff:Eval():nnet-loss.cc:135) ProgressLoss[last 1h of 25h]: 1.54613 (Xent)
LOG (copy-feats:main():copy-feats.cc:101) Copied 10000 feature matrices.
LOG (apply-cmvn:main():apply-cmvn.cc:146) Applied cepstral mean normalization to 10000 utterances, errors on 0
VLOG[1] (nnet-train-frmshuff:main():nnet-train-frmshuff.cc:345) ### After 9172992 frames,
VLOG[1] (nnet-train-frmshuff:main():nnet-train-frmshuff.cc:346) 
### Forward propagation buffer content :
[0] output of <Input>  ( min -3.05699, max 3.97779, mean -0.0266961, stddev 0.94405, skewness 0.143742, kurtosis -0.532818 ) 
[1] output of <AffineTransform> ( min -56.3114, max 58.3187, mean -2.81782, stddev 6.26921, skewness 0.285597, kurtosis 1.49361 ) 
[2] output of <Sigmoid> ( min 3.50153e-25, max 1, mean 0.306472, stddev 0.39519, skewness 0.854692, kurtosis -1.02463 ) 
[3] output of <AffineTransform> ( min -27.8553, max 17.9478, mean -4.03126, stddev 4.46612, skewness 0.157115, kurtosis 0.455925 ) 
[4] output of <Sigmoid> ( min 7.99119e-13, max 1, mean 0.191254, stddev 0.316652, skewness 1.59627, kurtosis 1.02339 ) 
[5] output of <AffineTransform> ( min -18.6025, max 16.0381, mean -2.83593, stddev 3.25861, skewness 0.196746, kurtosis 0.325026 ) 
[6] output of <Sigmoid> ( min 8.33711e-09, max 1, mean 0.214894, stddev 0.305919, skewness 1.42117, kurtosis 0.613145 ) 
[7] output of <AffineTransform> ( min -26.448, max 19.9878, mean -5.87387, stddev 4.48728, skewness 0.246446, kurtosis 1.1834 ) 
[8] output of <Sigmoid> ( min 3.2643e-12, max 1, mean 0.101599, stddev 0.247095, skewness 2.71277, kurtosis 6.09009 ) 
[9] output of <AffineTransform> ( min -13.4805, max 24.4029, mean 0.00218005, stddev 3.52726, skewness 0.749255, kurtosis 1.38187 ) 
[10] output of <Softmax> ( min 5.21163e-16, max 0.999012, mean 0.000302297, stddev 0.0125627, skewness 61.2044, kurtosis 4071.17 ) 
VLOG[1] (nnet-train-frmshuff:main():nnet-train-frmshuff.cc:348) 
### Backward propagation buffer content :
[0] diff of <Input>  ( min -1.22635, max 1.7926, mean -0.000428912, stddev 0.0813722, skewness 0.313705, kurtosis 21.5351 ) 
[1] diff-output of <AffineTransform> ( min -0.196926, max 0.227886, mean 5.89425e-05, stddev 0.00685357, skewness 0.399769, kurtosis 71.2764 ) 
[2] diff-output of <Sigmoid> ( min -1.0771, max 1.18038, mean 0.000755423, stddev 0.0717626, skewness 0.0261685, kurtosis 11.5207 ) 
[3] diff-output of <AffineTransform> ( min -0.156629, max 0.151931, mean 9.39239e-06, stddev 0.00715024, skewness -0.173509, kurtosis 47.2097 ) 
[4] diff-output of <Sigmoid> ( min -0.852304, max 0.82226, mean 0.000427014, stddev 0.0706444, skewness -0.0797738, kurtosis 7.94307 ) 
[5] diff-output of <AffineTransform> ( min -0.140267, max 0.115868, mean -1.22061e-06, stddev 0.0068185, skewness -0.0850555, kurtosis 28.2345 ) 
[6] diff-output of <Sigmoid> ( min -0.56108, max 0.549073, mean 0.000386154, stddev 0.0563336, skewness -0.102769, kurtosis 6.61091 ) 
[7] diff-output of <AffineTransform> ( min -0.311332, max 0.230799, mean -2.55519e-05, stddev 0.00735633, skewness -0.427965, kurtosis 98.6806 ) 
[8] diff-output of <Sigmoid> ( min -1.67648, max 1.33532, mean 0.00204479, stddev 0.098652, skewness -0.0596817, kurtosis 18.7069 ) 
[9] diff-output of <AffineTransform> ( min -0.999928, max 0.930194, mean 1.14865e-11, stddev 0.0110112, skewness -44.2614, kurtosis 4921.84 ) 
[10] diff-output of <Softmax> ( min -0.999928, max 0.930194, mean 1.14865e-11, stddev 0.0110112, skewness -44.2614, kurtosis 4921.84 ) 
VLOG[1] (nnet-train-frmshuff:main():nnet-train-frmshuff.cc:349) 
### Gradient stats :
Component 1 : <AffineTransform>, 
  linearity_grad ( min -0.798484, max 0.906029, mean -0.00742705, stddev 0.108609, skewness -0.124599, kurtosis 1.50232 ) , lr-coef 1, max-norm 0
  bias_grad ( min -0.413804, max 0.387506, mean 0.0150893, stddev 0.119326, skewness -0.160486, kurtosis 0.506145 ) , lr-coef 1
Component 2 : <Sigmoid>, 
Component 3 : <AffineTransform>, 
  linearity_grad ( min -0.444449, max 0.53053, mean 0.000868737, stddev 0.0615539, skewness 0.0168335, kurtosis 2.57838 ) , lr-coef 1, max-norm 0
  bias_grad ( min -0.393553, max 0.442965, mean 0.00240445, stddev 0.125404, skewness 0.108553, kurtosis 0.472896 ) , lr-coef 1
Component 4 : <Sigmoid>, 
Component 5 : <AffineTransform>, 
  linearity_grad ( min -0.468109, max 0.620688, mean -8.94438e-05, stddev 0.0448487, skewness 0.0555839, kurtosis 3.99523 ) , lr-coef 1, max-norm 0
  bias_grad ( min -0.434621, max 0.735029, mean -0.000312476, stddev 0.126354, skewness 0.213004, kurtosis 1.27216 ) , lr-coef 1
Component 6 : <Sigmoid>, 
Component 7 : <AffineTransform>, 
  linearity_grad ( min -0.554565, max 0.490468, mean -0.00166327, stddev 0.0484456, skewness -0.123731, kurtosis 6.54752 ) , lr-coef 1, max-norm 0
  bias_grad ( min -0.714356, max 0.593922, mean -0.00654129, stddev 0.135693, skewness -0.115558, kurtosis 2.28585 ) , lr-coef 1
Component 8 : <Sigmoid>, 
Component 9 : <AffineTransform>, 
  linearity_grad ( min -5.28424, max 4.08276, mean -1.07972e-09, stddev 0.053802, skewness -13.4931, kurtosis 650.328 ) , lr-coef 1, max-norm 0
  bias_grad ( min -5.27491, max 4.16833, mean -2.06138e-09, stddev 0.222446, skewness -5.55811, kurtosis 163.059 ) , lr-coef 0.1
Component 10 : <Softmax>, 
LOG (nnet-train-frmshuff:main():nnet-train-frmshuff.cc:357) Done 9996 files, 4 with no tgt_mats, 0 with other errors. [TRAINING, RANDOMIZED, 8.04764 min, fps18997.3]
LOG (nnet-train-frmshuff:main():nnet-train-frmshuff.cc:366) PER-CLASS PERFORMANCE:
@@@ Frames per-class: [ 565947 488 1856 2655 3568 781 1492 366 1178 2601 6093 275 1750 2781 625 562 407 2075 713 1564 3910 315 721 484 3131 1228 388 886 1838 5544 1216 582 998 1423 2274 2478 2622 648 1450 1302 3270 319 837 506 1459 1185 413 2751 2642 2203 1697 113 5227 1522 5320 974 5444 610 2375 3574 2645 5196 2948 961 731 1034 885 1070 246 1967 4634 2320 1158 297 837 4047 1525 649 614 329 1269 241 5288 211 2298 1571 3925 5375 490 2188 672 1219 1570 1059 214 2868 2349 1561 1557 443 673 446 850 4317 148 823 1698 8558 1527 0 2752 1090 2060 2968 650 3118 497 1859 3307 2522 2642 0 502 1250 502 1164 1593 1240 1894 425 764 405 3235 1498 1909 286 628 631 1133 408 1937 5169 907 577 7189 707 2964 1322 4240 1153 1437 2810 2452 800 3284 2090 488 3356 216 200 1059 329 1589 0 2074 357 1356 254 199 1331 812 1760 1611 389 691 0 0 0 935 4378 450 2722 3 1794 718 428 600 126 1580 3676 736 1947 258 4769 2271 2576 1561 4241 384 1310 5646 1701 3079 0 1076 2731 532 7527 0 2363 3097 163 2514 164 703 969 2310 6817 456986 521258 457790 3007 267081 806 2722 3400 2626 2194 884 12081 14170 2836 916 1080 1386 2009 2615 5895 547 3387 1384 774 2474 1007 2048 1851 1941 1387 1719 3968 9195 2158 2714 464 1071 1666 5826 953 5295 1610 844 1360 4983 1283 922 757 1279 3052 1651 878 958 3480 1368 3789 7258 1366 4759 1405 3640 2311 1961 3572 1357 2092 688 1531 2457 1279 1127 2663 707 1059 4114 2466 8365 842 3733 1395 1405 2049 1936 4111 695 3742 3920 2452 691 5044 3739 574 2752 1057 11963 1165 1200 1094 2323 2129 4045 1147 2060 3856 5067 1012 1343 4417 507 5785 6804 3409 620 684 1099 1456 1313 2262 2997 2296 3680 5183 1546 817 1985 4782 2240 424 796 983 1542 3053 1395 3845 4599 910 2240 2268 1572 4457 942 8678 1016 2652 1695 2753 2160 6505 1581 815 389 2237 6126 935 3220 926 3457 781 3001 1781 1857 991 4395 5194 5886 1572 1385 4408 568 1182 2356 548 466 9540 6101 5919 2224 1117 734 2194 4812 1222 1826 931 1372 2310 725 1123 3533 1450 3700 2209 2969 3288 1248 1832 1013 985 1170 6258 5116 863 3733 4208 1999 4130 2366 1045 2905 460 2195 1416 873 1511 1830 1102 1103 4889 3334 724 2791 2785 1854 4383 1146 2259 652 1058 1069 3320 2956 2959 2039 2309 1423 378 3871 1374 1954 1037 362 2170 531 1351 1300 1160 1107 3253 2243 1083 1565 1956 840 1071 797 758 1662 510 1633 1577 782 941 1778 458 4905 1283 2685 1150 4278 2389 2779 1293 575 617 1748 3773 706 1488 1964 5177 1454 1478 907 3027 1330 2638 1517 760 5005 4870 542 5973 1408 822 1048 501 1852 1881 7399 1286 518 1293 4660 1265 462 2474 897 2851 7526 597 1847 1938 3365 1063 718 832 1714 1671 2185 316 1406 3713 1710 1093 1209 2779 3231 1193 1774 523 3055 1807 1242 1638 690 1784 2443 5860 237 834 2022 1533 7884 1481 5986 2881 1432 2162 5323 1056 883 468 2279 936 4949 2126 4534 3594 910 1903 1383 3292 1742 794 5511 3029 1841 758 5233 2350 6871 1635 448 2062 4300 2383 1040 2219 531 6194 1951 3740 1741 928 2361 550 1009 476 422 4745 2207 3135 4979 3034 904 833 1977 3512 2834 1203 3588 1709 4690 721 4587 940 780 1690 842 2192 2055 1022 666 6489 3179 1739 1072 1686 1401 3497 852 2930 1689 2321 2712 912 5215 864 856 1363 1158 1790 1447 893 5717 2142 796 3762 1980 1338 1473 2273 1807 1778 705 5227 740 3426 1105 3377 389 214 2219 2097 5121 349 2093 2243 1645 1155 1494 740 1376 1274 2612 1287 2149 3853 1211 888 2298 2586 5092 961 4597 1455 1310 513 3549 4555 1052 2680 1493 1955 3664 821 977 251 558 2583 1649 3945 4664 2782 1065 6695 1722 1408 6466 2230 3325 2485 1083 3540 3341 639 796 3632 544 5317 252 2049 3176 569 980 1441 4474 1256 1079 1369 1392 1467 796 4797 1843 6202 3201 3167 2427 3000 630 2873 1561 2473 3445 4575 1056 1345 1787 9409 1435 2075 2351 1716 5718 1116 523 606 1464 344 6396 687 942 786 1742 857 5623 1079 1377 1532 760 1537 5283 3383 1336 1696 1089 1654 5214 1628 1073 1687 1268 3150 2122 2959 1047 5780 760 2154 2320 3341 1786 3647 407 1146 2159 2296 1319 1417 405 2610 1412 1569 2257 1018 417 1735 569 917 1556 1154 941 2360 3615 407 624 737 2779 2085 2323 1268 938 3202 3287 3835 532 652 3276 1566 5009 1727 424 1105 1850 2810 1625 5301 1910 928 1328 1025 790 4473 2823 5226 955 3949 1577 561 1852 1243 12846 3513 1837 2691 4696 2810 2167 364 721 1233 2556 977 538 2001 948 1457 1554 829 1559 1904 1390 1614 1126 907 1129 2803 2316 3477 860 2720 581 3954 442 987 1590 5186 1550 5255 1331 1314 2612 438 580 1501 2370 2136 3039 2817 1957 2556 1384 345 373 707 2206 714 1059 3662 3193 1348 1228 2066 1625 1228 1769 4482 927 2151 1790 3480 1153 4341 1177 3635 194 1782 2352 1010 510 1603 1247 3782 1991 1307 645 767 787 647 4112 6542 6158 2615 3649 3004 770 3671 697 2684 2461 2004 4318 2822 1474 2478 2663 1005 1526 1287 1869 1798 1381 2329 2502 6950 3292 1682 1617 3635 2217 2554 1355 611 992 1868 1451 3096 535 464 6610 850 2089 1563 1369 1774 359 2140 1924 1982 3864 3249 2231 1309 960 1136 867 1090 1773 1246 669 1346 1106 999 1450 2672 2220 4860 4012 5758 417 866 588 857 1560 2491 1469 960 796 792 2109 4809 1608 3596 622 852 2288 3194 1040 1371 1800 306 1648 13748 841 1477 2744 1961 1258 1618 813 668 180 1742 1301 1411 583 2428 2314 529 1484 2865 1144 2331 757 504 3383 7446 961 3161 1982 1486 1203 3120 4134 1064 7890 2095 3005 1419 854 2826 1733 1734 4569 3390 1568 1082 443 4562 596 1696 3461 1965 729 4281 2872 4321 10804 1439 2193 1279 1224 647 2216 666 980 1102 523 723 1649 2346 2039 721 2250 438 2214 970 886 1156 781 1945 2164 2728 2087 1722 815 3635 960 986 1950 4354 2593 1676 1695 927 1235 891 3646 1345 2269 928 1211 1006 988 4043 251 2576 1821 772 2564 1488 1179 5225 2868 702 1607 2803 1757 2892 606 725 3310 6702 882 1544 1946 967 1608 1446 1674 1037 1892 25831 2168 1720 3053 5336 9184 1336 696 728 2765 702 1173 2913 4126 1888 767 1027 768 1408 2697 2542 1875 493 4119 673 2647 1984 1284 4695 1568 1540 3999 1796 364 1240 892 5170 1427 1450 922 4511 2470 1012 5100 1479 2281 2349 1471 1022 584 1087 1089 1607 1582 1487 3695 1709 1062 490 787 450 1061 4775 2048 3192 1408 1607 4405 3421 1158 439 2724 121 3504 2856 1621 1873 2965 747 821 560 4699 417 1614 579 2153 468 236 735 729 1184 6841 1127 790 521 2414 12590 1228 2492 9263 1802 1239 2463 1731 426 985 1252 2464 399 863 1346 2443 2530 3979 3347 2064 1457 633 664 1619 519 1495 2600 2249 1447 537 625 1022 309 5397 628 1057 6266 5232 2355 512 492 556 756 2648 2243 2021 1097 648 1641 1100 2418 3479 1159 246 798 621 1521 392 1107 209 2280 1084 4239 4340 516 603 615 2615 1630 9815 6536 2931 1345 2581 2253 1078 1049 814 1645 620 4080 2424 461 2396 1288 1593 2381 1129 4140 656 1715 2828 3902 7210 3110 2626 2342 789 7704 1765 2172 1084 4217 1129 5474 278 1360 1202 1519 6182 1087 361 267 1424 1371 1510 2905 1784 360 490 2399 1321 4188 1222 4590 1455 1041 1340 1045 2495 5940 1032 722 3077 1289 5383 998 2269 3677 678 849 1547 685 1141 2040 1235 1398 1205 705 3556 429 3420 1905 688 1499 1067 1675 2514 1643 2531 365 2244 2679 7052 2466 3034 1250 3468 1008 1355 815 700 471 2091 1834 2880 598 1610 4539 834 2860 701 3463 2072 1630 5839 3312 636 1584 2882 969 738 2142 4170 836 2388 652 1440 789 1133 967 1412 982 1062 387 1749 1077 2078 1954 1744 848 5209 2447 799 4505 853 2466 4754 3943 734 688 1388 492 1093 1102 1728 662 1163 2823 3096 1505 3639 924 1356 1211 932 1240 890 2025 1653 1133 774 711 4976 2049 1194 1959 2338 2719 2832 1322 4493 10160 1333 673 6167 1140 2433 392 3518 774 1011 357 727 1048 8630 748 1380 983 2324 775 1348 724 1421 480 901 4747 923 1315 844 1760 2875 762 1470 1527 956 1209 1665 8933 3283 945 1328 395 1249 2934 3612 1242 472 1087 2103 3023 1054 1244 4243 1258 1286 3573 2005 1102 5365 3159 2202 1951 1359 2009 847 2157 2213 4676 7935 2414 2365 1205 1291 1732 1202 1273 460 661 1013 1250 7269 424 2763 1511 3886 358 1846 7376 2224 1870 1580 531 2115 1696 1143 398 2370 1493 1181 1582 1971 894 2301 1298 1821 2372 844 564 3693 1439 3123 1116 487 1694 1023 2536 2421 1453 3031 957 1413 1411 1558 2961 2019 1559 2810 1075 1268 2291 3711 1144 838 1815 2740 2680 386 860 1181 221 2668 2695 504 448 2795 2334 603 2111 3982 2586 2173 2751 568 611 1484 594 1346 665 675 1032 2794 1105 793 2162 2104 720 3548 1625 2442 6200 425 3607 1457 787 2666 1578 3275 1233 2291 958 642 2109 1032 4100 959 1005 7944 802 945 7081 890 1477 794 2864 2093 2411 1137 162 1634 997 312 1648 6181 1400 1195 315 1848 2029 1120 1430 2429 2755 1040 1039 884 5154 1653 2471 362 4520 2676 1358 4638 667 1346 2032 3828 1701 1895 463 339 3390 845 1083 890 2640 869 947 1978 1450 1394 1092 1795 579 5332 1984 1149 383 982 4384 717 1988 864 1892 1484 1219 4103 9665 842 1041 3082 2885 1987 1322 696 836 1268 1338 1254 2606 949 2818 3056 2264 820 2171 1978 1896 1014 471 1582 864 2126 10030 1910 249 2164 761 2268 1685 370 3007 6240 2600 2789 1952 10222 2530 602 810 3208 3269 1206 1725 628 1981 590 732 818 1942 2305 1184 1386 839 674 690 1038 838 691 9572 3855 1985 1477 972 655 934 515 549 3124 1817 1285 1010 396 1557 1158 703 2150 745 2869 1262 3799 1077 1454 5829 3440 2236 1695 1208 3307 4375 477 2950 1672 1630 662 1360 1384 1945 1000 1007 8439 762 2853 3017 1814 995 949 1613 1216 3178 289 647 3028 2883 1825 3980 6072 1910 1811 1107 951 2062 2289 780 2344 1572 2312 2003 624 5885 3440 2808 509 6115 2247 1202 1605 915 1123 761 1158 977 1627 2912 641 654 680 1927 4161 589 5466 830 1656 736 355 1137 2164 517 2620 5151 613 1322 714 2117 833 2199 1599 3647 1024 1657 1010 759 1162 4314 4231 6213 966 1265 867 2179 3225 4039 2277 1419 2397 446 486 2868 714 3047 547 2428 2300 2427 1217 7220 474 1634 3104 578 827 615 1030 997 610 3038 438 3841 664 1364 3897 3540 2507 3874 1265 1956 1513 5057 2563 737 888 969 1294 1722 993 7629 1991 3141 267 686 1608 5183 279 1959 1180 1034 830 1108 726 1777 1386 611 285 1003 1403 326 2944 940 2920 3311 3176 1268 2215 720 2252 5142 1059 3411 1446 3119 1727 3634 602 2321 2200 1255 1613 1776 2280 1504 467 1141 1456 1492 1286 662 5655 3089 495 1350 1001 9277 848 912 2309 1058 1399 1959 638 1791 545 2862 2310 746 1616 2052 5449 1260 1255 3379 1751 1337 1938 738 3484 1951 3157 266 1704 940 8750 745 3461 1382 338 320 723 3190 1126 3202 3269 610 938 682 533 1199 707 324 6037 514 1694 633 398 631 1022 5583 621 547 1058 8594 1514 1024 1524 5619 1797 810 930 625 767 2469 3852 2711 703 2282 2933 2985 1282 2704 1812 3168 3934 5663 1646 2580 1446 318 2479 2363 966 2011 496 437 1144 2147 784 3748 2893 5543 2302 4612 1146 2394 432 2109 991 5035 1114 2154 511 2139 2681 2316 1244 1481 1022 3266 701 1112 874 2343 3357 1849 9651 356 2821 2464 2363 787 479 5054 934 1128 1411 497 548 1298 4131 952 1182 3451 1500 805 4440 240 4433 766 2006 2532 1375 1282 2519 441 1343 883 1934 5963 584 3273 537 544 1023 923 4234 467 1171 2500 5322 2212 3384 1655 2157 1181 1008 1662 836 2243 3013 4646 571 6110 1382 4410 3389 643 3541 4609 1452 1604 3044 663 734 1778 1334 826 1392 883 1260 1922 1062 282 1130 7723 2146 3967 2064 1501 726 6774 3274 3951 447 2538 950 2069 500 2974 2144 2571 2280 772 3164 6438 3750 5562 1567 4944 744 475 2717 1924 1989 989 1833 3019 1019 2023 1637 1188 4184 2163 509 2230 9967 974 1145 1755 1817 1647 1315 6920 1275 6124 1775 617 1805 7066 8526 1677 8634 1016 621 3220 698 1226 3523 583 1972 3493 1631 1181 1376 3035 1040 1236 3591 2252 1778 184 5618 2546 3420 3074 1087 1806 3141 3868 4527 1624 911 5335 2284 2266 4224 1788 3877 469 717 986 1358 574 1667 5963 1110 1855 677 637 3072 1587 1585 1333 3915 3784 2008 1297 1434 1242 1784 1490 3651 543 1764 4502 2713 702 2793 2654 2010 1447 1570 3913 1998 3164 663 2297 1818 1338 1484 5830 2250 501 4111 965 1111 802 1914 2302 1804 777 874 2596 2773 1759 7106 4864 3059 1259 1607 3802 2004 1689 4416 3772 453 1907 4327 860 1476 1793 3242 5594 885 5884 5134 1264 1056 3366 3445 1763 677 1609 1396 807 2498 3930 6171 1226 2063 1066 1422 7722 685 5884 1294 468 4375 1082 2133 2685 933 1032 1350 1187 1456 430 1094 2376 6717 3717 2148 750 2829 1890 2546 1391 1207 3372 2294 2908 1878 836 1883 2834 3854 2415 3451 461 2654 2365 3672 6326 1238 8996 399 2134 990 479 1009 4218 1853 2771 1034 3783 447 1902 714 885 1732 1024 1374 395 1484 1334 612 1568 897 5502 1857 5095 3170 7672 945 1111 3754 727 819 2281 1199 9064 2375 2368 1680 2254 4605 1924 7118 4203 1201 1645 2112 921 640 2501 735 707 2568 1334 968 567 438 2803 1090 1099 4986 1520 1321 1062 4113 1609 401 491 308 7307 1560 1150 1970 1825 2177 1602 3313 1292 1891 1352 338 3663 1268 3012 2078 2392 1570 1522 3156 2311 1428 2028 1219 970 3104 2312 700 643 4013 1743 963 1459 611 1401 3834 415 3036 853 1532 4730 3047 552 1316 1239 3688 1204 2686 466 1280 2088 1951 1757 2895 1453 2412 1909 2446 1202 1353 2416 841 1495 3598 1600 1796 2336 1267 332 2473 5087 2710 1499 2886 4271 1851 3257 4208 1455 5731 245 2094 2281 2159 1571 1345 2045 2460 2748 1478 1000 584 225 1123 1475 674 5770 558 1295 4172 492 4266 602 1347 1846 2675 646 932 1469 1704 1203 458 730 2135 968 2227 693 4787 681 1403 965 1331 274 762 1327 5023 1977 1279 1073 1399 2732 1459 4892 1066 519 2324 2060 701 1621 3157 1536 2132 702 1712 2520 2911 1523 3604 1463 1321 539 1930 1439 947 1199 2178 887 690 2163 769 711 1258 5303 2337 966 905 2608 1382 485 877 1874 2954 2161 6412 1524 607 2271 963 2337 1229 10114 639 975 1622 2680 2838 1392 638 2486 1983 1277 626 3335 3870 1985 1859 4057 2132 9072 2734 1594 671 2262 1780 761 1079 1699 350 926 1891 785 1396 1691 412 4823 990 3236 849 424 2395 1107 2580 2907 2942 1881 872 3169 1151 990 865 2168 1899 3659 4060 3625 4183 2524 1459 2509 1153 3580 4738 5649 1394 1415 2259 853 576 1602 2298 733 816 13813 4516 989 903 988 3857 1108 2735 1633 2980 2193 2030 412 2072 418 4306 6021 1817 1338 4528 2952 773 526 1026 891 8220 1243 725 3632 1391 1569 3378 1253 817 2786 1134 3776 722 1053 1074 1762 738 943 787 970 1741 2845 1994 968 2138 350 1424 4936 621 3495 197 3013 2615 573 2372 1957 1345 2558 4276 2112 3206 1601 2453 2461 1987 2418 3393 1063 389 624 1084 3434 761 455 682 3641 1288 1076 2498 1065 1635 1901 3161 2980 2732 605 3995 2330 4378 7168 4495 1126 1596 2523 1829 3797 5331 4234 2433 1515 1633 1720 1330 3338 1710 733 2433 7992 991 11164 732 614 3046 2761 3368 557 3081 1779 1636 2619 694 2075 2362 964 3432 2683 2427 1289 781 1884 1658 1121 2527 2059 5831 5704 2017 1483 1595 878 609 1121 465 2245 3080 7299 741 2324 1876 1148 1753 3183 954 2198 506 3727 2952 9207 787 238 4663 3014 1682 3861 2027 464 1143 548 1306 700 2700 1994 1951 1178 3376 2464 519 2054 1320 2098 554 2696 1810 2339 1325 814 1441 1412 2038 2703 1870 1148 3441 964 3670 5162 1273 1146 989 1599 1142 1667 1148 990 2367 3765 3848 2964 1386 1060 2371 8207 1375 2141 3477 2472 1282 2267 5056 628 957 2283 3960 526 3164 1455 951 3883 1189 620 909 2379 510 1578 758 652 895 2566 1522 792 2563 2780 4804 982 505 588 2630 3015 2535 2394 3194 2051 3471 813 1516 2885 640 1601 1908 2467 516 1683 4072 1079 1507 3035 1727 2325 1558 2674 508 3277 1316 901 913 2057 2007 3636 288 2914 2134 3067 1325 380 813 461 441 1578 683 3346 1235 1952 584 951 4014 823 1855 2148 577 2449 2360 5508 1299 645 1791 3335 2051 1302 3220 2015 2688 1021 352 2021 2898 787 1061 646 4915 2483 2662 1268 1165 932 2069 1707 402 4160 2874 945 624 547 5751 318 4349 1503 721 826 3154 1568 2131 644 905 1709 833 984 757 2364 2398 1390 2286 3031 2180 1097 570 864 1239 1227 440 1209 1473 1391 1240 3103 531 1733 804 805 1338 2055 2229 2201 4351 2201 3254 651 1666 484 685 1718 1045 10341 637 764 677 1215 2002 2385 768 484 1045 1684 3870 1407 1250 2014 902 2775 278 2175 3293 4505 2886 1788 537 1398 3274 1536 4443 2513 1812 1374 909 3252 920 247 2578 1750 1088 2050 2754 1564 933 3000 3264 941 1662 4985 927 1472 1622 2111 489 4456 980 2287 2112 1263 594 2851 1090 4078 347 5188 3690 198 3308 361 2319 2741 3570 331 1381 681 1930 2974 2244 680 3759 540 3619 3032 985 446 1778 2387 714 935 3604 1086 642 1437 991 1602 779 2764 268 3129 1640 2952 756 83 699 5760 6155 2075 670 2355 500 1234 412 6263 ]
@@@ Loss per-class: [ 0.782047 3.72028 2.09698 2.11349 2.26887 2.57772 1.88449 4.06738 2.72605 2.56359 1.29514 4.48698 2.8808 2.14061 4.44391 3.97356 5.71913 2.76979 3.48715 1.95851 1.91507 5.53813 3.03968 2.78728 1.87132 2.38065 5.83399 2.7508 3.03727 1.77488 2.68334 3.59964 1.59932 2.38916 2.4799 2.25466 1.82716 3.29675 2.56887 2.17971 1.91598 5.24451 2.8922 3.02045 2.8326 2.99287 4.74152 2.67101 2.01695 2.14515 2.68109 8.03641 1.77748 2.61876 1.78585 3.69897 1.81096 4.03368 1.40106 2.28365 3.28949 2.61301 2.62269 4.11024 2.77827 2.71477 3.17153 2.47425 5.00913 2.19259 1.98091 2.45797 3.47491 6.06167 3.54359 2.04608 2.41934 3.22645 4.19727 4.17597 2.48511 4.22607 1.7804 7.18558 2.75737 2.65782 2.52491 1.6993 4.8155 3.27594 3.46327 3.60155 3.38676 3.4655 6.87139 2.27827 2.86708 3.61165 2.96279 5.34905 2.78843 3.48219 3.73656 1.83481 7.53518 2.94098 2.10675 1.49474 2.03682 -nan 2.92207 4.00242 3.08975 2.5507 4.68092 1.95096 4.1942 2.40196 1.97873 2.23944 2.22859 -nan 4.45632 2.1258 3.43442 2.85784 2.68055 2.71814 2.42666 4.93201 2.95591 6.10574 1.81464 1.88947 3.18215 6.47644 5.10686 2.6054 2.61341 4.24455 2.11178 2.4203 2.94582 3.07245 1.88996 4.00812 2.18649 2.79424 1.31914 3.14 2.87401 2.49521 2.71458 4.36735 2.06343 2.33907 4.34092 1.66565 4.76222 5.04605 2.15054 4.88095 2.07286 -nan 1.87737 3.93543 2.81559 5.59423 4.92357 2.07202 2.78346 1.74288 2.46864 4.80005 3.52229 -nan -nan -nan 2.48832 2.09732 3.78491 1.6431 11.6387 3.1838 4.04016 3.07224 3.91642 6.81644 1.97876 1.87266 3.62013 2.19947 6.30452 1.6303 2.02498 1.74189 3.11895 2.22688 4.68332 3.50867 1.88703 3.13573 2.22582 -nan 2.85524 2.11745 3.80603 1.57737 -nan 2.32773 2.55542 5.92057 2.58926 5.13417 2.95676 2.95361 3.17463 1.61247 0.900192 0.378462 0.660692 3.12628 1.33171 4.04993 1.66975 2.60178 2.05128 2.45989 2.76742 1.25611 1.59168 2.26661 4.13199 2.63316 1.83143 3.05789 2.15998 1.83582 2.86828 1.62945 2.40756 2.73927 1.3245 2.01628 2.81909 2.20377 1.78195 2.52737 1.8727 2.153 2.35559 1.96965 2.01462 4.54546 2.71387 2.59321 2.06798 3.03886 1.43559 1.79156 3.25128 2.3054 2.32013 3.21247 2.86631 2.03786 2.45326 1.61081 1.75742 2.51165 3.49473 1.72413 2.24993 2.41553 2.07423 2.81581 1.08304 2.80094 1.93639 2.198 2.4013 2.76476 2.77288 2.46166 4.23395 2.82223 3.09806 2.66115 2.71782 2.76578 3.04506 3.17412 2.80666 2.70827 1.89029 2.06453 2.91778 2.69647 2.45266 1.66022 2.36066 2.56215 2.94562 1.71839 2.3694 2.76151 3.71215 2.16817 2.78153 3.34296 1.73662 3.15622 1.66514 2.93353 2.9725 2.75701 2.32135 2.18667 1.80588 3.61944 2.62596 2.01925 2.87041 2.43182 2.74113 2.63991 3.6042 1.88195 2.02534 2.8254 2.30049 2.88159 2.11041 2.57839 2.82503 2.91838 2.4244 3.11557 2.27044 2.30052 3.32426 3.03043 2.54053 2.22325 1.64914 3.01694 3.39369 3.89038 3.04062 2.98146 3.89324 2.04147 2.14939 3.14277 2.41934 3.17427 3.54643 2.18433 1.88386 2.14362 2.64989 1.67925 2.12043 2.04215 3.19389 2.51267 3.79865 3.67077 3.74471 3.21821 2.85556 3.8762 1.77174 3.16585 1.95274 2.99581 1.54492 2.95855 1.99823 2.98887 1.5717 2.0058 1.63777 2.36059 2.29412 1.74032 3.30928 3.05514 1.86765 3.01326 4.14418 2.04827 2.08036 1.58354 2.03798 2.45004 3.01828 1.78503 1.53387 2.80346 1.88914 3.44562 2.63311 2.19906 1.98776 2.47017 2.19294 3.21966 2.00872 2.46928 2.193 2.54142 2.39869 3.25396 3.02881 2.76931 2.79953 2.43792 1.84775 3.71026 1.84776 2.37619 2.95917 2.04987 2.47949 3.11408 3.00312 3.67032 1.77414 1.8939 3.16354 3.53761 3.17178 3.33893 1.86165 2.50966 2.61179 3.7763 3.01343 2.01856 2.7605 1.46631 3.44897 2.91593 3.11688 3.04113 3.69501 2.36 2.3576 2.89184 2.00411 2.91656 2.12524 4.35233 2.66263 3.14417 2.26782 2.27752 3.8579 2.3698 4.00458 3.42477 2.60342 2.55411 2.68003 2.18705 2.175 3.47779 3.02275 2.59221 3.01551 3.65453 3.62175 3.47657 3.02441 2.95043 3.0089 2.62909 3.62578 2.96138 2.66054 3.74442 1.24345 1.47721 3.13621 3.45336 2.08952 2.05863 2.03079 2.08119 4.49388 3.01373 2.36233 2.72153 2.9935 3.16684 3.40208 2.80645 2.00665 2.57366 2.65691 2.71658 3.86616 1.62077 2.21461 3.83242 2.01887 1.9925 2.95761 2.49664 2.52215 2.92764 2.19708 4.34275 3.25469 3.75966 2.21012 2.94236 3.97366 2.51448 2.79423 2.46994 3.55253 2.63537 3.33583 3.33518 2.22005 3.84928 3.69368 1.66586 1.70467 3.62806 2.6578 4.26797 3.54168 3.00373 1.80719 3.45354 2.91877 2.48953 3.85031 2.7616 2.80566 1.66843 1.22967 2.96692 1.88592 3.7682 2.29875 3.34076 2.5079 2.37721 3.77693 3.02488 3.57369 2.29629 3.30567 2.94956 2.14886 1.7204 1.96571 2.27978 1.85276 1.84614 2.16624 2.79879 1.84419 2.98468 3.69994 4.16113 2.25231 2.48133 2.88305 3.05225 2.11064 1.85407 3.55544 3.38671 2.90047 3.00751 2.00086 3.5882 2.00807 2.03661 2.38086 2.30479 2.63181 2.06499 2.52359 3.0489 3.95469 2.44617 2.29394 1.86965 1.77635 1.73799 3.48655 2.58696 2.08485 2.28661 2.25543 3.2113 2.38703 3.07858 2.396 2.93951 2.31674 1.53007 2.31868 1.71856 2.09699 3.01085 3.86532 4.01507 2.7174 3.09354 2.6033 3.34114 1.92528 3.14891 1.86691 4.00542 1.47402 3.80299 2.49217 2.57372 3.69297 2.03369 2.84283 3.02837 4.07462 2.43945 1.61043 3.28609 3.76157 2.21549 2.90342 2.06696 3.56002 2.64341 2.41454 2.0447 3.22462 3.09795 2.65365 2.75575 2.70266 2.44777 2.22415 2.29262 3.12325 3.17037 1.57258 3.36803 3.20009 1.77406 3.10839 2.51952 2.78635 2.35065 2.5962 2.51466 2.85388 1.40004 4.50128 3.18653 3.86228 2.99271 4.30357 5.28908 2.64891 3.27086 1.79778 3.50691 2.35515 2.27097 2.21846 3.74999 3.00924 3.76303 2.98198 2.6836 3.10869 4.24546 2.29971 2.16689 2.9802 3.28946 2.19131 1.78632 1.59601 2.2257 1.58724 2.68304 2.73762 4.67278 2.75914 2.19337 2.52612 2.43861 2.8057 2.71825 1.75828 2.58283 2.91512 5.10565 3.61457 2.75116 3.23873 2.75776 1.88159 2.41783 3.41218 0.907736 2.71249 2.46161 1.65758 2.56467 2.7224 3.14742 2.13466 2.10913 2.66711 2.83709 1.75452 2.41594 3.28152 2.07865 4.15016 2.08533 2.95096 3.09916 2.15252 2.21416 1.79856 3.2243 3.23959 3.1239 2.73192 2.29983 4.05544 2.03306 2.56552 1.30695 2.71652 1.62892 2.90318 2.30737 3.40106 2.6142 1.69047 2.87307 1.89213 2.73443 2.84818 1.51295 2.11849 1.71014 2.26873 2.70531 2.04258 2.82436 1.41047 2.27785 4.24793 3.76075 2.23414 4.08463 1.4169 3.30698 3.25452 3.70293 2.49884 2.73616 1.81458 2.40103 2.9477 3.09217 2.72572 2.69286 2.70476 2.18675 3.61516 2.80076 2.72709 2.96782 2.50166 2.93913 2.65728 2.47398 2.02107 2.62261 2.99043 2.20949 2.78 1.16513 3.42369 2.11832 2.00964 2.29366 2.45338 2.78916 3.26188 2.98491 2.13821 1.81492 2.4273 3.83001 4.19069 2.54985 3.35948 2.1387 2.37996 4.41469 2.79912 2.59778 3.30021 3.37282 2.79157 2.47804 4.65596 2.8171 2.15497 4.43445 3.07732 3.03213 3.05938 3.01711 1.87358 2.18761 2.98439 1.77111 2.45804 2.11923 2.88134 3.56791 2.83723 2.90279 1.18213 1.90861 4.47471 2.67705 2.31026 2.12963 2.80346 1.84151 3.4195 3.47607 2.58682 3.95403 2.00396 1.59265 1.81803 1.88039 2.90953 1.63333 2.34212 4.55587 2.83396 3.58135 1.8167 2.21798 1.64919 3.10339 1.66249 2.36932 1.95332 3.39763 4.08088 2.30853 2.41938 2.64152 3.72791 3.4755 3.60824 1.82625 4.00309 2.62438 3.78548 2.79101 1.93062 2.92758 1.80997 2.77383 2.42226 1.90167 2.05571 2.8839 3.43156 2.35166 2.8875 1.84805 3.49826 2.57065 2.10521 1.91834 2.77501 2.62153 3.34326 4.01749 2.04527 6.15535 4.74518 2.69483 2.0868 2.76923 2.09632 1.99909 2.85128 2.88551 3.16494 4.2662 4.61309 3.12541 2.84018 3.22106 1.96008 2.21779 2.50626 2.53542 2.61932 3.17761 2.3454 3.72335 2.90434 1.98362 3.02901 1.89154 1.5895 1.73991 2.95534 1.71109 2.05592 2.26272 6.24309 3.02922 2.56984 3.79392 6.21245 1.67845 2.87063 2.09103 2.34973 2.45424 3.71664 3.46485 3.15849 3.9451 2.24484 2.2674 2.20331 2.18443 2.59514 2.04979 3.04777 2.14866 2.51722 3.68025 3.21571 2.16945 1.69382 1.66522 2.65049 2.54331 2.50008 2.80735 2.99987 2.52681 2.88311 3.21965 2.68886 2.1964 3.49677 2.32926 1.90783 2.42806 3.39095 1.79667 2.26146 3.10625 2.32328 4.40898 3.51954 3.62335 2.21064 2.36888 2.12894 3.07222 1.66701 2.91524 2.26749 2.8632 2.9789 2.36029 5.07346 2.01169 3.69721 2.44266 2.8919 2.29195 2.83862 2.69665 3.43838 3.33472 3.13043 2.40035 2.5998 3.39796 3.31761 3.30117 3.2297 2.5229 2.18742 1.9445 2.70763 1.79225 2.02852 1.89724 3.37779 4.36433 3.0559 3.37158 2.03003 2.70382 3.78813 2.88189 2.10488 3.56198 3.48304 1.72387 3.20412 2.78291 3.05914 2.81717 2.47631 2.0174 3.09739 1.89491 2.4675 3.58208 2.9939 1.33445 3.0297 2.70946 2.30223 2.81388 2.30863 1.81517 2.79609 4.82621 4.47053 2.89954 3.40553 2.5226 3.35418 2.75657 2.71518 3.69143 2.87589 2.52902 2.71627 1.7668 2.97708 3.10222 1.59148 1.24886 3.20756 2.39332 2.24703 2.18183 1.8827 2.88546 2.22897 2.85113 1.74586 2.47657 3.18268 2.30025 2.75327 3.00657 3.56471 3.26638 1.45205 3.41819 3.0741 4.33334 3.97066 2.52105 2.88026 2.47313 2.79778 2.30249 2.84724 2.71641 1.64786 2.61368 1.70187 2.81312 3.1928 3.30451 3.783 3.90299 2.63325 3.15156 4.65503 2.7868 3.76465 3.88905 2.98576 2.38674 3.30055 3.01211 2.49319 4.35549 2.02033 3.78482 2.42841 3.20802 3.70712 3.27122 1.81892 2.1055 1.72974 2.56792 4.14117 1.62778 4.07541 2.56014 2.66516 1.41477 1.89175 2.43028 1.97596 3.47375 2.18421 2.99037 2.38173 2.55143 1.8697 2.97211 3.79217 3.25497 3.13062 2.18616 5.16233 1.97103 2.44887 3.33438 2.3525 3.07641 3.29498 2.39378 3.20649 3.43909 1.66026 2.73156 2.06658 2.34672 3.55208 3.10644 1.91158 1.57647 3.43632 2.22193 2.38669 3.02779 3.20672 2.92724 2.38938 3.37135 2.60198 1.12389 2.86495 2.87339 2.47723 1.991 2.48315 2.72584 2.32638 4.01729 2.24369 3.73743 3.62041 1.78814 1.56053 3.02807 3.21081 3.08646 2.79403 3.05169 2.46023 1.96771 2.65581 3.86286 2.31233 2.825 2.41911 2.9066 2.1039 2.08397 2.40921 3.1548 2.04131 2.56938 3.27028 2.93008 2.8714 2.51389 2.63374 3.19414 3.38904 2.08639 2.90587 3.45361 2.1915 2.81773 2.93664 2.55626 1.79393 2.59024 2.83669 2.19271 2.84023 2.57186 3.60821 2.38541 2.105 2.57409 3.05481 5.23283 3.12631 2.73593 3.4218 1.43787 2.08699 1.96816 2.03041 2.3462 1.75 2.57076 4.02294 4.15658 2.0252 6.87681 1.93045 1.70527 2.07893 1.8615 2.15418 2.74677 2.78903 4.99514 1.64089 3.20854 2.77806 3.40187 1.84866 4.14536 4.1993 3.3509 3.16465 3.40724 1.50479 2.50879 3.31903 2.84706 2.23091 1.87053 3.42714 2.37679 1.75338 2.94422 3.06503 2.23112 2.68805 3.99152 2.73367 2.87241 2.2735 3.43447 3.16497 2.93052 1.7985 2.69941 3.09814 3.20441 2.44994 3.02495 4.01891 3.82864 3.34288 2.91215 2.72667 2.85418 2.0925 3.37359 3.70119 3.45343 3.44513 6.30316 1.58404 4.35239 2.08587 2.55827 1.87608 3.27745 3.72886 3.15915 3.08967 3.55069 2.51853 2.15299 2.43125 2.83687 5.01264 2.92544 3.57871 3.3419 2.15553 4.48324 3.0907 3.01358 3.72509 2.84536 4.44988 3.36702 6.44664 2.19264 2.30016 2.42461 1.59713 4.61974 4.37451 4.29503 2.2422 2.68602 1.12049 1.8983 2.19788 2.05092 2.79895 2.81977 3.85158 2.54283 2.92089 3.16494 3.90488 2.08735 1.76591 3.79364 1.91914 3.79642 2.30186 2.9378 3.2893 2.6679 2.97792 2.36578 2.58345 1.73421 1.61481 2.23955 2.27187 2.48833 4.47707 1.54066 2.74368 2.27479 2.68363 1.8123 2.86924 1.58843 4.07093 3.11797 2.67949 2.62796 1.42392 3.35391 3.97254 4.28617 2.56336 2.98664 3.07631 2.42525 2.538 4.72498 4.81392 2.15727 2.74471 1.40679 2.69583 2.05456 3.37435 3.14217 3.929 3.1089 2.15314 1.79324 3.38624 4.2462 2.24757 2.50493 1.96723 3.80939 2.6919 2.6485 3.57506 3.35681 2.09433 3.48788 2.61166 2.46297 2.06395 1.86479 2.79833 2.81637 1.95829 3.51531 1.71051 2.81837 4.49138 2.89754 3.4026 2.35036 2.14114 4.06515 2.37833 2.67863 2.46602 2.00739 1.74476 2.40971 2.03637 2.49888 1.77565 3.17902 2.2427 3.57437 3.4913 3.47315 3.10706 2.97963 2.47146 4.21483 3.76379 1.56677 2.78441 2.64989 3.57177 2.14663 1.96267 2.7068 1.09866 1.71852 3.59489 2.84325 2.25631 3.40484 4.14946 2.50492 2.94564 3.65638 2.46303 3.28458 2.17157 3.41521 3.59118 2.75157 2.87355 2.87805 3.4049 4.52903 2.12098 3.01013 2.08328 2.72851 3.47329 3.26578 1.34838 3.46041 4.24097 2.6097 2.82789 2.68324 1.6447 1.41102 5.1078 3.38096 2.79491 3.57774 3.01615 2.58031 2.38511 3.62165 2.59327 1.69538 2.3187 3.30192 2.3813 3.37025 2.78989 2.30988 2.75208 2.59512 2.91635 2.50315 2.04267 3.19743 3.67216 3.59618 2.17216 2.40645 4.74413 2.53301 2.39155 2.31263 3.4631 3.99602 2.42005 1.89351 2.76284 3.33394 1.51065 4.10033 2.23734 5.599 2.27572 3.09931 3.14446 3.2042 3.79606 2.45519 1.05494 3.13203 2.74102 2.6256 3.08609 3.84849 2.41432 3.24826 2.97401 3.55247 4.26972 2.53342 3.28275 2.5549 3.60804 3.03515 3.23321 2.74005 2.93098 2.74913 2.9896 3.59871 2.9236 1.25971 1.94874 3.84457 4.00746 4.69093 2.84228 1.55078 2.59066 3.21035 3.86403 4.40951 1.82686 2.16804 3.19729 2.77096 2.13527 3.3492 3.41839 1.86242 1.70362 2.75074 2.16407 2.44953 2.3155 2.30356 2.45531 2.85001 3.66028 3.36286 2.19692 1.88815 1.53143 2.60652 3.18123 2.00542 3.71177 3.04179 2.72469 3.10775 3.21535 3.47844 3.44998 3.44432 1.69105 4.27961 2.14427 2.77959 1.5728 3.33017 2.10092 2.50278 2.84766 2.57017 2.61937 3.77662 2.14396 1.91748 2.49276 4.59808 2.8657 2.66464 3.07052 2.10989 1.44282 3.67955 2.41747 2.86107 2.86908 2.31454 3.36173 4.13575 2.46086 4.30635 1.52818 2.62687 3.40948 3.28962 3.75587 2.71633 2.43168 2.62576 2.56653 4.16905 2.59969 2.3825 2.96186 1.36197 2.82409 3.29036 2.9124 3.46929 3.3191 2.65694 2.95285 2.77557 3.8403 2.72368 2.51853 3.45682 4.36852 3.06424 2.46236 3.87178 2.31352 2.54156 4.28786 4.05473 1.95038 1.58684 3.66969 2.41696 2.21628 2.82891 2.60532 1.82474 2.55839 3.14969 2.98132 3.76317 2.92885 2.99584 3.17341 3.92381 2.77396 3.13031 3.54217 2.91865 3.26403 2.53872 1.99386 2.82085 2.87088 1.68104 3.62221 2.08675 2.73186 3.58052 2.85994 2.36548 1.48747 2.97533 2.35939 3.36124 3.38735 2.25856 3.42731 2.11248 3.8016 2.74203 1.55426 3.49823 4.18577 1.83647 4.04924 2.94378 3.9279 2.64507 3.44904 2.24681 3.39434 6.97781 3.05862 3.63651 3.64918 3.15834 2.36352 2.60045 2.82736 3.96597 3.81137 2.59399 2.9195 2.69406 2.38193 2.43214 2.56338 3.78265 3.29785 2.54443 2.56629 2.44482 4.30898 2.8556 2.61343 3.33023 1.96802 3.06399 4.30002 1.84751 2.2914 2.60765 2.72432 4.66369 3.69409 2.60206 3.31672 3.44414 3.65416 2.88031 3.83494 3.01621 2.5747 3.63678 3.10015 3.13911 3.18075 4.99293 2.15856 2.96833 3.15581 2.48815 3.27195 2.19378 4.01543 2.68561 3.23309 2.54458 2.47438 2.3681 1.50405 1.70958 4.4233 3.71089 1.99829 2.7635 2.78597 2.38598 3.51734 3.74615 2.8217 3.13453 2.26415 2.55242 2.87446 2.41195 2.618 2.61766 3.9531 2.74931 2.47163 2.60341 2.88966 4.0241 3.50863 3.28977 2.54441 1.59889 2.149 3.84846 2.54409 2.79555 2.73056 2.25906 4.60542 2.32509 1.5882 2.2629 2.12364 3.48998 1.50623 2.69463 4.01394 3.81768 2.45375 2.71412 3.13658 2.34543 3.6107 2.51888 5.06962 4.28259 3.00558 2.71789 2.53168 2.2948 2.93309 2.71388 4.68589 3.35086 3.03129 3.15702 2.96315 1.38673 1.87663 2.95699 3.01009 3.00866 3.47645 3.12202 4.60588 3.62419 1.68244 2.7675 3.11632 2.73962 5.74102 2.42577 2.56162 3.45541 2.00695 3.59331 2.87845 3.36433 1.61886 3.72664 3.29848 1.16853 2.35158 2.2328 2.82564 2.12164 2.73443 1.73956 4.11322 2.6075 3.27627 3.48312 2.89296 2.35803 3.04679 2.4453 3.65919 3.73647 1.83563 3.78623 2.7067 2.17244 2.07857 2.75513 2.37988 3.06196 3.64634 2.14366 3.50531 3.06917 1.76245 2.4569 4.20357 2.45078 2.18086 1.90557 3.76113 3.43047 3.27111 2.79252 2.64785 3.06846 2.8198 1.84822 1.69438 2.75545 3.83801 1.8726 2.49691 2.55261 3.80562 1.52104 3.02934 3.10896 3.01549 3.42418 2.72807 2.81611 2.37499 3.62403 2.60953 1.70751 4.16198 3.59141 3.44395 2.79928 2.17142 4.957 1.79649 3.46891 3.38335 3.60024 4.11245 3.6585 2.69316 4.13021 2.79701 1.63437 3.9647 2.53192 2.65097 3.06996 2.50723 1.89005 3.34181 2.77954 3.10077 3.66921 3.29115 3.37384 3.02524 1.49644 3.02462 2.0532 3.38403 3.06545 2.71746 2.89373 3.10634 2.11578 3.11048 3.94277 3.57713 3.76963 5.75666 2.78761 3.60872 2.63409 3.3323 2.4886 2.85566 1.95708 3.40526 1.6849 3.24619 2.21019 2.75021 4.67022 3.57368 3.93124 3.73902 2.28749 3.57906 2.70763 3.51078 1.82414 4.71189 2.61746 2.17388 2.07565 2.81176 2.36916 4.21547 2.39024 2.66939 2.56043 2.17828 3.51656 2.73987 2.9093 2.48111 3.48199 3.69652 1.87247 3.00021 2.49972 4.33137 3.27645 2.28485 1.64256 4.26722 2.25285 3.01218 3.00787 3.4406 3.30155 3.80196 3.33406 2.29381 3.9802 4.95638 3.41412 2.94524 3.16822 2.50012 3.8469 2.76814 3.20641 2.71941 3.43296 1.9142 2.6935 3.30604 2.2987 3.3861 2.57163 2.96089 1.85847 2.4175 2.7448 4.565 1.44171 1.73853 3.04005 3.48745 3.28708 3.04296 4.8929 4.21395 3.86946 3.35761 3.12906 2.69436 4.86255 1.89609 2.65274 2.8877 2.77459 3.08865 2.14356 2.84408 4.01498 3.44853 3.24001 2.56921 3.22694 3.59456 3.07833 4.11225 1.64568 2.59443 4.01221 2.19749 2.84289 1.88686 1.96993 3.47742 2.36454 2.54091 3.15954 3.30506 2.86546 2.16839 2.40863 2.40451 6.58345 2.75045 3.49421 2.00238 3.44458 1.61533 3.18987 4.46337 4.23525 3.74067 2.4098 4.66669 2.77281 2.3431 4.40827 2.47954 3.49027 4.24464 2.67168 3.93947 2.99284 1.8712 5.1602 2.19686 3.7684 4.05027 4.2283 3.63696 1.46019 2.89862 3.49283 3.29579 1.35642 3.22573 2.70053 3.41209 1.66223 2.66368 4.51332 2.47483 4.55787 3.1821 2.96499 2.56836 2.46463 3.89088 2.38602 2.46691 2.26058 2.55437 3.3151 2.07358 2.62691 1.72224 1.98709 2.93188 2.47823 3.20594 4.37545 2.90343 2.185 2.62559 3.17708 3.54038 3.62224 3.10933 3.33123 3.27617 1.82908 2.1309 1.66535 3.11693 2.53136 2.31808 3.10599 3.17382 2.48856 3.23052 1.8316 2.684 2.9175 4.26134 2.59143 2.18724 2.09981 2.8584 3.14259 3.11754 3.00828 4.19457 3.61053 2.73969 2.63804 2.76268 2.60617 1.54557 2.57873 2.73682 2.63752 2.9078 3.08268 2.85227 2.10059 3.20416 3.12915 3.09088 4.35475 3.72229 3.6075 2.33613 2.91328 4.37463 1.91494 2.24791 3.40207 2.30714 4.71943 1.40095 2.8325 2.24476 2.54238 3.06016 3.60592 2.14996 3.45369 3.50297 4.02825 2.51552 1.30826 4.27563 2.6485 4.46318 4.12067 2.90481 3.28861 2.62743 4.30726 2.81883 2.56272 1.8259 3.03507 2.85014 3.29531 2.9178 4.12476 4.11769 3.06307 4.0167 2.76558 2.81578 1.66443 3.93842 2.42977 2.53469 1.74082 1.91736 3.72595 2.13674 2.25996 2.93518 3.19917 2.28513 3.29111 3.32429 2.76331 3.04615 4.2917 2.80068 3.55047 1.93617 2.75336 2.59207 3.13629 4.9846 2.13734 3.1124 1.54778 3.17557 3.0129 3.53764 1.95509 2.84519 2.67908 3.4895 2.42519 2.94994 2.98212 3.13259 3.2076 2.75401 2.35022 1.81707 3.52492 2.93457 2.02334 2.48387 2.464 2.60163 2.15154 3.59691 3.1375 2.46737 3.02073 3.38271 3.17956 2.23284 2.41398 3.62762 3.02412 2.83562 3.08222 2.44615 1.95375 3.44323 2.69769 1.64776 3.20453 3.19645 2.65618 3.2958 2.55258 2.96735 1.95376 3.17428 1.87973 3.70494 5.25852 3.32682 2.31749 1.97808 2.13883 2.32494 4.01293 4.18131 2.01051 2.51313 3.49539 2.94261 2.87176 2.51174 2.31055 3.48972 3.63973 3.26677 2.00511 3.70469 3.32838 2.30615 3.68194 2.46849 4.37609 2.05397 1.91235 2.04987 1.71268 2.51982 2.68272 2.90235 2.55523 2.22408 3.55787 3.03467 2.50087 1.65844 2.59816 2.33382 2.85055 2.2521 4.70903 3.83582 3.15057 2.58704 3.83234 2.25145 1.60467 3.88982 2.96861 2.87456 3.48212 2.95963 3.25495 2.96825 3.36555 2.79721 2.3598 2.51373 3.30286 2.46466 3.87174 2.80623 2.17361 2.52495 3.91632 3.12184 1.94924 3.03071 3.41021 2.75265 2.65701 2.60568 2.24013 2.79119 3.22561 3.43451 1.9098 4.98975 2.9579 3.15714 3.03782 2.85998 2.18529 2.94288 4.15916 1.87792 3.02947 3.79768 3.47596 2.99659 2.94785 3.31644 3.24757 2.6542 1.67601 2.88135 3.9358 1.16819 2.40668 2.93259 4.12162 2.18635 2.18896 2.31829 2.3576 1.86928 2.38162 4.67672 2.82462 2.46495 4.48359 2.44388 3.22877 2.76106 1.88839 3.57421 2.36779 2.11315 4.11729 3.75854 2.24712 2.20978 3.01175 3.64839 3.68342 3.2589 2.32358 2.38237 2.33956 1.85315 2.8144 2.60915 2.60885 3.52963 2.27793 3.35745 1.66223 3.33754 3.59836 2.25752 3.12981 1.93313 2.96386 3.81679 3.51979 2.78361 3.61473 3.04259 3.86754 2.92671 2.52622 1.89489 2.7649 3.15367 3.19152 2.17211 2.19427 2.48205 2.66949 2.31286 2.66762 2.16219 2.49182 2.06312 2.87807 2.85293 2.09526 2.22641 2.56174 1.74168 3.94669 2.94305 2.88225 1.97119 2.27493 4.01574 1.34856 3.55376 2.5934 3.11649 3.9403 3.9773 2.27129 2.90137 2.81776 3.117 1.82925 3.32245 2.49081 4.5595 3.29445 2.54551 3.46487 3.17184 6.12765 2.8594 3.21616 4.16956 2.94215 3.54939 1.84391 2.82929 2.09232 2.74843 1.5673 2.97672 3.19823 2.79409 4.06675 2.953 2.68531 3.20971 2.32363 2.95486 2.2877 2.28352 2.02579 2.58374 2.20315 1.63526 3.08933 3.77216 2.55965 2.67368 3.1788 4.98795 1.88348 2.90429 3.02516 2.41179 3.42845 2.03528 3.90247 2.94194 2.52564 3.28753 3.23669 1.95203 3.05229 2.66269 3.78022 2.24889 1.83488 6.00276 3.91948 7.50952 1.57106 3.25438 4.45527 2.66825 2.5052 3.13282 3.40099 2.61995 3.85433 1.94831 3.67277 3.63977 3.21623 2.73258 2.91616 1.48319 2.29709 2.999 2.5714 2.14461 2.73095 2.17297 2.43998 3.55525 3.78413 2.45519 3.00686 4.34498 3.91984 1.44788 3.06649 3.40995 2.11606 4.09382 3.53463 1.62479 3.81778 2.68593 3.44591 3.60709 2.22097 2.46486 3.77681 2.69926 2.60403 2.14955 3.39799 2.38254 4.34815 2.40027 2.69651 2.69694 2.91468 2.55755 2.05557 1.58477 2.98144 2.72496 2.80297 3.77896 2.89816 3.33708 2.96457 2.05093 2.05708 3.02873 1.93239 3.09796 4.11151 2.53316 1.54446 2.14594 3.58284 2.74393 2.40283 1.95641 2.87873 1.76035 2.98198 1.84115 5.08076 2.73774 2.29438 2.50034 1.96312 2.49744 2.51759 2.60792 3.62639 3.05079 3.21646 3.65911 4.05122 3.45026 2.39659 3.57493 2.89645 4.71978 3.07607 2.05177 4.53794 1.7893 3.94122 1.59786 2.70751 2.64824 4.36935 3.5954 3.18818 2.18154 3.18993 4.53222 2.58983 2.21664 3.27717 3.1322 4.25433 2.53087 2.5462 1.69454 4.04406 2.68421 4.34028 3.66176 3.59665 2.12982 2.51791 4.34481 3.57398 2.09405 2.58686 3.30207 2.5489 2.75767 5.9621 2.53635 2.62044 4.09334 3.43321 2.48071 2.98042 3.08551 4.76007 2.11237 2.86974 1.80531 3.27242 2.54554 3.12074 3.07791 4.15159 3.2518 2.93699 3.46593 2.2646 2.23265 2.81663 2.45427 2.29104 3.6847 4.09762 3.17583 2.09347 2.22613 2.88058 2.67295 2.64748 2.75068 3.66827 3.26603 2.77424 2.12115 2.56243 1.79592 2.95976 4.08407 2.83613 2.37631 2.78821 3.25668 1.03984 3.26346 2.18781 2.96048 2.68757 2.74116 3.31188 3.38531 2.80162 3.91244 3.57309 3.84801 2.78705 2.39386 3.29998 1.84285 2.08981 3.1222 1.76156 1.83233 2.40185 3.2615 1.85826 2.90286 4.21746 3.76584 3.04908 6.11204 2.69843 3.17122 4.62082 3.275 3.84353 4.19169 1.97038 3.96834 3.16359 4.25499 4.82129 2.68839 2.22336 2.53131 2.63967 1.91664 2.05122 3.62817 2.65344 2.71267 3.51875 3.57717 2.82523 3.75092 2.45404 2.55368 2.7286 2.45669 3.10064 3.50201 2.85622 3.61595 2.76491 2.59197 2.62946 2.98963 3.51703 3.2907 2.87393 4.23539 2.97921 3.29853 3.31694 3.91475 1.79493 2.71452 4.79389 3.8099 3.47848 1.4183 3.83868 3.05029 2.89833 2.72411 3.2047 3.20136 5.43107 3.02343 3.7036 1.85091 2.13756 3.16423 3.45359 2.75737 2.29566 4.12401 4.84267 3.2632 3.98161 2.10737 2.96835 3.29644 2.78106 2.64937 2.63838 2.96418 3.70196 3.49108 3.04553 3.2896 1.89457 3.44135 4.19205 3.14577 2.97027 3.59637 3.55428 2.74857 4.64229 2.23233 2.62008 3.87735 3.88752 3.037 4.55101 3.34955 2.88659 3.31899 2.70613 5.54591 2.54212 2.40615 4.00116 2.90154 2.57859 3.673 2.73426 2.59297 2.79575 2.47861 3.19525 3.11556 2.4584 2.69546 2.57944 2.5524 2.89758 4.61881 3.41936 3.28392 1.66376 3.63887 3.90845 4.51532 2.77843 3.26541 3.27901 2.3001 2.92341 3.30518 3.03833 2.4997 2.41844 2.26739 4.70065 2.70023 2.87425 1.63372 1.4798 1.44677 3.41612 3.5561 2.41697 2.01305 2.42616 1.92481 2.35133 2.68519 2.95442 3.35223 3.42562 3.82041 2.66972 2.62514 3.5858 3.32476 2.32401 3.56865 1.08726 2.58788 4.62927 2.95309 3.08609 2.72349 3.44885 2.94471 3.17044 2.24322 2.66493 3.62652 2.42578 2.09995 4.12681 3.30264 2.55655 2.73373 3.6497 3.96797 2.83825 3.47297 3.46329 3.19697 2.41947 2.0482 2.40026 2.42594 3.37848 2.72044 3.80138 2.61806 3.13329 3.46716 3.16866 2.56801 1.68987 2.55459 3.02624 3.14803 3.75286 2.28598 2.82101 3.10244 3.26338 5.7218 1.9978 2.71978 1.76149 4.26818 5.82012 2.04422 2.57147 2.8454 1.90313 3.17823 3.35532 2.96016 3.65181 3.2835 5.04169 2.45184 3.39744 3.70371 3.1284 1.79344 3.01347 3.70787 3.12223 2.79911 3.49331 3.70545 2.83125 3.95216 3.04496 2.67474 4.00071 4.19093 3.04116 3.67391 2.81061 2.80844 3.89523 2.66597 3.45282 2.41701 2.54372 3.36763 3.63594 2.8301 2.85087 4.18422 3.06431 2.91046 3.77006 3.43309 2.89196 2.7748 2.54777 3.22096 2.4965 2.85597 1.89046 3.0332 2.87023 2.56582 2.1583 2.75891 2.80164 2.6543 3.65952 2.84383 2.99521 2.20622 4.99673 2.6023 3.80407 3.45518 2.14027 3.68824 3.36885 3.09511 3.17485 4.29891 3.15585 3.40119 4.19194 3.62609 3.00671 3.49699 4.75223 3.04585 2.42762 2.45113 3.78025 3.85801 3.06484 1.92629 3.13044 2.48173 2.56306 2.67689 2.99785 2.12159 4.10196 4.33916 2.55741 4.40045 3.92517 2.23762 3.131 3.6827 3.0464 2.56392 3.05155 2.58516 2.72764 2.28331 2.46947 3.13979 2.83437 4.55378 3.34876 2.94695 3.76473 3.15915 3.37238 3.41745 2.77817 6.17305 1.74124 2.93772 2.41615 3.1868 3.71404 3.89105 4.17507 3.92179 2.5078 3.5528 2.91583 3.70306 2.7496 4.85021 3.54912 1.86514 3.29245 1.778 2.38912 4.61111 2.81949 2.73004 2.28428 2.84689 3.50019 2.68443 2.59078 2.8772 3.53864 3.17618 3.54836 2.53924 3.51011 5.76026 2.69243 3.04103 2.08888 2.75876 3.64681 2.41871 3.15542 2.75247 3.10351 2.94043 4.37113 3.37964 2.82378 4.47277 2.53696 2.3592 2.83743 3.49599 3.80162 2.30857 4.12178 1.78396 2.64263 2.37332 4.21034 2.90347 3.65865 3.56232 3.42809 2.97972 2.79138 3.95599 3.81406 3.83359 3.11951 2.37163 3.11552 3.08939 2.48467 2.94977 4.73068 3.33784 4.12074 3.0996 3.79584 2.86578 3.31457 3.2435 2.27607 3.53628 2.92192 5.38433 3.99437 3.87522 4.01867 3.45485 3.42781 3.7019 3.0714 2.92107 2.33088 2.46799 3.27715 3.81354 4.2271 4.05169 2.39789 3.73431 1.68464 3.05891 3.68965 3.46875 3.11943 2.28256 2.78088 3.09606 5.5916 3.67352 3.61546 2.61278 3.09244 3.03846 2.98574 3.1412 2.61852 5.68685 2.61693 2.06847 2.90366 2.38855 4.10862 3.73443 3.78578 2.8064 3.1224 2.58702 2.04898 3.944 3.79117 3.83973 2.48745 3.98489 6.87295 2.08729 3.5677 3.0679 2.76184 3.54586 3.32586 3.00212 2.26197 1.74846 3.80363 3.48592 3.13167 3.13964 2.79184 3.3346 1.93361 4.54508 2.78653 2.93189 2.67978 2.68739 3.67122 3.5039 2.53413 3.68949 2.40829 4.93059 2.46776 2.25944 4.57903 2.33054 3.76438 2.73677 2.82008 3.16532 5.22205 3.37599 2.87436 2.6995 2.55768 2.68089 4.47922 1.94488 5.42475 3.21549 2.48429 3.20951 3.35019 2.73752 2.67084 3.54636 3.43867 2.30561 3.5978 3.17618 3.048 3.74726 2.54684 3.95422 2.86632 4.48353 2.29932 3.05355 3.22059 3.26628 8.02496 5.51474 2.0275 2.19531 3.47264 4.14424 2.92903 4.81314 3.89131 4.30175 2.40482 ]
@@@ Frame-accuracy per-class: [ 74.034 18.2377 55.4957 49.9435 50.4484 53.009 54.2895 12.5683 33.2767 38.0623 68.6033 8.36364 35.4857 50.6652 12.64 16.1922 4.6683 28.9157 25.5259 46.2276 53.5038 1.26984 31.2067 30.9917 50.8144 41.8567 6.4433 29.4582 19.4777 47.114 29.0296 12.1993 60.9218 38.721 38.4785 42.3325 58.3143 17.1296 36.7586 49.8464 54.2813 8.46395 38.2318 35.1779 38.1768 32.827 9.4431 38.8586 54.6934 48.3432 33.4708 0 54.6776 37.8449 59.3233 19.7125 54.4269 8.68852 62.6526 40.7107 23.1758 34.6805 38.1275 11.5505 30.0958 33.7524 28.1356 37.8505 16.6667 47.0768 48.2521 32.5 15.1986 5.05051 17.3238 46.553 37.3115 20.4931 11.8893 10.6383 38.6919 13.278 56.6566 0.473934 27.4151 39.0834 36.9427 57.6186 6.73469 19.8812 20.6845 19.1961 23.3758 20.2077 0.46729 45.2929 32.6948 19.6028 33.0122 3.386 27.9346 25.7848 16.7059 55.432 2.7027 30.7412 47.5265 60.6216 51.6045 -nan 19.2224 7.88991 16.0194 27.3248 6.92308 44.9326 6.23742 35.6105 42.6671 42.8628 47.3505 -nan 2.98805 44.64 22.9084 23.6254 28.688 32.3387 43.9282 9.88235 28.7958 1.7284 56.7543 58.1442 28.6537 0.699301 8.12102 36.4501 40.3354 15.1961 47.7543 38.1118 30.0992 22.1837 46.5712 14.2857 39.0013 19.289 66.25 24.5447 27.7662 32.8114 34.217 9.875 53.7759 36.1722 10.6557 57.0024 8.7963 7 47.4032 14.5897 47.7659 -nan 54.1466 14.0056 38.2743 6.29921 22.1106 49.4365 38.67 59.375 42.9547 14.91 31.5485 -nan -nan -nan 41.9251 47.0763 21.7778 61.205 0 26.4771 14.624 40.1869 16.8333 4.7619 52.4684 52.6387 14.4022 41.0375 5.42636 56.406 44.8701 56.9099 26.2652 42.8437 12.5 21.9847 50.5136 22.8689 42.254 -nan 26.1152 47.8945 13.5338 62.0566 -nan 46.8049 42.6865 10.4294 39.0215 17.0732 28.0228 20.6398 12.3377 53.8947 68.8745 87.3044 78.0463 21.5165 49.8886 7.56824 57.9353 36.3529 46.0015 32.7712 34.5023 70.8302 51.3973 42.3836 10.917 37.4074 49.5671 20.1095 46.3098 50.1781 31.6271 53.8234 47.7601 37.0801 61.7623 51.9364 29.3457 48.9465 58.9902 29.3439 53.1123 49.1935 42.6101 45.7831 50.0737 9.91379 28.5714 39.7959 49.2104 23.7146 66.4778 52.5466 27.3697 39.3382 42.8256 17.7708 29.2842 45.8388 34.3237 59.502 51.9685 34.8519 22.547 51.954 48.0994 43.0457 45.5497 31.4788 75.2049 36.0854 53.956 45.5214 30.5966 33.9866 29.0346 40.8222 13.3721 33.5728 22.7513 34.4019 37.2671 21.5546 29.703 34.0888 30.6514 35.807 54.8595 45.2494 28.0204 28.8889 42.4911 59.4924 33.626 37.801 29.0647 59.7809 41.8878 37.398 12.4457 47.2641 30.4359 21.4286 49.0552 24.3141 58.9401 30.2146 29.75 36.106 42.359 39.0794 50.8529 21.796 38.3495 43.8537 27.7876 38.3399 37.6024 32.1712 15.5819 54.7105 51.0729 27.6327 43.871 41.0819 51.2284 40.1099 34.3488 30.5924 49.1158 31.8815 46.5761 44.0671 24.0621 28.1518 36.9773 37.202 60.4464 35.8491 31.0302 20.4476 26.1349 29.2172 18.2079 48.2185 45.6621 25.8242 44.1964 25.3527 12.4682 47.4534 54.8832 50.5762 35.6299 59.5023 52.8024 49.5823 20.7407 37.2944 17.5206 20.7362 20.5656 18.7751 32.7294 18.3957 53.5093 28.9417 48.9731 27.0166 60.4132 26.6143 51.3732 36.3269 63.7543 54.0816 60.2956 46.5649 44.9819 61.8875 30.1056 27.665 46.3497 36.4964 17.8112 51.1845 47.9757 63.3553 49.8201 42.8827 25.4768 56.2443 61.9077 27.5777 46.1117 28.464 37.4636 41.342 50.4828 44.8798 44.8627 25.7931 49.7027 33.0919 49.6127 38.4732 41.3462 22.4345 33.7611 34.5178 31.9658 37.2164 53.9875 14.3685 49.5044 45.1283 28.9145 50.2906 35.1226 25.5502 27.642 19.3478 48.1093 51.0593 30.3551 16.2144 25.2459 27.0417 56.029 38.2082 41.0618 20.0276 27.517 52.9623 32.0388 62.4914 22.164 30.3232 32.8221 24.5747 19.3639 41.2651 43.8769 29.8412 49.9264 17.7999 44.6943 9.25926 34.7972 29.8399 40.9417 46.2874 14.6409 36.1751 19.0207 20.7254 37.1538 37.069 28.636 49.0931 49.1752 23.7304 27.2204 40.1329 22.9762 22.9692 21.2045 24.0106 34.1155 33.1373 29.1488 39.6322 18.798 21.4665 36.4454 13.9738 72.1305 62.8995 29.1248 18.1739 52.6414 53.6208 51.3134 49.4973 10.9565 30.6321 43.4783 33.9518 27.9037 27.2177 20.8758 31.4661 47.1114 27.4019 34.9504 31.6485 15.2632 60.5004 46.5392 15.2632 53.7063 52.1971 29.3358 37.9876 42.1875 37.9562 43.3206 14.5709 22.3542 14.5667 42.7085 34.0591 14.8649 40.5259 31.9099 42.7668 20.9957 29.709 23.5229 22.343 48.1929 23.4506 13.1565 57.5851 55.364 22.5776 36.4903 14.1827 20.1867 29.1442 56.9794 26.8987 32.1479 31.5378 14.0936 33.2113 38.7924 62.7564 68.6475 33.3613 52.7621 20.8413 34.6972 23.0769 42.1095 44.9328 15.2174 18.5538 13.9173 30.1195 24.8945 34.2926 46.5381 55.1859 51.9787 45.5098 53.5249 51.5446 43.2961 19.889 58.0688 34.375 19.1393 6.19658 48.6617 38.5684 28.7937 28.5983 45.236 58.8203 14.2857 20.6516 33.6226 25.0911 60.5626 17.7582 50.5897 53.1198 46.0076 42.0844 29.0655 50.5532 35.9627 28.8073 15.8482 38.0213 49.1163 47.0835 47.4038 54.8896 20.7156 35.1631 51.8196 46.2299 45.5485 26.7241 37.9924 30.7273 47.7701 31.9328 39.5735 60.7165 45.5822 53.8118 43.6232 31.0811 21.792 17.6471 31.4112 22.3235 33.0628 24.6883 56.3266 30.0176 54.7122 10.1248 64.2904 19.8936 29.4872 38.284 21.3777 50.7755 29.6837 27.4951 9.60961 39.7288 59.2325 23.7493 17.2575 47.9241 34.6181 43.809 18.8967 30.9898 42.6288 52.5205 21.3864 34.2105 35.9732 32.7546 37.7336 37.0506 42.1416 42.3464 24.188 31.6909 60.1015 18.5808 24.3719 47.0229 26.1111 32.6607 27.6307 45.7105 35.3625 41.4511 28.9362 65.7739 8.24324 25.6859 14.8416 20.8765 12.0823 10.7477 36.9986 17.3104 46.6901 17.4785 46.4405 38.7428 48.0851 9.52381 34.672 11.8919 38.3721 35.2433 26.9142 7.38151 36.6217 42.4864 32.7828 31.8694 46.3011 57.0379 59.0338 37.461 58.3642 44.9485 33.5115 7.40741 30.262 42.5906 26.9011 31.3806 34.1594 32.6854 54.3122 37.8806 31.3204 8.76494 22.4014 34.7271 26.7435 35.6147 48.7779 42.0201 26.2911 77.8491 38.9663 40.8381 60.9341 34.3946 36.0602 34.2455 54.2936 49.0113 36.067 36.1502 58.794 35.793 18.0147 41.7153 16.6667 48.4139 27.2985 21.4411 50.4082 52.4636 57.4207 26.1146 25.7646 28.9262 35.7759 46.8303 11.0553 48.1551 40.0977 65.0597 33.3646 59.4885 29.6663 46 25.7143 26.2443 52.8507 34.6543 54.2816 29.2022 36.8371 59.8513 44.7678 47.1782 47.1777 35.7108 51.4249 29.8951 62.8367 50.8961 12.4283 18.6469 49.0437 20.0581 67.9331 17.6128 23.9915 23.4097 38.2893 32.7888 50.4891 40.5005 30.2106 22.9765 35.6579 34.8081 30.6644 46.9997 14.8952 31.6038 38.2002 34.1596 37.3801 30.2826 42.6841 39.3005 48.5804 33.1429 20.9237 44.5421 35.5301 70.3633 25 48.2358 52.3707 44.8668 43.673 34.686 28.0098 35.9511 46.0862 58.4059 42.3806 21.8772 20.4938 34.4828 25.5666 47.1638 45.5472 6.38507 30.9353 42.7666 17.3989 22.9008 36.054 41.5945 9.77683 27.0763 48.0775 7.86241 26.6026 27.4084 24.1814 25.0839 53.3793 43.2965 30.7036 54.8407 42.3182 47.5359 33.8346 26.9939 31.7766 29.3742 71.4913 51.187 14.3868 42.4434 40.8108 48.363 38.5231 56.5742 21.9895 25.5388 39.1566 13.4634 54.4304 57.3888 57.5629 52.411 34.555 59.4834 42.3589 13.7255 36.3931 17.136 42.4257 47.7939 61.84 24.8235 59.8169 46.5125 48.3618 22.2527 16.3662 47.283 43.4272 33.6745 18.0297 18.8906 25.6329 51.3384 17.825 36.4294 20.5901 37.6576 49.3525 22.2429 53.9964 35.7222 42.6041 54.0492 50.6045 25.7118 26.9767 43.1985 34.9398 48.8113 28.9593 40.4255 39.0566 53.1045 32.5161 21.4082 17.2802 11.035 41.5391 0 4.65517 40.1066 50.5063 36.5169 48.8977 47.2133 29.0751 23.748 31.7197 11.3043 12.3324 25.0354 31.641 26.3305 55.7129 42.3812 37.5822 43.1009 39.7394 23.2817 37.9077 13.1922 35.048 50.1116 24.8112 53.0916 60.3911 57.931 31.3964 57.8669 49.3628 44.5942 0 31.1448 39.5833 21.6832 2.7451 58.952 31.7562 42.1735 44.9523 42.2341 17.8295 22.0339 25.54 9.27357 43.3852 41.0578 42.0104 46.9598 33.105 50.7656 30.1299 45.9003 39.7418 16.3189 28.7282 42.8643 61.4405 56.9454 39.9593 29.54 31.4307 33.0348 29.751 37.9176 38.7373 30.9789 34.4678 45.4272 25.2998 25.9137 48.8153 38.2283 29.0043 52.7923 41.2269 22.083 39.3358 14.73 20.3629 12.3662 43.0048 43.1848 53.271 27.1552 61.8457 36.2353 39.5404 33.2054 33.309 35.513 5.57103 54.4393 15.4366 43.3905 30.4865 42.0745 31.7795 32.6203 21.25 15.9331 32.0646 33.8532 37.0558 22.2311 22.1226 14.7103 31.736 34.8348 43.8621 47.5674 28.0631 53.0658 52.318 52.0841 23.2614 9.35335 34.1837 27.1879 48.6538 36.1301 10.6195 38.8542 38.9447 23.4848 21.8113 55.1882 26.4303 33.8154 31.0289 26.1737 45.236 51.8472 20.0962 50.62 39.6667 26.4706 30.2184 64.133 36.0285 38.0501 40.3061 26.823 40.0636 58.1582 35.3014 2.69461 11.6667 34.5006 22.3674 38.9794 28.6449 29.6952 21.9965 22.4953 27.6954 44.6073 36.7133 61.1755 30.1189 30.1587 58.9122 66.21 32.4662 42.36 38.9506 44.2127 52.2028 25.4808 43.7349 27.1617 51.2167 38.8067 24.0599 46.3002 29.9766 16.9851 18.0612 21.857 61.8297 17.9056 26.977 7.30129 20.316 39.9605 28.6913 29.1274 15.6024 41.2723 35.1166 34.4779 59.993 40.3379 59.4409 35.4413 18.3767 25.8014 16.9935 19.3199 34.8827 17.1171 4.4898 29.8548 19.3117 11.8949 32.0194 43.1373 29.7205 21.914 30.9778 14.8402 53.9295 16.3918 39.3905 28.4602 13.8284 23.9075 57.0702 38.7097 53.4739 41.8699 19.8773 57.2765 17.8125 40.2637 38.6667 62.6091 46.7412 38.3055 51.0324 29.1262 50.1215 26.936 34.6681 40.3717 53.1071 26.8319 12.0562 26.0437 27.5304 44.7935 4.38247 53.7655 37.0675 34.456 40.6396 23.9919 23.5793 45.7608 24.3375 30.057 54.0759 40.3139 50.7684 44.26 18.1518 24 53.8369 56.8636 19.9546 40.6736 42.9599 25.9566 22.9478 33.8866 46.595 23.6258 39.6934 72.1343 34.2251 29.593 36.8818 47.901 37.5762 35.3293 35.0575 12.7747 42.1338 18.9459 13.2992 57.8441 57.5133 25.7945 28.6832 31.2561 24.349 19.1761 37.5232 49.9213 37.44 10.7505 46.2491 38.0386 48.5077 28.2258 38.7072 48.115 42.602 24.0909 51.3628 38.8085 37.0879 32.8226 33.8565 37.2147 35.8094 24.8276 17.2451 46.309 24.0486 20.2569 39.4118 40.568 32.7488 39.4636 51.5976 34.7358 31.1644 48.2061 31.7723 40.448 14.4121 40.7532 43.5724 44.0023 24.1055 4.4898 27.8272 38.2222 22.1489 65.0681 52.4414 47.7444 44.9574 36.9011 55.6186 39.5791 8.63558 9.11162 40.5286 0 42.2374 60.4342 48.8587 55.1522 44.7892 38.4203 34.4702 5.17857 50.4575 25.8993 33.3333 25.3886 58.6623 17.735 25.4237 28.7075 27.9835 20.4392 61.5553 43.3008 27.0886 30.9021 45.7332 42.7562 22.0684 32.2231 57.5408 30.0777 24.3745 45.9196 26.1698 12.6761 28.8325 19.5687 44.8052 18.0451 20.9733 33.2095 52.5583 37.1146 21.1108 22.9758 40.8915 29.0323 16.9036 13.5542 23.1624 33.3333 37.4582 31.8077 48.2437 26.8141 17.8771 26.4 22.7984 2.26537 63.8873 12.5796 50.2365 23.8589 47.5535 11.1253 23.2422 30.6911 28.4173 14.418 37.8776 50.2006 45.0272 34.6399 4.16667 28.8848 18 18.2382 48.4047 13.4599 39.0244 27.8195 20.4509 36.6206 11.4796 24.1192 4.30622 50.307 45.203 37.155 59.5392 7.36434 10.9453 15.2846 41.3002 34.7853 74.0499 51.5147 50.3924 50.5576 29.6397 31.3804 14.8423 38.2269 36.1179 22.4316 17.2581 51.2745 59.3647 12.3644 51.2938 10.9472 41.494 29.5254 18.6891 32.1739 26.2195 49.7959 31.2942 56.2788 56.2413 45.4019 47.4867 40.9479 7.60456 58.4372 30.8215 37.477 39.9446 51.2687 27.9008 58.9331 21.223 24.9265 32.7787 34.9572 60.11 24.931 34.626 18.7266 37.0787 33.1875 25.4967 42.685 42.6009 11.1111 8.16327 42.7261 36.1847 66.3563 34.8609 48.0392 27.1478 15.9462 17.3881 26.7943 50.7816 53.3838 28.2946 13.4349 42.3464 46.7029 50.9196 15.3307 39.2684 35.7357 22.5664 26.9729 52.6826 14.7445 34.0053 40.098 51.2551 51.7167 34.1909 30.6383 50.1406 27.972 56.1696 33.8058 6.8314 30.7538 22.2118 35.9403 43.9141 13.9379 44.5674 36.7123 35.3832 45.838 49.5462 35.807 44.8253 46.64 51.6148 28.0754 43.0996 27.1166 23.4286 29.9363 23.2425 26.8811 42.8819 12.709 17.7019 59.2421 38.0096 36.7133 18.2596 49.2348 50.1931 37.7914 73.5229 56.9444 26.8868 22.4116 40.0416 26.0062 19.2412 31.6993 22.1583 17.9426 38.6935 21.319 37.2917 24.7148 21.4475 41.2616 33.0737 21.7923 20.8098 9.30233 48.4848 33.3333 47.257 36.9498 17.4312 28.7736 66.3467 23.9886 10.7635 33.8069 37.3974 26.1557 58.1195 66.2186 3.40599 18.1686 30.4755 26.0163 29.1857 41.833 42.1875 20.0906 36.6294 55.0124 33.1718 17.8738 43.9681 18.7229 33.5546 40.8753 37.8755 33.4677 33.9326 35.7531 52.9341 20.7414 20.4134 23.91 45.7797 43.387 4.10385 37.9786 42.0445 47.9956 21.1864 11.649 40.1736 53.3366 35.7839 26.1516 60.8237 11.2281 45.8693 8.41837 34.8778 31.9121 28.8823 27.451 27.3728 42.6527 73.2908 21.7914 38.6957 42.6246 24.5697 21.6774 43.7685 35.221 30.6122 23.9583 13.0966 36.423 21.9935 42.2053 20.3791 27.7841 22.887 32.8084 37.0748 34.2502 27.6151 22.6634 29.5495 61.7598 52.5739 15.5556 25.6024 10.6329 30.1041 54.7376 37.4308 29.4686 18.6441 9.75161 57.4417 51.5382 24.0987 35.6109 36.9314 25.7552 19.8289 48.2788 58.7032 36.5699 45.1258 34.6629 40.2361 39.6207 38.2634 27.1777 17.1192 20.955 40.5784 52.2455 57.782 42.3364 22.0296 51.4523 10.0697 24.2494 32.1131 27.6512 35 28.2905 16.8806 27.6 53.3223 11.7925 47.8465 32.4289 55.1724 16.7598 50.4875 40.4555 22.2122 40.7487 43.481 24.6704 43.8298 55.4245 33.4208 11.0553 28.9873 39.5177 30.5673 45.8913 62.76 20.6935 41.7645 30.8937 33.0038 42.285 22.6303 16.1348 40.2654 9.31202 63.6247 42.5627 19.5072 28.0992 17.0088 36.6719 40.8922 37.5774 37.6113 10.9718 28.5209 35.365 31.5789 69.9426 34.0763 18.2168 24.5196 26.9767 25.8675 42.4705 17.0035 43.1818 21.1217 26.1708 40.2555 19.0299 15.8031 31.1628 36.7485 19.0045 45.7271 36.0297 11.3095 21.2054 46.6547 62.2536 24.5439 29.2279 45.8815 36.1562 34.1924 56.4522 35.2113 31.4239 30.1887 14.9832 32.838 31.5789 28.8889 13.3721 33.8583 27.0588 19.7982 28.2609 18.3935 47.9167 49.8027 35.2 32.2277 57.8065 27.7647 45.9939 28.2086 19.9492 35.5589 47.8454 65.2214 29.5215 43.3872 27.5574 24.4548 47.7477 23.7403 49.3415 18.3525 30.3483 51.2966 25.6858 5.39683 58.777 11.1236 29.2485 12.5945 29.5391 15.528 40.0664 25.5937 0 33.7209 17.3521 29.8077 23.3617 46.6915 38.5 34.3933 19.3651 20.0758 37.999 27.4107 39.7902 41.128 44.6098 40.9615 19.7305 26.6968 40.6286 35.5717 36.2606 14.3646 29.9336 27.429 26.7305 51.8542 36.1319 13.5215 57.4803 37.9572 34.0388 35.6728 10.3672 18.2891 32.8024 19.4083 29.6399 18.0899 25.3788 22.6697 23.4424 40.7482 20.6897 22.9555 30.4029 31.2535 7.59931 34.6212 28.6794 30.1131 45.4308 24.7454 47.0575 16.318 35.9155 28.3565 38.9535 40.903 36.9975 61.3941 46.477 9.02613 20.365 43.2836 35.9445 29.2401 35.0983 18.5345 12.3206 32.4921 27.5037 45.1356 37.6055 34.1412 36.7282 38.678 37.0141 20.6098 32.0129 38.8271 34.9156 29.4872 14.0127 23.7042 25.463 40.1223 51.9242 50.9424 17.2691 33.1331 37.7135 33.8624 39.0504 10 42.9332 61.6026 33.9231 49.014 27.0492 57.5132 36.5613 23.2558 19.2593 43.2668 30.3151 32.1725 45.1594 24.8408 41.4437 2.88136 11.0656 32.2738 30.0206 38.6985 40.7939 30.0866 33.969 14.2433 23.4783 32.5626 26.3723 34.7323 62.3903 55.0454 31.1335 21.6655 30.3498 18.0153 24.3041 13.5922 19.3078 59.219 29.4992 28.0934 40.7921 1.26263 43.9306 37.133 26.6003 50.5116 23.0872 22.9697 22.5832 60.7792 17.4559 23.2462 68.4165 46.686 45.3488 32.7434 51.4901 25.945 54.8343 14.6751 33.3898 20.0359 18.4663 35.1964 47.2794 33.815 37.8406 18.8 23.7339 54.8525 17.1916 36.8735 45.5419 54.2999 34.2714 45.7323 26.7824 22.3684 45.3115 25.9516 32.6121 54.3593 42.4558 12.1096 28.191 40.8926 55.0785 18.4428 25.2936 26.4984 38.7973 27.7414 25.1282 22.4403 52.1628 56.7042 34.3984 16.6667 55.616 26.657 37.4644 8.6444 49.2559 30.2626 27.2047 33.0841 23.4973 34.9065 36.0053 40.7599 13.306 34.0504 55.0481 10.1404 20.3364 16.1765 35.9626 47.9212 6.79117 55.6531 24.8193 23.3696 17.663 14.0845 20.5805 39.3715 18.9555 33.8931 59.8136 18.2708 38.5779 29.2717 25.9802 36.0144 54.6157 21.7011 37.099 25 19.6741 22.9703 22.7931 30.4647 62.216 25.1004 52.1004 23.913 21.8182 32.526 32.0789 32.7132 41.9163 26.57 18.2523 12.8494 20.6278 2.05761 30.8577 25.07 34.0663 23.9488 38.1796 33.6957 54.4293 18.4059 54.446 27.4262 48.164 33.5052 7.95848 28.295 17.8862 21.5534 40.2207 23.1148 34.6939 23.9726 60.6092 3.61446 34.9707 39.6202 49.3503 28.0814 24.1611 9.01186 39.4683 36.0872 35.5942 44.089 22.6594 33.4459 34.8813 44.204 19.5703 16.8177 43.138 22.6519 40.5285 17.2285 18.5131 37.8731 60.081 8.24373 35.8857 31.6102 34.7195 24.6988 26.1733 14.0496 20.1463 46.4646 21.9313 11.9298 23.33 31.3614 34.3558 36.3451 20.3191 33.8014 22.4706 29.6599 17.3502 53.7246 42.6389 24.6004 46.83 19.9245 37.2618 33.1259 55.8512 41.9224 31.8657 5.98007 65.1443 54.9091 31.3944 23.8686 21.3964 28.6842 7.11436 18.6296 16.6521 21.5659 22.9893 26.9051 11.1782 51.9717 31.855 27.4747 33.4074 22.0779 47.386 35.6132 17.8728 24.0364 21.8336 36.3831 27.1057 22.884 25.5723 13.3945 54.5073 38.4416 12.3324 37.995 36.3548 47.4766 49.2063 21.753 35.691 41.9189 27.1503 25.2838 30.4878 43.6567 43.3111 41.21 3.7594 34.9178 18.2979 49.8857 19.8658 48.9454 23.9508 9.46746 10.625 15.0761 39.7806 8.34813 35.9775 38.5133 8.52459 42.0043 25.9531 15.9475 24.02 15.983 32.0988 50.1242 7.7821 39.7285 20.3791 9.04523 23.2964 21.2329 61.5081 33.4944 19.3784 19.1871 60.0652 22.5231 37.1094 31.1024 53.9064 26.5442 12.8395 39.0323 9.6 25.163 27.906 37.3572 39.727 19.4879 38.8694 29.8329 35.1089 38.5335 22.1154 52.2627 39.3939 57.9563 48.5255 29.9514 47.093 19.7787 10.6918 31.0206 39.0605 39.1304 26.8523 22.5806 26.3158 26.3986 24.7788 31.5051 55.0427 42.551 57.4057 25.8036 44.5794 43.4555 28.8221 24.7685 35.467 27.3461 57.716 31.8671 25.1161 11.1546 38.0084 51.3987 46.0708 27.8939 28.1567 27.1037 30.6491 10.1284 17.0863 38.4439 33.5041 30.0864 36.6685 66.5423 37.6404 32.7543 40.3409 34.7863 31.5121 29.4363 47.7246 26.0171 30.0532 26.0808 14.0845 11.3139 22.265 46.4779 26.4706 11.3367 52.1588 42.2667 28.8199 38.3333 6.25 63.6364 39.1645 44.7657 42.2986 28.1455 21.9969 47.2807 19.5011 25.5398 14.1563 32.213 67.8853 18.4932 37.733 16.3873 9.00735 29.2278 23.8353 30.94 12.848 32.8779 36.64 51.5408 27.2604 36.4953 27.0091 33.0088 12.5318 13.6905 24.0674 11.9617 34.1507 32.6253 57.2536 13.8354 40.7692 42.6194 53.6281 49.7492 16.4852 50.8049 46.778 27.3416 24.6883 47.8647 27.3002 30.5177 33.4646 32.3838 7.86925 32.6149 20.7248 54.7619 30.5931 34.6516 30.8511 4.0708 45.8889 27.6328 63.5241 12.5969 29.8468 21.6253 46.8261 36.011 35.0291 29.5302 38.5737 32.8421 33.1561 20.6 29.0518 27.8451 44.6908 52.3246 28.2383 31.6056 51.6931 23.2533 39.9856 37.9068 46.6626 17.4731 21.8947 39.0504 31.3929 21.9206 22.6491 44.6809 37.7608 20.8047 28.0771 22.8467 27.862 28.2744 52.7046 18.8605 33.1839 57.6703 28.8501 28.3843 38.6895 23.2801 43.7766 34.9049 42.9769 24.4706 53.2332 16.169 5.99676 28.9197 27.045 41.7429 46.8694 47.2435 17.2244 17.2303 48.4161 41.9771 22.4307 27.6185 33.2762 43.9148 27.5694 16.309 19.9831 30.814 45.8979 12.7885 22.8155 30.4651 19.7602 34.9269 13.587 50.3382 53.4957 42.3099 50.5856 29.6228 34.2746 29.1627 39.1158 42.611 17.1182 29.1987 35.4639 59.063 31.4651 41.9744 34.0045 45.6539 10.2345 19.1074 30.9331 32.9897 16.899 42.7714 58.7456 13.3333 25.3369 27.031 24.4898 26.4974 23.6295 29.0852 24.8312 29.9361 44.4239 38.6454 22.2822 35.3556 19.4042 33.5762 47.1141 37.7431 14.733 27.8345 53.8872 28.8242 23.5043 38.1668 39.1108 35.8209 46.8556 32.2293 24.2525 23.3734 46.9343 3.46908 27.7318 26.2376 33.1839 36.4555 46.6381 32.6667 18.3633 52.5663 37.6166 15.4815 17.0823 23.9289 29.3223 17.5166 26.3835 41.4188 56.7797 27.3711 17.4531 72.2066 39.4326 29.5195 15.0119 46.1108 46.9753 34.3812 38.8396 46.9203 37.3277 14.128 31.7777 39.034 10 45.5962 23.6475 31.2153 51.2513 24.2938 41.4514 45.559 10.6804 17.0455 50.0297 45.5152 30.0624 24.0768 20.6961 25.4298 46.3445 42.554 41.6031 53.6866 26.9984 21.3766 33.2083 25.1055 30.6009 28.4672 58.2597 21.7156 13.2479 47.6343 29.4824 53.4927 32.6257 16.6131 25.969 42.3704 17.1019 32.4863 14.186 32.9068 41.8771 57.9276 31.5577 21.7412 32.8 50.9721 45.8201 39.1202 40.3307 41.1765 36.3582 40.4534 42.8129 44.0362 28.2297 26.6596 49.2943 38.246 39.7101 55.9838 15.8351 29.5026 33.9535 52.3148 43.7085 11.6317 63.3393 16.0401 36.3636 32.9293 17.7453 10.0099 45.9934 34.2148 35.4385 25.4352 50.2776 32.4385 31.5457 13.0252 19.435 39.6074 18.5547 30.5677 1.51899 38.7466 27.3613 13.5621 32.7806 18.3946 53.8713 38.3414 46.4966 36.5615 58.0683 28.5714 23.8524 30.5541 20.4952 21.0012 25.3398 28.0234 40.4237 36.3368 39.8226 40.8333 48.2697 36.7861 44.2827 59.1037 20.9612 22.8143 25.6535 36.6004 22.0413 1.09375 53.9384 28.1633 36.3508 42.0561 26.9115 45.1446 19.9295 34.2466 39.4577 25.4128 25.6597 47.3125 26.6447 35.0492 20.339 34.9866 53.2629 1.24688 12.6273 0.974026 57.5886 23.8462 8.08696 38.9848 38.2466 25.5397 22.2846 37.3076 18.1889 51.7715 18.2692 28.9941 15.7521 34.5426 29.8473 64.9182 43.3946 31.6561 43.1012 45.4689 33.1891 51.6106 32.9882 16.4889 22.9897 42.3325 29.3253 17.1429 14.7745 59.706 27.0224 28.4528 45.5792 9.81997 17.1306 55.9468 15.6627 38.5046 24.9707 19.7128 32.8118 44.1746 19.2029 31.9909 37.5303 48.59 23.0897 42.6657 13.9485 41.3281 31.0824 34.0338 34.6044 31.468 44.9415 59.1625 37.8208 32.87 28.2862 19.1426 32.6573 24.2568 33.9799 51.2507 48.75 25.9465 54.6661 23.7569 21.988 35.5439 56.7722 49.0037 18.8793 38.2536 35.6123 52.6742 30.7952 51.2595 30.9966 53.5858 4.08163 32.426 48.2683 42.1028 46.4672 40.0743 42.445 33.8618 22.671 27.6049 30.6 25 21.3333 18.4328 39.3898 16.6172 32.7383 5.55556 20.8494 48.0105 13.2114 57.759 17.1096 61.173 31.4735 28.3364 14.7059 22.5322 28.2505 46.7723 27.3483 12.6638 43.8356 50.3981 22.5207 28.828 11.6883 36.0351 32.0117 61.1547 20.5181 26.5965 7.29927 23.622 24.2653 51.5031 32.7264 10.2424 15.9366 48.2487 41.0688 25.2228 36.9174 36.1163 1.34875 38.9415 35.534 16.8331 33.1277 45.3912 24.349 23.0769 6.41026 47.4299 30.8333 60.0137 26.0013 36.1543 27.6145 29.9773 12.8015 28.1347 32.9395 24.1816 43.7865 50.6428 30.1015 44.7826 44.8451 19.896 16.4557 21.8601 43.7677 48.4382 34.9896 37.5691 33.8574 41.8958 21.6495 22.691 34.4717 46.8856 32.161 57.6575 34.4488 11.3674 32.4086 43.8214 36.9277 23.3523 75.4499 22.5352 46.6667 32.3058 33.9552 37.0684 23.6351 19.1223 32.3813 14.0192 21.6132 14.377 34.9025 40.9044 23.9295 59.8171 43.4065 29.8311 48.4678 52.5969 39.2095 23.845 55.5703 35.9551 12.615 25.0232 30.4885 1.42857 39.9568 28.6621 12.4841 23.9971 16.3808 15.534 50.2799 11.8182 28.8937 8.59835 6.60377 38.9144 41.3731 42.7519 36.3261 47.6886 51.462 14.1055 41.1486 41.7029 25.6566 20.9249 31.2269 20.5898 42.9079 40.2217 30.4 41.6208 25.4358 22.0699 29.6931 19.948 28.5754 35.9223 35.971 28.1205 23.1095 25.3652 34.4666 12.1528 29.9001 25.2393 31.105 17.7696 48.9249 30.1816 5.86451 20.3765 15.8907 62.769 15.7942 26.5448 33.2517 33.2215 24.9886 14.9754 2.91262 30.8398 22.0096 50.6503 42.3518 23.5003 22.9447 20.826 45.0881 15.912 4.94297 18.616 12.6824 47.1776 43.3628 24 34.3888 40.762 38.6233 28.3304 14.2857 31.3341 30.6533 25.6614 42.0551 21.7452 14.34 25.9777 25.8797 24.5257 27.2534 37.3571 8.86598 45.8932 34.1301 22.1163 19.5248 29.841 12.8571 26.8258 33.2253 29.1465 27.6681 5.58376 40.1593 42.7151 22.8621 28.9207 34.4916 10.5576 37.9984 37.6988 28.4091 41.204 23.1106 28.0065 42.0561 31.5551 39.909 36.369 31.8909 11.054 30.1282 26.6605 57.5713 23.7845 18.4615 11.437 31.4474 30.6677 26.6729 45.9167 30.3286 22.9358 30.1946 35.1787 41.3758 41.0688 6.44628 35.0188 31.588 56.9667 59.0402 62.2692 21.6696 30.1378 41.8549 50.9021 31.0245 50.7597 44.7331 35.1418 32.2112 23.3313 26.0465 11.2782 34.8412 33.8596 22.9195 20.1808 29.7047 23.0071 72.689 39.6175 11.5635 24.327 28.9026 32.6603 15.2603 32.5868 20.5171 45.4768 33.2952 23.7752 37.2048 48.6029 19.6058 24.5921 39.098 35.2699 21.3344 14.7247 34.0764 25.0905 23.818 27.6217 38.9995 44.8637 45.5645 42.4888 26.3655 33.1034 17.426 43.6782 32.917 30.1075 26.5479 32.5649 58.8163 44.8043 26.8933 28.5181 19.5122 36.4518 32.9877 29.6646 26.7971 7.90514 49.8793 36.9241 55.208 10.9276 4.62185 47.3729 38.1221 33.6504 52.085 23.779 21.3362 32.2835 21.1679 24.6554 12.7143 38 23.1695 17.1194 32.2581 48.6374 29.9107 15.6069 27.3612 29.7727 20.6387 19.1336 27.7819 21.1602 27.0201 29.8868 14.8649 11.9362 28.6119 18.9892 29.0048 35.5615 15.9408 37.8378 27.2822 40.2725 38.2797 22.231 23.9965 26.6936 30.0188 15.7618 22.9754 33.9721 15.2525 24.9683 25.3121 35.0312 34.278 33.4055 43.5849 26.6976 40.8797 25.2364 34.4699 35.1165 45.3883 34.0874 38.4208 37.2033 21.8153 29.2581 27.1572 42.6768 8.36502 38.78 16.4948 26.7087 48.751 21.2784 33.7097 26.4026 28.2892 13.9216 22.6869 20.9763 13.9571 22.905 28.5659 22.9961 7.57576 22.2005 43.3094 30.5787 10.2851 18.8119 28.7415 47.9087 28.4577 39.5661 30.4511 34.283 23.5495 45.5776 15.1292 17.7441 37.6776 10.1562 13.3666 45.8595 24.4832 16.4729 29.5306 30.1817 19.5551 35.1029 32.6194 43.37 42.2366 18.742 30.4787 10.2362 26.8233 31.6869 14.8724 21.7963 26.2032 21.0264 34.5985 3.81944 55.8682 27.7413 41.0173 25.7358 23.4211 20.1722 13.449 21.3152 42.2053 22.4012 32.7854 15.6275 34.4262 7.53425 17.0347 53.8615 26.2454 57.6819 41.946 11.0919 34.7897 36.3136 48.1845 27.0978 25.1163 31.2116 40.3598 25.0609 21.8126 24.0373 17.7667 41.2574 18.6092 2.84091 35.2796 29.3996 49.3011 35.0613 24.4582 43.9064 27.789 32.1938 32.4921 29.1845 9.97854 25.0362 30.99 14.6766 37.5721 41.9624 35.7672 28.6859 14.0768 44.8444 17.2956 57.7374 38.9222 48.1276 15.4964 22.8599 23.9158 18.8644 25.4658 33.5912 31.5389 15.9664 20.5285 11.3606 27.1574 40.9091 27.6978 32.4584 41.6034 30.3211 3.09936 15.7895 14.9306 29.2171 13.2029 32.2727 23.7386 26.7481 45.9382 19.8387 30.2933 0.94162 16.5032 23.01 21.9876 24.1405 23.4063 16.6442 25.7156 36.2445 43.4348 42.8703 26.7281 16.3265 21.6942 18.3942 43.248 17.3206 58.0601 34.6939 10.6021 17.7253 30.535 47.7522 34.13 26.3021 3.30579 26.7943 16.5677 37.6744 30.135 24.08 29.3446 26.6075 31.0631 3.95683 35.954 45.5512 31.8757 40.4019 17.0022 19.1806 19.671 25.8094 28.7109 38.1499 47.0752 12.8035 17.3217 14.1914 41.2362 10.6522 0.809717 43.91 23.3143 32.4449 32.2439 23.8562 19.821 25.7235 44.0667 54.4118 18.3847 25.2708 28.2046 23.301 35.9375 25.894 54.6187 17.3824 34.1113 25.5102 40.2711 34.9432 22.7237 22.3906 36.3732 18.4404 43.8695 3.7464 38.2614 41.7886 13.1313 45.7678 13.5734 29.9267 35.3885 24.5378 4.22961 24.8371 37.4449 33.2642 42.6362 39.4831 11.4706 54.4294 2.22222 32.7162 43.1069 26.4975 27.13 39.2576 36.1123 25.2101 25.1337 42.5083 22.2836 33.6449 28.3925 18.5671 41.2609 16.303 34.081 14.5522 45.6376 31.7683 27.7778 31.0847 0 6.29471 48.6979 50.7392 23.6145 21.791 34.7771 5.4 15.8833 13.1068 42.5036 ]
LOG (nnet-train-frmshuff:main():nnet-train-frmshuff.cc:367) AvgLoss: 2.0664 (Xent), [AvgXent: 2.0664, AvgTargetEnt: 0]
progress: [5.07906 3.41656 2.84374 2.55175 2.38479 2.25443 2.14718 2.0526 2.00906 1.92798 1.88455 1.83094 1.81343 1.75279 1.74406 1.72696 1.68466 1.67868 1.62812 1.62053 1.59866 1.60559 1.56391 1.56892 1.54613 ]
FRAME_ACCURACY >> 48.1579% <<
LOG (nnet-train-frmshuff:PrintProfile():cu-device.cc:428) -----
[cudevice profile]
CuArray::CopyToVecD2H	7.08053s
DiffSigmoid	7.46945s
Sigmoid	8.74063s
MulElements	9.10047s
FindRowMaxId	10.5111s
MulRowsVec	12.3838s
CuMatrix::Resize	15.572s
CuMatrixBase::CopyFromMat(from CPU)	23.9567s
AddMatVec	24.0119s
CuMatrixBase::CopyFromMat(from other CuMatrixBase)	24.3257s
CuVector::SetZero	24.7953s
CuVector::Resize	25.312s
CuMatrix::SetZero	28.5659s
AddMat	40.8302s
AddMatMat	201.658s
Total GPU time:	500.748s (may involve some double-counting)
-----
LOG (nnet-train-frmshuff:PrintMemoryUsage():cu-allocator.cc:127) Memory usage: 357825368 bytes currently allocated (max: 358598136); 231438540 currently in use by user (max: 239065452); 35271/1008627 calls to Malloc* resulted in CUDA calls.
LOG (nnet-train-frmshuff:PrintMemoryUsage():cu-allocator.cc:134) Time taken in cudaMallocPitch=2.62635, in cudaMalloc=0.0244958, in cudaFree=1.80373, in this->MallocPitch()=5.1689
LOG (nnet-train-frmshuff:PrintMemoryUsage():cu-device.cc:401) Memory used (according to the device): 420372480 bytes.
