dnn.guoxintech.com
nnet-train-frmshuff --cross-validate=false --randomize=true --verbose=1 --minibatch-size=256 --randomizer-size=32768 --randomizer-seed=777 --learn-rate=1.5625e-05 --momentum=0 --l1-penalty=0 --l2-penalty=0 --feature-transform=exp/tri4b_dnn/final.feature_transform 'ark:copy-feats scp:exp/tri4b_dnn/train.scp ark:- | apply-cmvn --norm-means=true --norm-vars=false --utt2spk=ark:data/fbank/train/utt2spk scp:data/fbank/train/cmvn.scp ark:- ark:- |' 'ark:ali-to-pdf exp/tri4b_ali/final.mdl "ark:gunzip -c exp/tri4b_ali/ali.*.gz |" ark:- | ali-to-post ark:- ark:- |' exp/tri4b_dnn/nnet/nnet_iter12_learnrate3.125e-05_tr1.0454_cv1.3832 exp/tri4b_dnn/nnet/nnet_iter13 
LOG (nnet-train-frmshuff:SelectGpuIdAuto():cu-device.cc:301) Selecting from 1 GPUs
LOG (nnet-train-frmshuff:SelectGpuIdAuto():cu-device.cc:316) cudaSetDevice(0): GeForce GTX 960	free:3606M, used:489M, total:4095M, free/total:0.880562
LOG (nnet-train-frmshuff:SelectGpuIdAuto():cu-device.cc:365) Trying to select device: 0 (automatically), mem_ratio: 0.880562
LOG (nnet-train-frmshuff:SelectGpuIdAuto():cu-device.cc:384) Success selecting device 0 free mem ratio: 0.880562
LOG (nnet-train-frmshuff:FinalizeActiveGpu():cu-device.cc:226) The active GPU is [0]: GeForce GTX 960	free:3589M, used:506M, total:4095M, free/total:0.876411 version 5.2
copy-feats scp:exp/tri4b_dnn/train.scp ark:- 
apply-cmvn --norm-means=true --norm-vars=false --utt2spk=ark:data/fbank/train/utt2spk scp:data/fbank/train/cmvn.scp ark:- ark:- 
LOG (nnet-train-frmshuff:Init():nnet-randomizer.cc:31) Seeding by srand with : 777
LOG (nnet-train-frmshuff:main():nnet-train-frmshuff.cc:154) TRAINING STARTED
ali-to-post ark:- ark:- 
ali-to-pdf exp/tri4b_ali/final.mdl 'ark:gunzip -c exp/tri4b_ali/ali.*.gz |' ark:- 
VLOG[1] (nnet-train-frmshuff:main():nnet-train-frmshuff.cc:320) ### After 0 frames,
VLOG[1] (nnet-train-frmshuff:main():nnet-train-frmshuff.cc:321) 
### Forward propagation buffer content :
[0] output of <Input>  ( min -3.28791, max 3.95756, mean 0.0126265, stddev 0.992937, skewness 0.166349, kurtosis -0.735591 ) 
[1] output of <AffineTransform> ( min -71.3629, max 68.9073, mean -4.05008, stddev 7.28369, skewness 0.193667, kurtosis 2.16609 ) 
[2] output of <Sigmoid> ( min 1.01739e-31, max 1, mean 0.266529, stddev 0.386191, skewness 1.06821, kurtosis -0.626407 ) 
[3] output of <AffineTransform> ( min -36.4133, max 25.3082, mean -5.24619, stddev 5.29484, skewness 0.0797551, kurtosis 0.317196 ) 
[4] output of <Sigmoid> ( min 1.53429e-16, max 1, mean 0.168454, stddev 0.31064, skewness 1.78648, kurtosis 1.64134 ) 
[5] output of <AffineTransform> ( min -26.1956, max 17.2468, mean -3.95217, stddev 4.02071, skewness 0.0517942, kurtosis 0.296688 ) 
[6] output of <Sigmoid> ( min 4.20161e-12, max 1, mean 0.179121, stddev 0.296596, skewness 1.69298, kurtosis 1.46477 ) 
[7] output of <AffineTransform> ( min -26.9769, max 19.5165, mean -5.8593, stddev 4.61486, skewness 0.0445302, kurtosis 0.655939 ) 
[8] output of <Sigmoid> ( min 1.92347e-12, max 1, mean 0.107758, stddev 0.246315, skewness 2.60387, kurtosis 5.60731 ) 
[9] output of <AffineTransform> ( min -15.9976, max 27.9462, mean 0.0152426, stddev 4.05274, skewness 0.705044, kurtosis 1.49574 ) 
[10] output of <Softmax> ( min 4.16266e-19, max 0.999926, mean 0.000302297, stddev 0.01293, skewness 59.2777, kurtosis 3830.58 ) 
VLOG[1] (nnet-train-frmshuff:main():nnet-train-frmshuff.cc:323) 
### Backward propagation buffer content :
[0] diff of <Input>  ( min -2.70691, max 3.28277, mean -0.000144298, stddev 0.135637, skewness 0.314653, kurtosis 31.9749 ) 
[1] diff-output of <AffineTransform> ( min -0.285913, max 0.223394, mean 4.41088e-06, stddev 0.00852145, skewness -0.0639423, kurtosis 82.4863 ) 
[2] diff-output of <Sigmoid> ( min -2.32072, max 1.89244, mean 0.000121805, stddev 0.101238, skewness -0.155918, kurtosis 16.2923 ) 
[3] diff-output of <AffineTransform> ( min -0.301398, max 0.2331, mean -6.56713e-05, stddev 0.00991658, skewness -0.331901, kurtosis 66.9002 ) 
[4] diff-output of <Sigmoid> ( min -1.33808, max 1.64647, mean -0.000439273, stddev 0.111793, skewness -0.119642, kurtosis 8.54412 ) 
[5] diff-output of <AffineTransform> ( min -0.22839, max 0.260825, mean -3.07312e-05, stddev 0.011063, skewness 0.0897921, kurtosis 38.0275 ) 
[6] diff-output of <Sigmoid> ( min -1.29913, max 1.17952, mean 0.000147123, stddev 0.107053, skewness -0.155593, kurtosis 6.59963 ) 
[7] diff-output of <AffineTransform> ( min -0.374017, max 0.580373, mean -4.53722e-05, stddev 0.0120949, skewness 0.974432, kurtosis 116.166 ) 
[8] diff-output of <Sigmoid> ( min -3.21641, max 3.25512, mean -0.000825921, stddev 0.169331, skewness -0.0375018, kurtosis 23.3367 ) 
[9] diff-output of <AffineTransform> ( min -0.997127, max 0.937631, mean 7.90982e-12, stddev 0.0113173, skewness -33.0423, kurtosis 4415.88 ) 
[10] diff-output of <Softmax> ( min -0.997127, max 0.937631, mean 7.90982e-12, stddev 0.0113173, skewness -33.0423, kurtosis 4415.88 ) 
VLOG[1] (nnet-train-frmshuff:main():nnet-train-frmshuff.cc:324) 
### Gradient stats :
Component 1 : <AffineTransform>, 
  linearity_grad ( min -0.773213, max 0.853734, mean 0.00982496, stddev 0.130194, skewness 0.0131174, kurtosis 0.918659 ) , lr-coef 1, max-norm 0
  bias_grad ( min -0.606644, max 0.540806, mean 0.00112919, stddev 0.137324, skewness -0.0583634, kurtosis 0.833873 ) , lr-coef 1
Component 2 : <Sigmoid>, 
Component 3 : <AffineTransform>, 
  linearity_grad ( min -0.597707, max 0.592864, mean -0.00442958, stddev 0.0716702, skewness -0.137106, kurtosis 2.62923 ) , lr-coef 1, max-norm 0
  bias_grad ( min -0.639413, max 0.570847, mean -0.0168119, stddev 0.159929, skewness -0.157856, kurtosis 0.65838 ) , lr-coef 1
Component 4 : <Sigmoid>, 
Component 5 : <AffineTransform>, 
  linearity_grad ( min -0.640158, max 0.553458, mean -0.00147228, stddev 0.0641292, skewness 0.080633, kurtosis 2.88876 ) , lr-coef 1, max-norm 0
  bias_grad ( min -0.546626, max 0.649416, mean -0.00786718, stddev 0.187095, skewness 0.229633, kurtosis 0.346059 ) , lr-coef 1
Component 6 : <Sigmoid>, 
Component 7 : <AffineTransform>, 
  linearity_grad ( min -0.609453, max 0.966092, mean -0.00233996, stddev 0.0687958, skewness 0.331415, kurtosis 6.86041 ) , lr-coef 1, max-norm 0
  bias_grad ( min -0.640668, max 0.884186, mean -0.0116153, stddev 0.202546, skewness 0.170923, kurtosis 0.674496 ) , lr-coef 1
Component 8 : <Sigmoid>, 
Component 9 : <AffineTransform>, 
  linearity_grad ( min -4.65911, max 2.94821, mean -7.33802e-10, stddev 0.0500925, skewness -7.20813, kurtosis 354.063 ) , lr-coef 1, max-norm 0
  bias_grad ( min -4.20111, max 2.70227, mean -1.5443e-09, stddev 0.186158, skewness -4.10485, kurtosis 109.079 ) , lr-coef 0.1
Component 10 : <Softmax>, 
LOG (ali-to-pdf:main():ali-to-pdf.cc:68) Converted 9996 alignments to pdf sequences.
VLOG[1] (nnet-train-frmshuff:Eval():nnet-loss.cc:135) ProgressLoss[last 1h of 1h]: 1.12157 (Xent)
LOG (ali-to-post:main():ali-to-post.cc:65) Converted 9996 alignments.
WARNING (nnet-train-frmshuff:main():nnet-train-frmshuff.cc:169) A23_204, missing targets
VLOG[1] (nnet-train-frmshuff:Eval():nnet-loss.cc:135) ProgressLoss[last 1h of 2h]: 1.11503 (Xent)
VLOG[1] (nnet-train-frmshuff:Eval():nnet-loss.cc:135) ProgressLoss[last 1h of 3h]: 1.08144 (Xent)
VLOG[1] (nnet-train-frmshuff:Eval():nnet-loss.cc:135) ProgressLoss[last 1h of 4h]: 1.08703 (Xent)
VLOG[1] (nnet-train-frmshuff:Eval():nnet-loss.cc:135) ProgressLoss[last 1h of 5h]: 1.08719 (Xent)
VLOG[1] (nnet-train-frmshuff:Eval():nnet-loss.cc:135) ProgressLoss[last 1h of 6h]: 1.08213 (Xent)
VLOG[1] (nnet-train-frmshuff:Eval():nnet-loss.cc:135) ProgressLoss[last 1h of 7h]: 1.06962 (Xent)
VLOG[1] (nnet-train-frmshuff:Eval():nnet-loss.cc:135) ProgressLoss[last 1h of 8h]: 1.07342 (Xent)
VLOG[1] (nnet-train-frmshuff:Eval():nnet-loss.cc:135) ProgressLoss[last 1h of 9h]: 1.08154 (Xent)
VLOG[1] (nnet-train-frmshuff:Eval():nnet-loss.cc:135) ProgressLoss[last 1h of 10h]: 1.05363 (Xent)
VLOG[1] (nnet-train-frmshuff:Eval():nnet-loss.cc:135) ProgressLoss[last 1h of 11h]: 1.06001 (Xent)
VLOG[1] (nnet-train-frmshuff:Eval():nnet-loss.cc:135) ProgressLoss[last 1h of 12h]: 1.05179 (Xent)
VLOG[1] (nnet-train-frmshuff:main():nnet-train-frmshuff.cc:272) After 5000 utterances: time elapsed = 4.03852 min; processed 18857.3 frames per second.
VLOG[1] (nnet-train-frmshuff:Eval():nnet-loss.cc:135) ProgressLoss[last 1h of 13h]: 1.05632 (Xent)
VLOG[1] (nnet-train-frmshuff:Eval():nnet-loss.cc:135) ProgressLoss[last 1h of 14h]: 1.02115 (Xent)
VLOG[1] (nnet-train-frmshuff:Eval():nnet-loss.cc:135) ProgressLoss[last 1h of 15h]: 1.04025 (Xent)
VLOG[1] (nnet-train-frmshuff:Eval():nnet-loss.cc:135) ProgressLoss[last 1h of 16h]: 1.03584 (Xent)
VLOG[1] (nnet-train-frmshuff:Eval():nnet-loss.cc:135) ProgressLoss[last 1h of 17h]: 1.03241 (Xent)
VLOG[1] (nnet-train-frmshuff:Eval():nnet-loss.cc:135) ProgressLoss[last 1h of 18h]: 1.02139 (Xent)
VLOG[1] (nnet-train-frmshuff:Eval():nnet-loss.cc:135) ProgressLoss[last 1h of 19h]: 1.00394 (Xent)
VLOG[1] (nnet-train-frmshuff:Eval():nnet-loss.cc:135) ProgressLoss[last 1h of 20h]: 1.00615 (Xent)
WARNING (nnet-train-frmshuff:main():nnet-train-frmshuff.cc:169) A23_107, missing targets
VLOG[1] (nnet-train-frmshuff:Eval():nnet-loss.cc:135) ProgressLoss[last 1h of 21h]: 0.996687 (Xent)
VLOG[1] (nnet-train-frmshuff:Eval():nnet-loss.cc:135) ProgressLoss[last 1h of 22h]: 1.01693 (Xent)
VLOG[1] (nnet-train-frmshuff:Eval():nnet-loss.cc:135) ProgressLoss[last 1h of 23h]: 0.9857 (Xent)
WARNING (nnet-train-frmshuff:main():nnet-train-frmshuff.cc:169) C22_500, missing targets
WARNING (nnet-train-frmshuff:main():nnet-train-frmshuff.cc:169) C21_672, missing targets
VLOG[1] (nnet-train-frmshuff:Eval():nnet-loss.cc:135) ProgressLoss[last 1h of 24h]: 0.996181 (Xent)
VLOG[1] (nnet-train-frmshuff:Eval():nnet-loss.cc:135) ProgressLoss[last 1h of 25h]: 0.985244 (Xent)
LOG (copy-feats:main():copy-feats.cc:101) Copied 10000 feature matrices.
LOG (apply-cmvn:main():apply-cmvn.cc:146) Applied cepstral mean normalization to 10000 utterances, errors on 0
VLOG[1] (nnet-train-frmshuff:main():nnet-train-frmshuff.cc:345) ### After 9172992 frames,
VLOG[1] (nnet-train-frmshuff:main():nnet-train-frmshuff.cc:346) 
### Forward propagation buffer content :
[0] output of <Input>  ( min -3.05699, max 3.97779, mean -0.0266961, stddev 0.94405, skewness 0.143742, kurtosis -0.532818 ) 
[1] output of <AffineTransform> ( min -71.2295, max 87.0879, mean -4.05043, stddev 7.55032, skewness 0.230874, kurtosis 2.23805 ) 
[2] output of <Sigmoid> ( min 1.16252e-31, max 1, mean 0.2721, stddev 0.390804, skewness 1.03582, kurtosis -0.706044 ) 
[3] output of <AffineTransform> ( min -35.3253, max 21.27, mean -5.2819, stddev 5.36987, skewness 0.0876932, kurtosis 0.33192 ) 
[4] output of <Sigmoid> ( min 4.55442e-16, max 1, mean 0.169605, stddev 0.312724, skewness 1.77619, kurtosis 1.59132 ) 
[5] output of <AffineTransform> ( min -24.2547, max 16.0393, mean -3.95135, stddev 3.9921, skewness 0.0647319, kurtosis 0.208611 ) 
[6] output of <Sigmoid> ( min 2.92627e-11, max 1, mean 0.178984, stddev 0.296751, skewness 1.69242, kurtosis 1.45853 ) 
[7] output of <AffineTransform> ( min -27.8606, max 19.9455, mean -5.84232, stddev 4.59145, skewness 0.0779641, kurtosis 0.635725 ) 
[8] output of <Sigmoid> ( min 7.9486e-13, max 1, mean 0.108497, stddev 0.247091, skewness 2.58683, kurtosis 5.50912 ) 
[9] output of <AffineTransform> ( min -16.2113, max 28.5828, mean 0.0170152, stddev 4.05504, skewness 0.669489, kurtosis 1.28018 ) 
[10] output of <Softmax> ( min 3.51322e-20, max 0.999659, mean 0.000302297, stddev 0.0131373, skewness 59.5759, kurtosis 3851.52 ) 
VLOG[1] (nnet-train-frmshuff:main():nnet-train-frmshuff.cc:348) 
### Backward propagation buffer content :
[0] diff of <Input>  ( min -3.29886, max 3.67194, mean -0.000621777, stddev 0.136842, skewness 0.511289, kurtosis 63.1176 ) 
[1] diff-output of <AffineTransform> ( min -0.349846, max 0.468452, mean 3.70074e-05, stddev 0.00873071, skewness 0.673904, kurtosis 171.744 ) 
[2] diff-output of <Sigmoid> ( min -2.27677, max 2.88658, mean 0.000481016, stddev 0.102728, skewness 0.257481, kurtosis 31.4297 ) 
[3] diff-output of <AffineTransform> ( min -0.513186, max 0.370805, mean -2.53969e-05, stddev 0.00996773, skewness -0.892739, kurtosis 104.112 ) 
[4] diff-output of <Sigmoid> ( min -2.07011, max 1.48322, mean -0.000236121, stddev 0.11358, skewness -0.0950911, kurtosis 9.25729 ) 
[5] diff-output of <AffineTransform> ( min -0.202194, max 0.254359, mean -9.80915e-07, stddev 0.0108928, skewness 0.0553636, kurtosis 38.1583 ) 
[6] diff-output of <Sigmoid> ( min -1.01025, max 1.22399, mean 0.000626625, stddev 0.105386, skewness -0.0184808, kurtosis 6.31883 ) 
[7] diff-output of <AffineTransform> ( min -0.431288, max 0.323592, mean -1.76026e-05, stddev 0.01131, skewness -0.313652, kurtosis 77.2306 ) 
[8] diff-output of <Sigmoid> ( min -3.01851, max 2.22022, mean -5.62104e-06, stddev 0.137907, skewness -0.37862, kurtosis 20.4445 ) 
[9] diff-output of <AffineTransform> ( min -0.999302, max 0.964603, mean 1.11818e-11, stddev 0.0109595, skewness -38.2055, kurtosis 4816.67 ) 
[10] diff-output of <Softmax> ( min -0.999302, max 0.964603, mean 1.11818e-11, stddev 0.0109595, skewness -38.2055, kurtosis 4816.67 ) 
VLOG[1] (nnet-train-frmshuff:main():nnet-train-frmshuff.cc:349) 
### Gradient stats :
Component 1 : <AffineTransform>, 
  linearity_grad ( min -1.1155, max 1.79084, mean -0.00903464, stddev 0.13238, skewness -0.011886, kurtosis 2.80301 ) , lr-coef 1, max-norm 0
  bias_grad ( min -0.878916, max 0.649778, mean 0.0094739, stddev 0.149006, skewness -0.218281, kurtosis 1.53601 ) , lr-coef 1
Component 2 : <Sigmoid>, 
Component 3 : <AffineTransform>, 
  linearity_grad ( min -1.26304, max 0.577193, mean -0.00166599, stddev 0.0814683, skewness -0.408114, kurtosis 4.91086 ) , lr-coef 1, max-norm 0
  bias_grad ( min -1.35085, max 0.570071, mean -0.00650162, stddev 0.177206, skewness -0.422252, kurtosis 3.14193 ) , lr-coef 1
Component 4 : <Sigmoid>, 
Component 5 : <AffineTransform>, 
  linearity_grad ( min -0.712041, max 0.623075, mean -5.26311e-05, stddev 0.0689586, skewness -0.0518681, kurtosis 3.14832 ) , lr-coef 1, max-norm 0
  bias_grad ( min -0.900951, max 0.64969, mean -0.000251115, stddev 0.197479, skewness -0.163332, kurtosis 0.493284 ) , lr-coef 1
Component 6 : <Sigmoid>, 
Component 7 : <AffineTransform>, 
  linearity_grad ( min -0.968771, max 1.079, mean -0.000853365, stddev 0.0721131, skewness -0.223546, kurtosis 7.14281 ) , lr-coef 1, max-norm 0
  bias_grad ( min -0.996111, max 1.09007, mean -0.00450626, stddev 0.219351, skewness -0.16323, kurtosis 1.83461 ) , lr-coef 1
Component 8 : <Sigmoid>, 
Component 9 : <AffineTransform>, 
  linearity_grad ( min -4.43166, max 2.47335, mean -7.21802e-10, stddev 0.0556593, skewness -15.1289, kurtosis 711.621 ) , lr-coef 1, max-norm 0
  bias_grad ( min -4.43157, max 2.69119, mean -1.51117e-09, stddev 0.212203, skewness -5.73782, kurtosis 101.977 ) , lr-coef 0.1
Component 10 : <Softmax>, 
LOG (nnet-train-frmshuff:main():nnet-train-frmshuff.cc:357) Done 9996 files, 4 with no tgt_mats, 0 with other errors. [TRAINING, RANDOMIZED, 8.0265 min, fps19047.3]
LOG (nnet-train-frmshuff:main():nnet-train-frmshuff.cc:366) PER-CLASS PERFORMANCE:
@@@ Frames per-class: [ 565947 488 1856 2655 3568 781 1492 366 1178 2601 6093 275 1750 2781 625 562 407 2075 713 1564 3910 315 721 484 3131 1228 388 886 1838 5544 1216 582 998 1423 2274 2478 2622 648 1450 1302 3270 319 837 506 1459 1185 413 2751 2642 2203 1697 113 5227 1522 5320 974 5444 610 2375 3574 2645 5196 2948 961 731 1034 885 1070 246 1967 4634 2320 1158 297 837 4047 1525 649 614 329 1269 241 5288 211 2298 1571 3925 5375 490 2188 672 1219 1570 1059 214 2868 2349 1561 1557 443 673 446 850 4317 148 823 1698 8558 1527 0 2752 1090 2060 2968 650 3118 497 1859 3307 2522 2642 0 502 1250 502 1164 1593 1240 1894 425 764 405 3235 1498 1909 286 628 631 1133 408 1937 5169 907 577 7189 707 2964 1322 4240 1153 1437 2810 2452 800 3284 2090 488 3356 216 200 1059 329 1589 0 2074 357 1356 254 199 1331 812 1760 1611 389 691 0 0 0 935 4378 450 2722 3 1794 718 428 600 126 1580 3676 736 1947 258 4769 2271 2576 1561 4241 384 1310 5646 1701 3079 0 1076 2731 532 7527 0 2363 3097 163 2514 164 703 969 2310 6817 456986 521258 457790 3007 267081 806 2722 3400 2626 2194 884 12081 14170 2836 916 1080 1386 2009 2615 5895 547 3387 1384 774 2474 1007 2048 1851 1941 1387 1719 3968 9195 2158 2714 464 1071 1666 5826 953 5295 1610 844 1360 4983 1283 922 757 1279 3052 1651 878 958 3480 1368 3789 7258 1366 4759 1405 3640 2311 1961 3572 1357 2092 688 1531 2457 1279 1127 2663 707 1059 4114 2466 8365 842 3733 1395 1405 2049 1936 4111 695 3742 3920 2452 691 5044 3739 574 2752 1057 11963 1165 1200 1094 2323 2129 4045 1147 2060 3856 5067 1012 1343 4417 507 5785 6804 3409 620 684 1099 1456 1313 2262 2997 2296 3680 5183 1546 817 1985 4782 2240 424 796 983 1542 3053 1395 3845 4599 910 2240 2268 1572 4457 942 8678 1016 2652 1695 2753 2160 6505 1581 815 389 2237 6126 935 3220 926 3457 781 3001 1781 1857 991 4395 5194 5886 1572 1385 4408 568 1182 2356 548 466 9540 6101 5919 2224 1117 734 2194 4812 1222 1826 931 1372 2310 725 1123 3533 1450 3700 2209 2969 3288 1248 1832 1013 985 1170 6258 5116 863 3733 4208 1999 4130 2366 1045 2905 460 2195 1416 873 1511 1830 1102 1103 4889 3334 724 2791 2785 1854 4383 1146 2259 652 1058 1069 3320 2956 2959 2039 2309 1423 378 3871 1374 1954 1037 362 2170 531 1351 1300 1160 1107 3253 2243 1083 1565 1956 840 1071 797 758 1662 510 1633 1577 782 941 1778 458 4905 1283 2685 1150 4278 2389 2779 1293 575 617 1748 3773 706 1488 1964 5177 1454 1478 907 3027 1330 2638 1517 760 5005 4870 542 5973 1408 822 1048 501 1852 1881 7399 1286 518 1293 4660 1265 462 2474 897 2851 7526 597 1847 1938 3365 1063 718 832 1714 1671 2185 316 1406 3713 1710 1093 1209 2779 3231 1193 1774 523 3055 1807 1242 1638 690 1784 2443 5860 237 834 2022 1533 7884 1481 5986 2881 1432 2162 5323 1056 883 468 2279 936 4949 2126 4534 3594 910 1903 1383 3292 1742 794 5511 3029 1841 758 5233 2350 6871 1635 448 2062 4300 2383 1040 2219 531 6194 1951 3740 1741 928 2361 550 1009 476 422 4745 2207 3135 4979 3034 904 833 1977 3512 2834 1203 3588 1709 4690 721 4587 940 780 1690 842 2192 2055 1022 666 6489 3179 1739 1072 1686 1401 3497 852 2930 1689 2321 2712 912 5215 864 856 1363 1158 1790 1447 893 5717 2142 796 3762 1980 1338 1473 2273 1807 1778 705 5227 740 3426 1105 3377 389 214 2219 2097 5121 349 2093 2243 1645 1155 1494 740 1376 1274 2612 1287 2149 3853 1211 888 2298 2586 5092 961 4597 1455 1310 513 3549 4555 1052 2680 1493 1955 3664 821 977 251 558 2583 1649 3945 4664 2782 1065 6695 1722 1408 6466 2230 3325 2485 1083 3540 3341 639 796 3632 544 5317 252 2049 3176 569 980 1441 4474 1256 1079 1369 1392 1467 796 4797 1843 6202 3201 3167 2427 3000 630 2873 1561 2473 3445 4575 1056 1345 1787 9409 1435 2075 2351 1716 5718 1116 523 606 1464 344 6396 687 942 786 1742 857 5623 1079 1377 1532 760 1537 5283 3383 1336 1696 1089 1654 5214 1628 1073 1687 1268 3150 2122 2959 1047 5780 760 2154 2320 3341 1786 3647 407 1146 2159 2296 1319 1417 405 2610 1412 1569 2257 1018 417 1735 569 917 1556 1154 941 2360 3615 407 624 737 2779 2085 2323 1268 938 3202 3287 3835 532 652 3276 1566 5009 1727 424 1105 1850 2810 1625 5301 1910 928 1328 1025 790 4473 2823 5226 955 3949 1577 561 1852 1243 12846 3513 1837 2691 4696 2810 2167 364 721 1233 2556 977 538 2001 948 1457 1554 829 1559 1904 1390 1614 1126 907 1129 2803 2316 3477 860 2720 581 3954 442 987 1590 5186 1550 5255 1331 1314 2612 438 580 1501 2370 2136 3039 2817 1957 2556 1384 345 373 707 2206 714 1059 3662 3193 1348 1228 2066 1625 1228 1769 4482 927 2151 1790 3480 1153 4341 1177 3635 194 1782 2352 1010 510 1603 1247 3782 1991 1307 645 767 787 647 4112 6542 6158 2615 3649 3004 770 3671 697 2684 2461 2004 4318 2822 1474 2478 2663 1005 1526 1287 1869 1798 1381 2329 2502 6950 3292 1682 1617 3635 2217 2554 1355 611 992 1868 1451 3096 535 464 6610 850 2089 1563 1369 1774 359 2140 1924 1982 3864 3249 2231 1309 960 1136 867 1090 1773 1246 669 1346 1106 999 1450 2672 2220 4860 4012 5758 417 866 588 857 1560 2491 1469 960 796 792 2109 4809 1608 3596 622 852 2288 3194 1040 1371 1800 306 1648 13748 841 1477 2744 1961 1258 1618 813 668 180 1742 1301 1411 583 2428 2314 529 1484 2865 1144 2331 757 504 3383 7446 961 3161 1982 1486 1203 3120 4134 1064 7890 2095 3005 1419 854 2826 1733 1734 4569 3390 1568 1082 443 4562 596 1696 3461 1965 729 4281 2872 4321 10804 1439 2193 1279 1224 647 2216 666 980 1102 523 723 1649 2346 2039 721 2250 438 2214 970 886 1156 781 1945 2164 2728 2087 1722 815 3635 960 986 1950 4354 2593 1676 1695 927 1235 891 3646 1345 2269 928 1211 1006 988 4043 251 2576 1821 772 2564 1488 1179 5225 2868 702 1607 2803 1757 2892 606 725 3310 6702 882 1544 1946 967 1608 1446 1674 1037 1892 25831 2168 1720 3053 5336 9184 1336 696 728 2765 702 1173 2913 4126 1888 767 1027 768 1408 2697 2542 1875 493 4119 673 2647 1984 1284 4695 1568 1540 3999 1796 364 1240 892 5170 1427 1450 922 4511 2470 1012 5100 1479 2281 2349 1471 1022 584 1087 1089 1607 1582 1487 3695 1709 1062 490 787 450 1061 4775 2048 3192 1408 1607 4405 3421 1158 439 2724 121 3504 2856 1621 1873 2965 747 821 560 4699 417 1614 579 2153 468 236 735 729 1184 6841 1127 790 521 2414 12590 1228 2492 9263 1802 1239 2463 1731 426 985 1252 2464 399 863 1346 2443 2530 3979 3347 2064 1457 633 664 1619 519 1495 2600 2249 1447 537 625 1022 309 5397 628 1057 6266 5232 2355 512 492 556 756 2648 2243 2021 1097 648 1641 1100 2418 3479 1159 246 798 621 1521 392 1107 209 2280 1084 4239 4340 516 603 615 2615 1630 9815 6536 2931 1345 2581 2253 1078 1049 814 1645 620 4080 2424 461 2396 1288 1593 2381 1129 4140 656 1715 2828 3902 7210 3110 2626 2342 789 7704 1765 2172 1084 4217 1129 5474 278 1360 1202 1519 6182 1087 361 267 1424 1371 1510 2905 1784 360 490 2399 1321 4188 1222 4590 1455 1041 1340 1045 2495 5940 1032 722 3077 1289 5383 998 2269 3677 678 849 1547 685 1141 2040 1235 1398 1205 705 3556 429 3420 1905 688 1499 1067 1675 2514 1643 2531 365 2244 2679 7052 2466 3034 1250 3468 1008 1355 815 700 471 2091 1834 2880 598 1610 4539 834 2860 701 3463 2072 1630 5839 3312 636 1584 2882 969 738 2142 4170 836 2388 652 1440 789 1133 967 1412 982 1062 387 1749 1077 2078 1954 1744 848 5209 2447 799 4505 853 2466 4754 3943 734 688 1388 492 1093 1102 1728 662 1163 2823 3096 1505 3639 924 1356 1211 932 1240 890 2025 1653 1133 774 711 4976 2049 1194 1959 2338 2719 2832 1322 4493 10160 1333 673 6167 1140 2433 392 3518 774 1011 357 727 1048 8630 748 1380 983 2324 775 1348 724 1421 480 901 4747 923 1315 844 1760 2875 762 1470 1527 956 1209 1665 8933 3283 945 1328 395 1249 2934 3612 1242 472 1087 2103 3023 1054 1244 4243 1258 1286 3573 2005 1102 5365 3159 2202 1951 1359 2009 847 2157 2213 4676 7935 2414 2365 1205 1291 1732 1202 1273 460 661 1013 1250 7269 424 2763 1511 3886 358 1846 7376 2224 1870 1580 531 2115 1696 1143 398 2370 1493 1181 1582 1971 894 2301 1298 1821 2372 844 564 3693 1439 3123 1116 487 1694 1023 2536 2421 1453 3031 957 1413 1411 1558 2961 2019 1559 2810 1075 1268 2291 3711 1144 838 1815 2740 2680 386 860 1181 221 2668 2695 504 448 2795 2334 603 2111 3982 2586 2173 2751 568 611 1484 594 1346 665 675 1032 2794 1105 793 2162 2104 720 3548 1625 2442 6200 425 3607 1457 787 2666 1578 3275 1233 2291 958 642 2109 1032 4100 959 1005 7944 802 945 7081 890 1477 794 2864 2093 2411 1137 162 1634 997 312 1648 6181 1400 1195 315 1848 2029 1120 1430 2429 2755 1040 1039 884 5154 1653 2471 362 4520 2676 1358 4638 667 1346 2032 3828 1701 1895 463 339 3390 845 1083 890 2640 869 947 1978 1450 1394 1092 1795 579 5332 1984 1149 383 982 4384 717 1988 864 1892 1484 1219 4103 9665 842 1041 3082 2885 1987 1322 696 836 1268 1338 1254 2606 949 2818 3056 2264 820 2171 1978 1896 1014 471 1582 864 2126 10030 1910 249 2164 761 2268 1685 370 3007 6240 2600 2789 1952 10222 2530 602 810 3208 3269 1206 1725 628 1981 590 732 818 1942 2305 1184 1386 839 674 690 1038 838 691 9572 3855 1985 1477 972 655 934 515 549 3124 1817 1285 1010 396 1557 1158 703 2150 745 2869 1262 3799 1077 1454 5829 3440 2236 1695 1208 3307 4375 477 2950 1672 1630 662 1360 1384 1945 1000 1007 8439 762 2853 3017 1814 995 949 1613 1216 3178 289 647 3028 2883 1825 3980 6072 1910 1811 1107 951 2062 2289 780 2344 1572 2312 2003 624 5885 3440 2808 509 6115 2247 1202 1605 915 1123 761 1158 977 1627 2912 641 654 680 1927 4161 589 5466 830 1656 736 355 1137 2164 517 2620 5151 613 1322 714 2117 833 2199 1599 3647 1024 1657 1010 759 1162 4314 4231 6213 966 1265 867 2179 3225 4039 2277 1419 2397 446 486 2868 714 3047 547 2428 2300 2427 1217 7220 474 1634 3104 578 827 615 1030 997 610 3038 438 3841 664 1364 3897 3540 2507 3874 1265 1956 1513 5057 2563 737 888 969 1294 1722 993 7629 1991 3141 267 686 1608 5183 279 1959 1180 1034 830 1108 726 1777 1386 611 285 1003 1403 326 2944 940 2920 3311 3176 1268 2215 720 2252 5142 1059 3411 1446 3119 1727 3634 602 2321 2200 1255 1613 1776 2280 1504 467 1141 1456 1492 1286 662 5655 3089 495 1350 1001 9277 848 912 2309 1058 1399 1959 638 1791 545 2862 2310 746 1616 2052 5449 1260 1255 3379 1751 1337 1938 738 3484 1951 3157 266 1704 940 8750 745 3461 1382 338 320 723 3190 1126 3202 3269 610 938 682 533 1199 707 324 6037 514 1694 633 398 631 1022 5583 621 547 1058 8594 1514 1024 1524 5619 1797 810 930 625 767 2469 3852 2711 703 2282 2933 2985 1282 2704 1812 3168 3934 5663 1646 2580 1446 318 2479 2363 966 2011 496 437 1144 2147 784 3748 2893 5543 2302 4612 1146 2394 432 2109 991 5035 1114 2154 511 2139 2681 2316 1244 1481 1022 3266 701 1112 874 2343 3357 1849 9651 356 2821 2464 2363 787 479 5054 934 1128 1411 497 548 1298 4131 952 1182 3451 1500 805 4440 240 4433 766 2006 2532 1375 1282 2519 441 1343 883 1934 5963 584 3273 537 544 1023 923 4234 467 1171 2500 5322 2212 3384 1655 2157 1181 1008 1662 836 2243 3013 4646 571 6110 1382 4410 3389 643 3541 4609 1452 1604 3044 663 734 1778 1334 826 1392 883 1260 1922 1062 282 1130 7723 2146 3967 2064 1501 726 6774 3274 3951 447 2538 950 2069 500 2974 2144 2571 2280 772 3164 6438 3750 5562 1567 4944 744 475 2717 1924 1989 989 1833 3019 1019 2023 1637 1188 4184 2163 509 2230 9967 974 1145 1755 1817 1647 1315 6920 1275 6124 1775 617 1805 7066 8526 1677 8634 1016 621 3220 698 1226 3523 583 1972 3493 1631 1181 1376 3035 1040 1236 3591 2252 1778 184 5618 2546 3420 3074 1087 1806 3141 3868 4527 1624 911 5335 2284 2266 4224 1788 3877 469 717 986 1358 574 1667 5963 1110 1855 677 637 3072 1587 1585 1333 3915 3784 2008 1297 1434 1242 1784 1490 3651 543 1764 4502 2713 702 2793 2654 2010 1447 1570 3913 1998 3164 663 2297 1818 1338 1484 5830 2250 501 4111 965 1111 802 1914 2302 1804 777 874 2596 2773 1759 7106 4864 3059 1259 1607 3802 2004 1689 4416 3772 453 1907 4327 860 1476 1793 3242 5594 885 5884 5134 1264 1056 3366 3445 1763 677 1609 1396 807 2498 3930 6171 1226 2063 1066 1422 7722 685 5884 1294 468 4375 1082 2133 2685 933 1032 1350 1187 1456 430 1094 2376 6717 3717 2148 750 2829 1890 2546 1391 1207 3372 2294 2908 1878 836 1883 2834 3854 2415 3451 461 2654 2365 3672 6326 1238 8996 399 2134 990 479 1009 4218 1853 2771 1034 3783 447 1902 714 885 1732 1024 1374 395 1484 1334 612 1568 897 5502 1857 5095 3170 7672 945 1111 3754 727 819 2281 1199 9064 2375 2368 1680 2254 4605 1924 7118 4203 1201 1645 2112 921 640 2501 735 707 2568 1334 968 567 438 2803 1090 1099 4986 1520 1321 1062 4113 1609 401 491 308 7307 1560 1150 1970 1825 2177 1602 3313 1292 1891 1352 338 3663 1268 3012 2078 2392 1570 1522 3156 2311 1428 2028 1219 970 3104 2312 700 643 4013 1743 963 1459 611 1401 3834 415 3036 853 1532 4730 3047 552 1316 1239 3688 1204 2686 466 1280 2088 1951 1757 2895 1453 2412 1909 2446 1202 1353 2416 841 1495 3598 1600 1796 2336 1267 332 2473 5087 2710 1499 2886 4271 1851 3257 4208 1455 5731 245 2094 2281 2159 1571 1345 2045 2460 2748 1478 1000 584 225 1123 1475 674 5770 558 1295 4172 492 4266 602 1347 1846 2675 646 932 1469 1704 1203 458 730 2135 968 2227 693 4787 681 1403 965 1331 274 762 1327 5023 1977 1279 1073 1399 2732 1459 4892 1066 519 2324 2060 701 1621 3157 1536 2132 702 1712 2520 2911 1523 3604 1463 1321 539 1930 1439 947 1199 2178 887 690 2163 769 711 1258 5303 2337 966 905 2608 1382 485 877 1874 2954 2161 6412 1524 607 2271 963 2337 1229 10114 639 975 1622 2680 2838 1392 638 2486 1983 1277 626 3335 3870 1985 1859 4057 2132 9072 2734 1594 671 2262 1780 761 1079 1699 350 926 1891 785 1396 1691 412 4823 990 3236 849 424 2395 1107 2580 2907 2942 1881 872 3169 1151 990 865 2168 1899 3659 4060 3625 4183 2524 1459 2509 1153 3580 4738 5649 1394 1415 2259 853 576 1602 2298 733 816 13813 4516 989 903 988 3857 1108 2735 1633 2980 2193 2030 412 2072 418 4306 6021 1817 1338 4528 2952 773 526 1026 891 8220 1243 725 3632 1391 1569 3378 1253 817 2786 1134 3776 722 1053 1074 1762 738 943 787 970 1741 2845 1994 968 2138 350 1424 4936 621 3495 197 3013 2615 573 2372 1957 1345 2558 4276 2112 3206 1601 2453 2461 1987 2418 3393 1063 389 624 1084 3434 761 455 682 3641 1288 1076 2498 1065 1635 1901 3161 2980 2732 605 3995 2330 4378 7168 4495 1126 1596 2523 1829 3797 5331 4234 2433 1515 1633 1720 1330 3338 1710 733 2433 7992 991 11164 732 614 3046 2761 3368 557 3081 1779 1636 2619 694 2075 2362 964 3432 2683 2427 1289 781 1884 1658 1121 2527 2059 5831 5704 2017 1483 1595 878 609 1121 465 2245 3080 7299 741 2324 1876 1148 1753 3183 954 2198 506 3727 2952 9207 787 238 4663 3014 1682 3861 2027 464 1143 548 1306 700 2700 1994 1951 1178 3376 2464 519 2054 1320 2098 554 2696 1810 2339 1325 814 1441 1412 2038 2703 1870 1148 3441 964 3670 5162 1273 1146 989 1599 1142 1667 1148 990 2367 3765 3848 2964 1386 1060 2371 8207 1375 2141 3477 2472 1282 2267 5056 628 957 2283 3960 526 3164 1455 951 3883 1189 620 909 2379 510 1578 758 652 895 2566 1522 792 2563 2780 4804 982 505 588 2630 3015 2535 2394 3194 2051 3471 813 1516 2885 640 1601 1908 2467 516 1683 4072 1079 1507 3035 1727 2325 1558 2674 508 3277 1316 901 913 2057 2007 3636 288 2914 2134 3067 1325 380 813 461 441 1578 683 3346 1235 1952 584 951 4014 823 1855 2148 577 2449 2360 5508 1299 645 1791 3335 2051 1302 3220 2015 2688 1021 352 2021 2898 787 1061 646 4915 2483 2662 1268 1165 932 2069 1707 402 4160 2874 945 624 547 5751 318 4349 1503 721 826 3154 1568 2131 644 905 1709 833 984 757 2364 2398 1390 2286 3031 2180 1097 570 864 1239 1227 440 1209 1473 1391 1240 3103 531 1733 804 805 1338 2055 2229 2201 4351 2201 3254 651 1666 484 685 1718 1045 10341 637 764 677 1215 2002 2385 768 484 1045 1684 3870 1407 1250 2014 902 2775 278 2175 3293 4505 2886 1788 537 1398 3274 1536 4443 2513 1812 1374 909 3252 920 247 2578 1750 1088 2050 2754 1564 933 3000 3264 941 1662 4985 927 1472 1622 2111 489 4456 980 2287 2112 1263 594 2851 1090 4078 347 5188 3690 198 3308 361 2319 2741 3570 331 1381 681 1930 2974 2244 680 3759 540 3619 3032 985 446 1778 2387 714 935 3604 1086 642 1437 991 1602 779 2764 268 3129 1640 2952 756 83 699 5760 6155 2075 670 2355 500 1234 412 6263 ]
@@@ Loss per-class: [ 0.632525 1.53835 1.07049 1.19156 1.01332 1.31014 0.820544 1.60563 1.13914 1.14139 0.545098 1.52565 1.12379 0.763769 1.968 1.8037 3.26535 1.41035 1.39565 0.814079 0.699037 2.86407 0.846598 1.00359 0.793272 0.949117 3.25282 1.09029 1.69774 0.921411 1.16615 1.35816 0.801651 0.920989 0.931697 1.15484 0.660389 1.31123 0.93015 0.621529 0.762915 2.66662 0.824873 1.24074 1.04278 1.01186 1.91989 1.1336 0.670931 0.750133 0.967528 3.61281 0.800335 1.44423 0.743038 2.237 0.695659 1.90443 0.568172 1.22405 1.80237 1.66614 1.29569 2.61772 0.989192 1.14564 1.7115 1.04141 3.25122 0.940702 0.868365 1.15965 1.70174 3.7112 1.55533 0.765893 1.13251 1.48806 2.47539 1.50307 0.847259 1.51313 0.727683 4.18976 1.33984 0.783022 1.27391 0.819954 3.20778 2.24882 1.63233 1.73407 1.80452 1.70488 3.36022 0.974104 1.24608 1.81066 1.09426 3.24504 1.07488 1.14188 1.54869 0.707299 4.01093 1.14825 0.659046 0.666608 0.550517 -nan 1.3733 2.08325 1.65151 1.12693 3.02351 0.814355 2.77786 1.14814 0.864772 1.13165 1.01093 -nan 2.62927 0.742688 1.42225 1.11282 1.07416 0.958421 1.06214 2.65604 1.12557 2.79188 0.586136 0.493233 1.99196 3.31288 3.00063 0.624547 0.727852 1.90789 0.749815 1.57882 1.58351 0.876152 0.96363 1.36389 0.981433 1.57841 0.47641 1.38608 1.07935 1.50604 1.58814 2.62032 1.17971 0.982539 1.7578 0.646239 1.74038 2.17984 0.729467 1.98433 0.667349 -nan 0.586498 1.90257 0.76339 2.18018 2.86858 0.740405 1.40628 0.466345 0.713926 2.37924 1.71049 -nan -nan -nan 0.649757 0.940244 1.24351 0.474627 9.45281 1.94701 1.75685 0.659776 1.63195 2.43685 0.617351 0.732123 1.65322 0.959284 3.6274 0.746864 0.879754 0.998033 1.58706 1.31743 2.69672 1.31 0.831815 1.52983 1.02778 -nan 1.28092 0.829235 1.44769 0.794078 -nan 0.80309 1.01384 3.03431 1.19036 1.63351 1.21976 1.80938 1.88647 0.804483 0.665904 0.277566 0.537183 1.97947 1.00375 2.13297 0.560493 1.55666 0.833279 1.18739 0.649139 0.484153 0.961305 1.06269 2.59257 1.01554 0.723167 1.84517 1.02706 0.824704 1.02777 0.598883 0.884355 0.810659 0.523637 0.461534 1.51949 0.887699 0.431818 1.55121 0.556858 0.981381 1.39199 1.0171 0.674289 2.03243 1.20949 1.12926 1.11555 1.55602 0.539138 0.610056 1.26477 0.843698 1.2438 1.47434 1.21794 1.19756 0.686552 0.533615 0.707016 1.3765 1.73011 0.573736 0.73595 1.65224 1.18717 1.32836 0.38793 1.18274 0.708604 1.22037 1.32656 1.41342 1.25158 1.1724 1.81009 1.12362 1.991 1.04581 0.766501 1.47311 1.47533 1.03359 1.81683 1.22545 0.977281 0.843351 1.70758 0.919463 0.938495 0.778944 1.19939 1.42851 1.11121 0.747584 1.43602 1.70667 1.99641 1.42661 1.40737 1.16976 0.648573 1.51281 1.03931 1.26023 1.49132 1.1938 1.34199 0.906455 0.94802 1.81527 1.18634 0.874769 2.02042 0.855669 1.18149 1.72765 1.31821 0.796674 1.04851 1.80346 0.629977 1.50207 0.787365 1.172 1.43453 1.23384 1.08486 1.95152 1.09964 1.229 2.45162 1.05572 1.39004 1.28413 0.530653 0.861012 1.3589 1.63827 1.22206 1.85197 2.0391 1.06274 1.06663 1.25138 1.00184 2.00683 2.40802 0.914013 0.638282 1.18111 1.04668 0.370968 0.533146 1.28239 1.86842 1.58031 1.95645 1.64999 1.82083 2.26788 1.62156 1.99263 0.867187 1.55179 0.84195 1.22826 0.554811 1.73066 0.683233 1.15876 0.744571 0.96614 0.720445 1.09907 0.92082 0.792967 1.73184 1.2428 0.70645 0.859101 1.25455 1.20232 1.05811 0.561383 0.907051 0.842071 1.49229 0.575224 0.503772 1.4368 0.70782 1.38976 1.1272 0.839029 0.640158 1.05317 1.00287 2.16634 0.794459 0.932785 1.37561 1.62174 0.984924 1.65136 1.24832 0.960677 1.29312 1.65936 0.810881 2.42633 0.820471 1.63676 1.67691 1.11897 1.18341 1.24439 1.58372 1.74911 0.941231 0.665752 1.63073 2.23758 1.91853 1.34163 0.776355 1.50594 1.27275 1.60271 1.98422 0.900383 0.909102 0.644027 2.25846 2.28519 1.24055 1.72962 2.44786 1.59423 0.978981 1.47068 0.760562 1.61703 0.830048 1.99119 1.14083 1.31928 0.862863 0.690207 1.98263 1.12282 1.37037 2.11295 0.949481 1.0243 0.844372 0.940401 0.857329 1.58409 1.54499 0.890384 1.11742 1.95216 1.95359 1.52958 1.48846 0.971039 1.81869 1.22614 1.85235 1.14423 1.04751 1.14121 0.492702 0.378044 1.97092 2.32571 1.07938 0.959313 0.963618 0.609091 1.85054 1.11859 1.03278 1.70117 1.45815 1.58419 2.21141 2.00599 0.867101 1.35421 1.02468 1.8127 2.65718 0.541239 0.991351 2.00308 0.933246 1.05187 1.13423 1.38315 0.790959 1.02932 1.12769 2.02768 1.75446 2.40152 1.39862 1.44891 1.56297 0.899237 1.72541 1.0094 1.41632 1.21175 1.49943 2.23679 1.0863 1.63557 2.10503 0.669088 0.855688 1.47634 1.09469 2.61112 1.96556 1.74347 0.883507 1.16402 1.32112 1.10035 2.30851 1.37189 1.82446 0.788414 0.424837 1.43762 0.762355 1.10973 0.868214 1.35436 0.645527 0.755809 1.55646 1.65569 2.47975 1.33295 0.602515 1.01339 0.689406 0.709603 1.06342 0.988825 1.0017 0.607651 1.0393 1.71525 0.749837 1.25967 1.91413 1.7785 0.909734 0.910425 2.04212 1.932 1.0503 0.73686 1.54724 2.22487 1.44971 1.71974 0.784154 1.43681 1.05923 0.684885 1.08559 1.01745 1.7284 0.72992 1.6119 1.21032 1.55668 1.20983 0.949618 0.792611 0.711073 0.61926 1.66229 1.6007 0.603109 1.05321 0.736201 1.51531 0.784621 1.36948 0.818063 0.940909 0.757014 0.638895 1.11503 0.648335 1.30514 1.27498 2.21104 1.80808 1.64796 2.15259 1.20224 1.53741 0.765987 1.56834 0.779169 2.51608 0.38456 2.03438 0.977869 1.02086 1.429 0.696951 1.42204 1.41315 1.88568 1.38428 0.612273 1.95764 1.62859 1.02887 1.10762 0.926258 1.57736 1.50663 1.01053 0.861003 2.20289 1.22525 1.43804 0.978573 0.877307 1.01779 1.15096 0.893014 1.46687 1.38828 0.651785 2.02271 1.59116 0.740792 1.5372 0.971673 1.36703 1.2331 1.46289 1.10999 1.08209 0.498807 2.78983 1.59293 2.44307 2.09538 1.69766 1.38487 1.19618 2.28049 1.08632 1.18244 1.07745 1.15101 0.723554 2.30561 1.44484 2.05764 1.32384 1.15529 1.62598 2.85755 1.0395 1.07033 1.85385 0.976688 0.795212 0.471524 0.648657 0.762768 0.559316 1.03398 1.11095 2.45133 1.88555 1.24164 1.02605 1.17371 1.01951 1.32997 0.583553 1.16889 0.981917 2.02362 1.75936 1.22371 2.14326 1.7389 1.02074 0.798812 1.42096 0.299371 1.20076 0.945082 0.690799 1.31364 1.41334 1.5084 1.05692 0.964402 1.60765 0.960168 0.437458 1.1159 1.63741 0.956734 1.23451 0.821822 2.19055 1.61463 1.37903 1.22319 0.734546 1.3457 1.54083 1.24229 1.23343 0.79837 2.04497 0.91202 0.864824 0.44871 1.6192 0.588631 1.2675 1.20261 1.80263 1.3988 0.622289 1.02866 0.668121 1.61923 1.18511 0.416581 0.890121 1.12459 0.773294 0.97139 0.937616 1.72382 0.563797 0.646951 1.55714 1.25756 0.678533 1.52321 0.706067 1.48883 1.26223 1.57359 0.881981 0.833043 0.989597 0.841502 1.00688 1.79049 0.789676 1.31797 1.47528 0.958865 1.64899 1.35491 1.46027 1.38718 1.63032 1.62788 1.01761 1.20223 0.884218 1.30933 1.63662 1.0186 0.868226 0.395727 1.38251 1.26048 0.815714 0.791347 0.723268 1.50998 1.15771 1.03937 0.808246 0.604437 0.923875 2.07832 2.00709 1.37155 1.67378 0.688257 1.19875 2.97629 1.18452 1.03363 1.44478 1.59449 1.11835 0.928976 2.32258 1.56162 0.994643 2.22419 1.06917 0.864897 1.83787 1.60064 0.666012 0.965946 1.23755 0.652303 1.17845 1.15831 1.05885 1.33478 1.51207 1.51606 0.456974 0.633195 1.73192 0.817699 1.04911 0.896378 1.14847 0.787699 2.40345 1.44786 1.06916 1.91893 0.555218 0.638007 0.906545 0.792917 0.906902 0.530161 0.831011 1.99764 1.27269 1.75575 1.13978 0.929681 0.575598 1.89669 0.787508 0.901676 0.750626 1.10692 2.10967 1.05146 0.945753 1.23397 1.53427 2.12659 1.4606 0.653053 2.11991 0.802943 2.05388 1.51774 0.556881 1.45846 0.691024 0.922093 0.810964 0.627603 0.738665 1.35833 1.07465 1.16798 0.873661 0.817718 1.12751 1.0724 0.75515 0.90204 1.67755 1.72999 1.91482 3.07109 1.0468 4.08011 1.78619 1.13521 1.14932 1.31821 0.938975 0.809068 1.40336 1.39666 1.34585 1.58335 2.19553 1.21742 1.48402 1.22828 0.457086 0.867053 0.955331 0.910532 0.694498 2.053 1.21503 2.24431 1.08151 0.641115 1.3457 0.600562 0.596537 0.567391 1.27472 0.56602 0.611545 1.19754 3.27585 1.41442 1.31014 1.44018 3.55625 0.422825 1.05964 0.896608 1.45096 0.730842 1.43549 1.38283 1.03198 1.95469 1.06404 1.01052 1.17522 0.953456 1.29428 1.10319 1.20468 0.968224 1.03819 2.07115 1.32938 0.843253 0.556879 0.748966 1.06333 0.994455 1.15456 1.18921 1.07816 1.0462 1.37173 1.33941 0.911083 0.883042 2.02804 1.58806 0.809098 1.14493 1.39857 0.862158 0.754291 2.06004 1.0091 2.15392 1.59295 2.19491 1.18815 1.07764 0.781339 0.826732 0.777664 0.806105 0.995888 1.66976 1.15697 0.876125 2.28524 0.855554 2.22487 1.12474 1.52718 0.993284 1.30428 1.1448 1.49807 1.46684 1.30615 1.18812 1.07048 1.62328 1.61373 1.92845 2.12501 1.01182 1.06248 0.708882 1.21382 0.749745 0.861268 0.901733 1.23623 3.04289 0.803818 1.8422 0.795826 1.21208 2.34216 0.974325 1.01127 1.805 2.0498 0.858605 1.55045 1.74498 1.65817 1.02296 0.893131 1.1373 1.44711 0.808844 1.05342 1.35932 1.43823 0.620643 1.18593 1.21484 0.887249 1.54051 0.70704 0.57088 1.22761 3.1995 2.02125 1.24547 1.38837 0.966433 1.44461 1.30923 1.3741 1.52065 1.34281 0.944405 1.17186 0.738881 1.10112 1.06827 0.612165 0.560777 1.03576 0.947089 1.25703 0.862488 0.53576 1.70089 1.3475 1.55672 0.752453 1.15427 1.75531 0.596022 1.18157 1.81363 2.25132 2.01304 0.491686 1.94564 1.18586 2.71468 1.65066 1.30777 1.19942 1.3476 1.94273 0.993185 0.854667 1.57273 0.733839 1.47478 0.872225 1.07926 1.63074 1.85767 2.12405 1.59856 1.34153 1.53885 3.09238 1.13827 1.19781 1.57266 1.503 0.876386 1.47132 1.25139 1.14961 2.20442 0.627101 1.866 0.8345 1.38058 1.68353 2.13725 0.717345 0.851753 0.49903 0.862169 1.88315 0.558573 2.00286 0.825945 1.20344 0.45827 0.9276 1.03145 0.653033 1.81069 0.755223 1.2328 1.24698 0.952961 0.589504 1.23172 2.13065 1.04128 1.01932 1.03553 3.15575 0.986221 0.973442 1.51401 1.05954 1.43132 1.35298 1.1306 1.99328 1.33163 0.45144 1.03245 0.719621 1.06099 1.14078 1.2215 0.853176 0.697038 1.67225 1.00423 0.88018 1.30225 1.47704 1.22613 0.897159 1.55192 1.05086 0.647642 1.56224 1.52493 1.38754 0.953212 1.45221 1.11879 0.840128 1.65631 1.05857 2.33087 1.89383 0.554188 0.626845 1.48338 1.16638 1.35305 1.10354 1.55717 1.10141 0.892271 0.932723 1.75893 1.18452 1.30959 0.989831 1.3092 0.982541 0.958171 1.01326 2.01987 0.985799 1.0601 1.58456 1.38236 0.841548 1.38701 1.03151 1.84164 1.80532 1.02213 1.57742 1.36107 1.14599 1.19894 1.2805 1.08341 0.675539 1.05874 0.960404 0.615707 1.02913 0.96752 2.35904 1.08179 0.917834 0.889713 1.2733 2.74634 0.953341 0.70632 1.35915 0.527785 0.750976 0.817375 0.688018 0.831742 0.738116 1.33527 2.05038 1.83959 0.875508 3.71231 0.954089 0.585183 0.662576 0.85778 0.89093 0.757895 0.977258 3.66572 0.596183 1.10344 1.18107 0.868 0.874689 1.23302 1.4887 1.28908 1.19697 1.52388 0.591029 0.745831 1.29895 1.07741 0.940499 1.19347 1.47277 1.33871 0.892042 1.62244 1.78967 0.721694 1.29807 1.36327 1.15311 1.19483 0.824687 1.58714 1.1929 0.998538 0.730859 1.0432 1.7313 1.79281 0.907787 1.32684 1.49099 1.56476 1.62499 1.00682 1.19253 1.66524 0.766113 1.58501 1.53459 1.32033 1.82976 3.32249 0.678736 1.97601 0.845053 1.68767 0.845711 2.17504 1.43837 1.25981 0.72493 1.9552 1.38024 1.08044 0.79418 0.952681 2.55679 1.34593 1.92328 1.87086 0.922151 2.39971 1.34518 1.1555 1.60975 1.27792 2.92506 1.69909 2.89396 0.815284 0.767125 1.49043 0.532842 2.34534 2.8936 2.00578 1.04585 1.65343 0.322939 0.996969 0.923985 0.504489 1.52858 1.47669 1.82328 1.16838 1.00952 1.71111 1.79997 0.988334 0.63015 1.47432 0.712387 1.96721 0.997583 1.37901 1.38547 1.52039 1.30795 0.944629 1.43456 0.790501 0.783755 0.86707 1.09398 1.14714 2.08874 0.711164 1.48239 1.11624 1.11312 0.810392 1.02626 0.601157 1.52581 1.59198 1.0504 1.1817 0.555678 1.45506 1.00807 1.03226 1.22871 1.2164 1.71621 1.01921 1.01806 1.97231 1.88202 0.809831 1.30905 0.514746 1.15338 0.961546 1.47516 1.26108 1.68841 1.3998 1.09441 0.859032 1.31232 2.22109 1.19245 0.792557 0.88627 1.77407 1.29159 1.21664 1.04217 1.39801 0.746917 1.87444 0.924053 0.957234 0.715968 0.740378 1.09883 0.973192 0.93843 0.781156 0.590247 1.21937 2.34581 1.18371 1.63369 1.19387 0.752215 2.14382 1.03702 0.663846 0.872161 0.881918 0.833384 0.958081 0.822017 0.915531 0.693649 1.35112 0.901156 1.06968 1.72708 0.914774 1.75193 1.25248 1.22657 2.0341 1.90716 0.697149 1.00842 1.29777 1.35239 1.01007 0.723453 0.953399 0.465302 0.53666 1.69538 1.46816 1.00859 1.3097 1.9344 1.40876 1.59317 1.59552 1.16083 1.54183 0.873502 1.48028 1.5782 1.03444 1.09845 1.60715 1.96557 2.22194 0.949297 1.48223 0.710499 1.27074 2.03587 0.946503 0.552968 1.74553 2.35588 1.30734 0.963708 1.27613 0.658866 0.527288 3.7319 1.52935 1.2063 0.866167 1.1952 0.990214 0.766015 1.23024 0.934629 0.51456 1.12882 1.82199 0.983476 1.82864 1.14945 0.760102 0.942915 0.997992 1.35615 1.12471 0.888177 1.37025 1.80149 1.29061 1.13847 1.11421 2.66742 1.35242 1.06809 0.854473 1.80268 2.1239 1.26901 1.07114 1.23691 1.42188 0.578397 2.73782 1.05005 2.44378 1.09244 1.18207 1.77529 1.03144 1.2379 1.3258 0.450287 1.2641 1.06375 0.944871 1.63122 1.88037 0.710987 1.0299 1.14641 1.33923 2.15903 1.20667 1.6747 1.178 1.72856 1.33941 1.86176 1.0627 1.28595 1.10337 1.39769 1.78115 1.4834 0.508048 0.646712 1.8194 2.29337 3.24129 0.935084 0.829158 1.13553 1.32935 1.45733 2.41635 0.67128 0.698876 1.43735 0.951236 1.16449 1.18106 1.81524 0.830843 0.725211 0.867922 1.07665 1.18746 0.909693 0.710902 0.865694 1.43459 2.08084 2.0559 1.03073 0.86236 0.696832 1.24668 2.05398 0.621679 2.2611 1.38564 1.65296 1.54639 1.53666 1.60538 1.91869 2.32003 0.749565 1.92149 0.870706 0.893839 0.673339 1.3083 0.656925 1.37842 1.61274 1.10714 1.13681 1.73814 0.959133 1.03964 1.27253 2.04155 1.39263 1.04817 1.19747 0.850637 0.533695 1.83427 1.03405 1.11035 1.20581 1.23076 1.34092 1.81611 1.23028 2.26402 0.557526 0.960355 1.37114 1.7466 1.85813 1.30847 1.31589 1.12592 1.075 2.30056 1.09502 0.89006 1.38265 0.499394 1.42641 1.86362 1.81435 1.67237 1.51006 1.04932 1.92649 1.33187 1.93684 1.05213 1.13681 1.99487 1.8365 1.25174 1.12801 1.18089 1.00042 1.14597 1.56534 0.979928 0.757862 0.458519 1.21521 1.24859 1.06796 1.16581 1.10711 0.655832 1.02015 1.02529 1.29896 1.6826 1.21345 1.20725 1.26268 1.54969 1.47764 1.20688 1.81574 1.54764 1.93729 0.846277 0.907838 1.22355 1.635 0.704109 1.41103 1.16258 1.28622 1.57023 1.62493 0.848941 0.613445 1.39558 0.845343 1.5598 1.27699 0.976318 1.71418 1.08991 1.77779 1.23843 0.815449 1.58677 3.17027 0.725435 2.37582 1.38626 1.63514 1.32163 2.44643 1.19669 1.3774 2.77768 1.39696 1.5937 1.41903 1.52366 1.14018 1.18322 1.40164 1.55349 2.12449 1.01913 1.26523 1.17869 1.07076 0.99448 0.73662 1.92836 1.27578 1.17099 1.32788 1.12318 1.70209 1.63224 1.39363 1.6305 0.84773 1.47863 1.93561 0.412322 1.14282 0.989603 1.09068 2.52281 1.28631 1.25237 1.2975 1.54364 1.51777 1.47821 1.52577 1.15327 1.1603 2.26324 1.52175 1.2835 1.20495 2.47307 1.28027 1.32198 1.26957 0.616746 1.07278 1.26152 1.72752 1.2328 1.71401 1.05426 0.981364 0.919401 0.568021 0.882116 2.30286 1.28823 0.802228 1.51054 1.38367 1.20317 1.72011 2.35848 1.37301 1.1206 0.641412 1.06877 1.03344 1.31894 1.22809 1.31463 1.42132 1.32698 1.15083 1.33888 1.35556 1.36463 1.81371 1.38488 1.07792 0.860147 0.698623 1.35984 1.30279 0.667968 1.27482 0.966706 2.06806 1.05953 0.751878 1.4443 0.974079 1.73157 0.862039 1.3473 1.77621 2.43787 1.11031 1.58782 1.20055 1.15653 1.78519 1.27968 2.46164 2.80381 1.15284 1.3983 1.06691 0.79839 1.02722 1.20105 2.03594 1.46658 1.14887 1.54106 1.0304 0.572383 0.701964 1.35827 1.22705 1.52454 2.06033 1.31652 2.12821 1.53164 0.589556 1.29234 1.59283 0.918262 3.43678 0.900921 0.803424 1.33245 0.907902 2.2874 1.92849 1.53627 0.645356 1.62258 1.74974 0.400372 0.865449 0.755033 1.27441 0.67226 1.51725 0.742414 1.35097 1.429 1.66833 1.70987 1.24558 0.561996 1.12595 1.03776 1.93826 1.6553 0.793548 1.69387 1.39561 0.937636 0.699631 0.852253 0.65563 1.45248 1.78573 0.94986 0.786446 1.09124 0.787221 1.12486 2.25003 1.34871 1.17987 0.736198 1.81345 1.28197 1.37491 1.35717 1.19457 1.12622 1.33355 0.544835 0.554025 1.48426 1.6143 0.702551 1.2617 1.32587 1.77412 0.632077 1.33382 1.37415 1.53046 1.4371 1.11978 0.839025 1.03089 1.38364 1.12325 0.841834 2.07655 1.85444 1.68189 1.137 0.895585 2.69036 0.711741 1.33338 1.61373 1.33977 1.97472 1.51317 1.25322 1.32462 1.44223 0.584647 1.39822 0.958953 0.791884 1.42051 0.913604 0.952468 1.61724 1.35161 1.20813 1.71736 1.65722 1.24257 1.23927 0.46178 1.75304 1.02253 1.4596 1.69875 1.01185 1.47423 1.45212 0.89133 1.46503 1.7239 1.70057 1.87071 2.53895 1.6645 1.60609 1.42403 1.23379 0.954951 1.02592 0.810954 2.02186 0.643962 1.69131 0.829005 1.61434 2.8778 1.73015 1.9066 1.83487 0.635244 1.44732 1.29127 1.55438 0.764985 3.14741 1.26783 1.02053 0.977823 1.5093 1.56752 2.70125 1.0126 1.17925 1.36924 0.725054 1.54943 0.911704 1.01682 0.72263 1.94212 1.67823 1.0623 1.59404 1.13406 1.0918 1.47962 0.883114 0.653421 1.80573 1.08254 1.40587 0.853071 1.76977 1.73199 1.50451 1.52381 0.728729 1.19974 2.28304 1.30361 1.38414 0.760863 1.34728 1.33282 1.37213 1.8326 1.54938 1.41552 0.751179 1.67027 1.71755 1.3467 1.61351 1.19276 1.38597 0.801098 1.08469 1.26971 2.28958 0.491672 0.602006 1.25937 1.61577 1.5092 1.62787 2.59366 2.04652 1.80102 1.917 1.4563 1.14664 2.81234 0.906422 1.41576 1.15139 1.23281 1.09759 1.23882 1.02188 1.86328 2.11777 1.13979 0.902137 1.62103 1.67659 1.81568 1.60266 0.880745 1.02984 1.8491 0.857375 1.18619 0.848227 0.628823 1.7279 1.16077 1.51475 1.29658 1.90774 1.31922 0.906776 1.15729 1.24632 3.36123 1.36714 1.75603 1.06647 1.41329 0.638036 1.6817 1.83526 1.62176 2.14808 1.2122 2.4701 1.30438 1.26456 2.15237 1.06603 2.24447 1.69909 1.35634 1.7471 1.0136 0.749783 2.76751 1.08531 1.16366 1.65116 1.67652 1.61345 0.802163 0.862997 1.47506 1.78386 0.698316 1.80224 1.1944 1.29873 0.784096 1.61334 3.14633 0.993319 1.99069 1.42387 1.43404 1.26455 0.98104 1.48731 1.01063 1.41665 1.15636 1.03659 1.75766 0.959288 1.05669 0.615915 0.942248 1.27309 0.917535 1.15897 2.07016 1.54841 0.760563 0.990388 1.67121 1.14342 1.19866 1.47679 1.74831 0.951411 0.843635 1.00624 0.66726 1.71777 1.42447 0.890077 1.23102 1.05173 1.17703 1.48045 0.992058 1.22692 1.41969 1.35968 1.11629 0.827358 0.933203 1.58678 1.60476 1.23682 1.22745 2.10029 1.81723 0.962378 1.27124 1.3846 1.05404 0.671246 0.916513 1.29858 1.24296 1.14572 1.25114 1.18835 0.947071 1.35888 1.08283 1.36094 1.42767 1.56265 1.66608 1.10962 1.15361 2.47505 0.907339 0.81792 1.45299 1.22318 1.82662 0.535614 1.40363 0.790991 1.0345 1.15195 1.51398 0.962506 1.15405 1.53264 1.68341 1.08746 0.641205 1.99706 1.37316 1.94688 2.22507 1.18353 1.38355 1.5007 1.72316 1.20179 1.16152 0.649824 1.63954 1.52713 1.40852 1.14329 1.87722 2.66049 1.08933 3.10968 1.76845 1.48495 0.515231 1.6262 1.30351 0.939706 0.750986 0.660112 1.41599 1.22398 1.18764 1.3559 1.84961 1.00479 1.25465 1.47171 1.21058 1.28426 2.18056 1.15637 1.692 0.529608 1.48735 1.24914 0.833844 3.55826 1.32583 1.8482 0.555132 1.76128 1.74931 1.57102 0.965414 1.1676 1.48258 1.18375 1.18691 1.16417 1.31138 1.18877 1.78932 1.36432 1.0366 0.716681 1.76296 1.44692 1.01297 1.67732 1.22396 1.0329 1.03284 1.25751 1.51974 1.21588 1.35235 1.96632 1.35972 0.941951 1.15483 1.81267 1.59558 1.26972 1.39488 1.51394 0.569257 1.54004 1.37086 0.873215 1.47231 1.17148 1.05526 1.83795 0.967849 1.34494 0.960799 1.23463 0.834466 2.11351 3.56742 1.72794 1.51122 1.10905 0.913034 1.06282 1.57302 1.78383 0.930575 0.955915 1.82303 1.48226 0.836771 1.22991 1.30223 1.76225 1.46393 1.21575 0.812804 1.75033 1.51579 1.27279 2.07534 1.01808 1.28107 0.968165 0.771623 1.14361 0.644332 1.24096 1.24562 1.57238 1.22274 1.2509 1.92629 1.09988 1.52192 0.672099 1.23555 1.16301 1.23024 1.03765 2.59254 1.84987 1.41364 0.944665 1.72154 0.821483 0.862876 2.17463 1.66773 0.906741 1.3545 1.77217 1.28604 1.43821 1.68682 1.66886 1.17071 1.07825 1.58038 1.01068 2.27374 1.12885 0.908893 1.21888 1.83262 1.23234 0.80706 1.57675 1.41555 1.15088 1.21268 1.24867 0.600081 1.19339 1.72416 1.62074 0.748138 2.62021 1.57324 1.8179 1.09699 1.15672 1.1397 1.36793 1.41548 0.8007 1.26532 1.9102 1.56077 1.54696 1.51874 1.86312 1.30213 0.886409 0.570396 1.5319 1.71922 0.360593 1.26719 1.55781 2.16252 1.04765 0.910908 1.05816 0.863368 0.986945 1.3499 1.66826 1.29347 1.25013 2.11739 0.760635 1.69552 1.71175 0.934224 1.67905 1.2869 1.01253 2.10033 1.73182 1.04809 0.879538 1.58101 1.50105 1.98991 1.40823 1.14823 1.05989 0.917421 0.847926 1.13946 1.42888 1.12849 1.47956 1.52791 1.11275 0.739687 1.62163 1.64771 0.892796 1.16251 0.707929 1.51918 1.99828 1.80168 0.92275 2.0539 1.17659 1.5156 1.39977 1.06953 0.883315 1.56238 1.71953 1.29191 1.02748 0.971929 1.24181 0.868182 0.89893 1.24593 0.703411 0.9148 0.774287 1.65823 1.39596 0.877189 1.23574 1.02902 0.851419 1.4533 1.45768 1.27341 0.829019 1.13638 2.20508 0.649974 1.15391 1.31005 1.27252 1.59214 2.06514 1.16446 1.26599 1.56834 1.46517 0.753753 0.899102 1.17068 2.26484 1.29677 1.04215 1.62119 1.53775 3.66207 1.40714 1.19533 1.46291 1.01801 1.28443 0.727725 1.39703 0.963879 1.40195 0.788859 1.15092 1.24732 1.39476 1.31164 1.22033 1.70682 1.2898 1.54537 1.24859 1.09119 0.919472 1.00021 1.28187 0.911367 0.734859 2.14449 2.08635 1.19152 1.15622 1.34726 3.49724 0.678752 1.44163 1.2963 1.16213 1.40678 0.806666 1.3812 1.02756 1.31156 1.85346 1.29092 0.906597 1.55269 1.09076 1.75458 1.06129 0.813628 3.24592 1.9519 4.48815 0.645352 1.48865 2.34619 0.959062 1.0982 1.6042 1.48719 1.22562 1.65949 0.698826 1.81074 1.20858 1.89882 1.26524 1.29025 0.550416 0.903088 1.28706 1.26167 0.940996 1.29287 0.842524 1.38067 1.84385 1.59673 1.11166 1.45897 1.92182 1.98065 0.769094 1.62847 1.73501 0.883518 2.2189 1.82082 0.812311 1.68808 1.39663 1.51131 1.66794 1.30981 1.11645 1.42934 1.20423 1.31928 1.06467 1.40508 1.05084 1.49296 0.962768 1.48902 1.44526 1.64829 1.39172 0.721465 0.521501 1.39589 1.52224 1.32155 1.88646 1.57624 1.35783 1.19785 1.02797 0.88674 1.22912 0.596539 1.32289 1.66936 1.14794 0.655579 1.02461 1.74102 1.44166 1.20693 0.706679 1.59728 0.866796 1.11772 0.986738 1.65107 1.49112 1.00825 1.28583 1.01295 0.79352 1.10711 1.29504 1.97099 1.27409 1.47388 0.968812 1.09869 2.13297 1.2378 1.69775 1.60393 2.27379 1.41182 0.837843 1.95637 0.795609 1.33732 0.477347 1.23397 1.40635 2.47268 1.32937 1.44994 0.765798 1.42223 1.85541 0.756903 0.847507 1.69776 1.64499 1.6648 1.62706 0.984389 0.625949 1.61509 1.09312 1.46331 1.66498 1.57401 0.98153 1.2798 2.58649 1.89566 0.713119 1.10654 1.47495 1.35511 1.03703 3.32777 1.22441 1.00083 2.33426 1.79976 1.06522 1.33426 1.92812 2.45687 0.756997 1.39244 0.739493 1.7774 1.21031 1.62458 1.64221 2.20687 1.38705 1.34975 1.2812 1.00276 1.0042 1.40901 0.860055 1.12875 1.72083 1.78097 1.58537 1.20287 0.791184 1.195 1.20045 1.23844 1.00487 1.24258 1.417 1.13953 1.09139 1.3088 0.733379 1.24228 1.84513 1.4461 0.887652 1.45391 1.41699 0.36258 1.42889 0.79527 1.49979 0.94213 1.26536 1.73575 1.55207 1.39736 2.11761 1.76041 1.93984 1.50022 1.17522 1.68621 0.799347 1.10966 1.59467 0.97536 0.697802 0.881475 1.19635 0.721065 1.04653 2.06985 1.63463 1.50678 2.71022 0.934611 1.54584 2.45291 1.35354 2.31407 1.88187 0.979794 2.28568 1.68902 2.14096 2.21367 1.20198 0.627078 0.913934 1.39118 0.67543 0.818555 1.72662 1.38728 1.10869 1.49443 1.50964 1.42013 2.02054 1.12805 1.27944 1.43001 1.12509 1.51946 1.25838 1.57248 1.68143 1.55264 1.4391 1.3576 1.57924 1.73383 1.821 0.984774 1.94417 1.3223 1.58026 1.11241 1.61737 1.10996 1.75443 2.42611 1.78942 1.69201 0.573438 1.68295 1.74128 1.25478 1.25479 1.95217 1.82286 2.75223 1.92006 1.29487 0.849579 1.15282 1.71548 1.70534 1.70876 1.10937 2.42332 2.35073 1.7503 2.25836 1.08194 1.43974 1.31715 1.45097 1.30513 1.03915 1.54526 1.74975 1.63061 1.46458 1.58334 1.18471 1.35254 2.32124 1.34195 1.266 1.28089 1.44164 0.759754 2.53545 0.788 1.35265 2.14643 1.82916 1.43898 1.41472 1.82154 1.60473 1.09877 1.33744 1.87484 1.29083 1.24203 2.47164 1.7444 1.14884 2.76033 1.15124 1.37833 1.39531 1.06139 1.70403 1.57142 1.07438 1.35155 1.14381 1.28718 1.48726 1.97727 1.42007 1.5085 0.66709 1.23677 1.51838 2.13209 1.49271 1.66556 1.72922 0.841132 1.1197 1.50629 1.40015 1.4546 1.11562 1.00331 2.15141 1.45812 1.24299 0.842461 0.915774 0.552446 1.48889 1.8908 0.927324 0.759006 1.49575 1.04601 1.20576 1.23689 1.39771 1.7931 1.68201 2.16073 1.46616 1.21422 1.64706 1.9999 1.48427 1.72514 0.503303 0.817775 2.29271 1.82895 1.65928 1.31433 1.20514 1.4818 1.50851 0.816488 1.29101 2.04835 1.22457 0.702867 2.06832 1.78255 1.27227 1.34518 1.80951 1.49295 1.24239 1.69832 1.47755 1.56789 0.933699 1.03263 1.19851 0.866639 1.79208 1.20543 1.95645 0.830784 1.16004 1.28931 1.57095 1.47286 0.884277 0.806483 1.70738 1.66937 1.39968 1.0325 1.64676 1.18279 1.66358 3.23352 0.848579 1.35362 0.912014 2.43263 2.953 1.02264 1.33544 1.36457 0.713081 1.64467 1.27503 1.31255 1.9741 1.44399 2.40574 1.22163 1.75921 2.07018 1.39822 0.833906 1.52989 1.8107 1.47922 1.14441 1.901 1.35132 1.56656 2.26685 1.5094 1.26639 1.81192 2.32541 1.40872 1.91452 1.75663 1.26708 2.20688 1.35606 1.73941 1.08659 1.34899 1.80629 1.57865 1.22746 1.30381 1.96507 1.50113 1.07597 1.58116 1.91165 1.85235 1.41976 1.22213 1.49337 0.873344 1.68737 1.13098 1.33685 1.3375 1.49808 1.09011 1.47046 1.40191 1.3691 1.85912 1.21454 1.8784 1.00907 2.1463 1.26686 2.09698 1.33238 0.889278 1.68603 1.00816 1.46289 1.39241 1.85594 1.6606 1.44361 2.54923 1.69928 1.44387 1.76284 2.22524 1.66234 1.29682 1.49263 1.72842 1.87602 1.2251 0.732741 1.75643 1.11263 1.60502 1.38651 1.37626 0.849546 2.05004 2.32446 1.2709 2.06542 2.33426 1.1052 1.8679 1.8798 1.56879 1.34107 1.66635 1.16153 1.46373 1.12495 1.08127 1.70242 1.51255 2.27189 1.56992 1.50164 1.66683 1.45675 1.867 1.81817 1.49782 3.45951 0.783686 1.51883 1.21024 1.26474 1.18381 1.83604 1.44387 1.78004 0.90533 1.09304 1.70539 1.8394 1.21538 2.83621 1.77528 0.814497 1.56954 0.564466 1.28349 2.40796 1.16702 1.25494 0.958194 1.49997 1.23092 1.2428 1.14308 1.15173 1.60367 1.74661 1.88359 1.35333 1.86967 3.15362 1.2741 1.54556 0.611639 1.14528 1.48112 1.21896 1.38953 1.35106 1.4721 1.20994 2.22984 1.5949 1.3272 1.89504 1.2677 1.29404 0.940989 1.39027 1.33897 1.276 1.63544 0.702886 1.33561 0.712868 2.03277 1.58107 2.14216 1.95064 1.44224 0.969307 1.4613 1.9659 2.01985 1.67046 1.52712 1.02248 1.51261 1.32032 1.27229 1.56503 3.11927 1.40279 1.84081 1.1953 2.10467 1.08143 1.50252 2.24033 0.734014 1.78037 1.42396 3.77919 2.08602 1.54623 1.91516 1.61089 1.73463 1.93479 1.60397 1.35378 1.04572 1.07838 1.25131 2.20963 1.47028 1.92698 1.03112 1.90219 0.781856 1.05576 1.80776 1.67879 1.42804 1.0486 1.40098 1.38786 3.55348 1.2635 1.92459 1.34264 1.44808 1.34066 1.37015 1.4234 1.46542 2.60633 1.30289 0.850773 1.82901 1.14317 2.07453 1.0978 1.58193 1.74746 1.41772 1.30337 0.873563 2.21297 2.09515 2.03183 1.11755 2.16754 4.28685 0.960757 1.84288 1.39302 1.3258 1.99548 1.74273 1.52066 1.00339 0.635737 1.80679 1.52805 1.76113 1.41173 1.09027 1.54175 0.632213 1.94406 1.47806 1.13132 1.12545 1.3279 1.58806 0.972156 1.20806 1.82873 1.22163 2.12972 1.53963 1.07369 1.59525 0.925622 1.72535 1.5012 1.35891 1.81887 3.05337 1.47053 1.35124 1.30723 0.920879 1.10157 2.78383 0.820423 2.86682 1.83386 1.12898 1.38633 1.04986 1.13262 1.32648 1.53572 1.28077 1.00966 1.77204 1.04887 1.7748 1.85222 1.03233 1.90589 1.4997 1.36552 0.968275 1.38531 1.69011 1.2415 4.56624 3.16975 1.01344 1.01672 2.08132 1.34229 1.3194 2.64219 2.41614 1.75358 1.15618 ]
@@@ Frame-accuracy per-class: [ 77.3922 53.6885 69.1272 64.5198 71.7209 65.1729 76.4075 51.6393 65.1952 67.6278 85.4915 50.1818 69.2 79.5038 45.12 46.7972 12.7764 54.1205 59.6073 73.0179 80.0512 12.381 75.1734 67.7686 75.024 71.5798 15.7216 66.7043 47.1708 66.0354 69.9836 59.4502 71.1423 73.2959 71.8118 65.0121 80.2441 57.4074 72.1379 82.1813 77.7064 32.6019 77.4194 62.0553 72.4469 71.2236 50.3632 67.8299 81.302 78.6655 69.8291 5.30973 75.7987 55.7162 79.3233 34.1889 80.7494 46.0656 81.3474 64.5215 48.62 52.2902 62.5848 26.847 69.7674 64.6035 48.5876 69.1589 14.6341 72.9029 73.5218 63.1897 44.8187 11.4478 52.3297 76.7482 66.5574 58.0894 24.5928 54.1033 72.892 52.6971 78.8011 1.4218 58.181 76.8937 61.3503 75.7209 15.3061 32.7239 50.4464 48.4824 49.0446 50.5194 24.7664 72.106 65.0064 49.968 68.8504 8.57788 67.3105 69.2825 53.4118 79.5691 17.5676 67.0717 80.3298 78.3828 84.3484 -nan 56.6134 40.5505 45.1942 60.7143 16.6154 76.2989 10.0604 63.9591 71.6057 64.5519 68.3195 -nan 18.3267 79.04 60.1594 61.8557 65.5367 70.6452 69.377 20 64.9215 29.1358 82.3184 85.781 42.7973 1.74825 18.949 80.6656 77.6699 46.3235 76.6649 55.9683 47.2988 73.6568 69.2864 60.2546 70.1417 34.4175 86.6274 58.196 67.9889 51.3167 51.9984 27.125 64.2509 69.3301 42.8279 79.7974 46.2963 35.5 79.3201 40.7295 79.5469 -nan 81.5815 44.5378 78.2448 35.0394 17.0854 78.6627 57.0197 84.8864 80.2607 34.1902 53.4009 -nan -nan -nan 80.7487 72.3161 63.5556 86.6642 0 43.3668 44.9861 82.243 51.6667 33.3333 84.4304 77.7476 44.2935 71.0837 12.4031 75.4036 73.4478 71.7391 53.4914 59.4907 32.5521 63.1298 71.7853 52.1458 68.6262 -nan 62.5465 76.126 50 76.2854 -nan 78.2903 71.7791 21.4724 65.9905 52.439 61.7354 29.6182 35.8442 75.2237 77.4569 90.2735 81.5037 37.3129 61.2425 34.4913 83.8722 56.9412 76.2757 61.3036 79.8643 86.7147 69.1743 66.079 26.7467 72.5 76.4069 40.3186 70.9751 74.7413 68.0073 79.4508 75.3613 72.093 83.5893 86.0973 55.2246 74.3382 87.3776 49.8919 82.8389 71.119 58.8907 69.3698 79.8452 39.4397 63.9589 66.1465 68.1256 46.9045 84.4948 78.8199 62.4408 74.7794 63.5762 49.961 62.1475 58.1242 78.1861 82.3067 77.8922 54.6697 52.8184 82.6149 78.9474 47.9018 59.7823 59.8097 89.8088 65.4093 79.4231 59.4981 56.0428 60.3583 57.7745 67.4952 51.3081 64.4024 43.7932 67.8655 78.5271 43.4097 54.314 70.3494 47.0831 62.4493 72.373 68.6461 47.6025 60 72.8826 77.5012 58.2128 59.9611 61.7266 78.0064 57.6276 54.69 38.4949 56.9786 56.9404 62.892 78.343 57.1429 70.367 62.7468 57.9167 64.808 59.4059 68.5768 70.4326 53.7925 66.7476 72.2251 36.2739 72.6285 65.6739 50.034 58.9744 77.5281 69.2975 41.0091 80 57.6023 75.7052 67.033 57.5781 64.3236 70.9042 45.601 66.3315 65.2904 29.4955 70.0122 56.8766 59.4939 85.1339 72.6415 61.5578 56.5615 63.8781 45.0049 45.233 68.5826 69.5369 60.4396 70.4911 40.7848 24.3639 72.56 82.3779 66.755 67.815 89.5551 83.8938 61.3513 42.7315 49.5619 44.086 50.184 51.928 31.2025 55.9582 43.8503 73.3851 54.7516 75.9907 60.0512 82.2393 42.9534 79.86 66.9021 79.9317 72.68 80.0883 69.6565 70.8303 78.5617 53.3451 60.9137 78.7776 76.4599 64.1631 65.6499 69.6115 85.2509 75.5845 75.2014 57.6294 84.093 84.5594 58.2651 76.7251 61.4393 66.5452 73.5065 79.0345 69.4568 69.7707 38.2759 75.7838 72.7026 54.7659 54.2275 71.234 49.1812 65.4492 71.3706 62.2222 47.683 73.8858 26.5353 75.1406 52.6854 47.974 65.5206 66.568 62.201 54.4923 43.913 69.5216 78.6017 54.5246 36.7306 40.6011 62.1597 77.6065 57.3942 66.7067 56.0773 43.8911 71.9928 71.8447 82.4093 32.199 29.5706 61.6564 46.5974 28.3442 53.8253 71.1773 56.2352 77.1457 44.9978 75.896 36.2434 65.6161 61.1354 74.0532 78.3992 43.6464 63.2258 58.1921 37.5278 72.8462 68.2759 72.3577 74.3621 75.8805 51.3389 55.2716 73.7219 66.6667 44.071 45.4203 53.2982 59.3261 70.9804 46.7851 66.1382 45.0128 62.8055 68.5602 63.5371 86.9929 89.3219 45.6983 31.5652 66.5965 74.843 70.493 80.7425 46.7826 64.9919 70.0229 52.5311 52.6912 55.1747 38.5438 41.723 72.077 49.797 68.3572 41.0968 24.3609 83.5861 72.6434 44.3421 74.5455 70.616 65.3137 61.711 77.5568 69.9513 67.271 42.9142 45.6803 26.5284 56.2508 56.1431 51.9305 71.6937 47.6824 70.0395 57.3593 61.0348 54.4036 39.0389 69.6386 53.2663 37.2496 80.1342 75.0966 55.5033 66.9916 36.2981 43.4656 46.7983 73.5927 64.8734 57.5391 65.5535 32.2807 58.8289 52.44 77.6178 87.5271 62.7829 78.2413 66.9216 73.0933 61.0404 79.9517 79.0598 56.5217 49.6637 25.8698 52.7816 80.1688 67.3861 78.5361 79.3868 70.0913 71.4382 71.3665 81.6383 68.7849 41.3506 78.9029 63.1629 49.8301 45.7265 75.2084 70.9402 40.8972 42.0978 66.8725 79.271 49.6703 34.577 57.773 46.7801 81.4007 59.068 68.1909 80.6867 69.5274 70.7124 44.0283 79.5319 51.1425 64.526 54.0179 62.3181 73.2093 74.6958 76.25 81.388 52.354 49.7578 83.3419 68.5294 79.2074 53.9871 75.1377 60.7273 78.3944 70.7983 75.3555 81.3699 67.8296 78.8517 59.3694 64.5023 37.7212 50.4202 44.7648 34.4248 59.0332 58.1879 77.8428 54.8274 78.5928 26.3523 89.5138 36.9149 67.6923 70.2959 61.5202 77.4179 58.4915 59.6869 41.7417 61.7661 81.4092 40.023 54.1978 68.9798 67.8087 71.3755 50.7042 50.6485 70.9295 72.7273 38.2375 67.6535 60.2301 68.4028 76.1682 66.0308 68.0484 73.0726 54.1811 60.3583 80.3743 41.8768 50.7538 74.8538 52.1717 67.7877 56.687 64.0563 57.0559 64.9606 68.3688 85.4218 20.6757 56.4799 29.4118 29.9082 50.8997 57.0093 64.6237 29.6137 64.1476 59.8854 67.1285 62.1489 78.2371 19.6537 62.7175 36.2162 63.9535 64.0502 54.1348 16.2393 66.2634 68.0249 40.8753 71.9595 77.6327 85.3055 80.5774 75.2341 82.5756 71.5464 64.1985 31.9688 46.8583 62.3271 62.7376 61.9403 70.2612 59.1304 83.0513 62.7284 69.8055 41.4343 50.3584 66.0472 42.6319 49.8859 65.1801 77.2466 56.5258 91.994 65.1568 72.0881 79.4154 57.0404 61.6241 59.5171 70.3601 70.5932 53.0679 73.8654 86.3065 66.7952 47.4265 69.0239 59.9206 75.7443 32.0844 43.2337 57.1429 63.3588 79.1909 58.5987 55.9778 61.87 63.5057 76.619 41.0804 72.7747 76.2887 86.6172 54.1706 82.9807 64.7301 64.1333 54.2857 50.087 79.3081 69.5107 78.4325 51.1913 67.9924 86.171 71.6284 60.474 76.3066 71.1807 70.7784 49.4755 82.3015 82.9749 58.5086 63.2013 79.235 52.907 80.4565 50.2183 61.8896 51.0178 71.5844 73.1622 69.9804 73.0306 71.3871 31.7885 75.3947 58.2954 56.4452 72.9826 48.8772 59.1981 57.3003 59.5526 56.4634 51.8428 69.9907 62.4778 75.7886 59.4603 42.4599 69.9899 72.0153 88.8062 61.9737 64.2061 75.6034 76.953 77.9395 56.2928 69.0418 69.5462 76.9801 82.6655 71.9484 44.0367 50.6173 57.2797 53.4703 79.0312 65.4852 16.9941 65.9472 72.1037 53.9543 55.0709 67.545 71.5771 34.1126 49.322 68.1328 27.7641 64.9038 72.7273 46.5635 52.7578 80.1119 70.1893 62.6866 81.5428 65.9872 65.163 68.609 63.6503 58.2418 54.2784 87.782 79.9074 54.2453 78.552 68.0541 74.0569 68.1231 75.1556 30.8377 59.9138 70.1807 42.439 82.5316 80.617 73.7513 77.0188 71.7277 83.8947 76.4109 39.2157 65.4968 46.7418 58.5708 74.0962 83.7235 42.8837 77.598 74.5196 76.2806 68.4066 40.9154 63.747 73.6307 63.869 54.461 40.5797 60.3376 79.4784 40.4762 78.5283 42.3348 57.6681 82.518 53.5316 79.8401 71.1136 76.7936 82.6971 78.7997 61.5761 68.3721 66.9853 71.9449 72.7871 66.5158 66.3627 74.4654 72.445 49.9355 37.8877 36.6642 15.8295 63.3997 9.13242 43.9655 67.1552 65.5696 64.0449 71.6683 76.3223 56.7195 57.8638 61.9942 49.5652 25.2011 64.4979 56.9356 66.2465 85.9301 73.6756 70.5606 74.7033 78.2573 37.6089 60.5538 31.1075 70.3222 81.2584 57.0658 83.1241 82.6257 85.1437 61.5785 82.1239 80.2039 65.8047 5.15464 58.0808 57.8231 59.1089 10.3922 87.7105 67.8428 71.6288 54.2441 77.5822 59.0698 62.3207 67.5985 40.8037 68.0447 71.0333 62.8126 72.9637 61.9896 68.5087 67.013 71.7788 70.4448 42.5484 64.3234 73.1038 85.2246 76.7541 69.3351 63.8822 61.2092 63.4826 67.7588 67.1329 61.9048 59.2325 74.5836 75.0107 41.4069 38.7338 74.3925 65.3389 60.9153 72.2696 76.7704 34.4949 66.7897 45.0082 50.9073 33.8865 64.3005 69.9612 76.4486 74.3534 77.534 75.2941 68.1666 50.2239 68.8093 72.1533 39.5543 77.7103 33.4719 69.1221 53.2091 67.59 61.004 62.8724 50.1042 52.9049 63.5525 62.1101 66.7231 54.0931 52.0179 39.6731 36.4376 69.2693 69.5862 78.8548 60.4955 78.6214 74.5763 72.6641 62.1103 13.164 75.3401 45.741 73.9103 64.1509 26.3445 72.6042 64.9497 49.8737 41.8208 73.7367 54.7264 46.8576 54.3408 63.7324 76.1801 67.7833 51.4423 72.6477 68.7222 64.0523 57.0388 81.9683 65.6361 65.0643 73.1414 46.2519 77.1065 83.56 60.2706 16.1677 43.3333 64.6383 61.7986 72.5726 57.2899 56.631 45.8081 55.3875 57.345 73.9965 67.2203 78.2068 66.0502 67.4603 80.9932 83.2662 69.9272 72.1291 59.7881 76.0431 83.2918 49.2308 58.6841 52.2556 75.7414 65.3938 49.5175 82.4524 58.0796 41.8259 33.2372 43.0219 84.7669 39.5575 67.2194 23.0129 53.9503 61.9684 60.0671 50.5307 26.9864 69.1094 75.583 53.025 78.5864 60.0324 73.01 66.435 42.9093 48.1626 42.2386 51.7774 61.056 50.6006 20 64.3376 62.3327 52.0055 59.1267 73.1032 57.1849 59.2233 61.1556 42.6941 80.9395 43.5052 72.912 59.6886 47.5032 40.3599 78.9279 69.5748 84.7149 74.971 54.2331 81.9257 54.0625 75.5578 62.7692 86.587 70.2661 69.0931 79.292 56.5264 79.5951 62.8507 60.5321 71.8216 83.2525 59.5905 34.5169 71.8688 64.5749 70.1707 9.56175 69.7981 69.2477 57.772 69.1888 52.4194 62.0865 67.1196 43.9679 59.2593 84.3808 69.497 79.169 69.7095 60.396 60.5517 74.9245 78.7675 46.0317 70.3368 74.0493 61.1169 57.7114 64.0387 72.043 55.8341 69.5032 83.8179 54.797 51.1628 58.9912 70.5772 56.9469 65.8683 73.8506 49.1758 66.5823 29.0598 44.2455 84.6207 80.4169 52.5953 65.9713 59.7858 59.8958 49.2188 65.9622 73.9182 72.2667 47.4645 66.6667 64.7845 72.7994 58.2661 67.134 73.1416 70.3444 38.3766 71.943 65.98 51.6484 59.1129 76.009 60.793 69.7267 46.8276 44.9024 71.1816 48.8259 62.3518 62.0392 67.14 65.8483 67.8587 79.8097 66.047 68.8356 82.0607 68.7787 71.9975 30.847 68.1237 71.7997 74.605 58.0979 31.4286 71.4104 80.2222 59.0952 84.5236 79.1016 74.3421 79.6165 74.5488 78.1158 60.7717 35.4059 41.0023 65.3084 3.30579 64.9258 83.2633 80.9377 73.465 72.4789 75.9036 72.9598 3.75 80.5278 68.1055 66.9145 74.7841 76.7301 63.2479 58.4746 65.034 64.7462 52.4493 82.3271 78.6158 61.6456 67.1785 72.4524 58.745 53.7459 50.321 74.9973 52.4417 45.682 78.7251 55.9214 55.6338 56.5482 59.1054 75.5682 53.1328 57.9374 73.2541 75.9312 70.83 44.4584 45.5931 72.9167 63.2807 60.1896 51.506 52.9339 71.869 63.4783 51.1923 80.08 56.3925 54.0037 61.28 47.7495 21.0356 79.4701 46.8153 76.7266 41.1586 72.6109 28.4926 57.2266 60.5691 79.1367 39.9471 57.8172 68.3905 78.2286 72.1057 22.6852 58.7447 38.1818 44.086 72.2909 34.5125 52.0325 63.6591 53.6232 63.3136 7.39796 54.2909 9.56938 75.5702 76.2915 55.7207 84.4931 33.9147 14.4279 40.813 65.8891 52.5767 91.4824 71.0067 77.4821 85.2788 53.3902 55.2153 44.898 65.4909 69.5332 42.7356 50.4839 72.2794 81.5594 57.7007 78.3389 38.587 69.8682 58.5468 54.9159 54.2754 60.8232 74.8688 50.6719 75.8842 76.0749 74.2765 69.2688 67.0794 37.1356 79.1277 54.9575 62.4309 67.7122 74.1997 65.9876 83.5769 52.518 54.1912 70.2995 57.8012 82.6755 59.3376 72.0222 67.0412 62.0084 60.4668 45.298 71.463 70.1794 51.6667 53.8776 73.6557 61.0144 86.0315 63.5025 69.8257 58.8316 58.1172 50.3731 58.4689 72.3447 73.7879 59.7868 34.349 63.3734 76.9589 73.2305 51.7034 62.6708 64.4819 69.764 57.9505 77.3109 45.6934 71.6915 71.2255 80.4049 78.3977 70.0415 73.7589 71.4286 77.6224 83.0409 64.0945 30.6686 64.8432 53.702 57.5522 78.5998 40.1704 71.5527 76.7123 71.9251 72.975 74.2484 67.4371 73.5003 74.48 79.6713 60.8135 71.9557 70.7975 50.1429 74.31 45.8632 62.868 66.875 41.3043 44.5342 78.2772 70.2638 61.014 59.4864 71.1233 76.7375 71.4724 87.3951 83.2126 55.6604 53.0934 68.2512 58.9267 60.1626 56.1625 48.3213 55.9809 65.2429 54.2945 72.0139 56.9075 56.6637 71.5615 66.7847 42.4644 40.7721 43.9276 71.6409 54.2247 80.1251 61.9243 38.5894 73.1132 82.5494 53.0445 30.7885 60.6881 73.0363 53.528 79.4699 85.1636 4.63215 52.3256 59.7983 75.813 64.3184 70.8711 76.5625 63.2931 70.5933 84.1658 64.8256 44.2525 72.0802 41.7749 65.708 79.0256 71.1373 68.7097 59.6629 62.2716 75.3176 57.2816 51.1628 60.7595 67.2428 68.57 26.2144 60.2348 68.6056 76.2413 50.3531 41.8306 60.1825 69.0157 61.8155 55.5721 81.3361 23.1579 67.9819 25.5102 63.3599 64.4703 45.6973 67.2269 65.0619 62.4046 86.3963 55.615 72.7536 73.1434 53.7866 48.9032 79.451 69.8895 65.0246 57.0833 39.0677 62.5869 42.6869 61.9011 47.7488 60.1136 45.113 66.7979 62.1088 66.2737 59.728 48.5525 57.6577 83.5442 81.389 46.2434 50 16.962 70.4564 71.1997 69.2414 60.467 56.3559 29.7148 80.8845 81.2438 54.9336 71.6238 59.6276 63.8315 46.7341 70.9208 77.3067 75.3176 69.5061 61.1903 72.4796 78.0113 73.2156 55.0025 39.9055 41.9564 67.239 75.2566 79.0296 65.3273 34.4609 82.3237 31.4485 56.9284 50.2496 54.3598 49.3478 52.9501 42.4482 32.4 77.1908 37.7358 75.751 72.8657 78.1523 58.6592 81.3651 62.7034 48.0216 67.2193 69.7468 56.3089 72.8605 67.7476 57.5678 36.6834 60.3797 68.2518 67.7392 76.1062 83.6124 47.8747 71.0561 64.869 64.0857 60.7926 58.7678 45.3901 65.2315 34.6074 83.9898 72.1326 58.7269 51.6529 45.1613 61.7508 61.1318 70.2684 71.1976 37.5131 64.2604 71.297 61.7458 85.9507 59.9307 40.6671 44.5552 48.4651 54.8107 71.8027 35.7586 68.5315 54.1766 66.4463 68.4672 40.597 47.6684 69.4186 65.7917 61.5385 69.4153 67.1614 55.754 73.2143 75.8497 87.018 64.8425 55.8503 68.3325 67.092 63.0925 81.1341 64.2606 71.3584 62.5337 49.1582 63.893 65.8647 60.5926 49.2248 50.1432 60 40.6053 52.6827 40.0665 76.8056 69.8422 63.6308 53.4398 78.6935 61.4118 61.6024 55.9369 52.859 52.5131 75.8555 83.3282 58.6375 75.0327 62.6305 62.4611 73.7316 50.969 69.3902 51.512 61.8905 73.1495 60.3491 6.77249 80.5112 31.3483 58.1584 52.6448 58.0656 28.1414 62.1319 62.7089 12.963 63.8311 51.5547 60.5769 49.818 67.8693 65.7143 57.5732 48.5714 44.5346 71.1188 61.25 68.6014 68.9996 69.6915 77.8846 46.3908 60.6335 69.0144 62.19 64.5892 51.9337 50.8186 53.0269 55.7437 74.9892 61.4693 46.4339 86.811 65.465 67.4309 67.1768 31.3175 61.3569 61.1799 58.2249 56.5097 54.0449 51.2879 55.4661 63.358 66.4813 34.4138 52.0086 63.5531 66.351 34.8877 55.6077 59.7278 62.4891 85.9008 66.5988 63.458 50.9066 64.5875 51.9676 68.6575 71.4286 72.1083 82.8906 70.0569 32.7791 63.5927 73.5886 58.1282 57.3226 53.4796 44.3966 27.6316 57.3344 67.6383 81.8182 66.9225 68.3878 58.3392 61.0602 59.0548 63.0488 57.6232 66.0263 59.1772 58.8757 59.6603 46.4602 59.375 69.9906 71.326 79.4241 67.0683 57.5786 78.975 61.4638 68.4273 41.8919 65.8464 79.391 49.4231 72.3557 54.7131 76.756 60.751 52.4917 18.1481 69.7007 54.5733 67.9934 67.7101 49.5223 64.9167 32.3729 13.6612 66.5037 54.4799 68.59 76.0135 70.202 63.528 40.8012 55.942 69.2678 53.6993 68.0174 83.1906 78.9624 60.9068 58.023 55.7613 35.7252 59.5289 46.9903 50.8197 83.7708 60.1541 57.4319 73.9604 11.8687 72.447 76.1658 64.4381 72.7442 32.8859 39.0728 50.8716 80.4949 53.1105 50.6878 87.0818 75.0872 77.3256 66.1947 79.3874 51.2549 76.1829 61.6352 53.7966 43.8995 47.2393 60.7251 83.4559 70.3757 67.6607 38.5 54.9156 78.2083 48.294 61.0585 72.0252 80.0992 73.8693 80.6112 55.6107 50.3289 71.7118 76.8166 65.5332 76.5192 67.7419 39.3973 47.2111 63.0929 79.0052 47.2667 65.673 59.5163 63.4336 62.4727 64.4872 56.3567 83.5242 83.4775 54.9675 49.1987 79.915 55.407 60.5413 39.6857 75.8299 62.4388 60.3161 59.6262 58.5792 67.854 74.2444 66.9257 55.6807 67.1789 73.0426 39.0016 44.3425 48.6765 65.2309 73.7563 23.2598 80.15 64.3373 51.7512 57.4728 43.9437 55.4969 61.9686 59.5745 57.0992 80.9746 59.7064 68.23 73.8095 54.0387 72.0288 74.7158 50.0938 62.2978 58.7891 52.3235 48.7129 65.0856 61.704 87.1349 49.8936 71.1251 56.2112 42.6087 70.5882 53.4649 57.9845 70.2897 53.0083 53.6293 45.9741 41.0314 29.8354 49.6165 58.5434 57.9915 64.5338 70.799 71.3043 76.8026 40.3451 80.6371 46.4135 73.623 52.2552 17.128 52.3579 43.252 48.2524 79.338 57.377 60.9612 56.3927 79.823 14.6084 63.2698 68.1807 69.1808 52.8919 38.9778 19.6838 67.8937 65.3668 57.6626 79.7893 53.0529 71.1712 69.0402 77.357 41.115 51.6616 64.4252 52.6871 64.6609 68.1648 52.6239 72.3881 80.9956 46.9534 62.7361 57.9661 75.2418 47.1084 50.4513 58.2645 52.5605 78.7879 63.6661 31.2281 60.6181 56.3792 76.3804 59.5788 60.4255 58.5616 43.4612 49.9055 55.4416 79.5034 41.8056 48.9787 62.4271 46.4589 62.3278 60.0277 76.05 67.9792 61.3374 32.2259 85.9112 81 61.4343 52.8208 53.6036 49.9561 32.5133 46.6809 43.9089 45.467 53.9544 62.675 27.7946 73.1034 52.8003 63.4343 61.6296 63.2368 65.2043 68.6321 47.9167 43.0056 64.1777 73.9814 53.3946 54.5455 43.7186 53.578 73.0259 69.7403 36.7292 75.6188 66.7154 72.0866 80.9524 46.6135 62.4445 59.2804 62.528 39.2157 59.7561 71.1825 63.8647 64.4283 19.5489 60.7394 46.4894 68.7429 56.1074 76.5097 49.4935 51.4793 55.625 37.8976 62.0376 31.9716 61.3679 60.569 33.4426 68.1237 32.9912 55.1595 50.7923 46.8175 68.8272 74.4906 26.8482 61.3932 68.2464 49.4975 60.5388 53.0333 77.5927 71.9807 56.3071 42.2495 77.9963 45.9049 64.1602 64.5669 73.9811 47.0785 18.3951 67.2043 41.92 57.3664 53.5034 59.9688 71.2652 54.623 68.2296 51.074 58.6935 67.0047 46.1169 74.9448 68.8447 80.605 70.7046 63.3657 75.2713 60.7884 45.9119 54.6591 78.5019 68.6335 51.5664 64.5161 65.6751 58.9161 48.7191 71.4286 74.5731 67.5423 80.967 50.2606 65.6765 73.2112 63.8262 65.7407 62.0199 57.8204 73.0288 63.3752 55.4318 64.1879 66.6667 76.1656 70.5095 53.6174 53.2073 63.1115 67.6669 36.5193 45.9532 73.341 60.478 59.9643 70.0919 82.7893 72.4719 58.419 62.7841 64.8328 63.7865 63.8831 73.4468 61.8844 71.8972 55.7052 61.3682 51.0949 52.4653 70.9998 59.979 35.1946 71.0229 73.0667 61.8634 59.9775 49.1667 83.6003 60.0522 75.7727 70.2212 67.4182 59.9844 71.7745 61.2245 56.143 45.6399 65.8738 82.8107 45.2055 59.2728 49.7207 26.1029 61.9746 54.1712 49.7638 52.0343 62.1691 64.24 80.4773 53.1646 57.4764 58.2477 65.1831 46.3167 23.6111 67.5692 9.33014 49.0415 58.9114 83.9217 46.7601 60.2455 75.4703 76.0771 80.2892 58.3204 61.734 69.4511 60.3994 43.1421 72.9632 65.6109 58.0381 65.6918 62.6687 38.0145 64.3678 49.2639 83.8095 55.4631 63.7476 73.7589 11.3274 59.8343 47.3439 83.3375 39.0504 49.2338 54.9587 70.9035 67.3488 55.4543 63.9821 63.6722 65.8947 63.3156 56.4 52.1184 55.0373 70.245 76.7544 52.8497 58.3755 71.1712 32.88 63.1967 68.411 68.8714 60.6183 50.5263 61.0968 59.1996 41.277 58.9484 69.449 64.0941 47.792 53.7321 54.9786 56.9024 48.0402 83.1253 49.3124 57.9821 74.8871 58.3162 63.0568 70.9402 45.2394 70.7954 63.9544 66.5029 66.1176 75.3429 38.1972 8.75203 51.1911 43.9287 63.2536 72.9875 72.0755 60.2362 48.9533 72.2671 71.3467 44.9429 53.6475 75.3002 69.9797 52.734 43.225 59.8645 65.625 75.9473 43.9423 51.5372 53.829 48.9343 67.6603 69.0217 72.0007 77.6119 63.655 79.4405 59.2456 62.4031 52.8494 64.2451 62.2708 42.1182 69.4841 54.9578 80.0788 59.9735 65.5066 64.7651 69.203 32.8358 43.2357 59.5335 69.2931 48.7805 75.2849 73.671 34.5045 43.6658 70.0148 62.7943 44.3034 61.4997 57.7287 47.0368 49.9361 64.2706 66.7331 53.2768 65.5509 36.7955 65.0785 73.3557 63.6264 48.6188 62.415 74.8556 49.2075 58.4046 67.0963 64.9962 58.9055 81.9627 61.6561 50.0128 52.2523 77.3388 16.4404 51.1537 47.4147 65.5456 65.4987 67.187 57.6444 55.2894 74.8966 69.4301 45.0045 56.7332 49.1118 57.3414 38.1375 57.1429 75.286 81.8567 51.172 50.7106 89.6285 62.4178 52.0432 37.5695 67.1437 72.1199 64.5709 73.2978 66.2364 58.3245 53.4216 62.1919 63.2309 44.4186 79.1328 48.5778 48.2727 70.2896 50.5085 61.8287 68.3872 38.9241 50 71.6578 72.2206 56.3244 54.2097 47.2343 56.0172 65.0558 68.0144 71.7557 71.7388 63.2953 47.1159 63.5084 58.7201 47.9021 65.8394 77.2604 52.7048 50.8547 74.6743 64.1405 78.4341 56.6108 41.8006 56.2016 75.6296 41.5333 67.239 53.4884 59.0494 70.665 76.5669 50.7937 48.324 66.6667 71.5801 68.9418 61.3511 75.7728 73.5708 65.2432 78.8579 74.7249 75.7721 45.2153 57.3022 73.3592 63.8817 69.5238 79.1944 58.3514 55.7272 61.4799 74.2375 67.7521 33.8449 79.4353 63.1579 58.6692 64.5455 50.7307 33.8949 63.229 65.8931 57.0552 57.6402 74.2532 72.7069 60.673 40.1961 64.2938 72.2286 55.2734 57.7875 17.7215 64.0162 64.4678 56.3725 71.875 58.4169 78.008 60.2585 71.5604 57.8233 77.8285 67.4074 60.8461 55.2744 63.8239 63.4921 40.2017 63.4696 55.2405 68.2947 65.5405 69.5238 71.4286 62.7362 71.4137 78.2523 35.8791 41.0491 60.2432 66.9034 56.4604 7.34375 81.2475 51.8367 60.6789 64.7975 60.7196 73.1405 59.2593 65.5251 60.4352 48.8073 62.9663 70.5977 49.0132 65.6321 51.1299 64.7216 76.3828 12.4688 44.1955 5.51948 80.156 59.8718 32.7826 70.7107 67.9452 50.7579 56.9913 65.6505 53.0186 81.0153 48.1509 70.1183 38.1108 64.4322 62.6162 84.5525 71.112 65.2866 63.2063 69.8035 60.0606 77.9412 53.3037 47.2518 55.4639 66.8814 56.6176 50.5714 40.1244 76.2522 51.2909 49.1173 74.9829 40.2619 47.1806 71.4658 48.4337 61.726 54.0445 53.5901 53.7421 67.0824 61.0507 60.3343 60.452 69.1432 58.7209 69.248 61.588 72.1094 55.6513 54.1261 54.2971 56.8221 77.7701 83.1675 67.4699 57.1137 57.9035 51.1456 56.25 60.6421 71.0368 71.7899 72.4375 64.8107 82.4914 55.5643 56.6265 65.7905 77.1181 69.1882 46.8979 62.4394 58.9792 78.336 52.6558 72.6236 68.3162 72.5702 44.898 52.8653 70.6708 58.1751 64.6722 75.7621 67.7262 61.1789 48.8719 60.2842 60.3 72.9452 67.5556 35.3517 63.3898 50.4451 56.5165 34.767 52.973 74.5925 46.3415 76.512 61.4618 85.9688 59.6966 54.1682 30.9598 62.1245 57.6583 78.0516 58.6035 49.5633 79.4521 76.7681 52.5826 52.4023 51.8038 51.807 70.6314 82.6087 56.2694 60.1803 56.5693 54.3307 54.7099 73.5218 56.6009 28.0688 37.0923 78.1987 69.5827 52.9815 60.4047 68.0113 17.1484 62.3064 71.2136 35.6633 58.6675 71.6186 57.3568 41.0882 33.6182 78.5631 59.6429 79.1137 43.4668 64.0677 53.6569 55.4126 37.8479 62.0725 62.9604 58.0781 67.8065 73.2782 52.9876 75.2174 67.2677 50.7152 50.6329 54.372 62.7758 76.166 66.6667 65.5249 59.8926 73.0825 63.5052 57.3546 64.4077 65.4705 59.0467 78.7118 64.6982 48.1054 56.6711 74.4548 59.1784 57.2823 90.3105 56.338 76.2051 55.4871 73.5821 62.8964 49.6408 52.6646 58.4473 37.4181 47.9248 40.5751 57.2114 65.8915 50.4786 77.6224 65.6643 55.5347 67.5816 79.1514 73.2748 70.0447 77.3652 69.1011 40.2102 57.7386 56.6804 29.1429 70.7343 52.8821 39.3631 58.1662 33.8853 47.3301 69.5625 36.8687 51.576 36.5135 41.7453 65.8455 80.1265 74.6124 58.1011 79.7757 78.7879 45.5275 61.3443 68.1147 55.3535 53.6416 56.0424 45.2343 67.3681 63.2759 55.0897 67.8221 54.9128 63.7423 53.3679 48.8291 52.095 56.1629 60.7895 53.2999 49.9647 47.4104 68.5815 42.1875 61.6105 53.8294 68.0764 56.0049 64.8447 47.8742 36.2993 50.4983 47.2672 83.4068 53.5199 47.532 59.0325 59.1275 46.2836 37.1921 28.3981 45.8977 61.9617 73.6647 65.4875 49.257 53.5874 44.788 67.2764 29.4955 31.3688 39.4737 32.7722 68.6496 62.7514 56.5517 57.5165 65.6362 71.5743 53.9964 48.0447 53.366 55.9943 53.9683 58.2097 59.1413 37.7018 58.0074 61.4075 62.6016 60.1273 77.3825 30.8247 80.5859 58.0668 44.4333 49.8967 58.0449 55.1429 48.2444 54.5786 65.3784 56.309 47.2081 62.9937 65.4302 31.7627 48.2715 65.8661 14.4238 67.0055 59.3545 55.4924 69.1828 52.0924 56.9507 68.0618 55.3095 66.8321 60.5069 55.4092 45.7584 61.859 58.3026 78.2761 61.1038 53.6264 42.522 55.8363 55.4348 49.4424 77.6621 63.4742 56.6972 59.9158 52.0721 65.4698 68.9239 37.3554 58.0225 63.9485 75.1028 70.8147 83.693 57.5488 54.5739 70.6698 74.3029 48.2223 67.6796 62.5177 63.2141 58.4818 47.5811 53.314 35.0376 59.3469 59.8246 53.6153 42.4579 51.6517 55.3986 86.8237 73.4973 37.785 42.6461 54.0746 58.076 60.3232 57.5463 52.2766 74.511 62.3902 42.3631 61.1566 79.4666 48.9627 46.9114 61.5729 58.5496 48.6424 59.283 64.9682 53.6791 59.5897 55.0851 70.8111 66.4552 68.4081 76.4998 51.5846 63.7618 47.3804 76.0263 67.7074 67.7419 56.4811 54.2208 74.4623 75.4386 49.7849 51.5991 59.1463 65.9441 50.1414 65.7233 52.5023 25.6917 74.9665 63.2114 73.4115 32.6557 25.2101 66.7596 60.783 60.3448 78.6066 49.9753 58.6207 61.8548 45.073 57.5804 43.4286 61.8519 46.0381 37.5192 61.4601 73.7559 54.5049 41.2331 55.0633 60.303 44.2803 60.8303 47.0697 38.5635 54.3395 57.0566 48.2801 34.9063 61.2606 41.9038 46.7629 61.7647 41.2892 59.7791 50.4149 65.6676 59.1631 44.619 55.8464 60.2629 62.3515 45.6217 52.7894 70.993 54.0404 45.7541 43.1607 57.5884 61.3023 59.596 71.4151 48.8402 61.5085 57.4545 60.5792 48.8352 64.4417 52.8081 60.0353 59.3157 43.7898 62.3824 45.0285 68.9646 43.7262 62.1365 38.5567 62.8812 72.9848 51.8923 71.2903 57.6458 59.2686 48.4314 51.3942 58.0475 34.816 49.9441 56.3133 49.7372 36.9949 48.732 58.6691 50.6869 45.9267 44.7525 63.0952 77.1483 51.8408 67.8501 51.3784 55.3851 54.0224 75.5402 39.9754 38.1926 61.6291 39.8438 31.9176 67.0335 44.1427 41.6667 54.5455 57.7603 41.6126 63.7027 55.9143 63.868 68.6022 46.7266 53.2162 39.3701 58.5902 55.4711 49.1676 55.9693 49.684 45.989 57.1232 10.7639 76.0124 55.3889 65.0147 58.717 67.8947 54.3665 58.3514 52.1542 72.18 67.0571 51.5541 43.4818 64.8053 10.7877 50.5783 75.2118 55.7716 82.2642 63.7803 33.9688 66.3536 62.6271 73.9833 51.8861 68.8372 59.464 68.2759 63.8225 54.4547 50.8385 45.0124 61.1235 46.0333 15.3409 57.7932 54.3133 81.4485 67.2008 60.2167 66.0224 61.3774 56.4989 59.0694 63.8627 33.9056 52.2958 57.8793 47.7612 61.7067 63.0828 71.3228 58.3333 58.5009 62.963 49.0566 80.6852 57.4185 79.473 41.4044 43.6588 41.8367 40.4505 56.5217 70.7182 53.3645 45.1381 41.7683 50.7266 54.7377 70.3086 56.1151 63.2983 61.2669 53.5321 14.5852 51.4035 47.8009 66.3438 38.7938 66.1364 54.3424 32.2471 77.7858 47.3387 58.7496 8.85122 41.835 61.6915 54.4099 56.2033 49.2944 43.607 52.2944 64.4679 68.696 68.7769 63.2873 35.1741 55.5785 47.5912 68.6263 45.6459 76.6173 70.0157 37.5654 48.5968 59.4239 71.6284 60.1258 61.5885 5.78512 68.0383 45.2494 60.646 56.4321 56.08 56.5541 58.7583 51.8198 25.5396 59.2184 73.2159 48.5461 64.5184 41.7785 66.6667 53.0043 42.0586 60.8724 61.1074 73.2193 38.6313 39.2285 42.2442 68.6654 34.4565 11.336 68.3476 49.6 60.2941 55.9024 47.3493 50.8951 53.0547 69.3 81.6176 48.7779 57.8219 50.1505 56.9579 70.1766 54.0691 82.2833 48.4663 58.5278 57.9592 67.9056 61.0322 56.8488 70.3704 59.979 44.4954 66.5522 35.4467 53.9707 67.1003 55.0505 75.6651 37.6731 51.4877 60.27 45.9384 23.2628 58.0014 60.2056 60.829 74.4116 69.1176 21.0294 74.9933 23.5185 51.9481 66.8865 60.4061 64.574 69.0101 59.4889 54.2017 59.6791 69.5893 49.1713 69.3146 44.2589 47.5277 68.1024 45.9564 57.2721 58.9552 72.0358 63.1098 49.729 61.6402 0 20.6009 70.2951 72.2177 43.8554 66.1194 62.2081 22.4 29.6596 50.4854 65.9109 ]
LOG (nnet-train-frmshuff:main():nnet-train-frmshuff.cc:367) AvgLoss: 1.0451 (Xent), [AvgXent: 1.0451, AvgTargetEnt: 0]
progress: [1.12157 1.11503 1.08144 1.08703 1.08719 1.08213 1.06962 1.07342 1.08154 1.05363 1.06001 1.05179 1.05632 1.02115 1.04025 1.03584 1.03241 1.02139 1.00394 1.00615 0.996687 1.01693 0.9857 0.996181 0.985244 ]
FRAME_ACCURACY >> 67.9458% <<
LOG (nnet-train-frmshuff:PrintProfile():cu-device.cc:428) -----
[cudevice profile]
CuArray::CopyToVecD2H	7.06978s
DiffSigmoid	7.54711s
Sigmoid	8.77499s
MulElements	9.10052s
FindRowMaxId	10.5503s
MulRowsVec	12.4022s
CuMatrix::Resize	15.6208s
CuMatrixBase::CopyFromMat(from CPU)	22.4547s
AddMatVec	23.9146s
CuMatrixBase::CopyFromMat(from other CuMatrixBase)	24.3322s
CuVector::SetZero	24.8606s
CuVector::Resize	25.3938s
CuMatrix::SetZero	28.6563s
AddMat	40.8722s
AddMatMat	202.364s
Total GPU time:	500.363s (may involve some double-counting)
-----
LOG (nnet-train-frmshuff:PrintMemoryUsage():cu-allocator.cc:127) Memory usage: 357825368 bytes currently allocated (max: 358598136); 231438540 currently in use by user (max: 239065452); 35271/1008627 calls to Malloc* resulted in CUDA calls.
LOG (nnet-train-frmshuff:PrintMemoryUsage():cu-allocator.cc:134) Time taken in cudaMallocPitch=2.63737, in cudaMalloc=0.0242116, in cudaFree=1.81061, in this->MallocPitch()=5.22346
LOG (nnet-train-frmshuff:PrintMemoryUsage():cu-device.cc:401) Memory used (according to the device): 420372480 bytes.
