dnn.guoxintech.com
nnet-train-frmshuff --cross-validate=false --randomize=true --verbose=1 --minibatch-size=256 --randomizer-size=32768 --randomizer-seed=777 --learn-rate=0.004 --momentum=0 --l1-penalty=0 --l2-penalty=0 --feature-transform=exp/tri4b_dnn/final.feature_transform 'ark:copy-feats scp:exp/tri4b_dnn/train.scp ark:- | apply-cmvn --norm-means=true --norm-vars=false --utt2spk=ark:data/fbank/train/utt2spk scp:data/fbank/train/cmvn.scp ark:- ark:- |' 'ark:ali-to-pdf exp/tri4b_ali/final.mdl "ark:gunzip -c exp/tri4b_ali/ali.*.gz |" ark:- | ali-to-post ark:- ark:- |' exp/tri4b_dnn/nnet/nnet_iter04_learnrate0.008_tr1.1367_cv1.9164 exp/tri4b_dnn/nnet/nnet_iter05 
LOG (nnet-train-frmshuff:SelectGpuIdAuto():cu-device.cc:301) Selecting from 1 GPUs
LOG (nnet-train-frmshuff:SelectGpuIdAuto():cu-device.cc:316) cudaSetDevice(0): GeForce GTX 960	free:3606M, used:489M, total:4095M, free/total:0.880562
LOG (nnet-train-frmshuff:SelectGpuIdAuto():cu-device.cc:365) Trying to select device: 0 (automatically), mem_ratio: 0.880562
LOG (nnet-train-frmshuff:SelectGpuIdAuto():cu-device.cc:384) Success selecting device 0 free mem ratio: 0.880562
LOG (nnet-train-frmshuff:FinalizeActiveGpu():cu-device.cc:226) The active GPU is [0]: GeForce GTX 960	free:3589M, used:506M, total:4095M, free/total:0.876411 version 5.2
copy-feats scp:exp/tri4b_dnn/train.scp ark:- 
apply-cmvn --norm-means=true --norm-vars=false --utt2spk=ark:data/fbank/train/utt2spk scp:data/fbank/train/cmvn.scp ark:- ark:- 
LOG (nnet-train-frmshuff:Init():nnet-randomizer.cc:31) Seeding by srand with : 777
LOG (nnet-train-frmshuff:main():nnet-train-frmshuff.cc:154) TRAINING STARTED
ali-to-post ark:- ark:- 
ali-to-pdf exp/tri4b_ali/final.mdl 'ark:gunzip -c exp/tri4b_ali/ali.*.gz |' ark:- 
VLOG[1] (nnet-train-frmshuff:main():nnet-train-frmshuff.cc:320) ### After 0 frames,
VLOG[1] (nnet-train-frmshuff:main():nnet-train-frmshuff.cc:321) 
### Forward propagation buffer content :
[0] output of <Input>  ( min -3.28791, max 3.95756, mean 0.0126265, stddev 0.992937, skewness 0.166349, kurtosis -0.735591 ) 
[1] output of <AffineTransform> ( min -70.6305, max 71.4444, mean -4.05365, stddev 8.19449, skewness 0.215112, kurtosis 1.79636 ) 
[2] output of <Sigmoid> ( min 2.11626e-31, max 1, mean 0.287629, stddev 0.402682, skewness 0.946797, kurtosis -0.912107 ) 
[3] output of <AffineTransform> ( min -36.4662, max 26.2352, mean -5.91292, stddev 6.0014, skewness 0.116225, kurtosis 0.320897 ) 
[4] output of <Sigmoid> ( min 1.45528e-16, max 1, mean 0.16669, stddev 0.317057, skewness 1.79979, kurtosis 1.63255 ) 
[5] output of <AffineTransform> ( min -25.399, max 17.0219, mean -4.21774, stddev 4.26829, skewness 0.10814, kurtosis 0.3278 ) 
[6] output of <Sigmoid> ( min 9.3187e-12, max 1, mean 0.174756, stddev 0.300131, skewness 1.73588, kurtosis 1.56867 ) 
[7] output of <AffineTransform> ( min -28.2171, max 20.6429, mean -6.5857, stddev 4.9127, skewness 0.161144, kurtosis 0.789471 ) 
[8] output of <Sigmoid> ( min 5.56502e-13, max 1, mean 0.0959871, stddev 0.241927, skewness 2.80565, kurtosis 6.63303 ) 
[9] output of <AffineTransform> ( min -14.9996, max 27.7014, mean 0.00191856, stddev 3.9044, skewness 0.752115, kurtosis 1.66798 ) 
[10] output of <Softmax> ( min 3.08484e-18, max 0.999995, mean 0.000302297, stddev 0.0127791, skewness 59.3736, kurtosis 3872.56 ) 
VLOG[1] (nnet-train-frmshuff:main():nnet-train-frmshuff.cc:323) 
### Backward propagation buffer content :
[0] diff of <Input>  ( min -3.01522, max 2.84721, mean -0.000111182, stddev 0.177959, skewness -0.0365648, kurtosis 22.8527 ) 
[1] diff-output of <AffineTransform> ( min -0.366724, max 0.277314, mean 7.84865e-06, stddev 0.0105278, skewness -0.516191, kurtosis 90.1512 ) 
[2] diff-output of <Sigmoid> ( min -2.49482, max 2.40288, mean 2.32012e-05, stddev 0.1288, skewness -0.19517, kurtosis 14.6767 ) 
[3] diff-output of <AffineTransform> ( min -0.3088, max 0.346787, mean 1.74474e-05, stddev 0.011647, skewness -0.0226736, kurtosis 68.7216 ) 
[4] diff-output of <Sigmoid> ( min -1.57451, max 1.77527, mean 0.000863697, stddev 0.136823, skewness 0.00602651, kurtosis 7.08347 ) 
[5] diff-output of <AffineTransform> ( min -0.217211, max 0.226182, mean -3.56111e-05, stddev 0.0124077, skewness 0.131816, kurtosis 32.6199 ) 
[6] diff-output of <Sigmoid> ( min -1.2272, max 1.2369, mean -0.00218218, stddev 0.122669, skewness -0.187817, kurtosis 4.99854 ) 
[7] diff-output of <AffineTransform> ( min -0.320357, max 0.537575, mean 8.49798e-05, stddev 0.0136228, skewness 2.32651, kurtosis 110.023 ) 
[8] diff-output of <Sigmoid> ( min -3.10282, max 3.19035, mean 0.000951328, stddev 0.185637, skewness 0.0697025, kurtosis 14.4011 ) 
[9] diff-output of <AffineTransform> ( min -0.99944, max 0.956215, mean 1.38143e-11, stddev 0.0139631, skewness -27.5351, kurtosis 3446.61 ) 
[10] diff-output of <Softmax> ( min -0.99944, max 0.956215, mean 1.38143e-11, stddev 0.0139631, skewness -27.5351, kurtosis 3446.61 ) 
VLOG[1] (nnet-train-frmshuff:main():nnet-train-frmshuff.cc:324) 
### Gradient stats :
Component 1 : <AffineTransform>, 
  linearity_grad ( min -1.2921, max 1.06967, mean -0.00682758, stddev 0.17196, skewness -0.0667377, kurtosis 1.39018 ) , lr-coef 1, max-norm 0
  bias_grad ( min -0.885829, max 0.712254, mean 0.00200925, stddev 0.190234, skewness -0.168823, kurtosis 0.862162 ) , lr-coef 1
Component 2 : <Sigmoid>, 
Component 3 : <AffineTransform>, 
  linearity_grad ( min -0.903974, max 0.816177, mean 0.000693642, stddev 0.093285, skewness 0.0341553, kurtosis 3.62506 ) , lr-coef 1, max-norm 0
  bias_grad ( min -0.822685, max 0.84609, mean 0.00446654, stddev 0.209891, skewness -0.0556865, kurtosis 0.801307 ) , lr-coef 1
Component 4 : <Sigmoid>, 
Component 5 : <AffineTransform>, 
  linearity_grad ( min -0.804442, max 0.669122, mean -0.00145169, stddev 0.0750207, skewness 0.0473886, kurtosis 3.5338 ) , lr-coef 1, max-norm 0
  bias_grad ( min -0.730804, max 0.736241, mean -0.00911644, stddev 0.225842, skewness 0.0931401, kurtosis 0.274322 ) , lr-coef 1
Component 6 : <Sigmoid>, 
Component 7 : <AffineTransform>, 
  linearity_grad ( min -0.690043, max 1.56423, mean 0.00352157, stddev 0.0806554, skewness 0.982405, kurtosis 12.2253 ) , lr-coef 1, max-norm 0
  bias_grad ( min -0.699227, max 1.52422, mean 0.0217548, stddev 0.244838, skewness 0.642943, kurtosis 2.71682 ) , lr-coef 1
Component 8 : <Sigmoid>, 
Component 9 : <AffineTransform>, 
  linearity_grad ( min -3.97326, max 3.38535, mean -7.17043e-10, stddev 0.0628811, skewness -5.73367, kurtosis 256.285 ) , lr-coef 1, max-norm 0
  bias_grad ( min -3.77524, max 3.3733, mean -1.78431e-09, stddev 0.234796, skewness -1.6608, kurtosis 52.8949 ) , lr-coef 0.1
Component 10 : <Softmax>, 
LOG (ali-to-pdf:main():ali-to-pdf.cc:68) Converted 9996 alignments to pdf sequences.
VLOG[1] (nnet-train-frmshuff:Eval():nnet-loss.cc:135) ProgressLoss[last 1h of 1h]: 1.17465 (Xent)
LOG (ali-to-post:main():ali-to-post.cc:65) Converted 9996 alignments.
WARNING (nnet-train-frmshuff:main():nnet-train-frmshuff.cc:169) A23_204, missing targets
VLOG[1] (nnet-train-frmshuff:Eval():nnet-loss.cc:135) ProgressLoss[last 1h of 2h]: 1.15387 (Xent)
VLOG[1] (nnet-train-frmshuff:Eval():nnet-loss.cc:135) ProgressLoss[last 1h of 3h]: 1.11594 (Xent)
VLOG[1] (nnet-train-frmshuff:Eval():nnet-loss.cc:135) ProgressLoss[last 1h of 4h]: 1.10669 (Xent)
VLOG[1] (nnet-train-frmshuff:Eval():nnet-loss.cc:135) ProgressLoss[last 1h of 5h]: 1.11153 (Xent)
VLOG[1] (nnet-train-frmshuff:Eval():nnet-loss.cc:135) ProgressLoss[last 1h of 6h]: 1.1007 (Xent)
VLOG[1] (nnet-train-frmshuff:Eval():nnet-loss.cc:135) ProgressLoss[last 1h of 7h]: 1.08768 (Xent)
VLOG[1] (nnet-train-frmshuff:Eval():nnet-loss.cc:135) ProgressLoss[last 1h of 8h]: 1.08747 (Xent)
VLOG[1] (nnet-train-frmshuff:Eval():nnet-loss.cc:135) ProgressLoss[last 1h of 9h]: 1.09659 (Xent)
VLOG[1] (nnet-train-frmshuff:Eval():nnet-loss.cc:135) ProgressLoss[last 1h of 10h]: 1.07 (Xent)
VLOG[1] (nnet-train-frmshuff:Eval():nnet-loss.cc:135) ProgressLoss[last 1h of 11h]: 1.07213 (Xent)
VLOG[1] (nnet-train-frmshuff:Eval():nnet-loss.cc:135) ProgressLoss[last 1h of 12h]: 1.05903 (Xent)
VLOG[1] (nnet-train-frmshuff:main():nnet-train-frmshuff.cc:272) After 5000 utterances: time elapsed = 4.0347 min; processed 18875.2 frames per second.
VLOG[1] (nnet-train-frmshuff:Eval():nnet-loss.cc:135) ProgressLoss[last 1h of 13h]: 1.06875 (Xent)
VLOG[1] (nnet-train-frmshuff:Eval():nnet-loss.cc:135) ProgressLoss[last 1h of 14h]: 1.03733 (Xent)
VLOG[1] (nnet-train-frmshuff:Eval():nnet-loss.cc:135) ProgressLoss[last 1h of 15h]: 1.04758 (Xent)
VLOG[1] (nnet-train-frmshuff:Eval():nnet-loss.cc:135) ProgressLoss[last 1h of 16h]: 1.04335 (Xent)
VLOG[1] (nnet-train-frmshuff:Eval():nnet-loss.cc:135) ProgressLoss[last 1h of 17h]: 1.03248 (Xent)
VLOG[1] (nnet-train-frmshuff:Eval():nnet-loss.cc:135) ProgressLoss[last 1h of 18h]: 1.0301 (Xent)
VLOG[1] (nnet-train-frmshuff:Eval():nnet-loss.cc:135) ProgressLoss[last 1h of 19h]: 1.01361 (Xent)
VLOG[1] (nnet-train-frmshuff:Eval():nnet-loss.cc:135) ProgressLoss[last 1h of 20h]: 1.01383 (Xent)
WARNING (nnet-train-frmshuff:main():nnet-train-frmshuff.cc:169) A23_107, missing targets
VLOG[1] (nnet-train-frmshuff:Eval():nnet-loss.cc:135) ProgressLoss[last 1h of 21h]: 1.00336 (Xent)
VLOG[1] (nnet-train-frmshuff:Eval():nnet-loss.cc:135) ProgressLoss[last 1h of 22h]: 1.01768 (Xent)
VLOG[1] (nnet-train-frmshuff:Eval():nnet-loss.cc:135) ProgressLoss[last 1h of 23h]: 0.987125 (Xent)
WARNING (nnet-train-frmshuff:main():nnet-train-frmshuff.cc:169) C22_500, missing targets
WARNING (nnet-train-frmshuff:main():nnet-train-frmshuff.cc:169) C21_672, missing targets
VLOG[1] (nnet-train-frmshuff:Eval():nnet-loss.cc:135) ProgressLoss[last 1h of 24h]: 0.999567 (Xent)
VLOG[1] (nnet-train-frmshuff:Eval():nnet-loss.cc:135) ProgressLoss[last 1h of 25h]: 0.988298 (Xent)
LOG (copy-feats:main():copy-feats.cc:101) Copied 10000 feature matrices.
LOG (apply-cmvn:main():apply-cmvn.cc:146) Applied cepstral mean normalization to 10000 utterances, errors on 0
VLOG[1] (nnet-train-frmshuff:main():nnet-train-frmshuff.cc:345) ### After 9172992 frames,
VLOG[1] (nnet-train-frmshuff:main():nnet-train-frmshuff.cc:346) 
### Forward propagation buffer content :
[0] output of <Input>  ( min -3.05699, max 3.97779, mean -0.0266961, stddev 0.94405, skewness 0.143742, kurtosis -0.532818 ) 
[1] output of <AffineTransform> ( min -74.6316, max 88.9596, mean -4.09553, stddev 8.13043, skewness 0.243281, kurtosis 1.96032 ) 
[2] output of <Sigmoid> ( min 3.87182e-33, max 1, mean 0.283465, stddev 0.400603, skewness 0.969528, kurtosis -0.865921 ) 
[3] output of <AffineTransform> ( min -35.6688, max 23.4585, mean -5.67853, stddev 5.84205, skewness 0.105257, kurtosis 0.29688 ) 
[4] output of <Sigmoid> ( min 3.2304e-16, max 1, mean 0.170979, stddev 0.319314, skewness 1.76011, kurtosis 1.48837 ) 
[5] output of <AffineTransform> ( min -23.685, max 16.3973, mean -4.12801, stddev 4.19915, skewness 0.0933608, kurtosis 0.218118 ) 
[6] output of <Sigmoid> ( min 5.1729e-11, max 1, mean 0.178472, stddev 0.301664, skewness 1.69757, kurtosis 1.43443 ) 
[7] output of <AffineTransform> ( min -27.6789, max 22.1612, mean -6.2463, stddev 4.81761, skewness 0.153361, kurtosis 0.706281 ) 
[8] output of <Sigmoid> ( min 9.53253e-13, max 1, mean 0.103961, stddev 0.248314, skewness 2.65772, kurtosis 5.8135 ) 
[9] output of <AffineTransform> ( min -15.4663, max 29.4705, mean 0.00120463, stddev 4.00447, skewness 0.678365, kurtosis 1.34732 ) 
[10] output of <Softmax> ( min 3.04867e-20, max 0.999925, mean 0.000302297, stddev 0.0133939, skewness 59.7475, kurtosis 3847.01 ) 
VLOG[1] (nnet-train-frmshuff:main():nnet-train-frmshuff.cc:348) 
### Backward propagation buffer content :
[0] diff of <Input>  ( min -2.58049, max 2.24304, mean -0.000196627, stddev 0.119979, skewness 0.0228159, kurtosis 31.6091 ) 
[1] diff-output of <AffineTransform> ( min -0.291888, max 0.330446, mean 3.52762e-05, stddev 0.00760482, skewness 0.792581, kurtosis 124.166 ) 
[2] diff-output of <Sigmoid> ( min -1.71135, max 1.70339, mean 0.00115331, stddev 0.0912238, skewness 0.290356, kurtosis 15.6311 ) 
[3] diff-output of <AffineTransform> ( min -0.267321, max 0.269353, mean -8.39197e-06, stddev 0.00862119, skewness -0.0570448, kurtosis 77.7339 ) 
[4] diff-output of <Sigmoid> ( min -1.78178, max 1.1403, mean 0.000186788, stddev 0.101084, skewness -0.107986, kurtosis 10.638 ) 
[5] diff-output of <AffineTransform> ( min -0.22602, max 0.243232, mean -2.57047e-05, stddev 0.00943002, skewness -0.0888448, kurtosis 48.7596 ) 
[6] diff-output of <Sigmoid> ( min -1.07356, max 1.17767, mean 0.000115622, stddev 0.093673, skewness -0.0768417, kurtosis 7.89407 ) 
[7] diff-output of <AffineTransform> ( min -0.40523, max 0.332375, mean 2.58294e-06, stddev 0.0100004, skewness 0.0206131, kurtosis 96.3265 ) 
[8] diff-output of <Sigmoid> ( min -2.87437, max 2.24804, mean 0.000602254, stddev 0.128152, skewness -0.311393, kurtosis 22.3078 ) 
[9] diff-output of <AffineTransform> ( min -0.998921, max 0.951603, mean 6.4221e-12, stddev 0.0102659, skewness -40.2763, kurtosis 5287.39 ) 
[10] diff-output of <Softmax> ( min -0.998921, max 0.951603, mean 6.4221e-12, stddev 0.0102659, skewness -40.2763, kurtosis 5287.39 ) 
VLOG[1] (nnet-train-frmshuff:main():nnet-train-frmshuff.cc:349) 
### Gradient stats :
Component 1 : <AffineTransform>, 
  linearity_grad ( min -1.03815, max 0.852828, mean -0.0073539, stddev 0.113259, skewness 0.00853771, kurtosis 1.90074 ) , lr-coef 1, max-norm 0
  bias_grad ( min -0.439471, max 0.433563, mean 0.00903071, stddev 0.120384, skewness -0.142558, kurtosis 0.809501 ) , lr-coef 1
Component 2 : <Sigmoid>, 
Component 3 : <AffineTransform>, 
  linearity_grad ( min -0.583948, max 0.56913, mean -0.000299795, stddev 0.0699136, skewness -0.0498971, kurtosis 2.75536 ) , lr-coef 1, max-norm 0
  bias_grad ( min -0.65576, max 0.637913, mean -0.00214835, stddev 0.141524, skewness 0.068747, kurtosis 0.880333 ) , lr-coef 1
Component 4 : <Sigmoid>, 
Component 5 : <AffineTransform>, 
  linearity_grad ( min -0.487676, max 0.633878, mean -0.00119379, stddev 0.0579257, skewness 0.00651698, kurtosis 3.72919 ) , lr-coef 1, max-norm 0
  bias_grad ( min -0.450248, max 0.676294, mean -0.0065804, stddev 0.157607, skewness 0.146987, kurtosis 0.540025 ) , lr-coef 1
Component 6 : <Sigmoid>, 
Component 7 : <AffineTransform>, 
  linearity_grad ( min -0.733599, max 0.798905, mean 7.95565e-06, stddev 0.0593895, skewness -0.0130831, kurtosis 6.53891 ) , lr-coef 1, max-norm 0
  bias_grad ( min -0.882662, max 0.811939, mean 0.000661232, stddev 0.170824, skewness -0.0399372, kurtosis 1.90961 ) , lr-coef 1
Component 8 : <Sigmoid>, 
Component 9 : <AffineTransform>, 
  linearity_grad ( min -2.7119, max 2.3749, mean -7.12706e-10, stddev 0.0492278, skewness -12.7708, kurtosis 456.44 ) , lr-coef 1, max-norm 0
  bias_grad ( min -2.71419, max 2.59452, mean -1.82532e-09, stddev 0.18736, skewness -4.58431, kurtosis 72.4755 ) , lr-coef 0.1
Component 10 : <Softmax>, 
LOG (nnet-train-frmshuff:main():nnet-train-frmshuff.cc:357) Done 9996 files, 4 with no tgt_mats, 0 with other errors. [TRAINING, RANDOMIZED, 8.01354 min, fps19078.1]
LOG (nnet-train-frmshuff:main():nnet-train-frmshuff.cc:366) PER-CLASS PERFORMANCE:
@@@ Frames per-class: [ 565947 488 1856 2655 3568 781 1492 366 1178 2601 6093 275 1750 2781 625 562 407 2075 713 1564 3910 315 721 484 3131 1228 388 886 1838 5544 1216 582 998 1423 2274 2478 2622 648 1450 1302 3270 319 837 506 1459 1185 413 2751 2642 2203 1697 113 5227 1522 5320 974 5444 610 2375 3574 2645 5196 2948 961 731 1034 885 1070 246 1967 4634 2320 1158 297 837 4047 1525 649 614 329 1269 241 5288 211 2298 1571 3925 5375 490 2188 672 1219 1570 1059 214 2868 2349 1561 1557 443 673 446 850 4317 148 823 1698 8558 1527 0 2752 1090 2060 2968 650 3118 497 1859 3307 2522 2642 0 502 1250 502 1164 1593 1240 1894 425 764 405 3235 1498 1909 286 628 631 1133 408 1937 5169 907 577 7189 707 2964 1322 4240 1153 1437 2810 2452 800 3284 2090 488 3356 216 200 1059 329 1589 0 2074 357 1356 254 199 1331 812 1760 1611 389 691 0 0 0 935 4378 450 2722 3 1794 718 428 600 126 1580 3676 736 1947 258 4769 2271 2576 1561 4241 384 1310 5646 1701 3079 0 1076 2731 532 7527 0 2363 3097 163 2514 164 703 969 2310 6817 456986 521258 457790 3007 267081 806 2722 3400 2626 2194 884 12081 14170 2836 916 1080 1386 2009 2615 5895 547 3387 1384 774 2474 1007 2048 1851 1941 1387 1719 3968 9195 2158 2714 464 1071 1666 5826 953 5295 1610 844 1360 4983 1283 922 757 1279 3052 1651 878 958 3480 1368 3789 7258 1366 4759 1405 3640 2311 1961 3572 1357 2092 688 1531 2457 1279 1127 2663 707 1059 4114 2466 8365 842 3733 1395 1405 2049 1936 4111 695 3742 3920 2452 691 5044 3739 574 2752 1057 11963 1165 1200 1094 2323 2129 4045 1147 2060 3856 5067 1012 1343 4417 507 5785 6804 3409 620 684 1099 1456 1313 2262 2997 2296 3680 5183 1546 817 1985 4782 2240 424 796 983 1542 3053 1395 3845 4599 910 2240 2268 1572 4457 942 8678 1016 2652 1695 2753 2160 6505 1581 815 389 2237 6126 935 3220 926 3457 781 3001 1781 1857 991 4395 5194 5886 1572 1385 4408 568 1182 2356 548 466 9540 6101 5919 2224 1117 734 2194 4812 1222 1826 931 1372 2310 725 1123 3533 1450 3700 2209 2969 3288 1248 1832 1013 985 1170 6258 5116 863 3733 4208 1999 4130 2366 1045 2905 460 2195 1416 873 1511 1830 1102 1103 4889 3334 724 2791 2785 1854 4383 1146 2259 652 1058 1069 3320 2956 2959 2039 2309 1423 378 3871 1374 1954 1037 362 2170 531 1351 1300 1160 1107 3253 2243 1083 1565 1956 840 1071 797 758 1662 510 1633 1577 782 941 1778 458 4905 1283 2685 1150 4278 2389 2779 1293 575 617 1748 3773 706 1488 1964 5177 1454 1478 907 3027 1330 2638 1517 760 5005 4870 542 5973 1408 822 1048 501 1852 1881 7399 1286 518 1293 4660 1265 462 2474 897 2851 7526 597 1847 1938 3365 1063 718 832 1714 1671 2185 316 1406 3713 1710 1093 1209 2779 3231 1193 1774 523 3055 1807 1242 1638 690 1784 2443 5860 237 834 2022 1533 7884 1481 5986 2881 1432 2162 5323 1056 883 468 2279 936 4949 2126 4534 3594 910 1903 1383 3292 1742 794 5511 3029 1841 758 5233 2350 6871 1635 448 2062 4300 2383 1040 2219 531 6194 1951 3740 1741 928 2361 550 1009 476 422 4745 2207 3135 4979 3034 904 833 1977 3512 2834 1203 3588 1709 4690 721 4587 940 780 1690 842 2192 2055 1022 666 6489 3179 1739 1072 1686 1401 3497 852 2930 1689 2321 2712 912 5215 864 856 1363 1158 1790 1447 893 5717 2142 796 3762 1980 1338 1473 2273 1807 1778 705 5227 740 3426 1105 3377 389 214 2219 2097 5121 349 2093 2243 1645 1155 1494 740 1376 1274 2612 1287 2149 3853 1211 888 2298 2586 5092 961 4597 1455 1310 513 3549 4555 1052 2680 1493 1955 3664 821 977 251 558 2583 1649 3945 4664 2782 1065 6695 1722 1408 6466 2230 3325 2485 1083 3540 3341 639 796 3632 544 5317 252 2049 3176 569 980 1441 4474 1256 1079 1369 1392 1467 796 4797 1843 6202 3201 3167 2427 3000 630 2873 1561 2473 3445 4575 1056 1345 1787 9409 1435 2075 2351 1716 5718 1116 523 606 1464 344 6396 687 942 786 1742 857 5623 1079 1377 1532 760 1537 5283 3383 1336 1696 1089 1654 5214 1628 1073 1687 1268 3150 2122 2959 1047 5780 760 2154 2320 3341 1786 3647 407 1146 2159 2296 1319 1417 405 2610 1412 1569 2257 1018 417 1735 569 917 1556 1154 941 2360 3615 407 624 737 2779 2085 2323 1268 938 3202 3287 3835 532 652 3276 1566 5009 1727 424 1105 1850 2810 1625 5301 1910 928 1328 1025 790 4473 2823 5226 955 3949 1577 561 1852 1243 12846 3513 1837 2691 4696 2810 2167 364 721 1233 2556 977 538 2001 948 1457 1554 829 1559 1904 1390 1614 1126 907 1129 2803 2316 3477 860 2720 581 3954 442 987 1590 5186 1550 5255 1331 1314 2612 438 580 1501 2370 2136 3039 2817 1957 2556 1384 345 373 707 2206 714 1059 3662 3193 1348 1228 2066 1625 1228 1769 4482 927 2151 1790 3480 1153 4341 1177 3635 194 1782 2352 1010 510 1603 1247 3782 1991 1307 645 767 787 647 4112 6542 6158 2615 3649 3004 770 3671 697 2684 2461 2004 4318 2822 1474 2478 2663 1005 1526 1287 1869 1798 1381 2329 2502 6950 3292 1682 1617 3635 2217 2554 1355 611 992 1868 1451 3096 535 464 6610 850 2089 1563 1369 1774 359 2140 1924 1982 3864 3249 2231 1309 960 1136 867 1090 1773 1246 669 1346 1106 999 1450 2672 2220 4860 4012 5758 417 866 588 857 1560 2491 1469 960 796 792 2109 4809 1608 3596 622 852 2288 3194 1040 1371 1800 306 1648 13748 841 1477 2744 1961 1258 1618 813 668 180 1742 1301 1411 583 2428 2314 529 1484 2865 1144 2331 757 504 3383 7446 961 3161 1982 1486 1203 3120 4134 1064 7890 2095 3005 1419 854 2826 1733 1734 4569 3390 1568 1082 443 4562 596 1696 3461 1965 729 4281 2872 4321 10804 1439 2193 1279 1224 647 2216 666 980 1102 523 723 1649 2346 2039 721 2250 438 2214 970 886 1156 781 1945 2164 2728 2087 1722 815 3635 960 986 1950 4354 2593 1676 1695 927 1235 891 3646 1345 2269 928 1211 1006 988 4043 251 2576 1821 772 2564 1488 1179 5225 2868 702 1607 2803 1757 2892 606 725 3310 6702 882 1544 1946 967 1608 1446 1674 1037 1892 25831 2168 1720 3053 5336 9184 1336 696 728 2765 702 1173 2913 4126 1888 767 1027 768 1408 2697 2542 1875 493 4119 673 2647 1984 1284 4695 1568 1540 3999 1796 364 1240 892 5170 1427 1450 922 4511 2470 1012 5100 1479 2281 2349 1471 1022 584 1087 1089 1607 1582 1487 3695 1709 1062 490 787 450 1061 4775 2048 3192 1408 1607 4405 3421 1158 439 2724 121 3504 2856 1621 1873 2965 747 821 560 4699 417 1614 579 2153 468 236 735 729 1184 6841 1127 790 521 2414 12590 1228 2492 9263 1802 1239 2463 1731 426 985 1252 2464 399 863 1346 2443 2530 3979 3347 2064 1457 633 664 1619 519 1495 2600 2249 1447 537 625 1022 309 5397 628 1057 6266 5232 2355 512 492 556 756 2648 2243 2021 1097 648 1641 1100 2418 3479 1159 246 798 621 1521 392 1107 209 2280 1084 4239 4340 516 603 615 2615 1630 9815 6536 2931 1345 2581 2253 1078 1049 814 1645 620 4080 2424 461 2396 1288 1593 2381 1129 4140 656 1715 2828 3902 7210 3110 2626 2342 789 7704 1765 2172 1084 4217 1129 5474 278 1360 1202 1519 6182 1087 361 267 1424 1371 1510 2905 1784 360 490 2399 1321 4188 1222 4590 1455 1041 1340 1045 2495 5940 1032 722 3077 1289 5383 998 2269 3677 678 849 1547 685 1141 2040 1235 1398 1205 705 3556 429 3420 1905 688 1499 1067 1675 2514 1643 2531 365 2244 2679 7052 2466 3034 1250 3468 1008 1355 815 700 471 2091 1834 2880 598 1610 4539 834 2860 701 3463 2072 1630 5839 3312 636 1584 2882 969 738 2142 4170 836 2388 652 1440 789 1133 967 1412 982 1062 387 1749 1077 2078 1954 1744 848 5209 2447 799 4505 853 2466 4754 3943 734 688 1388 492 1093 1102 1728 662 1163 2823 3096 1505 3639 924 1356 1211 932 1240 890 2025 1653 1133 774 711 4976 2049 1194 1959 2338 2719 2832 1322 4493 10160 1333 673 6167 1140 2433 392 3518 774 1011 357 727 1048 8630 748 1380 983 2324 775 1348 724 1421 480 901 4747 923 1315 844 1760 2875 762 1470 1527 956 1209 1665 8933 3283 945 1328 395 1249 2934 3612 1242 472 1087 2103 3023 1054 1244 4243 1258 1286 3573 2005 1102 5365 3159 2202 1951 1359 2009 847 2157 2213 4676 7935 2414 2365 1205 1291 1732 1202 1273 460 661 1013 1250 7269 424 2763 1511 3886 358 1846 7376 2224 1870 1580 531 2115 1696 1143 398 2370 1493 1181 1582 1971 894 2301 1298 1821 2372 844 564 3693 1439 3123 1116 487 1694 1023 2536 2421 1453 3031 957 1413 1411 1558 2961 2019 1559 2810 1075 1268 2291 3711 1144 838 1815 2740 2680 386 860 1181 221 2668 2695 504 448 2795 2334 603 2111 3982 2586 2173 2751 568 611 1484 594 1346 665 675 1032 2794 1105 793 2162 2104 720 3548 1625 2442 6200 425 3607 1457 787 2666 1578 3275 1233 2291 958 642 2109 1032 4100 959 1005 7944 802 945 7081 890 1477 794 2864 2093 2411 1137 162 1634 997 312 1648 6181 1400 1195 315 1848 2029 1120 1430 2429 2755 1040 1039 884 5154 1653 2471 362 4520 2676 1358 4638 667 1346 2032 3828 1701 1895 463 339 3390 845 1083 890 2640 869 947 1978 1450 1394 1092 1795 579 5332 1984 1149 383 982 4384 717 1988 864 1892 1484 1219 4103 9665 842 1041 3082 2885 1987 1322 696 836 1268 1338 1254 2606 949 2818 3056 2264 820 2171 1978 1896 1014 471 1582 864 2126 10030 1910 249 2164 761 2268 1685 370 3007 6240 2600 2789 1952 10222 2530 602 810 3208 3269 1206 1725 628 1981 590 732 818 1942 2305 1184 1386 839 674 690 1038 838 691 9572 3855 1985 1477 972 655 934 515 549 3124 1817 1285 1010 396 1557 1158 703 2150 745 2869 1262 3799 1077 1454 5829 3440 2236 1695 1208 3307 4375 477 2950 1672 1630 662 1360 1384 1945 1000 1007 8439 762 2853 3017 1814 995 949 1613 1216 3178 289 647 3028 2883 1825 3980 6072 1910 1811 1107 951 2062 2289 780 2344 1572 2312 2003 624 5885 3440 2808 509 6115 2247 1202 1605 915 1123 761 1158 977 1627 2912 641 654 680 1927 4161 589 5466 830 1656 736 355 1137 2164 517 2620 5151 613 1322 714 2117 833 2199 1599 3647 1024 1657 1010 759 1162 4314 4231 6213 966 1265 867 2179 3225 4039 2277 1419 2397 446 486 2868 714 3047 547 2428 2300 2427 1217 7220 474 1634 3104 578 827 615 1030 997 610 3038 438 3841 664 1364 3897 3540 2507 3874 1265 1956 1513 5057 2563 737 888 969 1294 1722 993 7629 1991 3141 267 686 1608 5183 279 1959 1180 1034 830 1108 726 1777 1386 611 285 1003 1403 326 2944 940 2920 3311 3176 1268 2215 720 2252 5142 1059 3411 1446 3119 1727 3634 602 2321 2200 1255 1613 1776 2280 1504 467 1141 1456 1492 1286 662 5655 3089 495 1350 1001 9277 848 912 2309 1058 1399 1959 638 1791 545 2862 2310 746 1616 2052 5449 1260 1255 3379 1751 1337 1938 738 3484 1951 3157 266 1704 940 8750 745 3461 1382 338 320 723 3190 1126 3202 3269 610 938 682 533 1199 707 324 6037 514 1694 633 398 631 1022 5583 621 547 1058 8594 1514 1024 1524 5619 1797 810 930 625 767 2469 3852 2711 703 2282 2933 2985 1282 2704 1812 3168 3934 5663 1646 2580 1446 318 2479 2363 966 2011 496 437 1144 2147 784 3748 2893 5543 2302 4612 1146 2394 432 2109 991 5035 1114 2154 511 2139 2681 2316 1244 1481 1022 3266 701 1112 874 2343 3357 1849 9651 356 2821 2464 2363 787 479 5054 934 1128 1411 497 548 1298 4131 952 1182 3451 1500 805 4440 240 4433 766 2006 2532 1375 1282 2519 441 1343 883 1934 5963 584 3273 537 544 1023 923 4234 467 1171 2500 5322 2212 3384 1655 2157 1181 1008 1662 836 2243 3013 4646 571 6110 1382 4410 3389 643 3541 4609 1452 1604 3044 663 734 1778 1334 826 1392 883 1260 1922 1062 282 1130 7723 2146 3967 2064 1501 726 6774 3274 3951 447 2538 950 2069 500 2974 2144 2571 2280 772 3164 6438 3750 5562 1567 4944 744 475 2717 1924 1989 989 1833 3019 1019 2023 1637 1188 4184 2163 509 2230 9967 974 1145 1755 1817 1647 1315 6920 1275 6124 1775 617 1805 7066 8526 1677 8634 1016 621 3220 698 1226 3523 583 1972 3493 1631 1181 1376 3035 1040 1236 3591 2252 1778 184 5618 2546 3420 3074 1087 1806 3141 3868 4527 1624 911 5335 2284 2266 4224 1788 3877 469 717 986 1358 574 1667 5963 1110 1855 677 637 3072 1587 1585 1333 3915 3784 2008 1297 1434 1242 1784 1490 3651 543 1764 4502 2713 702 2793 2654 2010 1447 1570 3913 1998 3164 663 2297 1818 1338 1484 5830 2250 501 4111 965 1111 802 1914 2302 1804 777 874 2596 2773 1759 7106 4864 3059 1259 1607 3802 2004 1689 4416 3772 453 1907 4327 860 1476 1793 3242 5594 885 5884 5134 1264 1056 3366 3445 1763 677 1609 1396 807 2498 3930 6171 1226 2063 1066 1422 7722 685 5884 1294 468 4375 1082 2133 2685 933 1032 1350 1187 1456 430 1094 2376 6717 3717 2148 750 2829 1890 2546 1391 1207 3372 2294 2908 1878 836 1883 2834 3854 2415 3451 461 2654 2365 3672 6326 1238 8996 399 2134 990 479 1009 4218 1853 2771 1034 3783 447 1902 714 885 1732 1024 1374 395 1484 1334 612 1568 897 5502 1857 5095 3170 7672 945 1111 3754 727 819 2281 1199 9064 2375 2368 1680 2254 4605 1924 7118 4203 1201 1645 2112 921 640 2501 735 707 2568 1334 968 567 438 2803 1090 1099 4986 1520 1321 1062 4113 1609 401 491 308 7307 1560 1150 1970 1825 2177 1602 3313 1292 1891 1352 338 3663 1268 3012 2078 2392 1570 1522 3156 2311 1428 2028 1219 970 3104 2312 700 643 4013 1743 963 1459 611 1401 3834 415 3036 853 1532 4730 3047 552 1316 1239 3688 1204 2686 466 1280 2088 1951 1757 2895 1453 2412 1909 2446 1202 1353 2416 841 1495 3598 1600 1796 2336 1267 332 2473 5087 2710 1499 2886 4271 1851 3257 4208 1455 5731 245 2094 2281 2159 1571 1345 2045 2460 2748 1478 1000 584 225 1123 1475 674 5770 558 1295 4172 492 4266 602 1347 1846 2675 646 932 1469 1704 1203 458 730 2135 968 2227 693 4787 681 1403 965 1331 274 762 1327 5023 1977 1279 1073 1399 2732 1459 4892 1066 519 2324 2060 701 1621 3157 1536 2132 702 1712 2520 2911 1523 3604 1463 1321 539 1930 1439 947 1199 2178 887 690 2163 769 711 1258 5303 2337 966 905 2608 1382 485 877 1874 2954 2161 6412 1524 607 2271 963 2337 1229 10114 639 975 1622 2680 2838 1392 638 2486 1983 1277 626 3335 3870 1985 1859 4057 2132 9072 2734 1594 671 2262 1780 761 1079 1699 350 926 1891 785 1396 1691 412 4823 990 3236 849 424 2395 1107 2580 2907 2942 1881 872 3169 1151 990 865 2168 1899 3659 4060 3625 4183 2524 1459 2509 1153 3580 4738 5649 1394 1415 2259 853 576 1602 2298 733 816 13813 4516 989 903 988 3857 1108 2735 1633 2980 2193 2030 412 2072 418 4306 6021 1817 1338 4528 2952 773 526 1026 891 8220 1243 725 3632 1391 1569 3378 1253 817 2786 1134 3776 722 1053 1074 1762 738 943 787 970 1741 2845 1994 968 2138 350 1424 4936 621 3495 197 3013 2615 573 2372 1957 1345 2558 4276 2112 3206 1601 2453 2461 1987 2418 3393 1063 389 624 1084 3434 761 455 682 3641 1288 1076 2498 1065 1635 1901 3161 2980 2732 605 3995 2330 4378 7168 4495 1126 1596 2523 1829 3797 5331 4234 2433 1515 1633 1720 1330 3338 1710 733 2433 7992 991 11164 732 614 3046 2761 3368 557 3081 1779 1636 2619 694 2075 2362 964 3432 2683 2427 1289 781 1884 1658 1121 2527 2059 5831 5704 2017 1483 1595 878 609 1121 465 2245 3080 7299 741 2324 1876 1148 1753 3183 954 2198 506 3727 2952 9207 787 238 4663 3014 1682 3861 2027 464 1143 548 1306 700 2700 1994 1951 1178 3376 2464 519 2054 1320 2098 554 2696 1810 2339 1325 814 1441 1412 2038 2703 1870 1148 3441 964 3670 5162 1273 1146 989 1599 1142 1667 1148 990 2367 3765 3848 2964 1386 1060 2371 8207 1375 2141 3477 2472 1282 2267 5056 628 957 2283 3960 526 3164 1455 951 3883 1189 620 909 2379 510 1578 758 652 895 2566 1522 792 2563 2780 4804 982 505 588 2630 3015 2535 2394 3194 2051 3471 813 1516 2885 640 1601 1908 2467 516 1683 4072 1079 1507 3035 1727 2325 1558 2674 508 3277 1316 901 913 2057 2007 3636 288 2914 2134 3067 1325 380 813 461 441 1578 683 3346 1235 1952 584 951 4014 823 1855 2148 577 2449 2360 5508 1299 645 1791 3335 2051 1302 3220 2015 2688 1021 352 2021 2898 787 1061 646 4915 2483 2662 1268 1165 932 2069 1707 402 4160 2874 945 624 547 5751 318 4349 1503 721 826 3154 1568 2131 644 905 1709 833 984 757 2364 2398 1390 2286 3031 2180 1097 570 864 1239 1227 440 1209 1473 1391 1240 3103 531 1733 804 805 1338 2055 2229 2201 4351 2201 3254 651 1666 484 685 1718 1045 10341 637 764 677 1215 2002 2385 768 484 1045 1684 3870 1407 1250 2014 902 2775 278 2175 3293 4505 2886 1788 537 1398 3274 1536 4443 2513 1812 1374 909 3252 920 247 2578 1750 1088 2050 2754 1564 933 3000 3264 941 1662 4985 927 1472 1622 2111 489 4456 980 2287 2112 1263 594 2851 1090 4078 347 5188 3690 198 3308 361 2319 2741 3570 331 1381 681 1930 2974 2244 680 3759 540 3619 3032 985 446 1778 2387 714 935 3604 1086 642 1437 991 1602 779 2764 268 3129 1640 2952 756 83 699 5760 6155 2075 670 2355 500 1234 412 6263 ]
@@@ Loss per-class: [ 0.519154 1.60354 0.871379 0.96285 1.05647 1.08454 0.893734 1.51121 1.17941 1.18095 0.603704 1.55768 1.17944 0.818961 2.05611 1.83751 2.83885 1.42528 1.35148 0.833794 0.786761 3.00836 0.980963 1.05562 0.854305 1.07661 2.76764 1.33545 1.78814 1.03059 1.37874 1.55411 0.662741 1.00819 1.09578 1.22813 0.760973 1.45202 1.01589 0.737045 0.871228 2.56186 0.95806 1.14533 1.20735 1.12728 2.04405 1.17101 0.731193 0.855739 1.09672 3.9756 0.839435 1.38477 0.768147 1.97901 0.740647 2.11669 0.576448 1.19383 1.88787 1.63195 1.38751 2.68781 1.09546 1.22055 1.72438 1.10354 2.47039 1.01759 0.925347 1.21525 1.82002 3.34245 1.59354 0.861653 1.23866 1.58336 2.30734 1.71802 0.969281 1.60929 0.80453 3.77768 1.44537 0.871959 1.38575 0.870593 2.86206 2.23394 1.68641 1.70103 1.79628 1.84403 3.38739 1.04185 1.3184 1.85484 1.12948 3.13546 1.23803 1.30393 1.67458 0.803365 4.21186 1.28418 0.769982 0.719769 0.656806 -nan 1.53586 2.19797 1.81756 1.22838 3.06723 0.893786 2.6654 1.26179 0.963716 1.1938 1.01544 -nan 2.72182 0.83539 1.51856 1.27028 1.20677 1.09804 1.13702 2.01193 1.18833 2.87437 0.662464 0.577519 1.72768 3.23133 2.76021 0.731747 0.840802 1.82219 0.809854 1.46635 1.24706 1.11994 1.04174 1.51582 1.00775 1.52009 0.558238 1.52326 1.22461 1.46282 1.56468 2.4693 0.901785 1.02498 1.95939 0.724979 1.50291 2.06168 0.801242 1.86795 0.759084 -nan 0.648407 2.0105 0.894641 2.35756 2.07454 0.783941 1.07267 0.533811 0.833777 2.20179 1.51014 -nan -nan -nan 0.778332 1.0195 1.36245 0.551011 10.3219 1.75119 1.82657 0.735761 1.73032 2.57371 0.715376 0.80351 1.76572 1.05386 3.49741 0.801633 0.951642 0.823378 1.64703 1.32685 2.55512 1.40176 0.886321 1.6051 1.05476 -nan 1.28099 0.932566 1.53177 0.856987 -nan 0.921942 0.992701 2.56509 1.22183 1.59968 1.29069 1.63687 2.01479 0.908412 0.601627 0.246331 0.409175 1.98452 0.918886 2.31646 0.655451 1.55643 0.92569 1.26008 0.840996 0.551981 0.99164 1.09727 2.61112 1.1497 0.824333 1.79441 1.09386 0.861092 1.16971 0.696526 0.979734 0.933443 0.604168 0.567565 1.58421 0.998251 0.491674 1.44309 0.629417 1.05772 1.29662 1.06552 0.759651 2.05598 1.35036 1.13606 1.09036 1.65016 0.61568 0.652669 1.43544 0.966915 1.16338 1.5639 1.23098 1.09292 0.803855 0.607185 0.788292 1.34804 1.80207 0.659814 0.765232 1.20768 1.06576 1.38955 0.451767 1.19879 0.758701 1.04404 1.35087 1.33592 1.27499 1.20094 2.01971 1.11255 1.85679 1.10925 0.911948 1.6194 1.46815 1.22764 1.69629 1.27219 0.941555 0.896217 1.71548 1.01741 0.99147 0.861251 1.32454 1.38401 1.16905 0.657948 1.18474 1.60191 1.84364 1.18619 1.4732 1.22256 0.716654 1.68283 1.01758 1.32983 1.60373 1.13394 1.15588 1.02484 0.980825 1.87232 1.13304 0.991135 1.7495 0.983587 1.24747 1.57159 1.49751 0.827604 1.0485 1.69134 0.757162 1.39041 0.82366 1.21453 1.43718 1.35865 0.978692 1.64603 0.962768 1.213 1.98572 1.16152 1.23906 1.36577 0.625762 0.932139 1.30106 1.65985 1.44845 1.66766 2.07703 0.984986 1.11223 1.21951 1.06471 1.73642 2.29541 1.02857 0.753219 1.22929 1.13214 0.418923 0.622601 1.10471 1.73975 1.41917 2.04934 1.61651 1.82548 2.05583 1.54692 2.03767 0.934307 1.57497 0.914742 1.16551 0.615193 1.61802 0.776721 1.21511 0.65829 0.927119 0.680339 0.884688 0.819469 0.721204 1.46236 1.31215 0.796621 0.929138 1.48454 1.09539 1.02866 0.608321 0.944643 0.836521 1.61331 0.661684 0.573007 1.48996 0.781724 1.4631 1.23504 0.947101 0.755367 1.06469 0.878185 1.83957 0.764223 1.06343 1.09152 1.41003 1.09858 1.65259 1.32693 1.05122 1.33015 1.40778 0.836194 2.18535 0.908048 1.306 1.50665 0.968405 1.20466 1.33423 1.5028 1.65308 0.999684 0.716005 1.53763 1.98286 1.73248 1.46073 0.853799 1.4091 1.32925 1.73915 1.72114 0.766004 1.07173 0.72193 2.02627 1.88826 1.25731 1.65524 2.19622 1.32349 0.979722 1.54174 0.789645 1.71705 0.927583 2.17671 1.22032 1.37824 0.928516 0.79283 1.97565 1.1915 1.5241 1.78165 1.08221 1.14677 0.991 0.958199 0.752686 1.65158 1.66521 0.915293 1.24003 1.81505 1.93065 1.60886 1.50702 1.12152 1.57073 1.27414 1.82858 1.29814 1.14398 1.28479 0.450526 0.44818 1.95123 2.03038 0.922791 0.845242 0.946536 0.675734 2.03597 1.1128 1.10804 1.53026 1.54145 1.52663 1.97226 1.65198 0.905749 1.44162 1.09276 1.5257 2.28688 0.613267 1.03106 2.11752 0.89046 1.03092 1.21552 1.34883 0.864308 1.15452 1.16976 2.03902 1.74346 2.17367 1.34906 1.44598 1.57504 0.96208 1.59892 0.965725 1.50099 1.29392 1.6245 1.98109 1.16301 1.72261 2.03569 0.742652 0.934151 1.56558 1.22488 2.71538 1.78393 1.5863 0.73008 1.1431 1.33253 1.22851 2.2926 1.34456 1.6456 0.700752 0.476232 1.59815 0.836919 1.27967 1.02363 1.53902 0.791612 0.848905 1.78854 1.78474 2.30612 1.38789 0.767561 1.00568 0.814754 0.797488 0.990702 0.986007 0.882624 0.699074 1.06338 1.72791 0.785801 1.27274 1.84334 1.88088 0.943325 0.962166 1.75626 1.66264 1.01355 0.67784 1.58813 1.90816 1.5045 1.84283 0.721848 1.60737 0.952895 0.777579 1.16295 1.08533 1.66825 0.8074 1.42372 1.35776 1.57841 1.33269 0.957871 0.908588 0.769002 0.682274 1.74313 1.44816 0.707983 1.08926 0.834964 1.55569 0.926987 1.26756 0.80185 1.06795 0.892879 0.695235 1.07134 0.730066 1.23357 1.44459 1.99239 1.93619 1.45906 1.92001 1.32576 1.62944 0.814043 1.66596 0.821597 2.25297 0.464891 2.00575 1.05091 1.17927 1.59954 0.791236 1.52781 1.44814 2.0132 1.31244 0.682483 1.79811 1.7876 1.15708 1.20219 0.998307 1.68608 1.56142 1.05252 0.881727 2.02436 1.23785 1.41098 1.04231 1.00644 1.07038 1.15371 0.960205 1.49893 1.45277 0.731649 1.81255 1.45161 0.804548 1.64135 1.06695 1.35653 1.21558 1.31211 1.09494 1.22704 0.551826 2.42499 1.55308 2.1117 1.96663 1.49261 1.51072 1.3193 2.13607 1.04314 1.34898 0.970383 1.20886 0.811553 2.15009 1.33238 2.1552 1.24265 1.26196 1.67462 2.63212 1.0896 1.16704 1.52196 1.05454 0.887846 0.572372 0.706376 0.892437 0.670056 0.951217 1.08306 2.55981 1.7108 1.25056 1.1319 1.2546 1.00138 1.30744 0.673019 1.20456 1.06379 2.05051 1.70322 1.3351 2.179 1.61143 1.03743 0.929978 1.36803 0.331407 0.998637 1.03701 0.623851 1.30141 1.4502 1.58346 0.810037 1.03664 1.41121 1.14581 0.539595 1.19341 1.6879 1.01329 1.31919 0.889401 1.84701 1.63704 1.03733 1.0478 0.780241 1.26934 1.65756 1.28249 1.26652 0.833745 2.08109 0.989288 0.98069 0.516512 1.45877 0.702628 1.43353 1.0308 1.72739 1.50396 0.720793 1.07322 0.752128 1.71599 1.27103 0.498132 0.962546 1.124 0.864696 1.08928 0.983185 1.55074 0.620533 0.658482 1.7039 1.39642 0.762194 1.47458 0.591895 1.60007 1.41641 1.6108 1.01609 0.949638 1.00494 0.921397 1.18513 1.75845 0.893978 1.38872 1.57879 0.940968 1.72661 1.25369 1.32677 1.41872 1.47768 1.57571 0.895686 1.28651 0.975617 1.4174 1.71273 1.04073 1.00358 0.443934 1.45949 1.09092 0.865581 0.905761 0.833056 1.56798 1.28966 1.04853 0.870638 0.674579 1.10098 1.83778 1.86752 1.4698 1.76005 0.772542 1.06964 2.76694 1.23279 1.06758 1.5876 1.69835 1.04854 1.02662 2.34023 1.67476 0.839084 2.36932 1.26203 1.08062 1.97154 1.65545 0.77338 1.06427 1.16965 0.739261 1.24372 1.02509 1.1244 1.34823 1.52841 1.45744 0.486842 0.716611 1.78193 0.837436 1.07147 0.848582 1.18386 0.713767 2.16519 1.5061 1.13492 2.1235 0.628436 0.711222 0.755807 0.768813 1.04809 0.601527 0.922909 2.16662 1.3075 1.7855 1.16852 0.908329 0.657549 1.73743 0.694574 0.965642 0.806001 1.31442 2.05674 0.897225 1.05554 1.32302 1.58313 2.02916 1.29695 0.744159 2.14815 0.906447 2.07905 1.40649 0.65633 1.57096 0.756501 0.972977 0.904027 0.706666 0.81665 1.52156 1.25037 1.26518 0.970978 0.87306 1.18986 1.04914 0.875777 0.987048 1.57818 1.83945 1.89882 2.57455 1.13892 4.13442 2.08442 1.25703 1.03289 1.36633 0.893248 0.881114 1.51322 1.48972 1.39369 1.77999 1.91143 1.28106 1.62995 1.20826 0.520297 0.928657 1.06801 0.989072 0.780677 1.76276 1.2686 2.04546 1.20791 0.724479 1.4697 0.702372 0.656456 0.626678 1.32058 0.64501 0.726058 1.27016 3.03434 1.5044 1.37087 1.52942 3.55561 0.505275 1.13882 0.977186 1.07327 0.820983 1.56462 1.51658 1.13852 1.97177 1.13492 1.14936 1.2284 1.03828 1.38308 0.984863 1.23628 1.08079 1.19685 2.22513 1.48041 0.913126 0.649549 0.83039 1.1618 1.07979 1.28603 1.33729 1.16881 1.11783 1.34219 1.47098 1.02324 0.982678 1.87785 1.5736 0.884552 1.29398 1.59619 0.851176 0.895767 1.81476 1.01929 2.1853 1.69142 2.30108 1.1938 1.20355 0.809283 0.969646 0.767382 0.942923 1.00917 1.49634 1.26143 1.04016 2.38143 0.973307 2.15861 1.19259 1.67038 1.05066 1.37737 1.15966 1.60327 1.58889 1.37126 1.28875 1.18542 1.72956 1.6857 1.96554 1.69576 1.14681 1.16338 0.836923 1.38634 0.845325 0.807696 0.969301 1.3851 2.69368 0.951585 1.92718 0.914315 1.35322 2.48425 1.07768 1.10249 1.69264 2.0779 0.917681 1.7061 1.52723 1.65015 1.18082 0.994294 1.02192 1.6024 0.867015 1.1699 1.46262 1.54894 0.659042 1.28852 1.19277 0.977922 1.54178 0.802226 0.672388 1.27456 3.04724 2.06586 1.31334 1.46697 1.05008 1.56212 1.32576 1.5058 1.58661 1.39427 0.871368 1.02645 0.734842 1.21921 1.11953 0.637651 0.611139 1.19644 0.978098 1.11481 0.99409 0.612574 1.76863 1.34408 1.62074 0.841303 1.0928 1.86519 0.735156 1.22844 1.86318 1.99371 1.90572 0.568789 2.00431 1.34693 2.57101 1.61541 1.41982 1.26617 1.36668 1.93766 1.0091 0.951051 1.54805 0.789571 1.49652 0.883363 1.06326 1.75423 1.59968 2.00608 1.76874 1.42918 1.64579 2.95046 1.22225 1.34112 1.79956 1.39874 0.856476 1.57701 1.21768 1.23388 2.01289 0.698771 2.0176 0.848627 1.34214 1.88918 1.84365 0.806327 0.965896 0.576315 0.974729 1.90307 0.651748 2.11792 0.972 1.23948 0.52353 1.02434 1.15409 0.736854 1.77887 0.854724 1.33261 1.29586 1.01652 0.676329 1.38687 2.12924 1.12586 0.989848 1.1326 2.84694 0.853239 1.12169 1.34558 1.1428 1.57465 1.4743 1.19658 1.8624 1.39368 0.550332 0.987131 0.809424 1.16408 1.2877 1.37284 0.779365 0.758399 1.78455 1.05476 0.977301 1.4303 1.61137 1.32601 0.811436 1.65135 1.11101 0.672392 1.37626 1.55609 1.45672 1.04746 1.33071 1.18133 0.966965 1.79895 1.14891 1.88152 1.9995 0.624095 0.709937 1.54886 1.28627 1.43774 1.25501 1.62022 1.18705 0.935732 1.06717 1.93703 1.22502 1.1956 0.910999 1.40899 1.08417 1.08559 1.13573 1.78987 1.01323 1.19279 1.40171 1.40467 0.963969 1.44381 1.14159 1.84355 1.92766 1.09461 1.70954 1.53735 1.19868 1.20493 1.32848 1.17936 0.77524 1.13895 1.14947 0.725324 1.13088 1.07935 2.24949 1.13047 0.992797 0.980524 1.22217 2.78105 1.04285 0.804495 1.54284 0.540556 0.828148 0.886956 0.763166 0.970252 0.797605 1.25477 2.1888 2.10432 0.912343 3.65985 1.02909 0.668397 0.720353 0.664027 0.972766 0.895887 1.10649 3.01466 0.688551 1.23427 1.22638 0.981308 0.92771 1.38211 1.32351 1.47157 1.32946 1.61107 0.656186 0.825546 1.29456 1.13675 1.03643 1.2252 1.59792 1.40301 0.942234 1.71396 1.76509 0.824019 1.41946 1.54218 1.30971 1.30979 0.94251 1.74079 1.35555 1.14859 0.814207 1.16779 1.88348 1.94993 1.01653 1.37606 1.69203 1.73685 1.76581 1.11109 1.24191 1.63455 0.844209 1.69658 1.55601 1.46257 1.88557 3.34797 0.732768 2.05865 0.918505 1.73276 0.901023 2.18525 1.64 1.34956 0.790239 2.17583 1.38721 0.954178 0.884804 1.0541 2.81385 1.50076 1.89746 1.9871 0.976288 2.44888 1.08172 1.24613 1.76002 1.25248 2.29569 1.70942 2.81326 0.920929 0.878474 1.53077 0.605023 2.55611 2.47167 2.06205 1.09688 1.41333 0.386016 1.11791 1.01413 0.62414 1.64684 1.39409 1.90179 1.24533 0.959315 1.70124 1.90771 1.06036 0.73136 1.66356 0.797928 2.1509 1.02812 1.49345 1.44693 1.51741 1.37401 0.94478 1.4734 0.823114 0.869069 0.988732 1.22427 1.12539 2.16223 0.761526 1.37304 1.21929 1.14873 0.863878 1.25301 0.65858 1.60973 1.71668 1.07895 1.03039 0.636219 1.51787 1.0958 1.24367 1.26398 1.34809 1.60827 1.03946 1.06654 2.19481 2.14461 0.895178 1.41175 0.572377 1.18026 1.02645 1.57643 1.46934 1.76711 1.40245 1.12765 0.92363 1.42632 2.20895 1.20671 0.859042 0.969962 1.92826 1.41642 1.30588 1.18728 1.53722 0.774324 1.87886 1.0614 1.04168 0.795043 0.857515 1.25129 1.11555 1.01405 0.966596 0.67945 1.37047 2.4772 1.28383 1.68084 1.22202 0.85825 2.30896 1.01679 0.744339 0.981555 0.954457 0.899853 1.05973 0.92216 0.985554 0.771844 1.48792 0.934707 1.15783 1.81234 1.05681 1.78906 1.34893 1.10656 2.20161 1.92828 0.737636 1.0983 1.3582 1.49588 0.992751 0.808716 1.07646 0.498934 0.569525 1.74641 1.5368 1.07023 1.46883 2.01537 1.51288 1.71952 1.65854 1.20486 1.63656 1.00501 1.57526 1.62375 0.996755 1.14144 1.61099 2.03768 2.36373 0.835631 1.50364 0.813099 1.34846 2.14044 1.06656 0.618688 1.7962 2.37356 1.30888 0.929768 1.47126 0.740582 0.571646 3.37814 1.6072 1.31269 0.922538 1.27775 1.1036 0.871136 1.31916 1.00575 0.606194 1.22437 1.97202 1.12287 1.90958 1.14918 0.847194 1.06665 1.10676 1.22119 1.22296 0.952355 1.51512 1.98776 1.4479 1.13205 1.12751 2.76785 1.35542 1.17621 0.95992 1.88598 2.18046 1.35768 1.15116 1.30586 1.21242 0.642199 2.45973 1.16425 2.27725 1.15408 1.20138 1.29926 1.20007 1.37106 1.27565 0.475239 1.34823 1.1239 1.07583 1.77006 2.00762 0.819106 1.18082 1.1765 1.43489 2.28185 1.23264 1.57155 1.15815 1.83639 1.4058 1.93465 1.148 1.38 1.1686 1.41409 1.84161 1.6108 0.590464 0.722654 1.94026 2.1268 2.95512 1.11276 0.839665 1.26905 1.32407 1.67463 2.47654 0.757244 0.779089 1.58836 1.12254 1.2494 1.34367 1.85701 0.829211 0.675837 1.00348 1.14844 1.29851 1.02625 0.834118 0.956597 1.50383 2.02347 1.88912 1.07335 0.916886 0.762462 1.30177 1.94561 0.689341 2.37994 1.51604 1.39605 1.55173 1.16635 1.49817 2.0445 1.9498 0.829715 2.09034 0.984528 1.02206 0.724209 1.37264 0.751552 1.5001 1.72644 1.15392 1.04456 1.51 1.00023 0.82691 1.30895 2.10366 1.51844 1.16256 1.28246 0.95742 0.611149 2.01628 1.12091 1.20166 1.28162 1.25609 1.50902 1.84435 1.32544 2.29359 0.61532 0.996411 1.48316 1.82791 1.9613 1.43805 1.2424 1.2656 1.20896 2.30383 1.21172 0.942435 1.48466 0.551072 1.51389 1.94055 1.83603 1.68418 1.52383 1.1624 1.96989 1.38592 1.97443 1.26064 1.22139 2.00749 1.94103 1.41635 1.2072 1.38169 0.917175 1.23565 1.76594 1.20483 0.848344 0.521227 1.38007 1.30401 1.16784 1.20386 1.21782 0.73548 1.08141 1.16607 1.38169 1.84271 1.30703 1.26187 1.27201 1.8029 1.39162 1.30446 1.83058 1.56869 2.0706 0.944136 0.946339 1.34263 1.75145 0.76283 1.35008 1.16622 1.29121 1.70493 1.63434 0.949358 0.708699 1.35187 0.985328 1.61096 1.50885 1.05193 1.65868 1.14861 1.93814 1.32321 0.881259 1.65626 2.8528 0.811768 2.46259 1.32079 1.83241 1.47553 2.46688 1.19991 1.50606 2.8585 1.37024 1.61183 1.38955 1.52069 1.22553 1.07786 1.30947 1.55481 2.17369 1.07331 1.37248 1.25902 1.11429 1.05461 0.862467 2.09061 1.32441 1.28252 1.44609 1.22951 1.6914 1.68522 1.49691 1.61281 0.849275 1.45919 2.07394 0.483464 1.2391 1.09178 1.19072 2.46915 1.46326 1.32739 1.35524 1.65018 1.72044 1.5806 1.70685 1.3101 1.15257 1.96197 1.60614 1.36161 1.24899 2.46069 1.32619 1.33452 1.35722 0.678916 1.22762 1.30194 1.83816 1.36486 1.4929 1.03358 1.1047 1.03742 0.668615 0.98632 2.45455 1.43792 0.880058 1.58383 1.53377 1.2163 1.80207 2.12812 1.46464 1.23822 0.744144 1.18444 1.17927 1.39241 1.28697 1.41058 1.63966 1.35662 1.17372 1.42142 1.48024 1.50711 1.80128 1.46438 1.1637 0.94313 0.81704 1.48128 1.31958 0.772072 1.41646 1.06095 2.28401 1.13915 0.813772 1.28791 0.96935 1.89043 0.945355 1.40876 1.78434 1.879 1.25251 1.61558 1.34151 1.17288 1.77044 1.27048 2.73862 2.56189 1.31149 1.43105 1.21727 0.907356 1.13758 1.20363 1.88561 1.51624 1.26971 1.60389 1.18171 0.630583 0.813126 1.42164 1.41442 1.49472 1.72082 1.42407 2.25473 1.5738 0.670911 1.40595 1.72 1.02465 3.30631 0.984397 0.973551 1.44437 0.922622 2.13736 1.9002 1.60624 0.737987 1.80161 1.86652 0.454357 0.943201 0.909141 1.33933 0.775177 1.60234 0.781383 1.47197 1.49956 1.79148 1.68307 1.05256 0.678114 1.22099 1.14952 1.89886 1.78723 0.907373 1.87671 1.479 1.01078 0.787138 0.937037 0.772306 1.55916 1.95183 0.967913 0.96867 1.25408 0.9022 1.14149 2.28975 1.40775 1.25529 0.865257 1.94515 1.45441 1.53903 1.43045 1.34458 1.20258 1.46224 0.628001 0.627245 1.33368 1.65385 0.789787 1.3644 1.33939 1.92538 0.726429 1.48309 1.3617 1.48464 1.59972 1.21904 0.954199 1.00964 1.41182 1.29775 0.932147 2.2324 1.83334 1.79457 1.20005 0.995458 2.7024 0.735884 1.4043 1.73086 1.55532 2.03303 1.63505 1.33181 1.54165 1.50089 0.661034 1.53077 1.01372 0.960189 1.48414 0.959445 0.967916 1.76382 1.47267 1.35198 1.81283 1.75739 1.34492 1.29869 0.557453 1.76547 1.07218 1.49922 1.67621 1.07467 1.5579 1.507 1.01353 1.50195 1.89256 1.87315 1.78645 2.69335 1.79528 1.61018 1.43523 1.35065 1.02581 1.18807 0.923409 2.1405 0.74585 1.6154 0.887829 1.62271 2.63228 1.60364 1.93269 1.89242 0.757919 1.59026 1.41414 1.46262 0.859501 3.18091 1.38932 1.11495 1.05393 1.62848 1.59766 2.6607 1.13827 1.23028 1.40344 0.816924 1.57449 0.988332 1.13479 0.861462 2.04387 1.78578 1.13176 1.72952 1.16077 1.26248 1.59047 0.964414 0.735897 2.00314 1.20707 1.49356 0.993277 1.66313 1.8722 1.62298 1.65729 0.825435 1.29473 1.92363 1.41637 1.45101 0.880225 1.40505 1.49071 1.41822 1.89347 1.57248 1.62121 0.828681 1.073 1.84195 1.39423 1.62603 1.27274 1.27518 0.833392 1.1416 1.32136 2.38408 0.588826 0.706991 1.38106 1.72518 1.56061 1.68892 2.69821 1.99892 1.98592 1.95248 1.60717 1.20128 2.54456 0.967836 1.45145 1.23563 1.3557 1.28305 1.34085 1.1551 2.00666 2.08581 1.3412 1.03424 1.67633 1.78611 1.9158 1.8331 0.916729 1.18265 2.0778 1.00254 1.2893 0.951697 0.732197 1.7414 1.22785 1.52236 1.43161 1.91566 1.45108 1.04725 1.20929 1.33776 3.44465 1.41033 1.7505 1.09652 1.55929 0.739331 1.75223 1.95526 1.6091 2.00704 1.30541 2.55269 1.36781 1.27921 2.34094 1.07366 1.82223 1.82226 1.42627 1.90006 1.06856 0.846323 2.71721 1.16719 1.30475 1.84472 1.74171 1.73011 0.859682 0.966621 1.60754 1.89293 0.76862 1.83916 1.29346 1.48259 0.864248 1.70328 2.64245 1.0855 2.1084 1.44658 1.3833 1.20693 1.1259 1.72676 1.1178 1.48779 1.18867 1.15065 1.79017 1.02686 1.13933 0.640261 0.999869 1.41144 1.05084 1.26278 2.35548 1.67021 0.899787 1.05551 1.79852 1.2028 1.39033 1.54169 1.77293 1.00499 0.868747 1.04243 0.705252 1.80747 1.38298 0.950584 1.37238 1.24446 1.25341 1.57836 1.00741 1.30395 1.53639 1.46982 1.22936 0.905936 0.967214 1.47026 1.71542 1.34745 1.37486 2.38734 1.96302 1.04152 1.3182 1.43117 1.22594 0.76239 0.915277 1.28748 1.2546 1.27523 1.38697 1.31169 1.02616 1.39207 1.19539 1.43084 1.68631 1.76905 1.76866 1.20648 1.20307 2.58348 0.98205 0.947368 1.44563 1.30613 2.02582 0.591774 1.08082 0.944714 1.13573 1.32268 1.6325 0.976292 1.30196 1.62046 1.85313 1.17238 0.650068 2.13886 1.44439 1.97427 2.33289 1.30615 1.45581 1.51374 1.83719 1.30752 1.28295 0.756653 1.68447 1.60698 1.58003 1.2953 1.92552 2.27474 1.24968 2.58985 1.69658 1.60861 0.602632 1.75921 1.3429 1.03899 0.820286 0.736781 1.53141 0.965887 1.21362 1.39515 1.8462 1.09457 1.2669 1.45486 1.37157 1.38268 2.40253 1.3182 1.8583 0.614823 1.6084 1.34972 0.957398 3.40801 1.31395 1.77057 0.621416 1.8804 1.72763 1.70212 1.05292 1.29852 1.50243 1.29981 1.22297 1.32048 1.46402 1.38915 1.81232 1.43632 1.10995 0.822159 1.76113 1.4838 1.11455 1.65119 1.30129 1.14612 1.11515 1.42948 1.62597 1.31635 1.42655 2.03803 1.47557 0.969394 1.21223 1.87489 1.54744 1.327 1.48965 1.59624 0.659948 1.62162 1.42122 0.892589 1.51969 1.26789 1.1891 1.97373 1.08485 1.43034 0.999899 1.29117 0.921691 2.16944 3.12287 1.73028 1.55371 1.19619 0.983429 1.1507 1.75635 1.99757 0.973345 1.04832 1.94418 1.62415 0.940855 1.30213 1.36952 1.76197 1.6148 1.4005 0.946452 1.90153 1.66533 1.37175 2.20306 1.17408 1.39013 1.10961 0.848371 1.12958 0.707501 1.31553 1.31109 1.65622 1.26919 1.37821 1.95564 1.26971 1.6039 0.774433 1.39758 1.20215 1.32387 1.15604 2.61392 1.9887 1.52222 1.03884 1.88084 0.957026 0.941656 2.13095 1.74009 1.0042 1.47331 1.86542 1.46807 1.49282 1.72165 1.80078 1.24321 1.17907 1.68039 1.08198 2.25617 1.21424 0.925156 1.32019 2.01206 1.40471 0.873011 1.63925 1.54711 1.23508 1.30662 1.3266 0.680357 1.30242 1.73568 1.7406 0.860158 2.75595 1.6428 1.68926 1.21397 1.13088 1.24929 1.42226 1.64094 0.867304 1.34869 1.95751 1.67085 1.62551 1.65047 1.96178 1.30698 1.00574 0.645705 1.65003 1.87672 0.404579 1.35898 1.61216 2.21898 1.02889 0.990833 1.11398 0.952556 1.00291 1.40958 1.8345 1.39847 1.33153 2.18723 0.855855 1.82381 1.75921 0.945094 1.84186 1.32452 1.13317 2.20571 1.88369 1.07603 0.997349 1.54497 1.52776 2.10433 1.46886 0.895756 1.13085 0.953826 0.944305 1.23113 1.53607 1.26655 1.55668 1.58129 1.26176 0.80332 1.76559 1.79691 1.01951 1.31369 0.7971 1.58128 1.96914 1.92735 1.04146 2.10806 1.32342 1.72602 1.46063 1.16563 0.980876 1.65851 1.74316 1.42683 1.13153 0.962803 1.23349 1.01093 0.943201 1.35773 0.810094 0.974789 0.888529 1.59524 1.48574 0.880852 1.32508 1.16127 0.920394 1.66084 1.57895 1.25383 0.906442 1.25518 2.31077 0.715109 1.28074 1.36185 1.40276 1.57508 2.16233 1.12612 1.37308 1.54231 1.60582 0.876434 1.01162 1.34233 2.39392 1.48522 1.10959 1.72103 1.68889 3.67021 1.40215 1.3324 1.59026 1.12988 1.29794 0.833924 1.45289 1.07015 1.39267 0.821964 1.25688 1.42695 1.49277 1.48379 1.33635 1.78124 1.39856 1.58229 1.39287 1.17563 0.954516 1.03898 1.36385 1.0113 0.825979 2.17206 2.00878 1.35874 1.19846 1.44776 3.52298 0.731229 1.55365 1.27647 1.24551 1.46794 0.951632 1.46395 1.04513 1.28998 1.82959 1.42194 0.981684 1.52953 1.15892 1.86225 1.16239 0.849752 3.30619 1.81541 4.37677 0.729385 1.66853 2.4451 1.02643 1.06753 1.64724 1.65991 1.30937 1.77863 0.800961 1.88547 1.34178 2.08039 1.37671 1.43305 0.598132 0.931939 1.39135 1.30914 1.0684 1.40115 0.909336 1.47195 1.8965 1.68695 1.18981 1.59043 1.97111 2.06617 0.832665 1.70948 1.72435 0.968539 2.33015 1.92183 0.840143 1.74949 1.44708 1.52746 1.70908 1.38958 1.18278 1.56878 1.25605 1.40422 1.15075 1.58142 1.15931 1.66516 1.03697 1.56503 1.49267 1.68839 1.48079 0.79703 0.603992 1.52109 1.60194 1.33889 1.99423 1.70077 1.43629 1.29887 1.04633 0.891929 1.2999 0.686638 1.4266 1.56389 1.26394 0.703781 1.08223 1.78489 1.57153 1.33264 0.783926 1.66087 0.950851 1.16736 1.05498 1.88387 1.57499 1.14592 1.16909 0.977488 0.885925 1.20006 1.4236 2.03991 1.36284 1.66187 1.11181 1.04325 2.10548 1.26474 1.77522 1.67948 2.42333 1.61741 0.889875 2.06271 0.822088 1.49919 0.544225 1.30105 1.53207 2.39715 1.43347 1.49587 0.777509 1.51345 2.06985 0.775879 0.868897 1.88186 1.73768 1.80351 1.65688 1.0894 0.664877 1.79558 1.17192 1.5706 1.80901 1.64405 1.03067 1.36698 2.63437 1.84506 0.800197 1.18701 1.61374 1.41913 1.22846 3.448 1.30225 1.10902 2.34693 1.81891 1.14356 1.44708 1.87655 2.61155 0.894368 1.50171 0.78258 1.77441 1.26708 1.55789 1.66641 2.36191 1.529 1.39772 1.27873 1.06727 1.09353 1.47681 0.888798 1.11679 1.81031 1.91363 1.65174 1.24592 0.83424 1.3139 1.19617 1.35992 1.11932 1.47056 1.48355 1.1972 1.12505 1.3395 0.74401 1.32158 1.77961 1.46085 1.03073 1.45339 1.47762 0.423258 1.42443 0.917937 1.46251 1.03464 1.40046 1.82857 1.73374 1.5274 2.18483 1.7634 1.99831 1.58332 1.32175 1.79717 0.852298 1.14095 1.63878 1.05625 0.759575 1.02638 1.3298 0.790742 1.12663 2.09258 1.86717 1.66775 2.84943 1.01964 1.57807 2.5784 1.44207 2.30536 2.07935 1.04351 2.43414 1.71261 2.29443 2.46967 1.2735 0.746311 1.03604 1.35526 0.770777 0.954868 1.87036 1.40556 1.20247 1.59406 1.55563 1.44852 2.07479 1.20091 1.31413 1.4702 1.25247 1.56446 1.42098 1.59647 1.75052 1.56261 1.48912 1.42718 1.71163 1.80721 1.83551 1.0827 2.0166 1.3794 1.64414 1.23607 1.70174 1.18842 1.78741 2.64458 1.93501 1.70433 0.614865 1.85447 1.85668 1.3957 1.34097 2.06833 1.92341 2.49448 1.96101 1.46551 0.917522 1.25448 1.81548 1.59677 1.77773 1.09801 2.24813 2.5133 1.7897 2.16508 1.19267 1.43748 1.38084 1.48622 1.34319 1.12203 1.57516 1.86093 1.47228 1.56163 1.7801 1.11236 1.44691 2.49678 1.45608 1.39083 1.43207 1.44389 0.925183 2.58275 0.885695 1.3306 2.14659 1.95703 1.55472 1.54601 1.79287 1.6474 1.191 1.41599 2.02592 1.23911 1.29814 2.08451 1.81318 1.26702 2.45888 1.21244 1.43431 1.51269 1.08966 1.72154 1.67133 1.15035 1.3156 1.28337 1.40291 1.48518 1.93557 1.59293 1.56355 0.702177 1.36078 1.77821 2.26852 1.53067 1.69449 1.69343 0.949061 1.21586 1.65928 1.37693 1.41872 1.20909 1.10257 2.43089 1.50211 1.27766 0.905505 0.885721 0.611847 1.62851 1.83083 1.01701 0.819589 1.53236 1.10566 1.26102 1.357 1.5369 1.78258 1.85293 2.27757 1.58674 1.2812 1.74583 2.05444 1.52771 1.86318 0.530023 0.965814 2.0942 1.91435 1.75015 1.35204 1.36544 1.49198 1.62856 0.915925 1.36224 2.00685 1.28729 0.774815 1.99865 1.77799 1.25906 1.33943 1.94527 1.66252 1.37695 1.71196 1.58679 1.61267 1.05069 1.143 1.24261 0.996373 1.9243 1.14727 2.11959 0.826488 1.22671 1.42448 1.66011 1.44481 0.822787 0.914006 1.76859 1.68325 1.53066 1.10428 1.76651 1.22614 1.8006 3.13147 0.943845 1.27604 0.96365 2.52332 2.8676 1.12252 1.44089 1.38091 0.787922 1.74407 1.44561 1.42651 1.65827 1.59971 2.43429 1.3211 1.78125 2.15099 1.46117 0.880664 1.56936 1.78153 1.55096 1.19307 1.86168 1.41969 1.58726 2.25841 1.59999 1.31504 1.97083 2.39297 1.59777 1.90005 1.81581 1.3229 2.35494 1.4083 1.6497 1.12153 1.45666 1.79936 1.71208 1.28731 1.43444 2.07413 1.60737 1.23375 1.83814 1.9527 1.8864 1.48398 1.34308 1.58658 0.916738 1.75974 1.13212 1.42266 1.4259 1.46803 1.12544 1.25802 1.43416 1.43152 1.64985 1.36103 1.82435 1.06377 2.25507 1.30641 2.11887 1.4598 0.925116 1.81927 1.137 1.53138 1.44415 2.12424 1.71979 1.56131 2.42658 1.82876 1.48192 1.89107 2.42098 1.67949 1.3224 1.55557 1.8466 1.88345 1.33299 0.87253 1.86962 1.18027 1.58355 1.49969 1.45298 0.950793 2.1548 2.31578 1.31289 2.25318 2.24491 0.97163 1.84898 2.02833 1.68297 1.47613 1.79284 1.29396 1.53751 1.18099 1.18871 1.88639 1.56599 2.40221 1.5858 1.50338 1.83559 1.53798 1.91645 1.92507 1.59531 3.2679 0.853876 1.67505 1.30091 1.38517 1.33284 1.93001 1.6001 1.7365 0.965701 1.31856 1.754 1.76002 1.31853 2.73233 1.87464 0.907646 1.60439 0.665545 1.35676 2.41749 1.24963 1.3734 1.02923 1.53322 1.27391 1.31595 1.2223 1.24352 1.59109 1.79338 1.95704 1.41076 1.90025 3.30672 1.31417 1.66953 0.690231 1.20396 1.5515 1.29503 1.43742 1.38779 1.51216 1.35289 2.35938 1.68107 1.36936 2.14777 1.29229 1.38045 1.05293 1.31114 1.56301 1.284 1.66498 0.749737 1.25851 0.728295 2.02624 1.60254 2.1642 1.93361 1.52426 1.09521 1.55489 2.08298 2.1051 1.87015 1.58466 1.14515 1.39096 1.40775 1.30251 1.53097 2.94609 1.57811 1.98713 1.26354 2.25182 1.20249 1.61112 1.87863 0.842997 1.84131 1.49451 3.46906 2.10549 1.68641 2.01807 1.7304 1.75845 1.97987 1.64839 1.41835 1.12761 1.14506 1.29883 2.20133 1.59648 2.00411 1.03194 1.92562 0.823472 1.16459 2.0215 1.6956 1.4299 1.06933 1.37737 1.51831 3.24946 1.36413 2.02084 1.37423 1.4976 1.51085 1.46036 1.54122 1.52738 2.58147 1.2152 0.942488 1.81905 1.13284 2.14071 1.23657 1.64914 1.71375 1.50875 1.35764 0.949653 2.29654 2.05311 2.01982 1.14866 2.18898 4.18226 0.981291 1.96216 1.4274 1.37449 2.04039 1.86634 1.52136 1.01166 0.721869 1.81746 1.59605 1.83985 1.5079 1.21029 1.64091 0.72943 2.1497 1.54189 1.16275 1.24116 1.38247 1.66914 1.12468 1.22047 1.91791 1.29848 2.23489 1.56822 1.12646 1.56399 0.983977 1.69884 1.59785 1.39179 1.79994 2.76995 1.58809 1.45517 1.37049 1.01713 1.20988 2.59098 0.883132 2.99898 1.82157 1.20324 1.53154 1.06904 1.16334 1.34738 1.50352 1.41203 0.976974 1.88713 1.15503 1.63319 1.94696 1.11292 1.98331 1.51287 1.44475 1.05623 1.4166 1.73782 1.30729 4.72706 2.93888 0.996728 1.08227 2.09969 1.43141 1.34254 2.73775 2.233 1.77143 1.19872 ]
@@@ Frame-accuracy per-class: [ 82.827 52.8689 75.5927 73.8606 72.1693 73.8796 74.1957 54.0984 63.9219 67.0511 83.0789 52 66.7429 77.0946 44.96 49.1103 27.2727 56.8193 64.7966 72.954 77.2634 17.4603 71.2899 67.9752 72.5327 68.6482 29.1237 59.4808 45.2122 64.3579 63.898 51.3746 77.9559 68.8686 66.8865 63.1558 78.1083 52.6235 69.1034 79.6467 74.1896 37.3041 74.4325 66.996 67.4435 67.4262 46.4891 67.8662 78.7282 74.7617 65.4095 5.30973 74.1726 58.6728 78.1579 47.1253 78.8758 37.7049 81.1368 65.6967 48.6578 55.639 60.5495 28.616 65.9371 63.8298 48.8136 67.8505 36.1789 71.6828 72.7665 62.5431 44.8187 21.8855 52.2103 73.8819 62.5574 56.7026 31.5961 51.6717 70.8432 51.4523 76.7965 5.21327 56.0923 75.0477 58.3185 74.2512 21.6327 36.7459 51.3393 50.8614 50.828 49.5751 27.1028 70.1534 63.559 48.7508 70.1349 16.4786 62.5557 65.2466 50.8235 77.4844 14.8649 63.9125 75.9128 76.6885 80.6811 -nan 51.2718 38.8991 40.7767 58.0863 19.5385 73.4124 19.1147 61.0543 69.5494 64.9485 70.0984 -nan 15.3386 74.88 55.5777 56.0137 63.2141 66.2903 68.2682 43.0588 64.3979 29.6296 80.4637 82.3765 53.9026 11.5385 31.051 77.1791 75.2868 48.5294 75.7873 58.8895 63.6163 67.591 67.492 54.314 69.6356 42.7383 84.0094 55.6808 62.0738 54.4128 57.0147 32.875 74.8782 67.6077 43.6475 77.0858 50.463 34 76.204 45.8967 76.2744 -nan 80.7618 46.2185 75.3687 33.8583 47.7387 77.0098 69.8276 82.4432 77.7778 38.5604 59.7685 -nan -nan -nan 76.8984 69.164 62.4444 83.3578 0 52.6198 44.5682 79.2056 50 30.1587 80.2532 75.7345 43.6141 68.567 20.155 74.2923 71.8626 77.3292 52.5945 58.7833 37.2396 60.7634 70.8289 51.264 68.3988 -nan 63.29 72.3178 51.6917 73.7213 -nan 74.6932 73.4259 34.3558 65.3938 56.7073 58.8905 40.3509 33.7229 70.6469 80.027 91.5067 86.0698 39.8071 66.2754 31.2655 80.8964 56.8529 72.2772 61.6226 72.8507 84.8274 67.3959 65.9732 27.9476 68.7037 73.1602 46.1921 69.1778 74.3172 63.0713 76.1146 72.2543 67.5711 80.4365 83.0189 53.8086 69.2058 84.9047 54.434 80.2792 69.3296 63.4149 68.2113 77.8556 40.7328 60.3175 66.2665 69.1727 48.0588 82.0963 78.3851 60.1896 71.1029 66.7068 48.714 61.2798 64.2008 75.2932 80.7667 74.258 61.2756 49.0605 79.5402 79.6053 66.6139 66.189 59.6633 87.8546 65.2669 77.8022 68.6716 56.0938 63.2979 56.6691 66.6348 46.0756 66.7538 48.5551 66.2236 73.2919 41.9076 59.4059 65.3447 51.507 61.4761 73.3174 68.7648 49.1294 60.1434 71.1744 74.573 55.6302 62.4179 64.3165 82.0417 68.4949 58.1158 45.4414 65.8406 56.1113 59.9303 76.5262 52.0341 71.2697 60.515 53.1667 67.7331 66.5949 65.1949 69.6663 52.3976 68.4466 68.75 48.2929 67.1937 62.6955 56.8712 50.8876 76.5774 69.5326 48.372 77.0968 63.0117 75.7052 65.8654 60.3199 61.4058 74.6079 56.446 73.0707 65.9078 46.7012 67.9315 61.5617 57.0263 81.3393 70.0472 65.5779 57.9858 58.3658 52.9971 46.6667 72.2497 68.5801 62.7473 69.9554 51.3668 30.9796 69.8003 77.0701 65.6027 66.1417 87.632 80.885 68.6524 48.9352 58.6779 43.8963 51.7791 50.6427 38.9361 58.4394 43.8503 72.1739 55.8315 73.9369 62.7401 80.9064 50.8703 77.9214 66.4985 82.2753 74.5476 81.0567 77.0992 76.7509 81.4655 60.2113 59.9831 75.5093 72.2628 60.0858 69.5807 70.6933 83.4431 74.5953 74.8433 53.1335 81.6317 83.2918 55.3191 73.494 60.3652 64.723 69.7403 76.4138 68.2102 74.5542 50 78 67.8135 67.3627 61.983 69.2308 51.31 62.7838 69.4416 61.6239 59.9073 73.5145 37.3117 72.5154 64.116 57.8789 71.6465 66.8216 60.4785 58.0034 50.6522 66.4237 76.9068 56.9301 44.9371 50.3825 59.6189 74.7053 60.2168 65.117 51.2431 53.5292 78.3124 68.3387 79.1695 44.0663 46.8349 64.7239 51.4178 38.5407 62.3193 71.2788 54.8496 76.2629 43.3954 72.5931 33.8624 63.7561 62.0815 72.0061 75.3134 46.4088 62.0276 59.322 51.8135 68.4615 65.7759 68.2927 73.901 79.5809 51.8929 51.5016 73.0061 63.6905 48.0859 46.1731 52.6385 58.9049 65.4902 55.9094 63.6018 45.7801 56.7481 65.8043 61.1354 88.1957 86.1263 46.9646 44.4348 73.8429 79.1126 73.0119 78.809 43.6522 67.2609 67.849 58.4151 51.2748 58.0645 48.2688 53.3514 72.4209 50.6089 64.4983 55.5666 38.5714 81.3116 71.5887 43.8158 76.0639 72.2177 58.1181 62.4644 76.9886 68.3698 65.7443 44.3114 47.9482 37.6927 58.7377 57.776 54.2471 71.075 54.6352 72.253 57.1429 59.0542 50.3902 47.6675 68.3099 51.2563 43.5842 77.451 72.214 53.81 61.6992 33.5337 50.2334 53.9797 79.5881 68.3544 60.3841 61.6483 34.152 61.4822 58.7262 81.0363 84.6797 58.4241 77.4521 63.0975 67.8232 56.5025 77.2142 75.8852 50.2899 45.0673 35.3664 51.7406 72.9958 68.705 75.0742 77.2994 73.2877 70.2903 76.2279 78.7227 67.8771 44.3571 77.9448 64.2992 50.6229 40.1709 73.9359 69.1239 51.7478 53.7159 69.056 82.4708 48.3516 46.2953 59.436 44.8967 82.9506 54.1562 72.0559 77.2862 67.1374 66.2269 48.4044 76.0426 58.8997 61.1009 55.8036 59.0689 72.3953 71.6324 74.4231 78.9545 47.646 58.6858 81.0354 68.3957 75.6462 51.4009 70.8598 62.9091 77.998 67.437 71.09 79.2202 68.4187 76.874 63.6674 61.3711 46.792 46.4586 55.8422 45.9852 56.2809 55.611 76.4771 54.6518 76.3113 38.0028 87.203 43.5106 64.2308 65.4438 56.7696 74.0876 55.1338 59.589 36.7868 64.5862 79.1444 50.2013 49.347 67.0225 67.1663 70.1744 49.2958 51.5358 69.8638 72.9858 45.7965 65.4605 61.093 68.1713 71.2617 65.1504 66.0622 70.7263 53.1444 59.1265 77.6631 50.1867 56.5327 72.8868 50.0505 65.1719 58.8595 65.0242 64.0841 66.4792 63.6879 83.4513 34.4595 58.4939 38.6425 37.6666 57.8406 56.5421 61.1987 37.2914 66.569 56.447 72.0019 60.4993 75.8663 35.671 64.4578 33.7838 69.186 63.0298 52.7182 25.5633 65.5188 65.3517 55.7391 69.5946 74.7171 82.4439 78.9081 72.6327 78.7253 74.6392 65.8779 29.2398 51.8738 62.2832 60.1711 59.0299 70.3282 61.688 79.7216 62.363 69.1914 47.012 52.3297 62.4468 41.5403 56.3498 65.9091 73.1129 59.6244 90.7394 73.1127 69.3182 82.3229 60.4036 60.812 59.0744 78.4857 69.0395 60.1616 69.3271 82.9146 63.5463 45.5882 67.9519 58.3333 73.7921 46.7254 45.167 74.0816 71.6863 77.1346 61.8631 52.456 63.6961 64.2241 76.3463 39.6985 70.5232 72.5448 84.5372 59.4189 80.0758 59.5385 71.7 56.1905 49.2865 76.8097 67.408 77.0682 49.0929 65.0568 83.0483 70.9569 61.8982 75.5401 67.7108 70.0553 56.0023 80.5701 81.6308 52.3901 58.2508 77.459 54.6512 84.0525 45.706 55.9448 50.3817 67.9679 70.5951 70.6384 70.9917 65.8678 44.3211 73.6842 56.4086 52.3188 74.1945 47.006 62.9127 61.0652 60.7618 58.5347 55.0369 76.1417 61.6479 71.6088 56.6984 42.4128 69.7195 69.0544 86.8512 60.9211 69.3593 74.2241 74.349 74.4121 53.2767 66.0934 70.5934 75.9611 81.4895 66.5656 52.4347 55.3086 55.7471 54.6034 77.1829 70.5361 23.4774 62.1103 71.7003 51.4938 52.8899 69.6015 69.3241 39.2136 48.3898 75.823 29.484 57.8526 67.0285 43.0011 51.7026 77.0125 67.1136 66.3113 78.6384 65.5309 71.1864 66.3534 64.8773 58.6386 56.3218 86.0451 78.2281 50.7075 75.8371 68.3243 75.0534 68.8615 79.5888 41.4136 57.9741 68.2982 38.6341 80.1266 79.3651 79.2065 78.2625 68.7958 81.0838 73.2403 38.3244 64.0389 49.1553 58.1738 75.3487 80.675 51.5793 81.1116 73.7011 73.3733 60.989 44.9376 72.5061 70.9703 60.696 55.5762 44.1279 67.2996 77.8312 43.6937 74.0651 44.5799 63.4454 78.5612 52.6022 76.9982 70.3418 74.3136 79.9501 75.9499 56.6005 63.7209 63.5662 69.0189 71.8766 67.4208 68.7943 69.5597 70.7482 52.1935 35.3378 41.5477 31.7352 61.7534 7.99087 37.4138 65.0233 69.4515 63.015 74.1033 73.2339 54.9821 54.1471 64.0896 46.9565 34.5845 61.5276 53.2185 66.6667 83.6638 72.1191 67.9612 70.6231 75.4072 50.242 59.7538 40.1466 68.2306 78.4471 55.9871 79.126 79.3296 82.9598 62.0121 80.1659 75.7009 63.989 10.3093 58.3053 58.5034 59.3069 15.098 84.2795 66.9607 69.8308 71.3712 74.9809 54.1085 60.1043 64.2948 39.7218 67.4368 66.4781 62.2442 70.2868 58.838 72.8362 64.5455 67.9107 66.4275 38.4873 59.4474 71.1078 82.4224 74.0964 66.0109 62.2276 58.0173 58.607 65.924 66.0451 63.4029 56.5628 69.008 70.8459 48.8809 44.2734 73.5723 59.8692 56.5244 73.8652 73.0266 46.437 67.6015 44.3535 48.8911 30.1392 64.3694 65.8269 77.3832 70.9052 78.3056 71.6471 68.3581 59.245 65.3762 67.6437 35.9331 74.8131 40.6965 68.113 50.9576 67.6516 60.3765 62.8724 51.25 49.3838 61.707 59.0826 64.5234 52.1669 49.6263 40.7875 54.2495 65.7658 65.5862 75 56.2162 75.4321 76.5454 70.4932 59.7122 24.8268 72.619 48.7748 71.4103 60.2168 23.6215 72.8125 61.0553 56.8182 42.6743 72.9881 50.8706 57.564 55.4662 57.8638 74.6066 73.1684 46.7308 72.0642 65.7222 58.4967 54.8544 80.4699 64.0904 66.2153 69.7522 51.3004 75.0397 80.4697 61.0086 20.8084 51.1111 63.318 59.1852 71.5096 55.9177 57.29 43.7338 54.6314 55.9299 76.6492 71.8531 78.5071 62.4835 66.4683 80.3429 81.3725 67.9501 72.0025 65.7921 70.7941 81.5461 47.0833 60.208 50.9398 73.2066 67.6372 48.1864 79.2107 60.8899 41.8967 43.7392 47.9239 82.2499 39.174 60.9056 28.6506 55.079 58.1543 56.8792 53.0071 30.7426 68.3461 72.8395 55.3609 76.149 59.2455 72.9545 68.1028 42.5445 55.5121 46.732 50.2318 58.3032 51.0511 27.3469 60.0726 60.2294 43.7068 63.7962 75.0639 57.0378 60.749 59.2444 44.0639 78.7715 40.7216 72.2348 62.6298 42.3816 51.2082 75.2311 66.4956 81.0254 71.3124 54.1104 80.055 50.8333 69.8783 62.9744 84.5889 67.8365 65.5728 77.2861 56.0949 77.004 60.8305 59.0784 70.4089 79.9471 57.1121 38.6457 69.8807 67.8138 67.1036 23.506 76.8245 64.5799 64.1192 66.4977 51.3441 59.3723 66.1053 48.9888 58.8319 81.0828 72.4938 77.0063 67.4274 56.9307 57.3793 76.8278 76.6189 43.9909 68.5881 71.2744 59.2554 53.2338 61.2725 77.0609 52.6519 69.556 82.1726 61.762 52.3837 57.4844 67.8036 62.6416 65.3443 68.1034 45.8791 64.1591 46.8661 39.9829 81.5654 77.1934 52.4894 63.8853 56.7673 57.8125 48.8636 63.8858 73.1314 67.7867 39.3509 65.647 66.419 75.935 56.502 63.3178 68.5197 66.9005 47.7273 71.4679 64.6437 63.7363 59.6774 72.87 60.5609 66.6433 48.6897 42.8416 68.8982 46.3563 56.8182 61.3137 66.7343 64.007 63.8144 76.8185 65.362 62.8425 79.1168 64.6465 67.8905 34.7661 65.6355 69.1475 71.9134 61.7702 30.6122 68.1067 78.2222 55.1367 83.6649 77.3926 71.6165 76.1364 70.5663 76.6856 64.2502 34.5423 36.6743 64.8311 8.26446 62.4715 79.972 78.5318 81.527 69.8145 71.8876 69.3057 17.6786 77.0802 64.2686 65.3036 72.3661 75.3832 60.4701 64.4068 60.6803 60.3567 53.5473 80.1199 74.8004 63.038 64.6833 69.0969 58.4432 50.9772 49.2376 73.7234 50.8324 49.2333 76.2891 51.9931 51.8779 52.9949 55.9904 71.875 46.3659 53.7659 69.5394 73.5162 67.5099 42.2971 43.0535 68.6531 62.0453 58.1359 46.5361 50.8956 70.1349 62.8763 54.6923 77.1454 55.4941 52.1415 59.04 46.9667 21.0356 78.3954 45.8599 75.0237 40.6958 70.8142 30.5732 54.6875 55.6911 74.2806 33.5979 58.3459 74.0972 75.8041 68.2771 20.9877 56.1853 43.0909 41.9355 71.7735 35.7204 68.2927 61.4035 49.2754 66.4037 36.4796 53.2069 14.3541 72.5877 73.2472 55.6263 82.4654 29.2636 33.1675 42.439 65.1243 60.7362 89.4651 66.9064 75.2985 81.4126 50.678 60.4527 42.7644 64.8236 72.3587 45.1672 51.2903 70.4657 79.3317 54.6638 76.1686 34.5497 70.0565 55.9429 54.2958 54.7343 59.2988 75.1603 53.0057 75.0128 73.5506 71.1254 65.3465 67.5064 37.3891 77.7778 58.0737 58.2873 66.6052 72.8243 61.2932 81.4943 57.9137 51.3235 68.6356 66.7544 80.8314 57.2217 73.6842 59.9251 62.5 58.8621 54.4371 70.3614 70.2354 50 43.6735 70.5294 58.6677 84.2646 63.1751 69.39 57.0447 51.2968 51.4179 58.3732 70.2204 71.6498 58.7209 39.4737 64.1859 74.2436 71.8001 47.3948 59.3213 61.8983 67.4041 57.0082 77.8281 45.5474 68.0982 69.2157 77.8138 74.392 66.39 67.9433 68.982 71.7949 79.2398 61.6273 29.2151 62.3082 51.4527 58.8657 75.0199 38.4662 72.6985 74.5205 68.6275 71.3326 71.9512 65.9367 71.0283 75.28 75.6632 57.1429 70.9225 69.0798 48.1429 70.0637 46.2936 60.5234 70.2431 40.9699 43.6025 78.189 69.0647 60.7692 56.2054 72.4228 75.0483 69.6933 85.9736 82.7295 56.6038 53.5354 67.5573 56.8627 57.0461 54.0616 46.3789 52.1531 64.9916 50.4601 69.0278 55.2598 55.3398 72.6991 67.068 45.723 41.2429 40.5685 75.586 56.3603 76.6603 60.696 37.7294 70.4009 80.1305 53.6984 31.5394 60.9323 74.7948 50.3244 77.4716 83.2868 14.1689 51.3081 58.0692 72.7642 61.7566 68.6933 73.3218 60.1208 68.1857 80.7297 60.9173 40.598 68.5078 41.8831 66.4454 75.3097 67.7039 63.1452 64.7191 60.1975 73.3817 53.1333 47.8036 60.3376 67.4638 68.2284 26.3819 61.0005 65.2695 74.1449 48.7994 40.2421 59.7151 66.7618 60.9902 61.2184 78.8714 35.614 66.5845 36.7347 60.0057 62.7907 62.7102 63.8655 63.1362 64.5992 85.8285 53.2086 70.5072 67.7518 49.4406 47.2258 75.0742 67.2652 65.9395 57.2917 37.6249 62.6712 51.7876 64.0304 44.6682 60.8523 43.8261 63.5171 62.0408 64.964 58.9958 49.4624 55.4955 80.3985 79.6528 43.9153 51.1295 29.1139 66.6133 70.4158 66.3898 61.3527 51.9068 29.8988 78.5069 78.7959 51.8027 67.6045 57.0115 60.3339 47.6672 71.2566 80.6983 72.1416 67.5116 58.4362 69.0282 74.3721 72.1854 53.559 42.3849 48.9105 67.1035 73.8238 76.0302 64.3331 42.1987 80.6639 28.4276 52.8291 60.2329 54.9882 64.3478 58.6989 39.9803 48.64 75.0034 38.6792 72.2403 69.8875 76.4025 55.8659 78.1148 59.0564 44.1996 66.0428 72.7215 63.0885 70.3546 76.7099 58.0052 43.4673 57.173 66.4434 65.0296 73.2617 81.1771 44.8546 69.3611 62.4037 64.1406 61.2142 56.3981 48.4043 62.3071 35.7887 81.9404 71.8638 56.2628 51.2987 44.7703 59.2666 64.5188 66.6208 67.1726 36.6771 61.3588 68.1786 58.1515 84.2283 59.9802 38.5504 44.9466 51.7209 56.7035 68.7036 35.8663 66.521 50.1193 60.3857 66.7518 41.7537 47.1503 65.1163 64.0135 57.4661 72.5637 65.7143 51.9841 67.1875 73.9893 84.9614 63.1841 54.7134 65.2938 65.5452 61.3438 79.462 63.0282 67.1031 60.0404 44.9495 60.9955 64.0602 63.5556 45.3488 57.6593 60.181 42.623 53.6078 37.3574 72.9167 68.743 62.0308 49.9181 77.5968 66.1176 64.2917 56.9664 51.5883 53.826 72.4968 80.7634 63.0981 71.6281 58.8727 57.1651 71.5031 52.3256 67.7317 48.3837 59.1045 70.1662 58.1047 16.5079 77.6444 31.0112 59.3094 44.9622 54.3994 30.817 62.837 60.774 22.2222 63.4639 53.661 61.5385 52.6092 66.85 69.0714 64.0167 55.873 42.6948 70.3795 58.125 66.2238 67.1058 68.1307 75 41.8672 60.6335 66.0652 57.7737 61.5136 53.8674 50.3319 50.5605 57.4374 75.1401 61.1694 43.9822 85.7776 62.9833 63.9624 64.8021 36.5011 57.2271 58.6431 58.1065 53.1856 51.3483 48.9015 54.3153 57.9725 67.6441 43.7241 50.4304 58.6081 66.1281 33.8515 54.126 59.7278 60.4003 86.6841 63.9511 61.9526 48.1172 60.8149 57.5231 69.2918 67.3181 67.6784 79.9903 66.6943 30.8789 61.7675 70.1493 58.2322 54.5043 54.7655 45.546 36.4833 55.6782 63.7519 78.7879 63.5457 66.2803 57.8424 60.4058 57.3763 57.561 58.4984 67.0374 58.6498 56.8047 57.7495 49.3047 55.6713 67.0743 68.5743 76.1257 60.6426 58.0869 77.0039 58.7302 66.5875 35.6757 64.1171 77.0994 58.5 71.6027 52.1004 71.8059 60.3162 55.9801 43.4568 64.9938 53.8085 63.4328 68.6377 54.7771 65.8253 28.9831 30.3279 61.7359 54.7889 64.2082 72.1284 67.0274 66.031 47.7745 55.3623 66.474 52.864 65.9913 81.9056 75.7977 59.4962 53.893 55.3498 49.6183 57.6017 43.301 51.3661 80.9539 57.7876 53.463 71.3861 15.6566 72.1259 69.6028 61.1664 71.907 42.2819 41.0247 52.2979 78.1785 48.8394 46.3549 85.5378 72.0349 73.8372 63.4218 76.8212 49.1382 75.84 58.9099 52.8814 43.7201 51.9632 68.7311 80.8088 67.7746 64.3188 44.4 51.0427 74.6652 43.9633 59.2008 69.473 78.7762 71.9598 76.5016 55.5487 47.2039 71.3342 71.6263 61.051 73.2497 67.4991 39.3973 48.1407 61.1495 75.7592 44.1193 60.6143 56.1514 61.9787 57.5797 63.0769 53.4556 81.1069 81.6176 62.5562 49.5192 77.4511 53.1977 62.1439 35.3635 72.7065 59.101 60.8985 60.8723 55.3005 65.4497 68.3311 68.0484 53.9406 60.9711 70.9478 34.9454 48.6239 48.6765 64.5044 71.0646 29.202 79.2353 63.253 47.8865 53.3967 45.0704 54.1777 62.2458 57.06 56.8702 79.9845 57.0962 69.7428 67.0868 54.3222 70.108 74.6703 45.7786 59.6929 56.543 51.8407 47.0297 61.0013 60.4131 83.9824 50.7445 70.6261 55.5901 46.8775 67.128 54.4745 58.1085 66.7244 53.7989 50.2467 43.179 46.6368 26.5432 46.1646 56.8627 58.5822 58.5009 70.0165 66.3043 71.9819 37.6335 76.5235 50.211 73.5618 53.8982 28.3737 55.6227 42.1138 48.4466 76.4293 49.6721 57.6695 61.1872 77.4278 13.7048 59.0176 65.4606 67.7401 49.9801 40.7331 23.4783 64.9284 64.3093 56.6541 76.785 51.9674 68.3559 66.0475 75.1932 38.5598 49.3454 62.2231 48.1668 64.4062 64.794 52.4781 69.3408 78.7575 39.4265 60.1327 56.6102 71.1799 51.9277 48.7365 53.168 49.2403 76.2626 61.2111 44.5614 57.4277 57.0207 72.3926 56.7935 56.5957 57.363 44.2767 50.9131 50.8675 77.3363 66.25 48.5346 61.163 49.6695 61.0671 64.5228 75.3447 67.5738 59.301 30.5648 82.4645 77.5455 61.5139 52.6968 56.0811 52.0614 31.3165 49.4647 40.4032 45.6731 50.2681 60.8865 35.4985 71.3528 53.5448 63.2323 58.0741 59.7403 62.3801 64.6226 45.5044 46.2538 59.1682 70.336 53.6498 51.5674 43.8861 49.3578 72.5716 65.7143 33.6461 70.2351 66.1306 68.563 76.3492 51.5538 61.2607 60.4226 59.2371 44.324 56.9106 66.992 64.4798 62.2743 22.5564 59.3897 51.1702 68.1029 53.2886 72.5802 48.3357 49.1124 55 42.8769 59.5925 34.103 60.8057 59.9572 33.1148 67.0576 51.9062 51.0319 48.2902 43.7058 63.2716 71.7409 29.7665 62.6328 62.5592 43.4673 57.8447 49.8043 75.515 69.8873 49.7258 40.6427 75.4596 46.9617 64.7461 61.3517 72.0413 44.463 33.3333 65.3763 41.76 57.3664 56.2171 64.7196 67.5028 50.7824 66.17 49.1988 60.3015 65.6006 47.6701 73.0132 66.0669 79.6645 68.5856 59.2345 71.3178 57.6072 34.9057 53.0859 73.2543 67.8054 50.2238 64.3145 61.3272 56.6434 50.5356 70.2806 75.2401 67.4386 78.6758 48.3058 65.5247 70.5934 60.2339 64.1204 61.2138 56.5086 72.1549 60.9515 52.5998 59.8826 64.0019 75.1212 69.6028 58.119 48.4132 61.8395 62.9822 31.2411 44.1547 70.1373 60.5207 58.0578 64.2509 80.8206 69.9438 59.9433 63.7987 63.8172 59.4663 60.5428 70.4195 61.349 68.7057 54.2169 55.332 45.8029 51.772 67.877 63.1303 34.0948 69.7479 69.1333 62.4845 58.3108 42.9167 82.4949 71.0183 70.2393 68.1675 61.9636 57.9563 71.2187 56.4626 57.3343 41.6761 63.0817 81.8045 43.3219 59.2423 50.4655 26.6544 58.651 54.3879 52.6925 48.8223 60.3757 60.92 76.569 52.0344 55.9397 55.8308 62.4015 46.5707 36.3095 63.5379 26.1962 54.2131 54.6963 82.0276 45.1839 60.5565 72.9378 74.3764 77.9876 53.1882 72.9455 67.3682 58.4711 44.8254 70.9921 65.9125 60.3542 60.7987 60.5697 32.6877 60.1293 46.7724 81.5873 52.2373 64.1243 70.922 16.3717 60.6112 50.932 81.1696 36.531 50.3664 49.7245 68.0248 64.5388 56.3149 60.8501 62.569 61.4737 60.2707 52.2 53.0935 53.778 68.1836 74.0351 55.4404 58.3755 68.3908 39.3867 60.8055 65.2202 66.6464 54.0323 49.8947 59.9558 60.6549 42.0312 55.2073 70.7038 65.3528 46.7125 54.7207 53.6958 53.4512 46.9407 81.4609 48.9194 57.2197 73.5929 57.0842 61.5721 67.4074 43.3682 69.4596 60.7605 65.9682 64.0784 72.3547 38.0845 20.0972 52.2438 43.5607 60.0985 72.093 69.8402 55.8071 46.2158 71.5217 68.7679 43.8825 50.5535 71.3551 66.3793 51.1881 44.6352 56.0542 59.157 71.4662 41.4423 49.5146 51.7683 44.4494 62.6547 63.587 68.3517 75.6088 64.5029 77.1633 56.9457 61.9048 50.971 63.2368 58.14 42.1798 64.4347 53.3271 76.0946 54.8544 64.0862 61.5213 65.5146 31.3433 44.212 57.8093 67.5258 47.0383 71.0858 71.1722 40.1802 45.0135 66.9129 62.0094 42.9688 55.1985 55.3312 50.7877 48.7101 64.0063 65.239 49.1133 63.3194 40.7407 63.1166 72.8188 61.4626 45.6722 58.1633 73.7894 49.6498 53.1339 66.3086 62.5471 58.209 78.5764 58.9809 51.2906 49.3994 73.8306 16.2896 50.2394 53.1353 65.1719 67.7898 64.4597 58.5778 51.0978 72.829 65.4922 45.1845 51.7456 49.2685 53.0843 39.1353 62.1622 71.3959 79.9692 49.1886 47.527 88.2494 60.7525 53.5796 37.3312 67.8905 70.5681 62.6747 70.8703 66.5082 57.4496 50.7726 60.5139 61.3127 43.4884 77.1003 47.7412 47.3165 70.5756 48.9266 61.9137 64.9981 38.8449 46.9697 71.6578 69.7533 58.1395 56.7208 44.6861 55.3725 74.969 66.3731 70.8906 68.7409 59.1354 44.6437 60.4128 58.5091 46.4387 61.8978 76.1557 47.3725 45.5128 71.2 62.5693 75.6212 55.419 45.0161 52.4225 73.037 40.8593 63.3929 47.6744 59.6892 67.7609 74.4678 49.5292 49.9534 62.5333 69.1764 70.1587 64.4148 73.3285 71.831 62.0107 75.7193 73.3494 70.4473 50.4785 55.709 74.6295 60.7421 67.0807 76.3547 55.0976 53.6172 64.9471 72.1678 64.638 34.168 77.5011 58.6466 58.5754 61.1111 56.1587 35.0842 66.5244 61.8996 57.4161 52.9981 71.6098 68.4564 55.1525 37.8151 60.226 70.3233 51.0742 53.639 14.9367 64.3531 62.2189 53.5948 69.898 60.5351 75.7906 59.3969 67.0069 60.8202 76.0819 64.2328 55.3555 54.7416 59.0096 56.5324 40.5962 59.9666 54.1924 63.7474 63.3024 68.869 70.8962 61.8893 69.6466 75.2459 37.1877 47.1274 54.1033 67.6136 56.6775 9.53125 78.5686 53.4694 63.9321 62.8894 60.8696 69.7314 56.0847 66.6667 63.6104 50.6422 59.1447 68.8728 51.1184 64.0424 49.2467 61.9256 74.4562 11.4713 48.0652 8.11688 77.4189 55 34.9565 68.4264 68.8767 50.4364 52.0599 63.4772 52.7864 77.578 48.5207 67.1598 33.3606 58.9905 59.0305 83.3975 70.9866 61.3376 63.4691 66.2864 57.8105 75.4902 52.0217 45.201 55.6701 66.1405 52.9412 51.1429 37.6361 74.5577 50.7745 51.6096 73.8177 34.8609 45.182 71.9092 46.988 60.5731 55.3341 54.3081 52.7273 66.6229 55.0725 60.1064 57.95 67.7603 52.907 64.4453 54.2918 70.2344 54.0709 55.1512 53.7279 54.5769 74.7419 81.4677 64.6936 54.0883 57.5707 48.5588 53.4768 57.0749 67.6923 71.5675 72.0625 62.8062 80.137 52.723 60.5422 61.8277 76.1156 67.8229 48.966 58.5932 56.029 78.0119 51.8268 69.7956 66.2543 70.6683 39.1837 53.3429 65.7606 64.289 66.0726 74.1264 65.8191 57.3984 49.2722 57.0365 55.3 67.9795 65.7778 39.8041 63.2542 46.7359 55.3726 32.9749 45.4826 72.5551 46.1382 76.8636 57.4751 83.8901 58.6132 50.1682 36.0681 58.1545 57.9986 78.5211 57.2735 45.8515 77.2603 76.4871 45.7645 50.9205 49.7835 51.1176 68.8693 81.1119 52.0207 57.4756 51.4599 53.1496 58.3271 71.8694 54.0718 28.7725 40.1678 75.6254 67.0937 52.0219 59.0352 63.1332 16.9557 61.1015 69.3689 36.5193 58.2973 69.9398 55.7943 44.7936 31.7664 73.715 56.9048 76.8808 46.1589 62.9578 57.4846 56.5481 37.2913 58.342 61.8485 61.4572 68.1401 71.6253 52.8749 73.4783 67.6838 49.2848 51.6174 52.5437 62.2101 76.166 65.3209 66.5193 57.477 70.4776 58.3505 57.5827 64.6211 66.1476 57.6122 77.8072 63.7795 49.5881 57.1114 68.2243 59.6919 55.3295 88.2836 59.6244 72.6154 59.0012 70.597 59.7956 48.9943 49.373 55.0282 37.8215 50.1175 41.0543 55.5022 62.3256 47.8589 76.4927 65.2946 55.0657 65.8951 76.7008 70.0753 64.5306 75.3758 67.1348 41.7871 53.8462 52.6192 29.4286 69.8704 54.2041 36.3057 55.2292 37.2561 42.4757 68.3185 30.404 52.6576 32.7444 34.6698 64.5929 75.4291 71.2016 59.1675 75.6628 74.4285 40.9404 61.9438 65.7689 58.2828 53.9884 55.7657 46.8668 65.4004 63.6207 56.5793 64.2123 55.4675 59.9726 52.8099 47.7884 52.2067 55.8463 58.3112 48.9957 50.3887 48.5613 64.2438 43.0556 60.2996 54.4386 66.8486 56.6176 61.8041 48.605 32.6593 47.1761 47.8745 81.3586 49.7292 46.9835 57.8077 57.9866 44.3684 35.7635 36.8932 46.9595 58.3732 71.5049 61.6841 48.5416 57.4738 42.977 68.7331 33.6352 30.038 42.7875 38.7205 65.1703 66.1303 56.9655 56.3877 65.9238 69.3435 55.6246 47.7255 61.0771 54.8098 48.7654 62.5794 54.5706 34.0931 55.959 59.3644 56.9106 61.0817 73.6976 34.9485 76.6226 60.2812 45.8375 46.6942 56.3143 54.8571 49.5084 54.1532 66.1836 54.907 47.2081 64.7195 63.9006 51.3089 47.2175 61.2672 25.7249 65.4418 59.6118 51.9886 68.1847 52.4672 53.0371 66.3145 57.1213 62.7378 58.326 57.1966 47.3008 57.5321 55.1661 78.014 58.7385 50.3297 43.2551 55.9187 56.2112 51.3941 73.4588 62.5352 53.7003 60.8101 55.8684 62.6174 65.9956 32.2314 57.1715 63.8627 72.8643 72.2377 81.891 52.1314 57.0175 68.371 73.4281 48.7753 65.8225 62.683 59.4328 53.8614 49.1121 49.6512 33.5338 54.6135 60.117 52.251 43.4443 49.8248 49.0414 85.9369 69.2623 43.4853 42.7118 51.6842 57.8682 57.2711 58.5524 50.0843 71.088 59.6029 45.5331 61.1084 78.6198 50.6224 49.0967 63.5483 60.6098 46.1598 51.7286 60.3503 52.4125 58.3408 56.0744 68.6255 61.8419 67.0582 71.9385 50.5057 66.8339 43.508 77.6683 65.9233 61.9355 55.1002 56.6883 77.0242 72.8745 50.6885 52.6652 56.9686 65.8871 46.9683 64.6751 49.454 30.0395 72.7395 63.9566 71.967 35.197 23.5294 64.2505 58.6928 61.7717 76.4828 47.558 56.4655 57.7428 55.6569 53.9051 43.1429 59.7037 47.9438 37.878 60.6112 72.9265 54.3831 42.9672 54.4791 61.3636 47.1401 58.6643 49.8516 41.6022 52.8003 56.8302 43.9803 36.1554 57.932 45.4858 46.9848 60.1604 39.2857 60.0116 55.2905 66.1035 57.129 48.7038 52.6178 59.0495 58.0363 44.0455 48.9502 65.7666 46.6667 45.8386 43.4263 57.4844 58.3671 59.0188 71.6038 48.5449 62.4954 57.0909 58.4773 53.2068 67.3139 62.9485 59.6383 58.9794 54.4586 58.9342 48.7078 68.0051 39.924 62.8003 40.3436 59.7266 72.3152 49.2851 69.6774 56.2156 59.2266 45.8824 50.2535 54.8813 36.0429 49.9441 56.703 47.1748 35.3535 47.7956 60.7554 48.98 44.0937 49.505 60.8844 72.8137 49.5854 65.8383 52.7151 54.4458 54.9 72.5439 40.9594 40.7652 59.0988 34.5312 38.1012 72.6415 47.6287 41.2791 51.3963 54.666 41.4272 61.4466 54.827 63.8101 67.957 41.5276 53.8145 37.4016 57.3085 56.079 46.9478 54.2169 49.2465 42.9995 55.5831 14.9306 73.2327 50.7029 63.3518 56.5283 58.1579 50.6765 50.7592 55.102 71.9899 62.6647 52.5105 47.7733 61.8852 23.8014 46.7928 72.0229 56.2576 80.2156 61.2197 36.3951 64.6795 60.5932 71.6049 51.5781 66.8217 56.8956 65.4273 61.0434 57.6037 50.0932 45.062 60.2679 44.1724 19.8864 58.1395 51.6908 78.526 68.1433 58.5139 64.0081 61.6593 57.4005 58.4385 59.8283 34.4421 51.9575 59.051 45.5224 61.1538 60.1253 68.5714 63.6218 53.9305 62.5283 51.8868 78.5698 62.0093 78.5021 44.6731 45.9417 43.5587 44.2515 59.3168 66.9613 51.4336 42.9772 39.7358 43.8573 55.9222 66.8057 61.223 61.4173 60.739 56.0092 18.8696 47.0175 46.7593 63.5997 35.9413 62.9545 50.7858 48.201 74.1912 46.7742 58.7496 13.5593 43.2198 57.0896 54.0373 52.6158 50.1703 44.2351 52.1581 62.2845 66.697 68.5003 61.9048 36.7347 54.5455 48.4672 69.1502 44.1148 75.3699 67.19 34.6859 49.483 59.3416 72.1778 60.7966 57.4219 17.562 65.2632 44.715 60.7494 56.2189 52.96 56.0576 54.7672 51.0631 32.0144 62.2989 71.3939 49.9889 64.4491 41.2752 63.5009 54.3634 46.6402 60.2214 60.5897 70.7919 36.755 44.1776 43.3443 67.9889 36.5217 11.7409 68.8906 46.3429 58.9154 56.5854 47.894 46.9949 53.9121 70.1333 78.3088 48.6716 57.2804 47.7432 52.7508 66.3723 53.0826 78.3989 44.9898 57.7873 60.7143 64.976 60.5587 55.9778 64.6465 62.4693 43.3945 63.7813 30.5476 53.431 65.664 58.0808 73.2164 41.8283 51.574 60.0511 48.3754 29.9094 56.0463 58.2966 58.3938 72.5286 66.8449 30.4412 73.8228 22.2222 53.6336 66.4578 56.1421 66.1435 68.279 60.5781 56.7227 57.1123 71.6981 47.5138 67.9128 50.8699 46.0141 65.6679 44.0308 58.6831 57.8358 69.6389 63.3537 50.271 60.3175 0 31.7597 71.4757 69.9594 45.0602 65.3731 63.5244 22.2 39.5462 49.7573 65.384 ]
LOG (nnet-train-frmshuff:main():nnet-train-frmshuff.cc:367) AvgLoss: 1.05909 (Xent), [AvgXent: 1.05909, AvgTargetEnt: 0]
progress: [1.17465 1.15387 1.11594 1.10669 1.11153 1.1007 1.08768 1.08747 1.09659 1.07 1.07213 1.05903 1.06875 1.03733 1.04758 1.04335 1.03248 1.0301 1.01361 1.01383 1.00336 1.01768 0.987125 0.999567 0.988298 ]
FRAME_ACCURACY >> 68.3831% <<
LOG (nnet-train-frmshuff:PrintProfile():cu-device.cc:428) -----
[cudevice profile]
CuArray::CopyToVecD2H	7.05786s
DiffSigmoid	7.52851s
Sigmoid	8.75444s
MulElements	9.09303s
FindRowMaxId	10.5419s
MulRowsVec	12.3852s
CuMatrix::Resize	15.5554s
CuMatrixBase::CopyFromMat(from CPU)	22.1934s
AddMatVec	23.8598s
CuMatrixBase::CopyFromMat(from other CuMatrixBase)	24.2834s
CuVector::SetZero	24.8183s
CuVector::Resize	25.3615s
CuMatrix::SetZero	28.6607s
AddMat	40.853s
AddMatMat	202.276s
Total GPU time:	499.603s (may involve some double-counting)
-----
LOG (nnet-train-frmshuff:PrintMemoryUsage():cu-allocator.cc:127) Memory usage: 357825368 bytes currently allocated (max: 358598136); 231438540 currently in use by user (max: 239065452); 35271/1008627 calls to Malloc* resulted in CUDA calls.
LOG (nnet-train-frmshuff:PrintMemoryUsage():cu-allocator.cc:134) Time taken in cudaMallocPitch=2.59965, in cudaMalloc=0.0238936, in cudaFree=1.7824, in this->MallocPitch()=5.16233
LOG (nnet-train-frmshuff:PrintMemoryUsage():cu-device.cc:401) Memory used (according to the device): 420372480 bytes.
