dnn.guoxintech.com
nnet-train-frmshuff --cross-validate=false --randomize=true --verbose=1 --minibatch-size=256 --randomizer-size=32768 --randomizer-seed=777 --learn-rate=0.00025 --momentum=0 --l1-penalty=0 --l2-penalty=0 --feature-transform=exp/tri4b_dnn/final.feature_transform 'ark:copy-feats scp:exp/tri4b_dnn/train.scp ark:- | apply-cmvn --norm-means=true --norm-vars=false --utt2spk=ark:data/fbank/train/utt2spk scp:data/fbank/train/cmvn.scp ark:- ark:- |' 'ark:ali-to-pdf exp/tri4b_ali/final.mdl "ark:gunzip -c exp/tri4b_ali/ali.*.gz |" ark:- | ali-to-post ark:- ark:- |' exp/tri4b_dnn/nnet/nnet_iter08_learnrate0.0005_tr1.0318_cv1.4535 exp/tri4b_dnn/nnet/nnet_iter09 
LOG (nnet-train-frmshuff:SelectGpuIdAuto():cu-device.cc:301) Selecting from 1 GPUs
LOG (nnet-train-frmshuff:SelectGpuIdAuto():cu-device.cc:316) cudaSetDevice(0): GeForce GTX 960	free:3606M, used:489M, total:4095M, free/total:0.880562
LOG (nnet-train-frmshuff:SelectGpuIdAuto():cu-device.cc:365) Trying to select device: 0 (automatically), mem_ratio: 0.880562
LOG (nnet-train-frmshuff:SelectGpuIdAuto():cu-device.cc:384) Success selecting device 0 free mem ratio: 0.880562
LOG (nnet-train-frmshuff:FinalizeActiveGpu():cu-device.cc:226) The active GPU is [0]: GeForce GTX 960	free:3589M, used:506M, total:4095M, free/total:0.876411 version 5.2
copy-feats scp:exp/tri4b_dnn/train.scp ark:- 
apply-cmvn --norm-means=true --norm-vars=false --utt2spk=ark:data/fbank/train/utt2spk scp:data/fbank/train/cmvn.scp ark:- ark:- 
LOG (nnet-train-frmshuff:Init():nnet-randomizer.cc:31) Seeding by srand with : 777
LOG (nnet-train-frmshuff:main():nnet-train-frmshuff.cc:154) TRAINING STARTED
ali-to-post ark:- ark:- 
ali-to-pdf exp/tri4b_ali/final.mdl 'ark:gunzip -c exp/tri4b_ali/ali.*.gz |' ark:- 
VLOG[1] (nnet-train-frmshuff:main():nnet-train-frmshuff.cc:320) ### After 0 frames,
VLOG[1] (nnet-train-frmshuff:main():nnet-train-frmshuff.cc:321) 
### Forward propagation buffer content :
[0] output of <Input>  ( min -3.28791, max 3.95756, mean 0.0126265, stddev 0.992937, skewness 0.166349, kurtosis -0.735591 ) 
[1] output of <AffineTransform> ( min -70.867, max 67.8535, mean -4.06158, stddev 7.40218, skewness 0.187654, kurtosis 2.09776 ) 
[2] output of <Sigmoid> ( min 1.67056e-31, max 1, mean 0.269394, stddev 0.388507, skewness 1.05092, kurtosis -0.668937 ) 
[3] output of <AffineTransform> ( min -35.6485, max 25.6069, mean -5.29716, stddev 5.35643, skewness 0.0884818, kurtosis 0.298932 ) 
[4] output of <Sigmoid> ( min 3.29641e-16, max 1, mean 0.168967, stddev 0.312079, skewness 1.78051, kurtosis 1.60892 ) 
[5] output of <AffineTransform> ( min -25.6323, max 16.5202, mean -3.95998, stddev 4.03324, skewness 0.057144, kurtosis 0.283532 ) 
[6] output of <Sigmoid> ( min 7.37946e-12, max 1, mean 0.179394, stddev 0.29716, skewness 1.68964, kurtosis 1.44887 ) 
[7] output of <AffineTransform> ( min -27.189, max 19.3159, mean -5.85994, stddev 4.63912, skewness 0.0434739, kurtosis 0.669164 ) 
[8] output of <Sigmoid> ( min 1.55585e-12, max 1, mean 0.108436, stddev 0.247391, skewness 2.59215, kurtosis 5.53502 ) 
[9] output of <AffineTransform> ( min -15.8197, max 27.6208, mean 0.00599257, stddev 4.04305, skewness 0.699916, kurtosis 1.4977 ) 
[10] output of <Softmax> ( min 6.56393e-19, max 0.999958, mean 0.000302297, stddev 0.0128334, skewness 59.314, kurtosis 3860.61 ) 
VLOG[1] (nnet-train-frmshuff:main():nnet-train-frmshuff.cc:323) 
### Backward propagation buffer content :
[0] diff of <Input>  ( min -2.75745, max 3.22369, mean -0.000365019, stddev 0.145786, skewness 0.061011, kurtosis 24.5123 ) 
[1] diff-output of <AffineTransform> ( min -0.294855, max 0.245348, mean 3.30129e-05, stddev 0.00920547, skewness -0.194352, kurtosis 80.6473 ) 
[2] diff-output of <Sigmoid> ( min -2.50268, max 1.75875, mean 0.000525163, stddev 0.108695, skewness -0.102678, kurtosis 14.3665 ) 
[3] diff-output of <AffineTransform> ( min -0.321767, max 0.242703, mean -2.95988e-05, stddev 0.0106416, skewness -0.435855, kurtosis 64.3111 ) 
[4] diff-output of <Sigmoid> ( min -1.47538, max 1.79196, mean -7.69618e-05, stddev 0.120175, skewness -0.0702271, kurtosis 7.4038 ) 
[5] diff-output of <AffineTransform> ( min -0.267538, max 0.294373, mean -1.88944e-05, stddev 0.0119464, skewness -0.0439198, kurtosis 37.0993 ) 
[6] diff-output of <Sigmoid> ( min -1.4523, max 1.22398, mean -0.000710526, stddev 0.116128, skewness -0.199853, kurtosis 6.50183 ) 
[7] diff-output of <AffineTransform> ( min -0.464796, max 0.771479, mean -3.6523e-06, stddev 0.0131686, skewness 2.12194, kurtosis 159.071 ) 
[8] diff-output of <Sigmoid> ( min -3.33312, max 3.38802, mean -0.000390969, stddev 0.17924, skewness 0.0647134, kurtosis 21.9885 ) 
[9] diff-output of <AffineTransform> ( min -0.997244, max 0.965124, mean 9.13729e-12, stddev 0.0118896, skewness -31.7454, kurtosis 4106.31 ) 
[10] diff-output of <Softmax> ( min -0.997244, max 0.965124, mean 9.13729e-12, stddev 0.0118896, skewness -31.7454, kurtosis 4106.31 ) 
VLOG[1] (nnet-train-frmshuff:main():nnet-train-frmshuff.cc:324) 
### Gradient stats :
Component 1 : <AffineTransform>, 
  linearity_grad ( min -1.34145, max 0.923625, mean -0.00108554, stddev 0.139741, skewness -0.119869, kurtosis 2.02047 ) , lr-coef 1, max-norm 0
  bias_grad ( min -1.01527, max 0.63041, mean 0.00845129, stddev 0.151628, skewness -0.487155, kurtosis 3.59203 ) , lr-coef 1
Component 2 : <Sigmoid>, 
Component 3 : <AffineTransform>, 
  linearity_grad ( min -0.951085, max 0.582476, mean -0.00185878, stddev 0.0785615, skewness -0.143835, kurtosis 2.92038 ) , lr-coef 1, max-norm 0
  bias_grad ( min -0.969019, max 0.539412, mean -0.0075773, stddev 0.177994, skewness -0.310998, kurtosis 1.27759 ) , lr-coef 1
Component 4 : <Sigmoid>, 
Component 5 : <AffineTransform>, 
  linearity_grad ( min -0.682, max 0.600113, mean -0.000942826, stddev 0.0696329, skewness 0.0206554, kurtosis 3.1513 ) , lr-coef 1, max-norm 0
  bias_grad ( min -0.628536, max 0.702533, mean -0.00483697, stddev 0.204616, skewness 0.310209, kurtosis 0.485067 ) , lr-coef 1
Component 6 : <Sigmoid>, 
Component 7 : <AffineTransform>, 
  linearity_grad ( min -0.937156, max 0.870829, mean -0.00068025, stddev 0.0737798, skewness 0.385995, kurtosis 6.43936 ) , lr-coef 1, max-norm 0
  bias_grad ( min -0.819535, max 0.861958, mean -0.000934991, stddev 0.218638, skewness 0.219246, kurtosis 0.926901 ) , lr-coef 1
Component 8 : <Sigmoid>, 
Component 9 : <AffineTransform>, 
  linearity_grad ( min -5.31346, max 2.53816, mean -7.60292e-10, stddev 0.0533459, skewness -7.63576, kurtosis 376.268 ) , lr-coef 1, max-norm 0
  bias_grad ( min -4.93538, max 2.28411, mean -1.88557e-09, stddev 0.197557, skewness -5.83129, kurtosis 139.013 ) , lr-coef 0.1
Component 10 : <Softmax>, 
LOG (ali-to-pdf:main():ali-to-pdf.cc:68) Converted 9996 alignments to pdf sequences.
VLOG[1] (nnet-train-frmshuff:Eval():nnet-loss.cc:135) ProgressLoss[last 1h of 1h]: 1.12381 (Xent)
LOG (ali-to-post:main():ali-to-post.cc:65) Converted 9996 alignments.
WARNING (nnet-train-frmshuff:main():nnet-train-frmshuff.cc:169) A23_204, missing targets
VLOG[1] (nnet-train-frmshuff:Eval():nnet-loss.cc:135) ProgressLoss[last 1h of 2h]: 1.11444 (Xent)
VLOG[1] (nnet-train-frmshuff:Eval():nnet-loss.cc:135) ProgressLoss[last 1h of 3h]: 1.07844 (Xent)
VLOG[1] (nnet-train-frmshuff:Eval():nnet-loss.cc:135) ProgressLoss[last 1h of 4h]: 1.07872 (Xent)
VLOG[1] (nnet-train-frmshuff:Eval():nnet-loss.cc:135) ProgressLoss[last 1h of 5h]: 1.08343 (Xent)
VLOG[1] (nnet-train-frmshuff:Eval():nnet-loss.cc:135) ProgressLoss[last 1h of 6h]: 1.07365 (Xent)
VLOG[1] (nnet-train-frmshuff:Eval():nnet-loss.cc:135) ProgressLoss[last 1h of 7h]: 1.06521 (Xent)
VLOG[1] (nnet-train-frmshuff:Eval():nnet-loss.cc:135) ProgressLoss[last 1h of 8h]: 1.06601 (Xent)
VLOG[1] (nnet-train-frmshuff:Eval():nnet-loss.cc:135) ProgressLoss[last 1h of 9h]: 1.07435 (Xent)
VLOG[1] (nnet-train-frmshuff:Eval():nnet-loss.cc:135) ProgressLoss[last 1h of 10h]: 1.0471 (Xent)
VLOG[1] (nnet-train-frmshuff:Eval():nnet-loss.cc:135) ProgressLoss[last 1h of 11h]: 1.05292 (Xent)
VLOG[1] (nnet-train-frmshuff:Eval():nnet-loss.cc:135) ProgressLoss[last 1h of 12h]: 1.0437 (Xent)
VLOG[1] (nnet-train-frmshuff:main():nnet-train-frmshuff.cc:272) After 5000 utterances: time elapsed = 4.03438 min; processed 18876.7 frames per second.
VLOG[1] (nnet-train-frmshuff:Eval():nnet-loss.cc:135) ProgressLoss[last 1h of 13h]: 1.04893 (Xent)
VLOG[1] (nnet-train-frmshuff:Eval():nnet-loss.cc:135) ProgressLoss[last 1h of 14h]: 1.01507 (Xent)
VLOG[1] (nnet-train-frmshuff:Eval():nnet-loss.cc:135) ProgressLoss[last 1h of 15h]: 1.03267 (Xent)
VLOG[1] (nnet-train-frmshuff:Eval():nnet-loss.cc:135) ProgressLoss[last 1h of 16h]: 1.02753 (Xent)
VLOG[1] (nnet-train-frmshuff:Eval():nnet-loss.cc:135) ProgressLoss[last 1h of 17h]: 1.02452 (Xent)
VLOG[1] (nnet-train-frmshuff:Eval():nnet-loss.cc:135) ProgressLoss[last 1h of 18h]: 1.01416 (Xent)
VLOG[1] (nnet-train-frmshuff:Eval():nnet-loss.cc:135) ProgressLoss[last 1h of 19h]: 0.997462 (Xent)
VLOG[1] (nnet-train-frmshuff:Eval():nnet-loss.cc:135) ProgressLoss[last 1h of 20h]: 0.998616 (Xent)
WARNING (nnet-train-frmshuff:main():nnet-train-frmshuff.cc:169) A23_107, missing targets
VLOG[1] (nnet-train-frmshuff:Eval():nnet-loss.cc:135) ProgressLoss[last 1h of 21h]: 0.988838 (Xent)
VLOG[1] (nnet-train-frmshuff:Eval():nnet-loss.cc:135) ProgressLoss[last 1h of 22h]: 1.00819 (Xent)
VLOG[1] (nnet-train-frmshuff:Eval():nnet-loss.cc:135) ProgressLoss[last 1h of 23h]: 0.978901 (Xent)
WARNING (nnet-train-frmshuff:main():nnet-train-frmshuff.cc:169) C22_500, missing targets
WARNING (nnet-train-frmshuff:main():nnet-train-frmshuff.cc:169) C21_672, missing targets
VLOG[1] (nnet-train-frmshuff:Eval():nnet-loss.cc:135) ProgressLoss[last 1h of 24h]: 0.98758 (Xent)
VLOG[1] (nnet-train-frmshuff:Eval():nnet-loss.cc:135) ProgressLoss[last 1h of 25h]: 0.978398 (Xent)
LOG (copy-feats:main():copy-feats.cc:101) Copied 10000 feature matrices.
LOG (apply-cmvn:main():apply-cmvn.cc:146) Applied cepstral mean normalization to 10000 utterances, errors on 0
VLOG[1] (nnet-train-frmshuff:main():nnet-train-frmshuff.cc:345) ### After 9172992 frames,
VLOG[1] (nnet-train-frmshuff:main():nnet-train-frmshuff.cc:346) 
### Forward propagation buffer content :
[0] output of <Input>  ( min -3.05699, max 3.97779, mean -0.0266961, stddev 0.94405, skewness 0.143742, kurtosis -0.532818 ) 
[1] output of <AffineTransform> ( min -71.1925, max 86.6789, mean -4.05387, stddev 7.6039, skewness 0.230923, kurtosis 2.20168 ) 
[2] output of <Sigmoid> ( min 1.2064e-31, max 1, mean 0.273379, stddev 0.391868, skewness 1.02823, kurtosis -0.724812 ) 
[3] output of <AffineTransform> ( min -35.6189, max 20.9633, mean -5.29754, stddev 5.40248, skewness 0.0892003, kurtosis 0.323174 ) 
[4] output of <Sigmoid> ( min 3.39553e-16, max 1, mean 0.170315, stddev 0.313844, skewness 1.76876, kurtosis 1.5581 ) 
[5] output of <AffineTransform> ( min -24.1051, max 16.1286, mean -3.96157, stddev 4.00541, skewness 0.0667243, kurtosis 0.19617 ) 
[6] output of <Sigmoid> ( min 3.39858e-11, max 1, mean 0.1791, stddev 0.297183, skewness 1.69164, kurtosis 1.45274 ) 
[7] output of <AffineTransform> ( min -27.8508, max 19.7769, mean -5.83763, stddev 4.6041, skewness 0.0775139, kurtosis 0.645834 ) 
[8] output of <Sigmoid> ( min 8.02675e-13, max 1, mean 0.108965, stddev 0.247747, skewness 2.57964, kurtosis 5.46527 ) 
[9] output of <AffineTransform> ( min -16.1579, max 28.7967, mean 0.00763025, stddev 4.04376, skewness 0.665261, kurtosis 1.28467 ) 
[10] output of <Softmax> ( min 2.9925e-20, max 0.999827, mean 0.000302297, stddev 0.0132127, skewness 59.9261, kurtosis 3894.11 ) 
VLOG[1] (nnet-train-frmshuff:main():nnet-train-frmshuff.cc:348) 
### Backward propagation buffer content :
[0] diff of <Input>  ( min -3.03446, max 3.08915, mean -0.000615549, stddev 0.137027, skewness 0.192779, kurtosis 45.0931 ) 
[1] diff-output of <AffineTransform> ( min -0.375615, max 0.406218, mean 3.45328e-05, stddev 0.00878361, skewness 0.674772, kurtosis 141.856 ) 
[2] diff-output of <Sigmoid> ( min -2.01248, max 2.42645, mean 0.000429673, stddev 0.103449, skewness 0.178299, kurtosis 20.7528 ) 
[3] diff-output of <AffineTransform> ( min -0.434465, max 0.272277, mean -1.80348e-05, stddev 0.0100665, skewness -0.614548, kurtosis 75.014 ) 
[4] diff-output of <Sigmoid> ( min -1.84985, max 1.37581, mean -0.000189929, stddev 0.115678, skewness -0.0979073, kurtosis 8.45097 ) 
[5] diff-output of <AffineTransform> ( min -0.226049, max 0.228829, mean 2.59891e-06, stddev 0.0110702, skewness 0.126612, kurtosis 37.0986 ) 
[6] diff-output of <Sigmoid> ( min -1.1105, max 1.27909, mean 0.000519049, stddev 0.107336, skewness 0.00641653, kurtosis 6.32866 ) 
[7] diff-output of <AffineTransform> ( min -0.403774, max 0.365033, mean -1.38346e-05, stddev 0.0115149, skewness -0.28645, kurtosis 79.3603 ) 
[8] diff-output of <Sigmoid> ( min -3.09368, max 2.26161, mean 8.9614e-05, stddev 0.140672, skewness -0.388214, kurtosis 22.0045 ) 
[9] diff-output of <AffineTransform> ( min -0.999389, max 0.978864, mean 8.59087e-12, stddev 0.0111231, skewness -37.416, kurtosis 4836.58 ) 
[10] diff-output of <Softmax> ( min -0.999389, max 0.978864, mean 8.59087e-12, stddev 0.0111231, skewness -37.416, kurtosis 4836.58 ) 
VLOG[1] (nnet-train-frmshuff:main():nnet-train-frmshuff.cc:349) 
### Gradient stats :
Component 1 : <AffineTransform>, 
  linearity_grad ( min -1.094, max 1.57512, mean -0.0107415, stddev 0.132325, skewness -0.0153864, kurtosis 2.16351 ) , lr-coef 1, max-norm 0
  bias_grad ( min -0.775096, max 0.477329, mean 0.0088404, stddev 0.15015, skewness -0.150867, kurtosis 0.760006 ) , lr-coef 1
Component 2 : <Sigmoid>, 
Component 3 : <AffineTransform>, 
  linearity_grad ( min -1.17896, max 0.551493, mean -0.00116532, stddev 0.0827222, skewness -0.2906, kurtosis 3.96982 ) , lr-coef 1, max-norm 0
  bias_grad ( min -1.25698, max 0.591576, mean -0.0046169, stddev 0.178543, skewness -0.287937, kurtosis 2.32558 ) , lr-coef 1
Component 4 : <Sigmoid>, 
Component 5 : <AffineTransform>, 
  linearity_grad ( min -0.698277, max 0.726775, mean 7.31315e-05, stddev 0.0706725, skewness -0.0212521, kurtosis 3.46792 ) , lr-coef 1, max-norm 0
  bias_grad ( min -0.902937, max 0.72846, mean 0.000665319, stddev 0.202186, skewness -0.12787, kurtosis 0.567447 ) , lr-coef 1
Component 6 : <Sigmoid>, 
Component 7 : <AffineTransform>, 
  linearity_grad ( min -1.14157, max 1.10894, mean -0.000631905, stddev 0.0732022, skewness -0.339555, kurtosis 7.81279 ) , lr-coef 1, max-norm 0
  bias_grad ( min -1.22131, max 1.15606, mean -0.00354167, stddev 0.22193, skewness -0.24955, kurtosis 2.46851 ) , lr-coef 1
Component 8 : <Sigmoid>, 
Component 9 : <AffineTransform>, 
  linearity_grad ( min -4.66605, max 2.12655, mean -7.49436e-10, stddev 0.0565232, skewness -15.5201, kurtosis 757.47 ) , lr-coef 1, max-norm 0
  bias_grad ( min -4.66609, max 2.30785, mean -1.84263e-09, stddev 0.210735, skewness -6.20707, kurtosis 111.021 ) , lr-coef 0.1
Component 10 : <Softmax>, 
LOG (nnet-train-frmshuff:main():nnet-train-frmshuff.cc:357) Done 9996 files, 4 with no tgt_mats, 0 with other errors. [TRAINING, RANDOMIZED, 8.01977 min, fps19063.3]
LOG (nnet-train-frmshuff:main():nnet-train-frmshuff.cc:366) PER-CLASS PERFORMANCE:
@@@ Frames per-class: [ 565947 488 1856 2655 3568 781 1492 366 1178 2601 6093 275 1750 2781 625 562 407 2075 713 1564 3910 315 721 484 3131 1228 388 886 1838 5544 1216 582 998 1423 2274 2478 2622 648 1450 1302 3270 319 837 506 1459 1185 413 2751 2642 2203 1697 113 5227 1522 5320 974 5444 610 2375 3574 2645 5196 2948 961 731 1034 885 1070 246 1967 4634 2320 1158 297 837 4047 1525 649 614 329 1269 241 5288 211 2298 1571 3925 5375 490 2188 672 1219 1570 1059 214 2868 2349 1561 1557 443 673 446 850 4317 148 823 1698 8558 1527 0 2752 1090 2060 2968 650 3118 497 1859 3307 2522 2642 0 502 1250 502 1164 1593 1240 1894 425 764 405 3235 1498 1909 286 628 631 1133 408 1937 5169 907 577 7189 707 2964 1322 4240 1153 1437 2810 2452 800 3284 2090 488 3356 216 200 1059 329 1589 0 2074 357 1356 254 199 1331 812 1760 1611 389 691 0 0 0 935 4378 450 2722 3 1794 718 428 600 126 1580 3676 736 1947 258 4769 2271 2576 1561 4241 384 1310 5646 1701 3079 0 1076 2731 532 7527 0 2363 3097 163 2514 164 703 969 2310 6817 456986 521258 457790 3007 267081 806 2722 3400 2626 2194 884 12081 14170 2836 916 1080 1386 2009 2615 5895 547 3387 1384 774 2474 1007 2048 1851 1941 1387 1719 3968 9195 2158 2714 464 1071 1666 5826 953 5295 1610 844 1360 4983 1283 922 757 1279 3052 1651 878 958 3480 1368 3789 7258 1366 4759 1405 3640 2311 1961 3572 1357 2092 688 1531 2457 1279 1127 2663 707 1059 4114 2466 8365 842 3733 1395 1405 2049 1936 4111 695 3742 3920 2452 691 5044 3739 574 2752 1057 11963 1165 1200 1094 2323 2129 4045 1147 2060 3856 5067 1012 1343 4417 507 5785 6804 3409 620 684 1099 1456 1313 2262 2997 2296 3680 5183 1546 817 1985 4782 2240 424 796 983 1542 3053 1395 3845 4599 910 2240 2268 1572 4457 942 8678 1016 2652 1695 2753 2160 6505 1581 815 389 2237 6126 935 3220 926 3457 781 3001 1781 1857 991 4395 5194 5886 1572 1385 4408 568 1182 2356 548 466 9540 6101 5919 2224 1117 734 2194 4812 1222 1826 931 1372 2310 725 1123 3533 1450 3700 2209 2969 3288 1248 1832 1013 985 1170 6258 5116 863 3733 4208 1999 4130 2366 1045 2905 460 2195 1416 873 1511 1830 1102 1103 4889 3334 724 2791 2785 1854 4383 1146 2259 652 1058 1069 3320 2956 2959 2039 2309 1423 378 3871 1374 1954 1037 362 2170 531 1351 1300 1160 1107 3253 2243 1083 1565 1956 840 1071 797 758 1662 510 1633 1577 782 941 1778 458 4905 1283 2685 1150 4278 2389 2779 1293 575 617 1748 3773 706 1488 1964 5177 1454 1478 907 3027 1330 2638 1517 760 5005 4870 542 5973 1408 822 1048 501 1852 1881 7399 1286 518 1293 4660 1265 462 2474 897 2851 7526 597 1847 1938 3365 1063 718 832 1714 1671 2185 316 1406 3713 1710 1093 1209 2779 3231 1193 1774 523 3055 1807 1242 1638 690 1784 2443 5860 237 834 2022 1533 7884 1481 5986 2881 1432 2162 5323 1056 883 468 2279 936 4949 2126 4534 3594 910 1903 1383 3292 1742 794 5511 3029 1841 758 5233 2350 6871 1635 448 2062 4300 2383 1040 2219 531 6194 1951 3740 1741 928 2361 550 1009 476 422 4745 2207 3135 4979 3034 904 833 1977 3512 2834 1203 3588 1709 4690 721 4587 940 780 1690 842 2192 2055 1022 666 6489 3179 1739 1072 1686 1401 3497 852 2930 1689 2321 2712 912 5215 864 856 1363 1158 1790 1447 893 5717 2142 796 3762 1980 1338 1473 2273 1807 1778 705 5227 740 3426 1105 3377 389 214 2219 2097 5121 349 2093 2243 1645 1155 1494 740 1376 1274 2612 1287 2149 3853 1211 888 2298 2586 5092 961 4597 1455 1310 513 3549 4555 1052 2680 1493 1955 3664 821 977 251 558 2583 1649 3945 4664 2782 1065 6695 1722 1408 6466 2230 3325 2485 1083 3540 3341 639 796 3632 544 5317 252 2049 3176 569 980 1441 4474 1256 1079 1369 1392 1467 796 4797 1843 6202 3201 3167 2427 3000 630 2873 1561 2473 3445 4575 1056 1345 1787 9409 1435 2075 2351 1716 5718 1116 523 606 1464 344 6396 687 942 786 1742 857 5623 1079 1377 1532 760 1537 5283 3383 1336 1696 1089 1654 5214 1628 1073 1687 1268 3150 2122 2959 1047 5780 760 2154 2320 3341 1786 3647 407 1146 2159 2296 1319 1417 405 2610 1412 1569 2257 1018 417 1735 569 917 1556 1154 941 2360 3615 407 624 737 2779 2085 2323 1268 938 3202 3287 3835 532 652 3276 1566 5009 1727 424 1105 1850 2810 1625 5301 1910 928 1328 1025 790 4473 2823 5226 955 3949 1577 561 1852 1243 12846 3513 1837 2691 4696 2810 2167 364 721 1233 2556 977 538 2001 948 1457 1554 829 1559 1904 1390 1614 1126 907 1129 2803 2316 3477 860 2720 581 3954 442 987 1590 5186 1550 5255 1331 1314 2612 438 580 1501 2370 2136 3039 2817 1957 2556 1384 345 373 707 2206 714 1059 3662 3193 1348 1228 2066 1625 1228 1769 4482 927 2151 1790 3480 1153 4341 1177 3635 194 1782 2352 1010 510 1603 1247 3782 1991 1307 645 767 787 647 4112 6542 6158 2615 3649 3004 770 3671 697 2684 2461 2004 4318 2822 1474 2478 2663 1005 1526 1287 1869 1798 1381 2329 2502 6950 3292 1682 1617 3635 2217 2554 1355 611 992 1868 1451 3096 535 464 6610 850 2089 1563 1369 1774 359 2140 1924 1982 3864 3249 2231 1309 960 1136 867 1090 1773 1246 669 1346 1106 999 1450 2672 2220 4860 4012 5758 417 866 588 857 1560 2491 1469 960 796 792 2109 4809 1608 3596 622 852 2288 3194 1040 1371 1800 306 1648 13748 841 1477 2744 1961 1258 1618 813 668 180 1742 1301 1411 583 2428 2314 529 1484 2865 1144 2331 757 504 3383 7446 961 3161 1982 1486 1203 3120 4134 1064 7890 2095 3005 1419 854 2826 1733 1734 4569 3390 1568 1082 443 4562 596 1696 3461 1965 729 4281 2872 4321 10804 1439 2193 1279 1224 647 2216 666 980 1102 523 723 1649 2346 2039 721 2250 438 2214 970 886 1156 781 1945 2164 2728 2087 1722 815 3635 960 986 1950 4354 2593 1676 1695 927 1235 891 3646 1345 2269 928 1211 1006 988 4043 251 2576 1821 772 2564 1488 1179 5225 2868 702 1607 2803 1757 2892 606 725 3310 6702 882 1544 1946 967 1608 1446 1674 1037 1892 25831 2168 1720 3053 5336 9184 1336 696 728 2765 702 1173 2913 4126 1888 767 1027 768 1408 2697 2542 1875 493 4119 673 2647 1984 1284 4695 1568 1540 3999 1796 364 1240 892 5170 1427 1450 922 4511 2470 1012 5100 1479 2281 2349 1471 1022 584 1087 1089 1607 1582 1487 3695 1709 1062 490 787 450 1061 4775 2048 3192 1408 1607 4405 3421 1158 439 2724 121 3504 2856 1621 1873 2965 747 821 560 4699 417 1614 579 2153 468 236 735 729 1184 6841 1127 790 521 2414 12590 1228 2492 9263 1802 1239 2463 1731 426 985 1252 2464 399 863 1346 2443 2530 3979 3347 2064 1457 633 664 1619 519 1495 2600 2249 1447 537 625 1022 309 5397 628 1057 6266 5232 2355 512 492 556 756 2648 2243 2021 1097 648 1641 1100 2418 3479 1159 246 798 621 1521 392 1107 209 2280 1084 4239 4340 516 603 615 2615 1630 9815 6536 2931 1345 2581 2253 1078 1049 814 1645 620 4080 2424 461 2396 1288 1593 2381 1129 4140 656 1715 2828 3902 7210 3110 2626 2342 789 7704 1765 2172 1084 4217 1129 5474 278 1360 1202 1519 6182 1087 361 267 1424 1371 1510 2905 1784 360 490 2399 1321 4188 1222 4590 1455 1041 1340 1045 2495 5940 1032 722 3077 1289 5383 998 2269 3677 678 849 1547 685 1141 2040 1235 1398 1205 705 3556 429 3420 1905 688 1499 1067 1675 2514 1643 2531 365 2244 2679 7052 2466 3034 1250 3468 1008 1355 815 700 471 2091 1834 2880 598 1610 4539 834 2860 701 3463 2072 1630 5839 3312 636 1584 2882 969 738 2142 4170 836 2388 652 1440 789 1133 967 1412 982 1062 387 1749 1077 2078 1954 1744 848 5209 2447 799 4505 853 2466 4754 3943 734 688 1388 492 1093 1102 1728 662 1163 2823 3096 1505 3639 924 1356 1211 932 1240 890 2025 1653 1133 774 711 4976 2049 1194 1959 2338 2719 2832 1322 4493 10160 1333 673 6167 1140 2433 392 3518 774 1011 357 727 1048 8630 748 1380 983 2324 775 1348 724 1421 480 901 4747 923 1315 844 1760 2875 762 1470 1527 956 1209 1665 8933 3283 945 1328 395 1249 2934 3612 1242 472 1087 2103 3023 1054 1244 4243 1258 1286 3573 2005 1102 5365 3159 2202 1951 1359 2009 847 2157 2213 4676 7935 2414 2365 1205 1291 1732 1202 1273 460 661 1013 1250 7269 424 2763 1511 3886 358 1846 7376 2224 1870 1580 531 2115 1696 1143 398 2370 1493 1181 1582 1971 894 2301 1298 1821 2372 844 564 3693 1439 3123 1116 487 1694 1023 2536 2421 1453 3031 957 1413 1411 1558 2961 2019 1559 2810 1075 1268 2291 3711 1144 838 1815 2740 2680 386 860 1181 221 2668 2695 504 448 2795 2334 603 2111 3982 2586 2173 2751 568 611 1484 594 1346 665 675 1032 2794 1105 793 2162 2104 720 3548 1625 2442 6200 425 3607 1457 787 2666 1578 3275 1233 2291 958 642 2109 1032 4100 959 1005 7944 802 945 7081 890 1477 794 2864 2093 2411 1137 162 1634 997 312 1648 6181 1400 1195 315 1848 2029 1120 1430 2429 2755 1040 1039 884 5154 1653 2471 362 4520 2676 1358 4638 667 1346 2032 3828 1701 1895 463 339 3390 845 1083 890 2640 869 947 1978 1450 1394 1092 1795 579 5332 1984 1149 383 982 4384 717 1988 864 1892 1484 1219 4103 9665 842 1041 3082 2885 1987 1322 696 836 1268 1338 1254 2606 949 2818 3056 2264 820 2171 1978 1896 1014 471 1582 864 2126 10030 1910 249 2164 761 2268 1685 370 3007 6240 2600 2789 1952 10222 2530 602 810 3208 3269 1206 1725 628 1981 590 732 818 1942 2305 1184 1386 839 674 690 1038 838 691 9572 3855 1985 1477 972 655 934 515 549 3124 1817 1285 1010 396 1557 1158 703 2150 745 2869 1262 3799 1077 1454 5829 3440 2236 1695 1208 3307 4375 477 2950 1672 1630 662 1360 1384 1945 1000 1007 8439 762 2853 3017 1814 995 949 1613 1216 3178 289 647 3028 2883 1825 3980 6072 1910 1811 1107 951 2062 2289 780 2344 1572 2312 2003 624 5885 3440 2808 509 6115 2247 1202 1605 915 1123 761 1158 977 1627 2912 641 654 680 1927 4161 589 5466 830 1656 736 355 1137 2164 517 2620 5151 613 1322 714 2117 833 2199 1599 3647 1024 1657 1010 759 1162 4314 4231 6213 966 1265 867 2179 3225 4039 2277 1419 2397 446 486 2868 714 3047 547 2428 2300 2427 1217 7220 474 1634 3104 578 827 615 1030 997 610 3038 438 3841 664 1364 3897 3540 2507 3874 1265 1956 1513 5057 2563 737 888 969 1294 1722 993 7629 1991 3141 267 686 1608 5183 279 1959 1180 1034 830 1108 726 1777 1386 611 285 1003 1403 326 2944 940 2920 3311 3176 1268 2215 720 2252 5142 1059 3411 1446 3119 1727 3634 602 2321 2200 1255 1613 1776 2280 1504 467 1141 1456 1492 1286 662 5655 3089 495 1350 1001 9277 848 912 2309 1058 1399 1959 638 1791 545 2862 2310 746 1616 2052 5449 1260 1255 3379 1751 1337 1938 738 3484 1951 3157 266 1704 940 8750 745 3461 1382 338 320 723 3190 1126 3202 3269 610 938 682 533 1199 707 324 6037 514 1694 633 398 631 1022 5583 621 547 1058 8594 1514 1024 1524 5619 1797 810 930 625 767 2469 3852 2711 703 2282 2933 2985 1282 2704 1812 3168 3934 5663 1646 2580 1446 318 2479 2363 966 2011 496 437 1144 2147 784 3748 2893 5543 2302 4612 1146 2394 432 2109 991 5035 1114 2154 511 2139 2681 2316 1244 1481 1022 3266 701 1112 874 2343 3357 1849 9651 356 2821 2464 2363 787 479 5054 934 1128 1411 497 548 1298 4131 952 1182 3451 1500 805 4440 240 4433 766 2006 2532 1375 1282 2519 441 1343 883 1934 5963 584 3273 537 544 1023 923 4234 467 1171 2500 5322 2212 3384 1655 2157 1181 1008 1662 836 2243 3013 4646 571 6110 1382 4410 3389 643 3541 4609 1452 1604 3044 663 734 1778 1334 826 1392 883 1260 1922 1062 282 1130 7723 2146 3967 2064 1501 726 6774 3274 3951 447 2538 950 2069 500 2974 2144 2571 2280 772 3164 6438 3750 5562 1567 4944 744 475 2717 1924 1989 989 1833 3019 1019 2023 1637 1188 4184 2163 509 2230 9967 974 1145 1755 1817 1647 1315 6920 1275 6124 1775 617 1805 7066 8526 1677 8634 1016 621 3220 698 1226 3523 583 1972 3493 1631 1181 1376 3035 1040 1236 3591 2252 1778 184 5618 2546 3420 3074 1087 1806 3141 3868 4527 1624 911 5335 2284 2266 4224 1788 3877 469 717 986 1358 574 1667 5963 1110 1855 677 637 3072 1587 1585 1333 3915 3784 2008 1297 1434 1242 1784 1490 3651 543 1764 4502 2713 702 2793 2654 2010 1447 1570 3913 1998 3164 663 2297 1818 1338 1484 5830 2250 501 4111 965 1111 802 1914 2302 1804 777 874 2596 2773 1759 7106 4864 3059 1259 1607 3802 2004 1689 4416 3772 453 1907 4327 860 1476 1793 3242 5594 885 5884 5134 1264 1056 3366 3445 1763 677 1609 1396 807 2498 3930 6171 1226 2063 1066 1422 7722 685 5884 1294 468 4375 1082 2133 2685 933 1032 1350 1187 1456 430 1094 2376 6717 3717 2148 750 2829 1890 2546 1391 1207 3372 2294 2908 1878 836 1883 2834 3854 2415 3451 461 2654 2365 3672 6326 1238 8996 399 2134 990 479 1009 4218 1853 2771 1034 3783 447 1902 714 885 1732 1024 1374 395 1484 1334 612 1568 897 5502 1857 5095 3170 7672 945 1111 3754 727 819 2281 1199 9064 2375 2368 1680 2254 4605 1924 7118 4203 1201 1645 2112 921 640 2501 735 707 2568 1334 968 567 438 2803 1090 1099 4986 1520 1321 1062 4113 1609 401 491 308 7307 1560 1150 1970 1825 2177 1602 3313 1292 1891 1352 338 3663 1268 3012 2078 2392 1570 1522 3156 2311 1428 2028 1219 970 3104 2312 700 643 4013 1743 963 1459 611 1401 3834 415 3036 853 1532 4730 3047 552 1316 1239 3688 1204 2686 466 1280 2088 1951 1757 2895 1453 2412 1909 2446 1202 1353 2416 841 1495 3598 1600 1796 2336 1267 332 2473 5087 2710 1499 2886 4271 1851 3257 4208 1455 5731 245 2094 2281 2159 1571 1345 2045 2460 2748 1478 1000 584 225 1123 1475 674 5770 558 1295 4172 492 4266 602 1347 1846 2675 646 932 1469 1704 1203 458 730 2135 968 2227 693 4787 681 1403 965 1331 274 762 1327 5023 1977 1279 1073 1399 2732 1459 4892 1066 519 2324 2060 701 1621 3157 1536 2132 702 1712 2520 2911 1523 3604 1463 1321 539 1930 1439 947 1199 2178 887 690 2163 769 711 1258 5303 2337 966 905 2608 1382 485 877 1874 2954 2161 6412 1524 607 2271 963 2337 1229 10114 639 975 1622 2680 2838 1392 638 2486 1983 1277 626 3335 3870 1985 1859 4057 2132 9072 2734 1594 671 2262 1780 761 1079 1699 350 926 1891 785 1396 1691 412 4823 990 3236 849 424 2395 1107 2580 2907 2942 1881 872 3169 1151 990 865 2168 1899 3659 4060 3625 4183 2524 1459 2509 1153 3580 4738 5649 1394 1415 2259 853 576 1602 2298 733 816 13813 4516 989 903 988 3857 1108 2735 1633 2980 2193 2030 412 2072 418 4306 6021 1817 1338 4528 2952 773 526 1026 891 8220 1243 725 3632 1391 1569 3378 1253 817 2786 1134 3776 722 1053 1074 1762 738 943 787 970 1741 2845 1994 968 2138 350 1424 4936 621 3495 197 3013 2615 573 2372 1957 1345 2558 4276 2112 3206 1601 2453 2461 1987 2418 3393 1063 389 624 1084 3434 761 455 682 3641 1288 1076 2498 1065 1635 1901 3161 2980 2732 605 3995 2330 4378 7168 4495 1126 1596 2523 1829 3797 5331 4234 2433 1515 1633 1720 1330 3338 1710 733 2433 7992 991 11164 732 614 3046 2761 3368 557 3081 1779 1636 2619 694 2075 2362 964 3432 2683 2427 1289 781 1884 1658 1121 2527 2059 5831 5704 2017 1483 1595 878 609 1121 465 2245 3080 7299 741 2324 1876 1148 1753 3183 954 2198 506 3727 2952 9207 787 238 4663 3014 1682 3861 2027 464 1143 548 1306 700 2700 1994 1951 1178 3376 2464 519 2054 1320 2098 554 2696 1810 2339 1325 814 1441 1412 2038 2703 1870 1148 3441 964 3670 5162 1273 1146 989 1599 1142 1667 1148 990 2367 3765 3848 2964 1386 1060 2371 8207 1375 2141 3477 2472 1282 2267 5056 628 957 2283 3960 526 3164 1455 951 3883 1189 620 909 2379 510 1578 758 652 895 2566 1522 792 2563 2780 4804 982 505 588 2630 3015 2535 2394 3194 2051 3471 813 1516 2885 640 1601 1908 2467 516 1683 4072 1079 1507 3035 1727 2325 1558 2674 508 3277 1316 901 913 2057 2007 3636 288 2914 2134 3067 1325 380 813 461 441 1578 683 3346 1235 1952 584 951 4014 823 1855 2148 577 2449 2360 5508 1299 645 1791 3335 2051 1302 3220 2015 2688 1021 352 2021 2898 787 1061 646 4915 2483 2662 1268 1165 932 2069 1707 402 4160 2874 945 624 547 5751 318 4349 1503 721 826 3154 1568 2131 644 905 1709 833 984 757 2364 2398 1390 2286 3031 2180 1097 570 864 1239 1227 440 1209 1473 1391 1240 3103 531 1733 804 805 1338 2055 2229 2201 4351 2201 3254 651 1666 484 685 1718 1045 10341 637 764 677 1215 2002 2385 768 484 1045 1684 3870 1407 1250 2014 902 2775 278 2175 3293 4505 2886 1788 537 1398 3274 1536 4443 2513 1812 1374 909 3252 920 247 2578 1750 1088 2050 2754 1564 933 3000 3264 941 1662 4985 927 1472 1622 2111 489 4456 980 2287 2112 1263 594 2851 1090 4078 347 5188 3690 198 3308 361 2319 2741 3570 331 1381 681 1930 2974 2244 680 3759 540 3619 3032 985 446 1778 2387 714 935 3604 1086 642 1437 991 1602 779 2764 268 3129 1640 2952 756 83 699 5760 6155 2075 670 2355 500 1234 412 6263 ]
@@@ Loss per-class: [ 0.587515 1.52627 0.997117 1.14741 1.02129 1.24237 0.824524 1.54825 1.14392 1.15094 0.54908 1.53978 1.13681 0.761005 1.97538 1.78121 3.26757 1.38452 1.42496 0.816332 0.71646 2.83567 0.851971 1.00608 0.810655 0.958575 3.20306 1.1132 1.70767 0.933996 1.17512 1.35943 0.778967 0.918775 0.938789 1.15973 0.673097 1.33419 0.956364 0.636868 0.775279 2.68923 0.851271 1.24001 1.05076 1.01401 1.9226 1.12519 0.672347 0.754344 0.985913 3.65652 0.802242 1.42247 0.742352 2.19273 0.687889 1.91557 0.559549 1.20781 1.81128 1.66635 1.30526 2.60618 0.981167 1.15658 1.72688 1.05537 3.28881 0.959754 0.870471 1.16089 1.66169 3.70378 1.55503 0.777277 1.13173 1.50752 2.43141 1.52208 0.851547 1.49171 0.734034 4.06819 1.34861 0.778373 1.28814 0.825773 3.16399 2.24446 1.62248 1.69088 1.80549 1.73054 3.3007 0.9821 1.23563 1.84654 1.05726 3.25659 1.10437 1.16273 1.57264 0.722861 4.01868 1.14062 0.669449 0.663057 0.559375 -nan 1.39353 2.0748 1.66741 1.12407 3.01096 0.817782 2.80037 1.15717 0.872318 1.13318 0.994956 -nan 2.63683 0.756586 1.417 1.1209 1.07391 0.973477 1.063 2.62246 1.12457 2.75483 0.582895 0.500551 1.95194 3.34824 2.92102 0.630399 0.734084 1.90844 0.749274 1.55853 1.49553 0.897787 0.970408 1.4007 0.973665 1.57438 0.483224 1.38994 1.09865 1.51652 1.58516 2.57639 1.14346 1.00143 1.76718 0.64576 1.65071 2.1731 0.74802 1.95494 0.667171 -nan 0.595902 1.917 0.772403 2.19614 2.82357 0.735806 1.31849 0.472071 0.726196 2.39205 1.68208 -nan -nan -nan 0.667957 0.946755 1.26371 0.480401 9.31314 1.92691 1.76731 0.679685 1.67524 2.44372 0.628841 0.730712 1.66003 0.966483 3.72371 0.758876 0.884497 0.977164 1.61015 1.31282 2.70016 1.29381 0.835486 1.51607 1.02182 -nan 1.25987 0.848185 1.43928 0.79328 -nan 0.813578 1.01262 2.96125 1.18807 1.60183 1.21886 1.74806 1.9008 0.810258 0.647528 0.269028 0.489195 1.96961 0.970654 2.16879 0.56306 1.54926 0.8496 1.19077 0.676105 0.491823 0.963558 1.0863 2.61188 1.03567 0.729321 1.86143 1.03055 0.831758 1.05262 0.615613 0.882971 0.825805 0.536735 0.475036 1.5286 0.899589 0.442304 1.55602 0.571938 0.998543 1.37552 1.01123 0.677203 2.03817 1.22812 1.14029 1.11766 1.56117 0.549814 0.622715 1.28258 0.853626 1.22728 1.4748 1.23076 1.13669 0.704428 0.544073 0.715174 1.3758 1.71738 0.592974 0.73832 1.52141 1.16825 1.33013 0.390609 1.19032 0.710767 1.19777 1.30755 1.40453 1.23112 1.15322 1.83072 1.13985 1.96972 1.02359 0.773866 1.47834 1.46389 1.06572 1.80399 1.21887 0.969389 0.844917 1.70468 0.917677 0.909772 0.784422 1.22189 1.40996 1.11242 0.727469 1.38359 1.70996 1.93807 1.38221 1.40116 1.17402 0.646768 1.53456 1.04362 1.28358 1.49022 1.17241 1.30181 0.913564 0.94485 1.8457 1.18465 0.89177 1.95313 0.864037 1.1864 1.68206 1.35535 0.793093 1.03907 1.77594 0.636901 1.46179 0.803797 1.15687 1.40931 1.24097 1.04209 1.89945 1.06395 1.21368 2.36795 1.05663 1.35583 1.29261 0.537209 0.863313 1.35863 1.63903 1.23614 1.7904 2.03767 1.04256 1.06306 1.22871 1.00138 1.98292 2.3999 0.928523 0.65347 1.17859 1.04754 0.373124 0.547468 1.26389 1.84747 1.5496 1.967 1.65584 1.81635 2.2659 1.59765 1.97732 0.878273 1.55256 0.842815 1.23756 0.553842 1.71591 0.678708 1.15317 0.722629 0.949144 0.702636 1.05131 0.90346 0.788171 1.67573 1.2381 0.712622 0.866031 1.27669 1.17717 1.05014 0.567346 0.904741 0.796794 1.47469 0.581599 0.510665 1.43744 0.720844 1.41317 1.13651 0.864794 0.645349 1.05955 0.967156 2.11019 0.779526 0.940658 1.33427 1.58047 1.00465 1.65518 1.23998 0.971929 1.28359 1.60639 0.81762 2.40433 0.831786 1.55928 1.68191 1.08554 1.17216 1.22787 1.56614 1.75869 0.936842 0.676518 1.60241 2.15463 1.89476 1.34618 0.789143 1.49193 1.27692 1.59615 1.94415 0.861521 0.922691 0.648389 2.23339 2.21778 1.23453 1.71971 2.42668 1.52951 0.982381 1.46183 0.770234 1.62349 0.837649 2.01005 1.15399 1.31322 0.868429 0.696987 1.96279 1.12327 1.38555 2.01735 0.957057 1.01623 0.857852 0.937395 0.827162 1.57227 1.54939 0.884876 1.12218 1.92794 1.92462 1.53946 1.49125 0.997945 1.79967 1.23103 1.86787 1.17078 1.03066 1.14883 0.486881 0.389163 1.97863 2.29012 1.0524 0.951545 0.950387 0.601604 1.8495 1.12768 1.06133 1.6822 1.45176 1.58136 2.17651 1.91298 0.870584 1.35391 1.03487 1.77196 2.59489 0.555715 1.01075 2.00424 0.918961 1.04383 1.12557 1.36711 0.806896 1.05406 1.13837 1.99083 1.73712 2.36725 1.39532 1.44382 1.53085 0.930446 1.69946 0.977992 1.43436 1.22169 1.53142 2.19254 1.09482 1.65515 2.11094 0.677591 0.861514 1.46336 1.11594 2.64148 1.92141 1.69407 0.867745 1.17479 1.31187 1.11238 2.2769 1.37001 1.78088 0.760664 0.429191 1.46667 0.771303 1.10429 0.891877 1.37855 0.671308 0.772618 1.59446 1.66538 2.48061 1.34137 0.59293 1.0236 0.704242 0.719684 1.05073 0.964001 0.986444 0.615066 1.0431 1.72695 0.753883 1.25578 1.91571 1.7721 0.908103 0.887056 1.98357 1.89314 1.04394 0.733416 1.54468 2.16365 1.45122 1.73769 0.789386 1.46027 1.03918 0.702932 1.10131 1.02547 1.71192 0.729102 1.57402 1.22874 1.55302 1.22429 0.953389 0.802924 0.724187 0.629571 1.66292 1.57023 0.618126 1.04877 0.747455 1.52563 0.79912 1.33739 0.810559 0.92879 0.776973 0.640712 1.09046 0.662607 1.29347 1.29512 2.14467 1.81256 1.63994 2.14321 1.21276 1.52486 0.770669 1.60138 0.788246 2.4689 0.397782 2.02614 0.979484 1.04858 1.46199 0.708917 1.43262 1.39868 1.89487 1.36704 0.621223 1.95668 1.64863 1.05208 1.10716 0.937586 1.56264 1.50969 1.02637 0.862912 2.1742 1.18535 1.41756 0.979802 0.899619 1.01535 1.1393 0.901979 1.47506 1.37523 0.653559 1.99055 1.59308 0.740134 1.57135 0.961909 1.36358 1.23074 1.42676 1.10828 1.09354 0.500984 2.69853 1.59123 2.37351 2.06991 1.62778 1.43162 1.21429 2.21652 1.08725 1.19922 1.08386 1.14576 0.723044 2.2764 1.42695 2.04595 1.29684 1.17018 1.64115 2.8234 1.04971 1.0868 1.81892 1.00027 0.803065 0.474224 0.66005 0.77673 0.572668 1.00763 1.09373 2.43976 1.86756 1.23527 1.03987 1.18803 1.00618 1.32244 0.590938 1.16641 0.989392 2.07266 1.78091 1.22092 2.14391 1.73193 1.02443 0.810179 1.41274 0.303161 1.15602 0.954287 0.679292 1.31989 1.4233 1.52481 1.01342 0.970037 1.58569 0.974155 0.449193 1.1079 1.65708 0.953689 1.25778 0.831505 2.14208 1.6156 1.26652 1.19099 0.736266 1.35318 1.54611 1.25324 1.22708 0.808505 2.02314 0.912645 0.866371 0.451731 1.5967 0.603388 1.29808 1.17649 1.8309 1.41022 0.626926 1.02306 0.687788 1.63064 1.20262 0.417676 0.908534 1.12514 0.779211 0.963547 0.942061 1.67791 0.573038 0.634882 1.57411 1.26623 0.686991 1.51892 0.672042 1.49816 1.24374 1.61968 0.89909 0.856042 0.992127 0.849069 1.02488 1.81176 0.797482 1.32208 1.47681 0.952693 1.64842 1.33315 1.41906 1.38971 1.60632 1.59798 0.992125 1.22062 0.89081 1.32404 1.6354 1.0139 0.86353 0.403734 1.36578 1.24034 0.819927 0.81283 0.738938 1.52215 1.18276 1.04988 0.806743 0.612905 0.944836 2.01685 1.98659 1.38155 1.67504 0.70772 1.18402 2.96052 1.1818 1.03278 1.46445 1.61029 1.11117 0.946538 2.33056 1.57224 0.984959 2.20403 1.07501 0.893973 1.85598 1.61484 0.67981 0.98542 1.22977 0.658107 1.18765 1.12247 1.05723 1.31629 1.49495 1.52863 0.457022 0.634236 1.6955 0.813 1.03404 0.87062 1.14166 0.785955 2.32687 1.43798 1.0721 1.95152 0.570559 0.649902 0.879651 0.786228 0.911212 0.544278 0.823368 2.04324 1.27835 1.72772 1.13001 0.91543 0.591213 1.86114 0.768169 0.912283 0.755958 1.16463 2.09165 0.997177 0.96729 1.23171 1.53109 2.09628 1.3783 0.663123 2.12653 0.806427 2.03188 1.49955 0.566534 1.45629 0.712166 0.912718 0.829503 0.63589 0.745726 1.36881 1.07822 1.17263 0.867269 0.829649 1.12615 1.07906 0.757094 0.910241 1.65422 1.74088 1.91496 3.01731 1.05887 4.03741 1.81012 1.15435 1.11696 1.2953 0.928794 0.806426 1.40883 1.40568 1.33441 1.60622 2.206 1.2127 1.5099 1.20689 0.460845 0.857729 0.959516 0.900558 0.701716 1.98236 1.21048 2.2051 1.09931 0.65533 1.361 0.608325 0.598506 0.567216 1.23647 0.5703 0.625384 1.20703 3.30165 1.43861 1.31988 1.46614 3.52719 0.427623 1.0768 0.902319 1.38994 0.724904 1.46055 1.40349 1.04401 1.96409 1.06658 1.02067 1.18128 0.955548 1.3022 1.08086 1.18544 0.987866 1.05989 2.09416 1.33665 0.843229 0.566112 0.752495 1.0757 1.01724 1.16146 1.20538 1.11129 1.03455 1.35613 1.35948 0.924299 0.890232 2.00729 1.56766 0.809406 1.16038 1.41621 0.84463 0.767499 2.02214 0.995875 2.13642 1.56812 2.21366 1.20136 1.08761 0.774438 0.840207 0.759478 0.81655 0.998712 1.6261 1.15909 0.885326 2.28959 0.870003 2.21416 1.1214 1.54668 0.987834 1.31353 1.14731 1.51764 1.50253 1.30858 1.19384 1.07545 1.64522 1.58983 1.96946 2.09294 1.02915 1.07787 0.729254 1.22932 0.757366 0.846762 0.909948 1.26975 2.94301 0.82253 1.84233 0.810392 1.22114 2.35051 0.976505 1.00039 1.80465 2.06394 0.858761 1.58588 1.70736 1.65377 1.03403 0.895618 1.11739 1.45872 0.817088 1.06848 1.36619 1.46579 0.62325 1.19906 1.2112 0.885042 1.55072 0.707607 0.584608 1.21421 3.15654 2.04374 1.25247 1.41007 0.976267 1.47139 1.30713 1.39699 1.54347 1.32133 0.944169 1.1343 0.741277 1.10521 1.05745 0.611776 0.566783 1.04957 0.942694 1.21858 0.884058 0.54405 1.70981 1.34646 1.5523 0.760739 1.12784 1.78707 0.608534 1.21024 1.83742 2.21954 1.99041 0.499272 1.95068 1.20266 2.67581 1.6134 1.31515 1.20228 1.35907 1.92718 0.983869 0.838949 1.56585 0.729408 1.47138 0.870908 1.07288 1.64169 1.80728 2.09533 1.6153 1.36342 1.56368 3.07136 1.13913 1.19368 1.56445 1.45407 0.861564 1.47799 1.23586 1.14331 2.18151 0.642563 1.84577 0.845783 1.35347 1.71216 2.10298 0.717345 0.868863 0.507684 0.883958 1.87865 0.569486 1.99862 0.841297 1.20892 0.460855 0.942375 1.0336 0.664016 1.83892 0.780362 1.25677 1.24041 0.968784 0.608825 1.24686 2.10393 1.05628 1.00667 1.05585 3.12754 0.936376 0.978209 1.46736 1.07123 1.44783 1.37005 1.12719 1.96972 1.31839 0.448124 1.03553 0.719092 1.07843 1.13949 1.22264 0.846416 0.701487 1.68783 1.007 0.88706 1.31373 1.49128 1.21144 0.878418 1.58656 1.06937 0.647723 1.54825 1.50338 1.3935 0.967633 1.42434 1.13989 0.8572 1.64788 1.07775 2.29935 1.8953 0.562964 0.628905 1.48153 1.14548 1.34694 1.1132 1.57864 1.11135 0.90319 0.936149 1.78189 1.19153 1.3042 0.971512 1.32639 1.00057 0.974674 1.03625 1.94531 0.990569 1.07566 1.57425 1.36078 0.856857 1.38906 1.04894 1.81829 1.80677 1.0298 1.59421 1.37805 1.14153 1.20437 1.27483 1.09481 0.692315 1.07483 0.985396 0.623096 1.0646 0.990949 2.35196 1.08578 0.927467 0.902241 1.23665 2.74287 0.934849 0.712855 1.38103 0.525453 0.747622 0.828303 0.690754 0.844085 0.744087 1.31806 2.07253 1.84057 0.877023 3.69913 0.952688 0.590262 0.670803 0.821018 0.897531 0.760535 1.00791 3.45708 0.609685 1.11566 1.18643 0.882395 0.87971 1.25919 1.48296 1.31753 1.21347 1.51451 0.595687 0.77264 1.32796 1.07667 0.94848 1.19534 1.47589 1.34273 0.895257 1.65563 1.7968 0.737942 1.30465 1.35707 1.15719 1.19979 0.830646 1.63151 1.22463 1.01189 0.749266 1.05967 1.74105 1.79858 0.916941 1.33326 1.49366 1.55652 1.63168 1.00653 1.19107 1.65824 0.775327 1.58982 1.55078 1.33607 1.83487 3.32328 0.680832 1.99868 0.867654 1.67679 0.851954 2.16073 1.45882 1.29151 0.730019 1.97651 1.36967 1.05052 0.806782 0.944966 2.56784 1.3737 1.89107 1.8865 0.928743 2.40954 1.27171 1.16439 1.65635 1.2865 2.85111 1.68618 2.9758 0.817159 0.776866 1.50173 0.537342 2.36125 2.9043 2.01304 1.03512 1.62793 0.331685 1.0099 0.935781 0.520024 1.52919 1.46197 1.83695 1.18837 1.00263 1.71005 1.79936 0.997225 0.642975 1.49468 0.720232 1.98732 0.998794 1.38549 1.3975 1.51476 1.31242 0.923925 1.44527 0.776377 0.788679 0.869577 1.11028 1.13873 2.07097 0.708685 1.47525 1.11992 1.1229 0.813323 1.0525 0.606182 1.5178 1.58869 1.03226 1.155 0.563673 1.46235 0.998638 1.03797 1.21953 1.22641 1.71596 1.00477 1.02387 1.97777 1.89937 0.822566 1.32358 0.516035 1.17069 0.969199 1.48705 1.28878 1.68417 1.3894 1.09732 0.857423 1.33892 2.2054 1.19345 0.800387 0.904199 1.78391 1.31144 1.22663 1.04159 1.40703 0.742522 1.87114 0.922225 0.968545 0.734004 0.762791 1.10917 1.0021 0.946566 0.798763 0.602363 1.22488 2.34841 1.20407 1.64454 1.17818 0.756007 2.18113 1.01657 0.676947 0.875461 0.889036 0.849443 0.96589 0.826324 0.921908 0.708584 1.35801 0.910225 1.06425 1.72267 0.951809 1.7511 1.24809 1.21998 2.06775 1.89871 0.694719 0.996534 1.29499 1.36847 0.993926 0.730984 0.955432 0.473944 0.531082 1.70712 1.47695 1.01455 1.31028 1.93801 1.42488 1.60235 1.5835 1.1611 1.54633 0.876155 1.47381 1.58401 1.02237 1.10586 1.60516 1.98555 2.25607 0.911238 1.50092 0.722501 1.27128 2.04845 0.95427 0.55863 1.7484 2.35312 1.29516 0.965103 1.2906 0.672462 0.532394 3.64632 1.5251 1.21284 0.885704 1.17501 1.00877 0.778217 1.23465 0.914898 0.527139 1.13654 1.8414 0.995944 1.84226 1.14266 0.794858 0.976484 1.00928 1.31654 1.1429 0.898638 1.3699 1.81283 1.3126 1.13289 1.12078 2.65403 1.34494 1.08224 0.868535 1.81647 2.10425 1.28219 1.0782 1.23466 1.35663 0.584458 2.69372 1.05649 2.4132 1.10142 1.18309 1.69374 1.03454 1.22826 1.309 0.452978 1.26546 1.06247 0.947348 1.6488 1.87631 0.724631 1.029 1.14479 1.32545 2.17934 1.19577 1.67334 1.16344 1.73939 1.34849 1.85708 1.0844 1.29446 1.10659 1.37324 1.75915 1.49671 0.510561 0.660405 1.82029 2.28112 3.21837 0.949283 0.835592 1.14897 1.29037 1.47666 2.42552 0.689798 0.70853 1.4453 0.983015 1.17182 1.19531 1.82309 0.821048 0.725157 0.873397 1.08065 1.19489 0.906266 0.722487 0.875039 1.43621 2.05287 2.00163 1.03778 0.875094 0.706517 1.26559 2.00983 0.627503 2.26455 1.38634 1.60052 1.55074 1.49826 1.53428 1.92081 2.26353 0.757882 1.92711 0.882804 0.913233 0.671942 1.30875 0.657191 1.38357 1.61646 1.11764 1.10717 1.66407 0.961034 1.01434 1.26217 2.05622 1.40469 1.05081 1.1985 0.862084 0.540409 1.85221 1.03659 1.10468 1.21524 1.22956 1.34427 1.7762 1.24258 2.25833 0.570555 0.963699 1.4207 1.7523 1.87749 1.32513 1.29599 1.1683 1.09676 2.30399 1.09189 0.904359 1.39709 0.506905 1.45073 1.87829 1.82195 1.67455 1.50926 1.06142 1.91432 1.33475 1.92871 1.08406 1.14369 1.9689 1.88769 1.26474 1.13484 1.20846 0.978447 1.14956 1.58525 0.981795 0.771228 0.460503 1.22433 1.2577 1.08287 1.16534 1.10142 0.667399 1.03703 1.00718 1.32211 1.68709 1.22696 1.22748 1.22945 1.57659 1.46591 1.21195 1.83975 1.55179 1.95574 0.854188 0.90319 1.24211 1.65174 0.70542 1.42627 1.16812 1.27235 1.55825 1.62727 0.85806 0.625021 1.4095 0.857859 1.54795 1.30167 0.987692 1.66299 1.10066 1.77588 1.24854 0.827988 1.5588 3.09905 0.733113 2.40056 1.35999 1.64333 1.34547 2.45529 1.19516 1.38902 2.79436 1.38472 1.57385 1.40098 1.51669 1.14481 1.15045 1.37722 1.51808 2.12819 1.02411 1.28104 1.18908 1.073 1.00013 0.75875 1.93984 1.27752 1.19022 1.33963 1.14088 1.68208 1.62889 1.39961 1.6336 0.832976 1.51873 1.94587 0.416108 1.15293 1.00514 1.10411 2.49854 1.31026 1.25291 1.30623 1.55998 1.51582 1.48284 1.5476 1.17184 1.15757 2.17294 1.49573 1.29123 1.21282 2.49953 1.2711 1.30156 1.24796 0.620223 1.09038 1.25306 1.73321 1.25361 1.68951 1.05178 0.996026 0.934564 0.585591 0.889437 2.30413 1.32931 0.814324 1.51161 1.39741 1.20449 1.73391 2.37019 1.36366 1.11616 0.669051 1.08248 1.04863 1.32754 1.22726 1.33853 1.44929 1.31902 1.14568 1.34261 1.37169 1.37361 1.77437 1.38602 1.07594 0.864367 0.71464 1.39349 1.30255 0.662384 1.28917 0.978264 2.07335 1.07581 0.755312 1.42783 0.969646 1.76825 0.870709 1.34384 1.79726 2.33445 1.12373 1.59717 1.21668 1.15065 1.79278 1.28269 2.48178 2.71804 1.15723 1.39761 1.08419 0.820709 1.03416 1.22153 1.92635 1.46373 1.17244 1.51675 1.04411 0.578747 0.70614 1.38087 1.24386 1.52737 1.96894 1.32591 2.13038 1.51552 0.601508 1.29087 1.61518 0.937938 3.43844 0.907942 0.813345 1.34116 0.893177 2.22609 1.91682 1.53816 0.656369 1.63183 1.77462 0.406222 0.874145 0.762656 1.29025 0.680586 1.51916 0.740215 1.34848 1.43493 1.68298 1.70968 1.20734 0.57163 1.14234 1.0466 1.90736 1.67481 0.805012 1.72364 1.38889 0.950556 0.708069 0.850236 0.66045 1.46191 1.81085 0.945675 0.790653 1.10647 0.806078 1.13973 2.21971 1.35692 1.18391 0.754149 1.83324 1.31876 1.39551 1.36387 1.21677 1.147 1.34316 0.558306 0.564114 1.46915 1.61084 0.710856 1.28282 1.31443 1.75627 0.638519 1.35487 1.34768 1.53186 1.4638 1.14246 0.844862 1.02634 1.38346 1.13179 0.854785 2.10637 1.83648 1.70858 1.11653 0.911074 2.70034 0.70543 1.34807 1.6257 1.34882 2.02502 1.51523 1.26431 1.33185 1.45219 0.597929 1.42376 0.946591 0.812882 1.43018 0.919158 0.958593 1.61896 1.35326 1.21006 1.71915 1.67351 1.26147 1.24151 0.469729 1.75757 1.02926 1.45655 1.71166 1.0048 1.47092 1.45388 0.903525 1.47268 1.74949 1.71308 1.87688 2.58633 1.67578 1.59637 1.43164 1.26639 0.964 1.04732 0.820337 2.03181 0.648788 1.64955 0.830743 1.61233 2.79629 1.68444 1.90561 1.8404 0.641146 1.46071 1.29636 1.52172 0.776696 3.14774 1.27771 1.02769 0.994721 1.52209 1.56569 2.70212 1.02243 1.18837 1.35828 0.730991 1.53413 0.933131 1.02589 0.733459 1.93812 1.68823 1.07353 1.61247 1.13428 1.13038 1.49275 0.896869 0.661112 1.84645 1.09815 1.41931 0.879716 1.72963 1.73609 1.52508 1.54291 0.742998 1.20773 2.23856 1.31065 1.39074 0.781088 1.34634 1.33967 1.35882 1.83461 1.54547 1.42871 0.751064 1.52541 1.72349 1.3635 1.62426 1.19726 1.33945 0.808777 1.08574 1.27118 2.31968 0.49916 0.611455 1.26237 1.60913 1.49088 1.61372 2.61054 2.0526 1.85491 1.90968 1.47808 1.1579 2.72729 0.915593 1.40524 1.16461 1.24672 1.11675 1.24658 1.01147 1.85323 2.12109 1.14664 0.902056 1.64464 1.67479 1.81202 1.62583 0.877749 1.04538 1.87178 0.862219 1.19808 0.861136 0.636493 1.74588 1.16868 1.50933 1.31978 1.92171 1.33247 0.919894 1.15677 1.25168 3.32037 1.37972 1.78759 1.07167 1.41058 0.646157 1.66059 1.8493 1.62309 2.12007 1.21104 2.46945 1.32254 1.25684 2.14451 1.04542 2.13011 1.70806 1.37524 1.77096 1.00767 0.756981 2.70494 1.10009 1.16946 1.65219 1.69902 1.64043 0.806546 0.860261 1.48977 1.8169 0.711155 1.79589 1.19438 1.32567 0.78677 1.62529 3.09634 1.00286 1.96798 1.42923 1.41061 1.24254 1.00192 1.49693 1.02424 1.41654 1.15712 1.0474 1.77163 0.966449 1.06272 0.616875 0.940973 1.2721 0.936423 1.1586 2.112 1.55293 0.772917 0.960405 1.67651 1.18269 1.20307 1.51409 1.72877 0.939448 0.852657 0.994139 0.66578 1.72681 1.42504 0.897049 1.23583 1.07573 1.19125 1.49034 0.988411 1.22882 1.43499 1.32904 1.1202 0.842837 0.952608 1.5655 1.60536 1.22241 1.24274 2.11617 1.81635 0.956705 1.27535 1.37996 1.0657 0.679012 0.931469 1.28251 1.23026 1.14596 1.26761 1.21787 0.944076 1.33485 1.10275 1.3937 1.47082 1.58104 1.65985 1.11452 1.16115 2.48122 0.90343 0.831295 1.47135 1.22521 1.83677 0.539945 1.37386 0.813774 1.04279 1.16046 1.5193 0.958749 1.18278 1.55564 1.71925 1.10366 0.639322 2.02208 1.38104 1.89975 2.22056 1.18324 1.39471 1.49694 1.73423 1.21257 1.18762 0.659286 1.63462 1.52301 1.41048 1.163 1.8762 2.59653 1.10484 3.02465 1.75959 1.49939 0.523109 1.64414 1.30134 0.958508 0.76455 0.659148 1.45523 1.20426 1.18514 1.38574 1.83812 1.00614 1.28537 1.46628 1.22528 1.29872 2.19702 1.18002 1.71942 0.541889 1.48425 1.25699 0.876497 3.53921 1.31691 1.81468 0.553264 1.77586 1.74616 1.59081 0.976123 1.17841 1.47379 1.18859 1.18463 1.17902 1.3383 1.19396 1.78937 1.38807 1.04126 0.741011 1.77477 1.44112 1.02176 1.66613 1.23115 1.05851 1.03413 1.26554 1.49002 1.22313 1.36388 1.96415 1.36259 0.952037 1.15383 1.78655 1.55202 1.26224 1.38603 1.51841 0.576902 1.57145 1.36994 0.868619 1.46316 1.1765 1.07604 1.84425 0.980192 1.36691 0.967448 1.2166 0.844139 2.12583 3.57676 1.72738 1.52112 1.11599 0.925359 1.07743 1.58947 1.83427 0.931762 0.960207 1.81208 1.49491 0.854743 1.23912 1.30604 1.7552 1.47858 1.24847 0.828346 1.73852 1.53066 1.27847 2.08659 1.04507 1.29252 0.981111 0.779678 1.14012 0.640658 1.25077 1.25143 1.57972 1.22604 1.26897 1.91782 1.10526 1.52535 0.684333 1.25718 1.1772 1.24893 1.05324 2.58687 1.91146 1.42067 0.951892 1.72336 0.828758 0.870022 2.13588 1.68117 0.919249 1.37064 1.78209 1.28447 1.45157 1.69857 1.6781 1.1724 1.09002 1.59843 1.02213 2.28192 1.12964 0.896024 1.23003 1.85748 1.26172 0.802993 1.58157 1.43559 1.16357 1.23037 1.26826 0.603603 1.20477 1.72246 1.63033 0.75594 2.64333 1.57092 1.79894 1.12265 1.14425 1.15152 1.37734 1.4251 0.805712 1.26961 1.91119 1.56993 1.54404 1.53192 1.8807 1.31431 0.914917 0.576838 1.54571 1.76341 0.366508 1.28184 1.56627 2.16976 1.05261 0.921948 1.07182 0.86572 0.973832 1.35318 1.66327 1.30241 1.25352 2.12703 0.779365 1.72153 1.70984 0.926849 1.68824 1.28962 1.02389 2.10906 1.76008 1.04509 0.893427 1.56538 1.50527 1.99444 1.41703 1.09919 1.07181 0.90903 0.850701 1.13067 1.4344 1.12426 1.50835 1.52628 1.13241 0.742429 1.61463 1.68597 0.904998 1.18174 0.723685 1.51419 1.99602 1.82308 0.946274 2.06837 1.17935 1.55401 1.39936 1.08066 0.888543 1.56978 1.70964 1.32015 1.03071 0.961171 1.25368 0.879011 0.88673 1.25407 0.71274 0.914517 0.782936 1.66168 1.41542 0.873009 1.23212 1.03448 0.858299 1.47134 1.46484 1.26574 0.825234 1.13807 2.20601 0.654818 1.18649 1.31349 1.28373 1.57354 2.08876 1.1483 1.26388 1.54665 1.48584 0.769606 0.908237 1.18491 2.2745 1.3339 1.04659 1.59693 1.5563 3.65857 1.39078 1.19872 1.46971 1.02158 1.30358 0.737518 1.40685 0.971769 1.38469 0.788099 1.15897 1.28835 1.41384 1.32302 1.20991 1.72257 1.31494 1.54493 1.27402 1.09273 0.934343 1.00838 1.29265 0.916948 0.74416 2.14985 2.0725 1.21045 1.15837 1.33844 3.45236 0.688214 1.45338 1.28195 1.16695 1.41997 0.827782 1.38298 1.02376 1.29608 1.86225 1.28131 0.920407 1.55465 1.10156 1.75831 1.069 0.825137 3.22217 1.90366 4.44403 0.652986 1.51903 2.3625 0.971265 1.07816 1.59183 1.50105 1.22799 1.63122 0.703887 1.79528 1.21549 1.92001 1.28373 1.30669 0.561784 0.900014 1.27956 1.23411 0.947253 1.31206 0.852522 1.39194 1.84433 1.60219 1.11595 1.46805 1.93754 2.00482 0.770349 1.64203 1.72058 0.891405 2.23098 1.85651 0.807424 1.67288 1.39525 1.4949 1.67178 1.31913 1.12453 1.45409 1.19992 1.32135 1.08407 1.42201 1.05746 1.49685 0.98592 1.49453 1.44758 1.65868 1.40502 0.72431 0.534509 1.40924 1.52306 1.30242 1.89265 1.59007 1.35964 1.2045 1.01616 0.897821 1.23057 0.597431 1.3428 1.67431 1.15665 0.664288 1.02143 1.72164 1.4547 1.21386 0.717331 1.59397 0.87649 1.10253 1.00113 1.70552 1.49555 1.01391 1.26197 1.00508 0.813897 1.13301 1.29125 1.97186 1.2861 1.48774 1.00305 1.10499 2.1481 1.24455 1.6976 1.60961 2.28064 1.41712 0.842633 1.95795 0.790867 1.35218 0.491799 1.23445 1.42004 2.49193 1.3372 1.43893 0.764201 1.44367 1.86346 0.77423 0.848165 1.73523 1.6656 1.6676 1.62799 1.01035 0.616093 1.61094 1.10822 1.46139 1.69418 1.58649 0.980618 1.29511 2.60046 1.86711 0.725271 1.11257 1.49577 1.35605 1.07427 3.32876 1.22601 1.02038 2.32388 1.80037 1.07414 1.35255 1.92184 2.47964 0.767952 1.40064 0.74705 1.77296 1.20521 1.62425 1.63233 2.22306 1.4025 1.34552 1.28314 1.01016 1.02426 1.40211 0.856481 1.11143 1.74032 1.81913 1.5766 1.20247 0.798126 1.20505 1.20619 1.25492 1.01322 1.28217 1.42784 1.16483 1.09881 1.2863 0.738714 1.26194 1.83437 1.44834 0.889887 1.4463 1.43587 0.373159 1.38629 0.813933 1.4741 0.956629 1.27744 1.72349 1.59796 1.42315 2.13456 1.74149 1.95653 1.51495 1.19409 1.69526 0.805223 1.10727 1.58823 0.990188 0.699181 0.896835 1.20447 0.730587 1.06584 2.07515 1.65095 1.52189 2.76515 0.957956 1.53762 2.43672 1.3603 2.31283 1.92614 0.980671 2.28155 1.70146 2.16709 2.27286 1.20831 0.64235 0.928195 1.38051 0.682973 0.83893 1.71661 1.39394 1.11752 1.51496 1.49852 1.41299 1.99607 1.12862 1.28061 1.42121 1.13801 1.51273 1.27017 1.57035 1.67765 1.53804 1.43125 1.36349 1.58624 1.73837 1.79314 0.984424 1.9438 1.33059 1.59694 1.13224 1.62852 1.1131 1.75959 2.44809 1.79923 1.69288 0.573884 1.70687 1.76505 1.25851 1.26136 1.9717 1.80799 2.74033 1.93383 1.31602 0.854117 1.16355 1.7288 1.67067 1.71597 1.09453 2.41786 2.34948 1.73253 2.26271 1.08836 1.43399 1.31257 1.45827 1.30014 1.04407 1.54729 1.76964 1.62676 1.46608 1.59579 1.17521 1.36908 2.36067 1.36026 1.27862 1.26888 1.42214 0.776865 2.50708 0.785977 1.35199 2.15978 1.86772 1.45996 1.42733 1.82404 1.60747 1.12169 1.32991 1.88668 1.28273 1.24381 2.4068 1.73645 1.1601 2.69043 1.14643 1.39458 1.41417 1.06561 1.69896 1.55886 1.08557 1.33298 1.16097 1.29783 1.46069 1.97035 1.44276 1.50475 0.66448 1.2411 1.55182 2.17021 1.48874 1.66113 1.70755 0.84334 1.14336 1.52023 1.3668 1.43425 1.12811 1.02791 2.18327 1.4687 1.25423 0.843738 0.905928 0.559892 1.5061 1.8887 0.948346 0.751801 1.48495 1.05422 1.2244 1.25799 1.41399 1.78426 1.68612 2.15047 1.47905 1.21323 1.64896 2.017 1.48321 1.73281 0.511691 0.834617 2.25638 1.83023 1.67455 1.29816 1.23464 1.48568 1.51778 0.83063 1.28932 2.05534 1.23913 0.728526 2.05903 1.76319 1.2709 1.34418 1.83814 1.50285 1.2475 1.6729 1.48001 1.57879 0.940751 1.04219 1.2073 0.878634 1.81185 1.20617 1.96254 0.849444 1.18136 1.29984 1.58165 1.46058 0.877673 0.823587 1.72383 1.68058 1.4098 1.03151 1.66803 1.17257 1.68032 3.17636 0.868272 1.32748 0.919447 2.41894 2.96812 1.02736 1.35761 1.34739 0.709354 1.67024 1.30361 1.32854 1.9524 1.45521 2.42899 1.23996 1.75442 2.08424 1.39502 0.834701 1.54805 1.77371 1.46509 1.15207 1.89552 1.33575 1.55944 2.26011 1.52575 1.27697 1.82719 2.3053 1.4144 1.90491 1.75887 1.26744 2.22125 1.35049 1.71153 1.0886 1.36317 1.79129 1.6005 1.22714 1.31582 1.97411 1.53195 1.10163 1.6157 1.9151 1.85597 1.42982 1.23705 1.49016 0.89371 1.70105 1.12229 1.33947 1.33428 1.50513 1.0857 1.39101 1.40464 1.38237 1.84762 1.23687 1.86937 1.01678 2.16595 1.25494 2.11427 1.32054 0.885968 1.70321 1.02112 1.48001 1.39172 1.8862 1.64857 1.46231 2.558 1.70157 1.44546 1.7925 2.22583 1.65489 1.29552 1.49602 1.73115 1.86302 1.20364 0.746776 1.76469 1.11721 1.6009 1.38921 1.40237 0.866216 2.04051 2.28536 1.26956 2.11576 2.34304 1.08487 1.86985 1.93699 1.56228 1.35186 1.67858 1.16778 1.45869 1.14827 1.08212 1.73352 1.51664 2.26545 1.56059 1.49904 1.66742 1.48242 1.87295 1.84595 1.50033 3.45841 0.777996 1.53287 1.21837 1.26523 1.2132 1.83032 1.43341 1.75904 0.89755 1.09688 1.70263 1.80096 1.23232 2.81049 1.76725 0.820698 1.56316 0.57131 1.28691 2.41202 1.17625 1.26666 0.966618 1.52108 1.24065 1.26595 1.13774 1.1483 1.57274 1.75365 1.88783 1.36849 1.86345 3.16569 1.27428 1.56042 0.619613 1.15597 1.50687 1.22432 1.38273 1.35981 1.46996 1.2365 2.2524 1.57418 1.33729 1.93713 1.2715 1.29985 0.950174 1.39924 1.37968 1.27542 1.62051 0.708518 1.31912 0.722345 2.00849 1.571 2.1371 1.97487 1.44657 0.975837 1.47904 1.95463 2.03148 1.70018 1.5369 1.02938 1.48532 1.32388 1.28432 1.58817 3.02217 1.39936 1.83504 1.17957 2.1312 1.08586 1.50692 2.19228 0.742457 1.78833 1.41755 3.67238 2.09151 1.56256 1.91757 1.61288 1.71903 1.95741 1.59857 1.36414 1.05449 1.0801 1.27444 2.1992 1.48508 1.95332 1.03716 1.90303 0.787148 1.06757 1.83316 1.66241 1.43249 1.04208 1.38776 1.39591 3.43547 1.27894 1.94949 1.3492 1.44425 1.36847 1.37078 1.42834 1.46842 2.5913 1.28275 0.862062 1.81688 1.11067 2.08167 1.11227 1.57866 1.72946 1.44003 1.30238 0.876942 2.20858 2.05745 2.00873 1.12006 2.14449 4.23098 0.97231 1.86985 1.38491 1.34184 1.99038 1.76041 1.50754 0.991912 0.645284 1.83189 1.5382 1.77474 1.40832 1.11 1.54886 0.651672 1.92782 1.49265 1.14262 1.131 1.3235 1.60337 0.984101 1.19645 1.85018 1.2368 2.12912 1.53454 1.07195 1.56446 0.933364 1.71552 1.50588 1.35023 1.81045 3.02701 1.47754 1.3727 1.29951 0.945592 1.10797 2.73081 0.829656 2.87514 1.81894 1.13842 1.40571 1.03261 1.1286 1.31811 1.52807 1.32773 1.01369 1.77752 1.06504 1.68259 1.86579 1.0272 1.90973 1.49029 1.32685 0.972056 1.39985 1.69243 1.25973 4.54436 3.10887 0.992277 1.02353 2.05851 1.3538 1.3171 2.60978 2.34682 1.73949 1.15794 ]
@@@ Frame-accuracy per-class: [ 79.4345 55.123 71.8211 65.725 71.889 69.2702 76.4075 55.4645 64.0068 66.9358 85.1305 48.7273 68.6857 78.8925 46.56 48.9324 10.5651 54.9398 59.467 72.1867 80 11.1111 74.896 67.1488 73.8742 69.3811 18.5567 66.3657 46.6268 65.8369 68.75 59.2784 73.7475 73.3661 71.372 64.8507 80.0534 56.7901 71.4483 82.1045 77.3089 29.4671 76.3441 63.0435 72.2413 70.4641 46.7312 68.5205 80.81 77.7122 68.8863 4.42478 75.3205 56.4389 79.4549 36.1396 80.6943 44.5902 81.8526 64.8013 48.62 52.6751 62.8562 26.6389 70.3146 65.1838 47.7966 68.6916 13.0081 72.9029 73.3276 63.1466 46.4594 10.4377 51.135 76.3776 66.1639 56.7026 24.9186 54.1033 73.6801 53.9419 78.6687 1.4218 58.7467 77.1483 60.4331 75.7395 15.7143 32.2212 49.8512 49.3027 48.535 51.1804 27.1028 71.6527 64.9638 48.4305 70.2633 8.35214 65.3789 68.1614 52.5882 78.7352 14.1892 68.7728 80.6243 78.1374 84.0864 -nan 56.577 40.6422 44.3689 59.9057 17.0769 76.2348 11.2676 62.9371 71.7266 65.3846 69.455 -nan 19.1235 78.72 59.1633 61.0825 65.3484 70.0806 69.1658 20.7059 67.5393 28.642 82.1329 84.713 45.7307 2.44755 20.0637 80.5071 78.4643 45.5882 76.2519 56.8195 50.1654 73.3102 68.7996 57.5672 69.6019 34.8714 86.2264 59.2368 66.7363 51.9929 53.0587 28.75 66.687 69.2823 45.4918 78.6651 48.6111 33 78.848 41.0334 78.9805 -nan 82.2083 46.4986 78.6136 35.4331 22.1106 77.5357 57.7586 84.7159 80.3849 33.9332 54.4139 -nan -nan -nan 80.9626 72.1791 63.3333 86.0764 0 44.7603 43.7326 82.0093 51 35.7143 83.6709 78.5637 44.9728 71.0837 10.4651 75.1101 73.4478 71.8168 51.8898 59.6322 33.5938 62.8244 72.3875 52.5573 69.0809 -nan 61.5242 75.2472 50.5639 76.3917 -nan 77.8248 71.1656 23.3129 66.1098 53.6585 60.5974 31.7853 35.5844 74.7103 78.1225 90.5461 82.8952 37.6122 62.7143 33.6228 83.8722 56.7353 75.9711 61.577 78.2805 86.6319 68.5603 65.0917 27.1834 72.2222 76.7677 40.2688 71.74 74.2663 67.0932 79.1851 75.4335 71.9638 82.7405 85.7994 54.4922 73.6359 87.2231 50.1081 82.3735 70.7157 59.2061 69.6478 80.3979 39.4397 61.9981 66.6267 68.3316 47.639 84.3437 79.0062 61.4929 74.7794 63.7969 49.1816 62.5813 59.5773 77.326 82.2412 78.1345 54.8975 51.6701 81.8966 78.8012 52.4413 60.6641 59.9561 89.6407 65.3381 79.4231 61.8347 57.3687 60.4703 57.406 67.6386 49.1279 63.8798 45.4619 68.2565 77.9947 43.7101 55.7284 69.2162 47.6422 63.0981 72.5523 68.7648 47.8971 60.7885 74.2349 77.8429 58.3678 60.7638 61.8705 78.4874 60 54.2822 39.508 58.2871 56.8601 61.8467 78.8154 55.7237 70.6177 61.9742 56.3333 65.2651 60.1808 68.3419 71.3721 52.3104 66.8932 71.1359 38.7409 72.5296 64.557 51.8904 58.7771 77.6318 69.5473 42.5638 80.3226 58.6257 76.1601 67.1703 57.8065 64.5447 71.5716 47.8223 67.8804 65.2325 31.3066 70.0122 57.8338 58.532 84.6429 75.2358 62.1859 55.1373 63.6835 46.2823 45.6631 69.5189 69.5151 60.989 70.8036 41.358 24.8092 71.8196 81.6348 66.9394 67.815 89.9321 82.8909 62.1141 43.9352 51.8832 44.4655 49.5706 51.928 31.2025 56.1051 43.7433 72.9503 55.3996 76.1643 60.6914 82.2726 43.5149 79.6446 67.4067 80.6598 73.5464 80.3092 72.0102 71.6245 78.9701 54.9296 61.2521 78.438 76.4599 63.9485 66.1845 69.7427 85.2002 76.214 75.2014 57.7657 83.8195 84.414 57.856 75.3012 61.3319 65.9621 72.1645 78.3448 69.4568 70.9029 39.3103 76.5405 72.3404 55.6753 55.0182 70.6731 48.9629 65.7453 70.2538 62.0513 49.968 73.8272 28.6211 74.9799 55.5608 49.0745 67.5787 66.6526 61.9139 54.9398 45.2174 69.5216 78.9548 54.6392 37.6572 42.4044 61.9782 77.1532 57.7828 66.9766 55.8011 44.6793 73.6086 71.3592 82.0214 33.0716 32.448 62.7301 48.0151 30.2152 55.753 70.9743 55.7621 76.7533 45.1278 75.123 38.6243 65.1511 61.3537 73.132 79.2671 44.7514 62.8571 59.5104 40.4145 71 68.7069 72.4481 74.7925 76.2818 52.2622 55.3355 73.1084 67.381 44.6312 47.1769 53.2982 58.3032 70.1961 48.1323 64.4895 44.6292 61.2115 67.8853 63.7555 87.6656 88.0748 45.8473 32.5217 67.0874 75.8476 70.6369 80.5104 46.2609 65.9643 69.4508 52.0276 53.1161 53.2258 39.002 43.9637 72.2834 49.594 67.6957 42.8147 25.2632 83.0553 71.7205 44.4737 75.2847 71.3347 63.6531 61.5436 77.0597 70.1946 67.9389 43.1138 46.5443 27.2727 56.7104 57.8538 53.861 71.8484 48.927 70.751 55.6277 60.4689 54.5151 40.4069 69.9973 53.2663 37.412 79.7214 74.6508 54.8448 67.8273 34.1346 45.4492 49.1921 73.8673 64.557 58.606 65.4188 32.1053 58.3715 53.6807 78.0497 86.9081 62.4476 78.0158 66.348 72.766 60.0996 79.6296 78.3883 56.087 49.4395 25.9108 52.4573 81.0127 67.0264 77.4481 78.7345 70.2816 71.4382 72.2686 81.2218 68.9944 41.3043 78.7902 63.7311 49.8301 45.0855 74.4625 71.1538 42.7561 43.7441 66.9607 79.4936 50.7692 37.257 59.0022 45.565 81.2859 58.1864 68.699 79.9274 68.9842 69.5251 44.7736 78.8511 52.2631 63.9144 56.6964 60.8147 73.2791 74.6118 75.9615 81.1627 52.919 50.6942 82.7268 68.8235 78.7478 54.2026 74.587 63.0909 79.4846 71.0084 73.9336 81.6017 68.328 78.8517 59.8915 63.942 39.823 49.6999 45.8776 35.877 58.892 58.4372 78.01 54.1837 78.1663 27.6006 89.165 39.0426 67.3077 69.1124 58.6698 77.5091 57.7616 60.7632 42.7928 61.7661 81.5665 41.2306 52.0522 69.3357 68.0228 71.4898 51.2911 50.4437 70.2191 72.6842 38.4587 68.2018 60.6903 69.5602 74.2991 66.6178 68.3938 73.1285 52.7298 61.1422 80.4268 41.8768 49.6231 74.9601 50.1515 68.3109 56.687 64.3203 59.2695 66.1417 68.227 85.5366 24.7297 57.4431 30.0452 31.4776 52.6992 57.4766 64.3082 30.9967 64.6358 58.4527 66.9374 62.2381 79.2705 20.8658 63.253 37.4324 63.4448 63.2653 54.0965 16.7832 65.9842 67.6616 41.2882 71.0586 77.2846 84.6868 80.3417 74.8179 81.7055 71.6838 64.9618 32.1637 46.7456 62.0198 62.2624 61.4925 70.1273 59.4885 82.6419 62.7284 70.8291 40.6375 50.1792 65.7762 42.5713 50.4183 64.7513 76.8871 56.7136 91.994 65.6794 71.2358 79.4154 57.4439 61.6842 59.1549 71.0988 70.5367 54.6244 73.5524 85.1759 66.6024 46.6912 69.2308 60.7143 75.5979 33.3123 44.464 62.2449 65.3713 79.4367 58.9172 56.9045 61.2856 63.7213 77.2324 40.8291 72.9206 76.1259 86.327 54.6704 82.1598 63.8237 64.6333 52.381 50.3307 79.18 69.3085 77.4165 49.9672 66.4773 86.9145 71.7403 60.3784 76.3763 71.8554 71.4164 50.641 82.0042 83.0645 58.3174 62.8713 78.7568 53.4884 80.8161 49.7817 60.6157 48.3461 71.4122 73.2789 70.1583 74.4208 70.8787 33.3551 76.1842 58.7508 56.0098 73.1895 49.0269 59.434 59.4123 59.3108 56.5593 52.2727 70.6431 62.2407 75.2366 59.5556 43.7795 70.7334 72.7794 88.4083 62.7632 63.7419 75.431 76.953 77.6036 55.3057 67.0762 68.7609 77.1654 83.0575 71.4936 43.5427 50.6173 57.4713 53.1161 78.0752 65.8396 17.6817 65.9472 72.4496 53.0756 55.0709 67.0308 71.6638 33.3688 49.5339 67.8838 29.7297 64.7436 71.7775 45.8078 51.6547 80.2841 70.0315 63.5394 81.5116 66.7782 66.206 68.2331 64.5706 58.8523 53.6398 87.7021 80.1969 54.9528 78.009 68.5405 75.7295 68.1846 75.9102 32.6178 60.3448 69.3524 42.439 82.0253 80.6617 74.141 76.8848 72.0419 83.2363 76.0938 39.5722 65.1188 47.2245 59.2402 74.4093 82.8525 43.2181 78.4284 74.4484 75.6807 66.4835 40.9154 66.0178 73.7872 64.176 57.0632 41.5292 61.6034 79.1352 41.5701 76.8396 42.9121 58.0882 82.0144 54.2751 79.1297 71.4443 76.5279 82.3403 78.7565 61.2597 67.907 66.6912 72.117 72.7112 68.7783 65.8561 74.2767 72.5222 50.0645 37.4691 37.7911 16.6667 62.8637 9.81735 40.6897 66.2225 65.9072 64.4195 71.767 75.8608 56.6173 57.6291 63.5838 49.2754 22.5201 63.0835 55.8024 66.3866 85.2691 73.2387 71.093 74.4807 77.5244 39.6418 61.4154 33.3062 70.2657 80.3659 57.6052 82.1478 82.2346 84.7989 62.2723 82.4925 79.7791 66.7125 4.63918 56.9024 57.5255 59.2079 11.1765 87.5858 68.0032 71.4701 58.011 78.1178 57.2093 61.0169 67.8526 42.3493 68.4582 70.7735 62.975 71.8929 61.8252 69.1411 67.9221 70.9344 70.0143 41.8405 64.4047 73.6527 84.6225 76.6123 69.1316 63.7207 61.2092 61.8905 67.038 68.7646 63.0819 58.6207 73.6423 74.4955 42.2862 39.7986 74.757 64.6254 60.2968 72.9574 76.184 35.3171 67.7491 45.0082 52.0161 32.8694 63.9559 69.8643 77.0093 73.0603 78.23 75.6471 67.9751 52.7831 69.5398 71.5896 40.6685 77.2897 33.8358 69.2735 53.2609 69.4367 60.8247 62.2613 49.8958 52.1127 62.5144 62.6606 65.4258 53.9326 52.7653 38.3358 38.9693 67.4675 68.2069 78.0689 60.3604 78.4979 75.6481 72.7336 62.3501 15.358 74.1497 46.5578 73.0769 64.2714 25.6637 72.9167 64.0704 51.0101 42.0578 74.4438 53.1095 48.8042 55.3055 64.0845 76.3986 69.1296 50.9615 73.3042 68.7778 62.4183 57.3422 82.041 65.1605 65.5383 73.5058 46.5579 77.9014 82.5093 61.7466 17.9641 45.5556 63.8921 60.0307 72.7144 57.6329 56.1779 45.592 54.4423 58.1536 72.8447 68.7937 78.0352 64.2008 68.0556 81.141 82.6215 70.1353 72.2556 60.8981 75.4374 82.8761 49.4231 58.9985 52.1617 75.5894 66.1098 49.0516 81.8887 57.1429 40.5166 33.5257 43.8293 84.4605 39.6755 65.8801 25.7856 54.1761 60.8943 59.396 52.4764 27.9977 69.1603 74.3484 53.2819 78.5864 59.9861 72.8064 66.991 42.5901 48.2408 44.281 49.9227 60.1534 49.2492 21.7347 64.4283 62.1415 49.9308 60.279 74.4672 57.9205 57.6976 62 40.8676 80.1716 45.2577 73.1377 60.3806 48.2714 42.0051 78.5582 69.1716 84.2837 74.3902 53.4969 82.1458 54.375 74.3408 62.6667 86.4263 70.3432 69.0931 79.115 55.1241 79.5142 61.1672 60.5321 71.4498 82.5033 60.1293 34.5995 71.3718 65.7895 68.9092 7.96813 72.0109 69.3575 58.5492 68.7988 52.3522 61.7472 67.311 45.2929 60.114 84.3186 69.1759 78.7706 68.5339 60.7261 60.6897 74.713 78.872 47.8458 70.013 73.7924 61.5305 56.7786 64.4537 72.9988 54.0984 68.8161 83.6592 55.1661 51.5698 58.2378 69.8838 58.4168 65.8683 72.9885 47.8022 65.6058 29.2023 45.0128 84.861 80.7319 53.072 68.0574 57.8384 60.9375 49.1477 65.3689 73.2887 71.9467 45.2333 66.2782 64.0416 73.1394 57.8125 65.81 72.098 70.2168 38.8312 71.7679 65.5345 53.8462 58.3065 76.3453 61.1219 68.6055 46.8276 44.577 70.9377 48.3806 61.8577 62.1569 66.8019 66.0675 66.7944 79.6057 66.3405 67.8082 82.7047 68.6869 70.8774 30.2781 67.7202 71.5291 74.0784 58.6629 31.4286 71.6645 80.4444 57.3044 84.2304 78.8086 73.5902 79.1193 74.1133 77.7526 61.2686 35.0604 41.0023 65.7489 1.65289 65.411 83.0532 80.5059 76.2413 72.3777 76.1714 73.0816 5 79.8468 68.8249 66.4808 74.4387 76.2192 62.3932 60.5932 63.9456 63.5117 53.3784 82.0933 76.7524 60.2532 66.7946 72.4109 58.7927 52.6873 49.2376 74.9649 51.6648 44.6328 78.9687 55.1704 56.338 55.736 59.7444 74.6753 51.3784 56.4311 71.9168 75.7266 70.4348 44.2322 45.7425 73.0136 63.6239 59.2417 51.6566 53.2427 72.8324 62.9431 51.1538 79.7688 56.1852 52.514 61.28 45.8904 21.6828 79.3218 44.1083 76.2535 41.2703 72.974 28.9597 58.2031 58.5366 79.4964 38.0952 57.4396 70.1293 77.7833 72.1969 24.3827 57.6478 38.6364 43.5897 71.4286 34.1674 56.9106 63.1579 53.4622 62.6561 13.2653 53.1165 8.61244 75.9649 76.5683 55.2725 84.3779 32.3643 14.9254 41.3008 66.0803 52.8221 91.4009 70.3794 76.9021 84.8327 53.3127 56.5468 44.2486 65.6816 70.0246 42.6748 50.4839 72.3775 81.1469 56.3991 78.2554 38.7422 69.2404 57.7908 54.8273 53.8406 59.7561 74.7522 50.7426 76.2173 75.8807 73.6334 68.3168 66.0974 39.2902 79.5691 56.034 62.0626 66.4207 74.1285 66.2533 82.9193 56.1151 53.8235 69.7171 58.5253 82.3358 58.5097 72.0222 68.1648 63.2725 60.3939 45.6291 72.2203 70.2354 50.5556 52.449 73.4473 60.3331 85.6495 62.275 70.1307 57.3883 56.8684 51.194 58.6603 72.505 73.5859 58.2364 36.1496 63.5034 76.9589 73.1562 51.3026 62.7149 64.0196 69.174 58.8928 77.6341 45.4015 73.0061 70.7843 80.081 78.2546 69.9585 72.766 71.6535 76.4569 82.8947 64.1995 31.1047 64.0427 54.358 57.8507 79.0772 39.8052 72.659 76.4384 70.7665 72.7884 73.5111 67.8021 72.973 74.88 79.1234 59.0278 72.1033 71.2883 50.4286 72.1868 46.4849 62.8135 66.5278 40.8027 44.5963 78.4754 70.1439 61.7832 57.632 72.0474 77.6544 72.9448 86.7786 83.5447 54.5597 52.3359 67.7307 58.8235 58.5366 54.902 48.2014 56.6986 65.0335 55.8282 72.6389 57.6679 55.6929 72.3888 67.5637 42.5662 41.2429 43.1525 73.4134 54.5961 79.5476 62.129 38.8188 73.8208 82.3383 52.6359 31.5394 60.333 72.9191 53.0414 79.5751 84.7324 6.13079 52.3256 59.5101 75.6098 63.8609 69.7822 75.8681 62.5378 71.1092 83.7761 63.8889 43.6545 72.1352 40.9091 65.413 76.7135 70.7082 67.0161 62.1348 62.1235 75.2571 56.9285 50.2584 60.3376 67.283 68.3748 27.0519 59.9796 67.7502 75.7264 49.5763 42.0575 59.7596 68.75 61.5904 57.2065 80.9794 24.2105 68.023 25.7653 62.7629 64.2119 47.5767 66.9468 64.099 62.0229 86.3963 56.016 72.6812 72.4313 53.4423 49.6774 78.7834 68.9227 65.7987 56.875 36.8479 63.1135 43.0119 63.4221 47.2749 60.1136 45.2522 66.4042 62.7211 67.1906 60.0418 48.139 57.2372 83.5442 81.4499 43.4921 50.3012 15.9494 70.056 70.9271 68.134 62.3994 55.2966 28.7029 80.0761 80.6153 53.8899 71.9453 59.769 63.593 46.112 71.0327 76.9576 74.3194 69.096 60.6204 72.5704 76.9862 73.5099 55.1518 41.5584 43.9499 67.6909 74.3798 78.3365 64.7473 37.0402 82.5726 30.1317 56.6397 52.4958 53.8885 50.6522 56.5809 42.2507 34.72 77.0945 37.5 75.751 73.1304 77.9465 58.6592 81.2026 62.6491 47.3921 66.5775 69.6203 57.8154 72.9078 69.1627 59.755 37.6884 59.7046 67.3811 68.2472 75.0316 83.4094 47.5391 71.621 65.1772 64.3053 61.5514 60.3081 45.922 64.5546 34.3294 83.3814 71.7742 57.9055 51.5348 43.9883 61.0016 62.4948 69.3737 70.6368 37.1996 63.8358 71.5096 59.6277 85.6467 59.8316 39.5767 44.1281 49.2093 54.4953 71.5408 36.3783 68.7937 52.3866 65.5647 68.5766 41.903 50.5181 68.2558 65.3683 59.7285 69.9775 67.013 55.3571 74.7768 75.814 86.7181 65.6716 55.424 68.2069 67.0534 64.6111 80.6252 64.6127 71.5221 62.2642 49.8316 62.7043 64.0602 61.1852 50 50.859 60.4525 40.6053 52.3127 40.1616 76.25 69.4476 63.6308 52.2523 78.5645 61.8824 61.547 57.3782 52.859 52.2881 75.7921 82.9008 58.7997 75.12 63.2568 63.0841 72.973 51.1628 68.9268 51.0949 61.6915 72.5957 59.601 7.08995 80.2853 31.1236 58.4292 51.1335 57.3324 28.5714 62.5467 63.2366 9.87654 63.0355 51.7553 59.6154 51.2136 67.7722 66.0714 59.1632 47.619 43.1818 70.5274 60.4464 68.042 69.0819 70.127 76.6346 46.2945 60.7466 68.5681 62.4319 64.0631 50.8287 50.7965 51.9432 56.4801 75.8732 60.4198 46.5082 86.811 65.2299 67.4309 67.3351 30.2376 60.177 61.5044 57.1598 55.9557 54.0449 50.9848 54.7756 62.9356 66.9869 36.4828 53.0129 62.7289 65.9053 35.0604 55.1388 60.1815 63.5335 85.9008 65.3768 63.344 52.0223 63.5312 53.7037 68.7104 70.1482 72.1083 82.5006 69.8603 32.8979 63.5927 72.745 58.3362 55.5108 54.0091 43.8218 27.512 58.9117 67.3393 80.941 66.9992 66.9125 58.4457 61.1911 58.2155 63.0488 58.2681 66.7846 59.4409 59.3688 59.2357 47.4716 57.6389 69.9436 71.1765 78.7958 67.8715 58.2255 78.7122 61.5079 68.368 40.5405 65.148 79.0385 50.2308 72.2123 53.7398 75.7777 61.1858 50.9967 19.3827 68.8903 52.9826 67.4129 67.5942 50.1592 64.4119 33.0508 16.2568 66.6259 54.5314 67.6356 75.2534 70.8514 62.0977 43.9169 58.4058 69.4605 53.6993 68.0174 82.7831 78.4955 60.2519 58.5647 55.2469 37.7099 58.6724 45.6311 50.6375 83.7068 60.5944 56.3424 72.9703 12.1212 72.5755 74.1796 64.8649 72.7442 33.8255 39.3168 51.1094 79.7842 53.1105 49.3122 86.9961 74.0407 76.6547 67.0796 78.394 50.9525 76.6171 61.6352 53.2881 44.1986 47.2393 62.3867 83.3088 70.6647 67.2494 38.3 52.9295 77.8647 46.4567 61.6193 71.4286 79.3275 74.4724 80.4004 56.4786 49.7533 71.8062 77.1626 65.2241 76.2219 66.9788 39.8904 47.1859 63.1258 79.6335 46.6593 64.2276 58.8854 62.9001 61.0747 64.1026 56.3567 82.5064 83.7803 54.7179 49.6795 79.4053 54.9709 61.396 41.0609 75.4538 61.3262 60.7321 59.3769 57.8142 67.1416 73.5874 65.9758 55.3736 66.3184 72.8022 40.2496 45.4128 48.0882 65.8537 72.9632 23.4295 80.2598 63.1325 51.57 58.4239 43.662 54.9692 62.1072 60.9284 57.2901 80.8581 60.3589 69.7428 72.6891 54.2749 72.6291 75.307 51.157 61.9413 59.082 51.4182 48.6139 63.2411 62.3924 86.8567 49.5155 71.5113 54.3478 42.5296 70.4729 53.2354 57.4884 69.3488 52.657 53.136 45.5987 41.2556 27.9835 49.3724 59.5238 58.0571 62.7057 71.5404 70.4348 75.8962 39.8521 80.4294 48.7342 73.1946 52.5129 18.1661 53.2044 41.9512 48.0583 78.5356 55.4098 61.1916 59.1324 79.2762 14.6084 62.9765 68.1037 69.4633 52.7722 40.1136 18.419 68.2004 64.8381 58.0384 79.8673 53.5957 69.9324 68.4211 77.7434 40.7085 51.5609 64.032 52.8378 64.4381 67.0412 53.0612 71.5174 80.8219 46.2366 61.7662 58.0508 74.6615 47.8313 49.4585 56.1983 52.673 78.355 62.1931 30.5263 60.319 56.3079 75.4601 59.6807 60.6383 59.6575 43.6424 50.5038 56.6246 79.9549 46.5278 48.7567 61.6103 48.7252 62.0932 61.964 75.8256 68.2108 61.3924 30.0664 85.6097 81.3636 61.753 52.2009 54.786 50.2193 32.2473 44.5396 42.4189 44.9863 52.6139 62.3639 28.0967 72.4138 53.8686 62.2222 61.9259 62.6374 64.9563 68.3962 47.4781 43.5686 63.9887 73.4096 52.4758 54.7022 44.2769 52.6606 73.1656 69.3074 35.9249 75 66.7154 71.9215 80.873 47.3307 62.7405 59.8515 62.6028 39.8865 58.5366 70.6372 64.4798 64.5233 19.9248 60.5634 47.3404 68.6629 55.4362 75.9607 49.7106 49.7041 54.6875 36.9295 62.4138 33.3037 61.1805 60.5384 34.2623 67.6972 36.6569 52.5328 50.9591 47.1004 70.3704 74.0931 27.4319 61.4522 67.9305 49.4975 58.6371 51.6634 77.521 72.3027 57.404 41.966 77.2632 46.7635 63.5742 64.1732 73.7854 47.0785 19.6296 68.3871 42.88 58.6701 53.4224 60.9813 71.0808 54.0541 68.0105 51.0399 59.6985 66.5367 45.895 74.3377 68.2134 80.6558 70.8282 63.062 74.7674 60.6501 41.8239 55.6273 77.8671 68.8406 51.4172 62.9032 63.3867 58.3042 50.3959 71.1735 74.4664 67.888 80.4799 50.391 65.1995 71.2042 64.3275 65.2778 61.5932 59.0313 72.6117 63.0162 55.1996 64.5793 66.0122 75.0839 69.8187 53.537 53.0047 62.818 67.9731 37.3752 45.4137 73.4554 60.7341 59.6664 69.9838 82.7479 73.3146 59.3761 63.5958 65.6792 62.2618 63.4656 73.0708 62.848 70.4787 55.2091 60.7646 53.1022 53.3128 71.2902 60.9244 35.4484 71.4575 73 61.9876 59.6396 47.9167 83.4424 61.4883 75.4736 70.1422 66.5455 59.0484 70.7424 62.3583 56.0685 45.6399 65.1499 82.8945 45.2055 59.2117 49.5345 25.1838 62.9521 53.7378 50.496 52.4625 61.5713 63.52 79.8196 53.1193 57.565 58.5498 65.2295 45.0466 24.4048 66.8472 11.1244 49.2198 58.0816 83.3405 47.1103 60.311 74.6744 75.9864 80.0236 56.1431 64.4451 70.0803 57.3691 43.8903 72.6675 64.5551 59.673 65.2981 61.7691 37.4092 63.4339 47.5651 83.4921 55.8793 64.2185 71.9858 10.9735 59.8861 47.8099 83.2871 38.905 49.1006 53.4435 71.302 67.1655 55.5049 64.6532 63.2782 64.4211 63.1223 57.4 52.4882 54.0112 70.0506 76.4035 54.4041 59.0708 71.544 34.2933 62.4775 66.6241 68.5073 61.1559 54.5263 61.1704 58.8358 41.7295 58.9484 69.6127 64.6572 47.6938 54.4241 55.1619 56.4815 48.3748 83.0328 47.1513 58.0269 74.9273 60.7803 63.8428 71.567 45.4595 70.674 63.8023 66.2572 65.7255 74.8857 37.9718 9.5624 52.687 43.9711 63.0307 72.3912 71.7281 60.2362 47.504 72.3602 71.49 45.677 53.0514 74.6141 69.4219 53.2207 44.3899 59.6105 65.0436 75.9473 44.0385 51.7799 54.6087 47.913 67.0416 65.2174 71.6625 77.1013 63.4795 79.3429 59.6136 62.8461 52.9131 64.5553 61.4093 42.303 69.2645 54.6017 78.9842 58.782 64.9621 64.7092 68.455 33.9019 41.4226 60.0406 69.2194 49.4774 74.6251 73.7884 35.045 44.3127 69.2762 64.6782 44.1081 62.0668 56.7192 47.2618 50.3704 64.0856 65.7869 52.5829 65.8298 36.715 65.3027 74.2282 62.969 47.698 62.585 74.9445 49.3181 57.265 67.4902 65.4484 58.5572 81.9627 61.465 50.1661 51.952 76.8647 16.5913 51.6761 46.8097 65.4709 65.0943 66.8096 58.1333 55.6886 74.5561 68.3938 44.3744 55.7357 49.1118 56.8636 38.4701 57.4003 73.5698 82.0878 51.4245 49.4031 89.4033 61.7188 51.3567 37.9666 67.8283 71.3572 65.1198 73.2386 67.1422 58.0329 54.9669 62.0346 64.1322 44.7674 78.794 47.6854 48.0259 70.2002 52.2034 61.4208 68.1145 40.1899 48.9583 71.4795 72.2206 56.3244 55.2437 47.6694 55.0143 68.2776 66.8135 71.9084 71.5443 64.7635 46.8735 62.9456 58.7904 48.174 65.1095 77.1244 53.0912 50.2137 74.7429 63.8632 78.0122 56.8715 42.6581 55.9109 75.7778 39.8484 66.8269 51.8605 58.2267 69.8232 76.552 51.0358 49.0223 65.3333 71.2973 70.7407 61.6654 76.2761 73.1566 64.828 78.0732 74.6561 75.5059 44.4976 57.0898 72.9358 64.1152 69.8551 79.1365 57.7007 55.3881 61.8182 74.4009 68.2896 34.168 79.1574 64.1604 59.5127 62.9293 53.0271 33.3994 64.1773 66.2169 57.2357 57.06 74.2532 73.6018 59.4111 39.3557 62.4859 71.4203 56.4453 57.278 17.9747 64.9596 64.018 54.2484 71.301 57.971 77.6263 61.0662 70.8538 58.0126 78.1934 66.9841 60.216 55.3277 65.7497 62.7595 41.1662 61.8849 55.4281 66.7789 65.076 70.0595 70.5413 62.7144 70.9979 77.9713 35.7602 41.7985 60.3647 67.803 57.4376 7.65625 80.6877 51.9728 61.8105 64.2913 61.2444 74.6901 59.2593 65.5251 60.7563 48.4404 63.5123 69.7152 48.4868 64.7994 51.2241 63.9922 76.5693 12.4688 43.7882 4.87013 80.0055 59.1026 32.8696 69.9492 68.1096 51.1713 56.7416 65.4995 53.0186 80.9625 49.1864 68.0473 37.8651 63.4858 61.9522 84.7931 71.2375 64.8408 64.7175 69.4233 59.5846 77.521 53.1558 46.5956 55.567 67.3003 54.9308 50 39.1913 76.1525 51.1761 49.2212 74.4345 38.1342 45.6103 71.9092 46.988 61.7918 56.3892 54.4386 53.4884 66.5573 59.2391 60.3343 60.2098 68.3297 58.1395 68.8012 60.7296 70.7812 54.8372 54.4336 54.2402 56.5803 77.7701 82.9602 66.9984 57.5634 57.9867 50.3326 56.0017 60.2854 70.3679 72.1512 72.25 63.8641 82.7483 54.9329 55.1205 64.7796 76.8429 68.8192 45.2302 61.6771 58.8153 78.4981 52.9936 72.2671 68.7285 72.0468 42.0408 53.3429 69.7501 58.4067 64.2903 74.9442 66.8949 61.5041 48.9447 60.2165 59.7 72.4315 69.7778 34.2832 64.1356 49.8516 56.4125 35.6631 52.973 74.5206 46.5447 76.9808 58.9701 85.3749 60.5634 53.8692 33.1269 61.9099 58.2029 78.1103 58.1879 48.4716 77.8082 76.8618 49.4835 52.4472 51.3709 51.7234 70.3377 81.9672 56.4767 59.6544 56.2044 54.0682 55.6895 73.4023 56.2468 28.7725 39.329 77.6269 69.3631 53.804 60.1186 67.4484 16.763 62.3494 70.9223 35.0927 58.9143 71.4602 56.9661 41.8386 32.906 77.5117 59.4841 78.9763 42.3506 64.2064 54.1353 56.321 37.1058 61.8653 62.5434 59.0285 68.3903 72.6814 51.8602 74.2029 67.4526 50.5852 49.3671 54.849 62.4175 75.6098 67.2878 63.8674 58.9724 73.0101 63.7113 59.179 64.1942 65.7075 59.3707 78.7742 65.5512 47.4465 56.8032 74.974 59.0501 56.2246 89.9545 56.964 75.7949 57.0284 72.6493 63.284 50.2874 51.0972 57.9244 37.2163 49.0211 41.5335 56.5817 65.323 49.8741 76.9231 65.8861 56.2383 67.4713 79.2246 73.7139 69.2996 77.321 68.427 40.0788 57.1826 55.9741 27.1429 70.9503 53.3051 37.8344 58.0229 34.0627 46.1165 69.5003 36.7677 50.6489 35.689 38.4434 65.3862 79.4941 74.6899 58.6859 80.0816 77.512 45.6422 61.7861 67.854 55.2525 54.7977 55.5812 46.7615 67.5048 63.3498 55.4759 67.1049 55.6656 62.6456 53.049 48.3955 52.2067 56.0152 60.4886 53.5868 49.682 48.1629 68.2298 43.75 62.1723 53.3943 66.7121 55.2696 64.5189 47.8299 34.9848 50.3876 46.6599 82.7327 53.6101 47.6051 59.2162 59.1611 46.4204 37.5369 27.4272 45.7046 61.4833 73.5021 65.1221 47.3308 54.4843 43.9267 68.0894 27.9431 29.0875 39.8635 32.211 68.5401 63.2341 56.8276 56.7456 65.4206 71.5105 53.878 45.9697 54.59 56.2455 53.6155 58.2097 59.5568 36.8471 56.7039 61.4075 63.2791 60.6575 76.2389 32.4742 80.2987 57.6801 44.4333 50.8264 58.2788 53.4286 49.0871 54.4976 65.0564 55.6223 46.7005 63.4915 65.9656 35.6021 47.3862 65.0996 15.539 66.9664 58.7465 54.9716 68.5901 52.2798 56.2169 67.818 56.2154 66.2531 60.1238 56.6322 45.7584 60.7372 58.3948 77.8393 61.2352 53.1868 41.4956 56.0286 55.5124 49.3494 77.0616 63.2864 55.841 60.6523 52.0405 65.6376 68.9971 36.1983 57.9975 63.5622 75.1028 70.9542 83.8042 57.016 54.9499 70.0357 75.5057 48.828 67.0981 62.5886 62.762 57.6238 47.9486 53.8953 35.2632 58.8975 60.1754 53.8881 42.1702 51.8393 54.5913 86.5371 72.9508 40.8795 41.6284 53.6762 58.9371 61.2208 56.7997 51.0961 75.1834 62.3139 41.3545 60.3855 79.3819 48.6515 47.5233 61.9829 58.4672 47.9441 58.1306 64.3843 53.7998 59.5897 55.9161 71.831 66.1465 67.9874 75.7065 51.18 63.9498 47.6082 75.8621 66.8153 67.957 56.9265 53.9935 74.5445 74.359 49.1824 51.3326 58.9721 66.4005 49.9529 65.4088 51.3194 26.8775 74.0542 63.2114 73.1617 34.0534 22.6891 66.3307 60.0863 60.9394 78.6843 47.9033 58.6207 61.1549 42.7007 57.8867 43.8571 60.3333 46.2387 38.1855 61.1205 73.904 53.0032 40.0771 54.9172 59.6212 45.0906 60.6498 47.3294 39.6685 53.7837 56.4528 48.1572 35.3921 61.5439 43.9647 46.0599 61.8717 41.0279 59.8663 49.5851 65.9673 58.95 45.7973 55.6719 60.6673 61.9137 46.5849 51.6497 70.9059 52.4242 45.8809 43.0279 56.4969 59.919 59.8846 70.3774 48.6714 61.5816 57.6 60.766 48.7777 65.2913 56.4743 59.8147 59.2366 44.1083 60.9195 44.8095 68.7879 41.8251 62.9267 38.2131 62.3554 72.65 51.5559 70.8065 58.1958 59.8571 47.8431 50.7605 56.5963 35.5828 50.1676 55.8067 48.8173 37.6263 48.3418 58.8849 49.9376 45.9267 47.1287 63.2653 76.9202 52.3383 67.7318 51.5038 55.7295 54.1687 74.6183 41.2054 39.4459 61.3865 39.2188 33.3542 66.8239 44.1427 42.2481 54.4266 57.8585 41.7053 64.7644 56.2109 63.4627 69.6344 44.9294 52.917 39.5669 57.9799 55.6991 47.7248 54.4359 50.1702 45.2417 57.2057 12.1528 75.4976 55.0609 65.6668 59.0189 67.1053 54.2435 59.2191 53.7415 72.3067 67.2035 52.6599 44.2105 64.7541 9.41781 50.6835 75.3363 55.5286 81.6712 63.4544 33.1023 65.9045 62.6695 73.6202 51.0393 68.5271 58.794 68.4558 63.725 56.4516 50.7764 44.9628 61.3467 46.1312 16.4773 58.0406 54.1753 82.5921 67.8605 58.6687 65.4934 62.4245 56.837 60.8833 61.7167 34.1202 53.6491 57.9965 46.2687 61.6587 62.8392 71.2169 58.8141 56.1243 62.7717 50 80.4783 58.2834 77.8086 43.0993 45.371 41.1352 39.8405 59.1615 71.7127 52.0772 45.2581 41.3618 50.1982 54.78 70.7256 57.7698 62.2922 61.003 53.7156 15.2233 51.5789 48.7269 66.9895 38.3048 67.0455 54.2597 34.4874 77.4263 46.7742 59.2652 9.79284 41.5465 60.5721 54.2857 56.0538 49.2944 41.8573 52.3398 63.7784 67.9691 69.5452 62.6728 36.3145 56.8182 46.8613 68.1607 45.1675 76.3369 70.4867 36.3874 47.4151 58.3539 71.6284 59.5388 59.7656 7.02479 67.4641 45.2494 60.8269 57.3561 54.48 57.3982 58.5366 51.5676 26.6187 59.4023 73.2766 48.9234 64.4837 42.17 64.9907 53.9342 43.0971 59.5052 61.3774 73.1795 38.3554 40.393 44.6645 68.7884 35.7609 12.5506 68.076 48.7429 59.6507 55.8537 47.3493 49.6164 51.6613 69.4667 80.9436 47.1838 57.2202 50.5316 56.2028 69.7011 53.7608 82.6149 48.6708 57.7873 58.8776 67.6869 61.4583 57.2447 68.1818 62.2589 43.945 65.8901 32.853 53.4695 67.1816 58.0808 74.7884 37.9501 52.0052 60.4524 45.8543 22.9607 57.8566 59.1777 60.6736 73.1338 69.9198 19.2647 75.0998 24.0741 52.7494 65.8311 59.5939 65.0224 69.0101 59.4889 55.042 57.0053 69.9501 49.6317 67.757 46.0682 47.0232 69.1011 45.1861 57.9957 57.4627 71.876 62.439 50.0678 62.8307 0 22.6037 70.9722 71.5353 44.0964 67.0149 63.1423 22.4 32.9011 49.0291 66.4538 ]
LOG (nnet-train-frmshuff:main():nnet-train-frmshuff.cc:367) AvgLoss: 1.03867 (Xent), [AvgXent: 1.03867, AvgTargetEnt: 0]
progress: [1.12381 1.11444 1.07844 1.07872 1.08343 1.07365 1.06521 1.06601 1.07435 1.0471 1.05292 1.0437 1.04893 1.01507 1.03267 1.02753 1.02452 1.01416 0.997463 0.998616 0.988838 1.00819 0.978901 0.98758 0.978399 ]
FRAME_ACCURACY >> 68.2181% <<
LOG (nnet-train-frmshuff:PrintProfile():cu-device.cc:428) -----
[cudevice profile]
CuArray::CopyToVecD2H	7.06995s
DiffSigmoid	7.52438s
Sigmoid	8.7552s
MulElements	9.09364s
FindRowMaxId	10.5043s
MulRowsVec	12.3842s
CuMatrix::Resize	15.6373s
CuMatrixBase::CopyFromMat(from CPU)	22.2448s
AddMatVec	24.019s
CuMatrixBase::CopyFromMat(from other CuMatrixBase)	24.3205s
CuVector::SetZero	24.8653s
CuVector::Resize	25.4154s
CuMatrix::SetZero	28.5943s
AddMat	40.8315s
AddMatMat	202.42s
Total GPU time:	500.034s (may involve some double-counting)
-----
LOG (nnet-train-frmshuff:PrintMemoryUsage():cu-allocator.cc:127) Memory usage: 357825368 bytes currently allocated (max: 358598136); 231438540 currently in use by user (max: 239065452); 35271/1008627 calls to Malloc* resulted in CUDA calls.
LOG (nnet-train-frmshuff:PrintMemoryUsage():cu-allocator.cc:134) Time taken in cudaMallocPitch=2.64493, in cudaMalloc=0.0242341, in cudaFree=1.81516, in this->MallocPitch()=5.23952
LOG (nnet-train-frmshuff:PrintMemoryUsage():cu-device.cc:401) Memory used (according to the device): 420372480 bytes.
