dnn.guoxintech.com
nnet-train-frmshuff --cross-validate=false --randomize=true --verbose=1 --minibatch-size=256 --randomizer-size=32768 --randomizer-seed=777 --learn-rate=6.25e-05 --momentum=0 --l1-penalty=0 --l2-penalty=0 --feature-transform=exp/tri4b_dnn/final.feature_transform 'ark:copy-feats scp:exp/tri4b_dnn/train.scp ark:- | apply-cmvn --norm-means=true --norm-vars=false --utt2spk=ark:data/fbank/train/utt2spk scp:data/fbank/train/cmvn.scp ark:- ark:- |' 'ark:ali-to-pdf exp/tri4b_ali/final.mdl "ark:gunzip -c exp/tri4b_ali/ali.*.gz |" ark:- | ali-to-post ark:- ark:- |' exp/tri4b_dnn/nnet/nnet_iter10_learnrate0.000125_tr1.0430_cv1.3968 exp/tri4b_dnn/nnet/nnet_iter11 
LOG (nnet-train-frmshuff:SelectGpuIdAuto():cu-device.cc:301) Selecting from 1 GPUs
LOG (nnet-train-frmshuff:SelectGpuIdAuto():cu-device.cc:316) cudaSetDevice(0): GeForce GTX 960	free:3606M, used:489M, total:4095M, free/total:0.880562
LOG (nnet-train-frmshuff:SelectGpuIdAuto():cu-device.cc:365) Trying to select device: 0 (automatically), mem_ratio: 0.880562
LOG (nnet-train-frmshuff:SelectGpuIdAuto():cu-device.cc:384) Success selecting device 0 free mem ratio: 0.880562
LOG (nnet-train-frmshuff:FinalizeActiveGpu():cu-device.cc:226) The active GPU is [0]: GeForce GTX 960	free:3589M, used:506M, total:4095M, free/total:0.876411 version 5.2
copy-feats scp:exp/tri4b_dnn/train.scp ark:- 
apply-cmvn --norm-means=true --norm-vars=false --utt2spk=ark:data/fbank/train/utt2spk scp:data/fbank/train/cmvn.scp ark:- ark:- 
LOG (nnet-train-frmshuff:Init():nnet-randomizer.cc:31) Seeding by srand with : 777
LOG (nnet-train-frmshuff:main():nnet-train-frmshuff.cc:154) TRAINING STARTED
ali-to-post ark:- ark:- 
ali-to-pdf exp/tri4b_ali/final.mdl 'ark:gunzip -c exp/tri4b_ali/ali.*.gz |' ark:- 
VLOG[1] (nnet-train-frmshuff:main():nnet-train-frmshuff.cc:320) ### After 0 frames,
VLOG[1] (nnet-train-frmshuff:main():nnet-train-frmshuff.cc:321) 
### Forward propagation buffer content :
[0] output of <Input>  ( min -3.28791, max 3.95756, mean 0.0126265, stddev 0.992937, skewness 0.166349, kurtosis -0.735591 ) 
[1] output of <AffineTransform> ( min -71.2137, max 69.0381, mean -4.05239, stddev 7.30853, skewness 0.193211, kurtosis 2.15346 ) 
[2] output of <Sigmoid> ( min 1.1811e-31, max 1, mean 0.267202, stddev 0.386713, skewness 1.06407, kurtosis -0.636502 ) 
[3] output of <AffineTransform> ( min -36.8938, max 25.2914, mean -5.25148, stddev 5.30739, skewness 0.0819563, kurtosis 0.317519 ) 
[4] output of <Sigmoid> ( min 9.48936e-17, max 1, mean 0.168713, stddev 0.311108, skewness 1.78405, kurtosis 1.62967 ) 
[5] output of <AffineTransform> ( min -26.1644, max 17.0376, mean -3.9574, stddev 4.02565, skewness 0.0524211, kurtosis 0.292056 ) 
[6] output of <Sigmoid> ( min 4.33435e-12, max 1, mean 0.179088, stddev 0.296647, skewness 1.69321, kurtosis 1.46474 ) 
[7] output of <AffineTransform> ( min -27.1589, max 19.507, mean -5.85786, stddev 4.61693, skewness 0.0429733, kurtosis 0.663798 ) 
[8] output of <Sigmoid> ( min 1.60336e-12, max 1, mean 0.107761, stddev 0.246299, skewness 2.60431, kurtosis 5.61011 ) 
[9] output of <AffineTransform> ( min -15.9978, max 27.949, mean 0.0105793, stddev 4.04323, skewness 0.703848, kurtosis 1.50283 ) 
[10] output of <Softmax> ( min 5.22995e-19, max 0.999928, mean 0.000302297, stddev 0.0128623, skewness 59.2332, kurtosis 3830.5 ) 
VLOG[1] (nnet-train-frmshuff:main():nnet-train-frmshuff.cc:323) 
### Backward propagation buffer content :
[0] diff of <Input>  ( min -2.57118, max 3.2251, mean -0.000260837, stddev 0.138078, skewness 0.260164, kurtosis 30.9553 ) 
[1] diff-output of <AffineTransform> ( min -0.29929, max 0.23208, mean 1.91068e-05, stddev 0.00864156, skewness -0.028501, kurtosis 83.752 ) 
[2] diff-output of <Sigmoid> ( min -2.40285, max 1.87138, mean 0.000307831, stddev 0.102594, skewness -0.144996, kurtosis 15.932 ) 
[3] diff-output of <AffineTransform> ( min -0.316313, max 0.245661, mean -5.9955e-05, stddev 0.0100362, skewness -0.362257, kurtosis 64.9912 ) 
[4] diff-output of <Sigmoid> ( min -1.45806, max 1.6961, mean -0.000310319, stddev 0.113114, skewness -0.108213, kurtosis 8.21905 ) 
[5] diff-output of <AffineTransform> ( min -0.226151, max 0.256474, mean -2.94757e-05, stddev 0.0111815, skewness 0.0864228, kurtosis 36.6167 ) 
[6] diff-output of <Sigmoid> ( min -1.34206, max 1.11573, mean -0.000128306, stddev 0.108216, skewness -0.169347, kurtosis 6.37775 ) 
[7] diff-output of <AffineTransform> ( min -0.365078, max 0.583289, mean -3.24862e-05, stddev 0.012194, skewness 1.35139, kurtosis 117.523 ) 
[8] diff-output of <Sigmoid> ( min -3.1092, max 3.30563, mean -0.000723741, stddev 0.169936, skewness -0.00301206, kurtosis 22.5532 ) 
[9] diff-output of <AffineTransform> ( min -0.997512, max 0.931184, mean 8.29995e-12, stddev 0.011386, skewness -33.5856, kurtosis 4368.05 ) 
[10] diff-output of <Softmax> ( min -0.997512, max 0.931184, mean 8.29995e-12, stddev 0.011386, skewness -33.5856, kurtosis 4368.05 ) 
VLOG[1] (nnet-train-frmshuff:main():nnet-train-frmshuff.cc:324) 
### Gradient stats :
Component 1 : <AffineTransform>, 
  linearity_grad ( min -0.803831, max 0.88637, mean 0.00726109, stddev 0.129842, skewness 0.0288424, kurtosis 1.16608 ) , lr-coef 1, max-norm 0
  bias_grad ( min -0.72092, max 0.591201, mean 0.00489135, stddev 0.139715, skewness -0.17225, kurtosis 1.39629 ) , lr-coef 1
Component 2 : <Sigmoid>, 
Component 3 : <AffineTransform>, 
  linearity_grad ( min -0.600923, max 0.606823, mean -0.00397959, stddev 0.072938, skewness -0.133035, kurtosis 2.68334 ) , lr-coef 1, max-norm 0
  bias_grad ( min -0.675603, max 0.608856, mean -0.0153485, stddev 0.164555, skewness -0.171236, kurtosis 0.741957 ) , lr-coef 1
Component 4 : <Sigmoid>, 
Component 5 : <AffineTransform>, 
  linearity_grad ( min -0.600095, max 0.589343, mean -0.00140671, stddev 0.0646223, skewness 0.0702471, kurtosis 2.6821 ) , lr-coef 1, max-norm 0
  bias_grad ( min -0.551195, max 0.651962, mean -0.00754579, stddev 0.188235, skewness 0.280256, kurtosis 0.352322 ) , lr-coef 1
Component 6 : <Sigmoid>, 
Component 7 : <AffineTransform>, 
  linearity_grad ( min -0.584117, max 0.925732, mean -0.00186546, stddev 0.0690323, skewness 0.333798, kurtosis 6.16128 ) , lr-coef 1, max-norm 0
  bias_grad ( min -0.610712, max 0.844733, mean -0.00831648, stddev 0.203234, skewness 0.189481, kurtosis 0.612394 ) , lr-coef 1
Component 8 : <Sigmoid>, 
Component 9 : <AffineTransform>, 
  linearity_grad ( min -5.19274, max 2.56894, mean -7.8982e-10, stddev 0.0507164, skewness -7.89228, kurtosis 408.396 ) , lr-coef 1, max-norm 0
  bias_grad ( min -4.83951, max 2.45144, mean -1.7285e-09, stddev 0.19148, skewness -5.65195, kurtosis 148.478 ) , lr-coef 0.1
Component 10 : <Softmax>, 
LOG (ali-to-pdf:main():ali-to-pdf.cc:68) Converted 9996 alignments to pdf sequences.
VLOG[1] (nnet-train-frmshuff:Eval():nnet-loss.cc:135) ProgressLoss[last 1h of 1h]: 1.12331 (Xent)
LOG (ali-to-post:main():ali-to-post.cc:65) Converted 9996 alignments.
WARNING (nnet-train-frmshuff:main():nnet-train-frmshuff.cc:169) A23_204, missing targets
VLOG[1] (nnet-train-frmshuff:Eval():nnet-loss.cc:135) ProgressLoss[last 1h of 2h]: 1.11727 (Xent)
VLOG[1] (nnet-train-frmshuff:Eval():nnet-loss.cc:135) ProgressLoss[last 1h of 3h]: 1.08312 (Xent)
VLOG[1] (nnet-train-frmshuff:Eval():nnet-loss.cc:135) ProgressLoss[last 1h of 4h]: 1.08528 (Xent)
VLOG[1] (nnet-train-frmshuff:Eval():nnet-loss.cc:135) ProgressLoss[last 1h of 5h]: 1.0884 (Xent)
VLOG[1] (nnet-train-frmshuff:Eval():nnet-loss.cc:135) ProgressLoss[last 1h of 6h]: 1.08102 (Xent)
VLOG[1] (nnet-train-frmshuff:Eval():nnet-loss.cc:135) ProgressLoss[last 1h of 7h]: 1.07017 (Xent)
VLOG[1] (nnet-train-frmshuff:Eval():nnet-loss.cc:135) ProgressLoss[last 1h of 8h]: 1.07296 (Xent)
VLOG[1] (nnet-train-frmshuff:Eval():nnet-loss.cc:135) ProgressLoss[last 1h of 9h]: 1.08093 (Xent)
VLOG[1] (nnet-train-frmshuff:Eval():nnet-loss.cc:135) ProgressLoss[last 1h of 10h]: 1.05295 (Xent)
VLOG[1] (nnet-train-frmshuff:Eval():nnet-loss.cc:135) ProgressLoss[last 1h of 11h]: 1.05919 (Xent)
VLOG[1] (nnet-train-frmshuff:Eval():nnet-loss.cc:135) ProgressLoss[last 1h of 12h]: 1.05143 (Xent)
VLOG[1] (nnet-train-frmshuff:main():nnet-train-frmshuff.cc:272) After 5000 utterances: time elapsed = 4.03365 min; processed 18880.1 frames per second.
VLOG[1] (nnet-train-frmshuff:Eval():nnet-loss.cc:135) ProgressLoss[last 1h of 13h]: 1.05568 (Xent)
VLOG[1] (nnet-train-frmshuff:Eval():nnet-loss.cc:135) ProgressLoss[last 1h of 14h]: 1.02025 (Xent)
VLOG[1] (nnet-train-frmshuff:Eval():nnet-loss.cc:135) ProgressLoss[last 1h of 15h]: 1.03973 (Xent)
VLOG[1] (nnet-train-frmshuff:Eval():nnet-loss.cc:135) ProgressLoss[last 1h of 16h]: 1.0349 (Xent)
VLOG[1] (nnet-train-frmshuff:Eval():nnet-loss.cc:135) ProgressLoss[last 1h of 17h]: 1.03234 (Xent)
VLOG[1] (nnet-train-frmshuff:Eval():nnet-loss.cc:135) ProgressLoss[last 1h of 18h]: 1.02085 (Xent)
VLOG[1] (nnet-train-frmshuff:Eval():nnet-loss.cc:135) ProgressLoss[last 1h of 19h]: 1.00361 (Xent)
VLOG[1] (nnet-train-frmshuff:Eval():nnet-loss.cc:135) ProgressLoss[last 1h of 20h]: 1.00597 (Xent)
WARNING (nnet-train-frmshuff:main():nnet-train-frmshuff.cc:169) A23_107, missing targets
VLOG[1] (nnet-train-frmshuff:Eval():nnet-loss.cc:135) ProgressLoss[last 1h of 21h]: 0.996265 (Xent)
VLOG[1] (nnet-train-frmshuff:Eval():nnet-loss.cc:135) ProgressLoss[last 1h of 22h]: 1.01626 (Xent)
VLOG[1] (nnet-train-frmshuff:Eval():nnet-loss.cc:135) ProgressLoss[last 1h of 23h]: 0.98585 (Xent)
WARNING (nnet-train-frmshuff:main():nnet-train-frmshuff.cc:169) C22_500, missing targets
WARNING (nnet-train-frmshuff:main():nnet-train-frmshuff.cc:169) C21_672, missing targets
VLOG[1] (nnet-train-frmshuff:Eval():nnet-loss.cc:135) ProgressLoss[last 1h of 24h]: 0.995564 (Xent)
VLOG[1] (nnet-train-frmshuff:Eval():nnet-loss.cc:135) ProgressLoss[last 1h of 25h]: 0.985713 (Xent)
LOG (copy-feats:main():copy-feats.cc:101) Copied 10000 feature matrices.
LOG (apply-cmvn:main():apply-cmvn.cc:146) Applied cepstral mean normalization to 10000 utterances, errors on 0
VLOG[1] (nnet-train-frmshuff:main():nnet-train-frmshuff.cc:345) ### After 9172992 frames,
VLOG[1] (nnet-train-frmshuff:main():nnet-train-frmshuff.cc:346) 
### Forward propagation buffer content :
[0] output of <Input>  ( min -3.05699, max 3.97779, mean -0.0266961, stddev 0.94405, skewness 0.143742, kurtosis -0.532818 ) 
[1] output of <AffineTransform> ( min -71.311, max 87.2606, mean -4.05125, stddev 7.55938, skewness 0.231692, kurtosis 2.23288 ) 
[2] output of <Sigmoid> ( min 1.07155e-31, max 1, mean 0.272308, stddev 0.390974, skewness 1.03448, kurtosis -0.70927 ) 
[3] output of <AffineTransform> ( min -35.4044, max 21.1468, mean -5.28146, stddev 5.37678, skewness 0.0875213, kurtosis 0.333771 ) 
[4] output of <Sigmoid> ( min 4.20783e-16, max 1, mean 0.169885, stddev 0.31306, skewness 1.7733, kurtosis 1.5792 ) 
[5] output of <AffineTransform> ( min -24.252, max 16.1738, mean -3.95557, stddev 3.9977, skewness 0.0638346, kurtosis 0.205654 ) 
[6] output of <Sigmoid> ( min 2.93431e-11, max 1, mean 0.179031, stddev 0.296874, skewness 1.69184, kurtosis 1.45573 ) 
[7] output of <AffineTransform> ( min -27.9273, max 19.9563, mean -5.8388, stddev 4.59501, skewness 0.0766895, kurtosis 0.64034 ) 
[8] output of <Sigmoid> ( min 7.43607e-13, max 1, mean 0.108676, stddev 0.247284, skewness 2.58403, kurtosis 5.49272 ) 
[9] output of <AffineTransform> ( min -16.2436, max 28.5736, mean 0.0123413, stddev 4.05112, skewness 0.668091, kurtosis 1.28318 ) 
[10] output of <Softmax> ( min 3.43257e-20, max 0.999751, mean 0.000302297, stddev 0.0131702, skewness 59.6126, kurtosis 3853.44 ) 
VLOG[1] (nnet-train-frmshuff:main():nnet-train-frmshuff.cc:348) 
### Backward propagation buffer content :
[0] diff of <Input>  ( min -3.07464, max 3.50456, mean -0.000591531, stddev 0.137639, skewness 0.436689, kurtosis 58.0812 ) 
[1] diff-output of <AffineTransform> ( min -0.429192, max 0.496451, mean 3.74591e-05, stddev 0.00879206, skewness 0.67629, kurtosis 191.79 ) 
[2] diff-output of <Sigmoid> ( min -2.36045, max 3.01144, mean 0.000468308, stddev 0.10319, skewness 0.30794, kurtosis 32.6143 ) 
[3] diff-output of <AffineTransform> ( min -0.538963, max 0.384523, mean -2.32941e-05, stddev 0.0100079, skewness -0.889516, kurtosis 107.41 ) 
[4] diff-output of <Sigmoid> ( min -2.16512, max 1.55521, mean -0.000241721, stddev 0.114201, skewness -0.0976343, kurtosis 9.32992 ) 
[5] diff-output of <AffineTransform> ( min -0.210188, max 0.274283, mean 1.42222e-06, stddev 0.0109556, skewness 0.0871856, kurtosis 38.3091 ) 
[6] diff-output of <Sigmoid> ( min -1.06741, max 1.23522, mean 0.000566847, stddev 0.105969, skewness -0.0152672, kurtosis 6.2961 ) 
[7] diff-output of <AffineTransform> ( min -0.442764, max 0.321921, mean -1.47656e-05, stddev 0.0113861, skewness -0.29526, kurtosis 78.8876 ) 
[8] diff-output of <Sigmoid> ( min -3.04095, max 2.23752, mean -4.97291e-05, stddev 0.139062, skewness -0.38056, kurtosis 21.0332 ) 
[9] diff-output of <AffineTransform> ( min -0.999426, max 0.969389, mean 6.18734e-12, stddev 0.0110156, skewness -37.7082, kurtosis 4824.59 ) 
[10] diff-output of <Softmax> ( min -0.999426, max 0.969389, mean 6.18734e-12, stddev 0.0110156, skewness -37.7082, kurtosis 4824.59 ) 
VLOG[1] (nnet-train-frmshuff:main():nnet-train-frmshuff.cc:349) 
### Gradient stats :
Component 1 : <AffineTransform>, 
  linearity_grad ( min -1.17937, max 1.73583, mean -0.0097791, stddev 0.133254, skewness -0.0500842, kurtosis 2.77006 ) , lr-coef 1, max-norm 0
  bias_grad ( min -0.92552, max 0.663959, mean 0.00958953, stddev 0.150138, skewness -0.234221, kurtosis 1.76745 ) , lr-coef 1
Component 2 : <Sigmoid>, 
Component 3 : <AffineTransform>, 
  linearity_grad ( min -1.2996, max 0.570497, mean -0.00155277, stddev 0.0817817, skewness -0.414899, kurtosis 5.12462 ) , lr-coef 1, max-norm 0
  bias_grad ( min -1.38528, max 0.547548, mean -0.0059633, stddev 0.177304, skewness -0.452989, kurtosis 3.43332 ) , lr-coef 1
Component 4 : <Sigmoid>, 
Component 5 : <AffineTransform>, 
  linearity_grad ( min -0.7025, max 0.661398, mean 4.59238e-05, stddev 0.0694913, skewness -0.0444957, kurtosis 3.20247 ) , lr-coef 1, max-norm 0
  bias_grad ( min -0.875416, max 0.68447, mean 0.000364091, stddev 0.198701, skewness -0.156332, kurtosis 0.484097 ) , lr-coef 1
Component 6 : <Sigmoid>, 
Component 7 : <AffineTransform>, 
  linearity_grad ( min -1.01729, max 1.09814, mean -0.000703072, stddev 0.0726398, skewness -0.23023, kurtosis 7.31655 ) , lr-coef 1, max-norm 0
  bias_grad ( min -1.04822, max 1.12325, mean -0.00377999, stddev 0.220875, skewness -0.152476, kurtosis 1.95688 ) , lr-coef 1
Component 8 : <Sigmoid>, 
Component 9 : <AffineTransform>, 
  linearity_grad ( min -4.54782, max 2.11704, mean -8.27385e-10, stddev 0.0559669, skewness -15.2352, kurtosis 736.167 ) , lr-coef 1, max-norm 0
  bias_grad ( min -4.54778, max 2.31773, mean -2.10963e-09, stddev 0.210794, skewness -6.04261, kurtosis 105.034 ) , lr-coef 0.1
Component 10 : <Softmax>, 
LOG (nnet-train-frmshuff:main():nnet-train-frmshuff.cc:357) Done 9996 files, 4 with no tgt_mats, 0 with other errors. [TRAINING, RANDOMIZED, 8.0176 min, fps19068.5]
LOG (nnet-train-frmshuff:main():nnet-train-frmshuff.cc:366) PER-CLASS PERFORMANCE:
@@@ Frames per-class: [ 565947 488 1856 2655 3568 781 1492 366 1178 2601 6093 275 1750 2781 625 562 407 2075 713 1564 3910 315 721 484 3131 1228 388 886 1838 5544 1216 582 998 1423 2274 2478 2622 648 1450 1302 3270 319 837 506 1459 1185 413 2751 2642 2203 1697 113 5227 1522 5320 974 5444 610 2375 3574 2645 5196 2948 961 731 1034 885 1070 246 1967 4634 2320 1158 297 837 4047 1525 649 614 329 1269 241 5288 211 2298 1571 3925 5375 490 2188 672 1219 1570 1059 214 2868 2349 1561 1557 443 673 446 850 4317 148 823 1698 8558 1527 0 2752 1090 2060 2968 650 3118 497 1859 3307 2522 2642 0 502 1250 502 1164 1593 1240 1894 425 764 405 3235 1498 1909 286 628 631 1133 408 1937 5169 907 577 7189 707 2964 1322 4240 1153 1437 2810 2452 800 3284 2090 488 3356 216 200 1059 329 1589 0 2074 357 1356 254 199 1331 812 1760 1611 389 691 0 0 0 935 4378 450 2722 3 1794 718 428 600 126 1580 3676 736 1947 258 4769 2271 2576 1561 4241 384 1310 5646 1701 3079 0 1076 2731 532 7527 0 2363 3097 163 2514 164 703 969 2310 6817 456986 521258 457790 3007 267081 806 2722 3400 2626 2194 884 12081 14170 2836 916 1080 1386 2009 2615 5895 547 3387 1384 774 2474 1007 2048 1851 1941 1387 1719 3968 9195 2158 2714 464 1071 1666 5826 953 5295 1610 844 1360 4983 1283 922 757 1279 3052 1651 878 958 3480 1368 3789 7258 1366 4759 1405 3640 2311 1961 3572 1357 2092 688 1531 2457 1279 1127 2663 707 1059 4114 2466 8365 842 3733 1395 1405 2049 1936 4111 695 3742 3920 2452 691 5044 3739 574 2752 1057 11963 1165 1200 1094 2323 2129 4045 1147 2060 3856 5067 1012 1343 4417 507 5785 6804 3409 620 684 1099 1456 1313 2262 2997 2296 3680 5183 1546 817 1985 4782 2240 424 796 983 1542 3053 1395 3845 4599 910 2240 2268 1572 4457 942 8678 1016 2652 1695 2753 2160 6505 1581 815 389 2237 6126 935 3220 926 3457 781 3001 1781 1857 991 4395 5194 5886 1572 1385 4408 568 1182 2356 548 466 9540 6101 5919 2224 1117 734 2194 4812 1222 1826 931 1372 2310 725 1123 3533 1450 3700 2209 2969 3288 1248 1832 1013 985 1170 6258 5116 863 3733 4208 1999 4130 2366 1045 2905 460 2195 1416 873 1511 1830 1102 1103 4889 3334 724 2791 2785 1854 4383 1146 2259 652 1058 1069 3320 2956 2959 2039 2309 1423 378 3871 1374 1954 1037 362 2170 531 1351 1300 1160 1107 3253 2243 1083 1565 1956 840 1071 797 758 1662 510 1633 1577 782 941 1778 458 4905 1283 2685 1150 4278 2389 2779 1293 575 617 1748 3773 706 1488 1964 5177 1454 1478 907 3027 1330 2638 1517 760 5005 4870 542 5973 1408 822 1048 501 1852 1881 7399 1286 518 1293 4660 1265 462 2474 897 2851 7526 597 1847 1938 3365 1063 718 832 1714 1671 2185 316 1406 3713 1710 1093 1209 2779 3231 1193 1774 523 3055 1807 1242 1638 690 1784 2443 5860 237 834 2022 1533 7884 1481 5986 2881 1432 2162 5323 1056 883 468 2279 936 4949 2126 4534 3594 910 1903 1383 3292 1742 794 5511 3029 1841 758 5233 2350 6871 1635 448 2062 4300 2383 1040 2219 531 6194 1951 3740 1741 928 2361 550 1009 476 422 4745 2207 3135 4979 3034 904 833 1977 3512 2834 1203 3588 1709 4690 721 4587 940 780 1690 842 2192 2055 1022 666 6489 3179 1739 1072 1686 1401 3497 852 2930 1689 2321 2712 912 5215 864 856 1363 1158 1790 1447 893 5717 2142 796 3762 1980 1338 1473 2273 1807 1778 705 5227 740 3426 1105 3377 389 214 2219 2097 5121 349 2093 2243 1645 1155 1494 740 1376 1274 2612 1287 2149 3853 1211 888 2298 2586 5092 961 4597 1455 1310 513 3549 4555 1052 2680 1493 1955 3664 821 977 251 558 2583 1649 3945 4664 2782 1065 6695 1722 1408 6466 2230 3325 2485 1083 3540 3341 639 796 3632 544 5317 252 2049 3176 569 980 1441 4474 1256 1079 1369 1392 1467 796 4797 1843 6202 3201 3167 2427 3000 630 2873 1561 2473 3445 4575 1056 1345 1787 9409 1435 2075 2351 1716 5718 1116 523 606 1464 344 6396 687 942 786 1742 857 5623 1079 1377 1532 760 1537 5283 3383 1336 1696 1089 1654 5214 1628 1073 1687 1268 3150 2122 2959 1047 5780 760 2154 2320 3341 1786 3647 407 1146 2159 2296 1319 1417 405 2610 1412 1569 2257 1018 417 1735 569 917 1556 1154 941 2360 3615 407 624 737 2779 2085 2323 1268 938 3202 3287 3835 532 652 3276 1566 5009 1727 424 1105 1850 2810 1625 5301 1910 928 1328 1025 790 4473 2823 5226 955 3949 1577 561 1852 1243 12846 3513 1837 2691 4696 2810 2167 364 721 1233 2556 977 538 2001 948 1457 1554 829 1559 1904 1390 1614 1126 907 1129 2803 2316 3477 860 2720 581 3954 442 987 1590 5186 1550 5255 1331 1314 2612 438 580 1501 2370 2136 3039 2817 1957 2556 1384 345 373 707 2206 714 1059 3662 3193 1348 1228 2066 1625 1228 1769 4482 927 2151 1790 3480 1153 4341 1177 3635 194 1782 2352 1010 510 1603 1247 3782 1991 1307 645 767 787 647 4112 6542 6158 2615 3649 3004 770 3671 697 2684 2461 2004 4318 2822 1474 2478 2663 1005 1526 1287 1869 1798 1381 2329 2502 6950 3292 1682 1617 3635 2217 2554 1355 611 992 1868 1451 3096 535 464 6610 850 2089 1563 1369 1774 359 2140 1924 1982 3864 3249 2231 1309 960 1136 867 1090 1773 1246 669 1346 1106 999 1450 2672 2220 4860 4012 5758 417 866 588 857 1560 2491 1469 960 796 792 2109 4809 1608 3596 622 852 2288 3194 1040 1371 1800 306 1648 13748 841 1477 2744 1961 1258 1618 813 668 180 1742 1301 1411 583 2428 2314 529 1484 2865 1144 2331 757 504 3383 7446 961 3161 1982 1486 1203 3120 4134 1064 7890 2095 3005 1419 854 2826 1733 1734 4569 3390 1568 1082 443 4562 596 1696 3461 1965 729 4281 2872 4321 10804 1439 2193 1279 1224 647 2216 666 980 1102 523 723 1649 2346 2039 721 2250 438 2214 970 886 1156 781 1945 2164 2728 2087 1722 815 3635 960 986 1950 4354 2593 1676 1695 927 1235 891 3646 1345 2269 928 1211 1006 988 4043 251 2576 1821 772 2564 1488 1179 5225 2868 702 1607 2803 1757 2892 606 725 3310 6702 882 1544 1946 967 1608 1446 1674 1037 1892 25831 2168 1720 3053 5336 9184 1336 696 728 2765 702 1173 2913 4126 1888 767 1027 768 1408 2697 2542 1875 493 4119 673 2647 1984 1284 4695 1568 1540 3999 1796 364 1240 892 5170 1427 1450 922 4511 2470 1012 5100 1479 2281 2349 1471 1022 584 1087 1089 1607 1582 1487 3695 1709 1062 490 787 450 1061 4775 2048 3192 1408 1607 4405 3421 1158 439 2724 121 3504 2856 1621 1873 2965 747 821 560 4699 417 1614 579 2153 468 236 735 729 1184 6841 1127 790 521 2414 12590 1228 2492 9263 1802 1239 2463 1731 426 985 1252 2464 399 863 1346 2443 2530 3979 3347 2064 1457 633 664 1619 519 1495 2600 2249 1447 537 625 1022 309 5397 628 1057 6266 5232 2355 512 492 556 756 2648 2243 2021 1097 648 1641 1100 2418 3479 1159 246 798 621 1521 392 1107 209 2280 1084 4239 4340 516 603 615 2615 1630 9815 6536 2931 1345 2581 2253 1078 1049 814 1645 620 4080 2424 461 2396 1288 1593 2381 1129 4140 656 1715 2828 3902 7210 3110 2626 2342 789 7704 1765 2172 1084 4217 1129 5474 278 1360 1202 1519 6182 1087 361 267 1424 1371 1510 2905 1784 360 490 2399 1321 4188 1222 4590 1455 1041 1340 1045 2495 5940 1032 722 3077 1289 5383 998 2269 3677 678 849 1547 685 1141 2040 1235 1398 1205 705 3556 429 3420 1905 688 1499 1067 1675 2514 1643 2531 365 2244 2679 7052 2466 3034 1250 3468 1008 1355 815 700 471 2091 1834 2880 598 1610 4539 834 2860 701 3463 2072 1630 5839 3312 636 1584 2882 969 738 2142 4170 836 2388 652 1440 789 1133 967 1412 982 1062 387 1749 1077 2078 1954 1744 848 5209 2447 799 4505 853 2466 4754 3943 734 688 1388 492 1093 1102 1728 662 1163 2823 3096 1505 3639 924 1356 1211 932 1240 890 2025 1653 1133 774 711 4976 2049 1194 1959 2338 2719 2832 1322 4493 10160 1333 673 6167 1140 2433 392 3518 774 1011 357 727 1048 8630 748 1380 983 2324 775 1348 724 1421 480 901 4747 923 1315 844 1760 2875 762 1470 1527 956 1209 1665 8933 3283 945 1328 395 1249 2934 3612 1242 472 1087 2103 3023 1054 1244 4243 1258 1286 3573 2005 1102 5365 3159 2202 1951 1359 2009 847 2157 2213 4676 7935 2414 2365 1205 1291 1732 1202 1273 460 661 1013 1250 7269 424 2763 1511 3886 358 1846 7376 2224 1870 1580 531 2115 1696 1143 398 2370 1493 1181 1582 1971 894 2301 1298 1821 2372 844 564 3693 1439 3123 1116 487 1694 1023 2536 2421 1453 3031 957 1413 1411 1558 2961 2019 1559 2810 1075 1268 2291 3711 1144 838 1815 2740 2680 386 860 1181 221 2668 2695 504 448 2795 2334 603 2111 3982 2586 2173 2751 568 611 1484 594 1346 665 675 1032 2794 1105 793 2162 2104 720 3548 1625 2442 6200 425 3607 1457 787 2666 1578 3275 1233 2291 958 642 2109 1032 4100 959 1005 7944 802 945 7081 890 1477 794 2864 2093 2411 1137 162 1634 997 312 1648 6181 1400 1195 315 1848 2029 1120 1430 2429 2755 1040 1039 884 5154 1653 2471 362 4520 2676 1358 4638 667 1346 2032 3828 1701 1895 463 339 3390 845 1083 890 2640 869 947 1978 1450 1394 1092 1795 579 5332 1984 1149 383 982 4384 717 1988 864 1892 1484 1219 4103 9665 842 1041 3082 2885 1987 1322 696 836 1268 1338 1254 2606 949 2818 3056 2264 820 2171 1978 1896 1014 471 1582 864 2126 10030 1910 249 2164 761 2268 1685 370 3007 6240 2600 2789 1952 10222 2530 602 810 3208 3269 1206 1725 628 1981 590 732 818 1942 2305 1184 1386 839 674 690 1038 838 691 9572 3855 1985 1477 972 655 934 515 549 3124 1817 1285 1010 396 1557 1158 703 2150 745 2869 1262 3799 1077 1454 5829 3440 2236 1695 1208 3307 4375 477 2950 1672 1630 662 1360 1384 1945 1000 1007 8439 762 2853 3017 1814 995 949 1613 1216 3178 289 647 3028 2883 1825 3980 6072 1910 1811 1107 951 2062 2289 780 2344 1572 2312 2003 624 5885 3440 2808 509 6115 2247 1202 1605 915 1123 761 1158 977 1627 2912 641 654 680 1927 4161 589 5466 830 1656 736 355 1137 2164 517 2620 5151 613 1322 714 2117 833 2199 1599 3647 1024 1657 1010 759 1162 4314 4231 6213 966 1265 867 2179 3225 4039 2277 1419 2397 446 486 2868 714 3047 547 2428 2300 2427 1217 7220 474 1634 3104 578 827 615 1030 997 610 3038 438 3841 664 1364 3897 3540 2507 3874 1265 1956 1513 5057 2563 737 888 969 1294 1722 993 7629 1991 3141 267 686 1608 5183 279 1959 1180 1034 830 1108 726 1777 1386 611 285 1003 1403 326 2944 940 2920 3311 3176 1268 2215 720 2252 5142 1059 3411 1446 3119 1727 3634 602 2321 2200 1255 1613 1776 2280 1504 467 1141 1456 1492 1286 662 5655 3089 495 1350 1001 9277 848 912 2309 1058 1399 1959 638 1791 545 2862 2310 746 1616 2052 5449 1260 1255 3379 1751 1337 1938 738 3484 1951 3157 266 1704 940 8750 745 3461 1382 338 320 723 3190 1126 3202 3269 610 938 682 533 1199 707 324 6037 514 1694 633 398 631 1022 5583 621 547 1058 8594 1514 1024 1524 5619 1797 810 930 625 767 2469 3852 2711 703 2282 2933 2985 1282 2704 1812 3168 3934 5663 1646 2580 1446 318 2479 2363 966 2011 496 437 1144 2147 784 3748 2893 5543 2302 4612 1146 2394 432 2109 991 5035 1114 2154 511 2139 2681 2316 1244 1481 1022 3266 701 1112 874 2343 3357 1849 9651 356 2821 2464 2363 787 479 5054 934 1128 1411 497 548 1298 4131 952 1182 3451 1500 805 4440 240 4433 766 2006 2532 1375 1282 2519 441 1343 883 1934 5963 584 3273 537 544 1023 923 4234 467 1171 2500 5322 2212 3384 1655 2157 1181 1008 1662 836 2243 3013 4646 571 6110 1382 4410 3389 643 3541 4609 1452 1604 3044 663 734 1778 1334 826 1392 883 1260 1922 1062 282 1130 7723 2146 3967 2064 1501 726 6774 3274 3951 447 2538 950 2069 500 2974 2144 2571 2280 772 3164 6438 3750 5562 1567 4944 744 475 2717 1924 1989 989 1833 3019 1019 2023 1637 1188 4184 2163 509 2230 9967 974 1145 1755 1817 1647 1315 6920 1275 6124 1775 617 1805 7066 8526 1677 8634 1016 621 3220 698 1226 3523 583 1972 3493 1631 1181 1376 3035 1040 1236 3591 2252 1778 184 5618 2546 3420 3074 1087 1806 3141 3868 4527 1624 911 5335 2284 2266 4224 1788 3877 469 717 986 1358 574 1667 5963 1110 1855 677 637 3072 1587 1585 1333 3915 3784 2008 1297 1434 1242 1784 1490 3651 543 1764 4502 2713 702 2793 2654 2010 1447 1570 3913 1998 3164 663 2297 1818 1338 1484 5830 2250 501 4111 965 1111 802 1914 2302 1804 777 874 2596 2773 1759 7106 4864 3059 1259 1607 3802 2004 1689 4416 3772 453 1907 4327 860 1476 1793 3242 5594 885 5884 5134 1264 1056 3366 3445 1763 677 1609 1396 807 2498 3930 6171 1226 2063 1066 1422 7722 685 5884 1294 468 4375 1082 2133 2685 933 1032 1350 1187 1456 430 1094 2376 6717 3717 2148 750 2829 1890 2546 1391 1207 3372 2294 2908 1878 836 1883 2834 3854 2415 3451 461 2654 2365 3672 6326 1238 8996 399 2134 990 479 1009 4218 1853 2771 1034 3783 447 1902 714 885 1732 1024 1374 395 1484 1334 612 1568 897 5502 1857 5095 3170 7672 945 1111 3754 727 819 2281 1199 9064 2375 2368 1680 2254 4605 1924 7118 4203 1201 1645 2112 921 640 2501 735 707 2568 1334 968 567 438 2803 1090 1099 4986 1520 1321 1062 4113 1609 401 491 308 7307 1560 1150 1970 1825 2177 1602 3313 1292 1891 1352 338 3663 1268 3012 2078 2392 1570 1522 3156 2311 1428 2028 1219 970 3104 2312 700 643 4013 1743 963 1459 611 1401 3834 415 3036 853 1532 4730 3047 552 1316 1239 3688 1204 2686 466 1280 2088 1951 1757 2895 1453 2412 1909 2446 1202 1353 2416 841 1495 3598 1600 1796 2336 1267 332 2473 5087 2710 1499 2886 4271 1851 3257 4208 1455 5731 245 2094 2281 2159 1571 1345 2045 2460 2748 1478 1000 584 225 1123 1475 674 5770 558 1295 4172 492 4266 602 1347 1846 2675 646 932 1469 1704 1203 458 730 2135 968 2227 693 4787 681 1403 965 1331 274 762 1327 5023 1977 1279 1073 1399 2732 1459 4892 1066 519 2324 2060 701 1621 3157 1536 2132 702 1712 2520 2911 1523 3604 1463 1321 539 1930 1439 947 1199 2178 887 690 2163 769 711 1258 5303 2337 966 905 2608 1382 485 877 1874 2954 2161 6412 1524 607 2271 963 2337 1229 10114 639 975 1622 2680 2838 1392 638 2486 1983 1277 626 3335 3870 1985 1859 4057 2132 9072 2734 1594 671 2262 1780 761 1079 1699 350 926 1891 785 1396 1691 412 4823 990 3236 849 424 2395 1107 2580 2907 2942 1881 872 3169 1151 990 865 2168 1899 3659 4060 3625 4183 2524 1459 2509 1153 3580 4738 5649 1394 1415 2259 853 576 1602 2298 733 816 13813 4516 989 903 988 3857 1108 2735 1633 2980 2193 2030 412 2072 418 4306 6021 1817 1338 4528 2952 773 526 1026 891 8220 1243 725 3632 1391 1569 3378 1253 817 2786 1134 3776 722 1053 1074 1762 738 943 787 970 1741 2845 1994 968 2138 350 1424 4936 621 3495 197 3013 2615 573 2372 1957 1345 2558 4276 2112 3206 1601 2453 2461 1987 2418 3393 1063 389 624 1084 3434 761 455 682 3641 1288 1076 2498 1065 1635 1901 3161 2980 2732 605 3995 2330 4378 7168 4495 1126 1596 2523 1829 3797 5331 4234 2433 1515 1633 1720 1330 3338 1710 733 2433 7992 991 11164 732 614 3046 2761 3368 557 3081 1779 1636 2619 694 2075 2362 964 3432 2683 2427 1289 781 1884 1658 1121 2527 2059 5831 5704 2017 1483 1595 878 609 1121 465 2245 3080 7299 741 2324 1876 1148 1753 3183 954 2198 506 3727 2952 9207 787 238 4663 3014 1682 3861 2027 464 1143 548 1306 700 2700 1994 1951 1178 3376 2464 519 2054 1320 2098 554 2696 1810 2339 1325 814 1441 1412 2038 2703 1870 1148 3441 964 3670 5162 1273 1146 989 1599 1142 1667 1148 990 2367 3765 3848 2964 1386 1060 2371 8207 1375 2141 3477 2472 1282 2267 5056 628 957 2283 3960 526 3164 1455 951 3883 1189 620 909 2379 510 1578 758 652 895 2566 1522 792 2563 2780 4804 982 505 588 2630 3015 2535 2394 3194 2051 3471 813 1516 2885 640 1601 1908 2467 516 1683 4072 1079 1507 3035 1727 2325 1558 2674 508 3277 1316 901 913 2057 2007 3636 288 2914 2134 3067 1325 380 813 461 441 1578 683 3346 1235 1952 584 951 4014 823 1855 2148 577 2449 2360 5508 1299 645 1791 3335 2051 1302 3220 2015 2688 1021 352 2021 2898 787 1061 646 4915 2483 2662 1268 1165 932 2069 1707 402 4160 2874 945 624 547 5751 318 4349 1503 721 826 3154 1568 2131 644 905 1709 833 984 757 2364 2398 1390 2286 3031 2180 1097 570 864 1239 1227 440 1209 1473 1391 1240 3103 531 1733 804 805 1338 2055 2229 2201 4351 2201 3254 651 1666 484 685 1718 1045 10341 637 764 677 1215 2002 2385 768 484 1045 1684 3870 1407 1250 2014 902 2775 278 2175 3293 4505 2886 1788 537 1398 3274 1536 4443 2513 1812 1374 909 3252 920 247 2578 1750 1088 2050 2754 1564 933 3000 3264 941 1662 4985 927 1472 1622 2111 489 4456 980 2287 2112 1263 594 2851 1090 4078 347 5188 3690 198 3308 361 2319 2741 3570 331 1381 681 1930 2974 2244 680 3759 540 3619 3032 985 446 1778 2387 714 935 3604 1086 642 1437 991 1602 779 2764 268 3129 1640 2952 756 83 699 5760 6155 2075 670 2355 500 1234 412 6263 ]
@@@ Loss per-class: [ 0.62123 1.53009 1.04164 1.18436 1.02095 1.29986 0.821753 1.58835 1.14341 1.14924 0.545476 1.5354 1.13409 0.769312 1.95783 1.81702 3.28849 1.40081 1.41798 0.820261 0.706658 2.86416 0.853493 1.01356 0.801976 0.951674 3.24915 1.09496 1.7083 0.923294 1.17051 1.35083 0.810459 0.926368 0.937939 1.15823 0.663507 1.31362 0.93949 0.627415 0.765054 2.6757 0.830594 1.24534 1.04773 1.01335 1.91106 1.13155 0.674346 0.747512 0.980209 3.62624 0.808003 1.43531 0.74005 2.24014 0.697054 1.9138 0.563953 1.21797 1.80174 1.6654 1.30812 2.61005 0.993199 1.1471 1.72852 1.04181 3.27036 0.942313 0.867853 1.16291 1.68704 3.72368 1.56922 0.771933 1.13551 1.48261 2.46614 1.51392 0.8492 1.49224 0.731197 4.14283 1.3419 0.782585 1.2754 0.822933 3.21916 2.26096 1.63317 1.7111 1.80085 1.71228 3.34328 0.97606 1.23681 1.82537 1.08846 3.25676 1.08005 1.15235 1.56075 0.71163 4.01512 1.14995 0.667819 0.661794 0.553299 -nan 1.3768 2.07835 1.65807 1.1247 3.01691 0.813324 2.80193 1.15372 0.867598 1.13059 1.00395 -nan 2.62938 0.743341 1.41738 1.12367 1.07398 0.960692 1.06316 2.66203 1.12719 2.7978 0.586522 0.494014 1.99703 3.33095 2.97894 0.629115 0.735025 1.91408 0.751845 1.57833 1.57272 0.879 0.962591 1.37142 0.97981 1.57956 0.477168 1.38058 1.08407 1.51858 1.58353 2.61896 1.19576 0.987106 1.76879 0.650282 1.73734 2.2019 0.734448 1.98472 0.669712 -nan 0.590665 1.90772 0.762621 2.18874 2.89032 0.736157 1.39011 0.468027 0.714208 2.3931 1.72217 -nan -nan -nan 0.65546 0.938346 1.25727 0.474353 9.38514 1.9538 1.77095 0.668002 1.64561 2.44891 0.620351 0.727547 1.65575 0.964667 3.66751 0.75314 0.887137 1.00128 1.59193 1.3174 2.69779 1.30989 0.833095 1.52812 1.02547 -nan 1.26868 0.836635 1.45811 0.794264 -nan 0.803301 1.01004 3.0205 1.18824 1.63799 1.22841 1.81754 1.8891 0.805501 0.662294 0.276279 0.525835 1.97741 0.997513 2.14247 0.560735 1.54808 0.836473 1.19614 0.654506 0.486901 0.964918 1.07589 2.60806 1.02088 0.726529 1.85758 1.02901 0.829873 1.0341 0.599639 0.886234 0.815579 0.526228 0.465289 1.52212 0.895504 0.433843 1.56579 0.557176 0.984572 1.39487 1.01488 0.673597 2.01432 1.2183 1.14034 1.1202 1.56841 0.54141 0.616234 1.27001 0.848399 1.23959 1.48229 1.22141 1.18489 0.687447 0.538704 0.710103 1.38622 1.73343 0.581917 0.742053 1.596 1.18881 1.32839 0.389787 1.18734 0.708646 1.23655 1.32537 1.42226 1.24708 1.16913 1.81519 1.13105 1.9786 1.04292 0.770069 1.47559 1.48188 1.04089 1.82501 1.22274 0.976417 0.844233 1.70092 0.916913 0.932726 0.780535 1.21068 1.43273 1.12176 0.747871 1.43637 1.71071 1.98235 1.41656 1.40298 1.17275 0.640057 1.51014 1.04484 1.26094 1.49703 1.19602 1.33638 0.904772 0.946454 1.83415 1.20739 0.883157 1.99993 0.857514 1.17315 1.71349 1.328 0.80031 1.0417 1.80106 0.628876 1.49378 0.787924 1.17027 1.43353 1.23412 1.07443 1.95359 1.08443 1.22729 2.4323 1.05527 1.38402 1.29031 0.531299 0.861145 1.35972 1.64236 1.22796 1.84398 2.04053 1.05846 1.06386 1.25183 1.00256 2.01047 2.40776 0.918828 0.640491 1.18147 1.04338 0.370131 0.533942 1.29828 1.86092 1.57646 1.96125 1.65318 1.82934 2.27269 1.61888 1.9833 0.864779 1.55661 0.833946 1.2304 0.551961 1.73363 0.683976 1.15111 0.743542 0.958157 0.714653 1.08308 0.928308 0.798243 1.70251 1.24636 0.708611 0.858207 1.25724 1.20018 1.06075 0.565277 0.905111 0.832324 1.48237 0.576503 0.508437 1.43574 0.718999 1.40778 1.12589 0.846164 0.642041 1.05722 0.998886 2.15475 0.793381 0.935717 1.37407 1.61189 0.993366 1.6563 1.24352 0.972756 1.29968 1.65123 0.814911 2.42472 0.825427 1.62558 1.69927 1.11988 1.18187 1.24389 1.58005 1.7381 0.938949 0.666731 1.64207 2.21847 1.92238 1.34317 0.773586 1.51024 1.27599 1.60351 1.97823 0.890729 0.910592 0.642024 2.26148 2.27744 1.24136 1.73062 2.46075 1.58557 0.978507 1.46255 0.765313 1.61866 0.837384 2.00333 1.14652 1.32552 0.863295 0.696933 1.9914 1.11775 1.37088 2.08323 0.946635 1.03346 0.846186 0.941471 0.849686 1.58962 1.54331 0.888909 1.12609 1.93963 1.94269 1.53884 1.49483 0.981805 1.84112 1.22073 1.87189 1.15468 1.04365 1.14589 0.490239 0.380318 1.96942 2.31829 1.07728 0.971642 0.962076 0.601872 1.844 1.11525 1.04135 1.70849 1.46152 1.58492 2.22408 1.98396 0.873416 1.35914 1.02899 1.81672 2.64175 0.543651 0.995727 2.00415 0.938384 1.05286 1.13178 1.38253 0.800475 1.03786 1.13366 2.02246 1.75711 2.39256 1.39565 1.4493 1.54977 0.908831 1.72013 0.994596 1.42488 1.21655 1.51077 2.22664 1.09101 1.6337 2.1122 0.675068 0.856105 1.47324 1.09784 2.63122 1.96456 1.72359 0.881352 1.16642 1.32947 1.10133 2.29332 1.37763 1.81766 0.781286 0.428323 1.44984 0.763258 1.10594 0.876706 1.36289 0.651 0.759551 1.56728 1.65528 2.49095 1.33692 0.602306 1.01733 0.694323 0.713719 1.06273 0.983316 1.00155 0.610271 1.03527 1.7248 0.750029 1.26276 1.92262 1.77738 0.907299 0.907728 2.02909 1.94407 1.04723 0.738952 1.54772 2.22136 1.43976 1.72281 0.789238 1.45031 1.0546 0.690799 1.09044 1.0198 1.7253 0.732594 1.60189 1.22556 1.54824 1.22264 0.955224 0.796007 0.713535 0.622969 1.66351 1.59882 0.606887 1.06092 0.741593 1.52494 0.790618 1.35988 0.817196 0.948317 0.760846 0.636914 1.10515 0.647837 1.31003 1.28936 2.19839 1.80914 1.66453 2.15961 1.20755 1.53425 0.769385 1.57995 0.782726 2.50412 0.388675 2.02337 0.978803 1.0269 1.43593 0.700358 1.42424 1.4117 1.89538 1.38378 0.6139 1.96549 1.63669 1.03712 1.10559 0.939275 1.58888 1.50363 1.01951 0.860083 2.19985 1.22478 1.43973 0.990734 0.882473 1.01876 1.14348 0.894087 1.47706 1.39206 0.65176 2.00959 1.58994 0.743344 1.55334 0.96887 1.3606 1.2365 1.44608 1.12051 1.07976 0.499987 2.77853 1.59339 2.43107 2.09495 1.68043 1.40593 1.20643 2.25889 1.09185 1.18419 1.08002 1.15359 0.722912 2.29738 1.44167 2.04468 1.31437 1.16319 1.63947 2.86397 1.04551 1.07647 1.84671 0.98201 0.799631 0.469272 0.654077 0.765008 0.5633 1.0285 1.10802 2.44018 1.88002 1.24012 1.02061 1.18055 1.02283 1.32865 0.587647 1.1681 0.981957 2.04003 1.77858 1.21648 2.15742 1.73655 1.02336 0.803273 1.41773 0.301217 1.1924 0.946279 0.690085 1.31624 1.42588 1.51208 1.05135 0.963049 1.60722 0.949094 0.43689 1.11193 1.6497 0.958275 1.24848 0.823382 2.18866 1.60391 1.34328 1.23069 0.735597 1.35382 1.55077 1.24235 1.22534 0.802223 2.05042 0.912821 0.868166 0.448871 1.62531 0.595762 1.28046 1.20338 1.8021 1.40067 0.621837 1.03637 0.674699 1.62811 1.19348 0.415562 0.901389 1.12845 0.771758 0.968285 0.942386 1.70672 0.566921 0.644177 1.56702 1.26446 0.679754 1.52141 0.703891 1.49277 1.26785 1.59061 0.892844 0.837303 0.992167 0.841038 1.01288 1.81511 0.796138 1.31848 1.47612 0.960903 1.65791 1.3498 1.45061 1.39279 1.63064 1.61497 1.02444 1.21501 0.889788 1.31778 1.64047 1.02788 0.871856 0.40056 1.37606 1.25328 0.818289 0.797156 0.724849 1.52087 1.15969 1.0518 0.800987 0.606613 0.924751 2.05788 2.00697 1.37492 1.68141 0.688662 1.20395 2.97917 1.1848 1.03061 1.44773 1.59967 1.13086 0.934321 2.32095 1.56389 0.993023 2.21696 1.0734 0.870328 1.85024 1.60106 0.66453 0.972818 1.24006 0.65236 1.18376 1.15301 1.0615 1.3309 1.50503 1.53316 0.456209 0.635452 1.71672 0.811466 1.04321 0.88497 1.14586 0.792975 2.3858 1.43937 1.06561 1.93046 0.560983 0.641628 0.904537 0.794757 0.907166 0.535299 0.8278 2.01161 1.2793 1.75317 1.13485 0.927543 0.581534 1.88842 0.781345 0.915724 0.749724 1.12468 2.10045 1.04163 0.953229 1.23489 1.53525 2.11311 1.44009 0.656097 2.13192 0.801402 2.04759 1.52408 0.566666 1.45993 0.693479 0.920436 0.816301 0.628059 0.743691 1.36159 1.08165 1.17108 0.873039 0.822895 1.1328 1.06615 0.753578 0.901579 1.68027 1.7338 1.91599 3.07108 1.04884 4.07641 1.78863 1.14004 1.14249 1.3133 0.938671 0.807751 1.40771 1.40102 1.34296 1.5902 2.19924 1.20911 1.49948 1.22097 0.458626 0.864601 0.95799 0.907251 0.699018 2.0442 1.20919 2.2191 1.07988 0.646021 1.34555 0.604582 0.597385 0.569622 1.27412 0.56526 0.616823 1.20179 3.27811 1.42423 1.30714 1.45646 3.56282 0.424814 1.05997 0.904106 1.4412 0.72954 1.44728 1.38894 1.04226 1.96618 1.06855 1.01089 1.17614 0.953981 1.2926 1.10078 1.19125 0.977773 1.0412 2.08182 1.33263 0.845921 0.563563 0.747633 1.06181 1.00282 1.15912 1.189 1.10048 1.04101 1.37263 1.34332 0.918741 0.888441 2.02667 1.57924 0.809527 1.15211 1.4073 0.858034 0.753801 2.06127 1.01157 2.16467 1.60331 2.20461 1.19924 1.07897 0.780084 0.829631 0.766676 0.812417 1.00112 1.66518 1.15326 0.882829 2.28324 0.857286 2.2389 1.12559 1.53088 0.993086 1.30601 1.15174 1.50359 1.4801 1.32074 1.17864 1.07158 1.6363 1.60743 1.9316 2.11179 1.01726 1.0675 0.717614 1.22035 0.749227 0.856944 0.906375 1.25581 3.01989 0.80647 1.84588 0.800987 1.214 2.35354 0.972394 1.01502 1.80979 2.06014 0.855076 1.56771 1.73521 1.67199 1.02729 0.890786 1.13388 1.45593 0.806895 1.05936 1.36489 1.45002 0.622039 1.18402 1.21211 0.887752 1.538 0.712555 0.574841 1.22951 3.20154 2.04023 1.24264 1.39925 0.97119 1.45099 1.31908 1.38023 1.53143 1.33662 0.950509 1.16954 0.744825 1.09535 1.07764 0.610512 0.563386 1.02945 0.946099 1.23507 0.870695 0.543694 1.70335 1.35093 1.57158 0.753349 1.14854 1.77165 0.598828 1.18523 1.82504 2.25134 1.99712 0.492878 1.94982 1.18808 2.71546 1.65794 1.30826 1.20967 1.36787 1.93549 0.996943 0.853218 1.56841 0.732924 1.47497 0.875446 1.07878 1.6317 1.84114 2.14031 1.59981 1.35451 1.54841 3.09442 1.13652 1.19528 1.56997 1.50095 0.868346 1.46713 1.24096 1.14366 2.20275 0.634279 1.86574 0.83487 1.37772 1.69429 2.14072 0.719519 0.861835 0.501076 0.867956 1.88823 0.564879 2.00649 0.824281 1.20638 0.4611 0.932961 1.01859 0.660815 1.83076 0.75924 1.23973 1.24317 0.955591 0.5907 1.2459 2.13862 1.0399 1.01819 1.0436 3.14593 0.96382 0.973473 1.50136 1.05606 1.43871 1.36743 1.12936 1.98654 1.33187 0.4498 1.03798 0.723541 1.06885 1.13948 1.22255 0.851397 0.694203 1.67699 1.01003 0.885592 1.30414 1.4833 1.2235 0.903149 1.56897 1.06053 0.64843 1.57307 1.5215 1.38104 0.960273 1.45298 1.12795 0.843522 1.65827 1.06233 2.32422 1.89293 0.554918 0.626787 1.48951 1.17291 1.35371 1.10335 1.57239 1.10154 0.897047 0.930657 1.75769 1.18619 1.31032 0.990112 1.32205 0.987326 0.960281 1.0233 2.00573 0.992192 1.06812 1.59627 1.37924 0.848163 1.38516 1.03754 1.83582 1.79505 1.02302 1.5857 1.36466 1.1416 1.19862 1.28114 1.07856 0.680272 1.06318 0.965425 0.614065 1.04723 0.97452 2.35766 1.08584 0.922927 0.895436 1.2719 2.76286 0.955301 0.710133 1.3671 0.522661 0.745309 0.821099 0.68693 0.834076 0.74289 1.33165 2.06 1.83866 0.875784 3.72295 0.953669 0.587101 0.670724 0.852895 0.895223 0.763494 0.989749 3.61192 0.599259 1.10142 1.18605 0.87834 0.877357 1.24871 1.49538 1.29705 1.19967 1.52663 0.592467 0.751953 1.311 1.08051 0.938392 1.19402 1.48257 1.33873 0.892217 1.6453 1.79781 0.72192 1.29747 1.36656 1.15931 1.18971 0.826164 1.59756 1.20541 1.00879 0.737861 1.04759 1.73196 1.80045 0.914407 1.32913 1.49243 1.56531 1.62904 1.00972 1.18991 1.66834 0.765078 1.58677 1.52918 1.3289 1.83884 3.32847 0.677217 1.9944 0.853062 1.68528 0.848837 2.17645 1.45188 1.27214 0.727967 1.96338 1.37784 1.07719 0.796016 0.951968 2.57018 1.34891 1.93588 1.8682 0.925897 2.41075 1.32887 1.16333 1.62166 1.28741 2.92317 1.70343 2.94069 0.817545 0.770863 1.49393 0.539518 2.34844 2.91034 2.01637 1.04431 1.65171 0.323916 0.998897 0.929316 0.506272 1.52643 1.475 1.83325 1.16454 1.01866 1.72179 1.79581 0.991781 0.632457 1.47052 0.712959 1.97307 0.996667 1.38392 1.39878 1.51817 1.31862 0.939839 1.44235 0.786384 0.785237 0.867915 1.10451 1.14256 2.08083 0.710479 1.48208 1.11869 1.12453 0.809518 1.03741 0.600357 1.53164 1.59031 1.04259 1.17087 0.557384 1.45493 1.00844 1.02771 1.23055 1.21404 1.70705 1.0165 1.01756 1.97704 1.88801 0.809549 1.31977 0.517982 1.16384 0.966334 1.47943 1.27497 1.68098 1.3908 1.09885 0.857706 1.32214 2.21837 1.19167 0.799452 0.8958 1.78538 1.29871 1.21496 1.04366 1.41124 0.746627 1.87357 0.920543 0.96761 0.718275 0.747197 1.09707 0.982072 0.945932 0.793452 0.594236 1.22871 2.35155 1.18664 1.63898 1.19269 0.754926 2.15427 1.03258 0.666021 0.879115 0.88033 0.839542 0.959912 0.82266 0.915174 0.69567 1.35523 0.899788 1.07417 1.72917 0.926602 1.75783 1.25551 1.22762 2.04989 1.90588 0.695872 1.0075 1.29697 1.36656 1.00531 0.726117 0.952386 0.46908 0.534752 1.69558 1.46823 1.00899 1.30936 1.93611 1.41751 1.59445 1.60332 1.16041 1.54489 0.868786 1.48244 1.57982 1.02875 1.1037 1.63465 1.98233 2.23556 0.935044 1.49076 0.717125 1.26695 2.04247 0.944854 0.55797 1.74809 2.36267 1.31288 0.971875 1.28025 0.662392 0.528957 3.71575 1.53697 1.20565 0.8702 1.18468 0.997779 0.770169 1.23292 0.936164 0.520515 1.1321 1.82653 0.987886 1.83307 1.15133 0.770161 0.965462 1.00624 1.34117 1.14043 0.886896 1.3658 1.80009 1.28451 1.13572 1.11939 2.6591 1.35306 1.07194 0.856278 1.80892 2.11587 1.27464 1.06971 1.23855 1.4097 0.579553 2.7311 1.05213 2.46433 1.09842 1.18403 1.74946 1.03407 1.23733 1.33282 0.451953 1.27511 1.06863 0.942717 1.63729 1.87455 0.719466 1.03399 1.15438 1.35312 2.17099 1.20448 1.70084 1.17397 1.73477 1.34331 1.86159 1.07697 1.29401 1.11072 1.40401 1.78071 1.48259 0.508641 0.653069 1.82583 2.28829 3.26198 0.94305 0.833426 1.13974 1.31571 1.48162 2.43432 0.678694 0.704985 1.44554 0.959946 1.16499 1.18458 1.82726 0.828024 0.723647 0.868913 1.07645 1.19095 0.911131 0.718462 0.870009 1.44103 2.08437 2.04044 1.03294 0.864815 0.701276 1.25723 2.05264 0.626518 2.27032 1.38659 1.64819 1.55137 1.52726 1.58924 1.92414 2.31435 0.751936 1.93123 0.875735 0.898076 0.673738 1.31532 0.655805 1.3769 1.61995 1.11473 1.12687 1.72426 0.960073 1.04648 1.2661 2.04012 1.39395 1.05558 1.19725 0.852196 0.541005 1.83736 1.03566 1.11166 1.21631 1.23295 1.33715 1.8119 1.23245 2.26962 0.561539 0.968664 1.39 1.75952 1.86395 1.31604 1.31271 1.13906 1.08663 2.29904 1.09739 0.903073 1.39129 0.501349 1.44309 1.8703 1.8199 1.6762 1.5159 1.05481 1.92712 1.33855 1.95276 1.06019 1.13989 1.99166 1.85802 1.25212 1.13513 1.18669 0.99431 1.14759 1.56656 0.977668 0.764422 0.45847 1.22104 1.25663 1.07248 1.16525 1.10039 0.657066 1.02621 1.02642 1.31283 1.68303 1.22907 1.22195 1.25458 1.55581 1.48243 1.21299 1.8146 1.55267 1.94559 0.851606 0.906958 1.22474 1.64192 0.708673 1.41435 1.16752 1.27568 1.56395 1.61995 0.857715 0.614138 1.40315 0.852846 1.55617 1.28991 0.985026 1.70629 1.09245 1.77797 1.24379 0.821637 1.57802 3.15578 0.728905 2.38515 1.4067 1.64039 1.33225 2.45028 1.19741 1.38238 2.79096 1.38478 1.58514 1.41588 1.51532 1.14165 1.16448 1.40081 1.55362 2.12972 1.01907 1.27183 1.18793 1.06939 0.996704 0.739114 1.92861 1.28087 1.17253 1.33089 1.12538 1.69548 1.63379 1.39736 1.6341 0.843529 1.49249 1.93784 0.408557 1.15026 0.987686 1.09455 2.52808 1.29635 1.25458 1.30709 1.54579 1.51178 1.47898 1.52875 1.15217 1.16802 2.25138 1.52196 1.28936 1.21321 2.48732 1.27628 1.3226 1.26996 0.621112 1.07984 1.26044 1.73231 1.24157 1.71859 1.05648 0.984396 0.917299 0.575044 0.886054 2.30369 1.30269 0.809434 1.50615 1.39626 1.21025 1.73136 2.38438 1.37411 1.1146 0.646134 1.07599 1.03959 1.32995 1.22605 1.32854 1.43542 1.33295 1.15387 1.33732 1.36572 1.36783 1.80302 1.39668 1.07759 0.861286 0.705118 1.36855 1.30434 0.666401 1.27841 0.971263 2.06092 1.06362 0.753902 1.45015 0.976736 1.74293 0.865004 1.34939 1.78733 2.42822 1.11161 1.59111 1.20125 1.15763 1.78182 1.282 2.46388 2.78141 1.15426 1.4086 1.0729 0.800613 1.03576 1.21321 1.99808 1.47951 1.16111 1.52712 1.0362 0.573162 0.701305 1.36237 1.23226 1.55127 2.05621 1.32724 2.12876 1.53411 0.590435 1.2909 1.60383 0.923472 3.45802 0.902106 0.805514 1.33237 0.894298 2.26255 1.9242 1.5418 0.65127 1.6178 1.75847 0.403716 0.867933 0.754663 1.2792 0.673924 1.52127 0.736059 1.34562 1.42924 1.67289 1.71113 1.22699 0.562257 1.13169 1.03521 1.93477 1.66539 0.795797 1.70329 1.39215 0.937856 0.698138 0.854903 0.657845 1.46091 1.80193 0.947707 0.790117 1.09003 0.789667 1.13159 2.24596 1.35161 1.18391 0.746204 1.82213 1.29694 1.38248 1.36225 1.19928 1.14384 1.3468 0.548804 0.56041 1.4684 1.62501 0.705921 1.26941 1.32244 1.76555 0.633229 1.33707 1.36572 1.53226 1.44119 1.12222 0.842801 1.02862 1.39257 1.12505 0.844198 2.08884 1.8365 1.69215 1.1382 0.901786 2.69403 0.711293 1.33662 1.62156 1.34763 1.99454 1.5191 1.26168 1.32602 1.44681 0.588013 1.41377 0.955453 0.79219 1.42314 0.915825 0.956862 1.61646 1.35695 1.20686 1.73218 1.66958 1.25679 1.24701 0.46515 1.75425 1.02936 1.46502 1.72242 1.00742 1.46563 1.45591 0.899285 1.47259 1.73162 1.70366 1.88336 2.55352 1.67319 1.60555 1.43476 1.24707 0.959237 1.02917 0.816557 2.02578 0.644561 1.66949 0.828163 1.62348 2.85979 1.72591 1.92469 1.84173 0.635518 1.4545 1.29525 1.53983 0.766056 3.14696 1.27487 1.02834 0.985041 1.50896 1.57048 2.71646 1.0157 1.18011 1.36716 0.72738 1.54324 0.918845 1.02574 0.726673 1.94717 1.67789 1.06593 1.59656 1.13889 1.11188 1.4788 0.889793 0.656777 1.81557 1.0917 1.41164 0.860612 1.76822 1.74576 1.50259 1.53787 0.732365 1.20434 2.2916 1.30291 1.38153 0.765528 1.35359 1.34133 1.36392 1.83906 1.55354 1.42171 0.748597 1.66354 1.71568 1.35281 1.60669 1.19111 1.37519 0.813241 1.09223 1.26643 2.30703 0.492823 0.604625 1.25982 1.61135 1.50091 1.63068 2.61316 2.04922 1.81817 1.92338 1.45591 1.1544 2.80335 0.908761 1.40622 1.1552 1.24126 1.10245 1.24556 1.02473 1.86502 2.11976 1.14214 0.911605 1.63514 1.67817 1.81746 1.60043 0.885266 1.0394 1.85249 0.863604 1.18587 0.855027 0.631541 1.72654 1.16861 1.51797 1.29701 1.9188 1.32489 0.90693 1.15656 1.24817 3.35507 1.37034 1.77241 1.07166 1.41631 0.641725 1.67455 1.83578 1.62671 2.14468 1.21644 2.48065 1.31666 1.25873 2.14379 1.06625 2.22161 1.70019 1.36787 1.77453 1.01428 0.749996 2.76536 1.09307 1.16898 1.64828 1.68472 1.61729 0.806876 0.863061 1.47124 1.79294 0.700933 1.80312 1.1909 1.31097 0.787117 1.61999 3.14929 0.994088 1.993 1.43001 1.43921 1.25359 0.986637 1.4889 1.01785 1.41321 1.15489 1.04062 1.77122 0.96195 1.06221 0.619766 0.940003 1.27301 0.925034 1.15693 2.0697 1.55505 0.764042 0.984476 1.67733 1.14072 1.192 1.49213 1.75379 0.949692 0.849962 1.00098 0.669882 1.72348 1.4225 0.888413 1.22872 1.06198 1.17871 1.48518 0.990452 1.22898 1.42509 1.36003 1.12023 0.83027 0.938375 1.57227 1.61016 1.23693 1.23243 2.10928 1.81621 0.964182 1.28085 1.39032 1.05525 0.671502 0.9215 1.29492 1.23224 1.14227 1.24679 1.1955 0.949261 1.35026 1.0839 1.37829 1.43714 1.5745 1.6644 1.11256 1.15451 2.48538 0.900297 0.817558 1.47123 1.2178 1.82965 0.542659 1.41314 0.798997 1.04007 1.145 1.51738 0.954074 1.16541 1.54438 1.70061 1.08888 0.64387 2.01668 1.37899 1.93695 2.22129 1.2001 1.39238 1.50049 1.73138 1.20893 1.17003 0.653428 1.64146 1.52252 1.41133 1.14782 1.89924 2.64987 1.09226 3.11824 1.76848 1.48805 0.516654 1.6293 1.30294 0.94246 0.759296 0.658484 1.43434 1.23215 1.18986 1.36708 1.84732 1.00872 1.2627 1.4795 1.21638 1.28271 2.18285 1.16474 1.70219 0.533145 1.47913 1.2383 0.840645 3.56381 1.32457 1.84237 0.550239 1.76964 1.75592 1.57934 0.97058 1.17089 1.47642 1.18817 1.18452 1.16553 1.31942 1.19479 1.79858 1.36835 1.04044 0.723151 1.76895 1.44558 1.01433 1.67733 1.23 1.03787 1.03352 1.2616 1.51518 1.21698 1.35962 1.96285 1.36001 0.94751 1.1567 1.81328 1.58545 1.26993 1.39369 1.5123 0.57087 1.55478 1.37537 0.868016 1.47208 1.17953 1.06046 1.84308 0.973303 1.35455 0.964772 1.22989 0.835159 2.11162 3.58813 1.72575 1.51825 1.11002 0.912752 1.07363 1.57625 1.79863 0.937467 0.961248 1.82423 1.48841 0.839708 1.23157 1.30648 1.76344 1.46135 1.22432 0.826402 1.7493 1.51993 1.27688 2.0865 1.02793 1.30052 0.96999 0.767443 1.1467 0.640458 1.25221 1.25395 1.56713 1.22366 1.25818 1.92257 1.09985 1.5236 0.675685 1.2455 1.17593 1.23589 1.04629 2.59065 1.86647 1.4224 0.946966 1.71828 0.817802 0.869813 2.15886 1.6739 0.910065 1.36168 1.77643 1.28508 1.43827 1.69905 1.67705 1.17437 1.08445 1.58917 1.01293 2.28776 1.12299 0.901347 1.22199 1.83907 1.2417 0.807525 1.58676 1.41335 1.16143 1.21699 1.2603 0.596516 1.19795 1.72899 1.62464 0.748473 2.62238 1.5702 1.81555 1.11046 1.14784 1.14471 1.36915 1.41657 0.801946 1.27567 1.9082 1.5637 1.5433 1.51527 1.86836 1.30761 0.894371 0.573899 1.52942 1.73542 0.362477 1.28022 1.57261 2.16831 1.05563 0.91398 1.06616 0.860052 0.984028 1.34749 1.65799 1.29801 1.25399 2.12541 0.768633 1.70076 1.709 0.931016 1.67594 1.28163 1.0166 2.09457 1.73503 1.0481 0.884595 1.57992 1.51988 1.99088 1.42396 1.13204 1.06646 0.919175 0.847789 1.14471 1.43052 1.12812 1.50345 1.52596 1.11634 0.738987 1.61711 1.65249 0.897455 1.16468 0.711194 1.51958 2.00454 1.80772 0.92873 2.05276 1.16883 1.52918 1.39911 1.07689 0.883346 1.55663 1.71702 1.30158 1.02277 0.97827 1.25242 0.86551 0.894557 1.24875 0.709076 0.922262 0.780977 1.66392 1.40124 0.873559 1.22873 1.03153 0.853525 1.45912 1.45659 1.26943 0.823266 1.13022 2.2109 0.651252 1.16055 1.31482 1.28063 1.5942 2.08575 1.15614 1.2664 1.56775 1.47366 0.761624 0.902916 1.17792 2.25915 1.31439 1.04717 1.61306 1.54532 3.67462 1.41045 1.19574 1.46984 1.02251 1.28458 0.72716 1.39484 0.964817 1.3935 0.789439 1.16037 1.26103 1.40021 1.31869 1.22174 1.71725 1.29685 1.54704 1.2626 1.09841 0.930516 1.00837 1.287 0.912221 0.739645 2.14824 2.09247 1.19353 1.16041 1.3487 3.48408 0.682918 1.44777 1.29405 1.15995 1.41469 0.814727 1.38269 1.03119 1.31727 1.85814 1.27785 0.914941 1.5533 1.09576 1.76075 1.0604 0.815282 3.24154 1.94566 4.47595 0.64601 1.4986 2.35544 0.957894 1.09354 1.5931 1.48957 1.22897 1.6462 0.698745 1.81584 1.21281 1.90669 1.27369 1.30057 0.555733 0.896794 1.27889 1.24319 0.946237 1.30411 0.846062 1.3831 1.8502 1.60909 1.11393 1.46592 1.93821 1.99197 0.766784 1.6426 1.73685 0.890322 2.22254 1.83471 0.811619 1.69506 1.39762 1.51903 1.67125 1.31088 1.12057 1.4467 1.20643 1.31945 1.06614 1.40321 1.0529 1.50046 0.965569 1.48228 1.44843 1.65432 1.39346 0.724711 0.527998 1.40499 1.52682 1.31315 1.89304 1.57471 1.36519 1.20159 1.01569 0.898523 1.23434 0.593789 1.32299 1.67643 1.15595 0.658953 1.0257 1.72232 1.44578 1.20724 0.716026 1.59258 0.867374 1.11638 0.995518 1.65669 1.49877 1.01249 1.28794 1.019 0.796438 1.1148 1.29479 1.9817 1.27794 1.47459 0.977143 1.1016 2.1452 1.22893 1.69239 1.60408 2.28369 1.40962 0.840926 1.96012 0.793986 1.34773 0.482835 1.24103 1.41137 2.48047 1.33213 1.45242 0.765473 1.42606 1.86366 0.76224 0.844281 1.7117 1.64908 1.66783 1.62776 0.981923 0.61595 1.61462 1.09461 1.46448 1.67276 1.59 0.985084 1.28577 2.60474 1.8961 0.713537 1.11177 1.48025 1.35989 1.04139 3.33958 1.22614 1.00431 2.34104 1.81018 1.07334 1.34799 1.92862 2.47981 0.758722 1.39835 0.74707 1.7738 1.20701 1.65435 1.63481 2.20972 1.38628 1.34781 1.28637 1.01116 1.01204 1.39411 0.863998 1.12145 1.73019 1.79563 1.58626 1.20823 0.80057 1.20051 1.2024 1.25165 1.00951 1.25502 1.42453 1.14656 1.09188 1.29804 0.733936 1.24746 1.84141 1.44598 0.89872 1.46145 1.42284 0.366265 1.41497 0.793832 1.48662 0.952073 1.2662 1.73331 1.56719 1.40676 2.11835 1.75521 1.94385 1.50679 1.18631 1.69461 0.805037 1.11109 1.59243 0.981705 0.698218 0.880392 1.20119 0.724445 1.059 2.06929 1.64593 1.51504 2.7316 0.945076 1.54829 2.45379 1.36135 2.30954 1.88613 0.977899 2.29314 1.69569 2.15598 2.22772 1.2097 0.629406 0.918966 1.38797 0.676442 0.817735 1.72828 1.39461 1.11692 1.50592 1.519 1.41541 2.0159 1.12888 1.28475 1.42843 1.12719 1.51325 1.26386 1.56829 1.67701 1.55016 1.43525 1.35788 1.58238 1.74272 1.81086 0.991018 1.94495 1.32563 1.57396 1.12095 1.62798 1.10848 1.7692 2.43026 1.79392 1.69391 0.57323 1.69868 1.74967 1.24659 1.26091 1.9594 1.81665 2.74676 1.92883 1.2956 0.847953 1.1568 1.71931 1.71301 1.71571 1.11217 2.44697 2.35689 1.73739 2.26831 1.08403 1.43473 1.31489 1.45085 1.30422 1.04018 1.55636 1.75288 1.64294 1.47008 1.58236 1.18004 1.35553 2.33532 1.35251 1.27069 1.27661 1.43487 0.766614 2.53831 0.788608 1.36013 2.16309 1.85181 1.44544 1.41747 1.82342 1.61165 1.11125 1.32218 1.87812 1.29574 1.23932 2.45257 1.74477 1.1602 2.76167 1.14236 1.38432 1.40069 1.06264 1.70645 1.56746 1.07644 1.33887 1.1505 1.29104 1.49305 1.97436 1.42975 1.50505 0.666159 1.24511 1.53293 2.14875 1.48986 1.66732 1.73457 0.841812 1.12458 1.50958 1.3881 1.45019 1.12272 1.01413 2.15855 1.46316 1.23933 0.837479 0.913225 0.55523 1.48687 1.8965 0.938977 0.755402 1.49025 1.054 1.21589 1.23718 1.4024 1.80665 1.68528 2.1535 1.46816 1.21536 1.64355 2.00995 1.48687 1.72465 0.50773 0.823043 2.2986 1.82621 1.66706 1.31472 1.20845 1.48355 1.50543 0.818045 1.28604 2.05604 1.23788 0.712689 2.06029 1.77599 1.27689 1.35726 1.81515 1.49314 1.25015 1.68673 1.4808 1.57109 0.935313 1.03478 1.2034 0.877748 1.79327 1.20479 1.95646 0.837343 1.16187 1.2901 1.5687 1.47075 0.887546 0.814788 1.71741 1.66615 1.40504 1.03445 1.65706 1.17808 1.66279 3.23047 0.858469 1.34334 0.914091 2.44015 2.95072 1.02216 1.34537 1.35926 0.709339 1.65546 1.27552 1.31801 1.97561 1.4351 2.41539 1.22942 1.77557 2.07758 1.40505 0.82955 1.54105 1.8008 1.48268 1.14698 1.89544 1.35429 1.5622 2.27383 1.5193 1.27954 1.82884 2.31729 1.40514 1.91013 1.75779 1.27248 2.21188 1.35332 1.73663 1.09102 1.35482 1.81754 1.58005 1.22391 1.29523 1.97266 1.51164 1.08237 1.59181 1.90709 1.85806 1.4255 1.22984 1.49553 0.875988 1.68568 1.13038 1.33962 1.33727 1.50868 1.08797 1.44966 1.39847 1.37323 1.8524 1.22122 1.87674 1.01505 2.14993 1.25901 2.10383 1.32332 0.887589 1.69134 1.01283 1.46528 1.39901 1.8646 1.66028 1.45419 2.56417 1.70772 1.44783 1.78036 2.22119 1.66807 1.30145 1.49461 1.73355 1.87688 1.21641 0.734329 1.75845 1.12354 1.61749 1.38509 1.38453 0.853642 2.04766 2.32518 1.27203 2.08403 2.3387 1.108 1.87572 1.90165 1.563 1.34842 1.68779 1.15957 1.46353 1.13619 1.08153 1.70879 1.51388 2.26703 1.56743 1.49775 1.67066 1.47261 1.8662 1.82935 1.49884 3.4906 0.780453 1.52539 1.21511 1.26588 1.18416 1.83456 1.44009 1.79705 0.900254 1.09329 1.7125 1.83269 1.22329 2.82945 1.76948 0.814258 1.56462 0.564113 1.28367 2.42281 1.16989 1.26001 0.961811 1.50386 1.23905 1.25349 1.14138 1.14484 1.589 1.75394 1.89355 1.35947 1.86487 3.16621 1.26709 1.5507 0.612269 1.14518 1.49165 1.22215 1.39314 1.35395 1.46537 1.22057 2.23332 1.59206 1.32808 1.90327 1.26988 1.29576 0.947899 1.39956 1.35265 1.27592 1.63911 0.707956 1.33869 0.715495 2.02846 1.58551 2.13507 1.96932 1.45167 0.974543 1.47193 1.95566 2.02407 1.67763 1.53505 1.02658 1.50252 1.32851 1.28281 1.57796 3.09335 1.41348 1.85287 1.18931 2.11561 1.08598 1.50574 2.21825 0.735471 1.78141 1.41944 3.75864 2.10146 1.55033 1.92444 1.59625 1.7288 1.93827 1.60302 1.36107 1.05487 1.07682 1.25684 2.2084 1.47226 1.94163 1.03594 1.90384 0.786296 1.06544 1.82019 1.6725 1.43457 1.04059 1.39811 1.39181 3.53348 1.27448 1.92283 1.34729 1.43608 1.35484 1.36735 1.42345 1.47246 2.61583 1.30545 0.853294 1.82347 1.13295 2.08445 1.09542 1.5822 1.74929 1.42889 1.30037 0.876168 2.21425 2.09991 2.02206 1.12133 2.16281 4.28383 0.962364 1.85799 1.39316 1.33494 1.99952 1.75812 1.51766 1.00401 0.638878 1.82232 1.5259 1.76839 1.4086 1.09496 1.54994 0.639042 1.94083 1.48913 1.13374 1.13068 1.32933 1.59575 0.959014 1.21399 1.83873 1.22843 2.13205 1.54073 1.07376 1.5908 0.9292 1.7196 1.50647 1.35973 1.81364 3.055 1.48399 1.3588 1.31535 0.92597 1.10078 2.76496 0.823791 2.87289 1.8282 1.13202 1.39304 1.0465 1.12125 1.31935 1.53685 1.2938 1.01846 1.77609 1.04777 1.73773 1.86747 1.03165 1.90828 1.50312 1.34162 0.968003 1.39356 1.69951 1.24009 4.56236 3.17376 1.00675 1.02128 2.0784 1.35592 1.32388 2.6198 2.39094 1.7472 1.1608 ]
@@@ Frame-accuracy per-class: [ 77.8868 53.4836 69.7198 64.5198 71.5247 65.8131 76.2064 53.2787 64.1766 67.3587 85.5408 49.0909 67.9429 79.2521 45.28 46.6192 11.5479 54.1205 59.1865 72.1228 79.9744 12.381 74.896 67.3554 74.9601 71.1726 16.4948 66.14 46.3003 66.1616 69.6546 59.7938 72.1443 73.3661 71.504 65.1332 80.0915 56.3272 72.2759 82.3349 77.9205 33.2288 76.9415 62.6482 72.2413 71.0549 50.8475 68.1934 81.2642 78.3477 69.0041 5.30973 75.3778 56.3732 79.3233 34.1889 80.8229 45.5738 81.2632 64.4656 48.7335 52.4249 62.2456 27.2633 69.6306 64.8936 47.9096 69.5327 13.8211 73.2588 73.5865 63.4052 45.1641 11.1111 52.4492 76.6247 66.0328 57.7812 24.2671 54.7112 72.8132 53.112 78.612 1.89573 58.5727 77.4666 61.2739 75.5163 15.3061 32.3126 50.5952 48.8105 49.1083 51.0859 25.7009 71.8968 65.5172 49.6477 69.6853 7.22348 67.6077 68.8341 52.8235 79.546 18.2432 67.1932 80.0942 78.6048 84.4794 -nan 56.5407 40.0917 45.0971 60.3437 16.3077 76.2989 10.0604 63.475 71.6359 64.9881 68.698 -nan 17.7291 79.36 59.1633 62.543 65.9134 70.0806 69.2186 19.2941 65.7068 30.3704 82.102 85.514 43.2687 1.3986 18.4713 80.6656 78.1112 46.0784 76.6133 56.0457 47.409 73.6568 69.1612 58.9816 70.1417 34.7958 86.4387 58.8031 68.2672 51.21 52.6917 27.75 63.8855 68.9952 43.0328 79.2312 45.8333 33 79.0368 39.5137 79.484 -nan 81.7743 46.4986 78.6136 35.0394 18.0905 78.2119 56.2808 84.8864 80.1366 33.6761 53.4009 -nan -nan -nan 80.7487 72.4532 64 86.8112 0 42.9766 44.2897 81.7757 51 32.5397 83.9873 77.9652 44.5652 70.4674 11.2403 75.1311 72.8314 71.2345 53.107 59.7029 32.8125 63.0534 72.1927 52.4985 68.5937 -nan 62.4535 75.9795 49.4361 76.2057 -nan 78.2903 71.1979 19.6319 65.8313 52.439 61.4509 29.8246 35.7143 74.945 77.5693 90.3102 81.7892 37.4792 61.5428 34.6154 83.7987 57.1765 76.1234 60.6655 79.5249 86.6567 69.0473 65.6911 27.8384 72.7778 76.6955 39.9701 71.2046 74.4529 67.8245 79.4804 75.3613 71.8346 83.4681 86.0973 54.8828 74.3382 87.3261 48.9546 82.9552 71.0433 58.8907 69.3234 79.9558 40.7328 63.1186 65.9664 68.1771 47.0094 84.4948 79.3168 61.8483 74.9265 63.6765 50.2728 61.2798 58.3884 78.1861 82.1429 78.3162 54.8975 51.8789 82.2414 79.0205 49.5645 59.6308 59.7365 89.7037 65.5516 79.6429 59.7144 56.7568 60.1624 57.7745 67.6386 50.5814 64.7943 44.3223 68.6474 78.2609 43.5974 54.4554 70.1605 46.9859 62.2466 72.1937 68.8836 47.8168 60.6452 72.3843 77.6476 58.3161 59.4989 61.8705 78.0599 57.5 54.6493 38.6397 57.1372 56.4322 61.6725 79.0334 56.6698 70.4589 63.0043 57.1667 64.6252 59.449 68.3889 70.6057 53.1822 65.7767 71.7583 36.6292 72.6285 65.7483 50.9622 57.9882 77.4244 69.2534 41.8598 79.8387 58.1871 76.2511 68.0632 57.1973 64.412 70.8041 45.4704 66.6848 65.0781 29.1721 69.8898 57.0277 58.9921 84.9554 72.8774 61.1809 55.2391 64.332 45.2342 45.0179 68.6346 69.9065 60.8791 70.7143 40.7848 25.2545 72.5825 82.5902 66.6513 68.3071 89.8567 83.8938 61.1333 43.7037 49.9769 44.0228 49.6933 50.8997 31.2472 55.7297 43.7433 73.6335 55.1836 76.5114 59.9232 82.2059 42.7288 79.8061 67.4067 79.8862 73.1228 79.9864 70.6107 71.6245 78.1534 56.162 60.8291 78.9474 77.1898 64.8069 65.8176 69.4149 85.0482 75.6295 74.9329 58.0381 84.0474 84.601 57.9378 75.9584 61.3319 66.6181 73.3333 79.7241 69.6349 69.516 38.5517 76.2703 72.7026 54.6312 54.2579 71.0737 48.7445 66.0415 71.269 62.3932 48.0825 74.0813 27.3465 74.9531 53.0418 47.5238 65.6659 66.3567 61.9139 54.8021 44.3478 69.6128 79.096 53.4937 36.6645 40.7104 62.5227 77.6972 57.2919 67.0066 57.1823 43.5328 72.4237 71.7368 82.3409 32.4607 29.969 62.2699 47.259 27.4088 53.9458 71.6847 56.3366 76.7533 44.9978 75.3338 36.2434 65.5128 61.4993 73.695 78.3992 43.9227 63.5945 58.9454 38.1939 72.2308 68.2759 71.9964 74.4543 76.2818 51.4312 54.8882 74.182 66.4286 44.5378 46.0477 53.1662 58.9651 70.7843 46.7238 65.6944 45.7801 62.593 68.1665 63.1004 87.1152 89.166 45.4376 31.3043 66.503 75.0105 70.385 80.6651 46.7826 65.316 69.5652 51.736 52.5496 54.0323 37.831 42.2059 72.077 49.9323 67.5854 41.1959 25.4135 83.2449 72.3797 44.2105 74.3257 70.6571 65.4982 61.9789 77.6278 70.3163 66.8893 41.9162 46.2203 26.9006 56.413 56.6874 53.2819 71.7711 47.8755 70.1976 55.1948 61.0348 54.2921 39.074 69.7582 53.6013 37.412 79.8762 74.9183 54.8448 66.7131 35.9375 43.2905 47.8755 73.5927 65.8228 57.8236 65.7959 31.9883 58.6459 52.3573 77.4379 87.0009 63.202 78.2976 66.7304 72.9296 60.5423 79.7907 78.6935 56.2319 49.1031 25.6242 52.6109 80.5907 67.6259 78.091 79.1259 69.9772 71.1006 71.4668 81.3259 68.7151 41.2581 78.9404 63.2576 49.3771 44.4444 75.0768 70.0855 40.7557 41.5804 67.1372 79.3823 50.1099 35.2076 57.9899 46.3852 81.2859 58.5642 68.6445 80.6867 69.3102 70.3166 44.1238 79.4043 51.55 63.9755 54.0179 61.2997 73.1395 74.6118 76.1538 81.388 51.9774 49.7417 82.7268 68.5027 79.1499 53.0172 74.8835 61.0909 78.6918 70.1681 74.6445 81.412 68.2374 79.1388 59.2488 63.8431 38.8274 50.3001 44.3601 34.2825 58.7509 57.3566 77.8986 54.4763 78.5075 26.9071 89.5138 38.0851 67.1795 69.8225 60.6888 77.4635 58.7835 60.6654 41.4414 61.9664 81.5351 40.368 53.1716 69.6323 67.7373 71.2611 50.5869 50.3072 70.4559 72.9427 38.2006 66.886 60.1534 68.6343 75.9346 65.9574 68.4801 73.1844 54.1811 60.1344 80.3568 42.7638 51.1307 74.6677 51.4141 67.9372 57.298 63.8363 57.72 64.7919 69.078 85.3645 21.4865 57.0928 29.1403 29.5825 49.8715 57.9439 64.4885 29.7568 63.8352 59.0258 67.033 62.1489 78.7234 19.7403 62.7845 36.7568 63.2994 62.7943 53.4074 15.7731 66.0307 68.1806 40.8753 71.7342 77.5022 85.1508 80.5381 75.1301 82.3581 71.89 64.8855 32.1637 46.6892 62.2173 63.7833 61.8657 69.5244 58.8747 82.7784 62.972 69.6008 41.4343 48.9247 66.1247 42.45 50.0127 65.03 76.8152 56.2441 91.8895 65.3891 71.6619 79.1216 57.13 61.3835 60.1207 70.4524 70.791 53.2775 74.4914 86.0553 66.8227 46.875 69.0427 59.127 75.7443 31.9899 43.761 58.6735 62.873 79.0121 58.3599 56.1631 61.7969 63.7213 76.4826 40.5779 72.7747 76.3972 86.6817 53.4833 82.6334 64.5241 64.1333 54.6032 50.1914 78.9878 69.349 78.2874 50.7104 67.0455 86.3941 72.4119 60.1658 76.7247 70.8434 71.1187 50.3497 82.1266 83.3333 57.935 62.8713 79.0301 52.6163 80.2064 51.5284 61.5711 49.6183 72.1584 73.0455 70.3006 73.3086 71.3871 31.3316 75.5263 57.9701 56.1802 72.8643 48.8024 58.9033 58.3104 58.948 55.9647 51.8428 69.6179 62.537 75.7098 59.7143 43.0726 70.125 71.8243 88.4948 62.7632 64.1133 75.2586 77.0727 78.0515 55.5799 68.3047 68.8482 77.0264 82.2735 72.7066 43.6133 50.6173 57.7011 53.187 78.5214 65.751 17.1906 65.9472 72.1037 54.3058 54.7437 67.1594 71.1438 33.6876 49.7458 67.8285 27.7641 65.2244 72.7273 46.2037 52.8537 80.4133 69.6372 62.2601 81.6677 66.3523 65.189 67.4812 64.4172 58.3028 53.6398 87.7021 79.8494 55.1887 78.0995 67.8919 74.2705 67.8769 75.0613 31.8325 59.2672 70.3313 42.5366 82.1519 80.3488 73.6096 76.8848 71.8325 83.6921 76.5377 39.7504 65.3348 46.7418 58.7342 74.0962 83.2335 42.6607 77.6618 73.7011 76.0037 67.3077 41.4702 64.4769 74.0219 64.2784 54.8327 40.8796 61.4979 79.9588 40.7336 78.5283 42.5914 57.1954 82.3022 53.3457 79.6625 71.1136 76.8822 82.6258 78.4542 61.4898 68.3721 66.8382 71.2565 72.5847 66.5158 66.6667 74.2767 72.5029 49.8065 37.6594 36.8896 16.0578 63.2083 9.58904 43.2759 66.8887 65.654 63.764 71.4709 75.8608 56.3618 57.9421 62.5 48.6957 24.6649 64.4979 56.709 66.1064 86.119 73.4571 70.7798 74.7774 77.8502 38.2865 60.8615 31.8404 70.4918 81.3253 57.0658 82.8452 82.1229 85.0575 61.405 82.3313 80.034 66.1348 4.63918 57.3513 57.7806 59.0099 9.80392 87.6482 67.8428 71.1528 54.5455 77.2762 58.9147 62.06 67.4714 40.8037 68.0934 71.339 62.7476 72.696 61.7978 68.8748 66.6234 71.5336 69.7274 41.8033 64.1609 73.4032 85.0857 76.7541 69.5387 64.0032 60.9087 63.0846 66.9725 67.6768 62.6538 59.3437 74.5112 74.6243 40.8074 39.0504 74.3621 65.3389 60.9153 72.077 76.4998 33.8684 67.2325 44.8445 49.496 33.3512 64.9897 70.5426 77.0093 74.1379 78.1694 75.2941 67.3528 50.5438 68.6633 71.9278 38.7187 77.6168 34.1476 69.3239 53.2609 68.2056 60.9592 62.8724 50.2083 52.5528 63.3218 62.5688 66.5539 53.8523 52.0179 39.3759 36.6184 68.3684 69.2414 78.9296 60.3153 78.2099 75.1246 72.9073 61.6307 13.7413 74.4898 45.5076 73.5256 64.1108 26.2083 73.125 63.5678 49.7475 41.3466 74.319 54.6642 47.6085 54.3408 63.8498 76.3112 68.3469 50.8654 73.0124 68.6111 63.0719 57.4636 82.041 64.6849 65.0643 72.8499 46.6599 77.9014 83.0655 60.3936 16.3174 43.3333 64.4087 60.9531 72.7144 57.976 55.8896 45.5488 53.8752 57.9515 73.4729 67.3951 78.4213 65.3897 67.4603 81.141 82.7424 69.615 71.6229 59.6872 75.7066 82.9593 49.0064 58.418 51.6917 75.6401 65.3938 48.985 81.9591 57.9625 41.4367 32.8909 43.3679 84.9201 39.469 66.4541 23.1978 52.5959 61.7492 59.396 50.4717 27.2465 69.3639 75.7202 53.1418 78.0641 60.1481 72.7138 66.9215 42.9093 47.459 41.8301 51.4683 60.7401 50.3003 20 64.882 62.9063 51.314 59.248 74.0409 57.332 58.9459 61.0222 41.0959 80.804 44.3299 73.1377 59.3426 46.863 40.5656 78.6506 69.2082 84.667 74.6225 53.7423 81.9257 53.125 76.1663 62.8718 86.4952 70.0347 69.0334 79.174 56.0949 79.919 61.7284 60.3675 71.5985 82.9881 59.806 33.8563 71.8688 64.2713 69.7502 9.16335 70.5357 69.5772 57.513 69.6568 52.2177 61.4928 67.2344 44.2817 58.8319 84.3186 68.9618 79.0552 69.3983 60.231 60.5517 74.7432 79.1107 46.9388 70.0777 73.5868 61.0134 57.3383 64.6611 72.5209 54.677 69.1332 83.6824 54.428 51.2209 58.7946 70.2586 56.8271 66.018 73.4195 48.9011 66.0036 29.4872 43.734 84.4834 80.7319 52.8602 66.6232 59.0068 59.8958 49.1477 65.5914 73.8002 72.1067 47.4645 66.3511 64.0416 72.8372 58.1653 67.0561 73.0351 69.9617 38.3766 71.868 65.8686 51.9231 58.7903 76.2332 60.735 70.2172 46.6897 45.8785 70.6495 48.1781 62.9447 62.1373 67.478 66.1114 68.0715 79.7417 66.8297 68.3219 82.1527 68.6869 71.9353 30.7206 67.5185 71.6373 74.4295 58.0979 30.8163 71.4104 80.4444 58.4354 84.7539 79.3945 73.9975 79.7585 74.9222 77.8434 60.9179 35.2332 40.7745 65.4185 3.30579 65.1541 83.0532 80.1974 73.7854 72.3777 76.0375 72.4726 4.10714 80.4214 67.3861 66.6667 74.4387 76.405 62.6068 58.0508 64.6259 64.1975 52.4493 82.1517 77.9947 60.5063 66.9866 72.5766 58.8006 53.5831 50.0803 75.0189 51.9978 44.9556 79.1717 55.517 54.9296 55.6345 59.5048 75.487 52.8822 57.5898 72.6597 76.2178 70.5138 44.76 45.0254 72.9167 63.7612 61.1374 51.506 52.8721 72.2543 63.6789 51.0385 80.0356 56.1852 53.8175 60.8 46.5753 22.0065 79.5627 46.8153 76.9158 41.6214 72.7638 28.7049 56.8359 59.9593 79.3165 38.7566 57.6284 68.9701 78.377 72.0146 22.3765 58.5619 37.2727 44.0033 72.2047 33.3909 53.6585 64.0351 54.1063 63.0506 8.67347 53.7489 8.61244 75.8772 76.476 55.7443 84.3318 33.1395 14.4279 40.1626 66.0421 51.9018 91.462 70.7619 77.0044 85.6506 53.3514 55.3928 44.3414 65.9676 69.7789 42.7356 50.4839 72.3039 81.6832 57.9176 78.3806 38.354 68.9893 58.3788 55.2702 54.058 60.9756 74.1691 50.0707 76.0892 75.9085 74.2444 68.6215 67.1221 37.6426 79.2705 55.2975 62.4309 66.8819 74.1285 65.899 83.5586 54.6763 54.1176 70.5491 58.1303 82.5946 59.5216 72.2992 67.4157 61.868 60.6856 45.3642 71.6695 69.6749 51.6667 53.4694 73.7391 60.3331 85.8883 63.0933 69.7386 58.6254 57.2526 51.0448 59.1388 71.9439 73.4848 59.7868 34.903 63.2759 75.9503 72.9147 51.3026 62.4063 64.6179 69.469 58.6572 77.5048 46.1314 72.5679 70.6373 80.4858 78.7554 70.4564 73.617 71.0067 77.8555 82.8655 63.3071 29.9419 64.6431 53.702 57.6119 78.7192 39.9878 71.6318 75.6164 71.3458 73.4229 73.9932 67.4777 73.5003 74.56 79.7866 60.2183 72.1033 70.9202 50 72.8238 46.0545 62.759 67.1181 40.8027 44.5963 78.0348 70.1439 61.6084 58.9158 71.2099 76.6409 71.7178 87.515 83.1824 54.5597 53.346 68.1124 59.2363 59.4851 56.1158 48.2734 55.9809 64.9497 55.0613 72.4306 57.5412 55.5163 71.1479 67.1388 41.2424 40.3013 42.8941 72.4986 54.5961 80.1732 62.0266 39.1628 73.1132 82.2231 52.8402 31.7897 60.5105 73.0363 53.6496 79.491 84.9861 4.90463 52.4709 58.8617 76.2195 64.4099 70.9619 76.2153 63.7462 70.7653 83.9178 64.438 44.3189 72.1352 41.6667 65.118 78.7779 70.8155 67.6613 59.7753 62.2716 75.4386 57.3698 50.7752 61.4627 67.1021 68.2284 27.3032 60.6942 68.9478 76.2045 50.0706 42.3601 60.0935 69.0846 61.8155 55.8692 81.2064 23.3333 67.8586 24.4898 63.3314 64.8579 45.8952 66.6667 64.7868 61.6412 86.4658 56.016 72.6812 72.8383 53.9587 49.0323 79.1543 69.7514 65.095 56.4583 38.1798 62.8608 41.9285 61.673 46.4455 59.8864 45.3217 66.273 62.3129 66.1428 58.7866 48.9661 57.8378 83.477 81.1453 44.7619 50.4518 16.7089 70.9367 71.2338 68.9646 61.4332 55.2966 28.7948 80.2187 80.6814 53.9848 71.5434 59.6748 63.752 46.423 70.7529 77.2569 75.1361 69.4501 61.3485 72.2525 77.55 72.7741 55.0025 40.3778 42.5591 67.465 74.8503 78.8406 64.4159 34.8414 82.8216 30.2866 56.4665 50.7488 54.1241 50 54.7655 41.6584 33.28 77.2734 37.9717 75.5338 72.6671 77.9722 57.5419 81.5818 62.7711 47.482 66.8449 69.3671 57.8154 72.766 67.5118 58.6177 36.4322 60.2954 67.9839 68.2472 76.2326 83.4602 48.434 71.2299 65.2542 63.5914 60.371 59.8341 45.0355 65.394 34.5379 83.8297 71.0573 57.9055 51.3577 44.3793 61.2382 61.0905 69.9243 70.9337 37.3041 63.765 71.7222 60.5263 85.7143 59.7325 40.2822 44.3772 48.8372 54.3375 71.4972 36.028 69.2308 54.1766 66.5014 68.1387 40.5597 48.9637 69.3023 65.453 61.086 69.5652 66.9759 56.9444 72.7679 75.7782 87.2322 64.3449 55.2819 68.232 67.3627 64.0129 81.3159 65.1408 71.8494 61.8598 49.4949 63.6701 66.1654 59.4074 49.5155 50.1432 60.543 41.3619 52.1277 40.019 76.9444 69.4194 64.1846 52.9075 78.1613 60.2353 61.1589 55.7996 53.4943 52.3256 75.7288 83.4504 59.2052 74.8145 62.5261 61.9938 73.1626 50.6783 69.122 50.7821 61.393 72.9607 60.4738 7.51323 80.6242 30.4494 57.2783 52.1411 57.507 28.4281 62.0904 62.7968 13.5802 63.4027 51.5547 59.6154 50.0607 67.8369 66.7857 58.3264 48.254 43.4524 71.4638 61.3393 68.4615 68.8761 70.0544 77.8846 46.1983 60.8597 69.2278 62.4924 64.3059 51.9337 50.531 52.728 54.8601 75.4851 61.0195 46.1367 86.9587 65.1776 67.9012 67.2823 30.2376 60.767 61.3274 57.9882 55.8633 54.0449 51.6288 55.4661 63.0412 65.9252 35.1034 51.9369 62.8205 66.2396 34.3696 55.6639 59.4254 63.0983 85.1175 66.8024 63.6177 50.9066 64.0342 51.3889 68.3404 70.8895 72.5185 82.5006 69.9224 32.4228 63.0163 72.8423 58.2669 56.0141 53.177 44.1092 27.2727 56.8612 68.6099 81.6587 66.9609 68.177 58.4457 61.2893 59.0548 63.0488 57.7614 65.723 59.1772 58.3826 59.2357 47.8508 59.1435 69.8965 71.1964 79.1623 67.0683 57.8558 79.3693 61.5961 68.368 41.3514 66.0459 79.1026 49.0385 72.1764 54.2008 76.6093 60.9881 52.1595 18.0247 69.6384 54.4509 67.4959 67.3043 49.3631 64.9672 32.7119 14.2077 67.1149 54.1195 68.1128 75.6757 69.9856 61.8594 41.8398 56.087 69.0751 53.222 68.1621 83.0652 78.8067 61.5617 58.0907 55.3498 36.1832 58.9936 46.9903 49.5446 83.5787 60.6494 56.8872 73.3663 11.3636 73.2177 75.3022 65.4339 72.8837 33.6913 38.794 50.9509 80.1263 53.8533 50.4814 86.9961 74.7674 77.3703 66.0767 79.2219 51.0735 76.5714 62.0545 53.7288 43.8397 47.3006 62.0846 83.4559 70.5925 67.8149 37.9 54.5184 78.1609 47.9003 61.1987 72.3235 79.7133 74.0704 80.5058 55.5487 49.5888 71.9006 77.1626 64.915 76.5852 68.0194 39.4521 47.8894 63.0764 79.4241 46.5489 64.4083 58.6751 63.3366 61.6426 64.4872 56.3567 83.2061 83.4775 56.2157 49.8397 79.8641 55.3488 60.6838 40.0786 75.65 62.4833 60.6489 60 58.2514 67.7649 73.7188 67.1848 54.6571 66.933 72.9052 39.1576 44.6483 48.0882 64.8677 73.2757 22.5806 80.2415 63.3735 51.3889 57.7446 44.2254 54.8813 62.1534 59.5745 57.3282 81.2464 59.5432 68.5325 73.8095 54.1332 71.7887 74.1701 51.0944 62.1058 59.082 52.1424 47.9208 64.2951 62.1343 87.1117 50.0118 70.948 55.5901 42.2925 70.4729 53.5567 57.5504 69.9183 53.1401 53.9112 46.3496 41.0314 29.2181 49.1632 58.1232 57.532 63.8026 71.1285 71.1304 76.679 40.5094 80.5679 47.8903 73.5006 52.3196 17.9931 51.7533 40.813 47.5728 79.8395 56.0656 61.1916 58.2192 79.823 13.8554 62.6833 68.078 69.1525 52.5728 38.8745 19.0514 67.5869 65.1685 57.6429 79.8283 53.7313 70.4955 68.6275 76.8934 40.9408 51.7623 64.1631 52.6369 64.4381 67.0412 52.7697 72.2637 80.957 46.595 62.3788 57.3729 74.7582 46.3855 49.4585 58.1267 52.7293 79.1486 62.8478 31.2281 60.319 56.6643 75.7669 59.5448 60 58.8699 43.4008 50.1889 55.5994 79.8194 42.5 49.3339 62.252 47.5921 62.8262 60.4426 75.3767 68.0371 61.8327 31.5615 85.9112 80.9545 61.992 52.2629 53.8851 49.5175 32.0479 46.6809 43.4706 44.4368 53.8874 62.2084 27.3414 72.6437 53.3182 64.0404 61.7778 63.4366 64.9995 68.3962 47.807 43.9584 64.2722 73.3381 53.5477 54.3887 43.7186 53.3945 72.7813 69.4372 36.7292 75.9282 67.1053 71.6278 80.7937 46.1355 62.4149 59.2233 62.7524 39.4221 60.1626 71.1825 63.8134 64.4916 19.5489 61.2089 46.4894 68.5371 55.4362 76.3652 49.4211 50.8876 54.0625 37.621 62.3511 31.8828 61.5553 60.6608 33.9344 68.2303 33.7243 54.2214 50.5421 45.5446 69.4444 74.5238 27.2374 61.8064 68.0885 48.995 58.954 52.3483 77.2345 70.8535 57.7697 41.3043 77.5308 46.6975 63.8672 64.6982 73.7498 47.3567 19.3827 67.0968 43.04 58.279 52.1669 60.1765 70.9332 54.0541 67.9229 50.6648 59.1625 67.0047 45.3772 74.7241 68.6553 80.3254 71.0224 63.1835 74.9225 61.065 42.1384 54.5381 78.7135 68.6335 51.6161 65.5242 64.9886 58.042 49.2315 71.0459 74.5464 67.7497 80.7325 50.5213 65.3946 73.2112 63.9098 65.7407 61.9725 58.3249 72.8103 63.1059 55.2461 64.3836 66.2927 75.8299 70.5527 54.2605 53.0047 62.818 67.6975 37.2325 46.4029 72.9977 60.478 59.3685 69.7674 82.8722 72.191 58.7026 63.3117 64.9598 63.7865 64.0919 73.15 62.0985 71.4539 55.4926 61.3682 52.0073 53.5439 71.1208 60.6092 35.4484 71.2547 73.4 60.9938 59.9099 49.1667 83.1717 59.2689 76.0219 70.2212 67.6364 60.2964 71.4172 61.2245 55.6217 45.5266 66.1324 82.7268 45.7192 59.3951 48.7896 27.3897 61.3881 53.8462 49.8111 52.2484 62.0837 64.08 80.3082 52.9837 57.4468 58.4894 65.3686 45.978 24.6032 67.3887 9.21053 49.8885 58.3804 83.771 47.1103 59.8691 75.1809 75.8277 80.2006 58.0093 62.2141 69.6246 59.0909 43.1421 72.8318 64.8567 58.3106 66.3105 63.1184 38.6199 64.0805 48.9241 83.254 55.359 63.8418 72.695 11.3274 59.7436 47.5303 83.2619 38.9535 48.7009 53.9945 70.933 67.0434 55.6062 63.311 64.0662 65.4737 62.784 56.2 51.7821 54.8507 70.0895 76.8421 51.943 58.4387 71.3731 33.4133 62.963 68.1557 68.6084 60.7527 50.9474 61.0968 58.8358 41.7295 58.0384 69.0671 64.2928 48.0864 54.6218 54.7343 57.1549 48.3509 83.0328 49.3124 57.2646 75.1279 58.9322 63.1441 71.0541 45.4595 70.5525 63.6502 66.2861 66.1176 75.3919 38.2535 9.07618 52.2438 43.8296 62.9838 72.6297 71.647 60.4331 47.6651 71.7081 71.3467 44.6166 53.9597 75.3002 69.929 53.1348 43.5929 59.5258 65.2616 75.0577 43.3654 51.3754 53.9683 48.8011 67.3228 67.9348 72.1609 77.6905 63.5965 79.5055 59.3376 61.9601 53.2951 63.9866 62.0057 42.303 69.3743 54.7329 79.4658 59.3116 65.2936 64.9329 68.7645 33.6887 42.9568 59.6349 69.1458 49.4774 75.3449 73.6039 34.8649 43.2345 69.5716 62.9513 44.0755 61.7517 57.4132 46.9617 49.8084 64.2706 66.6335 52.7371 66.0391 37.037 65.1345 73.4899 63.2429 48.9871 62.415 74.7668 49.0601 58.2621 67.3827 65.1469 59.2537 81.8936 61.0191 50.2172 52.2022 77.5601 16.7421 51.1537 47.0297 65.2466 65.1617 66.8782 57.9111 54.6906 75.1642 69.0155 45.0945 56.8579 49.0596 57.2111 38.5255 58.1725 74.8284 81.7026 51.172 50.1421 89.6566 62.2122 51.9124 37.5695 67.2682 72.1988 64.0719 72.8834 66.6893 58.3775 52.9801 62.2444 63.254 44.0698 78.5908 48.0759 47.9025 70.3432 51.2994 62.1346 68.3093 39.2405 49.6212 71.6578 72.0755 56.1543 54.3575 47.6072 55.4441 66.4188 67.0536 71.6539 71.836 62.8874 47.3582 63.4146 58.3685 47.9409 66.8613 77.1074 53.4003 50.8547 74.6514 64.0481 78.2935 56.8715 41.5863 56.0078 75.6296 41.0278 67.1016 52.7907 58.3181 70.1178 76.552 51.1703 48.7896 66.6667 71.368 69.1005 61.3511 76.1323 73.2394 65.0059 78.7707 74.2435 75.7721 44.1388 57.8332 73.1475 64.193 69.7308 79.4842 56.6161 55.8026 61.1416 74.2102 67.9734 33.1179 79.3908 63.6591 58.7629 64.5455 50.1044 33.2012 63.6083 66.4328 56.2252 57.5435 73.9889 72.9306 60.3575 39.916 62.9379 71.4781 55.4688 57.4236 18.2278 64.0836 64.6177 54.902 71.5561 58.194 78.0262 60.42 71.5211 57.6656 77.8806 66.8783 60.486 55.1945 64.2366 63.0037 40.2893 62.8023 55.417 67.9579 65.2449 69.4048 70.8518 62.9316 71.2578 78.154 35.9505 40.2165 60.4863 66.9981 56.1346 7.1875 81.1675 52.381 60.5375 65.0701 60.7946 73.9669 59.4356 65.7534 61.0061 48.5321 63.5123 70.1966 49.0789 65.1022 51.2241 64.6 76.5693 13.4663 42.9735 4.87013 80.1423 59.6795 33.3043 70.6091 68.2192 51.3551 56.9913 65.3486 52.8638 80.8567 48.5207 70.1183 38.1381 63.3281 62.4834 84.8893 71.2375 65.414 63.929 69.3599 59.7144 78.0112 52.7613 46.9237 55.2577 66.7526 55.9689 50.4286 39.1913 76.1027 50.7745 48.3904 74.5716 40.4255 45.9672 71.2572 47.9518 62.253 54.0445 53.1332 53.9323 67.0496 59.7826 60.7143 60.7748 69.1432 59.1362 69.2107 61.3734 72.0312 55.1724 54.6386 54.1833 56.9257 77.7013 82.7944 66.9984 56.9092 57.4043 50.7021 56.7467 59.8098 70.7023 72.2902 71.625 64.6437 82.7911 55.1697 56.3253 65.6692 77.2754 69.0775 46.9646 62.0236 58.9557 78.4981 52.84 72.6949 68.3849 71.8723 44.898 53.0086 70.1447 57.2487 63.5264 75.6877 67.6284 61.0569 49.163 60.0812 60.4 72.6027 67.5556 35.5298 63.9322 50.1484 56.1872 35.1254 52.7413 74.5446 46.1382 76.7229 59.8007 86.1915 60.0217 53.9439 30.6502 62.4464 57.386 78.0516 58.6035 48.9083 79.3151 77.6112 51.8595 52.0431 52.2367 52.2874 71.2188 83.1076 55.3368 59.9549 55.4745 53.8058 54.7099 73.5218 56.4997 27.6779 37.1855 77.9128 69.2899 52.7759 60.2003 67.636 17.5337 61.9191 71.5534 35.2354 58.6675 71.3652 57.0964 40.5722 33.0484 78.2126 59.3254 78.9419 43.0729 64.0122 52.2898 56.2453 38.0334 61.8653 62.196 58.1837 67.7231 73.1405 52.8749 74.9275 66.8054 50.4551 51.3361 54.9285 62.3609 75.7381 66.2526 64.6409 59.3942 72.7207 64.3299 57.2406 63.9274 65.5721 59.4632 78.8833 64.1732 47.2817 56.9793 74.0395 59.0929 57.2823 90.3797 57.277 76.5128 56.5351 73.5075 63.0021 49.6408 51.0972 58.4071 36.7625 48.0814 41.0543 56.9715 65.7881 50.3778 77.1382 65.6889 56.1445 67.1296 79.5538 73.4003 69.5976 77.1883 68.8764 40.4731 57.7386 56.1507 29.1429 71.0583 52.9878 38.7261 57.5215 33.8853 48.0583 69.3966 37.5758 51.1743 35.9246 40.3302 64.7599 80.0361 74.6512 58.1699 79.3338 78.6816 45.7569 61.1865 68.2884 54.7475 53.4104 56.4576 45.3397 67.5048 62.8818 55.0345 67.7743 55.2298 62.9883 53.2084 48.569 52.486 55.9941 61.0374 53.4433 50.2473 47.9416 67.8781 42.7083 61.8602 53.96 68.2128 56.0049 64.9026 47.1878 35.4904 50.0554 47.0648 83.4586 52.8881 47.6782 58.7875 58.9597 46.8764 37.1429 28.6408 45.6564 62.9187 73.8969 65.3214 48.8718 54.4096 44.1917 67.6152 28.7193 30.6084 39.3762 32.6599 68.3942 63.1537 57.1034 57.489 65.78 71.0006 53.8188 47.5658 52.5092 55.6712 54.4092 58.2892 59.4183 37.5119 57.1695 61.521 62.6016 60.7635 77.2554 30.3093 80.3561 57.7856 43.7813 49.3802 58.0449 53.1429 48.3146 54.2342 65.0564 56.9957 46.1929 62.9605 65.6597 33.5079 47.9342 65.5084 14.2007 67.1618 59.4481 55.303 69.2452 52.03 56.5022 67.7367 56.1651 66.4599 60.3596 54.9389 45.7584 62.1795 58.3026 78.1305 61.498 54.2857 41.9355 56.1934 55.7453 49.4424 77.6221 63.8498 56.9419 60.4419 52.0721 65.4362 68.5944 36.3636 57.8723 63.9056 75.3312 70.8984 83.8487 57.3712 54.8872 70.432 74.795 48.512 67.3044 62.2815 63.0908 58.1518 47.7036 53.6047 35.0376 59.317 59.7076 54.8431 42.1291 51.6892 55.3986 86.564 73.4973 37.785 43.237 53.7486 57.7791 61.2208 57.7735 51.9955 75 62.5048 41.0663 60.7711 79.2972 49.2739 46.9988 61.0883 58.3024 48.6424 58.6428 64.4904 53.9204 60.1249 54.7289 71.2967 66.1979 68.1101 75.5578 51.6521 64.1379 48.4055 75.2053 67.4398 68.6022 56.8374 54.0909 74.243 74.7638 49.6127 51.8657 58.885 65.4877 49.6701 66.2474 52.0473 26.2846 74.3493 63.5163 73.2703 33.1639 24.3697 66.5666 60.1194 60.8799 79.2541 49.4327 58.6207 61.5923 44.8905 57.5804 43 61.5185 46.1384 37.468 61.6299 74.3187 53.4091 41.4258 55.112 60.0758 44.6139 60.2888 47.181 38.895 53.9547 56.5283 47.9115 35.5309 61.119 42.738 46.6519 62.0321 40.5052 59.8082 49.8963 65.4496 59.1631 45.0903 55.4101 60.8696 62.1639 45.972 53.1494 70.993 53.8384 45.7541 43.1873 57.1206 61.1336 59.596 71.7925 48.9245 61.4354 58.3273 60.7193 48.6626 64.6845 53.0421 59.8588 59.5926 44.2675 62.278 44.9409 69.0909 42.5856 62.1365 37.6632 62.776 72.9848 52.8175 70.9677 58.1958 59.1425 47.8431 51.3942 56.7282 35.2761 49.0503 56.2744 48.883 37.1212 48.6929 58.705 50.4371 45.2138 44.3564 62.585 76.9962 52.073 67.5345 51.1278 56.0739 54.6563 75.2809 40.9594 39.0501 61.6291 38.2812 32.1674 66.9811 43.94 41.6667 54.7237 57.5393 41.1492 64.2336 55.9143 63.6943 69.3763 46.2773 53.2909 39.5669 59.1395 55.9271 48.2797 56.1884 49.6354 45.5406 57.0957 11.8056 76.0467 55.8575 65.2429 58.8679 66.5789 54.1205 59.6529 54.4218 71.9265 66.7643 51.6438 43.1579 64.3955 11.3014 50.5783 75.0623 56.0146 81.8868 63.5009 33.2756 66.5578 62.7966 73.7836 51.8091 68.3721 58.7381 68.2159 64.0176 55.2995 50.8696 44.7146 60.9747 46.3271 16.7614 57.5952 54.1063 82.338 67.5778 59.5975 65.8596 61.4579 56.6867 59.9369 63.2618 33.9056 52.8758 58.1136 47.2637 61.7308 62.874 71.3228 58.1731 57.404 62.8934 48.7421 80.4093 57.4185 78.5021 42.615 44.0393 41.773 39.9343 57.6087 71.2707 52.7794 45.4982 41.9715 50.9908 54.4839 70.6839 56.9784 62.8171 60.97 53.0275 14.5852 51.2281 47.4537 66.586 38.3863 66.3636 54.0116 33.4691 77.7858 46.9355 59.2975 8.28625 41.7773 61.9403 53.4161 56.577 49.3431 42.8443 52.4761 64.2151 68.1963 68.992 63.4409 35.6543 56.1983 46.7153 67.8696 45.4545 76.2886 69.0738 37.3037 49.3353 59.2593 71.8781 59.7904 60.9375 5.78512 67.177 45.1306 60.7494 57.285 55.76 56.8024 59.4235 51.8919 25.5396 58.7586 73.55 48.3685 64.3105 41.8345 66.8529 52.5751 42.1197 59.9609 61.4 73.0601 38.4106 39.4469 42.6843 68.7269 35.6522 11.7409 68.6967 49.3143 59.8346 55.9024 47.4946 49.8082 52.1972 69.2333 81.7096 48.9904 58.9049 50.2909 56.3107 69.769 54.0691 82.4728 49.2843 57.8546 57.6531 67.4246 60.8902 56.9279 70.3704 60.5402 44.3119 66.6503 36.5994 53.6045 66.9648 56.0606 75.786 37.6731 51.0996 60.27 45.8263 23.2628 58.0014 60.0587 60.2591 73.9072 69.2959 20.2941 75.1264 23.1481 52.6665 66.6887 59.8985 66.1435 69.2913 59.6565 54.0616 59.3583 69.0622 49.6317 69.4704 44.6764 47.225 68.7266 46.7266 57.055 59.3284 71.9719 62.8049 49.2547 62.8307 0 21.1731 70.4167 71.7953 44.1446 66.4179 62.5053 22.4 30.6321 49.7573 65.9748 ]
LOG (nnet-train-frmshuff:main():nnet-train-frmshuff.cc:367) AvgLoss: 1.04496 (Xent), [AvgXent: 1.04496, AvgTargetEnt: 0]
progress: [1.12331 1.11727 1.08312 1.08528 1.0884 1.08102 1.07017 1.07296 1.08093 1.05295 1.05919 1.05143 1.05568 1.02025 1.03973 1.0349 1.03234 1.02085 1.00361 1.00597 0.996265 1.01626 0.98585 0.995564 0.985713 ]
FRAME_ACCURACY >> 67.9663% <<
LOG (nnet-train-frmshuff:PrintProfile():cu-device.cc:428) -----
[cudevice profile]
CuArray::CopyToVecD2H	7.07921s
DiffSigmoid	7.52384s
Sigmoid	8.7505s
MulElements	9.09622s
FindRowMaxId	10.5189s
MulRowsVec	12.4093s
CuMatrix::Resize	15.6856s
CuMatrixBase::CopyFromMat(from CPU)	22.3386s
AddMatVec	23.9021s
CuMatrixBase::CopyFromMat(from other CuMatrixBase)	24.3141s
CuVector::SetZero	24.8752s
CuVector::Resize	25.4081s
CuMatrix::SetZero	28.6432s
AddMat	40.8462s
AddMatMat	202.273s
Total GPU time:	500.066s (may involve some double-counting)
-----
LOG (nnet-train-frmshuff:PrintMemoryUsage():cu-allocator.cc:127) Memory usage: 357825368 bytes currently allocated (max: 358598136); 231438540 currently in use by user (max: 239065452); 35271/1008627 calls to Malloc* resulted in CUDA calls.
LOG (nnet-train-frmshuff:PrintMemoryUsage():cu-allocator.cc:134) Time taken in cudaMallocPitch=2.67014, in cudaMalloc=0.0239778, in cudaFree=1.8319, in this->MallocPitch()=5.2679
LOG (nnet-train-frmshuff:PrintMemoryUsage():cu-device.cc:401) Memory used (according to the device): 420372480 bytes.
