dnn.guoxintech.com
nnet-train-frmshuff --cross-validate=false --randomize=true --verbose=1 --minibatch-size=256 --randomizer-size=32768 --randomizer-seed=777 --learn-rate=0.0005 --momentum=0 --l1-penalty=0 --l2-penalty=0 --feature-transform=exp/tri4b_dnn/final.feature_transform 'ark:copy-feats scp:exp/tri4b_dnn/train.scp ark:- | apply-cmvn --norm-means=true --norm-vars=false --utt2spk=ark:data/fbank/train/utt2spk scp:data/fbank/train/cmvn.scp ark:- ark:- |' 'ark:ali-to-pdf exp/tri4b_ali/final.mdl "ark:gunzip -c exp/tri4b_ali/ali.*.gz |" ark:- | ali-to-post ark:- ark:- |' exp/tri4b_dnn/nnet/nnet_iter07_learnrate0.001_tr1.0251_cv1.5123 exp/tri4b_dnn/nnet/nnet_iter08 
LOG (nnet-train-frmshuff:SelectGpuIdAuto():cu-device.cc:301) Selecting from 1 GPUs
LOG (nnet-train-frmshuff:SelectGpuIdAuto():cu-device.cc:316) cudaSetDevice(0): GeForce GTX 960	free:3606M, used:489M, total:4095M, free/total:0.880562
LOG (nnet-train-frmshuff:SelectGpuIdAuto():cu-device.cc:365) Trying to select device: 0 (automatically), mem_ratio: 0.880562
LOG (nnet-train-frmshuff:SelectGpuIdAuto():cu-device.cc:384) Success selecting device 0 free mem ratio: 0.880562
LOG (nnet-train-frmshuff:FinalizeActiveGpu():cu-device.cc:226) The active GPU is [0]: GeForce GTX 960	free:3589M, used:506M, total:4095M, free/total:0.876411 version 5.2
copy-feats scp:exp/tri4b_dnn/train.scp ark:- 
apply-cmvn --norm-means=true --norm-vars=false --utt2spk=ark:data/fbank/train/utt2spk scp:data/fbank/train/cmvn.scp ark:- ark:- 
LOG (nnet-train-frmshuff:Init():nnet-randomizer.cc:31) Seeding by srand with : 777
LOG (nnet-train-frmshuff:main():nnet-train-frmshuff.cc:154) TRAINING STARTED
ali-to-post ark:- ark:- 
ali-to-pdf exp/tri4b_ali/final.mdl 'ark:gunzip -c exp/tri4b_ali/ali.*.gz |' ark:- 
VLOG[1] (nnet-train-frmshuff:main():nnet-train-frmshuff.cc:320) ### After 0 frames,
VLOG[1] (nnet-train-frmshuff:main():nnet-train-frmshuff.cc:321) 
### Forward propagation buffer content :
[0] output of <Input>  ( min -3.28791, max 3.95756, mean 0.0126265, stddev 0.992937, skewness 0.166349, kurtosis -0.735591 ) 
[1] output of <AffineTransform> ( min -71.2477, max 67.8063, mean -4.07245, stddev 7.50781, skewness 0.185909, kurtosis 2.02688 ) 
[2] output of <Sigmoid> ( min 1.14159e-31, max 1, mean 0.271657, stddev 0.390677, skewness 1.03797, kurtosis -0.702343 ) 
[3] output of <AffineTransform> ( min -34.5848, max 25.6177, mean -5.36655, stddev 5.42443, skewness 0.0919326, kurtosis 0.292754 ) 
[4] output of <Sigmoid> ( min 9.54986e-16, max 1, mean 0.16869, stddev 0.312744, skewness 1.78271, kurtosis 1.60963 ) 
[5] output of <AffineTransform> ( min -24.9639, max 16.8519, mean -3.96659, stddev 4.04907, skewness 0.0607135, kurtosis 0.291737 ) 
[6] output of <Sigmoid> ( min 1.43985e-11, max 1, mean 0.179562, stddev 0.297727, skewness 1.68902, kurtosis 1.44264 ) 
[7] output of <AffineTransform> ( min -26.8346, max 19.139, mean -5.89491, stddev 4.66892, skewness 0.050932, kurtosis 0.675922 ) 
[8] output of <Sigmoid> ( min 2.21763e-12, max 1, mean 0.10837, stddev 0.248033, skewness 2.59147, kurtosis 5.51891 ) 
[9] output of <AffineTransform> ( min -16.5745, max 27.5146, mean 0.00417374, stddev 4.0425, skewness 0.699935, kurtosis 1.50104 ) 
[10] output of <Softmax> ( min 7.24978e-19, max 0.999976, mean 0.000302297, stddev 0.0128343, skewness 59.2907, kurtosis 3864.01 ) 
VLOG[1] (nnet-train-frmshuff:main():nnet-train-frmshuff.cc:323) 
### Backward propagation buffer content :
[0] diff of <Input>  ( min -2.6576, max 3.25312, mean -0.000120394, stddev 0.15237, skewness -0.00917523, kurtosis 25.0549 ) 
[1] diff-output of <AffineTransform> ( min -0.362495, max 0.285652, mean -9.21431e-07, stddev 0.00954036, skewness -0.56222, kurtosis 91.8173 ) 
[2] diff-output of <Sigmoid> ( min -2.37622, max 1.74853, mean 0.000321683, stddev 0.112171, skewness -0.102915, kurtosis 13.2477 ) 
[3] diff-output of <AffineTransform> ( min -0.34284, max 0.361046, mean -1.66245e-05, stddev 0.0109868, skewness -0.332803, kurtosis 64.6007 ) 
[4] diff-output of <Sigmoid> ( min -1.4038, max 1.69784, mean -1.02056e-05, stddev 0.125105, skewness -0.0533484, kurtosis 7.1109 ) 
[5] diff-output of <AffineTransform> ( min -0.288511, max 0.370127, mean -2.50463e-05, stddev 0.0124923, skewness 0.00606011, kurtosis 42.6693 ) 
[6] diff-output of <Sigmoid> ( min -1.33356, max 1.57172, mean -0.00105324, stddev 0.121157, skewness -0.192732, kurtosis 6.85557 ) 
[7] diff-output of <AffineTransform> ( min -0.550535, max 0.711172, mean 8.12798e-06, stddev 0.0138031, skewness 1.84198, kurtosis 170.633 ) 
[8] diff-output of <Sigmoid> ( min -3.41984, max 3.5313, mean -0.000185424, stddev 0.184951, skewness 0.0798426, kurtosis 21.6704 ) 
[9] diff-output of <AffineTransform> ( min -0.997461, max 0.983106, mean 1.05177e-11, stddev 0.012198, skewness -31.1251, kurtosis 3978.56 ) 
[10] diff-output of <Softmax> ( min -0.997461, max 0.983106, mean 1.05177e-11, stddev 0.012198, skewness -31.1251, kurtosis 3978.56 ) 
VLOG[1] (nnet-train-frmshuff:main():nnet-train-frmshuff.cc:324) 
### Gradient stats :
Component 1 : <AffineTransform>, 
  linearity_grad ( min -1.21821, max 1.08449, mean 0.000194322, stddev 0.151467, skewness -0.0925015, kurtosis 1.59075 ) , lr-coef 1, max-norm 0
  bias_grad ( min -0.946137, max 0.726289, mean -0.000235885, stddev 0.160465, skewness -0.447834, kurtosis 3.23324 ) , lr-coef 1
Component 2 : <Sigmoid>, 
Component 3 : <AffineTransform>, 
  linearity_grad ( min -0.983876, max 0.639843, mean -0.00133309, stddev 0.0828391, skewness -0.0794024, kurtosis 2.9467 ) , lr-coef 1, max-norm 0
  bias_grad ( min -1.03411, max 0.613458, mean -0.00425587, stddev 0.185199, skewness -0.25015, kurtosis 1.32202 ) , lr-coef 1
Component 4 : <Sigmoid>, 
Component 5 : <AffineTransform>, 
  linearity_grad ( min -0.625495, max 0.962289, mean -0.00123029, stddev 0.0733023, skewness 0.0884281, kurtosis 3.98552 ) , lr-coef 1, max-norm 0
  bias_grad ( min -0.668611, max 0.971937, mean -0.00641186, stddev 0.218237, skewness 0.31749, kurtosis 0.60335 ) , lr-coef 1
Component 6 : <Sigmoid>, 
Component 7 : <AffineTransform>, 
  linearity_grad ( min -1.15712, max 1.00183, mean -9.16336e-05, stddev 0.0768034, skewness 0.359326, kurtosis 6.95094 ) , lr-coef 1, max-norm 0
  bias_grad ( min -0.998835, max 1.00114, mean 0.00208076, stddev 0.230145, skewness 0.187427, kurtosis 1.28945 ) , lr-coef 1
Component 8 : <Sigmoid>, 
Component 9 : <AffineTransform>, 
  linearity_grad ( min -5.43006, max 2.71552, mean -7.77958e-10, stddev 0.0550728, skewness -7.14079, kurtosis 368.133 ) , lr-coef 1, max-norm 0
  bias_grad ( min -5.07952, max 2.48289, mean -1.60385e-09, stddev 0.205172, skewness -5.23943, kurtosis 137.262 ) , lr-coef 0.1
Component 10 : <Softmax>, 
LOG (ali-to-pdf:main():ali-to-pdf.cc:68) Converted 9996 alignments to pdf sequences.
VLOG[1] (nnet-train-frmshuff:Eval():nnet-loss.cc:135) ProgressLoss[last 1h of 1h]: 1.12083 (Xent)
LOG (ali-to-post:main():ali-to-post.cc:65) Converted 9996 alignments.
WARNING (nnet-train-frmshuff:main():nnet-train-frmshuff.cc:169) A23_204, missing targets
VLOG[1] (nnet-train-frmshuff:Eval():nnet-loss.cc:135) ProgressLoss[last 1h of 2h]: 1.11026 (Xent)
VLOG[1] (nnet-train-frmshuff:Eval():nnet-loss.cc:135) ProgressLoss[last 1h of 3h]: 1.07323 (Xent)
VLOG[1] (nnet-train-frmshuff:Eval():nnet-loss.cc:135) ProgressLoss[last 1h of 4h]: 1.0731 (Xent)
VLOG[1] (nnet-train-frmshuff:Eval():nnet-loss.cc:135) ProgressLoss[last 1h of 5h]: 1.07803 (Xent)
VLOG[1] (nnet-train-frmshuff:Eval():nnet-loss.cc:135) ProgressLoss[last 1h of 6h]: 1.06747 (Xent)
VLOG[1] (nnet-train-frmshuff:Eval():nnet-loss.cc:135) ProgressLoss[last 1h of 7h]: 1.05984 (Xent)
VLOG[1] (nnet-train-frmshuff:Eval():nnet-loss.cc:135) ProgressLoss[last 1h of 8h]: 1.05969 (Xent)
VLOG[1] (nnet-train-frmshuff:Eval():nnet-loss.cc:135) ProgressLoss[last 1h of 9h]: 1.06789 (Xent)
VLOG[1] (nnet-train-frmshuff:Eval():nnet-loss.cc:135) ProgressLoss[last 1h of 10h]: 1.04052 (Xent)
VLOG[1] (nnet-train-frmshuff:Eval():nnet-loss.cc:135) ProgressLoss[last 1h of 11h]: 1.04574 (Xent)
VLOG[1] (nnet-train-frmshuff:Eval():nnet-loss.cc:135) ProgressLoss[last 1h of 12h]: 1.03529 (Xent)
VLOG[1] (nnet-train-frmshuff:main():nnet-train-frmshuff.cc:272) After 5000 utterances: time elapsed = 4.06926 min; processed 18714.9 frames per second.
VLOG[1] (nnet-train-frmshuff:Eval():nnet-loss.cc:135) ProgressLoss[last 1h of 13h]: 1.04229 (Xent)
VLOG[1] (nnet-train-frmshuff:Eval():nnet-loss.cc:135) ProgressLoss[last 1h of 14h]: 1.00945 (Xent)
VLOG[1] (nnet-train-frmshuff:Eval():nnet-loss.cc:135) ProgressLoss[last 1h of 15h]: 1.02517 (Xent)
VLOG[1] (nnet-train-frmshuff:Eval():nnet-loss.cc:135) ProgressLoss[last 1h of 16h]: 1.02086 (Xent)
VLOG[1] (nnet-train-frmshuff:Eval():nnet-loss.cc:135) ProgressLoss[last 1h of 17h]: 1.01553 (Xent)
VLOG[1] (nnet-train-frmshuff:Eval():nnet-loss.cc:135) ProgressLoss[last 1h of 18h]: 1.0072 (Xent)
VLOG[1] (nnet-train-frmshuff:Eval():nnet-loss.cc:135) ProgressLoss[last 1h of 19h]: 0.990883 (Xent)
VLOG[1] (nnet-train-frmshuff:Eval():nnet-loss.cc:135) ProgressLoss[last 1h of 20h]: 0.989989 (Xent)
WARNING (nnet-train-frmshuff:main():nnet-train-frmshuff.cc:169) A23_107, missing targets
VLOG[1] (nnet-train-frmshuff:Eval():nnet-loss.cc:135) ProgressLoss[last 1h of 21h]: 0.981283 (Xent)
VLOG[1] (nnet-train-frmshuff:Eval():nnet-loss.cc:135) ProgressLoss[last 1h of 22h]: 0.999436 (Xent)
VLOG[1] (nnet-train-frmshuff:Eval():nnet-loss.cc:135) ProgressLoss[last 1h of 23h]: 0.970292 (Xent)
WARNING (nnet-train-frmshuff:main():nnet-train-frmshuff.cc:169) C22_500, missing targets
WARNING (nnet-train-frmshuff:main():nnet-train-frmshuff.cc:169) C21_672, missing targets
VLOG[1] (nnet-train-frmshuff:Eval():nnet-loss.cc:135) ProgressLoss[last 1h of 24h]: 0.978694 (Xent)
VLOG[1] (nnet-train-frmshuff:Eval():nnet-loss.cc:135) ProgressLoss[last 1h of 25h]: 0.969425 (Xent)
LOG (copy-feats:main():copy-feats.cc:101) Copied 10000 feature matrices.
LOG (apply-cmvn:main():apply-cmvn.cc:146) Applied cepstral mean normalization to 10000 utterances, errors on 0
VLOG[1] (nnet-train-frmshuff:main():nnet-train-frmshuff.cc:345) ### After 9172992 frames,
VLOG[1] (nnet-train-frmshuff:main():nnet-train-frmshuff.cc:346) 
### Forward propagation buffer content :
[0] output of <Input>  ( min -3.05699, max 3.97779, mean -0.0266961, stddev 0.94405, skewness 0.143742, kurtosis -0.532818 ) 
[1] output of <AffineTransform> ( min -70.8968, max 85.9194, mean -4.05755, stddev 7.65877, skewness 0.229541, kurtosis 2.16409 ) 
[2] output of <Sigmoid> ( min 1.62156e-31, max 1, mean 0.274668, stddev 0.392963, skewness 1.02064, kurtosis -0.743679 ) 
[3] output of <AffineTransform> ( min -36.2126, max 21.9458, mean -5.32936, stddev 5.43996, skewness 0.0922539, kurtosis 0.313621 ) 
[4] output of <Sigmoid> ( min 1.87521e-16, max 1, mean 0.170557, stddev 0.314542, skewness 1.76579, kurtosis 1.54347 ) 
[5] output of <AffineTransform> ( min -23.9413, max 15.7659, mean -3.96229, stddev 4.01444, skewness 0.0695687, kurtosis 0.191967 ) 
[6] output of <Sigmoid> ( min 4.00336e-11, max 1, mean 0.179539, stddev 0.297836, skewness 1.68815, kurtosis 1.43651 ) 
[7] output of <AffineTransform> ( min -27.6882, max 19.8555, mean -5.84119, stddev 4.62094, skewness 0.0781209, kurtosis 0.641552 ) 
[8] output of <Sigmoid> ( min 9.44463e-13, max 1, mean 0.109471, stddev 0.248599, skewness 2.57092, kurtosis 5.41235 ) 
[9] output of <AffineTransform> ( min -16.1346, max 29.3186, mean 0.0052888, stddev 4.04697, skewness 0.661443, kurtosis 1.27869 ) 
[10] output of <Softmax> ( min 1.81804e-20, max 0.999888, mean 0.000302297, stddev 0.0132009, skewness 59.9189, kurtosis 3894.1 ) 
VLOG[1] (nnet-train-frmshuff:main():nnet-train-frmshuff.cc:348) 
### Backward propagation buffer content :
[0] diff of <Input>  ( min -3.01131, max 2.66298, mean -0.000545903, stddev 0.134784, skewness -0.0467801, kurtosis 37.1413 ) 
[1] diff-output of <AffineTransform> ( min -0.393472, max 0.397684, mean 2.22756e-05, stddev 0.00867547, skewness 0.239345, kurtosis 129.503 ) 
[2] diff-output of <Sigmoid> ( min -2.25744, max 1.64209, mean 0.000345757, stddev 0.102954, skewness 0.0138642, kurtosis 18.0833 ) 
[3] diff-output of <AffineTransform> ( min -0.271187, max 0.245951, mean -5.70308e-06, stddev 0.00998503, skewness -0.286806, kurtosis 64.3128 ) 
[4] diff-output of <Sigmoid> ( min -1.84309, max 1.3705, mean -6.59077e-05, stddev 0.114963, skewness -0.0968321, kurtosis 8.41178 ) 
[5] diff-output of <AffineTransform> ( min -0.245284, max 0.245467, mean -9.54933e-07, stddev 0.0109756, skewness 0.138856, kurtosis 38.1767 ) 
[6] diff-output of <Sigmoid> ( min -1.03216, max 1.32827, mean 0.000396265, stddev 0.10662, skewness 0.00498035, kurtosis 6.46146 ) 
[7] diff-output of <AffineTransform> ( min -0.419441, max 0.319263, mean -8.04967e-06, stddev 0.0114405, skewness -0.316916, kurtosis 79.27 ) 
[8] diff-output of <Sigmoid> ( min -3.0869, max 2.23623, mean 0.000338282, stddev 0.139041, skewness -0.323326, kurtosis 21.5175 ) 
[9] diff-output of <AffineTransform> ( min -0.999129, max 0.968769, mean 7.8131e-12, stddev 0.0110363, skewness -37.9941, kurtosis 4854.33 ) 
[10] diff-output of <Softmax> ( min -0.999129, max 0.968769, mean 7.8131e-12, stddev 0.0110363, skewness -37.9941, kurtosis 4854.33 ) 
VLOG[1] (nnet-train-frmshuff:main():nnet-train-frmshuff.cc:349) 
### Gradient stats :
Component 1 : <AffineTransform>, 
  linearity_grad ( min -1.09335, max 1.40424, mean -0.00953139, stddev 0.130985, skewness -0.0486314, kurtosis 2.07721 ) , lr-coef 1, max-norm 0
  bias_grad ( min -0.686037, max 0.59139, mean 0.00570256, stddev 0.148228, skewness -0.0462978, kurtosis 0.630221 ) , lr-coef 1
Component 2 : <Sigmoid>, 
Component 3 : <AffineTransform>, 
  linearity_grad ( min -0.978225, max 0.601728, mean -0.000213104, stddev 0.0822645, skewness -0.184047, kurtosis 3.11815 ) , lr-coef 1, max-norm 0
  bias_grad ( min -1.0702, max 0.584136, mean -0.00145999, stddev 0.177012, skewness -0.156163, kurtosis 1.41646 ) , lr-coef 1
Component 4 : <Sigmoid>, 
Component 5 : <AffineTransform>, 
  linearity_grad ( min -0.678359, max 0.689625, mean -7.60308e-05, stddev 0.0704178, skewness -0.0139712, kurtosis 3.5566 ) , lr-coef 1, max-norm 0
  bias_grad ( min -0.84106, max 0.676896, mean -0.000244463, stddev 0.201366, skewness -0.0867101, kurtosis 0.419056 ) , lr-coef 1
Component 6 : <Sigmoid>, 
Component 7 : <AffineTransform>, 
  linearity_grad ( min -1.20791, max 1.11973, mean -0.00042223, stddev 0.0729438, skewness -0.340338, kurtosis 8.19812 ) , lr-coef 1, max-norm 0
  bias_grad ( min -1.33415, max 1.18714, mean -0.00206071, stddev 0.22144, skewness -0.297218, kurtosis 3.03519 ) , lr-coef 1
Component 8 : <Sigmoid>, 
Component 9 : <AffineTransform>, 
  linearity_grad ( min -4.6575, max 2.2303, mean -7.55536e-10, stddev 0.0563327, skewness -15.7524, kurtosis 763.115 ) , lr-coef 1, max-norm 0
  bias_grad ( min -4.65758, max 2.41962, mean -1.89498e-09, stddev 0.210394, skewness -6.2546, kurtosis 112.627 ) , lr-coef 0.1
Component 10 : <Softmax>, 
LOG (nnet-train-frmshuff:main():nnet-train-frmshuff.cc:357) Done 9996 files, 4 with no tgt_mats, 0 with other errors. [TRAINING, RANDOMIZED, 8.06422 min, fps18958.2]
LOG (nnet-train-frmshuff:main():nnet-train-frmshuff.cc:366) PER-CLASS PERFORMANCE:
@@@ Frames per-class: [ 565947 488 1856 2655 3568 781 1492 366 1178 2601 6093 275 1750 2781 625 562 407 2075 713 1564 3910 315 721 484 3131 1228 388 886 1838 5544 1216 582 998 1423 2274 2478 2622 648 1450 1302 3270 319 837 506 1459 1185 413 2751 2642 2203 1697 113 5227 1522 5320 974 5444 610 2375 3574 2645 5196 2948 961 731 1034 885 1070 246 1967 4634 2320 1158 297 837 4047 1525 649 614 329 1269 241 5288 211 2298 1571 3925 5375 490 2188 672 1219 1570 1059 214 2868 2349 1561 1557 443 673 446 850 4317 148 823 1698 8558 1527 0 2752 1090 2060 2968 650 3118 497 1859 3307 2522 2642 0 502 1250 502 1164 1593 1240 1894 425 764 405 3235 1498 1909 286 628 631 1133 408 1937 5169 907 577 7189 707 2964 1322 4240 1153 1437 2810 2452 800 3284 2090 488 3356 216 200 1059 329 1589 0 2074 357 1356 254 199 1331 812 1760 1611 389 691 0 0 0 935 4378 450 2722 3 1794 718 428 600 126 1580 3676 736 1947 258 4769 2271 2576 1561 4241 384 1310 5646 1701 3079 0 1076 2731 532 7527 0 2363 3097 163 2514 164 703 969 2310 6817 456986 521258 457790 3007 267081 806 2722 3400 2626 2194 884 12081 14170 2836 916 1080 1386 2009 2615 5895 547 3387 1384 774 2474 1007 2048 1851 1941 1387 1719 3968 9195 2158 2714 464 1071 1666 5826 953 5295 1610 844 1360 4983 1283 922 757 1279 3052 1651 878 958 3480 1368 3789 7258 1366 4759 1405 3640 2311 1961 3572 1357 2092 688 1531 2457 1279 1127 2663 707 1059 4114 2466 8365 842 3733 1395 1405 2049 1936 4111 695 3742 3920 2452 691 5044 3739 574 2752 1057 11963 1165 1200 1094 2323 2129 4045 1147 2060 3856 5067 1012 1343 4417 507 5785 6804 3409 620 684 1099 1456 1313 2262 2997 2296 3680 5183 1546 817 1985 4782 2240 424 796 983 1542 3053 1395 3845 4599 910 2240 2268 1572 4457 942 8678 1016 2652 1695 2753 2160 6505 1581 815 389 2237 6126 935 3220 926 3457 781 3001 1781 1857 991 4395 5194 5886 1572 1385 4408 568 1182 2356 548 466 9540 6101 5919 2224 1117 734 2194 4812 1222 1826 931 1372 2310 725 1123 3533 1450 3700 2209 2969 3288 1248 1832 1013 985 1170 6258 5116 863 3733 4208 1999 4130 2366 1045 2905 460 2195 1416 873 1511 1830 1102 1103 4889 3334 724 2791 2785 1854 4383 1146 2259 652 1058 1069 3320 2956 2959 2039 2309 1423 378 3871 1374 1954 1037 362 2170 531 1351 1300 1160 1107 3253 2243 1083 1565 1956 840 1071 797 758 1662 510 1633 1577 782 941 1778 458 4905 1283 2685 1150 4278 2389 2779 1293 575 617 1748 3773 706 1488 1964 5177 1454 1478 907 3027 1330 2638 1517 760 5005 4870 542 5973 1408 822 1048 501 1852 1881 7399 1286 518 1293 4660 1265 462 2474 897 2851 7526 597 1847 1938 3365 1063 718 832 1714 1671 2185 316 1406 3713 1710 1093 1209 2779 3231 1193 1774 523 3055 1807 1242 1638 690 1784 2443 5860 237 834 2022 1533 7884 1481 5986 2881 1432 2162 5323 1056 883 468 2279 936 4949 2126 4534 3594 910 1903 1383 3292 1742 794 5511 3029 1841 758 5233 2350 6871 1635 448 2062 4300 2383 1040 2219 531 6194 1951 3740 1741 928 2361 550 1009 476 422 4745 2207 3135 4979 3034 904 833 1977 3512 2834 1203 3588 1709 4690 721 4587 940 780 1690 842 2192 2055 1022 666 6489 3179 1739 1072 1686 1401 3497 852 2930 1689 2321 2712 912 5215 864 856 1363 1158 1790 1447 893 5717 2142 796 3762 1980 1338 1473 2273 1807 1778 705 5227 740 3426 1105 3377 389 214 2219 2097 5121 349 2093 2243 1645 1155 1494 740 1376 1274 2612 1287 2149 3853 1211 888 2298 2586 5092 961 4597 1455 1310 513 3549 4555 1052 2680 1493 1955 3664 821 977 251 558 2583 1649 3945 4664 2782 1065 6695 1722 1408 6466 2230 3325 2485 1083 3540 3341 639 796 3632 544 5317 252 2049 3176 569 980 1441 4474 1256 1079 1369 1392 1467 796 4797 1843 6202 3201 3167 2427 3000 630 2873 1561 2473 3445 4575 1056 1345 1787 9409 1435 2075 2351 1716 5718 1116 523 606 1464 344 6396 687 942 786 1742 857 5623 1079 1377 1532 760 1537 5283 3383 1336 1696 1089 1654 5214 1628 1073 1687 1268 3150 2122 2959 1047 5780 760 2154 2320 3341 1786 3647 407 1146 2159 2296 1319 1417 405 2610 1412 1569 2257 1018 417 1735 569 917 1556 1154 941 2360 3615 407 624 737 2779 2085 2323 1268 938 3202 3287 3835 532 652 3276 1566 5009 1727 424 1105 1850 2810 1625 5301 1910 928 1328 1025 790 4473 2823 5226 955 3949 1577 561 1852 1243 12846 3513 1837 2691 4696 2810 2167 364 721 1233 2556 977 538 2001 948 1457 1554 829 1559 1904 1390 1614 1126 907 1129 2803 2316 3477 860 2720 581 3954 442 987 1590 5186 1550 5255 1331 1314 2612 438 580 1501 2370 2136 3039 2817 1957 2556 1384 345 373 707 2206 714 1059 3662 3193 1348 1228 2066 1625 1228 1769 4482 927 2151 1790 3480 1153 4341 1177 3635 194 1782 2352 1010 510 1603 1247 3782 1991 1307 645 767 787 647 4112 6542 6158 2615 3649 3004 770 3671 697 2684 2461 2004 4318 2822 1474 2478 2663 1005 1526 1287 1869 1798 1381 2329 2502 6950 3292 1682 1617 3635 2217 2554 1355 611 992 1868 1451 3096 535 464 6610 850 2089 1563 1369 1774 359 2140 1924 1982 3864 3249 2231 1309 960 1136 867 1090 1773 1246 669 1346 1106 999 1450 2672 2220 4860 4012 5758 417 866 588 857 1560 2491 1469 960 796 792 2109 4809 1608 3596 622 852 2288 3194 1040 1371 1800 306 1648 13748 841 1477 2744 1961 1258 1618 813 668 180 1742 1301 1411 583 2428 2314 529 1484 2865 1144 2331 757 504 3383 7446 961 3161 1982 1486 1203 3120 4134 1064 7890 2095 3005 1419 854 2826 1733 1734 4569 3390 1568 1082 443 4562 596 1696 3461 1965 729 4281 2872 4321 10804 1439 2193 1279 1224 647 2216 666 980 1102 523 723 1649 2346 2039 721 2250 438 2214 970 886 1156 781 1945 2164 2728 2087 1722 815 3635 960 986 1950 4354 2593 1676 1695 927 1235 891 3646 1345 2269 928 1211 1006 988 4043 251 2576 1821 772 2564 1488 1179 5225 2868 702 1607 2803 1757 2892 606 725 3310 6702 882 1544 1946 967 1608 1446 1674 1037 1892 25831 2168 1720 3053 5336 9184 1336 696 728 2765 702 1173 2913 4126 1888 767 1027 768 1408 2697 2542 1875 493 4119 673 2647 1984 1284 4695 1568 1540 3999 1796 364 1240 892 5170 1427 1450 922 4511 2470 1012 5100 1479 2281 2349 1471 1022 584 1087 1089 1607 1582 1487 3695 1709 1062 490 787 450 1061 4775 2048 3192 1408 1607 4405 3421 1158 439 2724 121 3504 2856 1621 1873 2965 747 821 560 4699 417 1614 579 2153 468 236 735 729 1184 6841 1127 790 521 2414 12590 1228 2492 9263 1802 1239 2463 1731 426 985 1252 2464 399 863 1346 2443 2530 3979 3347 2064 1457 633 664 1619 519 1495 2600 2249 1447 537 625 1022 309 5397 628 1057 6266 5232 2355 512 492 556 756 2648 2243 2021 1097 648 1641 1100 2418 3479 1159 246 798 621 1521 392 1107 209 2280 1084 4239 4340 516 603 615 2615 1630 9815 6536 2931 1345 2581 2253 1078 1049 814 1645 620 4080 2424 461 2396 1288 1593 2381 1129 4140 656 1715 2828 3902 7210 3110 2626 2342 789 7704 1765 2172 1084 4217 1129 5474 278 1360 1202 1519 6182 1087 361 267 1424 1371 1510 2905 1784 360 490 2399 1321 4188 1222 4590 1455 1041 1340 1045 2495 5940 1032 722 3077 1289 5383 998 2269 3677 678 849 1547 685 1141 2040 1235 1398 1205 705 3556 429 3420 1905 688 1499 1067 1675 2514 1643 2531 365 2244 2679 7052 2466 3034 1250 3468 1008 1355 815 700 471 2091 1834 2880 598 1610 4539 834 2860 701 3463 2072 1630 5839 3312 636 1584 2882 969 738 2142 4170 836 2388 652 1440 789 1133 967 1412 982 1062 387 1749 1077 2078 1954 1744 848 5209 2447 799 4505 853 2466 4754 3943 734 688 1388 492 1093 1102 1728 662 1163 2823 3096 1505 3639 924 1356 1211 932 1240 890 2025 1653 1133 774 711 4976 2049 1194 1959 2338 2719 2832 1322 4493 10160 1333 673 6167 1140 2433 392 3518 774 1011 357 727 1048 8630 748 1380 983 2324 775 1348 724 1421 480 901 4747 923 1315 844 1760 2875 762 1470 1527 956 1209 1665 8933 3283 945 1328 395 1249 2934 3612 1242 472 1087 2103 3023 1054 1244 4243 1258 1286 3573 2005 1102 5365 3159 2202 1951 1359 2009 847 2157 2213 4676 7935 2414 2365 1205 1291 1732 1202 1273 460 661 1013 1250 7269 424 2763 1511 3886 358 1846 7376 2224 1870 1580 531 2115 1696 1143 398 2370 1493 1181 1582 1971 894 2301 1298 1821 2372 844 564 3693 1439 3123 1116 487 1694 1023 2536 2421 1453 3031 957 1413 1411 1558 2961 2019 1559 2810 1075 1268 2291 3711 1144 838 1815 2740 2680 386 860 1181 221 2668 2695 504 448 2795 2334 603 2111 3982 2586 2173 2751 568 611 1484 594 1346 665 675 1032 2794 1105 793 2162 2104 720 3548 1625 2442 6200 425 3607 1457 787 2666 1578 3275 1233 2291 958 642 2109 1032 4100 959 1005 7944 802 945 7081 890 1477 794 2864 2093 2411 1137 162 1634 997 312 1648 6181 1400 1195 315 1848 2029 1120 1430 2429 2755 1040 1039 884 5154 1653 2471 362 4520 2676 1358 4638 667 1346 2032 3828 1701 1895 463 339 3390 845 1083 890 2640 869 947 1978 1450 1394 1092 1795 579 5332 1984 1149 383 982 4384 717 1988 864 1892 1484 1219 4103 9665 842 1041 3082 2885 1987 1322 696 836 1268 1338 1254 2606 949 2818 3056 2264 820 2171 1978 1896 1014 471 1582 864 2126 10030 1910 249 2164 761 2268 1685 370 3007 6240 2600 2789 1952 10222 2530 602 810 3208 3269 1206 1725 628 1981 590 732 818 1942 2305 1184 1386 839 674 690 1038 838 691 9572 3855 1985 1477 972 655 934 515 549 3124 1817 1285 1010 396 1557 1158 703 2150 745 2869 1262 3799 1077 1454 5829 3440 2236 1695 1208 3307 4375 477 2950 1672 1630 662 1360 1384 1945 1000 1007 8439 762 2853 3017 1814 995 949 1613 1216 3178 289 647 3028 2883 1825 3980 6072 1910 1811 1107 951 2062 2289 780 2344 1572 2312 2003 624 5885 3440 2808 509 6115 2247 1202 1605 915 1123 761 1158 977 1627 2912 641 654 680 1927 4161 589 5466 830 1656 736 355 1137 2164 517 2620 5151 613 1322 714 2117 833 2199 1599 3647 1024 1657 1010 759 1162 4314 4231 6213 966 1265 867 2179 3225 4039 2277 1419 2397 446 486 2868 714 3047 547 2428 2300 2427 1217 7220 474 1634 3104 578 827 615 1030 997 610 3038 438 3841 664 1364 3897 3540 2507 3874 1265 1956 1513 5057 2563 737 888 969 1294 1722 993 7629 1991 3141 267 686 1608 5183 279 1959 1180 1034 830 1108 726 1777 1386 611 285 1003 1403 326 2944 940 2920 3311 3176 1268 2215 720 2252 5142 1059 3411 1446 3119 1727 3634 602 2321 2200 1255 1613 1776 2280 1504 467 1141 1456 1492 1286 662 5655 3089 495 1350 1001 9277 848 912 2309 1058 1399 1959 638 1791 545 2862 2310 746 1616 2052 5449 1260 1255 3379 1751 1337 1938 738 3484 1951 3157 266 1704 940 8750 745 3461 1382 338 320 723 3190 1126 3202 3269 610 938 682 533 1199 707 324 6037 514 1694 633 398 631 1022 5583 621 547 1058 8594 1514 1024 1524 5619 1797 810 930 625 767 2469 3852 2711 703 2282 2933 2985 1282 2704 1812 3168 3934 5663 1646 2580 1446 318 2479 2363 966 2011 496 437 1144 2147 784 3748 2893 5543 2302 4612 1146 2394 432 2109 991 5035 1114 2154 511 2139 2681 2316 1244 1481 1022 3266 701 1112 874 2343 3357 1849 9651 356 2821 2464 2363 787 479 5054 934 1128 1411 497 548 1298 4131 952 1182 3451 1500 805 4440 240 4433 766 2006 2532 1375 1282 2519 441 1343 883 1934 5963 584 3273 537 544 1023 923 4234 467 1171 2500 5322 2212 3384 1655 2157 1181 1008 1662 836 2243 3013 4646 571 6110 1382 4410 3389 643 3541 4609 1452 1604 3044 663 734 1778 1334 826 1392 883 1260 1922 1062 282 1130 7723 2146 3967 2064 1501 726 6774 3274 3951 447 2538 950 2069 500 2974 2144 2571 2280 772 3164 6438 3750 5562 1567 4944 744 475 2717 1924 1989 989 1833 3019 1019 2023 1637 1188 4184 2163 509 2230 9967 974 1145 1755 1817 1647 1315 6920 1275 6124 1775 617 1805 7066 8526 1677 8634 1016 621 3220 698 1226 3523 583 1972 3493 1631 1181 1376 3035 1040 1236 3591 2252 1778 184 5618 2546 3420 3074 1087 1806 3141 3868 4527 1624 911 5335 2284 2266 4224 1788 3877 469 717 986 1358 574 1667 5963 1110 1855 677 637 3072 1587 1585 1333 3915 3784 2008 1297 1434 1242 1784 1490 3651 543 1764 4502 2713 702 2793 2654 2010 1447 1570 3913 1998 3164 663 2297 1818 1338 1484 5830 2250 501 4111 965 1111 802 1914 2302 1804 777 874 2596 2773 1759 7106 4864 3059 1259 1607 3802 2004 1689 4416 3772 453 1907 4327 860 1476 1793 3242 5594 885 5884 5134 1264 1056 3366 3445 1763 677 1609 1396 807 2498 3930 6171 1226 2063 1066 1422 7722 685 5884 1294 468 4375 1082 2133 2685 933 1032 1350 1187 1456 430 1094 2376 6717 3717 2148 750 2829 1890 2546 1391 1207 3372 2294 2908 1878 836 1883 2834 3854 2415 3451 461 2654 2365 3672 6326 1238 8996 399 2134 990 479 1009 4218 1853 2771 1034 3783 447 1902 714 885 1732 1024 1374 395 1484 1334 612 1568 897 5502 1857 5095 3170 7672 945 1111 3754 727 819 2281 1199 9064 2375 2368 1680 2254 4605 1924 7118 4203 1201 1645 2112 921 640 2501 735 707 2568 1334 968 567 438 2803 1090 1099 4986 1520 1321 1062 4113 1609 401 491 308 7307 1560 1150 1970 1825 2177 1602 3313 1292 1891 1352 338 3663 1268 3012 2078 2392 1570 1522 3156 2311 1428 2028 1219 970 3104 2312 700 643 4013 1743 963 1459 611 1401 3834 415 3036 853 1532 4730 3047 552 1316 1239 3688 1204 2686 466 1280 2088 1951 1757 2895 1453 2412 1909 2446 1202 1353 2416 841 1495 3598 1600 1796 2336 1267 332 2473 5087 2710 1499 2886 4271 1851 3257 4208 1455 5731 245 2094 2281 2159 1571 1345 2045 2460 2748 1478 1000 584 225 1123 1475 674 5770 558 1295 4172 492 4266 602 1347 1846 2675 646 932 1469 1704 1203 458 730 2135 968 2227 693 4787 681 1403 965 1331 274 762 1327 5023 1977 1279 1073 1399 2732 1459 4892 1066 519 2324 2060 701 1621 3157 1536 2132 702 1712 2520 2911 1523 3604 1463 1321 539 1930 1439 947 1199 2178 887 690 2163 769 711 1258 5303 2337 966 905 2608 1382 485 877 1874 2954 2161 6412 1524 607 2271 963 2337 1229 10114 639 975 1622 2680 2838 1392 638 2486 1983 1277 626 3335 3870 1985 1859 4057 2132 9072 2734 1594 671 2262 1780 761 1079 1699 350 926 1891 785 1396 1691 412 4823 990 3236 849 424 2395 1107 2580 2907 2942 1881 872 3169 1151 990 865 2168 1899 3659 4060 3625 4183 2524 1459 2509 1153 3580 4738 5649 1394 1415 2259 853 576 1602 2298 733 816 13813 4516 989 903 988 3857 1108 2735 1633 2980 2193 2030 412 2072 418 4306 6021 1817 1338 4528 2952 773 526 1026 891 8220 1243 725 3632 1391 1569 3378 1253 817 2786 1134 3776 722 1053 1074 1762 738 943 787 970 1741 2845 1994 968 2138 350 1424 4936 621 3495 197 3013 2615 573 2372 1957 1345 2558 4276 2112 3206 1601 2453 2461 1987 2418 3393 1063 389 624 1084 3434 761 455 682 3641 1288 1076 2498 1065 1635 1901 3161 2980 2732 605 3995 2330 4378 7168 4495 1126 1596 2523 1829 3797 5331 4234 2433 1515 1633 1720 1330 3338 1710 733 2433 7992 991 11164 732 614 3046 2761 3368 557 3081 1779 1636 2619 694 2075 2362 964 3432 2683 2427 1289 781 1884 1658 1121 2527 2059 5831 5704 2017 1483 1595 878 609 1121 465 2245 3080 7299 741 2324 1876 1148 1753 3183 954 2198 506 3727 2952 9207 787 238 4663 3014 1682 3861 2027 464 1143 548 1306 700 2700 1994 1951 1178 3376 2464 519 2054 1320 2098 554 2696 1810 2339 1325 814 1441 1412 2038 2703 1870 1148 3441 964 3670 5162 1273 1146 989 1599 1142 1667 1148 990 2367 3765 3848 2964 1386 1060 2371 8207 1375 2141 3477 2472 1282 2267 5056 628 957 2283 3960 526 3164 1455 951 3883 1189 620 909 2379 510 1578 758 652 895 2566 1522 792 2563 2780 4804 982 505 588 2630 3015 2535 2394 3194 2051 3471 813 1516 2885 640 1601 1908 2467 516 1683 4072 1079 1507 3035 1727 2325 1558 2674 508 3277 1316 901 913 2057 2007 3636 288 2914 2134 3067 1325 380 813 461 441 1578 683 3346 1235 1952 584 951 4014 823 1855 2148 577 2449 2360 5508 1299 645 1791 3335 2051 1302 3220 2015 2688 1021 352 2021 2898 787 1061 646 4915 2483 2662 1268 1165 932 2069 1707 402 4160 2874 945 624 547 5751 318 4349 1503 721 826 3154 1568 2131 644 905 1709 833 984 757 2364 2398 1390 2286 3031 2180 1097 570 864 1239 1227 440 1209 1473 1391 1240 3103 531 1733 804 805 1338 2055 2229 2201 4351 2201 3254 651 1666 484 685 1718 1045 10341 637 764 677 1215 2002 2385 768 484 1045 1684 3870 1407 1250 2014 902 2775 278 2175 3293 4505 2886 1788 537 1398 3274 1536 4443 2513 1812 1374 909 3252 920 247 2578 1750 1088 2050 2754 1564 933 3000 3264 941 1662 4985 927 1472 1622 2111 489 4456 980 2287 2112 1263 594 2851 1090 4078 347 5188 3690 198 3308 361 2319 2741 3570 331 1381 681 1930 2974 2244 680 3759 540 3619 3032 985 446 1778 2387 714 935 3604 1086 642 1437 991 1602 779 2764 268 3129 1640 2952 756 83 699 5760 6155 2075 670 2355 500 1234 412 6263 ]
@@@ Loss per-class: [ 0.561011 1.53334 0.9565 1.10231 1.01737 1.195 0.829516 1.5398 1.13319 1.14486 0.552458 1.53946 1.13568 0.76274 1.95792 1.77304 3.16009 1.37874 1.39898 0.811746 0.718788 2.84125 0.859638 1.00494 0.815005 0.973125 3.13327 1.13834 1.707 0.943154 1.18499 1.37705 0.756318 0.917403 0.948971 1.16528 0.676844 1.34162 0.954529 0.649487 0.78673 2.64204 0.868271 1.19666 1.06074 1.01745 1.94526 1.1271 0.673326 0.759472 0.990672 3.66247 0.796646 1.39469 0.740581 2.14445 0.686286 1.93153 0.557993 1.19776 1.81945 1.65587 1.30543 2.61284 0.990032 1.15792 1.7119 1.05041 3.19702 0.970074 0.870487 1.15732 1.66299 3.64187 1.5491 0.781023 1.14254 1.5241 2.3909 1.5265 0.860297 1.46592 0.739528 4.00607 1.34864 0.784141 1.29261 0.822157 3.07805 2.22834 1.63331 1.69272 1.79422 1.735 3.2809 0.983779 1.24353 1.831 1.06388 3.21655 1.12464 1.15544 1.57114 0.729767 4.05809 1.1582 0.676363 0.66381 0.565181 -nan 1.40231 2.07556 1.67673 1.12804 2.99452 0.82086 2.77807 1.16467 0.876294 1.1307 0.992122 -nan 2.63686 0.766115 1.42297 1.13178 1.08144 0.98505 1.06592 2.53588 1.1253 2.71638 0.587407 0.503707 1.88089 3.35613 2.88111 0.64378 0.733404 1.88145 0.745045 1.53629 1.43819 0.923099 0.973063 1.4037 0.974798 1.57138 0.489818 1.39821 1.10943 1.50626 1.58275 2.53568 1.08865 1.00615 1.78378 0.649742 1.57882 2.14133 0.747827 1.90658 0.66781 -nan 0.599219 1.92294 0.781826 2.19181 2.64432 0.728943 1.26692 0.477542 0.741244 2.3505 1.63874 -nan -nan -nan 0.671364 0.953956 1.27008 0.483625 9.45356 1.89057 1.74963 0.685875 1.68475 2.44234 0.637845 0.732744 1.66052 0.971387 3.63943 0.756753 0.884815 0.948253 1.60596 1.30755 2.65066 1.29414 0.836277 1.50917 1.01885 -nan 1.25379 0.854868 1.42674 0.79529 -nan 0.823293 1.00653 2.89843 1.18865 1.57808 1.20564 1.69496 1.9131 0.816686 0.633048 0.26184 0.459863 1.96684 0.947063 2.17063 0.57211 1.54498 0.85868 1.18535 0.686793 0.495308 0.960156 1.08124 2.59907 1.04492 0.737656 1.84714 1.02932 0.832477 1.05823 0.625297 0.882752 0.835451 0.535754 0.485237 1.52798 0.907882 0.445744 1.52548 0.567585 0.998549 1.34851 1.01543 0.68307 2.0297 1.23989 1.13165 1.10595 1.57479 0.554791 0.622005 1.28628 0.858482 1.20566 1.46849 1.21416 1.11671 0.712454 0.548882 0.717987 1.36782 1.70598 0.592548 0.738105 1.45181 1.13545 1.32887 0.395143 1.18276 0.714162 1.16292 1.29854 1.38087 1.22922 1.14504 1.82939 1.12063 1.95183 1.03884 0.784434 1.48589 1.43996 1.09078 1.77218 1.218 0.955841 0.844196 1.70024 0.920913 0.912752 0.787771 1.22465 1.39488 1.10808 0.70726 1.32977 1.68655 1.89272 1.33921 1.4007 1.17761 0.657477 1.55589 1.03295 1.29988 1.49086 1.14252 1.26711 0.919463 0.943012 1.84198 1.16085 0.900001 1.90884 0.867801 1.19295 1.65246 1.36481 0.789567 1.03144 1.74974 0.649527 1.4411 0.803688 1.15574 1.39638 1.25012 1.01533 1.84508 1.03408 1.20197 2.30027 1.04294 1.32126 1.29352 0.544243 0.865567 1.32315 1.63563 1.24658 1.74921 2.04051 1.02383 1.06233 1.21282 1.00088 1.92421 2.37089 0.932069 0.667651 1.17828 1.05897 0.376823 0.55969 1.22516 1.81839 1.51984 1.97444 1.64286 1.7968 2.22539 1.58048 1.97188 0.885076 1.53994 0.847699 1.22532 0.556503 1.69961 0.677934 1.14422 0.701686 0.938621 0.695809 1.01889 0.879148 0.774011 1.61906 1.24439 0.71825 0.862637 1.30516 1.15279 1.03941 0.566271 0.898584 0.784039 1.47712 0.588036 0.514914 1.43915 0.720879 1.40508 1.14407 0.86526 0.650435 1.05838 0.933787 2.05249 0.763646 0.955085 1.28445 1.5353 1.00461 1.65462 1.24019 0.972277 1.26806 1.56332 0.816767 2.35283 0.83912 1.49327 1.64736 1.05045 1.15753 1.23046 1.53937 1.72809 0.936099 0.680541 1.58718 2.10978 1.8506 1.35097 0.792757 1.47175 1.27857 1.60357 1.89437 0.836765 0.9306 0.653221 2.19987 2.14302 1.22474 1.69115 2.36458 1.4811 0.982216 1.4619 0.771001 1.63075 0.84358 2.02046 1.15202 1.30287 0.877423 0.69265 1.92968 1.12203 1.40144 1.96964 0.969249 1.01203 0.859987 0.933948 0.803536 1.55396 1.55702 0.882656 1.13469 1.90591 1.92643 1.53026 1.48492 0.997731 1.73634 1.2269 1.8552 1.17382 1.03202 1.15307 0.478751 0.389667 1.96573 2.24509 1.02338 0.91822 0.94462 0.603595 1.8611 1.13581 1.06047 1.65237 1.46205 1.56757 2.11404 1.84377 0.870844 1.36164 1.04538 1.71158 2.53343 0.558718 1.01271 1.99506 0.900981 1.03553 1.12047 1.34993 0.808118 1.05597 1.14334 1.97852 1.72321 2.3274 1.38872 1.43736 1.5061 0.923384 1.67813 0.980266 1.43331 1.22496 1.53144 2.13375 1.09718 1.63472 2.09295 0.676735 0.86557 1.46984 1.12997 2.63411 1.86708 1.67314 0.840269 1.17853 1.2897 1.11913 2.26354 1.35067 1.74787 0.743752 0.432074 1.4768 0.782672 1.11546 0.903316 1.38784 0.679195 0.775637 1.60521 1.67079 2.44201 1.34155 0.596932 1.01689 0.713698 0.726434 1.03377 0.957983 0.964829 0.618881 1.041 1.72591 0.754791 1.25818 1.89284 1.77125 0.908639 0.889279 1.92539 1.84883 1.03385 0.721984 1.55747 2.10531 1.44991 1.7444 0.773861 1.47075 1.00986 0.709482 1.11228 1.03002 1.69503 0.732282 1.54109 1.22239 1.55599 1.23407 0.944499 0.811477 0.731586 0.632012 1.66172 1.53823 0.621364 1.04261 0.754796 1.525 0.810039 1.31474 0.797645 0.926357 0.788203 0.643634 1.0789 0.664594 1.27169 1.30349 2.10084 1.81641 1.59932 2.10388 1.2183 1.52857 0.769571 1.61341 0.788262 2.41463 0.40356 2.01716 0.975056 1.05767 1.47094 0.718397 1.44489 1.38724 1.89547 1.34694 0.628751 1.91328 1.65454 1.05991 1.10455 0.935718 1.5606 1.50638 1.03086 0.855931 2.14642 1.17927 1.40309 0.973899 0.919646 1.00764 1.13789 0.912562 1.46703 1.37919 0.657382 1.94665 1.56436 0.744951 1.57428 0.967293 1.35323 1.22217 1.40146 1.09132 1.1074 0.503633 2.63128 1.58389 2.29418 2.03902 1.5911 1.41343 1.22347 2.18547 1.07076 1.21774 1.06737 1.14089 0.728924 2.261 1.40355 2.05757 1.28186 1.17118 1.63817 2.75997 1.04845 1.09467 1.76075 0.995581 0.804126 0.48221 0.660744 0.791175 0.576377 0.988044 1.07154 2.45782 1.83389 1.22934 1.04595 1.19278 0.996837 1.30637 0.595848 1.16863 1.00273 2.09188 1.75446 1.22375 2.14255 1.70391 1.02273 0.81782 1.40114 0.304103 1.10582 0.962636 0.657525 1.31523 1.41668 1.52388 0.977843 0.973953 1.55454 0.984998 0.458717 1.1064 1.64452 0.953114 1.26019 0.839408 2.08018 1.61317 1.2173 1.14641 0.73808 1.32356 1.5404 1.25313 1.22527 0.803742 2.02894 0.918424 0.868268 0.456781 1.56597 0.608277 1.30951 1.1397 1.83342 1.41632 0.645701 1.01569 0.694729 1.63119 1.20231 0.421808 0.904038 1.11738 0.779804 0.971747 0.939476 1.64357 0.576602 0.63382 1.58012 1.26973 0.691634 1.5102 0.64884 1.50278 1.24503 1.61871 0.904682 0.861566 0.987094 0.857813 1.02842 1.78318 0.797797 1.31959 1.48094 0.945518 1.64754 1.30567 1.381 1.3796 1.58074 1.58419 0.970764 1.22189 0.893954 1.32583 1.62863 1.00339 0.86649 0.405789 1.37634 1.21023 0.819718 0.820767 0.747917 1.5169 1.19232 1.03643 0.815179 0.621096 0.962985 1.97256 1.9286 1.3799 1.6736 0.714219 1.15631 2.92279 1.17278 1.02798 1.47711 1.61552 1.09099 0.948421 2.31117 1.57586 0.960258 2.21198 1.08767 0.900117 1.8561 1.62163 0.690138 0.992133 1.21323 0.661243 1.18565 1.09931 1.05584 1.30604 1.48809 1.50809 0.460023 0.642426 1.67512 0.812024 1.02797 0.852656 1.14705 0.767978 2.29264 1.44258 1.07976 1.96061 0.581646 0.653935 0.844561 0.774198 0.918417 0.547647 0.826823 2.04473 1.27606 1.72148 1.12674 0.902005 0.596403 1.82282 0.749962 0.903327 0.760744 1.17563 2.08636 0.949878 0.974395 1.24125 1.51941 2.08296 1.34117 0.670962 2.11242 0.822128 2.03565 1.46608 0.568971 1.46728 0.71929 0.906937 0.832312 0.642312 0.751303 1.37658 1.08648 1.18321 0.872504 0.829762 1.12191 1.06528 0.762591 0.915415 1.63369 1.74496 1.9054 2.93934 1.06416 4.01328 1.84187 1.16447 1.09154 1.28706 0.919126 0.810224 1.41445 1.40966 1.33861 1.60912 2.16432 1.21177 1.51778 1.19147 0.466554 0.858012 0.963486 0.906243 0.707965 1.92601 1.2213 2.18125 1.11832 0.661521 1.36625 0.611865 0.601537 0.570028 1.22981 0.57192 0.62482 1.21018 3.24028 1.43426 1.3211 1.45771 3.51746 0.432778 1.07924 0.899438 1.32232 0.734677 1.47101 1.41495 1.04694 1.9645 1.0664 1.03347 1.18142 0.960786 1.30254 1.06028 1.18101 0.990866 1.07927 2.10862 1.34977 0.841163 0.569967 0.759677 1.08051 1.01895 1.16779 1.22842 1.10797 1.03711 1.33036 1.37715 0.926302 0.895622 1.98467 1.55614 0.812869 1.16986 1.43201 0.83521 0.78094 1.97495 0.99271 2.14152 1.56306 2.21493 1.18982 1.09326 0.776531 0.834965 0.753006 0.817364 0.991371 1.59077 1.17056 0.894374 2.29282 0.878085 2.20123 1.12778 1.55534 0.985855 1.31547 1.13833 1.50447 1.51111 1.30329 1.20158 1.08473 1.64081 1.58583 1.95734 2.04598 1.03837 1.08583 0.734546 1.23786 0.764013 0.832759 0.908516 1.25223 2.87288 0.834275 1.83056 0.817506 1.22825 2.3551 0.982621 0.997538 1.78214 2.04989 0.862074 1.60066 1.67015 1.62837 1.04168 0.900271 1.08796 1.46747 0.820689 1.07607 1.35776 1.4695 0.623181 1.20657 1.20047 0.889242 1.54981 0.706794 0.590323 1.21167 3.09679 2.01971 1.25472 1.41496 0.975834 1.47771 1.29882 1.40395 1.55337 1.31398 0.928819 1.11688 0.732449 1.11894 1.04428 0.614056 0.566447 1.07008 0.941885 1.19402 0.886483 0.541457 1.71027 1.33542 1.55678 0.766954 1.10979 1.78074 0.618847 1.21157 1.8367 2.17215 1.97391 0.503359 1.94195 1.2188 2.64199 1.60109 1.31801 1.20864 1.34657 1.91769 0.986848 0.845983 1.55654 0.734336 1.47146 0.865468 1.06621 1.65188 1.75319 2.06235 1.63011 1.36755 1.5826 3.03798 1.14172 1.20391 1.56295 1.41333 0.851303 1.48696 1.21476 1.14768 2.13613 0.643241 1.85617 0.842532 1.32768 1.72667 2.05916 0.727712 0.876741 0.511428 0.900392 1.87221 0.577166 2.00271 0.854782 1.20851 0.463571 0.946174 1.04197 0.667143 1.81787 0.785505 1.26559 1.24104 0.971613 0.618185 1.2479 2.0824 1.06477 0.999911 1.06171 3.07531 0.912029 0.990363 1.44098 1.07688 1.46147 1.37265 1.12455 1.9501 1.30919 0.454133 1.02497 0.720148 1.09197 1.14756 1.23785 0.83425 0.705251 1.69956 1.00006 0.895879 1.32175 1.5028 1.21629 0.852113 1.57881 1.06714 0.645468 1.51162 1.49845 1.39693 0.970706 1.38988 1.13457 0.856822 1.65454 1.08431 2.24469 1.90667 0.56658 0.633018 1.47346 1.14192 1.34833 1.10586 1.5766 1.11372 0.910248 0.942857 1.78988 1.1892 1.29209 0.951068 1.33024 1.00271 0.98662 1.03734 1.8939 0.987645 1.07747 1.52422 1.35362 0.862044 1.39288 1.05694 1.81393 1.80838 1.03744 1.59711 1.3955 1.1444 1.19582 1.26353 1.10353 0.697963 1.08913 1.00186 0.631975 1.07253 0.999042 2.33492 1.08251 0.927948 0.905335 1.22439 2.70751 0.936482 0.7163 1.39103 0.524977 0.750904 0.833936 0.701508 0.85342 0.747298 1.2994 2.06537 1.84964 0.87688 3.64785 0.95229 0.597008 0.668255 0.783705 0.902598 0.766059 1.01352 3.39123 0.618859 1.1358 1.17898 0.881851 0.885563 1.25527 1.41805 1.33009 1.23362 1.51035 0.598558 0.780397 1.32195 1.08522 0.957176 1.1931 1.47657 1.34982 0.898212 1.65132 1.7855 0.742215 1.31347 1.36525 1.17309 1.2025 0.839988 1.64663 1.23174 1.01768 0.751299 1.0608 1.74903 1.81227 0.920674 1.33154 1.50558 1.5657 1.63863 1.01226 1.19202 1.64785 0.782517 1.59459 1.55584 1.33981 1.82528 3.31065 0.678944 2.00034 0.873574 1.67166 0.851127 2.1448 1.46654 1.28278 0.721731 1.98657 1.36481 1.01929 0.813429 0.94159 2.56218 1.3867 1.87878 1.89027 0.925682 2.40739 1.22582 1.16704 1.67173 1.27345 2.71346 1.66752 2.92085 0.826702 0.790169 1.49911 0.541324 2.37485 2.82679 1.98691 1.02958 1.59315 0.338289 1.02038 0.941639 0.536039 1.5299 1.4342 1.82364 1.19763 0.979237 1.70975 1.8027 1.00158 0.647058 1.51387 0.722509 1.99672 1.00084 1.39232 1.39612 1.50564 1.31779 0.919833 1.44575 0.773375 0.792158 0.878048 1.11762 1.13556 2.0663 0.710358 1.44912 1.12709 1.11948 0.815754 1.07292 0.609667 1.50424 1.58937 1.02603 1.12992 0.570291 1.4731 1.00572 1.07096 1.21414 1.23189 1.70392 0.995271 1.01432 1.99069 1.91018 0.82962 1.33784 0.517374 1.16633 0.973207 1.4826 1.29605 1.69127 1.38877 1.09841 0.855935 1.3399 2.16764 1.18955 0.797656 0.910331 1.7937 1.31357 1.22821 1.0693 1.40409 0.742584 1.85949 0.93422 0.976246 0.745562 0.775368 1.12554 1.00446 0.946728 0.80043 0.603669 1.23081 2.33292 1.20483 1.64793 1.18054 0.765866 2.18577 1.00121 0.682218 0.875386 0.895205 0.854364 0.972823 0.833279 0.926453 0.716089 1.3531 0.902399 1.06548 1.71831 0.966822 1.73514 1.25433 1.19571 2.06054 1.8945 0.698757 0.992481 1.29353 1.36796 0.987408 0.73146 0.96947 0.475651 0.530885 1.73022 1.47781 1.02118 1.32087 1.93798 1.4287 1.60545 1.57098 1.15798 1.55384 0.886574 1.48329 1.57709 0.998036 1.10807 1.5977 1.9767 2.25046 0.88886 1.49537 0.726405 1.26746 2.05072 0.972794 0.560463 1.75337 2.33192 1.28246 0.944007 1.30144 0.678317 0.536608 3.59045 1.51862 1.22691 0.88282 1.17372 1.01867 0.787158 1.24187 0.918 0.530594 1.1391 1.84929 1.00349 1.85075 1.12681 0.802922 0.979655 1.01331 1.29661 1.14653 0.90481 1.38578 1.81473 1.3297 1.12496 1.11631 2.64786 1.33624 1.08627 0.872736 1.82483 2.09473 1.28236 1.08376 1.24063 1.30732 0.588053 2.6486 1.06242 2.3636 1.10442 1.18098 1.61093 1.0338 1.22767 1.29364 0.450694 1.26225 1.06356 0.947707 1.66101 1.8846 0.727206 1.03238 1.13841 1.31761 2.1871 1.192 1.62571 1.14967 1.73564 1.34376 1.8551 1.08625 1.28505 1.09922 1.35597 1.75167 1.50363 0.515234 0.664031 1.822 2.25753 3.16627 0.960015 0.831811 1.15962 1.27379 1.47807 2.41506 0.699667 0.711837 1.45086 0.993418 1.17899 1.20925 1.81008 0.816389 0.714402 0.890086 1.08323 1.19594 0.914542 0.727635 0.879852 1.44109 2.04035 1.96625 1.03398 0.873451 0.708137 1.25935 1.97774 0.628854 2.25523 1.39571 1.54161 1.54161 1.44553 1.52381 1.93089 2.18791 0.76237 1.9299 0.888386 0.922645 0.674231 1.30719 0.654331 1.39144 1.62519 1.10786 1.10823 1.60677 0.961266 0.971168 1.25448 2.04064 1.41103 1.05436 1.20148 0.864071 0.544831 1.86293 1.04437 1.10056 1.21218 1.2315 1.35744 1.77761 1.24755 2.24495 0.572464 0.956916 1.41722 1.74953 1.87848 1.3297 1.27806 1.176 1.10759 2.30131 1.09944 0.906499 1.39352 0.511837 1.45776 1.88057 1.81533 1.6716 1.49682 1.06653 1.90747 1.33792 1.90366 1.09657 1.14512 1.95607 1.87413 1.28501 1.13612 1.22802 0.957099 1.15419 1.59107 1.00446 0.773467 0.464813 1.22695 1.25661 1.08999 1.1654 1.10647 0.671544 1.02964 0.998747 1.32416 1.68895 1.22771 1.20882 1.22088 1.59739 1.44952 1.21921 1.84091 1.54913 1.96326 0.853286 0.901923 1.25118 1.65739 0.706141 1.42996 1.15988 1.26573 1.56614 1.62102 0.862208 0.635973 1.39277 0.867534 1.54448 1.31877 0.987443 1.64496 1.10743 1.78494 1.25464 0.832649 1.56517 3.04837 0.734586 2.39499 1.33204 1.63954 1.35051 2.44977 1.18749 1.39299 2.80817 1.37305 1.57103 1.4018 1.5032 1.14681 1.13357 1.37187 1.48258 2.10772 1.02319 1.27881 1.19295 1.07491 0.998751 0.771002 1.95277 1.27651 1.20058 1.35324 1.14612 1.67171 1.6242 1.40452 1.62568 0.822588 1.50977 1.95519 0.421861 1.156 1.00574 1.10605 2.50308 1.3213 1.25463 1.29846 1.56894 1.53566 1.48826 1.55913 1.1888 1.14727 2.11627 1.49363 1.28929 1.20309 2.45517 1.26977 1.28646 1.24645 0.614335 1.10133 1.24891 1.74083 1.26271 1.64058 1.03178 1.00337 0.93866 0.592587 0.895115 2.2994 1.34528 0.813404 1.51558 1.40269 1.19619 1.73259 2.3302 1.36631 1.12626 0.675285 1.08812 1.06293 1.33337 1.22882 1.33667 1.45701 1.31215 1.13426 1.34733 1.37977 1.37345 1.75368 1.37775 1.08148 0.866223 0.715791 1.38889 1.30107 0.667186 1.29716 0.982121 2.08764 1.08198 0.754727 1.39044 0.96453 1.77619 0.876422 1.33916 1.79235 2.24199 1.13566 1.59802 1.22903 1.14353 1.78802 1.2723 2.50245 2.68295 1.16001 1.3965 1.09097 0.834289 1.03827 1.2124 1.90821 1.45553 1.17686 1.52486 1.05298 0.580254 0.711134 1.38221 1.25851 1.49942 1.90903 1.32367 2.14158 1.49624 0.606475 1.29623 1.62164 0.947563 3.38689 0.914524 0.822406 1.36084 0.890608 2.19612 1.90923 1.53839 0.662146 1.65534 1.77357 0.409585 0.874215 0.777819 1.29212 0.682979 1.51626 0.742877 1.37067 1.43792 1.69408 1.69444 1.19697 0.58293 1.14509 1.05337 1.89084 1.6785 0.813664 1.73854 1.3933 0.952534 0.716684 0.859917 0.666055 1.46771 1.81504 0.937924 0.800087 1.1071 0.818552 1.13372 2.20062 1.35789 1.1851 0.762366 1.83889 1.32541 1.39653 1.35921 1.2226 1.14501 1.34328 0.563338 0.56979 1.44755 1.59069 0.715751 1.28433 1.31739 1.7632 0.646371 1.36707 1.34103 1.5191 1.48774 1.14205 0.850426 1.02402 1.36199 1.14999 0.863284 2.11214 1.82214 1.71446 1.12171 0.91964 2.66529 0.698172 1.36291 1.62188 1.35945 2.00131 1.519 1.26201 1.35119 1.45293 0.604987 1.43457 0.93967 0.828478 1.4317 0.918774 0.959583 1.62296 1.35838 1.21781 1.70639 1.67676 1.25774 1.2406 0.475347 1.74801 1.02997 1.44604 1.68916 1.00901 1.48476 1.44911 0.909737 1.47662 1.76332 1.71972 1.83711 2.58881 1.68076 1.5756 1.42411 1.26443 0.974527 1.05498 0.828401 2.03149 0.653771 1.6158 0.825515 1.60428 2.74291 1.65692 1.88305 1.83683 0.64752 1.46481 1.30582 1.49351 0.787716 3.16002 1.28327 1.02913 0.997316 1.52693 1.56307 2.67382 1.0304 1.18778 1.35423 0.741081 1.5267 0.933577 1.02544 0.746401 1.93179 1.69324 1.07563 1.61982 1.13132 1.11887 1.50874 0.906858 0.66614 1.85674 1.10523 1.41896 0.88418 1.69418 1.73737 1.53132 1.54301 0.755192 1.21834 2.17394 1.31673 1.3915 0.792631 1.34464 1.34129 1.3498 1.83791 1.53684 1.43757 0.754992 1.38912 1.73513 1.36641 1.6243 1.20094 1.31879 0.804529 1.09434 1.27921 2.30389 0.507723 0.614363 1.261 1.61506 1.49975 1.60697 2.60539 2.04384 1.8748 1.90729 1.49078 1.15842 2.65248 0.916149 1.40335 1.17778 1.24792 1.12385 1.25144 1.01195 1.85463 2.10687 1.16587 0.910784 1.64368 1.6753 1.80523 1.63262 0.876168 1.05308 1.88531 0.870076 1.20293 0.867224 0.640446 1.75349 1.16458 1.50342 1.32989 1.9179 1.34904 0.93045 1.15912 1.253 3.30602 1.37739 1.76828 1.06589 1.41791 0.648573 1.65057 1.85648 1.61291 2.07914 1.21604 2.46535 1.32334 1.25059 2.15558 1.04416 2.05368 1.68923 1.37886 1.78307 1.01318 0.764164 2.66373 1.0981 1.18349 1.67828 1.69337 1.65395 0.809808 0.86951 1.5053 1.83615 0.715982 1.79148 1.2062 1.33209 0.788635 1.62693 3.02658 1.00115 1.9496 1.42172 1.39808 1.21942 1.01561 1.508 1.03065 1.41718 1.15559 1.06018 1.76042 0.973659 1.06625 0.616234 0.944174 1.27748 0.94895 1.16284 2.1685 1.55946 0.784018 0.970489 1.68125 1.17403 1.23817 1.51341 1.71502 0.933549 0.852914 0.996129 0.663966 1.73132 1.40898 0.902913 1.24657 1.08571 1.19118 1.49683 0.986877 1.23404 1.44293 1.31514 1.126 0.845022 0.951256 1.54995 1.60256 1.23722 1.24868 2.13575 1.79723 0.955541 1.26368 1.36914 1.0818 0.684565 0.93753 1.27309 1.23141 1.14921 1.27228 1.2453 0.944623 1.32617 1.10851 1.39436 1.48912 1.59034 1.66273 1.11545 1.16768 2.49073 0.909235 0.843556 1.4543 1.22839 1.84811 0.540101 1.30845 0.820878 1.04859 1.17607 1.52624 0.961396 1.18694 1.55903 1.73495 1.10391 0.637476 2.00931 1.38302 1.90014 2.23206 1.19321 1.37969 1.49457 1.72242 1.21713 1.19535 0.664612 1.63362 1.52245 1.4195 1.17498 1.85546 2.54137 1.11393 2.91805 1.74634 1.50661 0.531077 1.64541 1.29789 0.967126 0.767702 0.662143 1.44607 1.16002 1.17951 1.38751 1.83165 1.0069 1.279 1.45054 1.23098 1.30546 2.21229 1.19168 1.71327 0.539997 1.49105 1.26478 0.871254 3.52406 1.30807 1.7954 0.558778 1.77669 1.7338 1.58751 0.980723 1.18721 1.47227 1.20218 1.17334 1.19488 1.35288 1.19477 1.77597 1.38623 1.03895 0.748476 1.76709 1.43515 1.02535 1.65257 1.23136 1.06583 1.03351 1.27659 1.48229 1.22647 1.35832 1.96965 1.35284 0.944383 1.15782 1.77903 1.52398 1.25547 1.38739 1.51987 0.583181 1.57143 1.36377 0.868256 1.45319 1.1734 1.08975 1.85245 0.986062 1.37382 0.964115 1.20889 0.849221 2.12253 3.48842 1.72277 1.51784 1.12048 0.931776 1.07948 1.60235 1.8574 0.92932 0.957195 1.80708 1.501 0.854966 1.24802 1.30438 1.7421 1.49118 1.26069 0.834367 1.74495 1.5396 1.28227 2.09695 1.05773 1.28639 0.988211 0.784126 1.12872 0.644473 1.2509 1.2571 1.58993 1.22559 1.27453 1.89856 1.12403 1.52477 0.696596 1.26692 1.1727 1.24336 1.05947 2.58833 1.91661 1.42716 0.96012 1.73796 0.841511 0.871808 2.12018 1.6886 0.922318 1.37715 1.78059 1.29728 1.44239 1.69185 1.68229 1.17519 1.09532 1.59861 1.03366 2.27637 1.13227 0.897829 1.23661 1.87073 1.28314 0.804391 1.57721 1.44161 1.16728 1.23278 1.27129 0.612774 1.21076 1.70906 1.63364 0.76455 2.64378 1.57191 1.77416 1.12551 1.12798 1.15837 1.37904 1.4415 0.808587 1.26285 1.91738 1.57997 1.5382 1.54283 1.88241 1.31202 0.928603 0.582253 1.55043 1.77776 0.370402 1.28552 1.56225 2.17822 1.03646 0.92535 1.07719 0.868324 0.967803 1.35345 1.6701 1.30711 1.25351 2.1094 0.785213 1.73139 1.70662 0.923208 1.70284 1.28876 1.03379 2.11126 1.77874 1.04415 0.9005 1.55755 1.48793 2.00288 1.40992 1.04912 1.07707 0.900944 0.858069 1.13371 1.43748 1.14599 1.49989 1.52233 1.13854 0.746386 1.62165 1.69195 0.9124 1.199 0.726347 1.52083 1.96942 1.83128 0.952429 2.06426 1.19028 1.56293 1.3988 1.08279 0.894482 1.57565 1.7016 1.32997 1.0388 0.955041 1.24055 0.897246 0.883568 1.25923 0.715242 0.909515 0.789922 1.65696 1.42179 0.865543 1.23179 1.04156 0.863426 1.4849 1.47566 1.26418 0.829285 1.14847 2.20769 0.658138 1.19533 1.30991 1.28852 1.5631 2.08305 1.13939 1.26924 1.54251 1.49031 0.776871 0.90017 1.19591 2.27385 1.33294 1.03566 1.60178 1.56853 3.6344 1.38319 1.203 1.46007 1.02377 1.30169 0.745747 1.40868 0.975045 1.376 0.785748 1.15776 1.30589 1.41585 1.32361 1.21189 1.72088 1.32371 1.54156 1.27791 1.09239 0.934943 1.00453 1.29712 0.923786 0.74892 2.14608 2.04835 1.21736 1.15642 1.3391 3.42811 0.690063 1.45323 1.2729 1.1723 1.42132 0.843803 1.36209 1.02028 1.28151 1.84815 1.29233 0.921195 1.53773 1.09693 1.75045 1.07659 0.828304 3.19139 1.85859 4.41321 0.659557 1.52746 2.35821 0.979216 1.06478 1.58668 1.50852 1.22665 1.63448 0.709213 1.79366 1.21242 1.93112 1.30109 1.3107 0.567226 0.898307 1.29324 1.23733 0.953433 1.31874 0.852751 1.39462 1.83579 1.60334 1.11691 1.47656 1.92433 2.00343 0.775469 1.64385 1.702 0.892772 2.2517 1.86175 0.807628 1.65429 1.38931 1.48744 1.65834 1.32679 1.12738 1.45756 1.18875 1.31718 1.09022 1.43491 1.06106 1.50175 0.986707 1.50368 1.44951 1.65886 1.41028 0.725905 0.540813 1.42118 1.5244 1.29894 1.89534 1.60187 1.35427 1.20878 1.01854 0.890616 1.21966 0.606058 1.36079 1.65444 1.16804 0.663931 1.02402 1.73116 1.46334 1.22375 0.719186 1.5919 0.881296 1.1078 1.00258 1.73333 1.49768 1.0254 1.23065 0.994174 0.818288 1.12933 1.29351 1.9601 1.29557 1.50507 1.02193 1.09113 2.13173 1.25355 1.71324 1.61145 2.26858 1.42911 0.844205 1.96287 0.787517 1.34694 0.491448 1.23617 1.43081 2.47145 1.33693 1.44251 0.765624 1.45143 1.86848 0.770062 0.844078 1.75264 1.67031 1.67123 1.62224 1.01003 0.61778 1.60283 1.10587 1.45482 1.70851 1.57987 0.977125 1.29567 2.59119 1.86125 0.73365 1.11643 1.50088 1.35187 1.10056 3.32687 1.23403 1.03257 2.31704 1.78808 1.07562 1.35299 1.90988 2.46116 0.775149 1.40856 0.744155 1.76155 1.21038 1.5986 1.62854 2.24638 1.41249 1.34388 1.27916 1.00675 1.03463 1.40036 0.857616 1.10039 1.74415 1.81153 1.57111 1.19864 0.793535 1.20546 1.20501 1.25761 1.02346 1.30271 1.44392 1.16812 1.104 1.28845 0.731319 1.2723 1.8116 1.44377 0.896418 1.44156 1.42767 0.375465 1.36858 0.828146 1.4554 0.95599 1.28755 1.72745 1.59954 1.43157 2.14084 1.72817 1.94862 1.52048 1.20442 1.69587 0.808205 1.10297 1.58241 0.996345 0.706328 0.90923 1.20985 0.733969 1.06856 2.06603 1.66023 1.52711 2.75688 0.958569 1.52772 2.44276 1.35647 2.30241 1.959 0.981786 2.28085 1.69977 2.17516 2.27586 1.20787 0.645861 0.935373 1.37653 0.690896 0.850276 1.72972 1.384 1.11793 1.51954 1.47642 1.40784 1.98398 1.12841 1.27598 1.41619 1.14525 1.51439 1.27791 1.5651 1.67577 1.53616 1.42615 1.36685 1.60157 1.73317 1.7865 0.985984 1.94146 1.32515 1.60942 1.12436 1.62284 1.11634 1.7465 2.45771 1.7957 1.68682 0.576955 1.71784 1.76705 1.26193 1.26892 1.97728 1.80997 2.69661 1.93144 1.33451 0.853713 1.16402 1.73345 1.63863 1.71533 1.08162 2.34828 2.34972 1.73411 2.24818 1.09511 1.43335 1.31403 1.46085 1.30848 1.0414 1.52849 1.76304 1.59278 1.46106 1.60735 1.16218 1.38078 2.37004 1.35922 1.27197 1.27984 1.4051 0.781527 2.49812 0.791814 1.33476 2.14354 1.86638 1.46323 1.43421 1.80852 1.60214 1.12493 1.33569 1.85643 1.26918 1.24657 2.34373 1.74504 1.16033 2.62159 1.1519 1.39757 1.41791 1.06198 1.68426 1.56172 1.08935 1.3184 1.16865 1.3054 1.43784 1.94108 1.45049 1.51916 0.66338 1.24912 1.55051 2.16611 1.48092 1.65049 1.69326 0.842582 1.14727 1.52974 1.35237 1.42299 1.13068 1.03388 2.19354 1.46698 1.25948 0.850566 0.893051 0.564277 1.51545 1.8741 0.945007 0.746714 1.48341 1.05465 1.22526 1.26803 1.42153 1.76224 1.69236 2.16165 1.4873 1.21203 1.64739 2.01428 1.47875 1.74592 0.510482 0.845356 2.21844 1.82852 1.68092 1.29594 1.23268 1.46944 1.52632 0.839863 1.2888 2.03546 1.23535 0.736243 2.03716 1.74912 1.25414 1.32425 1.83961 1.49579 1.24939 1.67378 1.47866 1.57908 0.945158 1.04767 1.20746 0.884792 1.81475 1.18841 1.97781 0.828744 1.18703 1.31306 1.58935 1.44257 0.866 0.814801 1.72475 1.67409 1.40498 1.03629 1.67637 1.17494 1.69375 3.13685 0.869309 1.30703 0.921711 2.40233 2.96035 1.03146 1.36478 1.33804 0.714535 1.68212 1.32863 1.32624 1.89377 1.47296 2.41018 1.24307 1.73299 2.08299 1.38904 0.837951 1.53302 1.767 1.45807 1.14612 1.88625 1.33937 1.55547 2.23967 1.52331 1.27234 1.82706 2.29645 1.42296 1.87781 1.75228 1.26852 2.22597 1.34946 1.68325 1.08274 1.37301 1.78206 1.60075 1.22739 1.3336 1.98462 1.53121 1.11493 1.62498 1.91744 1.85395 1.42591 1.24151 1.48863 0.897032 1.70307 1.11814 1.33955 1.33266 1.49372 1.07926 1.35587 1.40144 1.38237 1.79206 1.25269 1.8634 1.01865 2.16512 1.24902 2.10223 1.34004 0.883971 1.71209 1.03321 1.47368 1.38775 1.91014 1.64499 1.47488 2.53508 1.72312 1.44276 1.78609 2.23265 1.64945 1.29646 1.49539 1.73016 1.82034 1.21057 0.757473 1.77274 1.11695 1.58429 1.40082 1.41084 0.878227 2.03518 2.2598 1.26476 2.13599 2.31987 1.06345 1.85855 1.93972 1.57237 1.35954 1.67992 1.1704 1.45998 1.15682 1.09254 1.7477 1.51755 2.27308 1.5412 1.49457 1.6724 1.49381 1.86923 1.84223 1.49922 3.39528 0.781041 1.54437 1.22138 1.27578 1.24249 1.83817 1.44999 1.73137 0.906649 1.10725 1.70102 1.77046 1.24382 2.77293 1.77056 0.827691 1.57795 0.580859 1.29213 2.41615 1.18037 1.27124 0.971547 1.51211 1.22542 1.27112 1.13933 1.15445 1.55554 1.74921 1.88444 1.36684 1.86515 3.17246 1.27275 1.5671 0.626341 1.16132 1.51262 1.22275 1.3739 1.35902 1.48678 1.24654 2.27115 1.56652 1.34503 1.96068 1.26924 1.30313 0.956285 1.38008 1.38472 1.27128 1.60007 0.708376 1.30024 0.714889 1.99112 1.56076 2.12434 1.96104 1.44712 0.968661 1.48021 1.96511 2.03049 1.71439 1.52554 1.03712 1.46367 1.31815 1.28189 1.57665 2.99055 1.40477 1.82309 1.17658 2.14539 1.10598 1.50285 2.12907 0.753648 1.78387 1.40766 3.60274 2.07681 1.56721 1.9015 1.6202 1.71091 1.95571 1.59264 1.368 1.05807 1.08107 1.2698 2.19288 1.50306 1.94912 1.03615 1.89593 0.785842 1.05812 1.84008 1.65742 1.41818 1.04049 1.37452 1.40454 3.37505 1.28439 1.96302 1.34052 1.45209 1.37675 1.37554 1.43517 1.46427 2.55554 1.26167 0.86987 1.80592 1.10105 2.07689 1.14092 1.57783 1.71545 1.44332 1.29899 0.874305 2.20998 2.04215 2.00059 1.11579 2.14666 4.21897 0.970828 1.87939 1.37862 1.34175 1.98459 1.76908 1.50278 0.981936 0.650709 1.80516 1.53175 1.77691 1.41778 1.11605 1.54992 0.66178 1.94058 1.49266 1.1409 1.13628 1.31959 1.59852 1.0122 1.18032 1.84243 1.23705 2.14764 1.53191 1.07387 1.51376 0.93058 1.69324 1.50477 1.34281 1.80303 2.96872 1.47071 1.37259 1.29763 0.955786 1.11327 2.67034 0.829997 2.87738 1.80692 1.1389 1.41291 1.04334 1.12488 1.3164 1.51727 1.33392 0.9977 1.78662 1.07285 1.66517 1.84472 1.02866 1.91351 1.47678 1.3468 0.976457 1.38786 1.68632 1.2738 4.54199 3.05593 0.981246 1.02234 2.04676 1.3623 1.29899 2.6193 2.31819 1.71983 1.15646 ]
@@@ Frame-accuracy per-class: [ 80.6538 55.9426 72.7909 67.533 71.889 71.3188 76.5416 54.6448 64.2615 67.1665 84.9828 52 68.3429 78.7127 47.04 48.9324 12.5307 55.8072 61.1501 72.6343 79.821 10.1587 76.699 68.3884 74.2574 69.6254 17.0103 65.6885 47.3885 65.8911 69.5724 56.701 73.9479 72.7337 70.8883 64.0436 79.7864 57.716 71.1034 82.1045 76.7584 30.4075 76.583 63.4387 72.1042 70.0422 45.5206 68.4842 80.7343 77.8484 68.4738 4.42478 75.6648 57.9501 79.5489 36.5503 80.9148 43.6066 82.1474 64.4936 47.8639 53.368 62.6187 27.1592 69.7674 64.7969 47.2316 69.0654 15.8537 72.0895 73.1765 62.8879 46.4594 11.1111 50.7766 76.0563 64.9836 56.8567 26.5472 52.8875 73.2861 56.8465 78.1959 1.4218 58.4856 76.83 60.7643 75.8884 16.9388 32.4497 50 49.4668 48.0255 51.1804 26.1682 71.5481 64.6232 48.7508 70.1991 8.80361 65.6761 70.1794 52.2353 78.9437 14.1892 67.1932 79.7409 78.1725 84.2174 -nan 56.1047 41.1009 43.5922 59.535 17.0769 75.914 12.4748 63.3674 71.9686 65.9794 70.2498 -nan 19.3227 77.12 58.5657 61.1684 65.0345 69.2742 69.4826 23.5294 67.0157 29.6296 82.1638 84.1121 47.7213 2.44755 21.0191 80.5071 79.1703 45.3431 77.3361 57.3225 52.591 72.9636 68.7717 57.7086 70.4116 36.9894 85.6132 58.7164 66.5275 52.7046 53.6705 29.5 68.5749 68.8995 43.6475 78.7247 51.3889 35 78.3758 40.7295 78.8546 -nan 82.1119 46.7787 78.1711 35.0394 25.6281 77.9865 60.5911 85.2273 80.8194 34.1902 56.5847 -nan -nan -nan 80.9626 71.471 64 85.7825 0 45.7637 44.8468 81.5421 52.1667 38.0952 83.4177 78.4004 45.2446 70.6215 12.0155 74.6488 73.4478 73.2531 52.4664 59.868 33.8542 63.2061 72.1219 53.204 69.1133 -nan 61.9888 74.8078 49.4361 76.3252 -nan 77.4016 71.9406 26.3804 66.5076 55.4878 61.7354 34.9845 35.671 74.1969 78.6917 90.8103 83.9361 38.2774 63.8634 32.5062 83.615 56.7941 75.6283 61.577 78.0543 86.4415 68.518 65.3385 27.9476 71.7593 76.7677 41.5132 70.9751 74.9788 66.5448 78.7127 75.7948 71.1886 82.4576 86.1966 54.4434 72.9876 86.914 51.4059 82.4316 71.0181 60.2828 69.2771 80.2506 39.6552 61.9048 66.3265 68.7607 48.2686 84.2493 78.7578 62.7962 74.6324 64.6598 48.8698 63.2321 59.8415 76.8569 82.5033 77.3471 55.6948 51.9833 82.0402 79.386 55.2125 62.7032 60.0293 89.7878 66.121 79.1758 62.9165 57.6237 60.4423 57.7008 67.543 51.3081 63.7492 46.6422 69.0383 78.5271 43.7101 56.7185 68.0831 48.0311 63.2603 73.2098 69.5962 48.4329 60.7168 73.3808 78.0381 58.0579 60.6422 63.0216 79.5831 62.0408 54.9755 40.3763 59.774 56.9671 63.0662 78.6701 54.7777 70.9521 62.2318 56.8333 66.362 61.1709 68.0132 71.6193 52.0488 67.6699 71.2137 40.0829 72.1344 64.7059 53.362 57.9882 78.0467 70.0029 43.6492 79.3548 57.8947 74.9773 66.6209 59.1013 63.7489 72.1388 49.9564 68.8587 65.8499 33.053 70.5018 58.4383 58.1974 84.4196 75.4717 64.9497 56.0529 63.0999 48.1166 45.8065 69.7529 69.189 60.8791 71.0714 43.5185 25.9542 71.9542 81.2102 67.1122 67.9134 89.5928 82.5959 63.7486 44.4444 53.0361 43.58 50.4294 52.4422 33.1247 56.2031 42.8877 72.5155 56.2635 76.1932 61.2036 82.1393 44.7501 79.483 67.3058 81.2742 73.97 80.4451 73.0916 72.6354 79.2196 56.338 61.5059 78.0136 76.0949 62.0172 67.3899 70.1524 84.9468 75.8094 76.1862 55.4496 83.4093 84.3308 57.1195 75.1917 61.4393 66.4723 72.4675 79.0345 70.0801 73.0541 40.2759 77.2162 71.6161 57.5278 56.6606 70.7532 49.0175 65.9427 71.1675 62.906 52.4609 73.8663 29.8957 74.9263 57.2006 50.8254 68.8862 66.6948 62.3923 55.284 45.6522 69.5672 77.9661 54.7537 38.0543 43.8798 61.7967 76.9719 57.9055 66.3167 55.2486 45.8617 75.5117 71.0895 82.0214 34.8168 35.591 62.1166 49.1493 32.2732 56.9277 71.4817 55.9311 76.9985 45.2144 74.6311 35.7143 65.2545 61.5721 72.3644 79.0743 45.8564 62.765 59.6987 42.6351 70.6923 69.3966 72.2674 74.9769 76.6384 53.0009 54.9521 72.8528 66.1905 45.098 47.4279 52.7704 58.1829 70.3922 48.9284 63.792 46.0358 60.8927 67.7728 64.4105 87.788 87.7631 46.1453 34.4348 68.1393 76.2662 71.5005 80.8198 45.913 65.316 70.0801 53.3793 53.5411 54.0995 40.9369 45.6635 71.9395 49.0528 67.4752 44.962 27.218 82.8279 71.7864 44.3421 76.0839 71.5606 64.7601 62.1463 77.2727 69.5864 67.8435 43.3134 47.4622 28.8676 56.9266 56.6874 54.6332 72.6218 50.0644 71.1462 55.8442 60.388 55.5184 41.88 69.6784 54.1039 38.1159 79.5666 74.5022 56.444 66.5738 34.375 46.2077 49.7307 74.5538 66.1392 59.2461 64.9071 32.5731 59.5608 54.2597 79.3091 86.8152 62.1961 77.4521 67.304 72.5368 59.4909 79.4686 77.7778 54.058 48.991 26.975 52.6451 81.0127 67.1463 77.2502 78.5388 70.7382 72.181 73.4881 80.9094 69.4832 41.6744 78.978 64.2045 50.8494 46.1538 74.6819 70.8333 44.5747 45.4845 67.6445 80.0501 48.7912 38.7283 59.1468 45.565 81.6877 57.0529 70.2595 79.6302 68.8213 68.8654 46.2068 78.5532 53.6166 64.2813 55.3571 60.0873 73.2558 74.7377 76.4423 81.4781 52.1657 52.1311 82.6243 69.2246 78.3458 53.9871 73.5705 62.9091 78.9891 71.8487 73.6967 81.6438 68.2827 79.075 60.9761 64.0738 40.0442 50.06 48.3055 37.8702 58.8215 57.8554 77.8986 53.6571 78.0597 29.681 88.838 41.0638 67.0513 68.9349 58.7886 77.646 56.837 61.2524 42.6426 62.9681 81.0947 42.6107 51.959 68.8019 67.5946 71.4327 51.4085 50.4096 70.1599 72.9427 39.233 68.4211 61.1314 70.4861 73.9486 65.8841 67.962 72.067 52.9371 60.6943 80.3044 44.1643 50.5025 74.6411 50.0505 67.6383 56.6191 64.6722 60.4317 66.5354 67.3759 85.2305 25.6757 58.2312 31.8552 33.1063 55.2699 56.5421 63.9027 31.4735 64.8701 59.3123 67.7974 62.461 79.2705 22.0779 63.1861 37.973 65.407 63.0298 54.7473 18.8811 65.8911 67.2982 43.0223 71.3964 77.067 84.6868 80.597 74.1935 81.5967 71.7526 65.6489 31.9688 47.3373 62.0417 62.6426 60.9328 70.1942 60.5115 82.5055 62.363 70.6244 41.8327 50.5376 65.4278 42.7532 51.2548 64.8585 76.1323 57.3709 91.9791 68.4088 71.1648 80.1732 57.2197 62.4662 58.3501 72.7608 69.7458 55.4325 73.2394 86.0553 66.7676 46.5074 69.0239 59.127 75.0122 35.7997 45.6942 64.7959 66.7592 79.1909 59.4745 55.7924 62.0161 63.9368 77.7096 39.0704 72.733 75.8003 85.9723 55.7013 82.444 63.7412 65.8333 51.746 50.9572 79.4363 68.985 77.0972 49.5301 66.9508 86.3941 71.9082 60.9735 76.3066 71.3735 71.5015 52.2145 81.6194 83.4229 56.5966 62.2112 79.0301 53.4884 81.676 49.7817 61.9958 48.9822 71.1251 73.1622 70.1938 73.1233 69.7168 36.0966 76.3158 58.8809 56.0666 73.426 49.0269 61.2028 61.3407 60.0967 56.5784 53.0098 72.6002 61.2922 75.4732 59.5238 43.968 70.4968 73.2569 88.218 61.8421 64.624 75.6466 77.0428 76.8757 54.7025 67.3219 70.2443 77.0727 82.2735 70.3563 45.3776 51.8519 57.0881 53.7535 77.3741 66.0611 18.4676 65.7074 71.1239 52.5483 54.7437 67.9306 71.1438 35.4942 49.0254 69.1286 29.2383 64.7436 71.7775 46.7074 51.271 79.5954 70.0315 64.6055 81.7614 66.8086 66.3364 68.609 64.5706 59.0049 53.3844 87.4825 79.8494 53.5377 78.19 69.2973 75.8719 68.4923 76.4761 33.2461 60.9914 68.4488 40.9756 82.0253 80.2593 75.7705 77.2484 72.1466 83.1856 76.2841 40.4635 64.5788 47.5463 59.3492 74.6371 82.6347 44.7046 79.0673 74.9466 75.3115 67.8571 42.025 68.3698 73.9045 63.6643 56.1338 42.3788 63.8186 79.2038 42.7284 76.1158 42.7197 59.4538 82.446 53.9033 79.1297 71.9956 75.8193 82.1263 78.7133 61.5186 67.4419 66.25 72.6334 73.3434 67.4208 67.3759 74.3396 72.3293 50.3871 36.9363 38.2419 19.1781 63.9357 9.81735 40.5172 66.2891 66.2025 64.1386 72.2606 76.2158 56.6684 57.0423 63.6561 49.5652 25.2011 63.9321 55.7117 66.2465 86.0246 72.8017 70.9364 74.3323 77.8502 41.0455 60.5538 35.1792 70.1526 80.3882 57.1737 82.4733 81.8436 84.4253 63.1396 82.2391 79.949 65.7772 5.15464 57.4074 57.6105 58.9109 10.9804 87.0867 67.6022 71.3908 60.673 78.1943 56.8992 61.2777 67.2173 42.1947 68.4095 70.5289 62.6177 72.0076 61.7155 69.9401 66.7532 70.553 69.01 41.2444 63.1857 73.3533 84.4141 76.2934 69.3351 64.1646 61.6973 60.597 66.5793 67.2883 63.6704 58.5095 72.3389 74.5384 42.9257 40.7194 74.3317 64.566 60.3587 73.6176 76.3194 37.1574 66.7159 45.4992 51.5121 32.5482 64.4383 69.7028 77.0093 73.2759 78.3207 75.4118 68.1187 54.5745 68.4441 71.7024 38.7187 76.5888 34.4075 68.6176 52.795 69.5599 60.4662 62.2613 50.5208 51.6725 63.4371 62.2018 65.4258 53.9326 54.858 38.2615 40.868 67.968 68.8276 77.8817 60.2252 78.4568 76.5204 72.5599 62.8297 17.321 74.4898 47.7246 73.3974 64.1108 25.5276 73.75 64.9497 51.6414 42.3898 74.1526 53.1716 50.8899 55.7878 64.2019 76.0927 70.4133 50.5769 73.7418 68.8889 62.4183 57.0388 82.0192 64.8038 65.7414 73.688 46.6089 78.0604 82.8183 61.8696 19.7605 46.6667 64.3513 59.6464 73.4231 57.6329 56.5898 46.1106 54.6314 57.0081 73.6475 69.493 78.8074 63.6724 67.4603 80.8158 82.6753 69.0947 73.0781 61.7558 74.8991 82.9593 49.9679 59.0711 52.0677 75.564 65.7279 48.1531 81.6772 57.4941 40.8705 35.4876 44.4637 84.548 39.233 65.8801 26.1553 54.6275 61.1793 58.2215 52.5943 27.9977 69.0076 73.9369 53.2819 77.9596 60.0093 73.2692 67.0605 42.6357 48.7881 44.8529 51.7774 59.9729 49.3994 22.3469 63.7024 62.7151 51.0373 61.4312 74.8508 57.9696 58.8072 62.4444 43.6073 80.0813 44.0206 74.605 60.8997 47.2471 43.7018 77.8651 69.3548 83.9962 74.0418 54.1104 81.8982 53.6458 74.0365 62.8718 86.5411 69.8419 68.9141 79.528 55.5556 79.2713 61.1672 60.5869 70.855 82.2829 60.3448 36.4162 71.3718 66.9028 68.7114 11.5538 72.205 68.9731 58.5492 69.4228 52.8226 61.7472 67.3301 45.9902 60.3989 84.0075 69.5683 79.1121 68.4647 60.7261 61.1034 74.864 78.7974 46.9388 70.5311 72.816 61.2203 56.0945 64.5228 73.6559 54.677 68.9746 83.663 56.4114 51.9186 58.074 69.6777 59.5601 66.1677 72.7011 47.1154 65.7143 30.6268 45.6095 84.0714 80.1987 53.178 67.927 59.3963 61.0677 50.2131 65.0352 73.3281 72.48 44.0162 66.6667 64.0416 74.7261 57.6613 66.7445 71.6081 70.0255 42.013 71.943 65.6459 57.6923 59.4355 76.2332 61.2766 68.3252 47.3793 44.4685 70.7382 48.2996 61.2648 62.6863 66.9371 65.7606 66.8795 78.9939 66.047 68.3219 82.2447 68.7787 70.8774 31.2895 67.5857 71.3126 73.7273 58.9454 31.6327 70.9022 78.4444 57.1159 84.0628 78.3203 73.0263 78.4091 73.9888 77.7526 62.204 34.3696 40.0911 65.3084 1.65289 65.3539 82.6331 80.2591 77.4159 72.2428 75.9036 72.9598 5.89286 79.5914 67.1463 66.4808 74.7841 76.0334 61.9658 61.4407 63.6735 62.963 53.9696 81.9763 77.0186 61.7722 66.7946 71.4996 59.2137 52.3616 49.7191 75.0729 51.8868 46.4084 78.4815 55.3437 57.5117 56.7513 60.7029 74.3912 50.8772 56.6628 71.8425 74.867 70.8696 43.6291 45.6827 72.2868 63.8298 60.0316 51.0542 52.2545 72.6397 62.0736 51.2308 79.6354 56.047 51.7691 61.12 46.9667 21.6828 79.5257 45.0637 76.1589 41.5736 72.8976 29.3843 58.9844 57.7236 79.3165 37.963 57.3263 70.7535 77.338 72.4704 24.3827 58.1353 38.9091 43.4657 72.3484 34.6851 59.7561 65.1629 51.6908 62.5247 16.8367 53.5682 8.61244 75.6579 76.6605 55.3904 84.0323 33.7209 16.7496 40.4878 65.7361 54.908 90.9017 69.8898 77.2091 84.1636 53.1577 57.257 44.3414 65.205 70.8845 41.5198 51.2903 71.9608 81.2706 55.7484 78.4224 38.8199 68.6127 58.2528 55.093 54.2512 59.6037 74.519 51.5205 76.1661 75.7975 73.6013 68.0122 66.4816 39.5437 79.2965 56.7139 62.0626 66.6052 74.1997 64.8361 82.6818 53.9568 52.7206 69.4676 60.4345 82.0285 58.6017 71.7452 67.7903 62.3596 60.6127 46.755 72.0138 70.4036 51.3889 50.6122 73.5306 59.349 85.2197 62.9296 70.1307 57.5945 55.8117 51.4925 59.8086 71.3427 73.771 58.7209 36.1496 62.9509 76.8813 73.212 50.8016 62.7149 63.802 67.4041 59.1284 78.4098 45.1095 73.0061 70.5392 79.3522 77.6824 69.6266 72.4823 71.8223 75.7576 82.2515 63.832 31.5407 64.8432 53.2334 58.1493 79.1567 38.8923 72.3825 76.7123 71.0784 72.8257 73.4118 67.721 72.94 74.96 78.6044 59.5238 71.5129 71.5337 50.7143 71.1253 46.5806 61.723 67.1528 41.6388 43.9752 78.3653 70.024 61.6084 58.2026 72.3939 77.8958 71.9018 86.6758 83.122 54.2453 52.3359 67.245 58.3075 58.9431 55.3688 48.3693 56.4593 64.8241 55.0613 72.9861 56.147 55.9576 73.0093 68.4136 43.9919 42.467 44.9612 73.6993 54.7818 79.8845 61.9754 38.2454 73.3491 82.4151 52.2681 32.2904 60.7325 73.2708 52.717 79.4279 84.4788 5.72207 53.9244 59.2939 74.5935 63.312 69.3285 75.9259 62.2356 71.2812 83.2802 63.9212 43.7209 72.0802 42.0996 66.6667 77.787 70.3863 67.0968 62.0225 62.321 75.3781 56.6637 49.4832 59.353 67.6447 68.1308 26.2144 60.439 67.793 75.9838 49.1879 42.2844 60.227 68.4154 61.2153 57.8009 81.0281 27.3684 68.0641 26.2755 63.0756 64.5995 50.6429 66.3866 64.3741 61.5458 86.686 55.615 72.029 72.6348 52.3236 48.5161 78.635 69.6133 66.221 57.0833 36.737 63.4506 44.8537 63.1179 46.2085 60.1136 45.3217 64.6982 63.4014 67.3215 61.8201 49.2142 57.2372 83.421 81.1758 44.0212 49.6988 17.2152 69.5757 71.3361 68.1063 62.8019 55.9322 29.8988 79.4579 80.9461 52.5617 71.5434 59.6983 63.3545 46.423 70.417 77.5062 73.5935 68.6673 60.5571 71.7984 76.8324 73.5099 54.455 40.732 45.758 66.9679 74.4012 78.1348 64.6645 37.5053 81.8257 31.2161 55.8891 53.7438 54.9097 53.0435 56.8835 42.4482 36.96 76.8194 37.2642 75.7872 72.7995 78.1009 57.8212 81.7443 62.4051 46.6727 66.4706 69.8734 59.5104 72.2931 71.2854 60.28 36.6834 60.0422 68.4528 67.4005 74.9684 83.2065 47.8747 70.9691 65.4083 64.9094 61.2985 60.4265 45.2128 64.3921 33.9819 83.3173 71.7742 57.9055 51.4758 44.1838 61.2776 62.2883 68.6855 70.2738 37.5131 64.1189 70.5882 60.3979 85.6805 60.3764 39.5767 44.8043 49.3023 54.5741 71.3662 36.7825 68.0944 53.6993 64.573 68.6861 42.6119 50 68.4884 66.0457 61.991 71.2519 67.2727 56.9444 74.3304 75.5993 87.1037 65.8375 55.6135 68.0311 67.2854 65.1634 80.7343 64.0845 71.5221 61.1186 49.1582 63.5215 64.9624 62.5185 49.6124 52.7917 60.8145 40.8575 53.1915 39.6388 75.4167 69.5885 63.6308 52.2523 78.3871 60.9412 61.7965 57.5154 52.0966 52.5881 75.7921 82.2595 58.8808 74.6399 62.5261 61.9938 72.5936 51.6473 68.6098 51.4077 61.4925 72.3691 59.7257 7.93651 80.1017 32.4719 58.9032 51.0076 56.2849 30.2914 62.3808 63.2366 11.7284 64.0759 52.4574 60.8974 50.9102 68.0149 66 60.4184 48.254 43.29 70.3795 60.0893 68.1818 68.9584 70.49 77.0192 45.717 61.3122 68.4323 61.706 63.9822 51.105 51.2389 51.5321 56.8483 75.8732 61.0195 46.5082 87.2047 65.0209 66.4315 66.6491 31.7495 61.3569 61.3569 58.3432 55.494 54.0449 50.6061 55.2359 61.246 66.5824 38.5517 54.1607 63.1868 65.6267 35.5786 55.195 60.5847 62.9243 85.9008 65.3768 63.1615 51.046 62.9276 55.4398 69.2918 70.4178 71.9442 82.0619 69.3637 34.323 63.6888 73.2966 58.4055 55.5108 54.8411 44.3966 29.1866 58.6751 67.0404 80.5423 66.7306 67.2287 58.5167 60.8312 59.0106 63.0488 58.7748 67.3913 59.8629 58.9744 60.2972 47.8508 58.5648 69.3791 70.8973 78.9529 68.2731 58.3641 79.2378 61.2875 67.9525 38.1081 65.3475 79.1827 52.2308 72.1764 53.3811 75.4353 61.4229 51.6611 21.7284 68.6721 53.3191 67.9104 68.1159 49.8408 65.6739 33.5593 17.8962 66.1369 55.9732 67.9393 74.5777 70.8514 63.528 43.9169 58.6957 68.5934 53.8186 67.1491 82.8145 78.5733 61.3098 58.023 56.1728 39.084 57.7088 45.4369 52.459 83.4507 59.1084 56.3424 72.6733 13.1313 72.5755 74.1796 65.2916 72.6047 34.4966 39.9094 50.3962 80.0211 52.2748 48.9684 86.876 74.0116 76.6547 66.5487 78.7252 50.8618 76.5943 61.6352 53.6271 44.2584 47.8528 62.2356 82.7206 70.737 67.8663 40.3 52.7309 77.6277 45.5381 61.2688 71.0971 79.2723 75.1759 79.7682 56.3546 49.7533 72.0894 77.8547 65.6878 76.1229 67.3257 40.4384 47.0854 63.2576 79.267 46.9906 63.9566 58.4648 62.8031 60.7252 64.359 57.5939 83.0789 83.218 56.5152 48.2372 79.4732 55.1453 61.1111 40.275 75.4865 61.3707 59.7338 59.19 57.1585 68.1211 73.1932 66.753 56.9089 65.5808 72.6992 39.7816 46.1774 49.4118 65.5423 72.819 24.618 80.3879 62.0482 51.872 57.4728 43.0986 54.2656 62.5693 60.9284 57.5954 80.6445 60.6852 69.6672 71.8487 54.6056 72.0288 75.6708 49.9062 62.2155 59.082 51.6596 48.3168 63.6364 61.8761 86.7872 49.6573 71.3665 54.3478 43.083 69.7809 54.0156 58.2016 69.3736 52.5692 51.8675 45.9741 43.4978 29.6296 48.7796 59.2437 58.0243 61.9744 70.6343 70.1739 75.4429 39.6878 79.9446 50.6329 73.4394 52.5773 20.5882 53.4462 42.1138 48.0583 79.2377 56.5574 60.5991 58.6758 78.8597 15.0602 62.2434 67.7957 69.322 52.2537 40.4491 19.5257 67.8937 64.0449 58.0977 79.4772 54.8168 69.482 68.2147 77.898 41.2892 50.5539 63.3766 53.34 64.6291 69.6629 54.519 71.2065 81.0342 45.1613 61.7662 57.7966 75.1451 48.9157 50 56.6116 52.2791 77.7778 63.1751 30.5263 59.8205 56.0941 74.2331 60.1223 60.1064 60.4452 43.3102 50.6297 55.2839 80.1354 50.1389 49.7336 61.4936 48.4419 62.2984 62.5173 75.7615 67.5159 61.5575 29.9003 85.4804 81.2727 62.3108 53.0688 55.4054 51.2281 32.4468 45.6103 41.8054 44.8489 52.6139 63.2193 30.5136 72.2723 53.6743 62.2222 61.037 63.5365 65.0641 69.1038 47.2588 43.4387 63.138 72.9092 52.2716 55.4859 44.5561 51.9266 73.3054 68.7879 36.4611 74.8144 67.0565 71.3892 80.4762 47.5697 62.4445 59.5089 61.8549 40.4541 58.4011 70.178 64.2747 63.6364 18.4211 60.0939 46.9149 68.72 53.6913 75.8451 49.3488 50 54.6875 37.2061 62.1317 34.5471 61.7739 59.9266 34.2623 68.2303 38.8563 54.0338 50.2085 45.2617 69.4444 74.4741 27.0428 62.2196 68.4044 47.4874 60.3803 51.1742 77.3778 70.6924 56.8556 40.9263 77.3563 46.4333 63.7695 63.8451 73.9455 46.0211 20.9877 68.3871 43.52 59.0613 53.949 61.4746 70.675 53.2006 68.1858 50.6308 60.3685 66.7707 46.3757 73.2892 68.6237 80.8592 70.8105 62.2114 74.0698 61.065 39.3082 54.7802 77.7825 69.1511 51.7653 62.5 63.3867 58.7413 50.4425 72.1939 74.7599 67.9917 80.4799 50.6082 65.4597 71.815 63.7009 64.8148 62.1147 58.6276 72.4926 63.5548 55.2925 64.5793 65.5446 75.345 69.4732 55.3055 52.5996 62.818 67.7893 37.0899 46.1331 73.6842 60.9475 59.5174 69.2266 82.6339 71.6292 60.0851 63.6769 65.0444 61.7535 62.6305 72.9323 62.0985 70.1241 55.2799 60.161 53.8321 53.1587 71.2418 60.9244 34.3486 71.5445 72.1333 62.3602 59.9775 46.6667 83.5552 63.3159 75.0748 69.9447 66.2545 58.5023 70.7027 61.4512 55.7707 44.5074 65.5636 82.6933 44.5205 59.9145 50.838 25.7353 61.7791 54.0628 50.4015 50.9636 61.1443 62.8 79.6505 53.481 57.5059 58.6707 65.3222 45.8086 24.8016 66.3057 13.9952 49.4427 57.5506 83.4481 46.5849 60.4746 74.4573 75.5102 80.1711 56.6096 65.9983 69.3426 57.6446 43.4539 72.6018 64.5551 61.0354 64.8481 61.6942 36.9249 64.4397 49.0374 83.4921 55.2029 64.6893 71.2766 11.4159 60.1839 49.0214 83.1107 38.469 49.6336 53.3058 70.9035 67.0434 55.8846 65.1007 63.948 64.1053 62.784 57.2 53.0935 54.6175 70.1284 76.7544 54.6632 58.7547 71.2022 34.9867 62.6214 66.9432 68.8511 59.4086 52.8421 60.9864 59.1476 42.182 58.7462 70.1582 64.5578 47.6938 54.6218 55.1619 56.0606 48.4226 82.8017 47.5442 57.8924 74.4557 60.4723 65.2402 71.1681 44.7991 71.3418 62.1293 66.6763 65.6471 74.1835 38.8732 11.1831 52.133 44.4948 62.3974 71.6756 71.8207 59.5472 47.182 72.5466 71.7765 45.4323 53.3352 74.271 68.8641 52.5623 43.8994 58.5944 64.8983 75.6178 44.0385 51.6181 54.0796 47.6465 66.6479 65.7609 70.9861 77.2192 63.8596 78.8549 59.0616 62.3477 53.2315 64.5036 61.0559 42.9187 69.2645 54.7891 78.2837 58.6496 64.7017 63.9821 68.5066 33.9019 42.3989 60.4462 68.8513 48.4321 74.0852 73.8051 34.955 44.5283 70.7533 64.0502 43.6198 62.4449 56.5931 48.4621 50.6513 63.9006 66.0359 52.0432 64.7141 36.715 65.0224 73.6242 63.2156 45.6722 62.1315 75.0111 49.7973 57.265 67.8124 65.1469 59.602 82.3082 61.6561 50.6772 52.2523 76.0746 16.2896 51.8938 47.6898 65.6203 66.2399 66.7753 58.4 55.2894 74.702 67.8756 44.1044 53.99 48.3804 56.0382 39.0798 58.6873 71.8535 81.8567 51.136 49.0051 89.1359 61.9243 52.1085 37.4106 68.1394 71.1994 64.7705 72.9426 67.0516 57.8208 55.6291 62.5066 63.5313 44.3023 78.3875 47.6854 48.1493 70.8616 52.8814 61.6757 68.1145 39.7943 48.2955 71.6875 71.7562 56.3244 56.4254 48.2287 55.2292 70.1363 66.7734 72.6463 71.4147 63.54 46.6311 63.1332 58.8608 47.9798 64.9635 77.1074 52.6275 51.0684 74.2629 63.6784 77.9653 56.1266 42.2294 54.845 75.2593 40.6066 66.8956 50.4651 58.4095 70.1178 76.5074 51.1434 48.4171 65.0667 71.0498 70 62.2938 75.1258 74.1508 64.5018 77.9425 75.1032 74.3344 44.9761 56.5587 73.2534 63.3108 69.6066 78.8177 57.9176 55.5765 62.3256 74.537 67.9734 33.8449 79.2463 64.411 59.5595 62.9293 51.7745 34.6878 64.6989 66.109 57.5244 57.3501 74.0418 73.6018 58.938 40.6162 62.9379 71.6513 55.2734 55.8224 17.9747 65.2291 63.7181 55.719 71.4286 58.7514 77.3537 60.1508 70.5005 59.2744 78.1804 66.3492 59.1359 55.301 65.0619 61.6606 41.21 61.4679 55.2736 66.7368 65.1605 70 71.0736 62.7144 70.2703 77.6482 36.6167 43.214 60.0608 67.7557 58.1976 7.96875 80.6477 51.8367 62.0934 64.1355 60.9445 72.7273 60.6702 66.895 62.1477 48.8073 62.0564 69.9559 49.4079 65.0265 51.1299 63.7491 76.5071 14.4638 43.1772 6.16883 79.677 58.7179 32.6087 70.0508 68 50.712 56.9288 65.6203 53.1734 80.8038 49.6302 68.6391 36.9096 62.9338 61.8526 84.0231 71.112 64.3312 64.9146 69.0748 59.4548 77.2409 53.3531 47.662 56.0825 67.9768 54.8443 50.1429 37.6361 75.9033 51.4056 51.1942 73.6806 37.9705 45.6817 72.1179 46.0241 61.7918 55.6858 54.8956 53.2981 67.2793 58.5145 61.1702 60.3713 68.4382 58.6379 68.3917 61.1588 70.7812 55.1724 54.9462 54.0694 56.6149 76.8754 82.7529 66.8937 56.3778 57.3211 50.2587 56.5397 60.4043 69.5652 71.5675 72.625 65.3675 82.1918 54.6172 54.2169 64.3753 76.8429 69.0037 46.0307 61.9543 58.4641 78.6062 52.6558 71.7443 68.1787 71.8199 40.8163 53.5817 70.1885 60.0278 64.4176 75.0929 67.1394 62.0325 49.163 58.931 58.3 71.2329 68 34.9065 63.322 48.8131 55.9965 34.767 51.583 74.0173 46.1382 77.2386 58.4718 85.9688 60.5634 53.4953 33.9009 61.3734 57.9306 78.0516 58.4372 48.9083 77.3973 76.4871 48.5537 51.8186 50.6494 51.9741 70.6314 82.5374 56.4767 59.5793 57.2993 53.6745 56.3677 73.0639 55.7916 28.6943 38.7698 77.8413 68.9971 54.0096 60.507 67.2608 16.9557 62.6076 71.0194 36.234 58.6058 71.3652 57.0312 42.3077 32.7635 77.3949 58.8095 78.8732 42.7446 63.8457 54.9556 55.9425 37.4768 62.228 63.5163 60.6125 68.6405 72.1304 51.9729 74.3478 68.2386 50.3251 49.9297 54.6105 63.0209 75.6953 67.8054 62.9834 58.5506 72.9378 60.4124 58.4949 63.5005 65.8091 59.6946 79.1485 65.8136 46.458 57.6398 73.7279 59.1784 56.3873 90.1028 57.7465 75.6923 57.6449 73.097 62.685 51.0776 52.6646 58.0048 37.6702 49.6476 41.853 56.7616 65.2972 50.7305 77.461 65.7875 55.6285 67.6036 78.8954 73.212 71.0879 75.9947 69.3258 40.6045 57.1826 56.5038 28 69.9784 54.3628 37.9618 57.9513 33.7079 45.3883 69.604 36.3636 50.8653 36.1602 40.566 64.8434 79.6748 74.5349 58.2387 79.4018 77.4056 44.8394 62.4803 68.8097 55.8586 54.104 55.8118 46.7615 67.4775 63.7931 56.1103 67.0332 55.3883 62.7827 53.6867 49.2628 52.4022 56.0574 60.5771 53.3716 50.318 49.4024 68.1125 43.4028 61.985 53.96 67.2578 55.0245 64.3959 48.4721 35.4904 50.4983 46.6599 82.5512 53.7004 47.0932 59.2162 59.094 46.5572 37.3399 27.9126 46.4286 61.244 73.2466 64.956 47.3308 55.3812 43.242 68.3266 27.8137 29.6578 41.6179 32.0988 68.1752 64.7627 56.9655 56.4427 65.8519 70.5545 55.0622 48.5235 54.8348 56.5686 53.5273 59.428 58.3102 37.4169 57.1695 62.0318 63.0081 61.1877 75.4765 33.6082 79.8966 58.8049 45.0351 50.8264 57.4369 54.5714 49.0169 54.0316 65.3784 55.4793 48.2234 62.9937 65.3537 39.7906 48.0185 65.5084 17.1004 67.0055 58.5594 54.5455 68.403 52.4672 55.6461 66.8834 56.8697 66.6253 60.4185 56.7262 46.5296 59.7756 57.1956 78.509 61.1038 54.0659 42.8152 56.0286 55.2019 48.6059 77.1017 63.0986 55.6575 60.1262 52.9579 65.2013 67.9722 35.0413 58.3479 63.8627 74.7145 71.303 83.6263 56.4831 56.6416 70.1149 76.2165 48.8807 67.0043 62.9665 62.8031 56.6997 48.6222 53.3721 34.9624 58.2984 60.5848 53.206 42.8689 52.2397 53.9859 86.6535 71.8579 40.3909 42.0552 53.1329 59.4121 61.939 57.5138 51.2085 74.9389 62.1611 42.0749 60 78.7045 48.5477 48.6597 62.281 58.8793 48.332 57.3624 63.7473 53.5585 59.6789 56.1535 71.7339 65.7863 68.04 75.2603 51.7869 64.5141 47.9499 76.6831 65.8341 66.8817 57.0601 55.1623 75.024 74.6289 49.5267 51.3326 59.1463 66.9709 49.0104 65.304 51.6833 26.6798 73.8664 63.5163 73.1726 34.5616 23.9496 66.1162 59.6218 61.0583 78.6325 48.742 58.8362 60.7174 44.708 57.2741 45.2857 60.1111 47.5426 38.1855 61.7148 73.8744 53.3279 39.8844 55.0633 59.3939 44.5186 60.4693 48.3309 39.558 53.6554 56.2264 47.4201 35.2533 60.6232 44.3081 47.0958 61.7112 41.7247 60.2151 50.6224 66.1853 58.8725 47.6041 55.3229 60.6673 60.5378 46.9352 50.8698 70.5575 52.3232 46.0076 43.0544 56.7827 59.9528 60.8225 70.6604 48.4184 61.8131 57.6727 60.9061 49.8706 65.6958 56.7863 60.2117 59.7903 45.5414 60.7106 45.7293 68.6364 42.7757 62.8003 38.9691 62.776 72.444 52.4811 71.4516 58.8559 60.0673 47.2549 51.9011 56.9921 34.3558 49.4972 55.8067 48.883 38.2576 47.7175 59.4964 49.8335 46.0285 49.3069 62.2449 76.5399 51.874 67.6923 52.6734 55.5416 54.2175 74.1861 41.4514 39.314 61.6984 38.2812 33.9163 66.8239 44.1832 41.4729 54.3078 57.6621 42.6321 65.1626 56.145 63.4047 68.9032 44.7368 53.3283 39.7638 58.4986 56.6109 46.7259 53.5597 49.7812 45.3413 57.0407 11.4583 75.1544 54.6392 64.4604 59.0189 66.8421 52.8905 58.7852 54.4218 71.9899 66.325 52.4507 44.9393 64.2418 10.274 51.5247 74.3647 56.0146 81.6173 63.0819 32.409 65.2511 62.4576 73.711 51.4242 69.1473 59.0731 68.006 63.8713 57.5269 51.6149 45.1613 61.5699 46.4251 17.6136 58.3869 53.6577 81.4485 68.426 59.2879 65.8393 62.787 56.4989 61.1199 62.7468 34.2275 53.6974 58.2894 47.2637 61.25 62.5261 71.1111 60.0962 55.9415 62.8065 51.5723 80.1104 58.5496 77.2538 43.0993 45.9417 41.3903 40.7321 58.0745 72.5967 52.3698 44.898 40.9553 47.8203 55.2453 69.7248 58.5612 62.2485 61.6958 54.4954 16.4084 51.4035 48.3796 66.8281 37.3268 67.2727 54.3424 36.7957 77.4263 46.0484 59.6197 10.5461 41.0271 60.3234 54.6584 55.3812 48.5158 42.5303 51.8855 64.1002 68.2871 69.914 62.5192 36.4346 56.405 46.2774 68.0442 45.933 76.3949 71.1146 36.3874 47.5628 59.177 72.0779 60.4193 59.8958 7.2314 67.2727 45.19 60.9561 57.3561 55.2 57.3486 58.0931 51.5676 26.9784 60.3218 73.2766 49.3452 64.7263 41.8904 63.5009 54.5064 43.4942 58.9844 61.535 73.1397 38.6865 41.9942 43.7844 69.1267 36.413 11.336 68.4639 48.1143 60.386 55.8537 47.6398 50.0639 51.6613 70.0333 80.5147 48.034 58.1227 50.1906 55.4477 70.1087 53.7608 82.4254 47.2393 57.9892 58.7755 68.2116 61.2689 56.9279 68.6869 62.9954 44.9541 65.8166 31.4121 53.7972 66.8564 59.0909 74.6372 39.3352 52.0914 60.6348 46.6947 22.9607 58.3635 58.884 60.2073 72.9321 69.0285 21.4706 75.3924 24.4444 53.3296 66.5237 59.4924 67.4888 68.9539 59.7403 54.4818 57.2193 69.6171 49.4475 66.5109 46.0682 47.3259 68.2896 45.3145 58.6469 56.7164 71.7801 62.561 50.7791 62.3016 0 23.8913 71.4931 71.6816 45.1566 66.4179 63.6093 22.8 33.7925 49.2718 66.5176 ]
LOG (nnet-train-frmshuff:main():nnet-train-frmshuff.cc:367) AvgLoss: 1.03181 (Xent), [AvgXent: 1.03181, AvgTargetEnt: 0]
progress: [1.12083 1.11026 1.07323 1.0731 1.07803 1.06747 1.05984 1.05969 1.06789 1.04052 1.04574 1.03529 1.04229 1.00945 1.02517 1.02086 1.01553 1.0072 0.990883 0.989989 0.981283 0.999436 0.970292 0.978694 0.969425 ]
FRAME_ACCURACY >> 68.5049% <<
LOG (nnet-train-frmshuff:PrintProfile():cu-device.cc:428) -----
[cudevice profile]
CuArray::CopyToVecD2H	7.0678s
DiffSigmoid	7.55587s
Sigmoid	8.77158s
MulElements	9.10601s
FindRowMaxId	10.5169s
MulRowsVec	12.3855s
CuMatrix::Resize	15.6374s
CuMatrixBase::CopyFromMat(from CPU)	23.8725s
AddMatVec	23.9451s
CuMatrixBase::CopyFromMat(from other CuMatrixBase)	24.3135s
CuVector::SetZero	24.8918s
CuVector::Resize	25.4012s
CuMatrix::SetZero	28.6441s
AddMat	40.8169s
AddMatMat	202.457s
Total GPU time:	501.745s (may involve some double-counting)
-----
LOG (nnet-train-frmshuff:PrintMemoryUsage():cu-allocator.cc:127) Memory usage: 357825368 bytes currently allocated (max: 358598136); 231438540 currently in use by user (max: 239065452); 35271/1008627 calls to Malloc* resulted in CUDA calls.
LOG (nnet-train-frmshuff:PrintMemoryUsage():cu-allocator.cc:134) Time taken in cudaMallocPitch=2.64681, in cudaMalloc=0.0242665, in cudaFree=1.82217, in this->MallocPitch()=5.21967
LOG (nnet-train-frmshuff:PrintMemoryUsage():cu-device.cc:401) Memory used (according to the device): 420372480 bytes.
