dnn.guoxintech.com
nnet-train-frmshuff --cross-validate=false --randomize=true --verbose=1 --minibatch-size=256 --randomizer-size=32768 --randomizer-seed=777 --learn-rate=0.008 --momentum=0 --l1-penalty=0 --l2-penalty=0 --feature-transform=exp/tri4b_dnn/final.feature_transform 'ark:copy-feats scp:exp/tri4b_dnn/train.scp ark:- | apply-cmvn --norm-means=true --norm-vars=false --utt2spk=ark:data/fbank/train/utt2spk scp:data/fbank/train/cmvn.scp ark:- ark:- |' 'ark:ali-to-pdf exp/tri4b_ali/final.mdl "ark:gunzip -c exp/tri4b_ali/ali.*.gz |" ark:- | ali-to-post ark:- ark:- |' exp/tri4b_dnn/nnet/nnet_iter03_learnrate0.008_tr1.2380_cv1.9333 exp/tri4b_dnn/nnet/nnet_iter04 
LOG (nnet-train-frmshuff:SelectGpuIdAuto():cu-device.cc:301) Selecting from 1 GPUs
LOG (nnet-train-frmshuff:SelectGpuIdAuto():cu-device.cc:316) cudaSetDevice(0): GeForce GTX 960	free:3632M, used:462M, total:4095M, free/total:0.886972
LOG (nnet-train-frmshuff:SelectGpuIdAuto():cu-device.cc:365) Trying to select device: 0 (automatically), mem_ratio: 0.886972
LOG (nnet-train-frmshuff:SelectGpuIdAuto():cu-device.cc:384) Success selecting device 0 free mem ratio: 0.886972
LOG (nnet-train-frmshuff:FinalizeActiveGpu():cu-device.cc:226) The active GPU is [0]: GeForce GTX 960	free:3615M, used:479M, total:4095M, free/total:0.88282 version 5.2
copy-feats scp:exp/tri4b_dnn/train.scp ark:- 
apply-cmvn --norm-means=true --norm-vars=false --utt2spk=ark:data/fbank/train/utt2spk scp:data/fbank/train/cmvn.scp ark:- ark:- 
LOG (nnet-train-frmshuff:Init():nnet-randomizer.cc:31) Seeding by srand with : 777
LOG (nnet-train-frmshuff:main():nnet-train-frmshuff.cc:154) TRAINING STARTED
ali-to-post ark:- ark:- 
ali-to-pdf exp/tri4b_ali/final.mdl 'ark:gunzip -c exp/tri4b_ali/ali.*.gz |' ark:- 
VLOG[1] (nnet-train-frmshuff:main():nnet-train-frmshuff.cc:320) ### After 0 frames,
VLOG[1] (nnet-train-frmshuff:main():nnet-train-frmshuff.cc:321) 
### Forward propagation buffer content :
[0] output of <Input>  ( min -3.28791, max 3.95756, mean 0.0126265, stddev 0.992937, skewness 0.166349, kurtosis -0.735591 ) 
[1] output of <AffineTransform> ( min -64.7902, max 64.8927, mean -3.7241, stddev 7.64016, skewness 0.216468, kurtosis 1.67833 ) 
[2] output of <Sigmoid> ( min 7.27764e-29, max 1, mean 0.291252, stddev 0.400706, skewness 0.928181, kurtosis -0.934419 ) 
[3] output of <AffineTransform> ( min -35.2826, max 26.8651, mean -5.51017, stddev 5.65721, skewness 0.118743, kurtosis 0.3627 ) 
[4] output of <Sigmoid> ( min 4.75286e-16, max 1, mean 0.169446, stddev 0.316142, skewness 1.77619, kurtosis 1.56305 ) 
[5] output of <AffineTransform> ( min -24.7575, max 18.3034, mean -3.87818, stddev 3.99563, skewness 0.123673, kurtosis 0.374406 ) 
[6] output of <Sigmoid> ( min 1.76993e-11, max 1, mean 0.180857, stddev 0.299843, skewness 1.68408, kurtosis 1.40963 ) 
[7] output of <AffineTransform> ( min -27.2352, max 21.4133, mean -6.43683, stddev 4.79229, skewness 0.187012, kurtosis 0.904896 ) 
[8] output of <Sigmoid> ( min 1.4856e-12, max 1, mean 0.0954589, stddev 0.241051, skewness 2.82518, kurtosis 6.75222 ) 
[9] output of <AffineTransform> ( min -14.534, max 27.8493, mean 0.00275006, stddev 3.80547, skewness 0.769084, kurtosis 1.67484 ) 
[10] output of <Softmax> ( min 7.42876e-18, max 0.99999, mean 0.000302297, stddev 0.012628, skewness 59.5568, kurtosis 3891.57 ) 
VLOG[1] (nnet-train-frmshuff:main():nnet-train-frmshuff.cc:323) 
### Backward propagation buffer content :
[0] diff of <Input>  ( min -2.9581, max 2.65604, mean -2.19558e-05, stddev 0.161069, skewness 0.0274982, kurtosis 26.5609 ) 
[1] diff-output of <AffineTransform> ( min -0.406526, max 0.356949, mean -1.06573e-05, stddev 0.010015, skewness -0.324764, kurtosis 101.537 ) 
[2] diff-output of <Sigmoid> ( min -2.03607, max 2.08194, mean 0.00030788, stddev 0.118588, skewness -0.109855, kurtosis 14.4507 ) 
[3] diff-output of <AffineTransform> ( min -0.268121, max 0.374086, mean -2.4015e-05, stddev 0.0108107, skewness 0.106722, kurtosis 61.0416 ) 
[4] diff-output of <Sigmoid> ( min -1.47427, max 1.51337, mean 0.000239964, stddev 0.122717, skewness -0.0347262, kurtosis 6.85656 ) 
[5] diff-output of <AffineTransform> ( min -0.226378, max 0.214996, mean -4.35538e-05, stddev 0.0111766, skewness -0.0881523, kurtosis 29.0544 ) 
[6] diff-output of <Sigmoid> ( min -1.06563, max 1.32241, mean -0.00154447, stddev 0.105185, skewness -0.162121, kurtosis 4.50389 ) 
[7] diff-output of <AffineTransform> ( min -0.286567, max 0.53075, mean 4.47546e-05, stddev 0.0123159, skewness 1.99527, kurtosis 112.675 ) 
[8] diff-output of <Sigmoid> ( min -2.77786, max 2.57223, mean 0.000414476, stddev 0.169595, skewness 0.0207249, kurtosis 13.3514 ) 
[9] diff-output of <AffineTransform> ( min -0.999917, max 0.95516, mean 1.07205e-11, stddev 0.0141082, skewness -28.4019, kurtosis 3435.55 ) 
[10] diff-output of <Softmax> ( min -0.999917, max 0.95516, mean 1.07205e-11, stddev 0.0141082, skewness -28.4019, kurtosis 3435.55 ) 
VLOG[1] (nnet-train-frmshuff:main():nnet-train-frmshuff.cc:324) 
### Gradient stats :
Component 1 : <AffineTransform>, 
  linearity_grad ( min -1.42709, max 1.23696, mean 0.00619972, stddev 0.160652, skewness 0.164155, kurtosis 3.38649 ) , lr-coef 1, max-norm 0
  bias_grad ( min -0.845106, max 0.927967, mean -0.00272828, stddev 0.186966, skewness 0.0522002, kurtosis 2.1135 ) , lr-coef 1
Component 2 : <Sigmoid>, 
Component 3 : <AffineTransform>, 
  linearity_grad ( min -1.06299, max 0.698549, mean -0.00245499, stddev 0.0871706, skewness -0.133854, kurtosis 4.01633 ) , lr-coef 1, max-norm 0
  bias_grad ( min -1.03844, max 0.752936, mean -0.00614783, stddev 0.207092, skewness -0.25223, kurtosis 1.61316 ) , lr-coef 1
Component 4 : <Sigmoid>, 
Component 5 : <AffineTransform>, 
  linearity_grad ( min -0.652761, max 0.644724, mean -0.00186655, stddev 0.069502, skewness -0.0557392, kurtosis 3.73499 ) , lr-coef 1, max-norm 0
  bias_grad ( min -0.690448, max 0.756324, mean -0.0111498, stddev 0.214763, skewness 0.0127109, kurtosis 0.29199 ) , lr-coef 1
Component 6 : <Sigmoid>, 
Component 7 : <AffineTransform>, 
  linearity_grad ( min -0.666542, max 1.75905, mean 0.00208258, stddev 0.0742942, skewness 0.777502, kurtosis 12.6952 ) , lr-coef 1, max-norm 0
  bias_grad ( min -0.765053, max 1.75678, mean 0.0114572, stddev 0.223772, skewness 0.656516, kurtosis 4.44889 ) , lr-coef 1
Component 8 : <Sigmoid>, 
Component 9 : <AffineTransform>, 
  linearity_grad ( min -3.37434, max 2.32524, mean -8.77115e-10, stddev 0.0629361, skewness -6.48051, kurtosis 227.306 ) , lr-coef 1, max-norm 0
  bias_grad ( min -3.16666, max 2.32334, mean -3.35046e-09, stddev 0.228626, skewness -2.33926, kurtosis 34.0825 ) , lr-coef 0.1
Component 10 : <Softmax>, 
LOG (ali-to-pdf:main():ali-to-pdf.cc:68) Converted 9996 alignments to pdf sequences.
VLOG[1] (nnet-train-frmshuff:Eval():nnet-loss.cc:135) ProgressLoss[last 1h of 1h]: 1.1988 (Xent)
LOG (ali-to-post:main():ali-to-post.cc:65) Converted 9996 alignments.
WARNING (nnet-train-frmshuff:main():nnet-train-frmshuff.cc:169) A23_204, missing targets
VLOG[1] (nnet-train-frmshuff:Eval():nnet-loss.cc:135) ProgressLoss[last 1h of 2h]: 1.19259 (Xent)
VLOG[1] (nnet-train-frmshuff:Eval():nnet-loss.cc:135) ProgressLoss[last 1h of 3h]: 1.16455 (Xent)
VLOG[1] (nnet-train-frmshuff:Eval():nnet-loss.cc:135) ProgressLoss[last 1h of 4h]: 1.15618 (Xent)
VLOG[1] (nnet-train-frmshuff:Eval():nnet-loss.cc:135) ProgressLoss[last 1h of 5h]: 1.16708 (Xent)
VLOG[1] (nnet-train-frmshuff:Eval():nnet-loss.cc:135) ProgressLoss[last 1h of 6h]: 1.1616 (Xent)
VLOG[1] (nnet-train-frmshuff:Eval():nnet-loss.cc:135) ProgressLoss[last 1h of 7h]: 1.15043 (Xent)
VLOG[1] (nnet-train-frmshuff:Eval():nnet-loss.cc:135) ProgressLoss[last 1h of 8h]: 1.15277 (Xent)
VLOG[1] (nnet-train-frmshuff:Eval():nnet-loss.cc:135) ProgressLoss[last 1h of 9h]: 1.16566 (Xent)
VLOG[1] (nnet-train-frmshuff:Eval():nnet-loss.cc:135) ProgressLoss[last 1h of 10h]: 1.14209 (Xent)
VLOG[1] (nnet-train-frmshuff:Eval():nnet-loss.cc:135) ProgressLoss[last 1h of 11h]: 1.14643 (Xent)
VLOG[1] (nnet-train-frmshuff:Eval():nnet-loss.cc:135) ProgressLoss[last 1h of 12h]: 1.13493 (Xent)
VLOG[1] (nnet-train-frmshuff:main():nnet-train-frmshuff.cc:272) After 5000 utterances: time elapsed = 4.05736 min; processed 18769.8 frames per second.
VLOG[1] (nnet-train-frmshuff:Eval():nnet-loss.cc:135) ProgressLoss[last 1h of 13h]: 1.14868 (Xent)
VLOG[1] (nnet-train-frmshuff:Eval():nnet-loss.cc:135) ProgressLoss[last 1h of 14h]: 1.11991 (Xent)
VLOG[1] (nnet-train-frmshuff:Eval():nnet-loss.cc:135) ProgressLoss[last 1h of 15h]: 1.13111 (Xent)
VLOG[1] (nnet-train-frmshuff:Eval():nnet-loss.cc:135) ProgressLoss[last 1h of 16h]: 1.12963 (Xent)
VLOG[1] (nnet-train-frmshuff:Eval():nnet-loss.cc:135) ProgressLoss[last 1h of 17h]: 1.12121 (Xent)
VLOG[1] (nnet-train-frmshuff:Eval():nnet-loss.cc:135) ProgressLoss[last 1h of 18h]: 1.12406 (Xent)
VLOG[1] (nnet-train-frmshuff:Eval():nnet-loss.cc:135) ProgressLoss[last 1h of 19h]: 1.10669 (Xent)
VLOG[1] (nnet-train-frmshuff:Eval():nnet-loss.cc:135) ProgressLoss[last 1h of 20h]: 1.11239 (Xent)
WARNING (nnet-train-frmshuff:main():nnet-train-frmshuff.cc:169) A23_107, missing targets
VLOG[1] (nnet-train-frmshuff:Eval():nnet-loss.cc:135) ProgressLoss[last 1h of 21h]: 1.10353 (Xent)
VLOG[1] (nnet-train-frmshuff:Eval():nnet-loss.cc:135) ProgressLoss[last 1h of 22h]: 1.11984 (Xent)
VLOG[1] (nnet-train-frmshuff:Eval():nnet-loss.cc:135) ProgressLoss[last 1h of 23h]: 1.09072 (Xent)
WARNING (nnet-train-frmshuff:main():nnet-train-frmshuff.cc:169) C22_500, missing targets
WARNING (nnet-train-frmshuff:main():nnet-train-frmshuff.cc:169) C21_672, missing targets
VLOG[1] (nnet-train-frmshuff:Eval():nnet-loss.cc:135) ProgressLoss[last 1h of 24h]: 1.10823 (Xent)
VLOG[1] (nnet-train-frmshuff:Eval():nnet-loss.cc:135) ProgressLoss[last 1h of 25h]: 1.09688 (Xent)
LOG (copy-feats:main():copy-feats.cc:101) Copied 10000 feature matrices.
LOG (apply-cmvn:main():apply-cmvn.cc:146) Applied cepstral mean normalization to 10000 utterances, errors on 0
VLOG[1] (nnet-train-frmshuff:main():nnet-train-frmshuff.cc:345) ### After 9172992 frames,
VLOG[1] (nnet-train-frmshuff:main():nnet-train-frmshuff.cc:346) 
### Forward propagation buffer content :
[0] output of <Input>  ( min -3.05699, max 3.97779, mean -0.0266961, stddev 0.94405, skewness 0.143742, kurtosis -0.532818 ) 
[1] output of <AffineTransform> ( min -76.7011, max 92.7259, mean -4.05026, stddev 8.38779, skewness 0.248714, kurtosis 1.90489 ) 
[2] output of <Sigmoid> ( min 4.88803e-34, max 1, mean 0.290789, stddev 0.404957, skewness 0.929668, kurtosis -0.949642 ) 
[3] output of <AffineTransform> ( min -37.5529, max 24.4717, mean -5.93328, stddev 6.09732, skewness 0.1276, kurtosis 0.311086 ) 
[4] output of <Sigmoid> ( min 4.90885e-17, max 1, mean 0.169607, stddev 0.320935, skewness 1.77185, kurtosis 1.51182 ) 
[5] output of <AffineTransform> ( min -24.1203, max 17.1542, mean -4.24312, stddev 4.27297, skewness 0.116285, kurtosis 0.24352 ) 
[6] output of <Sigmoid> ( min 3.3471e-11, max 1, mean 0.174785, stddev 0.301133, skewness 1.73473, kurtosis 1.55614 ) 
[7] output of <AffineTransform> ( min -27.8626, max 22.538, mean -6.57622, stddev 4.90519, skewness 0.190949, kurtosis 0.776324 ) 
[8] output of <Sigmoid> ( min 7.93295e-13, max 1, mean 0.0969401, stddev 0.243306, skewness 2.78551, kurtosis 6.50783 ) 
[9] output of <AffineTransform> ( min -14.9656, max 27.3301, mean 0.00145781, stddev 3.90021, skewness 0.715478, kurtosis 1.47083 ) 
[10] output of <Softmax> ( min 9.53118e-19, max 0.999928, mean 0.000302297, stddev 0.013834, skewness 59.6011, kurtosis 3775.63 ) 
VLOG[1] (nnet-train-frmshuff:main():nnet-train-frmshuff.cc:348) 
### Backward propagation buffer content :
[0] diff of <Input>  ( min -2.65529, max 3.49656, mean -0.000369586, stddev 0.111338, skewness 0.550192, kurtosis 62.4353 ) 
[1] diff-output of <AffineTransform> ( min -0.266406, max 0.279307, mean 3.92951e-05, stddev 0.00681643, skewness 0.691827, kurtosis 134.329 ) 
[2] diff-output of <Sigmoid> ( min -1.59945, max 1.48683, mean 0.000870794, stddev 0.0821642, skewness 0.259592, kurtosis 17.418 ) 
[3] diff-output of <AffineTransform> ( min -0.24659, max 0.23058, mean -1.47693e-05, stddev 0.00758969, skewness -0.39202, kurtosis 89.8244 ) 
[4] diff-output of <Sigmoid> ( min -1.3616, max 1.04, mean 0.00026513, stddev 0.0904952, skewness -0.100645, kurtosis 11.6693 ) 
[5] diff-output of <AffineTransform> ( min -0.183588, max 0.226581, mean -1.43946e-05, stddev 0.00826093, skewness -0.0291463, kurtosis 56.4862 ) 
[6] diff-output of <Sigmoid> ( min -1.08256, max 0.961319, mean 0.000507849, stddev 0.0833022, skewness -0.110696, kurtosis 9.50352 ) 
[7] diff-output of <AffineTransform> ( min -0.278701, max 0.328499, mean -2.05812e-05, stddev 0.00893281, skewness 0.0705336, kurtosis 110.505 ) 
[8] diff-output of <Sigmoid> ( min -2.61167, max 1.73149, mean 0.000433723, stddev 0.120712, skewness -0.32627, kurtosis 22.6311 ) 
[9] diff-output of <AffineTransform> ( min -0.998563, max 0.957472, mean 1.04068e-11, stddev 0.00995249, skewness -37.755, kurtosis 5836.19 ) 
[10] diff-output of <Softmax> ( min -0.998563, max 0.957472, mean 1.04068e-11, stddev 0.00995249, skewness -37.755, kurtosis 5836.19 ) 
VLOG[1] (nnet-train-frmshuff:main():nnet-train-frmshuff.cc:349) 
### Gradient stats :
Component 1 : <AffineTransform>, 
  linearity_grad ( min -1.14079, max 0.991094, mean -0.00505255, stddev 0.103727, skewness -0.11698, kurtosis 2.26949 ) , lr-coef 1, max-norm 0
  bias_grad ( min -0.395872, max 0.529441, mean 0.0100595, stddev 0.113914, skewness 0.155025, kurtosis 1.01954 ) , lr-coef 1
Component 2 : <Sigmoid>, 
Component 3 : <AffineTransform>, 
  linearity_grad ( min -0.517216, max 0.512098, mean -0.000730495, stddev 0.0638478, skewness -0.145008, kurtosis 2.99875 ) , lr-coef 1, max-norm 0
  bias_grad ( min -0.475664, max 0.503115, mean -0.00378094, stddev 0.131169, skewness -0.112665, kurtosis 0.873392 ) , lr-coef 1
Component 4 : <Sigmoid>, 
Component 5 : <AffineTransform>, 
  linearity_grad ( min -0.478727, max 0.61417, mean -0.000733363, stddev 0.0515685, skewness 0.00944388, kurtosis 4.54842 ) , lr-coef 1, max-norm 0
  bias_grad ( min -0.43535, max 0.724413, mean -0.00368501, stddev 0.147372, skewness 0.128601, kurtosis 0.829333 ) , lr-coef 1
Component 6 : <Sigmoid>, 
Component 7 : <AffineTransform>, 
  linearity_grad ( min -0.642557, max 0.952353, mean -0.000946325, stddev 0.052568, skewness 0.0857458, kurtosis 8.11135 ) , lr-coef 1, max-norm 0
  bias_grad ( min -0.692717, max 0.930471, mean -0.00526879, stddev 0.156862, skewness 0.145204, kurtosis 2.45892 ) , lr-coef 1
Component 8 : <Sigmoid>, 
Component 9 : <AffineTransform>, 
  linearity_grad ( min -3.03499, max 3.34297, mean -5.21386e-10, stddev 0.0459536, skewness -11.1525, kurtosis 534.802 ) , lr-coef 1, max-norm 0
  bias_grad ( min -2.95201, max 3.49369, mean -1.21101e-09, stddev 0.187068, skewness -3.03214, kurtosis 101.216 ) , lr-coef 0.1
Component 10 : <Softmax>, 
LOG (nnet-train-frmshuff:main():nnet-train-frmshuff.cc:357) Done 9996 files, 4 with no tgt_mats, 0 with other errors. [TRAINING, RANDOMIZED, 8.04352 min, fps19007]
LOG (nnet-train-frmshuff:main():nnet-train-frmshuff.cc:366) PER-CLASS PERFORMANCE:
@@@ Frames per-class: [ 565947 488 1856 2655 3568 781 1492 366 1178 2601 6093 275 1750 2781 625 562 407 2075 713 1564 3910 315 721 484 3131 1228 388 886 1838 5544 1216 582 998 1423 2274 2478 2622 648 1450 1302 3270 319 837 506 1459 1185 413 2751 2642 2203 1697 113 5227 1522 5320 974 5444 610 2375 3574 2645 5196 2948 961 731 1034 885 1070 246 1967 4634 2320 1158 297 837 4047 1525 649 614 329 1269 241 5288 211 2298 1571 3925 5375 490 2188 672 1219 1570 1059 214 2868 2349 1561 1557 443 673 446 850 4317 148 823 1698 8558 1527 0 2752 1090 2060 2968 650 3118 497 1859 3307 2522 2642 0 502 1250 502 1164 1593 1240 1894 425 764 405 3235 1498 1909 286 628 631 1133 408 1937 5169 907 577 7189 707 2964 1322 4240 1153 1437 2810 2452 800 3284 2090 488 3356 216 200 1059 329 1589 0 2074 357 1356 254 199 1331 812 1760 1611 389 691 0 0 0 935 4378 450 2722 3 1794 718 428 600 126 1580 3676 736 1947 258 4769 2271 2576 1561 4241 384 1310 5646 1701 3079 0 1076 2731 532 7527 0 2363 3097 163 2514 164 703 969 2310 6817 456986 521258 457790 3007 267081 806 2722 3400 2626 2194 884 12081 14170 2836 916 1080 1386 2009 2615 5895 547 3387 1384 774 2474 1007 2048 1851 1941 1387 1719 3968 9195 2158 2714 464 1071 1666 5826 953 5295 1610 844 1360 4983 1283 922 757 1279 3052 1651 878 958 3480 1368 3789 7258 1366 4759 1405 3640 2311 1961 3572 1357 2092 688 1531 2457 1279 1127 2663 707 1059 4114 2466 8365 842 3733 1395 1405 2049 1936 4111 695 3742 3920 2452 691 5044 3739 574 2752 1057 11963 1165 1200 1094 2323 2129 4045 1147 2060 3856 5067 1012 1343 4417 507 5785 6804 3409 620 684 1099 1456 1313 2262 2997 2296 3680 5183 1546 817 1985 4782 2240 424 796 983 1542 3053 1395 3845 4599 910 2240 2268 1572 4457 942 8678 1016 2652 1695 2753 2160 6505 1581 815 389 2237 6126 935 3220 926 3457 781 3001 1781 1857 991 4395 5194 5886 1572 1385 4408 568 1182 2356 548 466 9540 6101 5919 2224 1117 734 2194 4812 1222 1826 931 1372 2310 725 1123 3533 1450 3700 2209 2969 3288 1248 1832 1013 985 1170 6258 5116 863 3733 4208 1999 4130 2366 1045 2905 460 2195 1416 873 1511 1830 1102 1103 4889 3334 724 2791 2785 1854 4383 1146 2259 652 1058 1069 3320 2956 2959 2039 2309 1423 378 3871 1374 1954 1037 362 2170 531 1351 1300 1160 1107 3253 2243 1083 1565 1956 840 1071 797 758 1662 510 1633 1577 782 941 1778 458 4905 1283 2685 1150 4278 2389 2779 1293 575 617 1748 3773 706 1488 1964 5177 1454 1478 907 3027 1330 2638 1517 760 5005 4870 542 5973 1408 822 1048 501 1852 1881 7399 1286 518 1293 4660 1265 462 2474 897 2851 7526 597 1847 1938 3365 1063 718 832 1714 1671 2185 316 1406 3713 1710 1093 1209 2779 3231 1193 1774 523 3055 1807 1242 1638 690 1784 2443 5860 237 834 2022 1533 7884 1481 5986 2881 1432 2162 5323 1056 883 468 2279 936 4949 2126 4534 3594 910 1903 1383 3292 1742 794 5511 3029 1841 758 5233 2350 6871 1635 448 2062 4300 2383 1040 2219 531 6194 1951 3740 1741 928 2361 550 1009 476 422 4745 2207 3135 4979 3034 904 833 1977 3512 2834 1203 3588 1709 4690 721 4587 940 780 1690 842 2192 2055 1022 666 6489 3179 1739 1072 1686 1401 3497 852 2930 1689 2321 2712 912 5215 864 856 1363 1158 1790 1447 893 5717 2142 796 3762 1980 1338 1473 2273 1807 1778 705 5227 740 3426 1105 3377 389 214 2219 2097 5121 349 2093 2243 1645 1155 1494 740 1376 1274 2612 1287 2149 3853 1211 888 2298 2586 5092 961 4597 1455 1310 513 3549 4555 1052 2680 1493 1955 3664 821 977 251 558 2583 1649 3945 4664 2782 1065 6695 1722 1408 6466 2230 3325 2485 1083 3540 3341 639 796 3632 544 5317 252 2049 3176 569 980 1441 4474 1256 1079 1369 1392 1467 796 4797 1843 6202 3201 3167 2427 3000 630 2873 1561 2473 3445 4575 1056 1345 1787 9409 1435 2075 2351 1716 5718 1116 523 606 1464 344 6396 687 942 786 1742 857 5623 1079 1377 1532 760 1537 5283 3383 1336 1696 1089 1654 5214 1628 1073 1687 1268 3150 2122 2959 1047 5780 760 2154 2320 3341 1786 3647 407 1146 2159 2296 1319 1417 405 2610 1412 1569 2257 1018 417 1735 569 917 1556 1154 941 2360 3615 407 624 737 2779 2085 2323 1268 938 3202 3287 3835 532 652 3276 1566 5009 1727 424 1105 1850 2810 1625 5301 1910 928 1328 1025 790 4473 2823 5226 955 3949 1577 561 1852 1243 12846 3513 1837 2691 4696 2810 2167 364 721 1233 2556 977 538 2001 948 1457 1554 829 1559 1904 1390 1614 1126 907 1129 2803 2316 3477 860 2720 581 3954 442 987 1590 5186 1550 5255 1331 1314 2612 438 580 1501 2370 2136 3039 2817 1957 2556 1384 345 373 707 2206 714 1059 3662 3193 1348 1228 2066 1625 1228 1769 4482 927 2151 1790 3480 1153 4341 1177 3635 194 1782 2352 1010 510 1603 1247 3782 1991 1307 645 767 787 647 4112 6542 6158 2615 3649 3004 770 3671 697 2684 2461 2004 4318 2822 1474 2478 2663 1005 1526 1287 1869 1798 1381 2329 2502 6950 3292 1682 1617 3635 2217 2554 1355 611 992 1868 1451 3096 535 464 6610 850 2089 1563 1369 1774 359 2140 1924 1982 3864 3249 2231 1309 960 1136 867 1090 1773 1246 669 1346 1106 999 1450 2672 2220 4860 4012 5758 417 866 588 857 1560 2491 1469 960 796 792 2109 4809 1608 3596 622 852 2288 3194 1040 1371 1800 306 1648 13748 841 1477 2744 1961 1258 1618 813 668 180 1742 1301 1411 583 2428 2314 529 1484 2865 1144 2331 757 504 3383 7446 961 3161 1982 1486 1203 3120 4134 1064 7890 2095 3005 1419 854 2826 1733 1734 4569 3390 1568 1082 443 4562 596 1696 3461 1965 729 4281 2872 4321 10804 1439 2193 1279 1224 647 2216 666 980 1102 523 723 1649 2346 2039 721 2250 438 2214 970 886 1156 781 1945 2164 2728 2087 1722 815 3635 960 986 1950 4354 2593 1676 1695 927 1235 891 3646 1345 2269 928 1211 1006 988 4043 251 2576 1821 772 2564 1488 1179 5225 2868 702 1607 2803 1757 2892 606 725 3310 6702 882 1544 1946 967 1608 1446 1674 1037 1892 25831 2168 1720 3053 5336 9184 1336 696 728 2765 702 1173 2913 4126 1888 767 1027 768 1408 2697 2542 1875 493 4119 673 2647 1984 1284 4695 1568 1540 3999 1796 364 1240 892 5170 1427 1450 922 4511 2470 1012 5100 1479 2281 2349 1471 1022 584 1087 1089 1607 1582 1487 3695 1709 1062 490 787 450 1061 4775 2048 3192 1408 1607 4405 3421 1158 439 2724 121 3504 2856 1621 1873 2965 747 821 560 4699 417 1614 579 2153 468 236 735 729 1184 6841 1127 790 521 2414 12590 1228 2492 9263 1802 1239 2463 1731 426 985 1252 2464 399 863 1346 2443 2530 3979 3347 2064 1457 633 664 1619 519 1495 2600 2249 1447 537 625 1022 309 5397 628 1057 6266 5232 2355 512 492 556 756 2648 2243 2021 1097 648 1641 1100 2418 3479 1159 246 798 621 1521 392 1107 209 2280 1084 4239 4340 516 603 615 2615 1630 9815 6536 2931 1345 2581 2253 1078 1049 814 1645 620 4080 2424 461 2396 1288 1593 2381 1129 4140 656 1715 2828 3902 7210 3110 2626 2342 789 7704 1765 2172 1084 4217 1129 5474 278 1360 1202 1519 6182 1087 361 267 1424 1371 1510 2905 1784 360 490 2399 1321 4188 1222 4590 1455 1041 1340 1045 2495 5940 1032 722 3077 1289 5383 998 2269 3677 678 849 1547 685 1141 2040 1235 1398 1205 705 3556 429 3420 1905 688 1499 1067 1675 2514 1643 2531 365 2244 2679 7052 2466 3034 1250 3468 1008 1355 815 700 471 2091 1834 2880 598 1610 4539 834 2860 701 3463 2072 1630 5839 3312 636 1584 2882 969 738 2142 4170 836 2388 652 1440 789 1133 967 1412 982 1062 387 1749 1077 2078 1954 1744 848 5209 2447 799 4505 853 2466 4754 3943 734 688 1388 492 1093 1102 1728 662 1163 2823 3096 1505 3639 924 1356 1211 932 1240 890 2025 1653 1133 774 711 4976 2049 1194 1959 2338 2719 2832 1322 4493 10160 1333 673 6167 1140 2433 392 3518 774 1011 357 727 1048 8630 748 1380 983 2324 775 1348 724 1421 480 901 4747 923 1315 844 1760 2875 762 1470 1527 956 1209 1665 8933 3283 945 1328 395 1249 2934 3612 1242 472 1087 2103 3023 1054 1244 4243 1258 1286 3573 2005 1102 5365 3159 2202 1951 1359 2009 847 2157 2213 4676 7935 2414 2365 1205 1291 1732 1202 1273 460 661 1013 1250 7269 424 2763 1511 3886 358 1846 7376 2224 1870 1580 531 2115 1696 1143 398 2370 1493 1181 1582 1971 894 2301 1298 1821 2372 844 564 3693 1439 3123 1116 487 1694 1023 2536 2421 1453 3031 957 1413 1411 1558 2961 2019 1559 2810 1075 1268 2291 3711 1144 838 1815 2740 2680 386 860 1181 221 2668 2695 504 448 2795 2334 603 2111 3982 2586 2173 2751 568 611 1484 594 1346 665 675 1032 2794 1105 793 2162 2104 720 3548 1625 2442 6200 425 3607 1457 787 2666 1578 3275 1233 2291 958 642 2109 1032 4100 959 1005 7944 802 945 7081 890 1477 794 2864 2093 2411 1137 162 1634 997 312 1648 6181 1400 1195 315 1848 2029 1120 1430 2429 2755 1040 1039 884 5154 1653 2471 362 4520 2676 1358 4638 667 1346 2032 3828 1701 1895 463 339 3390 845 1083 890 2640 869 947 1978 1450 1394 1092 1795 579 5332 1984 1149 383 982 4384 717 1988 864 1892 1484 1219 4103 9665 842 1041 3082 2885 1987 1322 696 836 1268 1338 1254 2606 949 2818 3056 2264 820 2171 1978 1896 1014 471 1582 864 2126 10030 1910 249 2164 761 2268 1685 370 3007 6240 2600 2789 1952 10222 2530 602 810 3208 3269 1206 1725 628 1981 590 732 818 1942 2305 1184 1386 839 674 690 1038 838 691 9572 3855 1985 1477 972 655 934 515 549 3124 1817 1285 1010 396 1557 1158 703 2150 745 2869 1262 3799 1077 1454 5829 3440 2236 1695 1208 3307 4375 477 2950 1672 1630 662 1360 1384 1945 1000 1007 8439 762 2853 3017 1814 995 949 1613 1216 3178 289 647 3028 2883 1825 3980 6072 1910 1811 1107 951 2062 2289 780 2344 1572 2312 2003 624 5885 3440 2808 509 6115 2247 1202 1605 915 1123 761 1158 977 1627 2912 641 654 680 1927 4161 589 5466 830 1656 736 355 1137 2164 517 2620 5151 613 1322 714 2117 833 2199 1599 3647 1024 1657 1010 759 1162 4314 4231 6213 966 1265 867 2179 3225 4039 2277 1419 2397 446 486 2868 714 3047 547 2428 2300 2427 1217 7220 474 1634 3104 578 827 615 1030 997 610 3038 438 3841 664 1364 3897 3540 2507 3874 1265 1956 1513 5057 2563 737 888 969 1294 1722 993 7629 1991 3141 267 686 1608 5183 279 1959 1180 1034 830 1108 726 1777 1386 611 285 1003 1403 326 2944 940 2920 3311 3176 1268 2215 720 2252 5142 1059 3411 1446 3119 1727 3634 602 2321 2200 1255 1613 1776 2280 1504 467 1141 1456 1492 1286 662 5655 3089 495 1350 1001 9277 848 912 2309 1058 1399 1959 638 1791 545 2862 2310 746 1616 2052 5449 1260 1255 3379 1751 1337 1938 738 3484 1951 3157 266 1704 940 8750 745 3461 1382 338 320 723 3190 1126 3202 3269 610 938 682 533 1199 707 324 6037 514 1694 633 398 631 1022 5583 621 547 1058 8594 1514 1024 1524 5619 1797 810 930 625 767 2469 3852 2711 703 2282 2933 2985 1282 2704 1812 3168 3934 5663 1646 2580 1446 318 2479 2363 966 2011 496 437 1144 2147 784 3748 2893 5543 2302 4612 1146 2394 432 2109 991 5035 1114 2154 511 2139 2681 2316 1244 1481 1022 3266 701 1112 874 2343 3357 1849 9651 356 2821 2464 2363 787 479 5054 934 1128 1411 497 548 1298 4131 952 1182 3451 1500 805 4440 240 4433 766 2006 2532 1375 1282 2519 441 1343 883 1934 5963 584 3273 537 544 1023 923 4234 467 1171 2500 5322 2212 3384 1655 2157 1181 1008 1662 836 2243 3013 4646 571 6110 1382 4410 3389 643 3541 4609 1452 1604 3044 663 734 1778 1334 826 1392 883 1260 1922 1062 282 1130 7723 2146 3967 2064 1501 726 6774 3274 3951 447 2538 950 2069 500 2974 2144 2571 2280 772 3164 6438 3750 5562 1567 4944 744 475 2717 1924 1989 989 1833 3019 1019 2023 1637 1188 4184 2163 509 2230 9967 974 1145 1755 1817 1647 1315 6920 1275 6124 1775 617 1805 7066 8526 1677 8634 1016 621 3220 698 1226 3523 583 1972 3493 1631 1181 1376 3035 1040 1236 3591 2252 1778 184 5618 2546 3420 3074 1087 1806 3141 3868 4527 1624 911 5335 2284 2266 4224 1788 3877 469 717 986 1358 574 1667 5963 1110 1855 677 637 3072 1587 1585 1333 3915 3784 2008 1297 1434 1242 1784 1490 3651 543 1764 4502 2713 702 2793 2654 2010 1447 1570 3913 1998 3164 663 2297 1818 1338 1484 5830 2250 501 4111 965 1111 802 1914 2302 1804 777 874 2596 2773 1759 7106 4864 3059 1259 1607 3802 2004 1689 4416 3772 453 1907 4327 860 1476 1793 3242 5594 885 5884 5134 1264 1056 3366 3445 1763 677 1609 1396 807 2498 3930 6171 1226 2063 1066 1422 7722 685 5884 1294 468 4375 1082 2133 2685 933 1032 1350 1187 1456 430 1094 2376 6717 3717 2148 750 2829 1890 2546 1391 1207 3372 2294 2908 1878 836 1883 2834 3854 2415 3451 461 2654 2365 3672 6326 1238 8996 399 2134 990 479 1009 4218 1853 2771 1034 3783 447 1902 714 885 1732 1024 1374 395 1484 1334 612 1568 897 5502 1857 5095 3170 7672 945 1111 3754 727 819 2281 1199 9064 2375 2368 1680 2254 4605 1924 7118 4203 1201 1645 2112 921 640 2501 735 707 2568 1334 968 567 438 2803 1090 1099 4986 1520 1321 1062 4113 1609 401 491 308 7307 1560 1150 1970 1825 2177 1602 3313 1292 1891 1352 338 3663 1268 3012 2078 2392 1570 1522 3156 2311 1428 2028 1219 970 3104 2312 700 643 4013 1743 963 1459 611 1401 3834 415 3036 853 1532 4730 3047 552 1316 1239 3688 1204 2686 466 1280 2088 1951 1757 2895 1453 2412 1909 2446 1202 1353 2416 841 1495 3598 1600 1796 2336 1267 332 2473 5087 2710 1499 2886 4271 1851 3257 4208 1455 5731 245 2094 2281 2159 1571 1345 2045 2460 2748 1478 1000 584 225 1123 1475 674 5770 558 1295 4172 492 4266 602 1347 1846 2675 646 932 1469 1704 1203 458 730 2135 968 2227 693 4787 681 1403 965 1331 274 762 1327 5023 1977 1279 1073 1399 2732 1459 4892 1066 519 2324 2060 701 1621 3157 1536 2132 702 1712 2520 2911 1523 3604 1463 1321 539 1930 1439 947 1199 2178 887 690 2163 769 711 1258 5303 2337 966 905 2608 1382 485 877 1874 2954 2161 6412 1524 607 2271 963 2337 1229 10114 639 975 1622 2680 2838 1392 638 2486 1983 1277 626 3335 3870 1985 1859 4057 2132 9072 2734 1594 671 2262 1780 761 1079 1699 350 926 1891 785 1396 1691 412 4823 990 3236 849 424 2395 1107 2580 2907 2942 1881 872 3169 1151 990 865 2168 1899 3659 4060 3625 4183 2524 1459 2509 1153 3580 4738 5649 1394 1415 2259 853 576 1602 2298 733 816 13813 4516 989 903 988 3857 1108 2735 1633 2980 2193 2030 412 2072 418 4306 6021 1817 1338 4528 2952 773 526 1026 891 8220 1243 725 3632 1391 1569 3378 1253 817 2786 1134 3776 722 1053 1074 1762 738 943 787 970 1741 2845 1994 968 2138 350 1424 4936 621 3495 197 3013 2615 573 2372 1957 1345 2558 4276 2112 3206 1601 2453 2461 1987 2418 3393 1063 389 624 1084 3434 761 455 682 3641 1288 1076 2498 1065 1635 1901 3161 2980 2732 605 3995 2330 4378 7168 4495 1126 1596 2523 1829 3797 5331 4234 2433 1515 1633 1720 1330 3338 1710 733 2433 7992 991 11164 732 614 3046 2761 3368 557 3081 1779 1636 2619 694 2075 2362 964 3432 2683 2427 1289 781 1884 1658 1121 2527 2059 5831 5704 2017 1483 1595 878 609 1121 465 2245 3080 7299 741 2324 1876 1148 1753 3183 954 2198 506 3727 2952 9207 787 238 4663 3014 1682 3861 2027 464 1143 548 1306 700 2700 1994 1951 1178 3376 2464 519 2054 1320 2098 554 2696 1810 2339 1325 814 1441 1412 2038 2703 1870 1148 3441 964 3670 5162 1273 1146 989 1599 1142 1667 1148 990 2367 3765 3848 2964 1386 1060 2371 8207 1375 2141 3477 2472 1282 2267 5056 628 957 2283 3960 526 3164 1455 951 3883 1189 620 909 2379 510 1578 758 652 895 2566 1522 792 2563 2780 4804 982 505 588 2630 3015 2535 2394 3194 2051 3471 813 1516 2885 640 1601 1908 2467 516 1683 4072 1079 1507 3035 1727 2325 1558 2674 508 3277 1316 901 913 2057 2007 3636 288 2914 2134 3067 1325 380 813 461 441 1578 683 3346 1235 1952 584 951 4014 823 1855 2148 577 2449 2360 5508 1299 645 1791 3335 2051 1302 3220 2015 2688 1021 352 2021 2898 787 1061 646 4915 2483 2662 1268 1165 932 2069 1707 402 4160 2874 945 624 547 5751 318 4349 1503 721 826 3154 1568 2131 644 905 1709 833 984 757 2364 2398 1390 2286 3031 2180 1097 570 864 1239 1227 440 1209 1473 1391 1240 3103 531 1733 804 805 1338 2055 2229 2201 4351 2201 3254 651 1666 484 685 1718 1045 10341 637 764 677 1215 2002 2385 768 484 1045 1684 3870 1407 1250 2014 902 2775 278 2175 3293 4505 2886 1788 537 1398 3274 1536 4443 2513 1812 1374 909 3252 920 247 2578 1750 1088 2050 2754 1564 933 3000 3264 941 1662 4985 927 1472 1622 2111 489 4456 980 2287 2112 1263 594 2851 1090 4078 347 5188 3690 198 3308 361 2319 2741 3570 331 1381 681 1930 2974 2244 680 3759 540 3619 3032 985 446 1778 2387 714 935 3604 1086 642 1437 991 1602 779 2764 268 3129 1640 2952 756 83 699 5760 6155 2075 670 2355 500 1234 412 6263 ]
@@@ Loss per-class: [ 0.548143 1.72962 0.896506 0.994049 1.15986 1.11386 1.00401 1.67255 1.26712 1.27544 0.674443 1.62332 1.27758 0.916336 2.24585 1.96527 2.80956 1.49187 1.48592 0.915023 0.878751 3.18718 1.07596 1.12262 0.930871 1.17133 2.90668 1.50546 1.90988 1.11145 1.56655 1.78603 0.686121 1.08582 1.23429 1.32649 0.864722 1.58281 1.12838 0.816134 0.963478 2.73897 1.1004 1.2124 1.35263 1.21519 2.24318 1.23991 0.834315 0.955242 1.22004 4.44771 0.911033 1.44029 0.845507 2.0802 0.80687 2.30378 0.619789 1.26033 2.01727 1.70428 1.47642 2.79475 1.2053 1.35883 1.8345 1.21272 2.4627 1.11204 1.00342 1.30604 1.94736 3.41767 1.70864 0.971217 1.34574 1.70742 2.38911 1.90014 1.1264 1.81752 0.899639 3.79518 1.58084 0.990465 1.49174 0.954655 3.02516 2.31911 1.75442 1.77292 1.90592 1.94162 3.52512 1.1064 1.39856 2.01884 1.22678 3.20375 1.34769 1.53803 1.8396 0.883538 4.43986 1.38204 0.877318 0.793269 0.75323 -nan 1.6998 2.39558 1.99112 1.35057 3.2243 0.981552 2.7749 1.39069 1.05782 1.30317 1.08366 -nan 2.87757 0.918308 1.74384 1.42077 1.36911 1.21956 1.24504 2.01685 1.28941 3.14303 0.728031 0.643083 1.73161 3.30179 2.86253 0.871574 0.942791 1.94427 0.911642 1.51924 1.27255 1.29625 1.1344 1.69022 1.06361 1.55217 0.625757 1.6603 1.36567 1.5165 1.63133 2.52569 0.912287 1.1435 2.14122 0.801147 1.78669 2.1856 0.893201 1.98143 0.861456 -nan 0.748865 2.06091 0.983794 2.56485 2.08426 0.903967 1.07639 0.609909 0.955579 2.33942 1.58621 -nan -nan -nan 0.861797 1.11943 1.49743 0.63055 11.086 1.74843 2.01948 0.866948 1.76979 2.78631 0.837329 0.907452 1.95976 1.15892 3.59213 0.873039 1.04785 0.862226 1.72353 1.40776 2.67422 1.57652 0.947482 1.67789 1.14778 -nan 1.35453 1.05399 1.64172 0.926908 -nan 1.01837 1.05826 2.63268 1.31285 1.66962 1.41027 1.69636 2.11042 0.998472 0.625998 0.256267 0.437518 2.07061 0.971438 2.54855 0.738279 1.65095 1.01657 1.37256 0.993189 0.607761 1.05874 1.19616 2.78688 1.26283 0.9163 1.85581 1.18718 0.949598 1.30922 0.793991 1.06061 1.02123 0.678678 0.649302 1.70406 1.10139 0.563453 1.46429 0.704315 1.15782 1.34484 1.14767 0.828724 2.20864 1.51672 1.23785 1.15627 1.73241 0.688556 0.723202 1.56661 1.11168 1.22299 1.6955 1.29824 1.1436 0.91527 0.674944 0.87869 1.44608 1.90671 0.751929 0.838063 1.21146 1.08944 1.54831 0.497118 1.30394 0.83647 1.09162 1.44873 1.39438 1.35533 1.31484 2.1493 1.22573 1.9211 1.22311 1.0626 1.75268 1.59891 1.38605 1.75403 1.38753 0.989533 0.974405 1.77951 1.11453 1.11234 0.943713 1.45006 1.43488 1.25007 0.720375 1.22359 1.63257 1.98135 1.2131 1.58109 1.34572 0.777497 1.8071 1.06816 1.47806 1.69493 1.17248 1.18675 1.13388 1.06445 1.95551 1.21614 1.09176 1.80632 1.10499 1.32534 1.60479 1.65618 0.902097 1.12327 1.74499 0.906699 1.37495 0.895323 1.32075 1.50394 1.50418 1.05221 1.7001 0.99103 1.26607 1.98701 1.28756 1.31507 1.45766 0.718127 1.05274 1.41503 1.74812 1.62275 1.71207 2.19767 1.04482 1.20454 1.3409 1.1664 1.81181 2.37814 1.14541 0.844401 1.28755 1.23919 0.478248 0.720768 1.12583 1.7909 1.48049 2.18349 1.75531 1.97844 2.11372 1.63948 2.10195 1.02074 1.72129 1.00354 1.25354 0.67678 1.66964 0.859772 1.33978 0.696648 0.976008 0.712953 0.93881 0.88503 0.749921 1.53849 1.42698 0.880107 1.03849 1.60062 1.12132 1.08891 0.67698 1.01034 0.937045 1.74772 0.737904 0.650411 1.61309 0.858304 1.58989 1.33728 1.05782 0.841204 1.14532 0.94157 1.87211 0.8442 1.2104 1.07566 1.46153 1.20448 1.76745 1.41432 1.19349 1.42708 1.43808 0.906199 2.2745 0.975478 1.31449 1.52622 1.01341 1.30771 1.43847 1.59036 1.68356 1.0696 0.819125 1.5999 2.01661 1.77118 1.56576 0.94561 1.45439 1.42421 1.8209 1.76419 0.821066 1.23205 0.795306 2.02331 1.89141 1.32663 1.7164 2.25591 1.33641 1.07151 1.66096 0.831837 1.86509 1.03634 2.33245 1.34494 1.47307 1.03931 0.925545 2.17253 1.29936 1.71249 1.81658 1.20576 1.25618 1.16216 1.03677 0.806189 1.81588 1.81056 1.0158 1.40492 1.88233 2.03521 1.69821 1.61646 1.24239 1.60537 1.37484 1.91681 1.43629 1.25856 1.43302 0.465482 0.524422 2.03714 2.07102 0.944551 0.875411 0.995171 0.752156 2.31315 1.14062 1.18783 1.61622 1.64517 1.579 1.98218 1.70071 1.00383 1.55307 1.16035 1.55386 2.25985 0.687806 1.1371 2.36739 0.947311 1.10629 1.32711 1.41471 0.951779 1.30292 1.2312 2.14983 1.86634 2.23406 1.38831 1.5096 1.63658 1.07868 1.63944 1.03755 1.68621 1.40793 1.73841 2.03536 1.2405 1.86192 2.06265 0.815683 1.02574 1.67671 1.32185 2.86528 1.90272 1.65149 0.745101 1.23815 1.43623 1.34533 2.43146 1.42152 1.71139 0.729258 0.527796 1.74247 0.918202 1.40564 1.13783 1.69941 0.908204 0.967295 1.97959 1.94137 2.36007 1.51085 0.87287 1.07579 0.91699 0.872948 1.03401 1.0506 0.905476 0.799198 1.13548 1.77669 0.855415 1.40247 1.97633 2.11421 1.04156 1.08789 1.79309 1.67822 1.06812 0.708825 1.71389 1.92697 1.54494 1.96184 0.746184 1.77838 1.01309 0.875484 1.25413 1.16868 1.72217 0.907083 1.49677 1.49316 1.75468 1.43331 1.04325 1.00651 0.879357 0.753754 1.87816 1.4929 0.792486 1.17031 0.959217 1.69703 1.08386 1.30543 0.892803 1.23049 1.00535 0.755269 1.17122 0.805663 1.27642 1.57089 2.04835 2.06132 1.46832 1.94755 1.46949 1.78012 0.888542 1.79983 0.908245 2.28717 0.538784 2.10848 1.17626 1.28258 1.76909 0.857358 1.66046 1.48844 2.24362 1.36811 0.7597 1.84481 1.89755 1.25444 1.3219 1.09944 1.8746 1.6353 1.11355 0.949326 2.06265 1.36751 1.49357 1.18091 1.07949 1.1295 1.22642 1.04351 1.60861 1.56728 0.807896 1.86528 1.52897 0.906828 1.78553 1.1582 1.41122 1.29581 1.31708 1.13681 1.38872 0.619484 2.51945 1.62643 2.16597 2.0137 1.58334 1.67202 1.47371 2.19482 1.09932 1.49263 1.00833 1.31583 0.887494 2.17927 1.36651 2.34007 1.2927 1.35695 1.78003 2.71456 1.2003 1.26109 1.53571 1.18692 0.991436 0.655973 0.785301 0.992516 0.767607 0.986213 1.16086 2.71952 1.76489 1.34704 1.28334 1.37499 1.08143 1.39638 0.78058 1.2958 1.21031 2.27906 1.90924 1.47039 2.30398 1.63724 1.05442 1.04384 1.47631 0.374869 1.07477 1.13228 0.666003 1.37684 1.56182 1.69301 0.804888 1.11575 1.44602 1.26816 0.625483 1.31854 1.77557 1.10368 1.46556 0.976617 1.87889 1.74244 1.07933 1.05129 0.868432 1.37494 1.79512 1.36084 1.36238 0.939723 2.2121 1.08256 1.09266 0.581582 1.50761 0.794788 1.60485 1.05855 1.73175 1.62375 0.821987 1.16002 0.822898 1.8126 1.35554 0.560797 1.06294 1.18046 0.965956 1.2097 1.08655 1.56014 0.678944 0.740555 1.85446 1.55889 0.875612 1.62918 0.612402 1.74579 1.58754 1.77309 1.12001 1.08714 1.04834 1.05493 1.35649 1.85701 1.01375 1.50197 1.69852 0.998436 1.90821 1.31341 1.377 1.54238 1.52752 1.64348 0.934872 1.38476 1.09976 1.53493 1.82416 1.12838 1.14487 0.4913 1.55676 1.11026 0.922942 1.03197 0.940149 1.67297 1.47896 1.1348 0.952914 0.747397 1.21692 1.9222 1.97445 1.59328 1.89376 0.869928 1.08212 2.80716 1.39135 1.15564 1.75755 1.80994 1.14735 1.12807 2.48023 1.77196 0.837384 2.52132 1.4556 1.26959 2.12375 1.76127 0.886928 1.17259 1.28062 0.832336 1.33714 1.07812 1.24535 1.44512 1.62167 1.50353 0.542086 0.811151 1.9945 0.935077 1.17049 0.941167 1.299 0.756601 2.18735 1.61476 1.23325 2.29163 0.711943 0.795499 0.790823 0.84256 1.22454 0.678424 1.01051 2.33407 1.39374 1.89541 1.24568 0.957862 0.714838 1.77421 0.732627 1.08276 0.872802 1.5225 2.12795 0.915571 1.17217 1.46086 1.72932 2.11207 1.3618 0.83006 2.25699 1.04954 2.16747 1.50638 0.725083 1.67861 0.829279 1.05873 0.99208 0.80432 0.900371 1.67163 1.47417 1.36426 1.10987 0.978924 1.28415 1.14908 0.9981 1.07774 1.55427 1.9617 2.00378 2.51349 1.26427 4.38866 2.37056 1.40624 1.0733 1.46336 0.908517 0.964646 1.62903 1.62021 1.49355 2.00404 1.92928 1.36116 1.74526 1.30591 0.586804 1.03061 1.16439 1.07346 0.875061 1.79572 1.38772 2.1142 1.32 0.815857 1.55232 0.798851 0.713286 0.706207 1.42547 0.720318 0.841645 1.34671 3.03987 1.63759 1.47292 1.67038 3.61851 0.590267 1.25843 1.08655 1.07611 0.932255 1.71564 1.6391 1.26785 2.13003 1.21655 1.27519 1.32798 1.117 1.4953 1.01997 1.36187 1.19256 1.30782 2.37006 1.62521 1.02356 0.720157 0.928398 1.2976 1.21638 1.46139 1.45349 1.26756 1.23058 1.46695 1.62946 1.13961 1.08903 1.92279 1.63372 0.991901 1.40037 1.74598 0.916869 1.00244 1.86647 1.07787 2.32065 1.7767 2.45463 1.23409 1.29463 0.903245 1.17264 0.835341 1.11175 1.10189 1.54561 1.40324 1.16542 2.60791 1.07801 2.22363 1.30314 1.79253 1.16493 1.5167 1.25233 1.77247 1.7462 1.48349 1.41444 1.32222 1.8333 1.83647 2.0557 1.66742 1.23155 1.27135 0.941755 1.55525 0.945318 0.888991 1.06611 1.55206 2.70548 1.02182 2.02206 1.01472 1.48641 2.65873 1.2296 1.21666 1.71336 2.23736 0.998905 1.81591 1.57199 1.72483 1.29576 1.09308 1.0544 1.74293 0.949387 1.28635 1.6654 1.66359 0.707848 1.34662 1.24549 1.08332 1.58577 0.934365 0.757227 1.35946 3.02728 2.23025 1.41043 1.56249 1.14194 1.73477 1.42686 1.6481 1.76414 1.49462 0.936639 1.09515 0.79866 1.28748 1.22544 0.699441 0.679897 1.31631 1.07391 1.17053 1.12181 0.700221 1.89028 1.41422 1.75026 0.928363 1.19301 2.00239 0.848021 1.28206 2.00209 2.05879 1.97364 0.638408 2.12478 1.49145 2.64401 1.7324 1.54368 1.34371 1.46099 2.01837 1.09915 1.07009 1.61405 0.866378 1.58635 0.94602 1.16055 1.87254 1.70929 2.09788 1.94427 1.52376 1.76903 3.04837 1.307 1.594 2.00467 1.4548 0.926206 1.71457 1.33916 1.35291 2.13347 0.780834 2.15325 0.96634 1.50832 2.08774 1.8967 0.904145 1.08317 0.6615 1.08115 2.07361 0.743321 2.28044 1.07744 1.31197 0.590391 1.11486 1.28985 0.839334 1.79544 0.960412 1.48145 1.39609 1.07817 0.7653 1.54374 2.26784 1.27252 1.07176 1.25407 2.92026 0.845337 1.22743 1.41799 1.23067 1.72692 1.62566 1.28845 1.88812 1.48347 0.640798 1.05207 0.900927 1.24854 1.47448 1.51502 0.79985 0.842019 1.899 1.15062 1.09788 1.60258 1.73814 1.44405 0.895306 1.80646 1.19715 0.720396 1.40996 1.66565 1.54757 1.14983 1.37905 1.28863 1.1286 2.02158 1.25573 1.88421 2.16558 0.712846 0.794126 1.64289 1.44761 1.54871 1.43692 1.73652 1.30014 0.980135 1.19319 2.11287 1.31254 1.25127 0.963706 1.51476 1.1788 1.19719 1.21735 1.86422 1.09748 1.31898 1.42891 1.53597 1.08361 1.53995 1.24912 1.92036 2.05038 1.16891 1.83398 1.71255 1.3022 1.26255 1.4413 1.31673 0.877029 1.18183 1.24778 0.819325 1.27436 1.17111 2.32221 1.19208 1.09103 1.09791 1.36347 3.01639 1.16634 0.918788 1.66459 0.598333 0.881751 0.988753 0.882897 1.05567 0.870996 1.30864 2.33214 2.27182 0.984869 3.92554 1.12117 0.759404 0.793174 0.701173 1.06724 1.02558 1.20946 3.02987 0.780432 1.39904 1.32923 1.13803 1.01599 1.53236 1.40399 1.63496 1.40961 1.7544 0.72274 0.911692 1.42093 1.24455 1.11344 1.29468 1.72669 1.51055 1.02302 1.81489 1.81893 0.932291 1.55441 1.75027 1.4426 1.50667 1.05126 1.90389 1.518 1.27762 0.945322 1.31694 2.03055 2.08605 1.13728 1.48623 1.7963 1.90355 1.86815 1.25335 1.33436 1.6809 0.941841 1.81514 1.70909 1.60507 1.99999 3.53277 0.79793 2.2804 1.0041 1.8433 0.986479 2.30654 1.82746 1.51489 0.931699 2.36226 1.45793 0.980467 0.983863 1.15344 3.02368 1.6269 1.99397 2.11988 1.06817 2.57842 1.12797 1.36427 1.92867 1.40909 2.21672 1.82291 2.9501 1.02306 0.971306 1.60723 0.676684 2.74156 2.53559 2.19292 1.20192 1.41122 0.439518 1.21044 1.10244 0.716146 1.77146 1.47223 2.05478 1.3406 1.02448 1.79507 2.02808 1.1392 0.827814 1.84497 0.889567 2.3523 1.12784 1.61415 1.57135 1.59495 1.47622 1.02604 1.59214 0.899948 0.941078 1.09925 1.32487 1.19176 2.33826 0.830071 1.38322 1.31675 1.20484 0.94951 1.44463 0.731292 1.71241 1.85026 1.16315 1.05222 0.720722 1.67484 1.27629 1.37828 1.38747 1.45332 1.70248 1.13402 1.14726 2.38026 2.33633 0.982751 1.49726 0.638202 1.28776 1.10951 1.73231 1.62915 1.9681 1.55194 1.19555 0.977416 1.5221 2.33669 1.28571 0.981791 1.0563 2.06427 1.51915 1.41199 1.29 1.67188 0.829562 1.99532 1.17145 1.17785 0.889103 0.956419 1.36414 1.24636 1.11808 1.05501 0.785358 1.48619 2.66208 1.3711 1.79773 1.31069 0.995396 2.44363 1.11325 0.813054 1.12429 1.04103 0.983284 1.17174 1.01834 1.0595 0.855736 1.65215 1.03605 1.28393 1.91564 1.1629 1.88952 1.4611 1.14506 2.41923 2.05359 0.793593 1.27229 1.45024 1.64254 1.06814 0.906457 1.19628 0.545589 0.651415 1.78456 1.63387 1.15109 1.65688 2.0942 1.64314 1.84373 1.8 1.3173 1.77069 1.10783 1.73666 1.72695 1.09145 1.24425 1.71356 2.12178 2.5254 0.873173 1.58565 0.917321 1.47033 2.27661 1.17616 0.692348 1.88084 2.51224 1.41495 0.99609 1.65319 0.83894 0.62312 3.32284 1.71728 1.4396 1.01755 1.40807 1.22103 0.963217 1.41825 1.12507 0.696972 1.33824 2.10951 1.23948 2.04431 1.24719 0.978741 1.18877 1.26936 1.26538 1.33272 1.00518 1.66506 2.19613 1.63436 1.23228 1.20583 2.91428 1.44738 1.2998 1.04703 2.00196 2.35907 1.45069 1.23447 1.42353 1.23148 0.738264 2.50182 1.24517 2.33883 1.23135 1.28902 1.35983 1.38806 1.51779 1.34382 0.512405 1.46599 1.21861 1.22131 1.91811 2.17184 0.922707 1.34402 1.27902 1.5454 2.49719 1.34021 1.70169 1.22961 1.97282 1.56903 2.03018 1.255 1.46821 1.31162 1.52976 1.96665 1.70452 0.673096 0.796217 2.08083 2.15872 2.955 1.2526 0.882722 1.38493 1.45706 1.84238 2.64377 0.799635 0.895303 1.72932 1.26575 1.35761 1.48945 1.97848 0.901351 0.719048 1.15781 1.24173 1.42006 1.14795 0.941483 1.03929 1.62519 2.10605 1.98523 1.17245 0.982618 0.826032 1.39102 2.07359 0.756867 2.51203 1.66456 1.402 1.67961 1.31662 1.62149 2.22691 2.00837 0.928897 2.21598 1.10076 1.11913 0.810594 1.55099 0.835096 1.60691 1.85765 1.24819 1.07356 1.52422 1.09771 0.863221 1.41755 2.20466 1.65848 1.2584 1.39526 1.0455 0.682911 2.14603 1.23405 1.34982 1.37904 1.33342 1.60471 2.00735 1.48503 2.43033 0.681922 1.09754 1.59712 1.97403 2.12517 1.55517 1.30363 1.36078 1.34841 2.45591 1.36065 1.00262 1.61421 0.604188 1.62904 2.10509 1.91542 1.76196 1.64426 1.30585 2.07106 1.49742 2.08456 1.4247 1.33592 2.13984 2.12131 1.54313 1.27602 1.55476 0.963738 1.3247 1.93674 1.36357 0.942096 0.574252 1.55696 1.4142 1.27858 1.2816 1.34797 0.821263 1.26336 1.27208 1.47552 1.98677 1.38947 1.3678 1.34669 2.01556 1.43927 1.41616 2.00621 1.68216 2.19962 1.04667 1.00529 1.46721 1.86685 0.836084 1.43634 1.20895 1.35287 1.82303 1.70899 1.03442 0.793767 1.41539 1.10832 1.7284 1.62996 1.15472 1.77807 1.22805 2.10218 1.43634 0.95022 1.73201 2.88392 0.895659 2.57214 1.44047 1.98066 1.60019 2.56941 1.29343 1.6315 3.07371 1.46191 1.7409 1.52062 1.66829 1.32023 1.18381 1.29886 1.63596 2.30632 1.15528 1.52427 1.35555 1.19574 1.17916 0.978193 2.24439 1.44408 1.40385 1.55809 1.34488 1.85418 1.78518 1.57228 1.70097 0.925144 1.50788 2.23409 0.570119 1.32263 1.20838 1.30178 2.55389 1.60096 1.44918 1.46166 1.73391 1.868 1.70322 1.91169 1.45607 1.23156 2.01017 1.74029 1.47378 1.37715 2.59549 1.41735 1.4446 1.48902 0.768841 1.38692 1.39494 1.97939 1.49804 1.55207 1.15121 1.22869 1.15006 0.738458 1.09634 2.66634 1.60051 0.971843 1.68688 1.66985 1.29733 1.91665 2.2085 1.57013 1.38495 0.865233 1.30631 1.29664 1.4611 1.38743 1.49967 1.85238 1.46291 1.30695 1.54107 1.56116 1.65005 1.91459 1.59747 1.29976 1.03028 0.931992 1.59649 1.40495 0.892821 1.50227 1.14819 2.43475 1.23326 0.887088 1.29643 1.03625 2.01833 1.02376 1.51812 1.85936 1.80875 1.36521 1.69476 1.50193 1.25481 1.88483 1.33189 2.9765 2.60993 1.49145 1.49537 1.3589 0.988763 1.27823 1.30821 2.01309 1.61216 1.39175 1.70082 1.31391 0.69346 0.898238 1.56104 1.54446 1.55003 1.78769 1.55888 2.40009 1.70371 0.751407 1.53886 1.8744 1.1409 3.49036 1.04807 1.11537 1.5746 0.976369 2.17755 1.99624 1.78777 0.850588 1.98967 2.02966 0.522631 1.03834 1.03797 1.44457 0.87487 1.70938 0.854838 1.65651 1.58668 1.8932 1.79289 1.0721 0.76042 1.37139 1.24897 1.99554 1.94369 0.987293 2.01621 1.55815 1.1292 0.888865 1.05199 0.884306 1.69464 2.11705 1.05871 1.20536 1.40871 0.980138 1.23523 2.40273 1.48704 1.3432 0.963827 2.08945 1.6351 1.65711 1.53016 1.47666 1.33458 1.601 0.731785 0.708183 1.37568 1.79249 0.886142 1.48986 1.38019 2.08206 0.829767 1.60411 1.48811 1.54977 1.73909 1.36934 1.07897 1.1067 1.56852 1.43802 1.00781 2.41217 1.92713 1.93018 1.29817 1.09681 2.90096 0.803877 1.49338 1.89055 1.75264 2.13446 1.77187 1.4398 1.70464 1.59535 0.734123 1.69302 1.12635 1.08323 1.51362 1.06707 0.998319 1.91321 1.61003 1.50706 1.92365 1.88999 1.41954 1.38491 0.632777 1.8686 1.14271 1.64415 1.76377 1.19675 1.66853 1.64835 1.14182 1.60051 2.04172 2.03541 1.9468 3.04271 1.91763 1.71196 1.49916 1.5291 1.11732 1.3389 1.04372 2.24667 0.860678 1.68949 0.966053 1.70498 2.61284 1.72694 2.17767 1.97358 0.871528 1.7256 1.55761 1.53297 0.935126 3.31231 1.51576 1.21472 1.13762 1.70274 1.70184 2.75064 1.23593 1.34909 1.49472 0.921776 1.69575 1.08144 1.23043 0.971175 2.16797 1.96609 1.2273 1.87571 1.24863 1.40587 1.64989 1.0842 0.813995 2.21404 1.30841 1.61998 1.1456 1.7445 2.0067 1.826 1.82119 0.932565 1.47098 2.01733 1.56984 1.52672 1.00305 1.49411 1.65912 1.50193 1.98996 1.67944 1.79712 0.914381 1.05013 1.96873 1.48722 1.72028 1.37496 1.37899 0.892224 1.17251 1.39635 2.57995 0.669258 0.81205 1.51489 1.83636 1.70803 1.80182 2.8975 2.06593 2.21389 2.07731 1.70634 1.30447 2.71448 1.04574 1.54641 1.36085 1.47367 1.46259 1.44772 1.24666 2.16343 2.1405 1.48168 1.14716 1.80285 1.90753 2.04377 2.01345 0.996773 1.28581 2.26015 1.13461 1.36119 1.0593 0.839581 1.80557 1.33361 1.60597 1.56187 2.05582 1.58121 1.15629 1.30353 1.42407 3.63533 1.52794 1.90601 1.18088 1.72896 0.835181 1.90786 2.08825 1.82762 2.12061 1.38727 2.71362 1.47371 1.39251 2.58105 1.13489 1.8433 2.07866 1.53788 2.0494 1.19659 0.930735 2.83221 1.27236 1.49922 2.0847 1.90403 1.90991 0.927431 1.05514 1.73943 1.97468 0.82819 1.93618 1.36673 1.65363 0.948454 1.83133 2.60108 1.20006 2.3308 1.57073 1.47661 1.29569 1.23564 1.96238 1.21447 1.60606 1.28817 1.30487 1.87781 1.14062 1.25644 0.719145 1.0964 1.51216 1.14221 1.39618 2.52478 1.78079 1.05863 1.11266 1.9422 1.34117 1.51197 1.67686 1.89653 1.0915 0.925533 1.14665 0.767488 1.94786 1.4183 1.02827 1.53229 1.44179 1.33295 1.69211 1.0934 1.42503 1.65253 1.69556 1.35082 0.986921 1.02964 1.51504 1.80924 1.44967 1.49961 2.58672 2.11143 1.15381 1.39809 1.57066 1.33488 0.851391 1.04168 1.35856 1.3425 1.42311 1.58382 1.42566 1.12885 1.45619 1.33807 1.53079 1.88891 1.93336 1.90723 1.30549 1.32222 2.73499 1.0638 1.05615 1.55116 1.41277 2.31657 0.652248 1.16506 1.05795 1.26778 1.46078 1.74813 1.05102 1.42202 1.74144 2.02167 1.30156 0.70114 2.27633 1.55115 2.10266 2.45418 1.41162 1.56392 1.61392 2.00943 1.47665 1.39527 0.838429 1.76037 1.72528 1.71127 1.43694 2.11117 2.26046 1.39679 2.58248 1.75165 1.73675 0.680584 1.97337 1.44049 1.14125 0.893693 0.826128 1.66013 0.980482 1.3057 1.49137 1.95164 1.20906 1.34829 1.58219 1.51714 1.48189 2.57477 1.41103 2.03527 0.696401 1.75034 1.45223 1.03385 3.42765 1.38327 1.83433 0.699665 2.02974 1.82406 1.8038 1.14307 1.41059 1.57646 1.42979 1.3327 1.44995 1.57497 1.51381 1.94042 1.51304 1.18745 0.916845 1.87297 1.58811 1.21217 1.71892 1.39997 1.30793 1.21111 1.6128 1.77885 1.39639 1.55474 2.14135 1.60015 1.02123 1.28689 2.02413 1.65728 1.47566 1.60158 1.66753 0.764008 1.79335 1.50306 0.960261 1.68088 1.42651 1.31198 2.09123 1.19372 1.56842 1.08323 1.46236 1.00828 2.28813 3.18326 1.84828 1.63535 1.29596 1.04994 1.24438 1.97999 2.14691 1.08346 1.16643 2.11065 1.74818 1.06493 1.37748 1.47846 1.87636 1.76705 1.52354 1.04132 2.09537 1.84773 1.46749 2.32651 1.2814 1.48416 1.24355 0.908668 1.2031 0.799327 1.40432 1.39844 1.76582 1.3632 1.47312 2.0969 1.401 1.70418 0.858672 1.54812 1.31384 1.45123 1.26768 2.72012 2.15698 1.64095 1.14295 2.02878 1.08735 1.01335 2.22869 1.8562 1.07381 1.61946 1.98812 1.68017 1.60843 1.77088 1.90945 1.33696 1.30417 1.81713 1.21132 2.40098 1.27553 0.997183 1.43213 2.1669 1.57842 0.956366 1.73325 1.70467 1.35709 1.39696 1.42441 0.762047 1.42204 1.87078 1.89414 0.984006 2.91635 1.72878 1.76055 1.37936 1.20573 1.33371 1.51743 1.92887 0.9566 1.46433 2.05965 1.7659 1.70745 1.7774 2.06883 1.3683 1.10667 0.722338 1.7558 2.04653 0.45834 1.455 1.73116 2.36132 1.10521 1.07278 1.21309 1.06286 1.07693 1.49937 2.03989 1.53172 1.44259 2.3652 0.940163 1.92023 1.86298 0.984248 2.01819 1.40592 1.24091 2.37285 2.01059 1.12809 1.10329 1.66702 1.66996 2.25243 1.57714 0.897836 1.18708 1.0424 1.04776 1.31976 1.68417 1.40471 1.67499 1.66968 1.41569 0.879962 1.95216 1.9622 1.13219 1.46654 0.869354 1.64463 2.09135 2.09022 1.11324 2.23852 1.4522 1.89252 1.57414 1.2569 1.07137 1.75609 1.81976 1.59568 1.22903 1.04143 1.2906 1.11508 1.05052 1.47622 0.924927 1.0679 1.01807 1.61521 1.65135 0.947472 1.44013 1.26711 0.992367 1.82399 1.69546 1.31494 0.999614 1.34979 2.47847 0.781551 1.42565 1.46614 1.54672 1.73714 2.34416 1.18535 1.51389 1.65666 1.73732 0.986874 1.14365 1.48666 2.61859 1.65392 1.19347 1.89609 1.82002 3.87497 1.49468 1.46769 1.83728 1.26514 1.396 0.927557 1.55878 1.1921 1.47926 0.889709 1.40083 1.59725 1.60319 1.63825 1.48499 1.91107 1.5504 1.66801 1.49916 1.26458 1.02294 1.11971 1.46959 1.10489 0.914946 2.26112 2.12442 1.50718 1.28298 1.57621 3.62348 0.810218 1.68238 1.37006 1.35886 1.60577 1.04486 1.61731 1.18276 1.36627 1.93733 1.56838 1.07454 1.59794 1.25526 1.98552 1.25143 0.923682 3.57198 1.89501 4.51816 0.819702 1.87403 2.62894 1.11274 1.14856 1.73134 1.82042 1.43052 1.9359 0.900374 2.06793 1.41879 2.22599 1.49795 1.56426 0.63797 1.01702 1.51668 1.41462 1.19755 1.50373 0.971262 1.59131 2.02643 1.83936 1.29589 1.71349 2.0801 2.28489 0.90011 1.80669 1.82004 1.05629 2.48384 2.05531 0.913259 1.95123 1.56246 1.60058 1.81796 1.48749 1.27575 1.74159 1.38295 1.50245 1.22378 1.74703 1.25127 1.86649 1.09966 1.67594 1.56974 1.75575 1.58966 0.890804 0.678188 1.667 1.67753 1.41811 2.14375 1.831 1.58111 1.41687 1.08731 0.986972 1.39599 0.775924 1.55381 1.53919 1.37437 0.779336 1.17323 1.9403 1.68294 1.44267 0.873407 1.76782 1.04533 1.24007 1.13358 2.14692 1.66263 1.27421 1.22455 1.03961 1.0672 1.28391 1.56027 2.19655 1.51114 1.77409 1.30458 1.26383 2.21412 1.32534 1.87547 1.75991 2.66254 1.80079 0.98876 2.22515 0.887246 1.69112 0.626825 1.42719 1.66031 2.4794 1.62904 1.59723 0.824643 1.62702 2.33909 0.891107 0.967579 1.99595 1.87835 2.01777 1.72041 1.20767 0.703046 1.97342 1.2799 1.705 1.94325 1.7477 1.13278 1.47407 2.73228 1.96919 0.900322 1.28591 1.74702 1.52423 1.39172 3.74967 1.38864 1.20563 2.39672 1.92506 1.23593 1.54179 1.93673 2.75477 1.04126 1.62143 0.846396 1.82713 1.38935 1.67032 1.77273 2.51943 1.67191 1.54952 1.32994 1.14556 1.18864 1.57583 0.98131 1.208 1.94839 2.03256 1.77646 1.32571 0.903469 1.41477 1.2722 1.45719 1.26636 1.65329 1.61731 1.29218 1.18485 1.40744 0.847855 1.4082 1.89221 1.59226 1.16881 1.54145 1.59456 0.474966 1.51103 1.02082 1.49924 1.17511 1.51293 1.96347 1.85382 1.66478 2.30453 1.91836 2.07419 1.69135 1.45279 1.89037 0.927275 1.21876 1.75782 1.14245 0.852903 1.16108 1.49909 0.85911 1.23801 2.24432 2.02777 1.81395 3.14166 1.0988 1.6809 2.74312 1.56522 2.39685 2.18187 1.13426 2.57943 1.81065 2.46068 2.68281 1.38363 0.856537 1.13534 1.41705 0.874011 1.07733 2.02412 1.48522 1.33414 1.6554 1.70837 1.56296 2.20315 1.28914 1.40882 1.57049 1.36696 1.66855 1.62454 1.69858 1.84871 1.65878 1.56205 1.50803 1.81325 1.94977 1.97813 1.14034 2.16917 1.52135 1.77088 1.38327 1.81106 1.27422 1.89075 2.86672 2.11488 1.76127 0.680727 2.0534 1.95223 1.52715 1.43932 2.17704 2.07016 2.62545 2.03196 1.5561 1.01704 1.37801 1.90565 1.74852 1.89378 1.19831 2.32922 2.71245 1.92969 2.2088 1.29617 1.4724 1.52391 1.5863 1.43924 1.21305 1.68745 2.06064 1.52743 1.71523 1.95735 1.15441 1.56671 2.69308 1.6248 1.54465 1.61644 1.56739 1.06297 2.73383 0.980661 1.41281 2.23671 2.11456 1.69057 1.76458 1.92582 1.72004 1.34781 1.51304 2.20265 1.31354 1.38756 2.083 1.91657 1.42571 2.48139 1.32211 1.4837 1.62432 1.18781 1.84016 1.78638 1.22084 1.38176 1.39893 1.51277 1.55812 2.05599 1.75359 1.70228 0.75851 1.56504 1.94616 2.42874 1.63509 1.77054 1.81178 1.05127 1.37387 1.79531 1.51668 1.48254 1.31914 1.20402 2.67738 1.58407 1.41964 0.978059 0.925369 0.681762 1.75882 1.96686 1.13167 0.887148 1.6193 1.1841 1.33864 1.48938 1.68461 1.90092 1.99338 2.46399 1.71983 1.36131 1.92431 2.16959 1.6082 2.0128 0.573822 1.04965 2.19855 2.01563 1.86164 1.44551 1.5701 1.58963 1.79695 1.02355 1.46968 2.15964 1.36457 0.855136 2.11621 1.86922 1.41227 1.42832 2.09312 1.82676 1.48373 1.87138 1.70196 1.70352 1.15163 1.25404 1.32975 1.12567 2.02795 1.23112 2.22518 0.913386 1.36874 1.56173 1.73843 1.52288 0.855378 1.01557 1.86265 1.80371 1.69677 1.17612 1.8945 1.36069 1.94144 3.29802 1.03511 1.34893 1.03109 2.62861 3.01425 1.20661 1.55603 1.49022 0.871118 1.84484 1.57146 1.54601 1.62748 1.75999 2.48293 1.44544 1.90941 2.25993 1.53876 0.947826 1.65808 1.88558 1.69338 1.31393 1.93129 1.58675 1.71391 2.39121 1.75276 1.42679 2.13914 2.51814 1.72768 2.02083 1.89463 1.43281 2.51135 1.51139 1.70259 1.20255 1.53935 1.91506 1.84886 1.40538 1.54331 2.20173 1.74733 1.35957 2.00619 2.07104 1.9898 1.56822 1.46149 1.71793 0.978931 1.88217 1.20781 1.57964 1.52381 1.49764 1.20794 1.32909 1.54162 1.52306 1.71119 1.50802 1.87537 1.14228 2.51397 1.42894 2.24839 1.61313 0.981701 2.01126 1.26511 1.66332 1.54715 2.33187 1.85733 1.75836 2.59361 1.92796 1.57672 2.03817 2.63435 1.78255 1.39066 1.68029 2.03688 1.98911 1.46879 0.997578 2.00647 1.26025 1.64169 1.61479 1.55761 1.04832 2.26919 2.43436 1.39745 2.43823 2.32545 1.00508 1.94322 2.18172 1.8246 1.59553 1.92484 1.41532 1.63795 1.25201 1.27001 2.04977 1.64185 2.6011 1.72483 1.56651 1.98231 1.66785 2.03925 2.04025 1.70519 3.39169 0.932035 1.81756 1.40293 1.49545 1.4577 2.08227 1.79473 1.78631 1.03688 1.47706 1.84686 1.91391 1.39472 2.82865 2.02499 1.00944 1.69118 0.754398 1.44256 2.52133 1.34868 1.48222 1.0997 1.68434 1.37668 1.41685 1.32159 1.35244 1.71019 1.90183 2.07491 1.5137 1.98832 3.49221 1.41549 1.80926 0.790442 1.31601 1.66354 1.37104 1.53004 1.49479 1.61763 1.47745 2.52445 1.80018 1.48685 2.30969 1.36538 1.4741 1.19688 1.40684 1.76608 1.37407 1.85359 0.824358 1.3341 0.796697 2.21754 1.72053 2.28488 2.02226 1.69444 1.19204 1.65869 2.16356 2.29106 2.05714 1.68513 1.24048 1.47639 1.52606 1.40712 1.63994 3.07148 1.71268 2.16262 1.39076 2.41737 1.30945 1.73078 1.87188 0.938635 1.93565 1.64531 3.55872 2.25557 1.834 2.14654 1.87451 1.89006 2.06089 1.73364 1.5208 1.23239 1.23286 1.44485 2.31151 1.72647 2.08903 1.14685 2.0311 0.893069 1.29692 2.15514 1.82447 1.57601 1.14142 1.46754 1.61388 3.28256 1.48488 2.12511 1.47814 1.61196 1.69931 1.5402 1.66928 1.63171 2.68303 1.28497 1.06166 1.89806 1.22267 2.28155 1.40776 1.81813 1.82331 1.60344 1.45757 1.04014 2.43335 2.22755 2.11015 1.21845 2.27433 4.36787 1.05392 2.08919 1.50125 1.4855 2.16249 1.99816 1.61119 1.09953 0.819088 1.92424 1.73733 1.95214 1.61894 1.31528 1.76555 0.80367 2.36165 1.62295 1.28475 1.36457 1.46648 1.76632 1.27726 1.28883 2.07185 1.38101 2.42145 1.65036 1.22726 1.81602 1.07228 1.74387 1.69458 1.50936 1.89179 2.83402 1.7345 1.57207 1.4595 1.08446 1.3276 2.64525 0.967868 3.14933 1.89792 1.28913 1.68832 1.12694 1.23359 1.43039 1.61922 1.53418 1.06562 2.04533 1.27295 1.68874 2.10462 1.22646 2.15072 1.61803 1.67238 1.17416 1.5248 1.85563 1.42191 4.9536 3.01383 1.08403 1.15927 2.18194 1.5638 1.46868 2.99795 2.27945 1.93975 1.29623 ]
@@@ Frame-accuracy per-class: [ 81.8135 46.3115 76.1853 73.9736 69.9832 73.3675 70.0402 51.3661 61.4601 63.7447 80.4694 52.3636 65.4857 75.3686 40.96 46.4413 35.8722 53.3494 61.8513 69.757 74.0921 17.7778 68.516 66.1157 70.7122 66.5309 31.701 54.6275 42.7095 61.8506 57.7303 44.1581 79.3587 66.7604 63.4565 60.4923 75.5912 51.3889 66.6897 77.8034 71.4985 34.1693 70.7288 65.8103 63.1254 65.0633 41.6465 65.8306 75.9273 71.9927 61.756 2.65487 71.609 57.4244 75.9774 47.2279 77.1124 32.459 80.1684 64.2977 46.1248 53.9838 58.8195 27.9917 62.2435 59.6712 47.7966 64.6729 41.0569 68.124 69.9827 60 42.3143 24.9158 48.7455 70.7932 60.9836 53.1587 35.8306 48.0243 66.2727 46.0581 73.7708 13.7441 53.5248 71.4831 56.0255 72.5395 22.0408 35.5119 48.0655 49.7949 47.8344 46.9311 27.1028 67.2943 61.5581 46.3805 65.7675 19.8646 59.584 59.8655 48.3529 75.1216 14.8649 63.305 72.9093 75.1928 78.258 -nan 46.9477 33.0275 35.5825 54.7844 18.1538 69.9166 20.9256 55.7827 65.9813 61.3799 68.7358 -nan 18.3267 71.68 52.3904 53.1787 57.3132 62.4194 65.3115 48.7059 62.1728 28.1481 78.4544 80.4406 54.7407 13.6364 30.8917 76.0697 72.4625 48.0392 72.7414 58.1544 62.7343 60.6586 64.6543 51.4851 67.78 43.2678 81.6981 51.8647 57.62 54.6619 55.4241 36 75.1218 64.067 39.1393 74.9404 51.3889 35.5 73.8432 47.1125 72.6243 -nan 77.2903 46.7787 73.5988 33.8583 54.7739 72.6521 69.5813 80.8523 73.8672 44.2159 61.2156 -nan -nan -nan 74.5455 66.5601 60.2222 80.8964 0 54.738 39.6936 77.3364 49.1667 33.3333 76.8987 72.8781 42.5272 65.0231 20.9302 71.5873 67.9436 76.514 51.8898 57.3921 35.6771 58.0916 68.7566 51.1464 65.5408 -nan 61.71 67.8872 47.3684 71.848 -nan 72.7042 71.7146 40.4908 62.7287 56.0976 54.7653 44.582 33.1169 68.5345 79.23 91.1911 84.9732 38.6764 64.5789 26.0546 78.9126 54.9706 70.1447 58.5688 71.0407 83.4534 65.1941 64.9154 27.5109 63.8889 70.5628 44.2011 66.0803 72.7396 62.5229 73.2507 70.0867 67.0543 78.1326 81.0328 49.8047 66.8828 83.2045 53.8572 78.8249 67.0111 62.5775 65.2456 75.9027 42.2414 55.0887 62.605 68.1256 48.3736 80.1133 75.7764 56.5166 66.9853 64.9809 45.2065 59.5445 62.7477 72.7131 78.0799 72.6227 57.0615 44.2589 77.3851 77.3392 67.4848 65.6517 54.6852 86.1105 63.3452 76.2637 68.3254 54.462 62.542 55.7848 64.3881 42.5872 64.6636 48.6365 63.1744 68.323 39.0161 56.5771 60.4344 51.6286 58.3536 72.3252 67.8147 48.4329 58.4229 68.1139 72.328 51.8595 61.4692 61.5827 79.9572 67.8827 58.075 42.9812 66.9707 52.5007 55.5749 74.5276 47.4929 69.5896 57.5107 52.25 68.6472 66.2505 63.4101 66.9716 49.8692 66.8447 66.001 49.0034 63.2411 61.8019 56.0561 47.7318 75.1772 67.475 47.7853 74.1935 64.7661 73.3394 63.9423 58.1112 57.3386 73.5402 57.23 73.288 65.4833 47.7361 64.2595 60.5542 55.0606 79.5089 67.4528 64.0704 55.5443 54.8638 53.0298 42.3656 69.987 65.4925 58.1319 67.4554 50.0882 30.3435 66.6816 74.31 64.0009 63.5827 85.8597 78.5841 68.6524 49.3981 57.7402 41.1132 49.3252 49.1003 39.1149 56.0562 44.7059 68.913 52.5918 72.346 61.9718 79.107 50.8141 75.3366 62.7649 81.57 73.3154 79.8675 75.1908 75.5957 80.4673 59.1549 56.6836 73.7267 69.3431 57.0815 70.0105 68.71 80.7569 72.3471 72.5157 48.0926 79.8541 79.9044 53.2733 72.782 57.7873 62.6822 65.8442 73.7931 66.5183 73.1107 49.0345 75.5676 63.1507 69.2826 60.9185 66.266 48.3079 61.9941 66.2944 59.2308 59.4759 72.2635 37.4276 70.5331 64.7814 59.1796 70.7022 63.7363 58.5646 56.4888 49.5652 66.287 73.4463 54.9828 46.7902 50.7104 57.804 71.7135 60.0532 61.7576 49.0331 53.6367 76.8402 63.4844 76.5457 45.8988 48.6056 63.0368 50.3781 40.5987 62.6807 69.0798 52.3826 74.5954 41.0134 68.4469 31.4815 61.0178 57.3508 69.652 71.7454 39.2265 59.7696 55.3672 51.8875 64.9231 63.4483 62.15 71.1651 78.1988 48.8458 48.115 70.501 57.619 48.366 42.7854 51.3193 56.799 63.1373 57.9302 60.241 46.2916 52.9224 62.3172 56.1135 87.2987 83.3983 45.8101 45.2174 73.3754 77.7731 71.7524 76.4888 38.6087 66.2885 66.0755 57.2489 51.4164 57.7957 48.9817 53.7377 69.3948 48.3762 62.7343 56.6237 42.4812 78.5823 67.9631 37.8947 74.2458 69.2197 55.5351 61.5269 73.2955 64.3552 62.9771 43.3134 46.4903 39.5534 58.6025 56.7652 54.6332 68.0588 54.7639 70.9881 51.7316 57.2352 48.272 47.2115 66.4496 49.9162 44.6129 75.645 68.2912 52.1167 61.4206 28.3654 48.7165 54.7576 79.0389 68.038 59.4595 59.0628 33.8596 59.6523 58.3127 80.1008 83.1631 54.9874 75.0282 58.891 65.1391 52.4073 74.7987 72.6496 42.6087 41.7601 35.6938 48.5836 75.9494 65.3477 73.7883 74.6249 72.4759 69.0749 75.7434 75.7029 66.2011 43.802 76.6861 62.5947 50.0566 36.7521 71.2593 65.2778 51.5862 53.857 67.9753 81.2187 48.2418 48.082 57.556 41.5249 83.1228 45.8438 71.8926 75.0743 65.3449 65.0396 47.9266 74.8511 57.9101 56.6361 51.5625 56.4016 70.0465 67.394 71.3462 76.9265 46.1394 58.2015 78.3701 66.5508 72.8891 51.6164 66.4972 63.6364 74.6283 64.4958 69.4313 78.2508 66.9687 74.8325 61.8196 57.5478 48.8938 43.5774 56.0445 46.6116 52.4347 51.2053 74.359 52.4868 74.7974 38.2802 84.8485 42.1277 60.3846 62.071 54.5131 72.8558 51.2895 56.1644 32.5826 63.3688 76.6908 50.5463 47.2015 64.7687 64.3826 67.4006 45.7746 50.9215 68.2652 71.2193 45.2802 61.8421 59.9425 64.0046 68.9252 65.2238 66.753 68.1006 53.1444 55.7671 76.1938 51.1204 55.402 70.2552 47.2727 60.8371 57.7733 62.6925 62.8113 66.6479 58.2979 82.0547 32.973 57.8809 41.81 37.3704 55.0129 55.1402 58.4948 36.3376 65.3193 53.2951 73.0053 57.6906 73.0091 34.9784 64.0562 30 67.0058 62.2449 51.1485 27.2727 62.1219 62.8601 60.1982 68.018 71.6275 79.8917 76.7871 68.8866 76.2889 74.2955 65.1908 27.6803 51.592 60.1317 56.749 57.0522 69.1226 59.8977 77.0469 61.754 63.4596 44.2231 50 59.7755 40.8733 56.1217 65.9949 69.4824 57.5587 89.0963 70.7898 65.767 80.9465 59.3722 57.7143 57.827 80.5171 67.0339 60.431 64.1628 80.1508 60.7379 43.9338 66.2216 52.7778 72.6208 48.0793 42.8822 72.9592 73.213 75.3241 60.5892 49.5829 61.7969 61.7816 74.165 37.5628 67.8341 69.0722 82.0381 58.2006 77.7392 54.8414 71.8333 56.0317 46.5367 72.6457 66.5993 75.9652 47.4754 62.0265 80.8922 69.2222 59.56 72.1254 65.0602 68.6942 57.0513 79.1536 80.1971 46.2715 54.4554 75.4781 52.907 83.8806 40.1747 53.0786 50.1272 65.2698 65.3442 69.6425 66.8211 61.22 43.2768 70.7895 54.6519 49.5362 72.6278 44.3114 62.3231 60.7897 57.497 57.9977 53.5012 75.9553 59.9881 67.6656 55.2698 41.3289 68.8408 65.3295 85.8131 57.1053 69.4058 72.5862 70.4579 72.2284 51.4944 58.231 67.5393 72.7652 79.399 63.6088 52.3641 54.0741 52.1073 50.1416 73.4863 70.7133 24.3615 57.7938 68.9337 47.4517 50.8179 67.4165 67.0711 36.6631 46.8644 76.9848 30.4668 52.7244 61.8725 38.8989 49.7362 73.1812 64.5899 63.2196 75.7964 63.4013 69.9087 66.5414 62.8834 56.4713 57.2158 84.5079 75.3329 46.4623 73.2127 66 72.847 65.7231 78.5889 41.5183 56.7888 66.1898 37.1707 77.7215 76.034 77.8959 76.0811 65.9686 78.9567 70.8941 39.3939 60.4212 46.0177 56.1342 75.121 79.423 51.5422 79.9617 71.3167 72.4504 56.3187 43.9667 72.5872 67.5665 56.3971 52.0446 44.2779 66.1392 73.919 44.0798 69.8432 44.3233 62.2899 76.5468 50.5576 75.5773 69.129 71.4792 77.1673 73.6615 52.344 58.6047 61.2132 65.9208 69.1199 64.7059 64.3364 65.4088 68.1643 52.7097 34.0438 40.6461 34.4749 58.9204 7.53425 31.8966 60.3598 69.3249 60.5337 73.8401 71.6365 51.2008 52.1909 60.9827 42.8986 40.4826 60.2546 51.8586 64.7059 81.2087 69.2791 65.0172 68.4718 73.5342 51.6457 57.0462 40.6352 64.7824 75.6805 55.1241 76.9874 78.6592 81.4655 59.9306 76.9869 73.1521 62.8611 17.0103 54.7699 57.398 57.7228 15.4902 81.7218 66.3192 67.5304 71.9237 72.3795 53.1783 57.6271 61.4994 37.8671 65.4183 63.6503 59.4836 69.1778 55.8509 71.771 58.7013 65.3228 63.1277 35.8048 56.7655 68.2136 80.9171 71.4033 63.1615 59.8063 53.849 55.2239 62.1887 63.9472 59.8181 53.3927 66.1115 68.2696 50.7594 43.0647 70.7169 58.1451 54.2362 72.7923 70.5458 47.1809 65.4613 41.4075 48.4879 28.7473 64.0937 64.1796 74.0187 67.0259 77.0499 67.7647 66.0124 59.501 62.3813 63.9797 34.2618 71.9159 41.2162 64.5812 48.9389 64.3275 56.9251 59.8167 47.9167 44.2782 57.4394 55.7798 61.1957 48.3146 47.2347 39.153 58.3183 63.2633 63.0345 72.6048 51.8468 72.1811 75.3739 68.6523 53.717 27.0208 70.068 46.091 67.4359 56.8848 20.4901 68.2292 59.0452 58.0808 39.9241 70.4928 49.9378 57.3137 55.4662 57.277 71.8094 72.3544 42.9808 71.2619 62.1111 54.5752 52.0631 79.2624 64.566 65.132 68.0394 51.0964 71.2242 77.6885 59.9016 23.503 46.1111 60.7348 58.1091 68.8164 51.1149 55.2306 41.8323 50.0945 53.3019 74.4852 70.6294 76.7482 62.2193 61.9048 78.0964 78.4045 65.8689 69.6299 63.8244 66.6218 77.5561 44.4551 58.5389 48.4962 70.3929 64.2959 43.9601 75.6871 59.0164 38.0396 44.547 47.8662 79.4266 36.7847 57.1429 28.7431 54.8533 56.2911 59.0604 52.0637 29.5868 67.2774 68.7243 53.352 73.468 56.3758 71.8993 66.991 39.8541 54.183 46.4869 45.7496 56.4982 43.994 25.5102 59.1652 52.3901 39.834 62.5227 73.4015 53.4085 56.7268 56.0444 42.4658 76.5131 38.1443 71.1061 58.737 37.516 51.4653 72.597 64.4062 79.2046 67.712 51.9018 77.0564 46.6667 67.7485 60.4103 82.6826 64.7898 60.5609 74.0413 56.2028 73.5223 55.5556 57.1037 69.368 76.9943 53.2328 37.2419 64.4135 65.3846 63.9129 22.7092 77.1351 62.1636 64.2487 64.6646 47.8495 54.1985 64.689 49.7211 56.2678 78.7803 71.4592 74.6158 64.7994 50.33 51.8621 76.8882 74.2167 42.517 65.0907 68.962 53.6711 51.1816 57.1231 76.4038 48.3124 67.5476 80.2176 62.0387 50.9884 55.7157 65.4048 61.7814 62.5 62.931 40.7967 62.0976 50.4274 37.5107 79.8833 74.7455 51.589 60.6258 56.7673 52.3438 46.2358 61.7723 71.6758 65.12 36.1055 63.5591 65.5275 74.3105 53.2762 58.7227 65.4739 64.7959 48.7013 68.9422 61.4143 63.1868 57.8226 68.4978 58.0271 64.1205 48.2069 40.7809 66.3489 43.7652 54.249 58.9608 65.7877 61.0697 61.2601 72.6717 63.3072 60.4452 76.8169 61.6162 65.2769 34.7029 65.4338 65.7375 69.7484 57.0621 27.551 65.8196 76 52.9689 81.9895 77.3926 68.609 72.5142 67.0815 74.597 63.461 32.6425 34.3964 64.1703 8.26446 60.7591 77.7661 77.1746 80.0854 67.5885 68.407 67.4787 24.1071 73.5263 58.2734 62.8253 67.5302 72.968 55.5556 66.5254 57.415 59.3964 50.2534 77.8395 73.5581 60.2532 61.0365 67.6471 56.5925 47.4756 46.87 71.9745 48.9456 49.314 72.7162 50.26 46.0094 50.8629 52.2364 68.9123 43.1078 50.8691 67.0134 70.2415 63.4783 39.7336 40.8127 66.9574 60.1922 56.5561 44.1265 49.0426 68.0154 60 53.4231 74.4331 53.8355 49.162 54.08 44.3249 21.0356 76.1719 39.9682 72.28 39.052 68.8265 29.0446 49.2187 54.2683 71.0432 28.0423 57.364 73.2947 73.7754 66.3628 21.142 52.7118 42.3636 38.9992 69.3015 35.3753 69.5122 60.0251 46.5378 61.7357 38.2653 51.1292 18.6603 69.2105 71.5867 53.6919 79.8157 26.7442 37.8109 44.5528 61.8738 61.5337 87.8961 64.5043 72.8762 79.8513 48.4308 58.7661 40.2597 62.6311 70.3931 44.3769 46.2903 68.701 76.8152 45.987 72.9132 30.1242 67.7966 54.7669 51.1957 53.1159 57.4695 73.1778 51.768 73.142 71.8447 68.3923 61.9573 66.3108 31.9392 75.8827 59.6601 56.5378 66.2362 70.9983 57.0416 79.2291 55.7554 49.8529 65.5574 65.9645 77.9845 54.0018 70.0831 58.8015 60.323 58.2786 53.4437 68.5714 69.843 41.6667 42.2449 69.5707 58.3649 82.4499 60.7201 67.9521 56.2199 47.0701 48.1343 55.9809 68.7375 70.101 57.9457 38.7812 61.586 70.6749 69.2736 44.6894 58.4398 57.9005 66.0767 52.6502 76.0181 40.8759 65.4689 65.1471 74.4939 71.5308 63.3195 63.8298 65.8324 69.2308 76.7251 59.4226 28.343 60.3069 49.3908 56 71.3604 37.1881 69.5377 71.7808 65.1515 68.6823 69.4555 62.6521 68.0949 72.88 73.4141 53.9683 68.2657 64.2945 47.2857 69.6391 46.0067 57.6881 70.3819 34.4482 43.2298 76.5587 64.3885 58.986 52.7817 71.2677 73.0212 66.6258 84.4323 79.7705 57.5472 50.3788 65.5795 53.7668 55.0136 50.2801 43.4293 50.7177 61.4322 46.9325 64.7917 50.6971 50.5737 71.2513 65.1558 42.5662 39.8305 33.3333 74.5569 55.0604 74.3985 58.3419 36.5252 68.0425 78.3452 52.1455 29.2866 59.1343 70.8089 45.8232 75.0947 81.9173 19.0736 48.5465 55.8357 72.561 59.1949 66.9691 71.412 57.5529 65.3482 78.4272 57.2351 38.6711 65.1553 40.1515 63.3481 70.6854 64.6996 60.5645 65.1685 57.5802 71.8693 48.8967 44.0568 55.5556 65.3738 67.1059 23.6181 59.316 62.5321 72.1221 46.8927 37.7458 56.7772 64.4488 58.1395 64.0416 76.0662 37.3684 63.173 41.8367 58.2433 60.9819 62.5124 58.5434 61.2105 62.0229 84.8436 52.0053 67.8261 66.2258 46.7298 45.1613 72.8487 63.674 63.8987 54.375 36.8479 61.1544 48.7541 63.27 42.7725 56.9318 41.9478 61.4173 58.7075 62.2135 53.7657 48.9661 53.3934 77.8014 77.4292 42.5397 51.1295 33.4177 63.8911 70.5181 63.4275 59.6618 50 29.8068 77.8887 75.7195 47.4383 64.3087 54.7019 57.1542 44.4012 69.3255 78.1546 66.7877 65.4986 56.5052 65.3951 70.938 69.1685 51.5679 43.8017 48.4006 65.9738 72.3482 74.0139 61.3505 39.408 79.4191 26.7235 49.3649 61.2313 52.3174 63.913 56.7322 34.4521 50 71.9631 36.7925 69.0916 68.1006 74.1379 53.0726 75.6771 55.789 40.5126 63.4759 72.3418 63.2768 67.3286 75.8844 53.8933 42.2111 52.9536 63.8312 62.4047 70.1643 78.7925 43.0649 66.797 59.4761 62.4382 60.5818 53.7915 44.6809 57.5142 35.8582 81.0439 69.086 55.0308 47.9929 41.6422 56.5457 62.7427 63.3861 63.3784 34.4828 56.1925 67.4699 55.3273 83.1138 57.3056 38.2296 43.6299 53.3023 53.3912 66.3029 34.8154 65.472 49.5227 55.5923 62.9927 39.5149 45.5959 61.8605 61.9814 52.4887 72.7511 63.2282 48.2143 63.1696 70.2683 83.6761 58.0431 52.5817 62.3305 64.1145 57.6622 75.9724 60.0352 65.4664 57.5472 41.9192 58.5438 61.6541 62.6667 40.2132 57.015 56.4706 40.4792 50.6938 35.6464 71.1111 67.2492 58.2154 46.0688 75.8548 63.0588 63.5431 57.1036 48.6658 52.5881 70.9759 78.0153 62.206 67.656 55.8455 54.0498 68.4685 50.1938 66.122 45.6726 56.3184 68.001 53.8653 17.7778 75.865 30.5618 58.2261 41.8136 51.0824 30.4826 61.5512 57.2559 17.284 61.0771 52.2568 60.2564 50.7282 64.6174 65.9286 63.1799 52.6984 41.342 67.6688 54.7321 63.2168 65.5825 66.2795 71.8269 39.6535 58.1448 62.9608 55.2329 59.2877 51.6575 49.5796 49.9253 56.9956 73.7818 61.0195 41.6048 84.1535 62.0951 61.552 61.847 36.5011 52.8024 56.9322 54.4379 55.0323 45.9551 45.9848 49.252 54.0655 64.7118 45.3793 45.911 56.2271 61.8942 33.6788 52.4756 57.5605 58.1375 80.9399 59.6741 59.3066 45.4672 57.1429 59.7222 67.1776 65.8356 64.5611 78.1136 62.566 28.9786 56.3881 67.0019 55.0087 50.0755 54.6899 45.546 36.0048 54.4164 61.6592 74.5614 60.1688 60.8008 55.9617 58.377 55.9187 55.3659 56.6099 63.1446 55.6962 55.2268 54.7771 46.7762 54.7454 63.2173 65.992 72.6702 59.8394 56.0536 73.456 57.3633 63.8576 33.7838 62.0219 75.0962 59.3077 69.9534 49.2828 68.8221 56.7194 52.99 49.5062 61.2843 52.2484 60.4478 66.029 51.1146 63.8062 23.2203 31.5574 56.6015 53.759 59.7397 70.9459 63.3478 62.9321 48.8131 52.8986 62.2351 54.1766 62.3734 79.5863 74.0337 56.3224 52.2004 56.3786 50.0763 54.4968 39.2233 50.4554 78.6172 55.5311 48.7938 67.3267 17.6768 71.034 67.0121 58.1792 70.8837 44.8322 39.7351 49.0491 74.7302 42.8969 43.1912 83.3419 69.6802 69.8569 61.0619 75.1656 46.4469 74.4 54.717 50.5085 40.8493 49.6933 69.0332 79.5588 65.3902 62.8792 42.9 48.858 72.6152 41.9948 57.939 65.9264 75.8545 69.3467 73.7619 52.7588 44.2434 68.6595 62.9758 56.1051 70.7398 64.5855 39.4521 46.9598 59.6673 73.5079 42.4627 55.2846 54.7844 59.4083 54.1284 60 49.3601 79.3257 78.936 62.1068 45.8333 74.6134 51.4244 60.8974 32.4165 69.9755 55.9858 58.1531 59.1277 53.5519 61.4426 67.2799 66.6667 52.7124 55.0707 69.0591 34.9454 49.3884 47.0588 61.8059 68.2528 27.8438 77.2777 59.8795 46.1353 46.4674 41.1268 51.5391 58.78 52.9981 54.6565 77.8878 55.7912 66.5658 63.1653 55.0779 66.2665 73.6244 44.9031 58.0477 52.7344 49.7888 42.6733 60.0791 57.4871 81.6875 48.2392 68.7269 52.2774 46.166 65.9746 52.3635 55.3488 62.8373 53.711 46.864 40.0501 44.6188 23.251 44.1423 56.3025 57.2038 53.3821 68.3278 61.4783 68.5208 34.6754 73.7396 49.5781 72.1542 52.1907 31.4879 51.8742 38.6992 47.0874 72.6179 48.0328 54.345 59.8174 75.3189 14.3072 56.085 63.3564 66.9209 48.8632 38.5906 23.004 63.5481 60.542 54.6371 73.8588 48.9824 67.7928 65.3251 72.4111 37.108 45.72 59.3656 45.3541 63.1964 60.2996 49.8542 65.6716 76.4036 32.6165 57.172 53.7288 68.0851 51.9277 45.5776 49.3113 46.6517 72.6551 58.7561 50.5263 54.8355 56.4505 68.4049 55.4008 52.766 56.7466 43.6424 49.3388 46.7666 75.0339 69.5833 46.0924 59.1988 50.5194 60.4222 62.3098 74.3508 66.4157 57.705 27.0764 80.6118 75.1818 57.4502 51.7669 53.6599 48.8158 29.1223 47.5375 38.7379 43.2692 48.9276 59.6423 35.3474 69.7966 52.1852 57.7778 56.3704 53.4466 59.2433 63.3255 41.3377 45.4742 56.5217 67.3338 51.2506 50.3135 40.7594 44.0367 70.9294 62.5108 32.4397 67.7599 65.3509 65.1312 74.127 49.4821 58.8932 59.1091 56.4697 43.5501 52.5745 64.3226 61.3532 60.1837 19.9248 57.3357 46.0638 66.5143 48.4564 69.4308 45.2967 48.2249 50.3125 41.2172 58.0878 30.9059 59.0568 57.7241 28.8525 66.3113 53.9589 47.6548 46.1218 41.5842 63.8889 69.4882 30.7393 59.9764 57.346 38.4422 55.9429 45.2055 73.0611 65.5395 49.3601 40.0756 73.4233 45.5086 62.207 57.8084 69.0158 40.9015 38.5185 62.1505 38.88 53.3246 55.5286 61.8899 64.1092 45.377 62.9273 46.2666 57.7219 62.1685 46.1169 70.5298 64.0783 77.9614 65.7249 57.1081 69.2248 53.8728 32.3899 50.948 68.8532 67.1843 47.4888 60.2823 56.5217 54.458 47.6479 69.2602 73.4258 65.3301 77.0882 44.5265 64.1154 69.5462 56.5163 56.9444 59.8388 55.0959 70.6653 57.8097 50.325 54.9902 60.0281 72.7714 68.0915 57.9582 47.8731 59.589 59.9816 27.6748 40.3777 67.7346 57.8745 54.9598 61.4386 78.4478 64.3258 59.4116 61.8912 59.2044 55.6544 56.9937 68.4804 61.6702 65.4255 54.0751 48.2897 43.6131 49.3066 65.2142 60.1891 31.5567 67.6326 67.2 60.2484 55.6081 33.3333 79.9459 69.7128 66.002 64.1785 57.5273 55.8502 68.9956 51.9274 53.5369 39.4111 60.1344 80.3455 42.9795 56.5536 46.7412 24.6324 56.696 54.1712 50.5905 43.8972 57.9846 57.76 74.7651 50.1808 53.5757 54.5619 58.5535 42.2523 41.6667 59.8075 29.9043 52.0285 51.2778 78.9927 41.1559 58.1015 68.4515 71.8367 75.4795 53.4992 73.3126 64.6127 57.3691 43.0798 67.5427 63.6501 56.9482 55.5681 57.7211 29.4189 58.5489 42.8086 79.5238 47.6587 60.7345 69.5035 18.6726 59.2257 50.699 79.9849 33.0911 48.9674 50.1377 64.969 62.4313 54.7203 58.613 60.5201 58.4211 58.144 51.8 49.4956 51.166 66.8611 71.2719 53.1088 55.6574 65.8124 39.0667 59.1873 62.0932 63.6125 51.2097 46.1053 57.7107 59.1996 40.4223 50.455 68.958 62.4379 43.0815 53.1883 51.3745 53.0303 46.0086 78.0398 46.5619 56.3677 71.3153 54.8255 59.0393 63.4188 40.4513 65.8774 58.7833 62.8902 59.0588 70.1992 37.2394 25.9319 51.6898 42.8389 57.2601 70.2445 67.6627 49.7047 44.9275 68.5714 65.3295 43.4747 49.191 69.1252 64.503 47.8672 43.409 53.768 57.6308 68.9621 37.3077 44.6602 50.7658 41.2966 59.73 61.9565 64.5069 72.9379 63.0117 74.4958 54.0938 59.5238 49.5065 60.8325 55.1579 39.9015 61.4709 50.9278 73.9492 52.03 61.0795 59.2841 63.1674 31.9829 41.0042 55.9838 64.8012 44.4251 68.3863 68.5393 38.7387 42.965 66.0266 58.3987 40.0391 50.5986 53.4385 50.7127 45.6194 61.5222 61.2052 47.0316 61.9944 39.9356 62.8924 71.3423 58.888 40.6998 53.6281 71.9902 48.9495 51.2821 62.5134 60.1733 57.2139 76.5722 57.4522 49.0161 45.6957 70.1327 16.4404 50.2394 53.5754 61.8087 65.8356 61.8353 57.7778 42.7146 70.9803 63.0052 44.5545 50.9975 46.9175 50.0869 36.9734 61.39 69.222 77.5809 46.5921 46.1626 87.0813 58.676 51.6509 37.4106 67.8905 68.7533 60.7285 69.0941 65.5797 54.9576 47.4614 56.0042 58.7243 38.3721 74.3902 45.7892 45.0956 70.0215 44.1808 60.1462 62.6023 38.6076 44.0341 71.2715 67.2569 55.4169 52.4372 42.0137 53.7966 75.4647 66.6533 69.0076 66.6991 57.6672 42.3655 57.5047 56.6807 44.3926 59.1241 73.1135 43.5858 42.735 68.8914 58.5952 74.2147 55.8287 45.552 47.6744 70.8889 38.6689 60.2335 43.2558 55.6673 65.867 71.8922 47.619 47.6723 60.6667 67.1262 69.2063 63.9827 69.6621 67.937 59.1044 71.6216 71.5956 67.8914 53.8278 51.8322 73.1828 56.8241 63.3126 73.6888 50.7592 50.9043 63.5518 69.7985 62.4407 32.0679 76.1338 54.6366 56.9822 56.8687 54.2797 33.2012 65.4101 58.3918 55.4673 52.1277 67.5126 65.1007 51.735 35.1541 52.3164 67.4942 45.9961 51.1645 15.1899 62.5337 58.096 48.5294 65.625 59.6433 72.4646 58.6968 62.6497 58.9905 74.3222 59.5767 53.2853 52.1843 57.0839 53.602 38.8865 56.0467 52.4051 60.3368 61.4443 67.7976 68.1899 58.9794 66.5281 72.6468 35.9981 45.5454 50.7599 65.9091 52.2258 10 76.9292 49.932 61.1033 60.3972 58.4708 67.0455 53.7919 64.8402 62.3974 47.5229 55.869 66.6466 52.3684 61.3172 44.6328 59.5672 71.2865 9.97506 45.6212 10.0649 74.0796 50.5128 31.3913 65.7868 65.7534 49.8852 48.1273 60.9417 49.3808 72.8715 44.4527 64.2012 30.6306 55.3628 55.6109 82.435 68.5201 58.9172 62.0894 62.3257 55.7334 73.7395 50.5424 41.5094 52.7835 64.3686 50.692 50.4286 33.126 72.1655 49.3402 51.5057 69.8424 31.4239 42.8979 70.5008 43.3735 59.2556 55.9203 52.9373 51.0148 64.4897 50.9058 55.9271 56.255 64.7505 48.505 61.9136 51.2876 69.4531 51.1015 54.5361 51.9067 52.6079 71.989 78.9386 60.1886 52.9436 58.0699 46.1936 50.6623 53.2699 65.0836 70.567 69.4375 60.5234 77.1832 50.9077 59.0361 58.9163 74.0318 65.9041 46.2308 55.7519 52.8214 74.1761 49.4627 66.231 65.0859 67.8939 32.2449 52.2923 62.8672 63.9648 65.3087 68.7732 63.912 53.7805 46.361 54.1272 51.8 64.8973 61.3333 38.4684 63.322 44.2136 53.3622 29.0323 40.9266 69.1755 45.3252 75.0352 53.1561 82.8508 55.8505 46.9533 36.5325 54.1845 54.9353 76.8779 55.6941 43.2314 74.5205 73.3021 42.6653 48.5406 44.4444 50.1985 65.4919 81.0406 48.4974 55.5222 50.365 47.9003 56.9706 68.8831 52.7567 27.7561 38.7698 71.1222 64.1654 47.4983 55.7645 57.7861 13.8728 59.8107 65.3398 35.806 55.768 68.3244 52.5391 42.8705 29.9145 70.035 53.2937 76.6747 48.1944 59.6004 56.0492 53.1416 33.7662 55.1295 56.9145 60.7181 66.2219 68.09 51.6347 72.8986 64.9098 49.1547 46.2729 47.5358 60.1546 74.54 60.9731 63.7569 54.6779 67.0043 53.1959 52.6796 61.793 65.8091 56.8718 75.5147 62.7297 50.9061 53.8529 64.0706 57.5096 51.3426 86.7214 57.7465 69.1282 59.4945 67.6493 57.0825 46.3362 46.2382 51.4883 38.1241 47.8465 41.0543 52.3838 59.354 44.6348 73.9107 64.1114 52.2983 62.8748 73.6284 66.8758 58.4203 73.7401 65.6742 38.8962 51.0658 50.0883 24.5714 68.6825 53.7282 34.9045 54.5845 38.3797 41.2621 64.8144 27.0707 51.2979 29.0931 29.9528 60.6681 72.2674 68.7209 58.9267 73.4874 70.2286 38.7615 59.1985 64.0313 57.8788 50.0578 53.8745 45.287 63.6513 60.8621 54.0414 60.722 52.496 55.7231 51.0163 45.3599 50.8659 54.5378 56.7888 47.274 47.5618 44.9757 62.1336 39.7569 58.7391 52.4804 64.5293 52.8186 59.3426 46.457 29.5248 44.9612 47.3684 78.9474 45.8484 46.8739 55.1745 56.0403 40.2189 32.4138 35.6796 45.9459 57.4163 69.5077 58.5783 46.3952 53.5874 40.8348 66.3618 37.7749 26.9962 43.5673 39.2817 61.7153 65.4063 53.5172 55.2863 64.5579 66.2843 53.1972 43.336 62.5459 52.2613 47.0899 62.9502 52.4931 31.434 50.6518 54.5403 55.6911 59.0668 69.8856 30.7216 74.4974 58.7698 45.4363 43.1818 53.3676 49.1429 49.4382 52.654 61.3527 52.618 43.6548 63.9894 61.3002 54.1012 45.742 58.048 27.881 64.1908 59.0037 48.4848 66.0948 51.4054 50.9172 64.8517 57.4736 60.4218 55.3492 53.81 48.072 52.8846 53.2288 76.2085 55.8476 47.9121 39.7361 53.7764 53.9596 49.2565 70.8567 57.6526 50.948 57.8643 55.3306 60.7383 63.0673 28.0992 55.1439 60.0429 71.608 71.3309 80.5117 47.8686 55.9524 66.1514 71.7879 48.1696 63.4403 61.9509 56.679 51.2871 46.6626 48.3721 28.9474 52.9658 57.7193 48.5675 41.5536 47.8604 46.4178 84.5575 66.6667 44.7883 40.6106 49.1851 56.5618 50.6284 56.5725 46.8803 69.8044 57.8465 42.5072 60.1446 76.1643 48.6515 48.4848 60.0447 59.1677 42.436 46.0948 57.4841 49.035 54.1481 53.9375 66.9743 59.338 65.2349 68.6663 48.6851 65.7053 42.0273 75.6979 62.2658 61.0753 52.4276 54.8052 76.2296 70.9852 48.1497 50.3198 54.3554 63.7764 45.5545 61.4256 47.5432 31.4229 70.7271 62.7033 70.1314 35.0699 26.0504 61.2052 55.6735 58.6801 73.6079 45.4366 54.9569 55.993 58.2117 50.2297 41.7143 56.8889 47.4925 37.3655 57.725 70.6161 53.0438 43.5453 52.483 59.0909 45.7579 53.4296 47.0326 39.6133 49.5511 53.9623 40.9091 34.6981 53.1161 44.0137 44.9131 58.5561 35.0174 58.9945 56.7427 63.5967 55.2305 47.8397 51.3962 57.5329 56.5353 44.2207 46.8506 62.4564 42.5253 44.3177 41.3811 55.5094 55.1957 56.5657 71.8868 45.7191 60.2169 53.6 56.3755 53.6094 64.1586 61.3105 58.6678 56.9422 54.2994 55.2769 49.1021 66.5152 37.6426 60.2718 38.8316 54.9947 71.6456 46.005 64.6774 52.6953 57.377 39.2157 46.6413 49.0765 34.6626 48.6034 54.053 43.1012 31.6919 45.2595 60.3597 46.0866 40.5295 47.9208 58.8435 68.8213 46.2023 63.9448 52.4645 51.4089 52.901 70.7001 38.1304 38.2586 57.435 30.3125 37.3517 72.327 46.0478 41.2791 48.9008 51.6208 39.3883 57.7306 52.5535 62.8836 64.8602 37.163 52.3934 34.6457 53.8297 55.3951 43.7292 51.6977 45.7948 40.4086 52.3652 14.5833 70.7618 47.7038 59.9609 54.4906 57.1053 49.5695 46.8547 51.4739 69.962 53.8799 51.7932 45.9919 59.8873 26.1986 44.4795 69.5815 54.7995 77.7898 59.7765 35.0087 62.1478 59.4068 70.1344 49.5766 62.7907 55.1647 63.6582 58.6543 54.6083 48.1677 42.3821 58.2589 44.3683 19.6023 58.0406 48.6888 77.8907 64.8445 54.9536 62.4822 60.5316 56.1608 57.3344 56.9099 31.5451 49.9275 56.0047 41.2935 59.3029 57.6896 62.6455 61.859 46.8007 60.9459 50.3145 76.4084 60.479 76.2829 40.4358 44.61 41.773 42.5622 54.9689 66.1878 49.3271 42.2569 37.7033 41.0832 53.6379 63.8032 59.2806 58.9676 58.6275 53.6239 18.8696 44.9123 43.1713 61.9855 31.7848 60.6818 47.9735 50.1697 71.6032 45.9677 54.6246 18.0791 41.6619 54.3532 51.8012 50.5232 49.7324 44.3697 50.3408 60.1011 63.9709 65.3657 57.9109 35.3541 52.2727 47.4453 67.1711 42.6794 73.8226 62.1664 30.8901 48.3013 56.9547 69.7303 59.413 53.6458 20.2479 62.8708 42.4584 58.3979 55.366 48.16 54.7666 51.663 48.973 30.9353 61.1954 68.3268 48.1021 62.8552 39.7651 57.5419 51.3591 44.38 57.0964 58.6316 68.0462 34.989 40.7569 40.9241 65.1292 32.5 13.7652 68.076 44.1714 57.7206 55.0732 45.7516 43.9898 52.3044 67.9333 75.0306 47.6089 55.1745 46.4794 51.2406 64.6739 50.0617 76.3619 40.6953 55.386 58.0612 62.3087 58.4754 54.5527 58.2492 60.6805 40.1835 61.844 29.1066 52.6214 63.1978 55.0505 71.1608 44.8753 49.8491 57.9351 47.423 26.284 53.2223 55.8003 56.0622 71.15 63.2799 33.6765 71.4818 22.2222 53.1362 64.4789 52.2843 66.5919 66.8729 59.4889 57.7031 54.4385 69.7558 43.186 63.2399 52.4008 44.1978 62.5468 39.5379 56.2952 53.7313 66.7945 62.622 48.3401 59.9206 2.40964 36.6237 68.9583 69.0333 44.6265 62.8358 61.104 19.4 41.248 45.8738 63.3083 ]
LOG (nnet-train-frmshuff:main():nnet-train-frmshuff.cc:367) AvgLoss: 1.13672 (Xent), [AvgXent: 1.13672, AvgTargetEnt: 0]
progress: [1.1988 1.19259 1.16455 1.15618 1.16708 1.1616 1.15043 1.15277 1.16566 1.14209 1.14643 1.13493 1.14868 1.11991 1.13111 1.12963 1.12121 1.12406 1.10669 1.11239 1.10353 1.11984 1.09072 1.10823 1.09688 ]
FRAME_ACCURACY >> 66.5803% <<
LOG (nnet-train-frmshuff:PrintProfile():cu-device.cc:428) -----
[cudevice profile]
CuArray::CopyToVecD2H	7.07002s
DiffSigmoid	7.54372s
Sigmoid	8.7713s
MulElements	9.11109s
FindRowMaxId	10.5608s
MulRowsVec	12.4179s
CuMatrix::Resize	15.7042s
CuMatrixBase::CopyFromMat(from CPU)	22.4322s
AddMatVec	23.9552s
CuMatrixBase::CopyFromMat(from other CuMatrixBase)	24.3682s
CuVector::SetZero	25.0162s
CuVector::Resize	25.5473s
CuMatrix::SetZero	28.7829s
AddMat	40.8502s
AddMatMat	202.435s
Total GPU time:	501.127s (may involve some double-counting)
-----
LOG (nnet-train-frmshuff:PrintMemoryUsage():cu-allocator.cc:127) Memory usage: 357825368 bytes currently allocated (max: 358598136); 231438540 currently in use by user (max: 239065452); 35271/1008627 calls to Malloc* resulted in CUDA calls.
LOG (nnet-train-frmshuff:PrintMemoryUsage():cu-allocator.cc:134) Time taken in cudaMallocPitch=2.67309, in cudaMalloc=0.024133, in cudaFree=1.82768, in this->MallocPitch()=5.25276
LOG (nnet-train-frmshuff:PrintMemoryUsage():cu-device.cc:401) Memory used (according to the device): 447897600 bytes.
