dnn.guoxintech.com
nnet-train-frmshuff --cross-validate=false --randomize=true --verbose=1 --minibatch-size=256 --randomizer-size=32768 --randomizer-seed=777 --learn-rate=3.125e-05 --momentum=0 --l1-penalty=0 --l2-penalty=0 --feature-transform=exp/tri4b_dnn/final.feature_transform 'ark:copy-feats scp:exp/tri4b_dnn/train.scp ark:- | apply-cmvn --norm-means=true --norm-vars=false --utt2spk=ark:data/fbank/train/utt2spk scp:data/fbank/train/cmvn.scp ark:- ark:- |' 'ark:ali-to-pdf exp/tri4b_ali/final.mdl "ark:gunzip -c exp/tri4b_ali/ali.*.gz |" ark:- | ali-to-post ark:- ark:- |' exp/tri4b_dnn/nnet/nnet_iter11_learnrate6.25e-05_tr1.0450_cv1.3874 exp/tri4b_dnn/nnet/nnet_iter12 
LOG (nnet-train-frmshuff:SelectGpuIdAuto():cu-device.cc:301) Selecting from 1 GPUs
LOG (nnet-train-frmshuff:SelectGpuIdAuto():cu-device.cc:316) cudaSetDevice(0): GeForce GTX 960	free:3606M, used:489M, total:4095M, free/total:0.880562
LOG (nnet-train-frmshuff:SelectGpuIdAuto():cu-device.cc:365) Trying to select device: 0 (automatically), mem_ratio: 0.880562
LOG (nnet-train-frmshuff:SelectGpuIdAuto():cu-device.cc:384) Success selecting device 0 free mem ratio: 0.880562
LOG (nnet-train-frmshuff:FinalizeActiveGpu():cu-device.cc:226) The active GPU is [0]: GeForce GTX 960	free:3589M, used:506M, total:4095M, free/total:0.876411 version 5.2
copy-feats scp:exp/tri4b_dnn/train.scp ark:- 
apply-cmvn --norm-means=true --norm-vars=false --utt2spk=ark:data/fbank/train/utt2spk scp:data/fbank/train/cmvn.scp ark:- ark:- 
LOG (nnet-train-frmshuff:Init():nnet-randomizer.cc:31) Seeding by srand with : 777
LOG (nnet-train-frmshuff:main():nnet-train-frmshuff.cc:154) TRAINING STARTED
ali-to-post ark:- ark:- 
ali-to-pdf exp/tri4b_ali/final.mdl 'ark:gunzip -c exp/tri4b_ali/ali.*.gz |' ark:- 
VLOG[1] (nnet-train-frmshuff:main():nnet-train-frmshuff.cc:320) ### After 0 frames,
VLOG[1] (nnet-train-frmshuff:main():nnet-train-frmshuff.cc:321) 
### Forward propagation buffer content :
[0] output of <Input>  ( min -3.28791, max 3.95756, mean 0.0126265, stddev 0.992937, skewness 0.166349, kurtosis -0.735591 ) 
[1] output of <AffineTransform> ( min -71.3083, max 68.9966, mean -4.05083, stddev 7.2914, skewness 0.193928, kurtosis 2.16213 ) 
[2] output of <Sigmoid> ( min 1.07443e-31, max 1, mean 0.266744, stddev 0.386362, skewness 1.06691, kurtosis -0.629611 ) 
[3] output of <AffineTransform> ( min -36.6771, max 25.2932, mean -5.24715, stddev 5.29946, skewness 0.0801953, kurtosis 0.318106 ) 
[4] output of <Sigmoid> ( min 1.17847e-16, max 1, mean 0.168581, stddev 0.310833, skewness 1.78532, kurtosis 1.63606 ) 
[5] output of <AffineTransform> ( min -26.2039, max 17.1978, mean -3.95452, stddev 4.0237, skewness 0.0515892, kurtosis 0.29511 ) 
[6] output of <Sigmoid> ( min 4.16686e-12, max 1, mean 0.179138, stddev 0.296645, skewness 1.6928, kurtosis 1.4637 ) 
[7] output of <AffineTransform> ( min -27.0355, max 19.5085, mean -5.85865, stddev 4.61589, skewness 0.0434826, kurtosis 0.658385 ) 
[8] output of <Sigmoid> ( min 1.81399e-12, max 1, mean 0.10777, stddev 0.246303, skewness 2.60375, kurtosis 5.60717 ) 
[9] output of <AffineTransform> ( min -16.0122, max 28.0009, mean 0.0128878, stddev 4.04885, skewness 0.704538, kurtosis 1.49853 ) 
[10] output of <Softmax> ( min 4.3735e-19, max 0.999928, mean 0.000302297, stddev 0.01291, skewness 59.2792, kurtosis 3832.39 ) 
VLOG[1] (nnet-train-frmshuff:main():nnet-train-frmshuff.cc:323) 
### Backward propagation buffer content :
[0] diff of <Input>  ( min -2.6843, max 3.26489, mean -0.000173656, stddev 0.136621, skewness 0.296867, kurtosis 31.5903 ) 
[1] diff-output of <AffineTransform> ( min -0.292251, max 0.223432, mean 9.73603e-06, stddev 0.00857032, skewness -0.03521, kurtosis 83.5532 ) 
[2] diff-output of <Sigmoid> ( min -2.36181, max 1.89509, mean 0.000197459, stddev 0.101793, skewness -0.151934, kurtosis 16.2731 ) 
[3] diff-output of <AffineTransform> ( min -0.305336, max 0.238176, mean -6.60165e-05, stddev 0.00996392, skewness -0.362107, kurtosis 66.4274 ) 
[4] diff-output of <Sigmoid> ( min -1.36605, max 1.66554, mean -0.000402493, stddev 0.11232, skewness -0.115429, kurtosis 8.44734 ) 
[5] diff-output of <AffineTransform> ( min -0.22755, max 0.260469, mean -3.05275e-05, stddev 0.0111101, skewness 0.103367, kurtosis 37.6883 ) 
[6] diff-output of <Sigmoid> ( min -1.31328, max 1.16103, mean 3.24671e-05, stddev 0.107484, skewness -0.163316, kurtosis 6.5374 ) 
[7] diff-output of <AffineTransform> ( min -0.369325, max 0.594923, mean -4.06419e-05, stddev 0.0121279, skewness 1.14774, kurtosis 117.667 ) 
[8] diff-output of <Sigmoid> ( min -3.17764, max 3.27954, mean -0.000832646, stddev 0.169563, skewness -0.0314676, kurtosis 23.1112 ) 
[9] diff-output of <AffineTransform> ( min -0.997359, max 0.938639, mean 5.39669e-12, stddev 0.0113376, skewness -33.2478, kurtosis 4404.4 ) 
[10] diff-output of <Softmax> ( min -0.997359, max 0.938639, mean 5.39669e-12, stddev 0.0113376, skewness -33.2478, kurtosis 4404.4 ) 
VLOG[1] (nnet-train-frmshuff:main():nnet-train-frmshuff.cc:324) 
### Gradient stats :
Component 1 : <AffineTransform>, 
  linearity_grad ( min -0.744746, max 0.868694, mean 0.00934205, stddev 0.130105, skewness 0.0291049, kurtosis 1.0306 ) , lr-coef 1, max-norm 0
  bias_grad ( min -0.65402, max 0.574532, mean 0.00249242, stddev 0.138568, skewness -0.094767, kurtosis 1.02061 ) , lr-coef 1
Component 2 : <Sigmoid>, 
Component 3 : <AffineTransform>, 
  linearity_grad ( min -0.601845, max 0.597914, mean -0.00444, stddev 0.0722189, skewness -0.138014, kurtosis 2.65008 ) , lr-coef 1, max-norm 0
  bias_grad ( min -0.65268, max 0.584839, mean -0.0169002, stddev 0.161917, skewness -0.166484, kurtosis 0.681818 ) , lr-coef 1
Component 4 : <Sigmoid>, 
Component 5 : <AffineTransform>, 
  linearity_grad ( min -0.635185, max 0.552516, mean -0.00146097, stddev 0.0643594, skewness 0.0801332, kurtosis 2.81238 ) , lr-coef 1, max-norm 0
  bias_grad ( min -0.542962, max 0.656117, mean -0.00781503, stddev 0.187827, skewness 0.249492, kurtosis 0.347508 ) , lr-coef 1
Component 6 : <Sigmoid>, 
Component 7 : <AffineTransform>, 
  linearity_grad ( min -0.585346, max 0.961038, mean -0.00216655, stddev 0.068838, skewness 0.339338, kurtosis 6.62954 ) , lr-coef 1, max-norm 0
  bias_grad ( min -0.621852, max 0.878977, mean -0.0104043, stddev 0.202882, skewness 0.180821, kurtosis 0.673231 ) , lr-coef 1
Component 8 : <Sigmoid>, 
Component 9 : <AffineTransform>, 
  linearity_grad ( min -4.97746, max 2.75796, mean -8.14395e-10, stddev 0.0503008, skewness -7.55166, kurtosis 384.29 ) , lr-coef 1, max-norm 0
  bias_grad ( min -4.56966, max 2.57768, mean -2.81856e-09, stddev 0.189053, skewness -4.91644, kurtosis 130.796 ) , lr-coef 0.1
Component 10 : <Softmax>, 
LOG (ali-to-pdf:main():ali-to-pdf.cc:68) Converted 9996 alignments to pdf sequences.
VLOG[1] (nnet-train-frmshuff:Eval():nnet-loss.cc:135) ProgressLoss[last 1h of 1h]: 1.12233 (Xent)
LOG (ali-to-post:main():ali-to-post.cc:65) Converted 9996 alignments.
WARNING (nnet-train-frmshuff:main():nnet-train-frmshuff.cc:169) A23_204, missing targets
VLOG[1] (nnet-train-frmshuff:Eval():nnet-loss.cc:135) ProgressLoss[last 1h of 2h]: 1.11633 (Xent)
VLOG[1] (nnet-train-frmshuff:Eval():nnet-loss.cc:135) ProgressLoss[last 1h of 3h]: 1.08251 (Xent)
VLOG[1] (nnet-train-frmshuff:Eval():nnet-loss.cc:135) ProgressLoss[last 1h of 4h]: 1.08661 (Xent)
VLOG[1] (nnet-train-frmshuff:Eval():nnet-loss.cc:135) ProgressLoss[last 1h of 5h]: 1.08788 (Xent)
VLOG[1] (nnet-train-frmshuff:Eval():nnet-loss.cc:135) ProgressLoss[last 1h of 6h]: 1.08202 (Xent)
VLOG[1] (nnet-train-frmshuff:Eval():nnet-loss.cc:135) ProgressLoss[last 1h of 7h]: 1.07012 (Xent)
VLOG[1] (nnet-train-frmshuff:Eval():nnet-loss.cc:135) ProgressLoss[last 1h of 8h]: 1.07369 (Xent)
VLOG[1] (nnet-train-frmshuff:Eval():nnet-loss.cc:135) ProgressLoss[last 1h of 9h]: 1.08173 (Xent)
VLOG[1] (nnet-train-frmshuff:Eval():nnet-loss.cc:135) ProgressLoss[last 1h of 10h]: 1.05367 (Xent)
VLOG[1] (nnet-train-frmshuff:Eval():nnet-loss.cc:135) ProgressLoss[last 1h of 11h]: 1.05992 (Xent)
VLOG[1] (nnet-train-frmshuff:Eval():nnet-loss.cc:135) ProgressLoss[last 1h of 12h]: 1.05194 (Xent)
VLOG[1] (nnet-train-frmshuff:main():nnet-train-frmshuff.cc:272) After 5000 utterances: time elapsed = 4.03308 min; processed 18882.8 frames per second.
VLOG[1] (nnet-train-frmshuff:Eval():nnet-loss.cc:135) ProgressLoss[last 1h of 13h]: 1.05636 (Xent)
VLOG[1] (nnet-train-frmshuff:Eval():nnet-loss.cc:135) ProgressLoss[last 1h of 14h]: 1.02103 (Xent)
VLOG[1] (nnet-train-frmshuff:Eval():nnet-loss.cc:135) ProgressLoss[last 1h of 15h]: 1.04025 (Xent)
VLOG[1] (nnet-train-frmshuff:Eval():nnet-loss.cc:135) ProgressLoss[last 1h of 16h]: 1.03583 (Xent)
VLOG[1] (nnet-train-frmshuff:Eval():nnet-loss.cc:135) ProgressLoss[last 1h of 17h]: 1.0327 (Xent)
VLOG[1] (nnet-train-frmshuff:Eval():nnet-loss.cc:135) ProgressLoss[last 1h of 18h]: 1.02137 (Xent)
VLOG[1] (nnet-train-frmshuff:Eval():nnet-loss.cc:135) ProgressLoss[last 1h of 19h]: 1.0041 (Xent)
VLOG[1] (nnet-train-frmshuff:Eval():nnet-loss.cc:135) ProgressLoss[last 1h of 20h]: 1.00638 (Xent)
WARNING (nnet-train-frmshuff:main():nnet-train-frmshuff.cc:169) A23_107, missing targets
VLOG[1] (nnet-train-frmshuff:Eval():nnet-loss.cc:135) ProgressLoss[last 1h of 21h]: 0.996904 (Xent)
VLOG[1] (nnet-train-frmshuff:Eval():nnet-loss.cc:135) ProgressLoss[last 1h of 22h]: 1.01712 (Xent)
VLOG[1] (nnet-train-frmshuff:Eval():nnet-loss.cc:135) ProgressLoss[last 1h of 23h]: 0.98598 (Xent)
WARNING (nnet-train-frmshuff:main():nnet-train-frmshuff.cc:169) C22_500, missing targets
WARNING (nnet-train-frmshuff:main():nnet-train-frmshuff.cc:169) C21_672, missing targets
VLOG[1] (nnet-train-frmshuff:Eval():nnet-loss.cc:135) ProgressLoss[last 1h of 24h]: 0.996286 (Xent)
VLOG[1] (nnet-train-frmshuff:Eval():nnet-loss.cc:135) ProgressLoss[last 1h of 25h]: 0.985848 (Xent)
LOG (copy-feats:main():copy-feats.cc:101) Copied 10000 feature matrices.
LOG (apply-cmvn:main():apply-cmvn.cc:146) Applied cepstral mean normalization to 10000 utterances, errors on 0
VLOG[1] (nnet-train-frmshuff:main():nnet-train-frmshuff.cc:345) ### After 9172992 frames,
VLOG[1] (nnet-train-frmshuff:main():nnet-train-frmshuff.cc:346) 
### Forward propagation buffer content :
[0] output of <Input>  ( min -3.05699, max 3.97779, mean -0.0266961, stddev 0.94405, skewness 0.143742, kurtosis -0.532818 ) 
[1] output of <AffineTransform> ( min -71.2652, max 87.161, mean -4.05074, stddev 7.55305, skewness 0.23121, kurtosis 2.2365 ) 
[2] output of <Sigmoid> ( min 1.12175e-31, max 1, mean 0.27217, stddev 0.390857, skewness 1.03535, kurtosis -0.70715 ) 
[3] output of <AffineTransform> ( min -35.3606, max 21.2253, mean -5.28117, stddev 5.37244, skewness 0.0874562, kurtosis 0.33298 ) 
[4] output of <Sigmoid> ( min 4.39611e-16, max 1, mean 0.169732, stddev 0.312862, skewness 1.77492, kurtosis 1.58613 ) 
[5] output of <AffineTransform> ( min -24.2562, max 16.0738, mean -3.95304, stddev 3.99441, skewness 0.0641558, kurtosis 0.207235 ) 
[6] output of <Sigmoid> ( min 2.922e-11, max 1, mean 0.179011, stddev 0.296809, skewness 1.69212, kurtosis 1.45706 ) 
[7] output of <AffineTransform> ( min -27.8862, max 19.9449, mean -5.83918, stddev 4.59291, skewness 0.0771616, kurtosis 0.637041 ) 
[8] output of <Sigmoid> ( min 7.74816e-13, max 1, mean 0.108635, stddev 0.247234, skewness 2.58456, kurtosis 5.49619 ) 
[9] output of <AffineTransform> ( min -16.2432, max 28.5782, mean 0.0147271, stddev 4.0549, skewness 0.668664, kurtosis 1.28082 ) 
[10] output of <Softmax> ( min 3.41869e-20, max 0.999704, mean 0.000302297, stddev 0.0131482, skewness 59.5667, kurtosis 3849.02 ) 
VLOG[1] (nnet-train-frmshuff:main():nnet-train-frmshuff.cc:348) 
### Backward propagation buffer content :
[0] diff of <Input>  ( min -3.21906, max 3.61163, mean -0.000608287, stddev 0.137252, skewness 0.479723, kurtosis 61.6037 ) 
[1] diff-output of <AffineTransform> ( min -0.39062, max 0.481804, mean 3.78895e-05, stddev 0.00875802, skewness 0.660348, kurtosis 181.526 ) 
[2] diff-output of <Sigmoid> ( min -2.31665, max 2.94505, mean 0.000484979, stddev 0.102939, skewness 0.277585, kurtosis 32.4875 ) 
[3] diff-output of <AffineTransform> ( min -0.524339, max 0.378897, mean -2.39049e-05, stddev 0.00998431, skewness -0.886871, kurtosis 106.253 ) 
[4] diff-output of <Sigmoid> ( min -2.11341, max 1.51634, mean -0.000226644, stddev 0.113794, skewness -0.0950806, kurtosis 9.31351 ) 
[5] diff-output of <AffineTransform> ( min -0.205176, max 0.262219, mean -5.75493e-07, stddev 0.0109172, skewness 0.0622612, kurtosis 38.2854 ) 
[6] diff-output of <Sigmoid> ( min -1.01798, max 1.22755, mean 0.00057725, stddev 0.105625, skewness -0.0202686, kurtosis 6.31611 ) 
[7] diff-output of <AffineTransform> ( min -0.43617, max 0.324967, mean -1.50231e-05, stddev 0.0113443, skewness -0.286738, kurtosis 78.0871 ) 
[8] diff-output of <Sigmoid> ( min -3.02525, max 2.2256, mean -1.11394e-05, stddev 0.138441, skewness -0.37617, kurtosis 20.5662 ) 
[9] diff-output of <AffineTransform> ( min -0.999355, max 0.965935, mean 8.18284e-12, stddev 0.0109795, skewness -37.9848, kurtosis 4816.29 ) 
[10] diff-output of <Softmax> ( min -0.999355, max 0.965935, mean 8.18284e-12, stddev 0.0109795, skewness -37.9848, kurtosis 4816.29 ) 
VLOG[1] (nnet-train-frmshuff:main():nnet-train-frmshuff.cc:349) 
### Gradient stats :
Component 1 : <AffineTransform>, 
  linearity_grad ( min -1.15253, max 1.77792, mean -0.00938214, stddev 0.132888, skewness -0.0275862, kurtosis 2.82673 ) , lr-coef 1, max-norm 0
  bias_grad ( min -0.907117, max 0.656505, mean 0.00969971, stddev 0.149418, skewness -0.233224, kurtosis 1.67859 ) , lr-coef 1
Component 2 : <Sigmoid>, 
Component 3 : <AffineTransform>, 
  linearity_grad ( min -1.27422, max 0.569437, mean -0.00157501, stddev 0.0815851, skewness -0.408717, kurtosis 4.96913 ) , lr-coef 1, max-norm 0
  bias_grad ( min -1.36065, max 0.564792, mean -0.00611967, stddev 0.177254, skewness -0.430618, kurtosis 3.20933 ) , lr-coef 1
Component 4 : <Sigmoid>, 
Component 5 : <AffineTransform>, 
  linearity_grad ( min -0.708202, max 0.637792, mean -3.50307e-05, stddev 0.0691788, skewness -0.0511324, kurtosis 3.16439 ) , lr-coef 1, max-norm 0
  bias_grad ( min -0.88386, max 0.666535, mean -0.000147326, stddev 0.198001, skewness -0.155574, kurtosis 0.472425 ) , lr-coef 1
Component 6 : <Sigmoid>, 
Component 7 : <AffineTransform>, 
  linearity_grad ( min -0.986728, max 1.08387, mean -0.000736106, stddev 0.0724159, skewness -0.216814, kurtosis 7.26572 ) , lr-coef 1, max-norm 0
  bias_grad ( min -1.01462, max 1.09981, mean -0.00384592, stddev 0.220465, skewness -0.155511, kurtosis 1.89748 ) , lr-coef 1
Component 8 : <Sigmoid>, 
Component 9 : <AffineTransform>, 
  linearity_grad ( min -4.47341, max 2.3683, mean -7.87127e-10, stddev 0.0558102, skewness -15.1577, kurtosis 720.078 ) , lr-coef 1, max-norm 0
  bias_grad ( min -4.47333, max 2.58349, mean -1.74925e-09, stddev 0.212131, skewness -5.82945, kurtosis 102.714 ) , lr-coef 0.1
Component 10 : <Softmax>, 
LOG (nnet-train-frmshuff:main():nnet-train-frmshuff.cc:357) Done 9996 files, 4 with no tgt_mats, 0 with other errors. [TRAINING, RANDOMIZED, 8.02306 min, fps19055.5]
LOG (nnet-train-frmshuff:main():nnet-train-frmshuff.cc:366) PER-CLASS PERFORMANCE:
@@@ Frames per-class: [ 565947 488 1856 2655 3568 781 1492 366 1178 2601 6093 275 1750 2781 625 562 407 2075 713 1564 3910 315 721 484 3131 1228 388 886 1838 5544 1216 582 998 1423 2274 2478 2622 648 1450 1302 3270 319 837 506 1459 1185 413 2751 2642 2203 1697 113 5227 1522 5320 974 5444 610 2375 3574 2645 5196 2948 961 731 1034 885 1070 246 1967 4634 2320 1158 297 837 4047 1525 649 614 329 1269 241 5288 211 2298 1571 3925 5375 490 2188 672 1219 1570 1059 214 2868 2349 1561 1557 443 673 446 850 4317 148 823 1698 8558 1527 0 2752 1090 2060 2968 650 3118 497 1859 3307 2522 2642 0 502 1250 502 1164 1593 1240 1894 425 764 405 3235 1498 1909 286 628 631 1133 408 1937 5169 907 577 7189 707 2964 1322 4240 1153 1437 2810 2452 800 3284 2090 488 3356 216 200 1059 329 1589 0 2074 357 1356 254 199 1331 812 1760 1611 389 691 0 0 0 935 4378 450 2722 3 1794 718 428 600 126 1580 3676 736 1947 258 4769 2271 2576 1561 4241 384 1310 5646 1701 3079 0 1076 2731 532 7527 0 2363 3097 163 2514 164 703 969 2310 6817 456986 521258 457790 3007 267081 806 2722 3400 2626 2194 884 12081 14170 2836 916 1080 1386 2009 2615 5895 547 3387 1384 774 2474 1007 2048 1851 1941 1387 1719 3968 9195 2158 2714 464 1071 1666 5826 953 5295 1610 844 1360 4983 1283 922 757 1279 3052 1651 878 958 3480 1368 3789 7258 1366 4759 1405 3640 2311 1961 3572 1357 2092 688 1531 2457 1279 1127 2663 707 1059 4114 2466 8365 842 3733 1395 1405 2049 1936 4111 695 3742 3920 2452 691 5044 3739 574 2752 1057 11963 1165 1200 1094 2323 2129 4045 1147 2060 3856 5067 1012 1343 4417 507 5785 6804 3409 620 684 1099 1456 1313 2262 2997 2296 3680 5183 1546 817 1985 4782 2240 424 796 983 1542 3053 1395 3845 4599 910 2240 2268 1572 4457 942 8678 1016 2652 1695 2753 2160 6505 1581 815 389 2237 6126 935 3220 926 3457 781 3001 1781 1857 991 4395 5194 5886 1572 1385 4408 568 1182 2356 548 466 9540 6101 5919 2224 1117 734 2194 4812 1222 1826 931 1372 2310 725 1123 3533 1450 3700 2209 2969 3288 1248 1832 1013 985 1170 6258 5116 863 3733 4208 1999 4130 2366 1045 2905 460 2195 1416 873 1511 1830 1102 1103 4889 3334 724 2791 2785 1854 4383 1146 2259 652 1058 1069 3320 2956 2959 2039 2309 1423 378 3871 1374 1954 1037 362 2170 531 1351 1300 1160 1107 3253 2243 1083 1565 1956 840 1071 797 758 1662 510 1633 1577 782 941 1778 458 4905 1283 2685 1150 4278 2389 2779 1293 575 617 1748 3773 706 1488 1964 5177 1454 1478 907 3027 1330 2638 1517 760 5005 4870 542 5973 1408 822 1048 501 1852 1881 7399 1286 518 1293 4660 1265 462 2474 897 2851 7526 597 1847 1938 3365 1063 718 832 1714 1671 2185 316 1406 3713 1710 1093 1209 2779 3231 1193 1774 523 3055 1807 1242 1638 690 1784 2443 5860 237 834 2022 1533 7884 1481 5986 2881 1432 2162 5323 1056 883 468 2279 936 4949 2126 4534 3594 910 1903 1383 3292 1742 794 5511 3029 1841 758 5233 2350 6871 1635 448 2062 4300 2383 1040 2219 531 6194 1951 3740 1741 928 2361 550 1009 476 422 4745 2207 3135 4979 3034 904 833 1977 3512 2834 1203 3588 1709 4690 721 4587 940 780 1690 842 2192 2055 1022 666 6489 3179 1739 1072 1686 1401 3497 852 2930 1689 2321 2712 912 5215 864 856 1363 1158 1790 1447 893 5717 2142 796 3762 1980 1338 1473 2273 1807 1778 705 5227 740 3426 1105 3377 389 214 2219 2097 5121 349 2093 2243 1645 1155 1494 740 1376 1274 2612 1287 2149 3853 1211 888 2298 2586 5092 961 4597 1455 1310 513 3549 4555 1052 2680 1493 1955 3664 821 977 251 558 2583 1649 3945 4664 2782 1065 6695 1722 1408 6466 2230 3325 2485 1083 3540 3341 639 796 3632 544 5317 252 2049 3176 569 980 1441 4474 1256 1079 1369 1392 1467 796 4797 1843 6202 3201 3167 2427 3000 630 2873 1561 2473 3445 4575 1056 1345 1787 9409 1435 2075 2351 1716 5718 1116 523 606 1464 344 6396 687 942 786 1742 857 5623 1079 1377 1532 760 1537 5283 3383 1336 1696 1089 1654 5214 1628 1073 1687 1268 3150 2122 2959 1047 5780 760 2154 2320 3341 1786 3647 407 1146 2159 2296 1319 1417 405 2610 1412 1569 2257 1018 417 1735 569 917 1556 1154 941 2360 3615 407 624 737 2779 2085 2323 1268 938 3202 3287 3835 532 652 3276 1566 5009 1727 424 1105 1850 2810 1625 5301 1910 928 1328 1025 790 4473 2823 5226 955 3949 1577 561 1852 1243 12846 3513 1837 2691 4696 2810 2167 364 721 1233 2556 977 538 2001 948 1457 1554 829 1559 1904 1390 1614 1126 907 1129 2803 2316 3477 860 2720 581 3954 442 987 1590 5186 1550 5255 1331 1314 2612 438 580 1501 2370 2136 3039 2817 1957 2556 1384 345 373 707 2206 714 1059 3662 3193 1348 1228 2066 1625 1228 1769 4482 927 2151 1790 3480 1153 4341 1177 3635 194 1782 2352 1010 510 1603 1247 3782 1991 1307 645 767 787 647 4112 6542 6158 2615 3649 3004 770 3671 697 2684 2461 2004 4318 2822 1474 2478 2663 1005 1526 1287 1869 1798 1381 2329 2502 6950 3292 1682 1617 3635 2217 2554 1355 611 992 1868 1451 3096 535 464 6610 850 2089 1563 1369 1774 359 2140 1924 1982 3864 3249 2231 1309 960 1136 867 1090 1773 1246 669 1346 1106 999 1450 2672 2220 4860 4012 5758 417 866 588 857 1560 2491 1469 960 796 792 2109 4809 1608 3596 622 852 2288 3194 1040 1371 1800 306 1648 13748 841 1477 2744 1961 1258 1618 813 668 180 1742 1301 1411 583 2428 2314 529 1484 2865 1144 2331 757 504 3383 7446 961 3161 1982 1486 1203 3120 4134 1064 7890 2095 3005 1419 854 2826 1733 1734 4569 3390 1568 1082 443 4562 596 1696 3461 1965 729 4281 2872 4321 10804 1439 2193 1279 1224 647 2216 666 980 1102 523 723 1649 2346 2039 721 2250 438 2214 970 886 1156 781 1945 2164 2728 2087 1722 815 3635 960 986 1950 4354 2593 1676 1695 927 1235 891 3646 1345 2269 928 1211 1006 988 4043 251 2576 1821 772 2564 1488 1179 5225 2868 702 1607 2803 1757 2892 606 725 3310 6702 882 1544 1946 967 1608 1446 1674 1037 1892 25831 2168 1720 3053 5336 9184 1336 696 728 2765 702 1173 2913 4126 1888 767 1027 768 1408 2697 2542 1875 493 4119 673 2647 1984 1284 4695 1568 1540 3999 1796 364 1240 892 5170 1427 1450 922 4511 2470 1012 5100 1479 2281 2349 1471 1022 584 1087 1089 1607 1582 1487 3695 1709 1062 490 787 450 1061 4775 2048 3192 1408 1607 4405 3421 1158 439 2724 121 3504 2856 1621 1873 2965 747 821 560 4699 417 1614 579 2153 468 236 735 729 1184 6841 1127 790 521 2414 12590 1228 2492 9263 1802 1239 2463 1731 426 985 1252 2464 399 863 1346 2443 2530 3979 3347 2064 1457 633 664 1619 519 1495 2600 2249 1447 537 625 1022 309 5397 628 1057 6266 5232 2355 512 492 556 756 2648 2243 2021 1097 648 1641 1100 2418 3479 1159 246 798 621 1521 392 1107 209 2280 1084 4239 4340 516 603 615 2615 1630 9815 6536 2931 1345 2581 2253 1078 1049 814 1645 620 4080 2424 461 2396 1288 1593 2381 1129 4140 656 1715 2828 3902 7210 3110 2626 2342 789 7704 1765 2172 1084 4217 1129 5474 278 1360 1202 1519 6182 1087 361 267 1424 1371 1510 2905 1784 360 490 2399 1321 4188 1222 4590 1455 1041 1340 1045 2495 5940 1032 722 3077 1289 5383 998 2269 3677 678 849 1547 685 1141 2040 1235 1398 1205 705 3556 429 3420 1905 688 1499 1067 1675 2514 1643 2531 365 2244 2679 7052 2466 3034 1250 3468 1008 1355 815 700 471 2091 1834 2880 598 1610 4539 834 2860 701 3463 2072 1630 5839 3312 636 1584 2882 969 738 2142 4170 836 2388 652 1440 789 1133 967 1412 982 1062 387 1749 1077 2078 1954 1744 848 5209 2447 799 4505 853 2466 4754 3943 734 688 1388 492 1093 1102 1728 662 1163 2823 3096 1505 3639 924 1356 1211 932 1240 890 2025 1653 1133 774 711 4976 2049 1194 1959 2338 2719 2832 1322 4493 10160 1333 673 6167 1140 2433 392 3518 774 1011 357 727 1048 8630 748 1380 983 2324 775 1348 724 1421 480 901 4747 923 1315 844 1760 2875 762 1470 1527 956 1209 1665 8933 3283 945 1328 395 1249 2934 3612 1242 472 1087 2103 3023 1054 1244 4243 1258 1286 3573 2005 1102 5365 3159 2202 1951 1359 2009 847 2157 2213 4676 7935 2414 2365 1205 1291 1732 1202 1273 460 661 1013 1250 7269 424 2763 1511 3886 358 1846 7376 2224 1870 1580 531 2115 1696 1143 398 2370 1493 1181 1582 1971 894 2301 1298 1821 2372 844 564 3693 1439 3123 1116 487 1694 1023 2536 2421 1453 3031 957 1413 1411 1558 2961 2019 1559 2810 1075 1268 2291 3711 1144 838 1815 2740 2680 386 860 1181 221 2668 2695 504 448 2795 2334 603 2111 3982 2586 2173 2751 568 611 1484 594 1346 665 675 1032 2794 1105 793 2162 2104 720 3548 1625 2442 6200 425 3607 1457 787 2666 1578 3275 1233 2291 958 642 2109 1032 4100 959 1005 7944 802 945 7081 890 1477 794 2864 2093 2411 1137 162 1634 997 312 1648 6181 1400 1195 315 1848 2029 1120 1430 2429 2755 1040 1039 884 5154 1653 2471 362 4520 2676 1358 4638 667 1346 2032 3828 1701 1895 463 339 3390 845 1083 890 2640 869 947 1978 1450 1394 1092 1795 579 5332 1984 1149 383 982 4384 717 1988 864 1892 1484 1219 4103 9665 842 1041 3082 2885 1987 1322 696 836 1268 1338 1254 2606 949 2818 3056 2264 820 2171 1978 1896 1014 471 1582 864 2126 10030 1910 249 2164 761 2268 1685 370 3007 6240 2600 2789 1952 10222 2530 602 810 3208 3269 1206 1725 628 1981 590 732 818 1942 2305 1184 1386 839 674 690 1038 838 691 9572 3855 1985 1477 972 655 934 515 549 3124 1817 1285 1010 396 1557 1158 703 2150 745 2869 1262 3799 1077 1454 5829 3440 2236 1695 1208 3307 4375 477 2950 1672 1630 662 1360 1384 1945 1000 1007 8439 762 2853 3017 1814 995 949 1613 1216 3178 289 647 3028 2883 1825 3980 6072 1910 1811 1107 951 2062 2289 780 2344 1572 2312 2003 624 5885 3440 2808 509 6115 2247 1202 1605 915 1123 761 1158 977 1627 2912 641 654 680 1927 4161 589 5466 830 1656 736 355 1137 2164 517 2620 5151 613 1322 714 2117 833 2199 1599 3647 1024 1657 1010 759 1162 4314 4231 6213 966 1265 867 2179 3225 4039 2277 1419 2397 446 486 2868 714 3047 547 2428 2300 2427 1217 7220 474 1634 3104 578 827 615 1030 997 610 3038 438 3841 664 1364 3897 3540 2507 3874 1265 1956 1513 5057 2563 737 888 969 1294 1722 993 7629 1991 3141 267 686 1608 5183 279 1959 1180 1034 830 1108 726 1777 1386 611 285 1003 1403 326 2944 940 2920 3311 3176 1268 2215 720 2252 5142 1059 3411 1446 3119 1727 3634 602 2321 2200 1255 1613 1776 2280 1504 467 1141 1456 1492 1286 662 5655 3089 495 1350 1001 9277 848 912 2309 1058 1399 1959 638 1791 545 2862 2310 746 1616 2052 5449 1260 1255 3379 1751 1337 1938 738 3484 1951 3157 266 1704 940 8750 745 3461 1382 338 320 723 3190 1126 3202 3269 610 938 682 533 1199 707 324 6037 514 1694 633 398 631 1022 5583 621 547 1058 8594 1514 1024 1524 5619 1797 810 930 625 767 2469 3852 2711 703 2282 2933 2985 1282 2704 1812 3168 3934 5663 1646 2580 1446 318 2479 2363 966 2011 496 437 1144 2147 784 3748 2893 5543 2302 4612 1146 2394 432 2109 991 5035 1114 2154 511 2139 2681 2316 1244 1481 1022 3266 701 1112 874 2343 3357 1849 9651 356 2821 2464 2363 787 479 5054 934 1128 1411 497 548 1298 4131 952 1182 3451 1500 805 4440 240 4433 766 2006 2532 1375 1282 2519 441 1343 883 1934 5963 584 3273 537 544 1023 923 4234 467 1171 2500 5322 2212 3384 1655 2157 1181 1008 1662 836 2243 3013 4646 571 6110 1382 4410 3389 643 3541 4609 1452 1604 3044 663 734 1778 1334 826 1392 883 1260 1922 1062 282 1130 7723 2146 3967 2064 1501 726 6774 3274 3951 447 2538 950 2069 500 2974 2144 2571 2280 772 3164 6438 3750 5562 1567 4944 744 475 2717 1924 1989 989 1833 3019 1019 2023 1637 1188 4184 2163 509 2230 9967 974 1145 1755 1817 1647 1315 6920 1275 6124 1775 617 1805 7066 8526 1677 8634 1016 621 3220 698 1226 3523 583 1972 3493 1631 1181 1376 3035 1040 1236 3591 2252 1778 184 5618 2546 3420 3074 1087 1806 3141 3868 4527 1624 911 5335 2284 2266 4224 1788 3877 469 717 986 1358 574 1667 5963 1110 1855 677 637 3072 1587 1585 1333 3915 3784 2008 1297 1434 1242 1784 1490 3651 543 1764 4502 2713 702 2793 2654 2010 1447 1570 3913 1998 3164 663 2297 1818 1338 1484 5830 2250 501 4111 965 1111 802 1914 2302 1804 777 874 2596 2773 1759 7106 4864 3059 1259 1607 3802 2004 1689 4416 3772 453 1907 4327 860 1476 1793 3242 5594 885 5884 5134 1264 1056 3366 3445 1763 677 1609 1396 807 2498 3930 6171 1226 2063 1066 1422 7722 685 5884 1294 468 4375 1082 2133 2685 933 1032 1350 1187 1456 430 1094 2376 6717 3717 2148 750 2829 1890 2546 1391 1207 3372 2294 2908 1878 836 1883 2834 3854 2415 3451 461 2654 2365 3672 6326 1238 8996 399 2134 990 479 1009 4218 1853 2771 1034 3783 447 1902 714 885 1732 1024 1374 395 1484 1334 612 1568 897 5502 1857 5095 3170 7672 945 1111 3754 727 819 2281 1199 9064 2375 2368 1680 2254 4605 1924 7118 4203 1201 1645 2112 921 640 2501 735 707 2568 1334 968 567 438 2803 1090 1099 4986 1520 1321 1062 4113 1609 401 491 308 7307 1560 1150 1970 1825 2177 1602 3313 1292 1891 1352 338 3663 1268 3012 2078 2392 1570 1522 3156 2311 1428 2028 1219 970 3104 2312 700 643 4013 1743 963 1459 611 1401 3834 415 3036 853 1532 4730 3047 552 1316 1239 3688 1204 2686 466 1280 2088 1951 1757 2895 1453 2412 1909 2446 1202 1353 2416 841 1495 3598 1600 1796 2336 1267 332 2473 5087 2710 1499 2886 4271 1851 3257 4208 1455 5731 245 2094 2281 2159 1571 1345 2045 2460 2748 1478 1000 584 225 1123 1475 674 5770 558 1295 4172 492 4266 602 1347 1846 2675 646 932 1469 1704 1203 458 730 2135 968 2227 693 4787 681 1403 965 1331 274 762 1327 5023 1977 1279 1073 1399 2732 1459 4892 1066 519 2324 2060 701 1621 3157 1536 2132 702 1712 2520 2911 1523 3604 1463 1321 539 1930 1439 947 1199 2178 887 690 2163 769 711 1258 5303 2337 966 905 2608 1382 485 877 1874 2954 2161 6412 1524 607 2271 963 2337 1229 10114 639 975 1622 2680 2838 1392 638 2486 1983 1277 626 3335 3870 1985 1859 4057 2132 9072 2734 1594 671 2262 1780 761 1079 1699 350 926 1891 785 1396 1691 412 4823 990 3236 849 424 2395 1107 2580 2907 2942 1881 872 3169 1151 990 865 2168 1899 3659 4060 3625 4183 2524 1459 2509 1153 3580 4738 5649 1394 1415 2259 853 576 1602 2298 733 816 13813 4516 989 903 988 3857 1108 2735 1633 2980 2193 2030 412 2072 418 4306 6021 1817 1338 4528 2952 773 526 1026 891 8220 1243 725 3632 1391 1569 3378 1253 817 2786 1134 3776 722 1053 1074 1762 738 943 787 970 1741 2845 1994 968 2138 350 1424 4936 621 3495 197 3013 2615 573 2372 1957 1345 2558 4276 2112 3206 1601 2453 2461 1987 2418 3393 1063 389 624 1084 3434 761 455 682 3641 1288 1076 2498 1065 1635 1901 3161 2980 2732 605 3995 2330 4378 7168 4495 1126 1596 2523 1829 3797 5331 4234 2433 1515 1633 1720 1330 3338 1710 733 2433 7992 991 11164 732 614 3046 2761 3368 557 3081 1779 1636 2619 694 2075 2362 964 3432 2683 2427 1289 781 1884 1658 1121 2527 2059 5831 5704 2017 1483 1595 878 609 1121 465 2245 3080 7299 741 2324 1876 1148 1753 3183 954 2198 506 3727 2952 9207 787 238 4663 3014 1682 3861 2027 464 1143 548 1306 700 2700 1994 1951 1178 3376 2464 519 2054 1320 2098 554 2696 1810 2339 1325 814 1441 1412 2038 2703 1870 1148 3441 964 3670 5162 1273 1146 989 1599 1142 1667 1148 990 2367 3765 3848 2964 1386 1060 2371 8207 1375 2141 3477 2472 1282 2267 5056 628 957 2283 3960 526 3164 1455 951 3883 1189 620 909 2379 510 1578 758 652 895 2566 1522 792 2563 2780 4804 982 505 588 2630 3015 2535 2394 3194 2051 3471 813 1516 2885 640 1601 1908 2467 516 1683 4072 1079 1507 3035 1727 2325 1558 2674 508 3277 1316 901 913 2057 2007 3636 288 2914 2134 3067 1325 380 813 461 441 1578 683 3346 1235 1952 584 951 4014 823 1855 2148 577 2449 2360 5508 1299 645 1791 3335 2051 1302 3220 2015 2688 1021 352 2021 2898 787 1061 646 4915 2483 2662 1268 1165 932 2069 1707 402 4160 2874 945 624 547 5751 318 4349 1503 721 826 3154 1568 2131 644 905 1709 833 984 757 2364 2398 1390 2286 3031 2180 1097 570 864 1239 1227 440 1209 1473 1391 1240 3103 531 1733 804 805 1338 2055 2229 2201 4351 2201 3254 651 1666 484 685 1718 1045 10341 637 764 677 1215 2002 2385 768 484 1045 1684 3870 1407 1250 2014 902 2775 278 2175 3293 4505 2886 1788 537 1398 3274 1536 4443 2513 1812 1374 909 3252 920 247 2578 1750 1088 2050 2754 1564 933 3000 3264 941 1662 4985 927 1472 1622 2111 489 4456 980 2287 2112 1263 594 2851 1090 4078 347 5188 3690 198 3308 361 2319 2741 3570 331 1381 681 1930 2974 2244 680 3759 540 3619 3032 985 446 1778 2387 714 935 3604 1086 642 1437 991 1602 779 2764 268 3129 1640 2952 756 83 699 5760 6155 2075 670 2355 500 1234 412 6263 ]
@@@ Loss per-class: [ 0.628689 1.53556 1.05732 1.19179 1.01804 1.30699 0.821259 1.60316 1.13869 1.14427 0.54446 1.52932 1.12742 0.76651 1.96225 1.8109 3.27659 1.40827 1.40227 0.817372 0.701613 2.86498 0.850146 1.00935 0.794806 0.950369 3.25158 1.09125 1.70144 0.921169 1.16893 1.35701 0.806367 0.923397 0.935369 1.15533 0.66098 1.31129 0.931379 0.624307 0.763799 2.66949 0.827687 1.24066 1.0458 1.01151 1.91703 1.13519 0.672592 0.750024 0.973383 3.61661 0.805959 1.43968 0.741425 2.24306 0.696698 1.91152 0.567256 1.22129 1.80028 1.66666 1.30074 2.61821 0.99164 1.1464 1.7206 1.04161 3.25664 0.940203 0.866623 1.16088 1.69775 3.71933 1.56252 0.768791 1.13274 1.48279 2.47567 1.50825 0.847977 1.50408 0.730005 4.16902 1.33969 0.784102 1.27392 0.821712 3.21475 2.25404 1.63389 1.72733 1.80506 1.70759 3.3549 0.976107 1.24216 1.81131 1.09781 3.25038 1.07645 1.14644 1.55192 0.708927 4.01602 1.15109 0.663061 0.66403 0.552419 -nan 1.37223 2.08242 1.65377 1.12628 3.02081 0.81399 2.78692 1.15191 0.867214 1.13167 1.00791 -nan 2.63166 0.742273 1.42119 1.11565 1.07464 0.959887 1.06323 2.65849 1.12707 2.79557 0.587533 0.492454 1.99736 3.32276 2.99524 0.627009 0.730392 1.91047 0.751189 1.58167 1.58195 0.87738 0.961664 1.36615 0.98251 1.57753 0.474775 1.38412 1.08048 1.51379 1.58457 2.62342 1.19143 0.983464 1.76379 0.647995 1.73956 2.19409 0.730908 1.9855 0.668411 -nan 0.587438 1.90278 0.763366 2.18443 2.88122 0.739231 1.40199 0.465764 0.71408 2.38808 1.72093 -nan -nan -nan 0.651925 0.938336 1.24912 0.474354 9.44412 1.9525 1.76138 0.662674 1.6353 2.44294 0.618594 0.730491 1.65342 0.962884 3.63686 0.748719 0.885299 1.00177 1.58951 1.31725 2.69492 1.31158 0.83264 1.53102 1.02671 -nan 1.27627 0.831814 1.45263 0.79389 -nan 0.803488 1.01293 3.03105 1.1908 1.63777 1.22436 1.81557 1.88885 0.804641 0.664958 0.277247 0.533504 1.97972 1.0019 2.13553 0.560857 1.55474 0.833885 1.19214 0.650613 0.485245 0.96296 1.06823 2.59752 1.01747 0.725071 1.84752 1.02905 0.827706 1.03107 0.596763 0.885601 0.812214 0.523501 0.463144 1.51947 0.891118 0.432712 1.55893 0.555951 0.979773 1.39404 1.01603 0.674835 2.02845 1.21352 1.13445 1.11674 1.56176 0.538889 0.612311 1.26775 0.846029 1.24432 1.47687 1.21801 1.19612 0.686332 0.535433 0.708116 1.3822 1.73078 0.576529 0.738353 1.62102 1.18943 1.32573 0.388604 1.18428 0.709514 1.23012 1.32594 1.41959 1.25078 1.1733 1.81126 1.12317 1.98623 1.04564 0.767654 1.47424 1.47722 1.03806 1.82311 1.22397 0.975369 0.84305 1.70336 0.919685 0.939936 0.78018 1.20274 1.43336 1.11707 0.74834 1.43875 1.7084 1.99472 1.42112 1.40598 1.17119 0.644983 1.51192 1.04046 1.25886 1.49416 1.19452 1.34113 0.903104 0.946498 1.82352 1.19858 0.878413 2.01523 0.8559 1.17756 1.72069 1.32154 0.800829 1.0434 1.80216 0.629212 1.49875 0.785959 1.17269 1.43726 1.23445 1.0805 1.95538 1.09083 1.22914 2.44656 1.05594 1.38704 1.28729 0.530913 0.860794 1.35835 1.63952 1.22412 1.85241 2.04019 1.06358 1.06641 1.25312 1.00207 2.00432 2.40631 0.913289 0.63918 1.18239 1.04513 0.370326 0.533522 1.29318 1.86347 1.57875 1.95667 1.65119 1.82398 2.26637 1.62403 1.98899 0.863982 1.55228 0.838277 1.22711 0.554132 1.72883 0.684263 1.15688 0.747139 0.961429 0.718405 1.09595 0.923084 0.798615 1.71824 1.24434 0.70868 0.858587 1.25549 1.2015 1.06092 0.564078 0.9065 0.838672 1.4881 0.575762 0.506816 1.43566 0.712458 1.39627 1.12667 0.839635 0.641255 1.05529 1.00169 2.16673 0.796997 0.933815 1.37775 1.6178 0.986768 1.65561 1.24606 0.963779 1.29471 1.65823 0.811421 2.42372 0.821006 1.63615 1.68435 1.12187 1.18165 1.2454 1.58087 1.74073 0.939613 0.665528 1.63868 2.23024 1.92231 1.34226 0.773034 1.50839 1.27451 1.60367 1.97877 0.895143 0.9097 0.643583 2.2614 2.28196 1.24151 1.73032 2.45354 1.59488 0.974767 1.46545 0.762075 1.61902 0.835261 1.99498 1.14229 1.32244 0.862731 0.69237 1.98542 1.1185 1.36852 2.10692 0.94952 1.02895 0.846046 0.940884 0.855567 1.58774 1.54496 0.891274 1.12279 1.94862 1.95118 1.53022 1.48939 0.973922 1.82878 1.22061 1.85946 1.14754 1.04864 1.14488 0.492699 0.378455 1.97066 2.32123 1.07696 0.966512 0.965637 0.607892 1.84909 1.11678 1.03486 1.7076 1.46199 1.58312 2.21349 1.99643 0.870248 1.35666 1.02724 1.81491 2.65339 0.541372 0.991753 2.00319 0.937846 1.05414 1.13177 1.3855 0.793406 1.0305 1.13053 2.02862 1.75837 2.39636 1.39709 1.44943 1.55884 0.902178 1.72676 1.0054 1.41869 1.21382 1.50321 2.22678 1.08739 1.63475 2.10673 0.671443 0.856767 1.47573 1.09623 2.61838 1.96233 1.73429 0.88374 1.16495 1.32147 1.09906 2.30574 1.37374 1.8203 0.78737 0.427098 1.44186 0.762425 1.10723 0.873151 1.35751 0.646976 0.756247 1.56033 1.65429 2.48476 1.33569 0.603302 1.0132 0.691568 0.710092 1.06288 0.988759 1.00393 0.607747 1.03864 1.71693 0.749805 1.26251 1.91661 1.77824 0.908317 0.910087 2.03853 1.94221 1.04858 0.737052 1.54805 2.22692 1.44317 1.71864 0.784469 1.44188 1.05766 0.686941 1.08761 1.01883 1.72546 0.731799 1.60714 1.21555 1.55398 1.21517 0.950239 0.794925 0.710278 0.620442 1.66259 1.60156 0.604546 1.05947 0.739012 1.51906 0.788593 1.36326 0.817445 0.944645 0.757969 0.638616 1.11258 0.646074 1.30774 1.28082 2.20871 1.80913 1.65758 2.15824 1.20582 1.53666 0.767089 1.57043 0.779949 2.51481 0.385724 2.03088 0.978693 1.02011 1.43094 0.698218 1.42279 1.41407 1.8935 1.38543 0.612781 1.96226 1.63211 1.03149 1.10616 0.934553 1.58616 1.50511 1.01463 0.860227 2.20508 1.22683 1.44245 0.985441 0.878759 1.01927 1.14843 0.893962 1.47517 1.3904 0.650983 2.0128 1.58968 0.743094 1.54287 0.970326 1.36268 1.23401 1.45553 1.11421 1.08022 0.500463 2.78546 1.58971 2.44221 2.0974 1.6934 1.39328 1.20075 2.27819 1.08989 1.18189 1.07852 1.15481 0.723465 2.30453 1.44406 2.05266 1.32115 1.15954 1.62884 2.86052 1.04327 1.073 1.84941 0.97801 0.796122 0.471659 0.650522 0.761951 0.56105 1.03134 1.1086 2.44822 1.88095 1.24094 1.0231 1.17814 1.02053 1.32826 0.585166 1.16885 0.981329 2.03082 1.7666 1.22007 2.15446 1.73893 1.02274 0.801023 1.42082 0.30002 1.19951 0.946038 0.691422 1.31161 1.41985 1.51047 1.05785 0.961549 1.61133 0.955464 0.437059 1.11417 1.64139 0.958708 1.2416 0.820473 2.19122 1.61022 1.36818 1.22593 0.735945 1.34967 1.54345 1.24038 1.23109 0.798047 2.05295 0.914462 0.865833 0.449426 1.62539 0.59171 1.27237 1.20392 1.80272 1.40015 0.622171 1.03192 0.668517 1.6247 1.1895 0.41562 0.89195 1.12707 0.773701 0.971927 0.940485 1.71575 0.566087 0.646452 1.5603 1.26067 0.678873 1.52247 0.708852 1.49114 1.26402 1.57867 0.887153 0.833861 0.991201 0.839363 1.00795 1.79677 0.79269 1.31679 1.47504 0.960972 1.65409 1.35389 1.45561 1.38929 1.63218 1.62391 1.02173 1.20751 0.886634 1.312 1.63812 1.02373 0.870274 0.397528 1.38031 1.25653 0.817716 0.791879 0.724204 1.51471 1.15766 1.04291 0.806891 0.606142 0.923304 2.07336 2.00499 1.37086 1.67941 0.687503 1.20217 2.98033 1.18385 1.03363 1.445 1.59645 1.12487 0.931298 2.3231 1.56247 0.992343 2.22351 1.07019 0.86476 1.84449 1.6016 0.665505 0.968737 1.23992 0.652118 1.17929 1.15551 1.05866 1.33445 1.50871 1.52262 0.456598 0.634903 1.72749 0.814824 1.04728 0.890978 1.15051 0.790959 2.39694 1.4447 1.06732 1.92145 0.557751 0.638853 0.906429 0.791782 0.90657 0.533319 0.830809 2.00232 1.27821 1.75491 1.13741 0.928987 0.576796 1.89278 0.784746 0.906761 0.751255 1.11345 2.10815 1.04854 0.947558 1.23398 1.53556 2.12534 1.45619 0.654453 2.12603 0.803204 2.05419 1.52199 0.560144 1.46154 0.69153 0.922967 0.813239 0.627695 0.740916 1.35971 1.0769 1.16819 0.874341 0.820071 1.13119 1.06965 0.755702 0.900696 1.67866 1.72971 1.91795 3.07243 1.0474 4.07876 1.78681 1.13577 1.14844 1.32064 0.938694 0.810776 1.40613 1.39783 1.34546 1.58769 2.19689 1.21482 1.49048 1.2259 0.457958 0.868286 0.955274 0.909915 0.696694 2.05376 1.21299 2.23062 1.07968 0.641906 1.34569 0.602054 0.597983 0.568552 1.2773 0.564944 0.613746 1.19808 3.27666 1.41429 1.30871 1.44539 3.56292 0.423473 1.05864 0.901213 1.4487 0.731906 1.44081 1.38369 1.03505 1.962 1.06703 1.01232 1.17489 0.95321 1.28999 1.10523 1.19936 0.971393 1.03907 2.07705 1.33122 0.843425 0.559102 0.749558 1.06146 0.996983 1.15693 1.18979 1.08689 1.04582 1.37296 1.34163 0.915023 0.885069 2.03237 1.58245 0.808737 1.14847 1.40179 0.860021 0.754222 2.06542 1.01216 2.16137 1.60157 2.2 1.1944 1.07714 0.780533 0.828219 0.771334 0.808854 0.997781 1.6709 1.15475 0.879687 2.28207 0.855435 2.23136 1.12616 1.52651 0.993778 1.30496 1.14815 1.49933 1.47097 1.31327 1.18307 1.07281 1.62828 1.6126 1.92927 2.12265 1.01316 1.06537 0.71012 1.21758 0.748282 0.859023 0.904153 1.24123 3.03489 0.803267 1.84546 0.798417 1.21322 2.34669 0.974284 1.01338 1.8095 2.05499 0.85614 1.55671 1.73672 1.66568 1.02319 0.893091 1.13581 1.45156 0.806874 1.05518 1.36106 1.44281 0.621021 1.1852 1.21438 0.888331 1.53836 0.711048 0.570939 1.22726 3.19962 2.03163 1.24572 1.39291 0.968158 1.44447 1.31444 1.37375 1.52548 1.34097 0.947308 1.17455 0.742367 1.09755 1.0737 0.611545 0.560777 1.03168 0.947957 1.24578 0.865538 0.538443 1.70306 1.34958 1.56559 0.7515 1.15353 1.76025 0.597126 1.18301 1.81849 2.25277 2.00357 0.491877 1.94605 1.18633 2.71246 1.65633 1.30662 1.20554 1.35592 1.93935 0.99772 0.855325 1.57144 0.735194 1.47599 0.873556 1.08085 1.6327 1.85005 2.1326 1.59905 1.34471 1.54395 3.09524 1.13608 1.19776 1.57138 1.50671 0.87425 1.469 1.24555 1.14594 2.20642 0.629504 1.86773 0.833649 1.38316 1.68818 2.14157 0.718962 0.857469 0.499014 0.864001 1.88578 0.562596 2.00605 0.824885 1.20684 0.460143 0.928142 1.0256 0.656729 1.81927 0.755898 1.23437 1.24567 0.952466 0.588707 1.23723 2.1415 1.03928 1.0212 1.0392 3.15412 0.974133 0.974968 1.51017 1.05688 1.43536 1.3582 1.13064 1.98842 1.33345 0.45256 1.03568 0.722503 1.06444 1.13946 1.22232 0.851798 0.694241 1.67651 1.00684 0.88251 1.30102 1.48068 1.22614 0.899791 1.5557 1.05248 0.648288 1.56534 1.5248 1.38235 0.954642 1.455 1.12108 0.840299 1.65956 1.05762 2.32705 1.89344 0.55347 0.627791 1.48673 1.17046 1.35593 1.10314 1.56346 1.10193 0.895272 0.93164 1.75499 1.1849 1.31124 0.990432 1.3162 0.985521 0.95734 1.01668 2.01396 0.989652 1.06229 1.59135 1.3832 0.843642 1.38462 1.03434 1.8418 1.80015 1.02299 1.58202 1.36364 1.14336 1.19578 1.28116 1.07952 0.676759 1.06068 0.962313 0.614672 1.03526 0.968026 2.35809 1.0852 0.920101 0.891345 1.27421 2.75188 0.956763 0.708499 1.36049 0.524981 0.749513 0.820431 0.687755 0.83231 0.740365 1.33434 2.05253 1.83687 0.873907 3.71875 0.953089 0.586285 0.666561 0.858942 0.893577 0.759578 0.981661 3.65483 0.596605 1.10236 1.18261 0.872503 0.875225 1.24056 1.49047 1.2913 1.19784 1.52688 0.59191 0.747176 1.30175 1.0792 0.936428 1.19365 1.47988 1.3378 0.891887 1.62994 1.79305 0.721735 1.29695 1.36483 1.15566 1.18762 0.824237 1.58924 1.19736 1.00286 0.732757 1.04347 1.73123 1.79824 0.909653 1.32824 1.49408 1.5667 1.62677 1.00731 1.1927 1.66836 0.765734 1.58628 1.53192 1.32347 1.83498 3.32721 0.677645 1.9843 0.849581 1.68707 0.846659 2.17549 1.44448 1.26451 0.725987 1.95635 1.38251 1.08167 0.795769 0.952528 2.56152 1.34537 1.93588 1.87118 0.924039 2.40488 1.33928 1.15921 1.61351 1.27966 2.92354 1.70218 2.91052 0.818241 0.769018 1.49173 0.536845 2.34585 2.90064 2.00992 1.04606 1.654 0.323885 0.996815 0.925257 0.504832 1.52746 1.47797 1.82635 1.16443 1.01015 1.71815 1.7988 0.988833 0.631209 1.47202 0.712024 1.97021 0.99624 1.38147 1.39033 1.51874 1.31348 0.942833 1.44128 0.791574 0.784278 0.86879 1.0979 1.14495 2.087 0.712166 1.48389 1.11656 1.11662 0.809492 1.03028 0.60101 1.52665 1.59524 1.04699 1.17843 0.556064 1.45419 1.00968 1.03113 1.22968 1.21614 1.70918 1.01927 1.01925 1.97551 1.88447 0.809859 1.31458 0.51533 1.15885 0.964768 1.47667 1.26593 1.6865 1.39884 1.09848 0.857844 1.31696 2.21999 1.19196 0.795977 0.890466 1.7789 1.29221 1.21479 1.04285 1.40387 0.7474 1.87274 0.920556 0.961288 0.716845 0.743661 1.09765 0.976296 0.942357 0.7869 0.591537 1.22268 2.34877 1.18342 1.63734 1.19742 0.754627 2.14566 1.035 0.664613 0.87489 0.881988 0.834394 0.958636 0.823882 0.914931 0.693218 1.3539 0.902117 1.07229 1.72935 0.919495 1.75459 1.25625 1.22651 2.03908 1.90899 0.698104 1.00797 1.29501 1.3596 1.00975 0.725417 0.953191 0.46644 0.534726 1.69648 1.46816 1.00819 1.30914 1.93488 1.41194 1.59429 1.60021 1.15831 1.54363 0.872213 1.48318 1.57798 1.03198 1.10087 1.62139 1.97289 2.22696 0.945414 1.48418 0.71219 1.26932 2.0362 0.945554 0.554019 1.74858 2.35831 1.31011 0.966779 1.27917 0.660732 0.527528 3.73116 1.53287 1.20683 0.867682 1.19273 0.993728 0.768193 1.23043 0.935786 0.516145 1.13215 1.82241 0.984806 1.83232 1.1493 0.763748 0.951383 1.00206 1.35326 1.1305 0.887185 1.37032 1.80175 1.28618 1.13562 1.1186 2.66448 1.35126 1.06977 0.854048 1.80585 2.12293 1.27158 1.06969 1.24156 1.42026 0.577746 2.73755 1.05343 2.45499 1.09484 1.1824 1.76634 1.03453 1.23991 1.33015 0.450732 1.26975 1.0663 0.942835 1.63274 1.87929 0.71584 1.03201 1.15038 1.34578 2.16376 1.20689 1.68417 1.17666 1.7305 1.34085 1.86376 1.06829 1.28839 1.10706 1.40197 1.78484 1.48314 0.508899 0.65001 1.82383 2.29085 3.25243 0.938768 0.830908 1.138 1.32555 1.46723 2.42248 0.674392 0.699773 1.44114 0.953742 1.16333 1.1825 1.82298 0.829348 0.726147 0.867628 1.07656 1.18802 0.911687 0.714623 0.868174 1.44236 2.08333 2.04899 1.02918 0.862609 0.698419 1.24863 2.05638 0.623363 2.26333 1.38553 1.65367 1.54944 1.53395 1.60122 1.92185 2.31742 0.749921 1.92626 0.872865 0.8964 0.676449 1.31198 0.658269 1.37772 1.61697 1.10736 1.13515 1.73346 0.95935 1.04578 1.27078 2.03833 1.39239 1.05044 1.1969 0.849908 0.536887 1.83634 1.03538 1.11082 1.21051 1.2319 1.33879 1.81694 1.23009 2.26282 0.55907 0.964781 1.37767 1.7531 1.85809 1.31035 1.31776 1.12953 1.07826 2.29797 1.09524 0.89391 1.38525 0.500137 1.43303 1.86435 1.81726 1.67439 1.51282 1.05079 1.9268 1.335 1.94543 1.05462 1.13927 1.99455 1.84569 1.25322 1.13168 1.18186 0.99796 1.146 1.56421 0.978856 0.760534 0.458996 1.21683 1.25483 1.07028 1.1659 1.106 0.6555 1.0217 1.02684 1.30403 1.68285 1.22064 1.2116 1.26206 1.55109 1.48321 1.21116 1.8142 1.5486 1.94062 0.848288 0.908471 1.22288 1.63534 0.70596 1.41184 1.16356 1.28134 1.5679 1.62021 0.853687 0.61325 1.39773 0.848417 1.55856 1.28039 0.978068 1.7134 1.09215 1.7774 1.2413 0.8178 1.58531 3.16915 0.726533 2.37637 1.3983 1.63581 1.32485 2.44686 1.1987 1.37896 2.78439 1.39217 1.58984 1.41928 1.51913 1.14064 1.17706 1.40502 1.55487 2.12487 1.02005 1.26677 1.18212 1.06965 0.995809 0.737192 1.92852 1.27777 1.17037 1.32962 1.12357 1.7002 1.63291 1.39326 1.63088 0.846345 1.48158 1.93764 0.410888 1.14665 0.987855 1.09148 2.5281 1.29134 1.2522 1.30047 1.54517 1.51538 1.48115 1.52574 1.15211 1.16219 2.26283 1.52478 1.28633 1.20611 2.478 1.27827 1.32172 1.27199 0.618207 1.07445 1.26281 1.73121 1.23568 1.71587 1.05452 0.981304 0.917774 0.570681 0.884526 2.30011 1.29195 0.805344 1.50786 1.391 1.20636 1.72433 2.37006 1.37584 1.11819 0.642284 1.07151 1.03547 1.32583 1.22933 1.31956 1.42741 1.33442 1.15099 1.33763 1.35978 1.36545 1.80813 1.3911 1.07664 0.85986 0.700392 1.36321 1.30697 0.668101 1.2762 0.968038 2.06487 1.05912 0.752239 1.44859 0.976212 1.73196 0.86265 1.34953 1.77908 2.43726 1.10929 1.59107 1.19989 1.15683 1.7837 1.28074 2.46414 2.8012 1.15389 1.40273 1.06886 0.798035 1.03119 1.20727 2.02513 1.47325 1.15399 1.53719 1.03321 0.570838 0.701731 1.36114 1.22693 1.53483 2.06197 1.32069 2.1286 1.5343 0.589105 1.29301 1.59553 0.920936 3.44571 0.902957 0.804469 1.3332 0.901431 2.27856 1.92731 1.54059 0.648275 1.62231 1.75403 0.40297 0.865023 0.755221 1.27677 0.673255 1.51951 0.739268 1.35004 1.42852 1.6694 1.7133 1.23988 0.561301 1.12762 1.03504 1.94023 1.65886 0.795514 1.69574 1.39398 0.936214 0.699166 0.855849 0.656651 1.45733 1.79151 0.949527 0.789194 1.08916 0.787386 1.12715 2.24964 1.35048 1.18152 0.739723 1.81655 1.28713 1.37789 1.35673 1.19455 1.1313 1.34301 0.5457 0.556335 1.47356 1.61923 0.704148 1.26517 1.32579 1.77152 0.631976 1.33301 1.37303 1.52945 1.43792 1.11806 0.840667 1.03042 1.38684 1.12521 0.84248 2.08336 1.84891 1.68676 1.13973 0.897196 2.69347 0.712087 1.33419 1.61812 1.34307 1.98066 1.51637 1.25676 1.32551 1.44427 0.58632 1.40395 0.95778 0.791677 1.42097 0.913034 0.953242 1.61838 1.35556 1.20742 1.72398 1.66138 1.24921 1.24409 0.463845 1.75391 1.02643 1.46125 1.70908 1.01065 1.46982 1.45398 0.896369 1.46964 1.72721 1.70086 1.87346 2.54587 1.67082 1.60371 1.43003 1.23907 0.958531 1.02587 0.813819 2.02157 0.645226 1.67929 0.828835 1.62001 2.8747 1.73046 1.91634 1.83837 0.635868 1.44921 1.29384 1.54916 0.764593 3.14715 1.27076 1.02492 0.980245 1.50758 1.57241 2.70592 1.01351 1.17759 1.3682 0.727113 1.54573 0.9131 1.01976 0.724121 1.94401 1.67676 1.06359 1.59531 1.13659 1.09939 1.47954 0.886823 0.655328 1.80862 1.08699 1.40792 0.855968 1.77072 1.73854 1.50388 1.5295 0.729391 1.20205 2.28969 1.30298 1.38521 0.761692 1.35015 1.33635 1.36523 1.83822 1.55438 1.41694 0.749521 1.67479 1.71757 1.34909 1.61071 1.19281 1.38432 0.807721 1.08814 1.26741 2.29409 0.491782 0.602657 1.25849 1.61636 1.50999 1.63163 2.60053 2.04727 1.80567 1.9204 1.45509 1.15011 2.81509 0.906568 1.41256 1.15216 1.23717 1.09836 1.24266 1.0234 1.86537 2.11606 1.14022 0.908272 1.62887 1.67875 1.81877 1.59976 0.884798 1.03352 1.84996 0.860136 1.18441 0.852176 0.629458 1.724 1.16379 1.51497 1.29439 1.91284 1.3225 0.907049 1.1587 1.24641 3.3608 1.37062 1.76039 1.07064 1.41552 0.638798 1.68137 1.83278 1.62372 2.14606 1.21611 2.4801 1.31067 1.26131 2.1496 1.06796 2.23677 1.69959 1.36288 1.75969 1.0147 0.749733 2.76967 1.08952 1.16686 1.65169 1.67972 1.61437 0.806196 0.863082 1.4719 1.78703 0.698246 1.80458 1.1924 1.30233 0.785543 1.61657 3.15489 0.993332 1.99394 1.4264 1.44104 1.25945 0.982025 1.48798 1.01347 1.41332 1.15579 1.03688 1.7636 0.961215 1.06189 0.617738 0.941827 1.27423 0.920791 1.15862 2.06827 1.55321 0.764263 0.991102 1.67403 1.14036 1.19595 1.48255 1.75206 0.949594 0.84494 1.0065 0.669623 1.7218 1.4203 0.88891 1.22924 1.0553 1.17469 1.48362 0.992624 1.22805 1.42168 1.36025 1.11735 0.82706 0.933688 1.58067 1.60581 1.2383 1.22935 2.10493 1.81611 0.962554 1.27407 1.38685 1.05362 0.671084 0.918489 1.29615 1.23878 1.1465 1.24903 1.191 0.948447 1.35661 1.08396 1.36512 1.43091 1.56752 1.66651 1.11204 1.15269 2.48129 0.903096 0.818662 1.4591 1.2191 1.82819 0.54015 1.41076 0.793277 1.03717 1.14787 1.51714 0.958353 1.15672 1.53593 1.68907 1.08686 0.643117 2.00246 1.37517 1.94284 2.22546 1.19164 1.38784 1.50168 1.72716 1.20552 1.16314 0.650665 1.63946 1.52636 1.4101 1.14417 1.88498 2.65867 1.08922 3.11584 1.77249 1.48549 0.515649 1.62567 1.30286 0.940542 0.756253 0.660138 1.42227 1.2312 1.18959 1.35769 1.84771 1.00801 1.25622 1.4778 1.21122 1.2816 2.18172 1.15929 1.69497 0.529935 1.48328 1.24433 0.834896 3.56197 1.3258 1.85018 0.55281 1.76501 1.75413 1.57318 0.968916 1.16843 1.48235 1.18695 1.18515 1.16507 1.31468 1.19284 1.792 1.36306 1.03899 0.717694 1.76885 1.44666 1.01401 1.67677 1.22757 1.03469 1.03369 1.25922 1.51868 1.21488 1.35399 1.96763 1.35982 0.942987 1.15741 1.81427 1.59188 1.27258 1.39547 1.51257 0.569722 1.54474 1.37509 0.869842 1.47392 1.17548 1.05647 1.84075 0.969283 1.34826 0.961042 1.23533 0.833567 2.10725 3.57315 1.72789 1.51405 1.10934 0.913051 1.06775 1.57313 1.78904 0.932908 0.956114 1.82469 1.48675 0.836472 1.23042 1.30394 1.76345 1.46228 1.21921 0.818445 1.75331 1.51937 1.27646 2.08088 1.02323 1.28944 0.968321 0.770265 1.14606 0.641257 1.24561 1.25128 1.56836 1.22205 1.25491 1.92439 1.10191 1.52309 0.67301 1.23908 1.16783 1.23248 1.04075 2.59293 1.85462 1.41804 0.946426 1.72153 0.819168 0.86737 2.17126 1.67078 0.908429 1.35743 1.77485 1.28589 1.43637 1.69174 1.67352 1.17277 1.08194 1.58245 1.01007 2.27991 1.12658 0.905699 1.22081 1.83363 1.23617 0.808655 1.58301 1.41491 1.1573 1.21423 1.25376 0.598679 1.19316 1.72786 1.62209 0.748509 2.6191 1.57146 1.81474 1.10176 1.15284 1.14227 1.3699 1.41627 0.799562 1.27022 1.90739 1.56123 1.54677 1.51353 1.86527 1.30359 0.889762 0.57338 1.52752 1.72526 0.36136 1.27227 1.56546 2.16573 1.04968 0.912674 1.0624 0.86214 0.987938 1.34795 1.66258 1.29432 1.25261 2.12193 0.762918 1.70035 1.71213 0.932765 1.67923 1.28237 1.01422 2.09648 1.73151 1.04911 0.880839 1.57958 1.50796 1.99006 1.41303 1.13721 1.06271 0.919529 0.848653 1.14135 1.42798 1.12839 1.48713 1.527 1.11354 0.73879 1.61965 1.6486 0.896327 1.16352 0.708701 1.51957 2.00032 1.8017 0.924883 2.05204 1.17406 1.51945 1.39867 1.0696 0.883156 1.55867 1.72109 1.29477 1.02522 0.97728 1.24561 0.867244 0.898271 1.24644 0.705717 0.920051 0.778261 1.66236 1.39675 0.875854 1.23071 1.03035 0.852904 1.45608 1.45814 1.26969 0.826628 1.1334 2.20554 0.650028 1.15644 1.31408 1.27572 1.59296 2.07445 1.15886 1.2667 1.57129 1.46799 0.756212 0.900255 1.17476 2.26159 1.30266 1.04439 1.62115 1.54077 3.66657 1.40897 1.19496 1.46515 1.02014 1.28111 0.726862 1.39634 0.963707 1.40089 0.789617 1.15388 1.25292 1.39618 1.31524 1.22256 1.71169 1.29414 1.547 1.25465 1.09633 0.923547 1.0036 1.28389 0.911721 0.73721 2.14476 2.08997 1.19168 1.15796 1.34826 3.48926 0.680652 1.44405 1.2973 1.1612 1.40986 0.809856 1.38176 1.02954 1.31557 1.85486 1.28753 0.910199 1.55067 1.09012 1.75712 1.06106 0.813428 3.24688 1.95089 4.48472 0.645073 1.49145 2.34981 0.958238 1.09811 1.5988 1.48785 1.22685 1.65539 0.698959 1.81678 1.2103 1.90146 1.2697 1.29523 0.552325 0.899592 1.28532 1.25741 0.943726 1.29635 0.842705 1.38135 1.84813 1.60319 1.11339 1.46241 1.92972 1.98553 0.768174 1.63479 1.73402 0.886471 2.21988 1.82605 0.812097 1.69359 1.39696 1.51662 1.67042 1.31152 1.11793 1.43719 1.20756 1.31962 1.0642 1.4036 1.05326 1.49678 0.962769 1.48548 1.44793 1.65273 1.39191 0.721762 0.523639 1.39906 1.52471 1.31822 1.88875 1.57411 1.35975 1.20015 1.02328 0.89122 1.23054 0.595839 1.32402 1.67128 1.1519 0.657405 1.02661 1.73535 1.44418 1.20838 0.710215 1.59296 0.867384 1.11859 0.990782 1.65115 1.49476 1.01188 1.28768 1.01547 0.793608 1.10743 1.29487 1.97913 1.2738 1.47464 0.971789 1.09884 2.13575 1.23339 1.69468 1.60374 2.27692 1.41135 0.837994 1.95682 0.796416 1.34115 0.479105 1.23823 1.40693 2.47617 1.33088 1.45214 0.765209 1.42414 1.85955 0.758565 0.847738 1.70254 1.64848 1.66694 1.6268 0.984116 0.621279 1.61545 1.09339 1.46353 1.66663 1.58179 0.983776 1.28067 2.59476 1.89881 0.711803 1.10996 1.47525 1.35658 1.0387 3.33413 1.22479 1.00225 2.34134 1.80498 1.06948 1.34118 1.92551 2.46749 0.75688 1.39645 0.741792 1.77718 1.20986 1.6402 1.64003 2.20695 1.38697 1.35024 1.28277 1.00579 1.00739 1.40133 0.860619 1.12759 1.72276 1.78832 1.58495 1.20841 0.794342 1.19661 1.19816 1.24528 1.00679 1.24619 1.42159 1.14175 1.09238 1.3063 0.732801 1.24571 1.84485 1.44357 0.893843 1.46094 1.41816 0.363353 1.42625 0.793946 1.49125 0.947449 1.26402 1.7374 1.55753 1.40068 2.11722 1.75989 1.94108 1.50242 1.18063 1.6915 0.801091 1.10987 1.59446 0.978067 0.698245 0.882289 1.19868 0.721669 1.05178 2.06757 1.63978 1.51058 2.71974 0.937963 1.54817 2.4557 1.35522 2.31421 1.88072 0.977491 2.29076 1.69135 2.14694 2.217 1.20516 0.627696 0.91725 1.39498 0.675811 0.817519 1.73007 1.38992 1.11216 1.49777 1.51582 1.41744 2.02025 1.12987 1.28009 1.42936 1.12632 1.5175 1.26123 1.57202 1.68035 1.55333 1.43723 1.35465 1.58089 1.73829 1.82037 0.985967 1.94637 1.32404 1.57816 1.11535 1.62021 1.10888 1.76226 2.42949 1.79018 1.69195 0.574456 1.68959 1.74413 1.2526 1.26031 1.95532 1.8227 2.74742 1.9263 1.29467 0.848132 1.15438 1.71626 1.7119 1.71101 1.11267 2.43414 2.35313 1.74572 2.265 1.08298 1.43713 1.31573 1.44946 1.30536 1.03765 1.55129 1.74868 1.63689 1.46612 1.58261 1.18279 1.35214 2.32527 1.34621 1.26543 1.28031 1.43791 0.762321 2.53944 0.790268 1.35708 2.15595 1.83792 1.43919 1.41479 1.81991 1.60973 1.10431 1.33112 1.87508 1.29379 1.24146 2.4645 1.74786 1.15381 2.7696 1.14672 1.37921 1.39585 1.06176 1.70457 1.57347 1.07399 1.34225 1.14568 1.28882 1.49369 1.97624 1.42363 1.50906 0.667106 1.24045 1.52369 2.13716 1.49072 1.66852 1.73144 0.84275 1.12008 1.50818 1.39626 1.45295 1.11797 1.0083 2.1538 1.46034 1.24195 0.840372 0.91483 0.553427 1.48699 1.89469 0.93014 0.759684 1.49427 1.05013 1.21195 1.2354 1.39902 1.80304 1.68303 2.15792 1.46565 1.21433 1.64579 2.00488 1.48721 1.72401 0.505569 0.819109 2.29767 1.82891 1.66339 1.31743 1.20508 1.48243 1.50578 0.816484 1.28911 2.05316 1.2289 0.706593 2.06626 1.78098 1.27457 1.35159 1.80982 1.49339 1.24482 1.6944 1.47829 1.5695 0.93553 1.03222 1.20056 0.872422 1.79154 1.20429 1.95926 0.833778 1.15895 1.29006 1.56684 1.46979 0.885485 0.809068 1.71225 1.66768 1.40002 1.03635 1.6503 1.1797 1.66235 3.23614 0.851576 1.34953 0.912459 2.43766 2.95355 1.02343 1.33889 1.36291 0.710671 1.64904 1.27507 1.3139 1.97431 1.44019 2.41003 1.2259 1.7667 2.07105 1.40066 0.831335 1.5321 1.80671 1.48253 1.14354 1.90078 1.35322 1.56221 2.27246 1.51376 1.27091 1.81959 2.32533 1.40723 1.91419 1.75528 1.26976 2.20874 1.35518 1.74232 1.09013 1.35186 1.81325 1.57841 1.22726 1.30248 1.96796 1.50344 1.07814 1.5844 1.91045 1.85594 1.4233 1.22545 1.49551 0.873294 1.68098 1.13235 1.33933 1.33868 1.50249 1.0885 1.46569 1.39986 1.37112 1.85757 1.21795 1.87792 1.00981 2.1441 1.26511 2.09378 1.33097 0.888417 1.68713 1.00893 1.46468 1.39621 1.85827 1.66227 1.44701 2.55729 1.70476 1.44661 1.76944 2.22239 1.66592 1.29996 1.49277 1.73002 1.875 1.22202 0.733283 1.7579 1.1195 1.6095 1.38673 1.37896 0.852345 2.04979 2.32958 1.27041 2.07311 2.3347 1.10684 1.87243 1.88647 1.56825 1.34513 1.67481 1.16089 1.4654 1.12817 1.0842 1.70312 1.51314 2.26963 1.56742 1.49937 1.66974 1.46231 1.86766 1.81981 1.50009 3.47332 0.782617 1.52096 1.21321 1.26664 1.18332 1.83532 1.44296 1.78957 0.905971 1.09354 1.70968 1.83628 1.21894 2.83685 1.77199 0.812742 1.56972 0.564006 1.28401 2.4188 1.16776 1.25753 0.960634 1.50219 1.23376 1.24595 1.14286 1.14866 1.59922 1.74969 1.88789 1.35634 1.86983 3.1597 1.27109 1.54675 0.611966 1.14446 1.48526 1.22 1.39405 1.35189 1.4697 1.21295 2.23111 1.59675 1.32739 1.89764 1.26833 1.29781 0.944638 1.39552 1.34491 1.27556 1.63632 0.704984 1.33707 0.715075 2.03343 1.5855 2.13819 1.95734 1.44727 0.969261 1.46588 1.96247 2.02247 1.67014 1.52977 1.02455 1.51083 1.32334 1.27831 1.57062 3.10996 1.40874 1.84733 1.19401 2.10866 1.08575 1.50595 2.23099 0.734777 1.77986 1.4197 3.77362 2.09159 1.54706 1.92194 1.60606 1.73627 1.93347 1.60442 1.35681 1.04922 1.07729 1.25328 2.21195 1.47175 1.93366 1.03374 1.90506 0.783151 1.05861 1.8117 1.67683 1.42965 1.04477 1.40059 1.38949 3.55003 1.26903 1.9208 1.34669 1.4429 1.34511 1.3691 1.42369 1.4714 2.61157 1.30537 0.852171 1.82713 1.14145 2.07964 1.09769 1.58214 1.75 1.42282 1.29884 0.873912 2.21382 2.10439 2.03097 1.11951 2.16667 4.28723 0.961321 1.84906 1.39404 1.33014 1.99885 1.75019 1.52016 1.00518 0.637002 1.81118 1.52658 1.764 1.4115 1.09065 1.54556 0.63375 1.94391 1.48319 1.13158 1.12886 1.32865 1.59338 0.96583 1.21358 1.83129 1.22487 2.12945 1.53968 1.07551 1.59262 0.927396 1.7216 1.50452 1.36008 1.81558 3.05372 1.47658 1.35396 1.31274 0.922768 1.10162 2.7752 0.82063 2.87041 1.83333 1.13111 1.3916 1.04898 1.12751 1.323 1.53685 1.28589 1.01145 1.77568 1.04712 1.76664 1.85943 1.03411 1.91035 1.50424 1.3561 0.96768 1.38675 1.69446 1.24045 4.56536 3.17693 1.01128 1.0193 2.08169 1.34983 1.32154 2.63641 2.40765 1.75112 1.16023 ]
@@@ Frame-accuracy per-class: [ 77.5486 53.4836 69.6121 64.4821 71.6368 65.685 76.6086 53.2787 64.8557 67.8201 85.5572 50.1818 68.8 79.3599 45.12 46.4413 12.285 53.8795 59.8878 72.7621 80.0512 12.0635 74.7573 67.9752 75.0559 71.4169 16.2371 67.0429 47.2797 66.1255 69.9836 58.5911 71.9439 73.577 71.504 65.0525 80.2441 57.4074 72.2759 82.4117 77.7064 32.9154 76.9415 62.4506 72.3783 71.308 50.1211 67.6845 81.6048 78.3931 69.6523 5.30973 75.5118 55.8476 79.3421 34.1889 80.8413 45.5738 81.2632 64.4096 48.7335 52.2325 62.3813 27.1592 69.4938 64.9903 48.0226 69.0654 15.0407 73.0046 73.7808 63.4914 44.905 11.4478 51.8519 76.5752 66.5574 57.7812 24.5928 55.0152 72.892 52.6971 78.7443 1.4218 58.1375 77.021 60.9936 75.6837 15.3061 32.6782 50.744 48.7285 48.9809 50.8026 24.2991 72.0363 65.2618 49.9039 69.3642 7.44921 67.162 69.2825 53.0588 79.4765 17.5676 66.9502 80.212 78.4179 84.2174 -nan 56.7587 40.1835 45.3398 60.4784 16.6154 76.5234 10.0604 63.5826 71.6057 64.6709 68.5466 -nan 18.5259 79.28 59.761 62.1134 65.5367 70.4032 69.0602 19.5294 65.3141 29.3827 82.2566 85.7143 42.6925 1.3986 18.6306 80.5071 78.0229 46.3235 76.4584 55.7748 47.2988 73.4835 69.0638 59.8303 70.108 34.4932 86.6038 58.196 68.1976 51.1388 52.0799 27 63.9464 69.4258 42.623 79.4994 46.2963 35.5 79.4145 40.7295 79.484 -nan 81.8226 46.4986 78.3186 35.4331 18.0905 78.3621 56.7734 84.7159 80.0745 33.9332 53.1114 -nan -nan -nan 80.9626 72.4532 63.7778 86.6642 0 43.1996 44.7075 82.0093 51.8333 33.3333 84.4304 77.7203 44.4293 71.1351 12.7907 75.4246 73.0515 71.3121 53.2351 59.6086 32.5521 63.0534 71.8208 52.2634 68.5937 -nan 62.1747 76.0527 49.6241 76.3385 -nan 78.5865 71.5208 20.2454 66.07 53.0488 60.8819 29.3086 36.0173 75.0623 77.4886 90.2856 81.5767 37.5457 61.3312 34.4913 83.7987 56.8824 76.3138 61.1212 79.9774 86.723 69.1037 65.9027 28.0568 72.6852 76.2626 40.6172 70.8987 74.5717 67.8245 79.5689 75.5058 72.093 83.3872 86.0973 54.5898 73.96 87.3776 49.5314 82.548 71.1442 58.8037 69.2771 79.6979 39.8707 63.4921 65.7263 68.1256 46.6946 84.5137 79.2547 62.3223 74.4853 63.7568 49.961 61.7137 57.7279 78.3425 82.4377 77.8316 54.7836 52.2965 82.4425 79.0936 48.7464 59.5756 59.6633 89.7247 65.4804 79.3407 59.2384 56.3488 60.1064 57.8482 67.3996 50.5814 64.4024 44.1188 68.3346 78.3496 43.297 53.8897 70.3494 47.0588 62.1655 72.361 68.8836 47.8168 59.9283 72.8114 77.5988 58.2645 59.2313 62.1583 78.0599 57.551 54.5269 38.0608 56.9588 57.1008 62.7178 78.4884 57.2375 70.5258 62.7468 57.9167 64.808 59.3629 68.5298 70.5068 52.8335 66.699 71.9139 36.116 72.4308 65.376 50.7132 58.5799 77.4071 69.5767 41.1851 79.8387 57.8947 76.1601 67.1703 57.1211 64.191 71.1378 45.5139 66.6576 65.001 29.4308 69.2778 56.5239 59.2848 84.9554 73.3491 61.4322 56.1546 64.0726 45.267 45.1613 68.3745 69.6456 60.1099 70.4911 40.7848 24.4275 72.6049 82.4841 66.6859 67.9134 89.7436 83.5398 61.097 43.4259 49.731 43.9595 50.0613 52.1851 31.5601 56.0888 43.9572 73.6335 54.8596 76.1643 60.5634 82.2059 42.6165 79.8061 67.2048 79.6132 72.6993 80.1223 69.402 70.7581 78.2895 54.5775 60.9137 78.6503 77.0073 65.2361 65.7547 69.3821 85.0144 75.7194 75.1119 58.0381 84.093 84.601 57.6923 76.506 61.4393 66.691 73.6364 79.3103 69.6349 69.884 37.7241 75.9189 72.7026 54.2607 54.1667 71.5545 49.2358 65.5479 71.6751 62.0513 47.9386 73.9445 27.5782 75.2478 52.6378 47.974 65.3995 66.568 61.6268 54.389 43.4783 69.6583 78.8842 54.0664 36.863 40.5464 62.3412 77.9692 57.2101 66.7666 56.4917 43.6761 72.1005 71.9525 82.2724 32.7225 29.305 62.1166 46.9754 27.6894 53.5843 71.5494 56.2352 77.0476 44.9112 75.4041 36.5079 65.4353 60.9898 74.2068 78.3992 43.6464 63.4101 58.0038 37.7498 72.8462 68.0172 72.2674 74.3006 76.2818 51.3389 55.2716 73.8241 66.6667 44.5378 45.5458 53.0343 59.3261 70.7843 46.5401 66.0114 45.7801 62.9118 68.3352 62.8821 87.0948 89.3998 45.6611 31.5652 66.7134 74.5919 70.3131 80.8198 46.6087 65.8023 69.7941 52.1071 52.6912 54.6371 38.1874 42.0514 72.1458 49.8647 68.1367 41.1959 24.9624 83.5481 72.3138 44.4737 74.5854 70.6571 65.4982 61.778 77.3438 70.073 66.7939 41.7166 45.7883 26.8474 56.0887 56.0653 52.3166 71.7711 47.4464 69.8814 56.2771 61.0752 54.4036 39.3897 69.6519 53.7688 37.1955 80.0826 75.0966 55.3151 66.9916 36.0577 43.1155 47.4566 73.7757 65.1899 57.8947 65.4457 32.3977 58.7374 52.3573 77.8697 87.1866 62.6153 78.4104 67.1128 72.9951 60.819 79.5491 78.8767 56.3768 49.3834 26.0745 52.7986 80.1688 67.6259 78.2394 79.4521 70.1547 71.2357 71.3832 81.5689 68.9246 41.1656 78.9404 63.1629 49.7169 45.0855 75.3401 69.765 40.8567 41.5804 67.049 79.438 49.8901 34.7872 57.8453 46.6889 81.4007 58.5642 68.6082 80.7527 69.2015 70.1847 44.2003 79.4894 51.3899 64.2202 53.125 61.5907 73.2093 74.5279 76.3462 81.4331 52.5424 49.5641 83.0343 68.2086 79.2648 53.6638 74.6294 61.0909 78.2953 70.1681 74.6445 81.4542 68.0109 78.756 59.3894 64.4034 38.0531 49.94 44.3601 34.197 59.1037 57.9385 77.8986 54.5348 78.7846 26.491 89.5356 37.234 67.5641 70.2367 60.9264 77.4635 58.7835 60.274 41.7417 61.7969 81.5351 40.138 53.8246 69.2764 67.5946 71.3469 50.5869 50.5461 70.6335 72.598 38.1637 66.9956 60.1151 68.287 75.9346 65.9574 68.4801 73.2402 53.9737 60.5823 80.3218 42.6237 50.7538 74.8006 51.8687 67.8625 57.0265 63.9243 57.2219 65.0169 68.7943 85.4218 20.4054 56.8593 29.5928 29.7305 50.1285 57.9439 64.4434 29.3276 63.9133 59.5989 67.1285 61.926 78.4802 19.4805 62.8514 36.3514 63.4448 63.1868 54.0965 15.6954 66.0307 68.0768 40.9579 71.9595 77.5457 85.1895 80.4595 75.026 82.5756 71.5464 64.6565 32.3587 47.0837 62.1295 63.308 61.6791 70.4622 59.4885 82.9421 62.7284 69.7032 41.8327 50 66.1247 42.3893 50.0634 65.03 76.959 56.4319 92.0239 65.331 72.1591 79.4618 57.4439 61.6541 59.8793 71.0988 70.8475 53.0679 74.1784 86.1809 66.8778 46.6912 69.0991 59.9206 75.7443 31.7695 43.4095 57.1429 63.2894 79.1238 58.2006 55.9778 61.6508 63.3621 76.7553 40.8291 72.5662 76.2887 86.714 53.7644 82.7281 64.5653 64.3333 54.7619 50.1218 79.5003 69.9151 78.4325 50.9945 67.803 86.3197 71.9082 60.4102 76.446 71.2289 71.0336 49.8252 82.1616 83.1541 58.3174 63.2013 79.3033 52.6163 80.0813 50.655 61.2527 50.2545 71.8714 73.0455 70.1583 73.0306 71.4597 31.9843 75.2632 58.0351 56.3884 72.953 48.7275 59.1981 57.9431 59.4317 56.3099 51.9042 69.6179 62.5963 75.8675 59.3333 42.8369 70.2602 71.9198 88.7716 61.7105 64.299 75.431 76.8034 78.0515 55.909 69.0418 69.2845 77.258 82.2735 72.1001 43.8956 50.6173 57.5862 52.9745 78.6488 65.1307 16.6012 66.1871 72.1037 54.3058 55.0709 67.4807 71.3172 33.9001 49.4915 67.9115 27.2727 65.0641 72.7273 46.2756 52.8537 80.3702 69.4795 62.7932 81.6677 65.9568 65.1108 68.2331 63.6503 58.2112 54.6616 87.802 79.8494 54.717 78.6425 68.1622 74.0925 68.2462 75.0802 30.8901 60.0216 70.256 42.1463 82.5316 80.4829 73.9284 77.0188 72.1466 83.6161 76.1573 39.3939 65.3348 46.9027 58.7342 74.0108 83.669 42.8465 77.8322 74.0925 76.0498 67.8571 41.4702 63.747 73.6307 63.6643 54.461 41.0795 60.443 79.6843 40.4762 79.1315 42.6555 56.6176 82.446 53.3457 79.6625 71.2238 76.9708 82.5901 78.7565 61.5761 68.2558 66.9853 72.117 72.5594 66.5158 66.3627 73.7736 72.6186 49.6774 38.0209 36.6642 15.9817 63.3614 9.36073 44.1379 67.0886 65.6962 63.8577 71.6025 75.9318 56.5151 57.9812 61.922 49.2754 24.933 64.6393 57.0716 66.3866 86.0246 73.5664 70.8425 74.5549 78.2573 37.6089 60.6154 31.2704 70.1526 81.2361 57.0658 82.7522 82.6257 85 61.5785 82.2391 79.949 65.9697 5.15464 57.9686 57.7381 59.1089 10 87.8353 67.3617 71.3644 54.4952 77.2762 58.7597 62.1904 67.5985 39.8764 67.9475 70.9875 62.6502 73.0019 61.7703 68.8083 67.2727 71.915 70.5882 42.3249 64.3641 73.6527 85.2941 76.7186 69.403 64.0436 61.0965 63.3831 67.3657 66.9775 62.2258 59.2881 74.5836 75.1395 41.207 38.9496 74.1798 65.2794 61.039 72.2146 76.4547 34.5732 66.6421 45.6628 50.504 33.5653 64.714 70.1873 76.6355 74.1379 77.7458 75.2941 67.9751 50.2239 68.7363 72.2097 38.7187 77.6168 33.6279 69.1726 53.3903 67.9286 60.6455 62.6432 50.1042 52.8169 63.0911 62.1101 66.4975 54.0128 52.0179 39.5245 36.4376 68.8689 69.3793 78.8922 60.3153 78.4362 75 72.6815 62.5899 13.6259 75.1701 45.5076 73.2692 64.0707 26.2083 72.9167 64.3216 50 41.5363 74.1526 54.5398 47.3582 54.6624 63.8498 76.0927 67.9712 51.5385 72.9395 68.6111 63.7255 57.3422 81.9174 65.2794 64.7258 73.105 46.5069 77.2655 83.3127 60.5166 16.1677 43.3333 64.1791 61.1068 72.927 57.4614 56.0544 45.981 54.2533 57.2102 73.8918 67.1329 78.2926 65.9181 67.8571 80.875 83.2393 70.4475 71.9393 59.7376 75.7739 83.1255 49.0705 58.5873 51.7857 75.6274 65.537 49.3178 82.3115 57.9625 41.5428 33.1795 43.4256 84.8763 39.5575 67.1556 23.2902 53.0474 62.0123 60.2349 50.2948 27.0153 69.2112 75.4458 52.9316 78.273 60.125 72.8989 67.13 42.9549 47.9281 42.1569 51.4683 60.9206 50 20.2041 64.2468 62.3327 52.2822 59.43 73.6573 57.3811 58.9459 61.2889 42.0091 80.804 43.1959 72.912 59.4291 47.2471 40.4113 78.6044 69.3548 84.8107 74.7967 53.9877 81.9807 53.8542 75.9635 62.8718 86.5641 70.2661 69.0931 79.174 56.2028 79.5142 61.8406 60.2304 71.4498 83.1644 59.5905 34.3518 71.3718 64.2713 69.9975 9.16335 70.4969 69.3026 57.9016 69.3448 52.6882 62.341 67.2344 44.1423 59.1168 84.4431 69.2829 79.1121 69.5367 60.396 60.6897 75.0151 78.9317 46.4853 70.3368 73.7924 61.0134 57.5249 63.9004 72.5806 55.5448 69.556 83.7405 54.5203 51.0465 59.0567 70.6147 56.7618 66.018 73.8506 49.0385 66.6184 28.7749 44.075 84.758 80.4411 52.7013 66.1017 59.6884 60.1562 48.9347 65.7397 74.0362 72.1067 47.6673 66.6181 64.636 72.9127 58.3669 67.0561 73.2055 69.9617 38.8312 71.918 65.7016 51.6484 59.2742 76.009 60.9284 69.7267 46.8276 45.2278 70.7825 48.4211 62.747 62.0392 67.2752 65.7606 68.0289 79.6737 66.5362 68.1507 81.8767 69.0542 72.1842 30.531 67.8547 71.7727 74.8391 58.1921 31.2245 71.0292 80.4444 58.8124 84.6283 79.1504 74.0288 79.7585 74.7978 77.9796 61.0056 35.2332 41.0023 65.2349 3.30579 64.8687 83.1933 80.6909 73.732 72.2091 75.7697 72.838 3.75 80.4639 68.3453 66.7286 74.0933 76.6373 63.2479 58.0508 64.6259 64.4719 52.2804 82.2833 78.6158 61.0127 66.9866 72.6595 58.6577 53.6645 50.2809 74.9865 52.3862 45.1977 78.8469 55.9214 55.8685 56.4467 59.2652 75.5276 53.1328 57.7057 72.9569 76.2587 70.9091 44.5589 45.115 72.9167 63.418 60.5055 51.506 52.5633 71.869 63.4783 51.1538 79.9466 56.2543 54.0037 60.8 47.1624 21.0356 79.5812 46.4968 76.8212 41.3821 72.6491 28.8323 56.25 59.9593 79.1367 39.1534 57.6284 68.4351 78.3276 72.0146 22.8395 58.5619 37.7273 43.8379 71.9747 34.0811 52.8455 63.7845 53.1401 63.1164 7.14286 54.1102 10.0478 75.7456 76.107 55.6735 84.4931 33.5271 14.0962 40.813 65.7744 52.0245 91.4519 71.0679 77.2091 85.3532 53.2739 54.9933 44.3414 65.9676 69.9017 42.9179 50.1613 72.2304 81.6007 58.1345 78.2972 38.2764 69.8682 58.0848 55.093 54.2271 60.9756 74.6356 50.3182 75.9867 76.1304 74.1479 69.2688 67.1648 37.0089 79.0369 54.7875 62.2007 67.4354 74.01 65.7219 83.4673 53.2374 53.6029 70.5491 57.7354 82.6108 59.5216 71.4681 67.0412 61.9382 60.5398 45.4305 71.3941 70.0673 51.9444 53.4694 73.8641 60.5602 85.8644 63.3388 69.9129 58.6942 57.5408 50.6716 58.2775 72.1042 73.67 59.9806 34.072 63.3734 76.6486 73.1748 51.2024 62.4504 64.5635 69.9115 57.5972 77.5048 45.6934 72.305 71.1765 80.4049 78.3977 70.3734 73.9007 71.2598 77.1562 82.8947 63.8845 29.9419 64.8432 53.6082 57.3731 78.6396 40.0487 71.5132 76.4384 71.8806 73.0123 74.1775 67.2749 73.4344 74.24 79.7001 60.4167 72.1771 70.7975 50.2857 73.673 46.0067 62.7045 66.875 41.6388 44.0373 78.0789 70.1439 61.5385 59.4864 71.0656 76.5444 71.5951 87.4636 83.2729 54.4025 53.0303 68.3553 59.0299 60.1626 56.1158 48.3453 55.7416 64.8241 54.2945 72.5694 57.2877 56.2224 71.3547 66.8555 42.2607 40.7721 42.8941 72.2127 54.689 80.077 61.8219 38.9335 73.1132 82.3383 52.9628 31.164 60.6437 72.8019 53.5685 79.5751 85.265 4.49591 52.0349 59.5821 76.0163 64.3184 70.6897 76.4468 63.7462 70.5933 84.2366 64.6641 43.9203 72.1352 41.9913 65.5605 78.6953 71.1373 68.1452 59.7753 62.0247 75.2571 56.9285 51.292 61.0408 67.4236 68.3748 26.6332 60.2348 68.8195 76.278 49.8941 41.528 60.1825 69.124 61.7404 55.5721 81.2064 22.5439 67.6942 24.7449 63.4167 64.4703 45.7962 66.9468 65.1994 62.1183 86.4311 55.615 72.5362 73.3469 53.8726 48.5161 79.5252 70.0276 65.0246 57.2917 38.7347 62.8608 42.1452 61.8251 47.3934 59.8864 45.1478 67.0604 62.381 65.8153 59.6234 48.4698 57.4775 83.3986 81.2062 45.9259 50.3765 16.962 70.8567 71.3701 69.1584 60.9501 56.1441 29.1628 80.5991 81.0453 54.5541 71.7042 59.6512 63.434 46.3453 70.9768 77.1072 75.1361 69.3569 61.2536 72.3433 77.755 72.5533 55.0025 40.6139 42.0955 67.6005 75.2352 78.9162 65.2858 34.5032 82.4896 30.9063 56.582 50.7488 53.967 48.913 53.7065 42.152 33.04 77.2321 38.2075 75.6786 72.6671 77.8693 58.3799 81.6901 62.744 47.7068 67.1658 69.557 56.8738 72.8605 67.5708 57.9178 36.9347 60.3797 68.1849 67.8239 76.2958 83.6124 47.651 70.9257 64.9461 63.8111 60.5396 59.1232 45.0355 65.4752 34.8158 83.8617 71.6846 58.5216 51.771 44.868 61.6325 60.7187 69.9931 71.2636 37.3041 63.9066 71.297 61.2965 85.8831 59.7325 40.7954 44.306 48.2791 54.3375 71.6718 35.9202 68.7937 54.5346 66.3912 68.3577 40.3731 47.4093 69.5349 65.6224 61.086 69.4153 67.1985 56.3492 72.7679 75.7066 87.1894 64.6766 55.5661 68.2069 66.8987 63.1845 81.3159 64.6127 71.8494 62.3989 48.9899 63.8187 65.8647 60.4444 49.1279 50.1074 60.0905 40.7314 52.0814 40.019 76.9444 69.5603 63.6923 53.317 78.4355 60.2353 61.4638 55.9369 53.3672 52.2881 75.3485 83.3282 58.9619 74.8145 62.5261 62.6168 73.5894 50.8721 69.3171 51.3034 61.393 73.0992 60.4738 6.98413 80.6383 31.0112 57.5491 52.267 57.7165 28.2848 61.9245 63.1486 12.963 63.5863 52.1565 60.5769 49.8786 67.8855 66.3571 58.3264 48.254 44.21 71.1681 61.5179 68.1818 68.7937 69.7641 77.5962 46.102 60.9729 69.1114 62.3714 64.7106 51.6575 50.8186 53.139 55.5228 75.1617 61.919 46.1367 87.1063 65.256 67.6073 67.124 30.2376 61.3569 61.2684 58.4615 56.325 54.4944 51.4773 55.0058 63.2524 66.1274 34.5517 52.1521 63.2784 66.1838 34.5423 55.5701 59.5262 62.7502 86.1619 66.9043 63.6177 50.6276 64.839 51.8519 68.8161 71.5633 72.2724 82.5737 69.9948 32.4228 63.4006 73.4588 58.1629 56.5677 52.9501 43.6782 27.2727 56.8612 68.0867 81.8979 66.9992 68.7039 58.2328 61.1257 59.0989 63.4146 57.2087 65.7735 59.3354 58.284 59.6603 47.0291 59.0278 70.2258 71.2961 79.267 66.6667 57.3013 78.8436 61.5961 68.4866 41.0811 65.9794 79.3429 49.0385 72.3198 54.7643 76.6875 61.0277 52.4917 18.0247 69.7319 54.6344 67.9104 67.8261 50 64.5634 32.3729 13.5246 66.7482 54.068 68.5033 75.8446 69.9856 62.3361 41.0979 55.6522 69.1715 52.9833 68.0174 83.2428 78.9364 60.9572 58.0907 55.7613 35.5725 59.636 46.9903 50.8197 83.6428 60.044 57.0428 73.3663 11.6162 72.3828 75.734 64.7226 72.9302 33.0201 38.9683 51.1886 80.4685 53.6676 50.4127 86.9961 75.0291 77.2361 66.1947 79.6358 51.1037 76.2743 61.8449 53.7288 43.5407 46.8712 61.1782 83.2353 70.6647 67.5578 38.3 54.717 78.1965 48.4252 60.8833 72.3566 80.0441 74.0704 80.6112 55.4247 49.8355 71.9006 77.1626 65.2241 76.5192 67.6032 39.2877 47.4623 63.2905 79.0052 47.0458 65.8537 59.4111 63.5306 62.2543 64.6154 56.058 83.3969 83.4775 55.7164 49.6795 80.1359 55.2326 60.5413 39.4892 75.7155 62.6168 60.0666 59.8754 58.1421 68.0321 73.9816 66.494 54.9642 66.933 73.0426 38.8456 44.0367 48.3824 64.9715 73.54 23.09 80.1134 64.2169 51.5097 57.337 44.2254 55.4969 61.9686 59.381 57.0992 81.0911 59.7064 68.5325 73.9496 54.3222 72.1489 74.4884 50.2189 62.2704 58.8867 52.0821 48.2178 64.9539 61.704 87.2045 49.7518 70.9802 56.2112 42.6877 70.7036 53.6944 57.7054 70.0668 53.0523 53.9112 46.0576 40.8072 29.2181 49.2678 58.5434 57.7946 63.9854 70.8814 71.1739 76.7614 40.5916 80.6648 47.2574 73.7454 52.1907 18.1661 52.4788 42.1138 47.6699 79.5386 56.7213 60.9282 57.3059 79.9011 14.3072 63.0499 68.309 69.0678 53.0116 38.7455 19.3676 67.638 65.4329 57.7417 79.7113 53.0529 70.8333 68.8338 77.4343 40.9988 51.6616 64.281 52.3355 64.4699 68.1648 52.4781 71.9527 81.0149 46.9534 62.634 58.0508 75.0484 46.988 50.5415 58.1267 52.4479 79.1486 63.3388 31.2281 60.6181 56.2366 76.0736 59.341 60.1064 58.7329 43.28 49.9685 55.836 79.9097 42.3611 49.2007 62.252 46.5534 62.533 59.9585 75.7294 67.9213 61.585 32.0598 85.8682 81 62.0717 52.6348 53.6599 50.0877 32.5798 47.1092 43.5583 45.0549 53.8204 62.4417 27.4924 72.9266 52.7679 63.8384 61.9259 63.4366 65.0857 68.5142 47.2588 43.1789 64.5558 73.624 53.2414 53.9185 43.3277 53.578 72.956 69.4805 37.1314 75.7426 66.8616 71.8113 80.7143 47.0916 62.3557 59.2233 62.6776 39.2673 59.6206 71.2113 63.8134 64.4599 19.1729 60.6221 46.383 68.56 56.2416 76.423 49.7106 51.1834 55.625 38.036 62.069 31.7052 61.7739 60.4772 33.1148 68.1237 32.8446 54.7842 50.1251 45.8274 69.1358 74.4741 27.0428 61.2161 67.9305 49.2462 59.4295 52.9354 77.2882 71.4976 56.4899 42.4386 77.8334 45.7067 63.9648 64.8294 74.0167 47.2454 18.2716 67.3118 42.08 58.279 52.6934 60.4621 70.9332 54.9075 68.3173 51.3126 58.794 67.4727 45.784 74.9448 69.0972 80.4779 70.7399 63.3657 75.0775 60.8575 44.6541 54.8205 78.6712 68.9441 51.7156 64.7177 65.2174 58.479 48.5328 71.0459 74.7332 67.5769 80.7144 50.2606 65.5247 73.2984 63.6591 66.2037 62.5415 58.224 72.9494 63.465 55.3389 64.3836 66.4329 76.2029 70.5959 53.8585 53.2073 63.3072 67.6363 36.8046 46.5827 72.8833 60.2646 59.7855 70.0379 82.9137 72.4719 58.4544 62.987 64.8752 64.0407 64.0919 73.2687 61.8844 71.8972 56.0595 61.167 51.8248 52.6965 70.9756 59.8739 35.2792 71.0808 73 61.7391 60.0676 49.1667 83.3972 59.53 75.9721 70.1817 67.6364 59.9064 71.6554 60.771 55.8451 45.5266 65.9255 82.7604 45.3767 59.3645 49.5345 26.8382 61.6813 53.7378 49.7638 52.0343 61.9983 64.24 80.4397 52.9837 57.7128 58.429 65.1368 46.4014 23.9087 67.6294 9.33014 48.8185 58.7122 83.7495 47.2855 60.2782 75.4703 75.8503 80.3482 58.4759 61.6493 69.4728 60.3306 43.0798 72.9961 65.6109 58.1744 65.748 63.4183 37.8935 64.2241 49.0374 83.5714 55.5671 63.6535 73.7589 11.3274 59.8213 47.2041 83.4384 39.0504 49.2338 54.5455 71.0068 67.3488 55.4037 63.7584 63.8298 65.8947 62.8323 56.2 51.7485 55.1306 70.0117 76.8421 52.4611 58.6283 71.2178 33.1733 63.0529 68.1557 68.8107 61.0215 51.5789 61.5017 59.0956 41.2267 58.3418 69.3399 64.4584 47.9882 54.1275 54.6732 56.734 48.088 83.0328 48.723 57.8924 74.9273 58.3162 63.1441 71.0541 45.2394 71.0383 64.1065 66.4451 65.9608 75.4572 38.4789 8.75203 51.5235 43.9711 63.2536 72.8086 71.867 60.5315 48.6312 72.1739 71.7765 45.1876 53.7326 75.4717 69.6247 52.8199 43.3476 59.6952 65.407 75.486 43.75 51.2136 53.7455 49.0675 67.604 68.4783 72.1609 77.6119 63.6257 79.5055 59.2456 61.9048 53.1359 64.4519 62.1825 42.0567 69.3743 55.0328 79.8161 59.7087 65.3646 64.9329 68.9451 33.4755 43.0962 59.7363 69.4404 49.1289 75.3449 73.6877 34.8649 43.6119 69.4239 62.7943 44.1732 61.4997 57.4132 46.8867 49.9106 64.1913 66.8825 53.1997 65.4812 37.037 65.2466 73.0201 63.4621 48.8029 62.415 74.7223 49.0232 58.2621 67.1321 65.1846 59.0547 82.0318 61.0828 49.9361 52.2022 77.4652 16.5913 50.9795 46.9197 65.3961 65.4313 66.9983 57.6 54.8902 75.1399 69.3264 44.9145 56.8579 48.8506 57.4283 38.5255 57.529 75.4005 81.6641 51.2081 50.5969 89.7411 62.3561 52.0432 37.4901 67.1437 72.041 64.4212 73.2978 66.2591 58.2185 52.9801 62.1395 63.2078 44.4186 78.794 48.4105 48.0259 70.3075 50.6215 62.0836 68.2704 39.0032 49.7159 71.7766 72.2206 56.3244 53.6189 47.5451 56.0172 65.7993 67.6942 71.8321 71.7874 63.0506 47.1643 63.5084 59.0014 47.8891 65.9854 77.2774 53.0912 50.8547 74.4686 63.9556 78.481 56.8715 41.8006 56.3953 75.7037 41.449 67.3764 52.5581 58.5923 70.7071 76.5371 51.0358 48.4171 66.4 71.6861 69.1005 61.4297 75.7728 72.9909 65.1542 78.9451 74.4498 75.5059 44.1388 57.5677 73.1828 64.2449 69.441 79.3103 57.9176 55.4258 61.2262 74.3736 67.9418 33.7641 79.4575 63.4085 58.8097 64.3434 50.1044 33.7958 63.4898 66.2169 56.4417 57.5435 74.3854 72.9306 60.6204 39.7759 63.6158 71.94 55.3711 57.6419 18.2278 64.2183 64.6927 56.3725 72.0026 58.194 77.9716 60.3662 71.4622 57.571 77.9979 66.9841 60.5761 55.0879 63.5488 63.1258 39.8509 63.0525 55.2074 68.0421 65.2027 69.2857 71.2511 62.7796 71.2578 78.2804 36.0933 40.4663 60.4255 66.9508 55.8089 7.1875 81.3275 52.2449 60.396 65.148 61.0195 73.5537 59.0829 65.5251 60.685 48.8073 62.9663 70.4172 49.0789 65.1779 51.0358 64.6 76.6314 12.4688 43.3809 5.19481 80.1013 59.9359 32.8696 70.8629 67.8904 51.3091 56.8664 65.3486 52.709 81.0682 48.0769 69.8225 37.947 63.8013 62.417 84.4081 71.2793 65.4777 63.0092 69.6451 60.1471 78.2213 53.3037 47.0878 54.8454 66.7848 56.2284 50 40.1244 76.1774 50.8893 49.2212 74.9829 40.0982 46.8951 71.2572 47.9518 62.0883 53.6928 53.3943 53.8689 67.1152 60.1449 60.4863 60.6134 69.2516 58.804 69.099 61.588 71.9531 55.6992 54.3311 54.1264 56.8566 77.9766 83.0431 67.208 57.0728 58.4027 50.9239 56.457 60.5232 70.6355 72.1512 72.1875 64.8664 82.6199 55.2486 56.6265 65.6288 77.1181 69.0037 46.3642 62.1275 58.9323 78.336 52.7172 72.7186 67.9725 72.134 44.4898 53.0086 70.4077 57.9898 64.4176 75.6877 67.6773 60.8943 49.0539 60.4195 60.2 72.9452 66.6667 35.4408 63.4576 50.2967 56.3778 35.1254 52.7413 74.6165 46.3415 76.5588 61.6279 85.8946 59.48 54.3551 30.9598 62.4464 57.2498 77.9343 58.7697 49.345 79.863 76.9555 52.5826 52.2227 51.8038 52.0785 70.4846 83.1789 56.0622 59.8798 56.2044 54.3307 54.2577 73.4621 56.6009 27.6779 36.4399 78.1272 69.2899 52.913 60.323 67.8236 17.9191 62.5645 70.9223 34.9501 58.6675 71.3969 57.2266 41.0882 32.7635 78.4463 59.5238 78.9076 43.2042 63.7625 52.6316 55.6397 38.4045 61.8653 62.5434 57.9725 67.8065 73.1405 52.9876 75.2174 66.9441 50.7152 51.0549 55.0079 62.4929 76.166 66.6667 65.0829 59.7009 72.8654 64.1237 57.4686 63.7673 65.4367 59.3707 78.7898 64.1732 47.9407 56.8032 74.2471 58.9217 57.5264 90.3896 55.8685 76.4103 56.1036 73.4328 62.9669 49.6408 51.8809 58.4473 37.0651 47.6116 40.8946 57.0915 65.7364 50.4786 77.461 65.6889 55.5347 67.3942 79.4075 73.463 69.8957 77.1883 68.7079 40.2102 57.4606 56.6215 28.8571 70.8423 53.2522 38.8535 58.3095 33.8261 47.3301 69.5625 37.2727 51.4524 36.278 41.9811 65.2192 80.4878 74.5349 57.9979 79.5717 78.841 45.7569 61.218 68.2016 55.6566 53.7572 56.2731 44.971 67.2588 62.8818 55.0897 67.7026 55.1109 63.2625 53.2084 48.4822 52.0391 56.3318 61.0374 53.5868 49.9647 47.8973 68.347 42.3611 61.8602 53.7424 68.0764 56.4951 64.9316 47.7414 36.1982 50.2769 47.4696 83.4068 53.1588 47.8611 58.7875 58.9933 46.5572 37.0443 28.8835 45.8012 61.9617 73.6414 65.3214 49.4772 53.5874 44.4788 67.2087 29.2367 30.9886 39.961 32.6599 68.6618 62.7514 56.5517 57.4339 65.4925 71.3193 54.0261 47.8851 52.754 55.8866 54.4092 58.2097 59.1413 37.7968 58.0074 61.3507 62.8726 59.9152 77.3825 30.6186 80.5284 58.3831 44.3831 49.8967 57.9981 54.5714 48.4551 54.3963 65.0564 56.7096 46.7005 62.8941 65.5449 32.1117 48.0185 65.6106 14.5725 67.1618 59.5416 55.3977 69.0892 52.0924 56.7061 67.9805 55.5611 66.708 60.4775 54.9389 45.2442 61.6987 58.3026 78.1305 61.3666 54.0659 42.0821 55.9462 55.823 49.6283 77.6621 63.5681 56.5138 60.5997 51.819 65.5705 68.8141 37.0248 57.9975 63.7768 75.1485 70.9124 83.7597 57.9041 54.8872 70.5113 74.6856 48.2486 67.5483 62.2815 63.2141 58.4158 47.8261 53.4302 35.0376 59.4667 59.7076 53.8881 42.6223 51.7142 55.6004 86.7073 73.3607 38.1107 42.5476 53.966 57.8088 60.8618 57.8059 51.9955 74.5721 62.1611 42.3631 60.9157 79.2125 49.0664 47.0862 61.4238 58.426 48.332 59.283 64.8089 53.8601 59.7681 54.8476 70.7625 66.1979 68.4958 76.004 51.1126 64.1379 48.1777 75.6979 67.975 68.172 56.5256 54.1234 74.339 75.1687 49.6558 52.0256 59.0592 65.3736 49.8586 66.1426 52.2293 26.6798 74.9396 63.3469 73.3898 33.0368 24.7899 66.7596 60.7498 60.9394 79.0469 49.8273 58.6207 62.0297 45.438 57.5038 43.2857 61.7778 45.9378 37.1604 61.7997 74.0818 54.3425 41.4258 55.1607 60.3788 44.0896 60.6498 47.181 38.7845 54.0829 56.8302 48.0344 35.1839 61.1898 41.9038 46.6889 61.9251 40.8537 59.6338 49.7925 65.2316 59.2019 44.6976 55.8464 60.1618 62.2264 45.6217 52.9094 70.9059 54.0404 45.5429 43.1607 57.1206 61.3023 59.7403 71.4151 48.798 61.4475 57.8182 60.5792 48.7777 64.5631 52.8081 59.903 59.2168 43.949 62.3824 44.8971 69.1162 43.346 62.1681 38.488 62.776 73.1908 52.3129 70.9677 57.8658 59.2686 48.0392 51.2674 57.9156 35.7362 49.8324 56.3913 48.9488 37.5 48.3808 58.6691 50.5828 46.4358 44.7525 62.9252 77.3384 51.7413 67.4951 51.3784 55.6669 54.3637 75.4538 40.3444 38.1926 61.7331 39.0625 32.1674 66.5618 44.1427 41.6667 54.6049 57.4656 41.7053 63.9018 56.0791 64.3891 68.6452 46.7266 53.2162 40.1575 58.7122 55.8511 48.7236 55.8598 49.7326 45.8894 57.1232 11.4583 76.081 55.3889 65.1777 58.6415 67.3684 54.2435 58.5683 53.7415 71.9265 66.6179 51.6139 43.3198 64.5492 10.9589 50.2629 75.1868 56.2576 82.1024 63.7337 34.1421 66.4761 62.839 73.8925 51.963 68.5271 59.2406 68.2159 63.6763 54.7619 50.8696 45.2109 61.0491 45.9354 16.1932 57.7437 54.3478 81.5756 66.918 60.0619 66.0224 61.3371 56.9121 59.306 63.7768 33.7983 52.7308 57.5864 47.2637 61.6346 62.9436 70.8995 58.6538 57.9525 63.0151 48.7421 80.3173 57.6181 78.7795 41.8886 43.3418 41.8367 40.2159 56.2112 71.1602 53.0135 45.018 41.6667 51.1229 54.4416 70.2252 56.5468 63.1234 61.2669 53.3028 14.4029 51.7544 47.8009 66.4245 38.5493 65.6818 53.8462 32.8581 77.8577 47.7419 59.2652 8.6629 42.0081 62.1891 53.913 56.2033 49.3431 43.3827 52.7033 64.2841 68.6052 69.0535 63.1336 35.3541 55.5785 47.2993 68.2189 45.3589 76.453 69.8587 37.3037 48.8922 59.6708 71.9281 60.1258 61.3281 5.78512 67.7512 45.3682 60.5168 56.5743 56.08 56.6534 59.3126 51.7477 25.8993 58.8966 73.0337 48.4129 64.4144 41.8345 67.2253 53.3619 41.9976 60.7422 61.4225 73.3784 38.245 39.083 42.3542 68.8192 34.7826 11.336 68.8518 49.3714 59.8346 56.3415 47.4582 50.3836 52.6259 68.9667 81.8015 48.8842 58.3634 50.2307 56.7422 69.837 54.1307 82.3306 49.4888 58.5278 57.2449 67.6432 61.1269 56.9279 70.3704 60.1543 44.4037 66.7239 35.7349 53.8165 66.8835 56.5657 75.8162 37.9501 51.229 60.0146 45.9104 22.3565 57.8566 60.4993 60.6218 74.3779 69.1622 20.2941 75.286 23.3333 52.2796 66.7876 59.797 65.9193 68.7852 59.6565 54.0616 59.3583 69.1454 49.3554 69.6262 44.1197 47.225 68.1024 46.4698 56.9465 59.3284 72.0038 63.1707 49.187 62.1693 0 20.7439 70.2083 71.9578 43.9518 66.1194 62.0807 22.2 30.2269 50.2427 65.6714 ]
LOG (nnet-train-frmshuff:main():nnet-train-frmshuff.cc:367) AvgLoss: 1.04536 (Xent), [AvgXent: 1.04536, AvgTargetEnt: 0]
progress: [1.12233 1.11633 1.08251 1.08661 1.08788 1.08202 1.07012 1.07369 1.08173 1.05367 1.05992 1.05194 1.05636 1.02103 1.04025 1.03583 1.0327 1.02137 1.0041 1.00638 0.996904 1.01712 0.98598 0.996286 0.985848 ]
FRAME_ACCURACY >> 67.9416% <<
LOG (nnet-train-frmshuff:PrintProfile():cu-device.cc:428) -----
[cudevice profile]
CuArray::CopyToVecD2H	7.0788s
DiffSigmoid	7.53581s
Sigmoid	8.76277s
MulElements	9.09961s
FindRowMaxId	10.5477s
MulRowsVec	12.3936s
CuMatrix::Resize	15.6791s
CuMatrixBase::CopyFromMat(from CPU)	22.3225s
AddMatVec	24.017s
CuMatrixBase::CopyFromMat(from other CuMatrixBase)	24.3291s
CuVector::SetZero	24.8697s
CuVector::Resize	25.4029s
CuMatrix::SetZero	28.6758s
AddMat	40.8352s
AddMatMat	202.421s
Total GPU time:	500.346s (may involve some double-counting)
-----
LOG (nnet-train-frmshuff:PrintMemoryUsage():cu-allocator.cc:127) Memory usage: 357825368 bytes currently allocated (max: 358598136); 231438540 currently in use by user (max: 239065452); 35271/1008627 calls to Malloc* resulted in CUDA calls.
LOG (nnet-train-frmshuff:PrintMemoryUsage():cu-allocator.cc:134) Time taken in cudaMallocPitch=2.6657, in cudaMalloc=0.0238967, in cudaFree=1.83367, in this->MallocPitch()=5.2636
LOG (nnet-train-frmshuff:PrintMemoryUsage():cu-device.cc:401) Memory used (according to the device): 420372480 bytes.
