dnn.guoxintech.com
nnet-train-frmshuff --cross-validate=false --randomize=true --verbose=1 --minibatch-size=256 --randomizer-size=32768 --randomizer-seed=777 --learn-rate=7.8125e-06 --momentum=0 --l1-penalty=0 --l2-penalty=0 --feature-transform=exp/tri4b_dnn/final.feature_transform 'ark:copy-feats scp:exp/tri4b_dnn/train.scp ark:- | apply-cmvn --norm-means=true --norm-vars=false --utt2spk=ark:data/fbank/train/utt2spk scp:data/fbank/train/cmvn.scp ark:- ark:- |' 'ark:ali-to-pdf exp/tri4b_ali/final.mdl "ark:gunzip -c exp/tri4b_ali/ali.*.gz |" ark:- | ali-to-post ark:- ark:- |' exp/tri4b_dnn/nnet/nnet_iter13_learnrate1.5625e-05_tr1.0451_cv1.3813 exp/tri4b_dnn/nnet/nnet_iter14 
LOG (nnet-train-frmshuff:SelectGpuIdAuto():cu-device.cc:301) Selecting from 1 GPUs
LOG (nnet-train-frmshuff:SelectGpuIdAuto():cu-device.cc:316) cudaSetDevice(0): GeForce GTX 960	free:3606M, used:489M, total:4095M, free/total:0.880562
LOG (nnet-train-frmshuff:SelectGpuIdAuto():cu-device.cc:365) Trying to select device: 0 (automatically), mem_ratio: 0.880562
LOG (nnet-train-frmshuff:SelectGpuIdAuto():cu-device.cc:384) Success selecting device 0 free mem ratio: 0.880562
LOG (nnet-train-frmshuff:FinalizeActiveGpu():cu-device.cc:226) The active GPU is [0]: GeForce GTX 960	free:3589M, used:506M, total:4095M, free/total:0.876411 version 5.2
copy-feats scp:exp/tri4b_dnn/train.scp ark:- 
apply-cmvn --norm-means=true --norm-vars=false --utt2spk=ark:data/fbank/train/utt2spk scp:data/fbank/train/cmvn.scp ark:- ark:- 
LOG (nnet-train-frmshuff:Init():nnet-randomizer.cc:31) Seeding by srand with : 777
LOG (nnet-train-frmshuff:main():nnet-train-frmshuff.cc:154) TRAINING STARTED
ali-to-post ark:- ark:- 
ali-to-pdf exp/tri4b_ali/final.mdl 'ark:gunzip -c exp/tri4b_ali/ali.*.gz |' ark:- 
VLOG[1] (nnet-train-frmshuff:main():nnet-train-frmshuff.cc:320) ### After 0 frames,
VLOG[1] (nnet-train-frmshuff:main():nnet-train-frmshuff.cc:321) 
### Forward propagation buffer content :
[0] output of <Input>  ( min -3.28791, max 3.95756, mean 0.0126265, stddev 0.992937, skewness 0.166349, kurtosis -0.735591 ) 
[1] output of <AffineTransform> ( min -71.3916, max 68.8548, mean -4.04976, stddev 7.2806, skewness 0.193344, kurtosis 2.16826 ) 
[2] output of <Sigmoid> ( min 9.88564e-32, max 1, mean 0.266422, stddev 0.386112, skewness 1.06885, kurtosis -0.624836 ) 
[3] output of <AffineTransform> ( min -36.2232, max 25.3155, mean -5.24654, stddev 5.29184, skewness 0.0800165, kurtosis 0.316225 ) 
[4] output of <Sigmoid> ( min 1.85554e-16, max 1, mean 0.168331, stddev 0.310501, skewness 1.78762, kurtosis 1.64607 ) 
[5] output of <AffineTransform> ( min -26.1824, max 17.2318, mean -3.95047, stddev 4.01823, skewness 0.052529, kurtosis 0.297739 ) 
[6] output of <Sigmoid> ( min 4.25713e-12, max 1, mean 0.17909, stddev 0.29655, skewness 1.69334, kurtosis 1.4664 ) 
[7] output of <AffineTransform> ( min -26.9686, max 19.529, mean -5.86243, stddev 4.61391, skewness 0.0455704, kurtosis 0.65541 ) 
[8] output of <Sigmoid> ( min 1.93957e-12, max 1, mean 0.107635, stddev 0.246213, skewness 2.60606, kurtosis 5.61906 ) 
[9] output of <AffineTransform> ( min -15.9787, max 27.8686, mean 0.0175099, stddev 4.05331, skewness 0.705756, kurtosis 1.49545 ) 
[10] output of <Softmax> ( min 4.1919e-19, max 0.999921, mean 0.000302297, stddev 0.0129254, skewness 59.2677, kurtosis 3830.1 ) 
VLOG[1] (nnet-train-frmshuff:main():nnet-train-frmshuff.cc:323) 
### Backward propagation buffer content :
[0] diff of <Input>  ( min -2.72505, max 3.36365, mean -0.00014623, stddev 0.135272, skewness 0.336683, kurtosis 32.8197 ) 
[1] diff-output of <AffineTransform> ( min -0.283288, max 0.222591, mean 1.83682e-06, stddev 0.0084985, skewness -0.0751606, kurtosis 82.298 ) 
[2] diff-output of <Sigmoid> ( min -2.29799, max 1.88526, mean 7.41182e-05, stddev 0.100951, skewness -0.157742, kurtosis 16.3131 ) 
[3] diff-output of <AffineTransform> ( min -0.302783, max 0.232767, mean -6.39561e-05, stddev 0.00989162, skewness -0.301969, kurtosis 67.1228 ) 
[4] diff-output of <Sigmoid> ( min -1.33616, max 1.63956, mean -0.000448849, stddev 0.11153, skewness -0.121235, kurtosis 8.57858 ) 
[5] diff-output of <AffineTransform> ( min -0.228705, max 0.256905, mean -3.05945e-05, stddev 0.0110348, skewness 0.0708704, kurtosis 37.9108 ) 
[6] diff-output of <Sigmoid> ( min -1.28946, max 1.1803, mean 0.000218726, stddev 0.106776, skewness -0.149574, kurtosis 6.58544 ) 
[7] diff-output of <AffineTransform> ( min -0.376897, max 0.560882, mean -4.82564e-05, stddev 0.0120697, skewness 0.85817, kurtosis 113.729 ) 
[8] diff-output of <Sigmoid> ( min -3.22402, max 3.23927, mean -0.000814752, stddev 0.169208, skewness -0.037666, kurtosis 23.2392 ) 
[9] diff-output of <AffineTransform> ( min -0.99719, max 0.935674, mean 8.36494e-12, stddev 0.0113127, skewness -33.0314, kurtosis 4411.75 ) 
[10] diff-output of <Softmax> ( min -0.99719, max 0.935674, mean 8.36494e-12, stddev 0.0113127, skewness -33.0314, kurtosis 4411.75 ) 
VLOG[1] (nnet-train-frmshuff:main():nnet-train-frmshuff.cc:324) 
### Gradient stats :
Component 1 : <AffineTransform>, 
  linearity_grad ( min -0.801853, max 0.848888, mean 0.00968584, stddev 0.13014, skewness 0.00605409, kurtosis 0.880824 ) , lr-coef 1, max-norm 0
  bias_grad ( min -0.575369, max 0.519266, mean 0.000470225, stddev 0.136804, skewness -0.0424627, kurtosis 0.761631 ) , lr-coef 1
Component 2 : <Sigmoid>, 
Component 3 : <AffineTransform>, 
  linearity_grad ( min -0.590411, max 0.596487, mean -0.00431408, stddev 0.0713522, skewness -0.135626, kurtosis 2.62846 ) , lr-coef 1, max-norm 0
  bias_grad ( min -0.637598, max 0.572227, mean -0.0163728, stddev 0.1588, skewness -0.152733, kurtosis 0.659729 ) , lr-coef 1
Component 4 : <Sigmoid>, 
Component 5 : <AffineTransform>, 
  linearity_grad ( min -0.63386, max 0.559886, mean -0.00146553, stddev 0.0639591, skewness 0.0792773, kurtosis 2.90773 ) , lr-coef 1, max-norm 0
  bias_grad ( min -0.556829, max 0.648734, mean -0.00783219, stddev 0.186583, skewness 0.224708, kurtosis 0.360183 ) , lr-coef 1
Component 6 : <Sigmoid>, 
Component 7 : <AffineTransform>, 
  linearity_grad ( min -0.631413, max 0.966022, mean -0.00245229, stddev 0.0687733, skewness 0.328295, kurtosis 6.99692 ) , lr-coef 1, max-norm 0
  bias_grad ( min -0.653203, max 0.88483, mean -0.0123536, stddev 0.202316, skewness 0.170284, kurtosis 0.674459 ) , lr-coef 1
Component 8 : <Sigmoid>, 
Component 9 : <AffineTransform>, 
  linearity_grad ( min -4.5125, max 3.04882, mean -7.49768e-10, stddev 0.050021, skewness -7.09788, kurtosis 343.953 ) , lr-coef 1, max-norm 0
  bias_grad ( min -4.03612, max 2.75158, mean -1.46576e-09, stddev 0.184869, skewness -3.78892, kurtosis 100.887 ) , lr-coef 0.1
Component 10 : <Softmax>, 
LOG (ali-to-pdf:main():ali-to-pdf.cc:68) Converted 9996 alignments to pdf sequences.
VLOG[1] (nnet-train-frmshuff:Eval():nnet-loss.cc:135) ProgressLoss[last 1h of 1h]: 1.12082 (Xent)
LOG (ali-to-post:main():ali-to-post.cc:65) Converted 9996 alignments.
WARNING (nnet-train-frmshuff:main():nnet-train-frmshuff.cc:169) A23_204, missing targets
VLOG[1] (nnet-train-frmshuff:Eval():nnet-loss.cc:135) ProgressLoss[last 1h of 2h]: 1.11411 (Xent)
VLOG[1] (nnet-train-frmshuff:Eval():nnet-loss.cc:135) ProgressLoss[last 1h of 3h]: 1.0805 (Xent)
VLOG[1] (nnet-train-frmshuff:Eval():nnet-loss.cc:135) ProgressLoss[last 1h of 4h]: 1.08699 (Xent)
VLOG[1] (nnet-train-frmshuff:Eval():nnet-loss.cc:135) ProgressLoss[last 1h of 5h]: 1.08677 (Xent)
VLOG[1] (nnet-train-frmshuff:Eval():nnet-loss.cc:135) ProgressLoss[last 1h of 6h]: 1.082 (Xent)
VLOG[1] (nnet-train-frmshuff:Eval():nnet-loss.cc:135) ProgressLoss[last 1h of 7h]: 1.06909 (Xent)
VLOG[1] (nnet-train-frmshuff:Eval():nnet-loss.cc:135) ProgressLoss[last 1h of 8h]: 1.07297 (Xent)
VLOG[1] (nnet-train-frmshuff:Eval():nnet-loss.cc:135) ProgressLoss[last 1h of 9h]: 1.08109 (Xent)
VLOG[1] (nnet-train-frmshuff:Eval():nnet-loss.cc:135) ProgressLoss[last 1h of 10h]: 1.05323 (Xent)
VLOG[1] (nnet-train-frmshuff:Eval():nnet-loss.cc:135) ProgressLoss[last 1h of 11h]: 1.05992 (Xent)
VLOG[1] (nnet-train-frmshuff:Eval():nnet-loss.cc:135) ProgressLoss[last 1h of 12h]: 1.05141 (Xent)
VLOG[1] (nnet-train-frmshuff:main():nnet-train-frmshuff.cc:272) After 5000 utterances: time elapsed = 4.03696 min; processed 18864.6 frames per second.
VLOG[1] (nnet-train-frmshuff:Eval():nnet-loss.cc:135) ProgressLoss[last 1h of 13h]: 1.05608 (Xent)
VLOG[1] (nnet-train-frmshuff:Eval():nnet-loss.cc:135) ProgressLoss[last 1h of 14h]: 1.02103 (Xent)
VLOG[1] (nnet-train-frmshuff:Eval():nnet-loss.cc:135) ProgressLoss[last 1h of 15h]: 1.04017 (Xent)
VLOG[1] (nnet-train-frmshuff:Eval():nnet-loss.cc:135) ProgressLoss[last 1h of 16h]: 1.03548 (Xent)
VLOG[1] (nnet-train-frmshuff:Eval():nnet-loss.cc:135) ProgressLoss[last 1h of 17h]: 1.03207 (Xent)
VLOG[1] (nnet-train-frmshuff:Eval():nnet-loss.cc:135) ProgressLoss[last 1h of 18h]: 1.02126 (Xent)
VLOG[1] (nnet-train-frmshuff:Eval():nnet-loss.cc:135) ProgressLoss[last 1h of 19h]: 1.00366 (Xent)
VLOG[1] (nnet-train-frmshuff:Eval():nnet-loss.cc:135) ProgressLoss[last 1h of 20h]: 1.0058 (Xent)
WARNING (nnet-train-frmshuff:main():nnet-train-frmshuff.cc:169) A23_107, missing targets
VLOG[1] (nnet-train-frmshuff:Eval():nnet-loss.cc:135) ProgressLoss[last 1h of 21h]: 0.996272 (Xent)
VLOG[1] (nnet-train-frmshuff:Eval():nnet-loss.cc:135) ProgressLoss[last 1h of 22h]: 1.01651 (Xent)
VLOG[1] (nnet-train-frmshuff:Eval():nnet-loss.cc:135) ProgressLoss[last 1h of 23h]: 0.985379 (Xent)
WARNING (nnet-train-frmshuff:main():nnet-train-frmshuff.cc:169) C22_500, missing targets
WARNING (nnet-train-frmshuff:main():nnet-train-frmshuff.cc:169) C21_672, missing targets
VLOG[1] (nnet-train-frmshuff:Eval():nnet-loss.cc:135) ProgressLoss[last 1h of 24h]: 0.995904 (Xent)
VLOG[1] (nnet-train-frmshuff:Eval():nnet-loss.cc:135) ProgressLoss[last 1h of 25h]: 0.984592 (Xent)
LOG (copy-feats:main():copy-feats.cc:101) Copied 10000 feature matrices.
LOG (apply-cmvn:main():apply-cmvn.cc:146) Applied cepstral mean normalization to 10000 utterances, errors on 0
VLOG[1] (nnet-train-frmshuff:main():nnet-train-frmshuff.cc:345) ### After 9172992 frames,
VLOG[1] (nnet-train-frmshuff:main():nnet-train-frmshuff.cc:346) 
### Forward propagation buffer content :
[0] output of <Input>  ( min -3.05699, max 3.97779, mean -0.0266961, stddev 0.94405, skewness 0.143742, kurtosis -0.532818 ) 
[1] output of <AffineTransform> ( min -71.1979, max 87.0619, mean -4.05023, stddev 7.54891, skewness 0.230715, kurtosis 2.23908 ) 
[2] output of <Sigmoid> ( min 1.19995e-31, max 1, mean 0.272056, stddev 0.390773, skewness 1.03612, kurtosis -0.705359 ) 
[3] output of <AffineTransform> ( min -35.3021, max 21.285, mean -5.28279, stddev 5.36834, skewness 0.0879153, kurtosis 0.331645 ) 
[4] output of <Sigmoid> ( min 4.66112e-16, max 1, mean 0.169503, stddev 0.312622, skewness 1.77718, kurtosis 1.59533 ) 
[5] output of <AffineTransform> ( min -24.2511, max 16.0335, mean -3.95036, stddev 3.99049, skewness 0.0651008, kurtosis 0.20985 ) 
[6] output of <Sigmoid> ( min 2.9368e-11, max 1, mean 0.178947, stddev 0.296691, skewness 1.6928, kurtosis 1.4603 ) 
[7] output of <AffineTransform> ( min -27.8489, max 19.9398, mean -5.84569, stddev 4.59015, skewness 0.0784992, kurtosis 0.635342 ) 
[8] output of <Sigmoid> ( min 8.04229e-13, max 1, mean 0.108337, stddev 0.246921, skewness 2.58957, kurtosis 5.52465 ) 
[9] output of <AffineTransform> ( min -16.1739, max 28.585, mean 0.0191082, stddev 4.05357, skewness 0.67042, kurtosis 1.28074 ) 
[10] output of <Softmax> ( min 3.63938e-20, max 0.999629, mean 0.000302297, stddev 0.0131319, skewness 59.5806, kurtosis 3852.55 ) 
VLOG[1] (nnet-train-frmshuff:main():nnet-train-frmshuff.cc:348) 
### Backward propagation buffer content :
[0] diff of <Input>  ( min -3.31791, max 3.67758, mean -0.000633591, stddev 0.136526, skewness 0.520529, kurtosis 63.5485 ) 
[1] diff-output of <AffineTransform> ( min -0.333435, max 0.460433, mean 3.62338e-05, stddev 0.00871327, skewness 0.665512, kurtosis 167.38 ) 
[2] diff-output of <Sigmoid> ( min -2.25474, max 2.85348, mean 0.00047148, stddev 0.102586, skewness 0.246538, kurtosis 30.8476 ) 
[3] diff-output of <AffineTransform> ( min -0.506947, max 0.365969, mean -2.63037e-05, stddev 0.00995591, skewness -0.892819, kurtosis 102.838 ) 
[4] diff-output of <Sigmoid> ( min -2.04574, max 1.46393, mean -0.000242534, stddev 0.113456, skewness -0.0957311, kurtosis 9.23046 ) 
[5] diff-output of <AffineTransform> ( min -0.201264, max 0.250562, mean -1.23476e-06, stddev 0.0108793, skewness 0.0518819, kurtosis 38.1147 ) 
[6] diff-output of <Sigmoid> ( min -1.00484, max 1.22375, mean 0.000660544, stddev 0.105259, skewness -0.0168982, kurtosis 6.3206 ) 
[7] diff-output of <AffineTransform> ( min -0.42752, max 0.321824, mean -1.96478e-05, stddev 0.0112915, skewness -0.332614, kurtosis 76.6703 ) 
[8] diff-output of <Sigmoid> ( min -3.01454, max 2.21763, mean -7.19009e-06, stddev 0.137751, skewness -0.38065, kurtosis 20.4465 ) 
[9] diff-output of <AffineTransform> ( min -0.99926, max 0.963714, mean 8.1346e-12, stddev 0.0109517, skewness -38.3059, kurtosis 4818.46 ) 
[10] diff-output of <Softmax> ( min -0.99926, max 0.963714, mean 8.1346e-12, stddev 0.0109517, skewness -38.3059, kurtosis 4818.46 ) 
VLOG[1] (nnet-train-frmshuff:main():nnet-train-frmshuff.cc:349) 
### Gradient stats :
Component 1 : <AffineTransform>, 
  linearity_grad ( min -1.10086, max 1.79228, mean -0.00890503, stddev 0.132059, skewness -0.00750825, kurtosis 2.78576 ) , lr-coef 1, max-norm 0
  bias_grad ( min -0.864794, max 0.646511, mean 0.00927585, stddev 0.148808, skewness -0.209923, kurtosis 1.46924 ) , lr-coef 1
Component 2 : <Sigmoid>, 
Component 3 : <AffineTransform>, 
  linearity_grad ( min -1.26041, max 0.580465, mean -0.00172089, stddev 0.0814043, skewness -0.410734, kurtosis 4.90855 ) , lr-coef 1, max-norm 0
  bias_grad ( min -1.34987, max 0.570501, mean -0.00673375, stddev 0.177134, skewness -0.424, kurtosis 3.153 ) , lr-coef 1
Component 4 : <Sigmoid>, 
Component 5 : <AffineTransform>, 
  linearity_grad ( min -0.714647, max 0.6139, mean -6.3841e-05, stddev 0.068859, skewness -0.0524745, kurtosis 3.14686 ) , lr-coef 1, max-norm 0
  bias_grad ( min -0.91166, max 0.640165, mean -0.000316097, stddev 0.19724, skewness -0.168986, kurtosis 0.509919 ) , lr-coef 1
Component 6 : <Sigmoid>, 
Component 7 : <AffineTransform>, 
  linearity_grad ( min -0.960416, max 1.08017, mean -0.000944376, stddev 0.0719692, skewness -0.23186, kurtosis 7.09764 ) , lr-coef 1, max-norm 0
  bias_grad ( min -0.987848, max 1.08868, mean -0.00502984, stddev 0.218856, skewness -0.169698, kurtosis 1.80799 ) , lr-coef 1
Component 8 : <Sigmoid>, 
Component 9 : <AffineTransform>, 
  linearity_grad ( min -4.41426, max 2.51821, mean -7.6471e-10, stddev 0.0555557, skewness -15.1174, kurtosis 709.36 ) , lr-coef 1, max-norm 0
  bias_grad ( min -4.41416, max 2.73592, mean -1.42893e-09, stddev 0.212153, skewness -5.6932, kurtosis 101.765 ) , lr-coef 0.1
Component 10 : <Softmax>, 
LOG (nnet-train-frmshuff:main():nnet-train-frmshuff.cc:357) Done 9996 files, 4 with no tgt_mats, 0 with other errors. [TRAINING, RANDOMIZED, 8.04545 min, fps19002.4]
LOG (nnet-train-frmshuff:main():nnet-train-frmshuff.cc:366) PER-CLASS PERFORMANCE:
@@@ Frames per-class: [ 565947 488 1856 2655 3568 781 1492 366 1178 2601 6093 275 1750 2781 625 562 407 2075 713 1564 3910 315 721 484 3131 1228 388 886 1838 5544 1216 582 998 1423 2274 2478 2622 648 1450 1302 3270 319 837 506 1459 1185 413 2751 2642 2203 1697 113 5227 1522 5320 974 5444 610 2375 3574 2645 5196 2948 961 731 1034 885 1070 246 1967 4634 2320 1158 297 837 4047 1525 649 614 329 1269 241 5288 211 2298 1571 3925 5375 490 2188 672 1219 1570 1059 214 2868 2349 1561 1557 443 673 446 850 4317 148 823 1698 8558 1527 0 2752 1090 2060 2968 650 3118 497 1859 3307 2522 2642 0 502 1250 502 1164 1593 1240 1894 425 764 405 3235 1498 1909 286 628 631 1133 408 1937 5169 907 577 7189 707 2964 1322 4240 1153 1437 2810 2452 800 3284 2090 488 3356 216 200 1059 329 1589 0 2074 357 1356 254 199 1331 812 1760 1611 389 691 0 0 0 935 4378 450 2722 3 1794 718 428 600 126 1580 3676 736 1947 258 4769 2271 2576 1561 4241 384 1310 5646 1701 3079 0 1076 2731 532 7527 0 2363 3097 163 2514 164 703 969 2310 6817 456986 521258 457790 3007 267081 806 2722 3400 2626 2194 884 12081 14170 2836 916 1080 1386 2009 2615 5895 547 3387 1384 774 2474 1007 2048 1851 1941 1387 1719 3968 9195 2158 2714 464 1071 1666 5826 953 5295 1610 844 1360 4983 1283 922 757 1279 3052 1651 878 958 3480 1368 3789 7258 1366 4759 1405 3640 2311 1961 3572 1357 2092 688 1531 2457 1279 1127 2663 707 1059 4114 2466 8365 842 3733 1395 1405 2049 1936 4111 695 3742 3920 2452 691 5044 3739 574 2752 1057 11963 1165 1200 1094 2323 2129 4045 1147 2060 3856 5067 1012 1343 4417 507 5785 6804 3409 620 684 1099 1456 1313 2262 2997 2296 3680 5183 1546 817 1985 4782 2240 424 796 983 1542 3053 1395 3845 4599 910 2240 2268 1572 4457 942 8678 1016 2652 1695 2753 2160 6505 1581 815 389 2237 6126 935 3220 926 3457 781 3001 1781 1857 991 4395 5194 5886 1572 1385 4408 568 1182 2356 548 466 9540 6101 5919 2224 1117 734 2194 4812 1222 1826 931 1372 2310 725 1123 3533 1450 3700 2209 2969 3288 1248 1832 1013 985 1170 6258 5116 863 3733 4208 1999 4130 2366 1045 2905 460 2195 1416 873 1511 1830 1102 1103 4889 3334 724 2791 2785 1854 4383 1146 2259 652 1058 1069 3320 2956 2959 2039 2309 1423 378 3871 1374 1954 1037 362 2170 531 1351 1300 1160 1107 3253 2243 1083 1565 1956 840 1071 797 758 1662 510 1633 1577 782 941 1778 458 4905 1283 2685 1150 4278 2389 2779 1293 575 617 1748 3773 706 1488 1964 5177 1454 1478 907 3027 1330 2638 1517 760 5005 4870 542 5973 1408 822 1048 501 1852 1881 7399 1286 518 1293 4660 1265 462 2474 897 2851 7526 597 1847 1938 3365 1063 718 832 1714 1671 2185 316 1406 3713 1710 1093 1209 2779 3231 1193 1774 523 3055 1807 1242 1638 690 1784 2443 5860 237 834 2022 1533 7884 1481 5986 2881 1432 2162 5323 1056 883 468 2279 936 4949 2126 4534 3594 910 1903 1383 3292 1742 794 5511 3029 1841 758 5233 2350 6871 1635 448 2062 4300 2383 1040 2219 531 6194 1951 3740 1741 928 2361 550 1009 476 422 4745 2207 3135 4979 3034 904 833 1977 3512 2834 1203 3588 1709 4690 721 4587 940 780 1690 842 2192 2055 1022 666 6489 3179 1739 1072 1686 1401 3497 852 2930 1689 2321 2712 912 5215 864 856 1363 1158 1790 1447 893 5717 2142 796 3762 1980 1338 1473 2273 1807 1778 705 5227 740 3426 1105 3377 389 214 2219 2097 5121 349 2093 2243 1645 1155 1494 740 1376 1274 2612 1287 2149 3853 1211 888 2298 2586 5092 961 4597 1455 1310 513 3549 4555 1052 2680 1493 1955 3664 821 977 251 558 2583 1649 3945 4664 2782 1065 6695 1722 1408 6466 2230 3325 2485 1083 3540 3341 639 796 3632 544 5317 252 2049 3176 569 980 1441 4474 1256 1079 1369 1392 1467 796 4797 1843 6202 3201 3167 2427 3000 630 2873 1561 2473 3445 4575 1056 1345 1787 9409 1435 2075 2351 1716 5718 1116 523 606 1464 344 6396 687 942 786 1742 857 5623 1079 1377 1532 760 1537 5283 3383 1336 1696 1089 1654 5214 1628 1073 1687 1268 3150 2122 2959 1047 5780 760 2154 2320 3341 1786 3647 407 1146 2159 2296 1319 1417 405 2610 1412 1569 2257 1018 417 1735 569 917 1556 1154 941 2360 3615 407 624 737 2779 2085 2323 1268 938 3202 3287 3835 532 652 3276 1566 5009 1727 424 1105 1850 2810 1625 5301 1910 928 1328 1025 790 4473 2823 5226 955 3949 1577 561 1852 1243 12846 3513 1837 2691 4696 2810 2167 364 721 1233 2556 977 538 2001 948 1457 1554 829 1559 1904 1390 1614 1126 907 1129 2803 2316 3477 860 2720 581 3954 442 987 1590 5186 1550 5255 1331 1314 2612 438 580 1501 2370 2136 3039 2817 1957 2556 1384 345 373 707 2206 714 1059 3662 3193 1348 1228 2066 1625 1228 1769 4482 927 2151 1790 3480 1153 4341 1177 3635 194 1782 2352 1010 510 1603 1247 3782 1991 1307 645 767 787 647 4112 6542 6158 2615 3649 3004 770 3671 697 2684 2461 2004 4318 2822 1474 2478 2663 1005 1526 1287 1869 1798 1381 2329 2502 6950 3292 1682 1617 3635 2217 2554 1355 611 992 1868 1451 3096 535 464 6610 850 2089 1563 1369 1774 359 2140 1924 1982 3864 3249 2231 1309 960 1136 867 1090 1773 1246 669 1346 1106 999 1450 2672 2220 4860 4012 5758 417 866 588 857 1560 2491 1469 960 796 792 2109 4809 1608 3596 622 852 2288 3194 1040 1371 1800 306 1648 13748 841 1477 2744 1961 1258 1618 813 668 180 1742 1301 1411 583 2428 2314 529 1484 2865 1144 2331 757 504 3383 7446 961 3161 1982 1486 1203 3120 4134 1064 7890 2095 3005 1419 854 2826 1733 1734 4569 3390 1568 1082 443 4562 596 1696 3461 1965 729 4281 2872 4321 10804 1439 2193 1279 1224 647 2216 666 980 1102 523 723 1649 2346 2039 721 2250 438 2214 970 886 1156 781 1945 2164 2728 2087 1722 815 3635 960 986 1950 4354 2593 1676 1695 927 1235 891 3646 1345 2269 928 1211 1006 988 4043 251 2576 1821 772 2564 1488 1179 5225 2868 702 1607 2803 1757 2892 606 725 3310 6702 882 1544 1946 967 1608 1446 1674 1037 1892 25831 2168 1720 3053 5336 9184 1336 696 728 2765 702 1173 2913 4126 1888 767 1027 768 1408 2697 2542 1875 493 4119 673 2647 1984 1284 4695 1568 1540 3999 1796 364 1240 892 5170 1427 1450 922 4511 2470 1012 5100 1479 2281 2349 1471 1022 584 1087 1089 1607 1582 1487 3695 1709 1062 490 787 450 1061 4775 2048 3192 1408 1607 4405 3421 1158 439 2724 121 3504 2856 1621 1873 2965 747 821 560 4699 417 1614 579 2153 468 236 735 729 1184 6841 1127 790 521 2414 12590 1228 2492 9263 1802 1239 2463 1731 426 985 1252 2464 399 863 1346 2443 2530 3979 3347 2064 1457 633 664 1619 519 1495 2600 2249 1447 537 625 1022 309 5397 628 1057 6266 5232 2355 512 492 556 756 2648 2243 2021 1097 648 1641 1100 2418 3479 1159 246 798 621 1521 392 1107 209 2280 1084 4239 4340 516 603 615 2615 1630 9815 6536 2931 1345 2581 2253 1078 1049 814 1645 620 4080 2424 461 2396 1288 1593 2381 1129 4140 656 1715 2828 3902 7210 3110 2626 2342 789 7704 1765 2172 1084 4217 1129 5474 278 1360 1202 1519 6182 1087 361 267 1424 1371 1510 2905 1784 360 490 2399 1321 4188 1222 4590 1455 1041 1340 1045 2495 5940 1032 722 3077 1289 5383 998 2269 3677 678 849 1547 685 1141 2040 1235 1398 1205 705 3556 429 3420 1905 688 1499 1067 1675 2514 1643 2531 365 2244 2679 7052 2466 3034 1250 3468 1008 1355 815 700 471 2091 1834 2880 598 1610 4539 834 2860 701 3463 2072 1630 5839 3312 636 1584 2882 969 738 2142 4170 836 2388 652 1440 789 1133 967 1412 982 1062 387 1749 1077 2078 1954 1744 848 5209 2447 799 4505 853 2466 4754 3943 734 688 1388 492 1093 1102 1728 662 1163 2823 3096 1505 3639 924 1356 1211 932 1240 890 2025 1653 1133 774 711 4976 2049 1194 1959 2338 2719 2832 1322 4493 10160 1333 673 6167 1140 2433 392 3518 774 1011 357 727 1048 8630 748 1380 983 2324 775 1348 724 1421 480 901 4747 923 1315 844 1760 2875 762 1470 1527 956 1209 1665 8933 3283 945 1328 395 1249 2934 3612 1242 472 1087 2103 3023 1054 1244 4243 1258 1286 3573 2005 1102 5365 3159 2202 1951 1359 2009 847 2157 2213 4676 7935 2414 2365 1205 1291 1732 1202 1273 460 661 1013 1250 7269 424 2763 1511 3886 358 1846 7376 2224 1870 1580 531 2115 1696 1143 398 2370 1493 1181 1582 1971 894 2301 1298 1821 2372 844 564 3693 1439 3123 1116 487 1694 1023 2536 2421 1453 3031 957 1413 1411 1558 2961 2019 1559 2810 1075 1268 2291 3711 1144 838 1815 2740 2680 386 860 1181 221 2668 2695 504 448 2795 2334 603 2111 3982 2586 2173 2751 568 611 1484 594 1346 665 675 1032 2794 1105 793 2162 2104 720 3548 1625 2442 6200 425 3607 1457 787 2666 1578 3275 1233 2291 958 642 2109 1032 4100 959 1005 7944 802 945 7081 890 1477 794 2864 2093 2411 1137 162 1634 997 312 1648 6181 1400 1195 315 1848 2029 1120 1430 2429 2755 1040 1039 884 5154 1653 2471 362 4520 2676 1358 4638 667 1346 2032 3828 1701 1895 463 339 3390 845 1083 890 2640 869 947 1978 1450 1394 1092 1795 579 5332 1984 1149 383 982 4384 717 1988 864 1892 1484 1219 4103 9665 842 1041 3082 2885 1987 1322 696 836 1268 1338 1254 2606 949 2818 3056 2264 820 2171 1978 1896 1014 471 1582 864 2126 10030 1910 249 2164 761 2268 1685 370 3007 6240 2600 2789 1952 10222 2530 602 810 3208 3269 1206 1725 628 1981 590 732 818 1942 2305 1184 1386 839 674 690 1038 838 691 9572 3855 1985 1477 972 655 934 515 549 3124 1817 1285 1010 396 1557 1158 703 2150 745 2869 1262 3799 1077 1454 5829 3440 2236 1695 1208 3307 4375 477 2950 1672 1630 662 1360 1384 1945 1000 1007 8439 762 2853 3017 1814 995 949 1613 1216 3178 289 647 3028 2883 1825 3980 6072 1910 1811 1107 951 2062 2289 780 2344 1572 2312 2003 624 5885 3440 2808 509 6115 2247 1202 1605 915 1123 761 1158 977 1627 2912 641 654 680 1927 4161 589 5466 830 1656 736 355 1137 2164 517 2620 5151 613 1322 714 2117 833 2199 1599 3647 1024 1657 1010 759 1162 4314 4231 6213 966 1265 867 2179 3225 4039 2277 1419 2397 446 486 2868 714 3047 547 2428 2300 2427 1217 7220 474 1634 3104 578 827 615 1030 997 610 3038 438 3841 664 1364 3897 3540 2507 3874 1265 1956 1513 5057 2563 737 888 969 1294 1722 993 7629 1991 3141 267 686 1608 5183 279 1959 1180 1034 830 1108 726 1777 1386 611 285 1003 1403 326 2944 940 2920 3311 3176 1268 2215 720 2252 5142 1059 3411 1446 3119 1727 3634 602 2321 2200 1255 1613 1776 2280 1504 467 1141 1456 1492 1286 662 5655 3089 495 1350 1001 9277 848 912 2309 1058 1399 1959 638 1791 545 2862 2310 746 1616 2052 5449 1260 1255 3379 1751 1337 1938 738 3484 1951 3157 266 1704 940 8750 745 3461 1382 338 320 723 3190 1126 3202 3269 610 938 682 533 1199 707 324 6037 514 1694 633 398 631 1022 5583 621 547 1058 8594 1514 1024 1524 5619 1797 810 930 625 767 2469 3852 2711 703 2282 2933 2985 1282 2704 1812 3168 3934 5663 1646 2580 1446 318 2479 2363 966 2011 496 437 1144 2147 784 3748 2893 5543 2302 4612 1146 2394 432 2109 991 5035 1114 2154 511 2139 2681 2316 1244 1481 1022 3266 701 1112 874 2343 3357 1849 9651 356 2821 2464 2363 787 479 5054 934 1128 1411 497 548 1298 4131 952 1182 3451 1500 805 4440 240 4433 766 2006 2532 1375 1282 2519 441 1343 883 1934 5963 584 3273 537 544 1023 923 4234 467 1171 2500 5322 2212 3384 1655 2157 1181 1008 1662 836 2243 3013 4646 571 6110 1382 4410 3389 643 3541 4609 1452 1604 3044 663 734 1778 1334 826 1392 883 1260 1922 1062 282 1130 7723 2146 3967 2064 1501 726 6774 3274 3951 447 2538 950 2069 500 2974 2144 2571 2280 772 3164 6438 3750 5562 1567 4944 744 475 2717 1924 1989 989 1833 3019 1019 2023 1637 1188 4184 2163 509 2230 9967 974 1145 1755 1817 1647 1315 6920 1275 6124 1775 617 1805 7066 8526 1677 8634 1016 621 3220 698 1226 3523 583 1972 3493 1631 1181 1376 3035 1040 1236 3591 2252 1778 184 5618 2546 3420 3074 1087 1806 3141 3868 4527 1624 911 5335 2284 2266 4224 1788 3877 469 717 986 1358 574 1667 5963 1110 1855 677 637 3072 1587 1585 1333 3915 3784 2008 1297 1434 1242 1784 1490 3651 543 1764 4502 2713 702 2793 2654 2010 1447 1570 3913 1998 3164 663 2297 1818 1338 1484 5830 2250 501 4111 965 1111 802 1914 2302 1804 777 874 2596 2773 1759 7106 4864 3059 1259 1607 3802 2004 1689 4416 3772 453 1907 4327 860 1476 1793 3242 5594 885 5884 5134 1264 1056 3366 3445 1763 677 1609 1396 807 2498 3930 6171 1226 2063 1066 1422 7722 685 5884 1294 468 4375 1082 2133 2685 933 1032 1350 1187 1456 430 1094 2376 6717 3717 2148 750 2829 1890 2546 1391 1207 3372 2294 2908 1878 836 1883 2834 3854 2415 3451 461 2654 2365 3672 6326 1238 8996 399 2134 990 479 1009 4218 1853 2771 1034 3783 447 1902 714 885 1732 1024 1374 395 1484 1334 612 1568 897 5502 1857 5095 3170 7672 945 1111 3754 727 819 2281 1199 9064 2375 2368 1680 2254 4605 1924 7118 4203 1201 1645 2112 921 640 2501 735 707 2568 1334 968 567 438 2803 1090 1099 4986 1520 1321 1062 4113 1609 401 491 308 7307 1560 1150 1970 1825 2177 1602 3313 1292 1891 1352 338 3663 1268 3012 2078 2392 1570 1522 3156 2311 1428 2028 1219 970 3104 2312 700 643 4013 1743 963 1459 611 1401 3834 415 3036 853 1532 4730 3047 552 1316 1239 3688 1204 2686 466 1280 2088 1951 1757 2895 1453 2412 1909 2446 1202 1353 2416 841 1495 3598 1600 1796 2336 1267 332 2473 5087 2710 1499 2886 4271 1851 3257 4208 1455 5731 245 2094 2281 2159 1571 1345 2045 2460 2748 1478 1000 584 225 1123 1475 674 5770 558 1295 4172 492 4266 602 1347 1846 2675 646 932 1469 1704 1203 458 730 2135 968 2227 693 4787 681 1403 965 1331 274 762 1327 5023 1977 1279 1073 1399 2732 1459 4892 1066 519 2324 2060 701 1621 3157 1536 2132 702 1712 2520 2911 1523 3604 1463 1321 539 1930 1439 947 1199 2178 887 690 2163 769 711 1258 5303 2337 966 905 2608 1382 485 877 1874 2954 2161 6412 1524 607 2271 963 2337 1229 10114 639 975 1622 2680 2838 1392 638 2486 1983 1277 626 3335 3870 1985 1859 4057 2132 9072 2734 1594 671 2262 1780 761 1079 1699 350 926 1891 785 1396 1691 412 4823 990 3236 849 424 2395 1107 2580 2907 2942 1881 872 3169 1151 990 865 2168 1899 3659 4060 3625 4183 2524 1459 2509 1153 3580 4738 5649 1394 1415 2259 853 576 1602 2298 733 816 13813 4516 989 903 988 3857 1108 2735 1633 2980 2193 2030 412 2072 418 4306 6021 1817 1338 4528 2952 773 526 1026 891 8220 1243 725 3632 1391 1569 3378 1253 817 2786 1134 3776 722 1053 1074 1762 738 943 787 970 1741 2845 1994 968 2138 350 1424 4936 621 3495 197 3013 2615 573 2372 1957 1345 2558 4276 2112 3206 1601 2453 2461 1987 2418 3393 1063 389 624 1084 3434 761 455 682 3641 1288 1076 2498 1065 1635 1901 3161 2980 2732 605 3995 2330 4378 7168 4495 1126 1596 2523 1829 3797 5331 4234 2433 1515 1633 1720 1330 3338 1710 733 2433 7992 991 11164 732 614 3046 2761 3368 557 3081 1779 1636 2619 694 2075 2362 964 3432 2683 2427 1289 781 1884 1658 1121 2527 2059 5831 5704 2017 1483 1595 878 609 1121 465 2245 3080 7299 741 2324 1876 1148 1753 3183 954 2198 506 3727 2952 9207 787 238 4663 3014 1682 3861 2027 464 1143 548 1306 700 2700 1994 1951 1178 3376 2464 519 2054 1320 2098 554 2696 1810 2339 1325 814 1441 1412 2038 2703 1870 1148 3441 964 3670 5162 1273 1146 989 1599 1142 1667 1148 990 2367 3765 3848 2964 1386 1060 2371 8207 1375 2141 3477 2472 1282 2267 5056 628 957 2283 3960 526 3164 1455 951 3883 1189 620 909 2379 510 1578 758 652 895 2566 1522 792 2563 2780 4804 982 505 588 2630 3015 2535 2394 3194 2051 3471 813 1516 2885 640 1601 1908 2467 516 1683 4072 1079 1507 3035 1727 2325 1558 2674 508 3277 1316 901 913 2057 2007 3636 288 2914 2134 3067 1325 380 813 461 441 1578 683 3346 1235 1952 584 951 4014 823 1855 2148 577 2449 2360 5508 1299 645 1791 3335 2051 1302 3220 2015 2688 1021 352 2021 2898 787 1061 646 4915 2483 2662 1268 1165 932 2069 1707 402 4160 2874 945 624 547 5751 318 4349 1503 721 826 3154 1568 2131 644 905 1709 833 984 757 2364 2398 1390 2286 3031 2180 1097 570 864 1239 1227 440 1209 1473 1391 1240 3103 531 1733 804 805 1338 2055 2229 2201 4351 2201 3254 651 1666 484 685 1718 1045 10341 637 764 677 1215 2002 2385 768 484 1045 1684 3870 1407 1250 2014 902 2775 278 2175 3293 4505 2886 1788 537 1398 3274 1536 4443 2513 1812 1374 909 3252 920 247 2578 1750 1088 2050 2754 1564 933 3000 3264 941 1662 4985 927 1472 1622 2111 489 4456 980 2287 2112 1263 594 2851 1090 4078 347 5188 3690 198 3308 361 2319 2741 3570 331 1381 681 1930 2974 2244 680 3759 540 3619 3032 985 446 1778 2387 714 935 3604 1086 642 1437 991 1602 779 2764 268 3129 1640 2952 756 83 699 5760 6155 2075 670 2355 500 1234 412 6263 ]
@@@ Loss per-class: [ 0.634303 1.5384 1.07699 1.18888 1.00837 1.30981 0.819734 1.60472 1.14141 1.1415 0.544762 1.52142 1.12143 0.760559 1.96956 1.79834 3.25786 1.41085 1.3924 0.811823 0.699047 2.86208 0.843701 1.00043 0.793524 0.948183 3.25185 1.09008 1.69623 0.921199 1.16381 1.35729 0.80093 0.919376 0.929757 1.15454 0.660478 1.31187 0.932267 0.619711 0.762694 2.66718 0.821668 1.24497 1.04108 1.01165 1.92049 1.13107 0.669206 0.749508 0.965598 3.60922 0.797278 1.44237 0.742874 2.23092 0.693798 1.89959 0.56838 1.22512 1.80368 1.66344 1.29296 2.61514 0.988754 1.14477 1.70742 1.04088 3.24749 0.941069 0.869084 1.15875 1.70418 3.70558 1.54953 0.764906 1.13367 1.4898 2.47156 1.49919 0.847247 1.51416 0.725635 4.19845 1.33979 0.780916 1.27475 0.818093 3.20201 2.2498 1.628 1.73593 1.80205 1.70458 3.36234 0.97204 1.24605 1.81058 1.09129 3.2419 1.07363 1.14027 1.54773 0.706854 4.00384 1.14469 0.657561 0.666871 0.550009 -nan 1.37522 2.0828 1.64882 1.12681 3.02436 0.813921 2.77482 1.14508 0.864002 1.1312 1.01195 -nan 2.62559 0.742412 1.42175 1.11125 1.07289 0.956244 1.0609 2.65176 1.12381 2.79032 0.584103 0.494249 1.9887 3.30726 3.00072 0.623759 0.726078 1.90567 0.748859 1.57263 1.5818 0.875648 0.964756 1.36497 0.98003 1.57877 0.477282 1.38554 1.07919 1.49893 1.58796 2.61274 1.17633 0.981597 1.75497 0.645008 1.74054 2.16717 0.728499 1.98332 0.666309 -nan 0.586516 1.90469 0.763401 2.17774 2.85929 0.739428 1.40736 0.467227 0.714398 2.37283 1.70053 -nan -nan -nan 0.648748 0.940322 1.2423 0.474232 9.44359 1.94544 1.7546 0.658953 1.63086 2.4313 0.617413 0.73116 1.65468 0.958091 3.62595 0.746445 0.876827 0.995227 1.58577 1.31745 2.70075 1.30733 0.831113 1.52757 1.02443 -nan 1.28106 0.828371 1.4455 0.794288 -nan 0.802269 1.01187 3.03552 1.18758 1.63158 1.21751 1.80503 1.88613 0.803709 0.666107 0.277748 0.53873 1.97834 1.00433 2.12904 0.560248 1.55429 0.8336 1.18235 0.649306 0.483833 0.962022 1.06078 2.58971 1.01468 0.721951 1.84651 1.02478 0.824076 1.02625 0.600898 0.883558 0.810336 0.525352 0.460838 1.51738 0.886044 0.431066 1.54883 0.557118 0.98311 1.38943 1.01786 0.67478 2.03177 1.20642 1.12716 1.11694 1.55532 0.539639 0.608936 1.26302 0.843127 1.24163 1.4741 1.21879 1.19528 0.687198 0.533285 0.706103 1.37179 1.72863 0.571882 0.735727 1.67144 1.18551 1.33028 0.387411 1.1806 0.706888 1.21405 1.32797 1.40875 1.25083 1.16971 1.8103 1.1244 1.98698 1.04692 0.766505 1.47191 1.47655 1.03082 1.81453 1.22447 0.97668 0.843662 1.70818 0.91899 0.936321 0.778308 1.19899 1.42389 1.10778 0.746073 1.43216 1.70311 1.98912 1.42969 1.40664 1.16767 0.648808 1.51058 1.04066 1.26115 1.48965 1.19163 1.34344 0.908541 0.948628 1.8111 1.18181 0.873341 2.02202 0.856007 1.18361 1.73059 1.31504 0.794864 1.05164 1.80419 0.629509 1.5032 0.78766 1.17169 1.43137 1.23253 1.08622 1.94975 1.105 1.22658 2.44895 1.0551 1.39452 1.2819 0.530564 0.862071 1.35849 1.6384 1.22117 1.847 2.03839 1.05976 1.06518 1.24856 1.00041 2.01355 2.40715 0.915486 0.638671 1.17831 1.04681 0.371498 0.532429 1.27571 1.87032 1.57768 1.95796 1.65021 1.81926 2.26813 1.61972 1.9927 0.868865 1.55141 0.842326 1.22991 0.554079 1.73142 0.683605 1.15605 0.742619 0.968264 0.719765 1.09632 0.921571 0.788587 1.73809 1.24263 0.704761 0.858503 1.25466 1.20294 1.05538 0.559408 0.906289 0.8465 1.49421 0.574905 0.501692 1.43766 0.705693 1.38792 1.12629 0.839382 0.639613 1.05206 1.00557 2.16217 0.792554 0.932263 1.36979 1.62043 0.985544 1.64878 1.24947 0.961444 1.29378 1.6552 0.810349 2.42929 0.820795 1.63274 1.67462 1.11742 1.18314 1.2442 1.58514 1.75584 0.941921 0.665026 1.62505 2.24352 1.91483 1.34044 0.77741 1.50579 1.27319 1.60162 1.98882 0.902334 0.907567 0.642804 2.2539 2.28704 1.23817 1.73071 2.44295 1.59167 0.982183 1.47152 0.759799 1.61429 0.826874 1.98858 1.14239 1.31728 0.863196 0.688558 1.9811 1.12451 1.37129 2.11186 0.948049 1.02085 0.84186 0.938116 0.856224 1.58099 1.54227 0.888879 1.11495 1.95144 1.95304 1.53268 1.4891 0.969317 1.81245 1.2282 1.84644 1.14222 1.04388 1.13847 0.492878 0.378236 1.96864 2.32658 1.08316 0.954024 0.961378 0.610492 1.84955 1.12077 1.03196 1.69889 1.45561 1.58468 2.21583 2.01281 0.865363 1.35086 1.02393 1.81331 2.6547 0.541068 0.991372 2.00246 0.928537 1.04916 1.13632 1.37938 0.790698 1.0296 1.12546 2.02479 1.74977 2.40379 1.40016 1.4484 1.56381 0.898547 1.72312 1.00878 1.41506 1.21026 1.4985 2.24502 1.08784 1.63424 2.10576 0.668348 0.853869 1.47752 1.09388 2.60809 1.96778 1.74762 0.881489 1.1636 1.32208 1.10109 2.30761 1.37048 1.82567 0.785772 0.423982 1.43731 0.763061 1.11305 0.864508 1.35267 0.64571 0.755746 1.55391 1.65539 2.48018 1.33044 0.601335 1.01351 0.687645 0.71001 1.06438 0.986421 0.998708 0.60752 1.03827 1.72094 0.750905 1.25686 1.90985 1.78016 0.909429 0.910467 2.04221 1.92428 1.04867 0.738829 1.54783 2.22197 1.45113 1.72098 0.784968 1.43329 1.05934 0.684049 1.0856 1.01727 1.72847 0.728673 1.61357 1.20827 1.55425 1.20965 0.950533 0.790405 0.71111 0.619085 1.66214 1.59891 0.602446 1.04893 0.734718 1.51379 0.781973 1.37373 0.817777 0.938618 0.756441 0.638076 1.11391 0.648918 1.30294 1.27425 2.21207 1.80585 1.64456 2.14641 1.20061 1.538 0.765955 1.56865 0.779176 2.50982 0.384259 2.03558 0.976002 1.02228 1.4279 0.696632 1.42163 1.41173 1.88132 1.38348 0.61219 1.95503 1.62679 1.02831 1.10792 0.92208 1.56931 1.50593 1.00985 0.860622 2.19915 1.22339 1.43564 0.97512 0.876676 1.01521 1.15159 0.892581 1.46328 1.38478 0.652137 2.02931 1.59331 0.738084 1.53579 0.971804 1.37079 1.23252 1.4653 1.10823 1.08303 0.497428 2.79122 1.59587 2.44325 2.09124 1.7 1.3822 1.19313 2.27512 1.08425 1.18312 1.07701 1.14843 0.723019 2.30703 1.44306 2.06122 1.32386 1.15272 1.62567 2.85456 1.03634 1.06891 1.85542 0.975972 0.795219 0.470447 0.64824 0.764207 0.557886 1.03679 1.11217 2.45111 1.88883 1.2412 1.0267 1.1701 1.01947 1.32945 0.582181 1.16876 0.983318 2.02531 1.7571 1.22518 2.13707 1.73542 1.01821 0.798002 1.42128 0.299378 1.19995 0.944494 0.690864 1.31706 1.40946 1.50712 1.05455 0.967001 1.60236 0.963247 0.437725 1.114 1.63526 0.953781 1.23171 0.823475 2.19159 1.61666 1.38263 1.22288 0.732602 1.34418 1.54038 1.24531 1.23259 0.798921 2.03896 0.909924 0.864194 0.447586 1.61705 0.587663 1.26693 1.20105 1.80175 1.39632 0.62207 1.02843 0.668735 1.6146 1.18223 0.416966 0.890423 1.1208 0.77309 0.972847 0.936868 1.7273 0.563087 0.646387 1.55653 1.25639 0.678722 1.52306 0.7021 1.48809 1.26158 1.57288 0.878244 0.831905 0.986568 0.843585 1.00604 1.79036 0.787033 1.31901 1.47774 0.958571 1.64566 1.35373 1.46132 1.38799 1.62845 1.62629 1.01583 1.20142 0.88266 1.31042 1.63627 1.01529 0.866653 0.395327 1.38277 1.26277 0.813822 0.792249 0.722525 1.50853 1.15758 1.03761 0.807203 0.603392 0.923468 2.078 2.00712 1.37299 1.66845 0.688573 1.19751 2.9731 1.18532 1.03125 1.44559 1.59267 1.11541 0.928113 2.32161 1.56094 0.995943 2.2239 1.06943 0.864648 1.83424 1.59805 0.665287 0.965056 1.23515 0.652195 1.17895 1.16248 1.05942 1.33368 1.51092 1.51434 0.45696 0.632322 1.73369 0.819197 1.049 0.89693 1.14501 0.787518 2.40635 1.44832 1.07064 1.91796 0.553941 0.637504 0.908309 0.795719 0.907302 0.52814 0.830426 1.99498 1.26808 1.75627 1.14029 0.929317 0.575801 1.89655 0.787519 0.901736 0.747589 1.10436 2.10827 1.0501 0.945946 1.2346 1.53292 2.11931 1.46003 0.651938 2.11678 0.801495 2.0512 1.51526 0.556894 1.45371 0.690643 0.920988 0.810333 0.628572 0.737343 1.35651 1.07418 1.16896 0.872687 0.816909 1.12547 1.07147 0.75536 0.901915 1.67843 1.73191 1.91049 3.0717 1.04829 4.08004 1.78652 1.13537 1.1473 1.31414 0.941276 0.806313 1.40201 1.39603 1.34672 1.57938 2.19531 1.21766 1.48192 1.22767 0.456457 0.865768 0.956272 0.909383 0.694655 2.05127 1.21409 2.25213 1.08386 0.641088 1.34467 0.600084 0.595713 0.566846 1.27185 0.566451 0.610159 1.19638 3.2738 1.41717 1.31122 1.43868 3.55143 0.422912 1.06228 0.893968 1.45012 0.728974 1.43376 1.38388 1.0306 1.95062 1.06013 1.00618 1.17547 0.953432 1.29846 1.09903 1.20506 0.966923 1.03801 2.06854 1.32794 0.84415 0.556193 0.747339 1.0649 0.993504 1.15462 1.19006 1.07448 1.04461 1.36917 1.33743 0.907856 0.882792 2.02124 1.59232 0.810392 1.14236 1.39572 0.862126 0.754053 2.05555 1.00774 2.14913 1.58876 2.19194 1.18416 1.07872 0.78129 0.825546 0.78114 0.805185 0.995869 1.66734 1.15903 0.874632 2.28792 0.855259 2.22261 1.12415 1.52935 0.991453 1.30266 1.14377 1.49639 1.4657 1.30221 1.18828 1.0681 1.62111 1.61321 1.92419 2.12229 1.01103 1.05931 0.709201 1.21225 0.749945 0.86313 0.899787 1.23602 3.04566 0.805508 1.83954 0.793815 1.21016 2.34152 0.974303 1.00961 1.80042 2.04696 0.859069 1.54923 1.75196 1.65445 1.02368 0.891728 1.13982 1.44478 0.810551 1.05308 1.35922 1.43555 0.620993 1.18556 1.21317 0.886854 1.54107 0.704334 0.570718 1.22811 3.20105 2.01699 1.24267 1.38595 0.965627 1.44559 1.30847 1.37577 1.51904 1.34534 0.942391 1.1691 0.736333 1.10345 1.06423 0.611597 0.561605 1.0381 0.947091 1.26089 0.86292 0.535278 1.69824 1.34519 1.55222 0.753289 1.1548 1.75372 0.595113 1.18163 1.81251 2.25004 2.01794 0.49086 1.94282 1.18606 2.71761 1.64694 1.30934 1.19714 1.3443 1.94733 0.989348 0.853283 1.57086 0.731819 1.47255 0.873625 1.07831 1.62762 1.86302 2.12074 1.59746 1.34159 1.53636 3.09125 1.1396 1.19662 1.57411 1.49773 0.87595 1.47338 1.25455 1.14965 2.20314 0.625918 1.8642 0.835212 1.37861 1.68213 2.1345 0.715845 0.84814 0.498511 0.861372 1.88253 0.557895 1.99937 0.825933 1.20053 0.457637 0.927683 1.03277 0.651558 1.80666 0.754761 1.23268 1.24582 0.953584 0.589634 1.22887 2.12209 1.04486 1.0173 1.03461 3.15231 0.990852 0.973097 1.5141 1.05967 1.42902 1.35179 1.12834 1.99795 1.32947 0.450162 1.03254 0.717671 1.05929 1.14119 1.22114 0.854345 0.698186 1.66736 1.00252 0.878954 1.30352 1.47489 1.22581 0.896013 1.55162 1.05133 0.646612 1.56532 1.52451 1.39041 0.954855 1.45029 1.11731 0.839914 1.65451 1.06073 2.3345 1.89418 0.555044 0.625904 1.48072 1.1649 1.35042 1.10296 1.55337 1.09943 0.890493 0.932474 1.76368 1.18322 1.30843 0.990763 1.30509 0.980199 0.960626 1.01119 2.02206 0.98514 1.0597 1.57959 1.37888 0.840183 1.38781 1.02985 1.83975 1.80736 1.0207 1.57361 1.35909 1.14621 1.201 1.28132 1.08473 0.675037 1.05633 0.960629 0.61647 1.02668 0.968284 2.35862 1.07889 0.916668 0.889241 1.27346 2.74272 0.950259 0.70404 1.35991 0.528316 0.750598 0.815516 0.687453 0.830907 0.736079 1.33421 2.04944 1.84424 0.878693 3.70721 0.953952 0.584598 0.660548 0.855389 0.889516 0.756844 0.975617 3.66614 0.597631 1.10425 1.18096 0.866666 0.874394 1.23007 1.48623 1.28922 1.19594 1.52247 0.590737 0.744842 1.29956 1.07699 0.942568 1.19601 1.46853 1.34095 0.891609 1.62059 1.78933 0.721527 1.29718 1.36171 1.15269 1.20018 0.825798 1.58701 1.19109 0.997829 0.729855 1.04286 1.72915 1.78747 0.907614 1.32732 1.48829 1.56268 1.6242 1.00705 1.19123 1.66149 0.765582 1.58365 1.53742 1.31946 1.8269 3.3199 0.679178 1.97129 0.841527 1.68886 0.845254 2.17384 1.4351 1.25804 0.724565 1.95616 1.37737 1.08017 0.791887 0.952007 2.55401 1.34627 1.91237 1.86899 0.920612 2.39507 1.34515 1.15084 1.6082 1.27737 2.9273 1.69713 2.88757 0.813135 0.765613 1.48811 0.531497 2.34409 2.89146 2.00442 1.04578 1.65241 0.321888 0.997541 0.923917 0.504357 1.52742 1.47095 1.82381 1.17054 1.01126 1.70745 1.80016 0.988763 0.628761 1.47547 0.71268 1.9647 0.997835 1.37701 1.38533 1.519 1.30392 0.943785 1.42951 0.78731 0.783641 0.865689 1.09317 1.14765 2.08866 0.71038 1.48089 1.11682 1.112 0.81077 1.02395 0.600339 1.52826 1.58836 1.05263 1.18421 0.554687 1.45336 1.00645 1.03208 1.22894 1.21571 1.71951 1.01763 1.016 1.96887 1.88105 0.807938 1.3047 0.515313 1.15023 0.960499 1.47449 1.26049 1.68691 1.39629 1.09106 0.858957 1.30883 2.21954 1.19177 0.789893 0.885157 1.77226 1.29265 1.21727 1.04205 1.39568 0.746305 1.87672 0.927507 0.955359 0.714796 0.73811 1.09859 0.971121 0.937876 0.778402 0.589897 1.21888 2.34347 1.18558 1.63085 1.19011 0.749849 2.14524 1.04036 0.663753 0.869998 0.880901 0.835177 0.957783 0.81961 0.916096 0.693197 1.34781 0.898977 1.06794 1.72437 0.912273 1.74923 1.24965 1.22564 2.03102 1.90702 0.695117 1.00913 1.30032 1.34995 1.01015 0.722063 0.952878 0.465849 0.537635 1.69355 1.46661 1.00852 1.31058 1.93529 1.40642 1.59113 1.59411 1.16062 1.53938 0.872236 1.47884 1.57941 1.03455 1.09636 1.60154 1.9617 2.22002 0.949905 1.48104 0.709777 1.27204 2.03658 0.946348 0.554088 1.74088 2.35633 1.30582 0.964029 1.2738 0.657589 0.527873 3.72755 1.52653 1.20628 0.865969 1.19506 0.987768 0.76464 1.23137 0.933235 0.513861 1.1254 1.82241 0.982939 1.82385 1.15056 0.758096 0.939639 0.99575 1.35516 1.12482 0.888991 1.3684 1.80017 1.2933 1.14245 1.11209 2.66753 1.35494 1.0675 0.854038 1.80206 2.12349 1.26652 1.07155 1.23351 1.42166 0.580083 2.73805 1.04863 2.43696 1.09425 1.18321 1.77773 1.02969 1.23586 1.32335 0.450444 1.2611 1.06192 0.945854 1.63111 1.87978 0.708512 1.02874 1.14344 1.337 2.15734 1.20739 1.67323 1.17854 1.72741 1.3371 1.85694 1.06094 1.2843 1.10171 1.39378 1.77785 1.48479 0.507131 0.645278 1.81674 2.29301 3.23622 0.932456 0.828895 1.13234 1.3276 1.45176 2.41624 0.670823 0.699983 1.43633 0.950601 1.16484 1.18115 1.80973 0.832714 0.723514 0.867793 1.07599 1.18652 0.907674 0.709418 0.863916 1.42814 2.07783 2.05805 1.03202 0.862918 0.697245 1.24663 2.0543 0.622031 2.2607 1.3858 1.65054 1.54444 1.53714 1.60791 1.9154 2.32295 0.749983 1.92025 0.868779 0.891106 0.670298 1.30714 0.655344 1.37526 1.61025 1.10763 1.13472 1.74002 0.959202 1.0347 1.27158 2.04705 1.39186 1.04819 1.1977 0.850504 0.53252 1.83157 1.03193 1.10896 1.20571 1.22923 1.34235 1.81247 1.22908 2.26445 0.5575 0.958451 1.36883 1.74518 1.85925 1.31 1.31226 1.12436 1.07608 2.30391 1.09503 0.891042 1.38258 0.498394 1.42503 1.86469 1.81233 1.67147 1.5083 1.04937 1.92536 1.32993 1.93079 1.05011 1.13398 1.99413 1.8306 1.25114 1.1257 1.18209 1.00328 1.14501 1.56663 0.980584 0.757327 0.458068 1.21491 1.24362 1.06646 1.16408 1.10664 0.655889 1.01902 1.02401 1.29669 1.68202 1.21103 1.20674 1.26197 1.54834 1.47404 1.20442 1.81703 1.55033 1.9362 0.846121 0.906865 1.22439 1.63542 0.704185 1.41004 1.16361 1.28714 1.57091 1.62818 0.846725 0.613079 1.39451 0.844199 1.56075 1.27582 0.97524 1.71211 1.08813 1.77958 1.23735 0.815096 1.58561 3.16519 0.72469 2.37811 1.37945 1.63603 1.32154 2.44634 1.19286 1.37745 2.77388 1.39821 1.59559 1.41786 1.5275 1.14083 1.18523 1.3981 1.55181 2.12346 1.01776 1.26456 1.17649 1.071 0.994725 0.736718 1.92775 1.27624 1.17088 1.32688 1.12302 1.70164 1.62979 1.39679 1.63049 0.848349 1.47864 1.93432 0.41289 1.14017 0.990799 1.09119 2.51691 1.28478 1.25391 1.29706 1.54298 1.51842 1.47481 1.52676 1.15424 1.16073 2.25906 1.51841 1.2816 1.20628 2.469 1.28217 1.32341 1.26746 0.616479 1.07264 1.25883 1.72404 1.2312 1.71145 1.05339 0.980617 0.919283 0.567032 0.881133 2.30545 1.28641 0.801468 1.51171 1.37778 1.20172 1.71871 2.35397 1.37096 1.12273 0.641307 1.06794 1.03325 1.31575 1.22563 1.3126 1.41731 1.32177 1.15118 1.3396 1.35313 1.36615 1.81842 1.38175 1.07961 0.860908 0.697928 1.35923 1.29917 0.666871 1.27437 0.965756 2.06726 1.06013 0.752295 1.44078 0.974479 1.73192 0.861701 1.34579 1.77652 2.44096 1.10945 1.58472 1.20125 1.15544 1.78601 1.27826 2.45805 2.80358 1.1526 1.39772 1.06652 0.799769 1.0237 1.19762 2.0394 1.46221 1.14618 1.54111 1.02885 0.572566 0.701111 1.35704 1.22842 1.52013 2.05712 1.3159 2.12696 1.52921 0.58957 1.29045 1.59181 0.915352 3.43051 0.899523 0.803883 1.33201 0.908065 2.29141 1.92932 1.53373 0.644428 1.62297 1.74726 0.398618 0.866216 0.754627 1.27184 0.672553 1.51542 0.742587 1.34996 1.42815 1.66652 1.70512 1.24835 0.562415 1.12452 1.03937 1.9337 1.65356 0.791059 1.69344 1.39697 0.938763 0.699364 0.848885 0.65492 1.45028 1.78333 0.950498 0.783999 1.0936 0.787536 1.12384 2.24977 1.34719 1.18076 0.734726 1.81375 1.27891 1.3732 1.35752 1.19718 1.12611 1.32868 0.544383 0.552948 1.48574 1.61168 0.701854 1.25932 1.32583 1.77742 0.631719 1.33501 1.37445 1.53146 1.43751 1.12029 0.838957 1.03246 1.38286 1.1216 0.841226 2.07216 1.8558 1.67984 1.136 0.896124 2.68653 0.71058 1.33362 1.6122 1.33874 1.97063 1.5126 1.25203 1.32333 1.43986 0.583142 1.39557 0.959055 0.792233 1.42183 0.913861 0.95223 1.61492 1.34937 1.20788 1.71352 1.65535 1.24049 1.23793 0.460513 1.75174 1.01967 1.45984 1.69613 1.01118 1.47549 1.45052 0.889239 1.4625 1.72137 1.70066 1.87131 2.5349 1.66067 1.60892 1.42186 1.23191 0.952989 1.02636 0.809113 2.02253 0.641505 1.69685 0.828833 1.61297 2.87833 1.73086 1.89984 1.83288 0.633994 1.4473 1.28881 1.5527 0.764894 3.14559 1.26682 1.01824 0.977658 1.51036 1.56421 2.70059 1.01204 1.18085 1.36837 0.724502 1.5514 0.911907 1.01698 0.722999 1.94163 1.68026 1.06341 1.59171 1.13177 1.08829 1.4783 0.88053 0.653325 1.80606 1.08056 1.40321 0.852428 1.76771 1.7277 1.50384 1.52141 0.728438 1.1975 2.27875 1.30408 1.38219 0.763001 1.3462 1.33113 1.37538 1.82815 1.54549 1.41635 0.752527 1.66212 1.71643 1.34606 1.61415 1.19097 1.38519 0.797291 1.08241 1.26927 2.29043 0.491561 0.601791 1.2598 1.61359 1.50711 1.6255 2.59303 2.04723 1.79976 1.91587 1.45595 1.14449 2.80903 0.906952 1.41607 1.15162 1.23016 1.09724 1.2372 1.0205 1.8615 2.12042 1.13906 0.899294 1.61558 1.67407 1.81264 1.60449 0.878951 1.02928 1.84837 0.856284 1.18754 0.847141 0.62883 1.72859 1.16 1.51625 1.2988 1.90429 1.31724 0.905641 1.15692 1.24601 3.35812 1.3635 1.7546 1.064 1.41242 0.638459 1.67935 1.83842 1.62078 2.14719 1.20968 2.4627 1.30069 1.26601 2.15273 1.06381 2.24476 1.69818 1.35427 1.74243 1.01328 0.748539 2.76482 1.08015 1.16291 1.65043 1.67567 1.61258 0.798774 0.863245 1.47704 1.78165 0.699463 1.79962 1.1959 1.29651 0.785211 1.61075 3.13866 0.993581 1.98588 1.42271 1.43258 1.26177 0.981633 1.48671 1.01024 1.41689 1.15723 1.0372 1.75531 0.958036 1.05161 0.615688 0.940801 1.2711 0.915752 1.15833 2.07233 1.54676 0.757167 0.989118 1.66988 1.14412 1.2008 1.47413 1.74624 0.953661 0.843316 1.00343 0.664708 1.71515 1.42666 0.89065 1.23134 1.05096 1.18081 1.47769 0.9894 1.22651 1.4195 1.35964 1.11602 0.827987 0.933279 1.58994 1.60442 1.23524 1.22507 2.09635 1.81749 0.963814 1.26991 1.38423 1.05463 0.669883 0.915864 1.29916 1.24312 1.1438 1.25175 1.18664 0.946224 1.35971 1.08107 1.35957 1.42696 1.56018 1.66392 1.10817 1.15541 2.47153 0.908341 0.816738 1.45122 1.22457 1.82519 0.533721 1.39457 0.791392 1.03364 1.15453 1.5128 0.963812 1.1549 1.53146 1.68221 1.08571 0.639965 1.99695 1.37353 1.94933 2.22231 1.17941 1.38193 1.49792 1.72095 1.20041 1.16217 0.649366 1.63887 1.52418 1.40844 1.14295 1.87438 2.65984 1.08917 3.10393 1.76594 1.48582 0.51484 1.62676 1.30463 0.939163 0.74873 0.657976 1.41281 1.21941 1.18487 1.3557 1.8516 1.00355 1.25496 1.46402 1.2111 1.28625 2.17992 1.15551 1.6905 0.52982 1.48858 1.25089 0.833155 3.55689 1.32391 1.8434 0.555911 1.75863 1.74467 1.57069 0.963512 1.16772 1.47892 1.18182 1.18951 1.16261 1.31126 1.1876 1.79058 1.36435 1.03544 0.7161 1.75691 1.44627 1.01249 1.6757 1.22286 1.03183 1.03064 1.25795 1.52133 1.21702 1.35346 1.96246 1.35888 0.940827 1.15174 1.81131 1.59668 1.2677 1.39443 1.51245 0.568926 1.53868 1.36797 0.875405 1.4709 1.16845 1.05489 1.83747 0.967329 1.34256 0.96033 1.23277 0.83481 2.11811 3.56662 1.72674 1.51121 1.10739 0.913524 1.06133 1.57214 1.78201 0.931104 0.956617 1.82156 1.47918 0.83768 1.22923 1.30148 1.76075 1.46528 1.2144 0.812537 1.7482 1.51261 1.27004 2.0719 1.01534 1.27642 0.967242 0.771274 1.14298 0.646677 1.23796 1.24337 1.57293 1.22311 1.24835 1.92462 1.09667 1.51942 0.672296 1.23458 1.1617 1.22808 1.03776 2.5896 1.84782 1.41078 0.943041 1.72169 0.822134 0.861793 2.17493 1.66793 0.904896 1.35416 1.76851 1.28584 1.43823 1.68533 1.66615 1.17003 1.07575 1.5798 1.01211 2.26869 1.12968 0.910194 1.21634 1.8339 1.23147 0.804914 1.5744 1.41576 1.14918 1.21188 1.24622 0.600975 1.19377 1.72205 1.61837 0.747681 2.6209 1.57287 1.82107 1.09497 1.15809 1.13865 1.36478 1.41457 0.801784 1.26267 1.91195 1.55991 1.54634 1.52086 1.86228 1.30269 0.884394 0.568369 1.53568 1.71692 0.35953 1.26805 1.55579 2.16197 1.04611 0.909695 1.05621 0.864047 0.981608 1.34897 1.67284 1.29345 1.24654 2.11163 0.760466 1.69226 1.71126 0.93499 1.67788 1.28834 1.01222 2.10095 1.73206 1.0469 0.878825 1.58374 1.49944 1.99019 1.40657 1.15514 1.05855 0.91476 0.846275 1.13918 1.42677 1.1266 1.476 1.5276 1.11221 0.740797 1.62187 1.64763 0.889294 1.16281 0.708035 1.51761 1.99691 1.80172 0.921406 2.05395 1.17649 1.51416 1.40249 1.06968 0.882157 1.56428 1.71512 1.29041 1.02938 0.968163 1.23961 0.868376 0.899596 1.24529 0.703219 0.913127 0.771588 1.65521 1.3962 0.877117 1.23673 1.02852 0.850433 1.45143 1.45523 1.2758 0.828738 1.13692 2.2076 0.649799 1.15279 1.30677 1.27084 1.59039 2.06048 1.16744 1.26641 1.56758 1.46339 0.754797 0.897866 1.16802 2.26632 1.29405 1.04032 1.61936 1.53734 3.66083 1.40469 1.19515 1.46235 1.01587 1.28716 0.727569 1.39715 0.963816 1.40014 0.787158 1.15133 1.24528 1.39124 1.30887 1.2193 1.70525 1.28669 1.54276 1.24618 1.08822 0.919092 0.998784 1.28152 0.91118 0.732803 2.14791 2.08373 1.19135 1.15581 1.34738 3.50314 0.677701 1.44092 1.29448 1.16036 1.40656 0.80452 1.37988 1.02607 1.30839 1.85244 1.29319 0.906059 1.5536 1.09318 1.75299 1.06063 0.813183 3.24244 1.95153 4.48807 0.644846 1.48691 2.34335 0.95979 1.09468 1.60723 1.48539 1.2241 1.6608 0.697675 1.8072 1.20814 1.89757 1.26448 1.28907 0.550086 0.903147 1.28638 1.26084 0.940521 1.29118 0.843019 1.38029 1.83986 1.5922 1.11084 1.458 1.91564 1.97854 0.768525 1.62675 1.7363 0.882737 2.21807 1.8178 0.811604 1.68362 1.39633 1.507 1.66619 1.30842 1.11424 1.42547 1.20163 1.31832 1.06263 1.40563 1.04765 1.49063 0.962466 1.4892 1.4424 1.64674 1.39343 0.721371 0.521626 1.39444 1.52045 1.32231 1.88483 1.57777 1.35676 1.1948 1.02836 0.884712 1.22882 0.597151 1.3227 1.67109 1.14793 0.652833 1.02392 1.74312 1.43881 1.20374 0.704494 1.59956 0.86592 1.11643 0.984599 1.65112 1.49063 1.00565 1.28636 1.01201 0.793107 1.10812 1.29549 1.9647 1.27302 1.47235 0.967318 1.09876 2.13225 1.23781 1.70083 1.6024 2.27262 1.41126 0.838347 1.95705 0.794428 1.33518 0.476779 1.23137 1.4068 2.47195 1.32875 1.44899 0.766587 1.42182 1.85346 0.75619 0.846249 1.69564 1.64193 1.66342 1.62828 0.983817 0.626854 1.6133 1.09264 1.46404 1.66455 1.56979 0.981504 1.27903 2.58188 1.89295 0.714146 1.10529 1.47479 1.35499 1.03718 3.32311 1.22418 1.00067 2.32777 1.79457 1.06379 1.33054 1.93191 2.44982 0.756932 1.38899 0.739124 1.77632 1.20719 1.61697 1.64089 2.20779 1.38742 1.34844 1.27893 1.00212 1.00359 1.41311 0.860836 1.12607 1.72152 1.77714 1.5846 1.19937 0.791421 1.19412 1.20377 1.23606 1.00439 1.24225 1.41484 1.13875 1.09101 1.30843 0.732496 1.23848 1.84489 1.44784 0.8837 1.45002 1.41645 0.363903 1.42648 0.795166 1.50484 0.940472 1.26608 1.73415 1.54967 1.39609 2.11531 1.76011 1.93996 1.49885 1.17417 1.68396 0.799189 1.1118 1.59161 0.974764 0.69719 0.880126 1.19431 0.720915 1.04419 2.07268 1.63134 1.50413 2.70398 0.933152 1.5434 2.45022 1.35334 2.31201 1.88441 0.981079 2.28191 1.68913 2.14116 2.21372 1.20139 0.627256 0.912697 1.38562 0.675714 0.818156 1.72401 1.38535 1.1077 1.49108 1.50589 1.42034 2.02158 1.12618 1.27995 1.42827 1.1235 1.51842 1.25704 1.57199 1.68188 1.55019 1.43851 1.36181 1.57823 1.7325 1.81769 0.985121 1.94222 1.32272 1.58074 1.10965 1.6173 1.1104 1.75303 2.42331 1.78863 1.69378 0.572075 1.67908 1.74091 1.25503 1.25105 1.95007 1.82033 2.75767 1.91683 1.29515 0.8497 1.15139 1.71611 1.70036 1.70957 1.10684 2.41574 2.34918 1.7503 2.25284 1.08212 1.4408 1.31609 1.45312 1.3045 1.04009 1.5421 1.75179 1.62708 1.46294 1.58242 1.18655 1.3532 2.31977 1.34036 1.26779 1.28124 1.44288 0.758727 2.53211 0.784786 1.35064 2.13922 1.82324 1.43958 1.41407 1.82191 1.60178 1.09597 1.33699 1.87493 1.28812 1.24215 2.47256 1.74176 1.14687 2.75006 1.15108 1.37996 1.39625 1.06012 1.70343 1.56957 1.07472 1.35706 1.1439 1.28644 1.48271 1.97733 1.41903 1.50841 0.66619 1.23435 1.51578 2.13185 1.49265 1.66194 1.72806 0.840513 1.12025 1.5037 1.39914 1.45245 1.11492 1.00197 2.14981 1.4573 1.24202 0.841462 0.913624 0.552352 1.49018 1.88618 0.927651 0.757191 1.49039 1.04818 1.20123 1.23521 1.39722 1.78593 1.68192 2.16102 1.4648 1.21366 1.64776 1.99888 1.48129 1.72763 0.501941 0.817423 2.29089 1.82751 1.65801 1.31206 1.20552 1.48168 1.50973 0.816005 1.29201 2.04463 1.22381 0.700384 2.06701 1.78083 1.27063 1.34235 1.81038 1.49219 1.24116 1.69861 1.4776 1.56575 0.931119 1.03348 1.19626 0.863552 1.79083 1.20601 1.95396 0.829136 1.16069 1.28826 1.57446 1.47527 0.887624 0.805069 1.70533 1.66947 1.40166 1.02832 1.64705 1.18426 1.66379 3.22777 0.848768 1.35303 0.910471 2.42759 2.95257 1.01975 1.33455 1.3639 0.714293 1.64309 1.27529 1.31166 1.97543 1.44466 2.40532 1.21968 1.75719 2.06951 1.3974 0.835065 1.53009 1.81168 1.4772 1.14625 1.89842 1.35028 1.57019 2.26187 1.50692 1.26553 1.80839 2.32244 1.40816 1.91129 1.75942 1.26549 2.2063 1.35415 1.73705 1.08491 1.34795 1.80182 1.57916 1.22496 1.3026 1.96414 1.50084 1.0748 1.58089 1.90862 1.8508 1.41702 1.21917 1.4904 0.873915 1.69376 1.12856 1.33397 1.33563 1.49734 1.09049 1.47004 1.40218 1.36838 1.8588 1.21105 1.87964 1.01024 2.14848 1.26367 2.0998 1.33137 0.88764 1.68551 1.00878 1.46252 1.39077 1.85685 1.66042 1.44405 2.54328 1.69575 1.44045 1.75821 2.22719 1.65963 1.29519 1.49275 1.72965 1.87702 1.22627 0.731935 1.75529 1.10902 1.60499 1.38456 1.37553 0.847412 2.05069 2.32033 1.27213 2.06163 2.3325 1.10705 1.86568 1.87792 1.56764 1.33824 1.66277 1.16172 1.46199 1.12521 1.07857 1.70192 1.51182 2.27368 1.57121 1.50231 1.66374 1.45501 1.86471 1.81682 1.494 3.45461 0.783084 1.51922 1.20884 1.26339 1.18518 1.83634 1.444 1.7759 0.903733 1.09268 1.7059 1.84156 1.21456 2.8342 1.77655 0.816505 1.56743 0.565064 1.28296 2.39952 1.16733 1.25316 0.957354 1.49752 1.22978 1.24131 1.14337 1.15324 1.60293 1.74509 1.88361 1.35046 1.86731 3.1493 1.27443 1.54466 0.611285 1.14481 1.47942 1.21796 1.38704 1.34822 1.47197 1.20943 2.22961 1.59102 1.3271 1.89424 1.26629 1.29032 0.938857 1.38645 1.33677 1.27687 1.63671 0.702245 1.33654 0.711799 2.03274 1.57688 2.14261 1.94883 1.43942 0.970313 1.45932 1.96711 2.01793 1.67125 1.52748 1.02161 1.51261 1.3179 1.26903 1.56431 3.12308 1.39925 1.83705 1.19422 2.1031 1.07861 1.50047 2.24418 0.734263 1.78186 1.42248 3.7797 2.08495 1.5457 1.90888 1.6113 1.73335 1.93711 1.60096 1.3531 1.04688 1.07653 1.25118 2.20728 1.46786 1.92095 1.02949 1.89791 0.781559 1.05496 1.8068 1.68057 1.42701 1.04957 1.40147 1.38713 3.55598 1.25985 1.92611 1.3395 1.44904 1.33959 1.37098 1.4236 1.46221 2.60488 1.30065 0.849342 1.82727 1.14195 2.07122 1.09752 1.5815 1.7489 1.41518 1.30715 0.874244 2.21257 2.08608 2.03049 1.11642 2.16712 4.28478 0.960611 1.83892 1.39188 1.32278 1.99301 1.73902 1.52123 1.00201 0.634149 1.80545 1.52801 1.76034 1.41043 1.09135 1.53927 0.63265 1.9433 1.47783 1.13283 1.12228 1.32648 1.58232 0.974879 1.20627 1.82839 1.21865 2.13144 1.54005 1.07005 1.59637 0.925315 1.72917 1.49988 1.35655 1.82157 3.05264 1.46803 1.35046 1.30468 0.918588 1.10097 2.78734 0.822246 2.86425 1.83094 1.12632 1.38221 1.05065 1.13334 1.32621 1.53717 1.27696 1.01297 1.76933 1.05048 1.77443 1.84775 1.02925 1.90226 1.49517 1.37053 0.967641 1.3843 1.68826 1.24156 4.56893 3.16294 1.01064 1.01382 2.08036 1.33897 1.31844 2.64123 2.41613 1.75393 1.15469 ]
@@@ Frame-accuracy per-class: [ 77.3136 54.0984 69.0194 64.3315 71.7209 65.685 76.6086 50.5464 65.1952 67.897 85.5244 49.8182 69.2 79.5397 44.64 46.7972 12.7764 54.4578 59.8878 73.2097 80.1023 13.0159 75.0347 67.9752 75.024 71.8241 16.2371 66.7043 47.4429 66.2157 69.9013 59.2784 70.5411 72.8742 71.7238 65.1735 80.2441 57.2531 72.069 82.3349 77.7064 32.6019 77.6583 62.0553 72.3098 71.4768 49.6368 67.5754 81.4913 78.6655 69.7702 5.30973 75.9518 55.5191 79.4925 34.3943 80.9148 46.0656 81.2632 64.5495 48.7713 52.3287 62.7544 26.847 69.7674 64.7969 48.4746 68.8785 14.6341 72.7504 73.4786 63.1034 45.1641 11.7845 52.0908 76.9212 66.5574 58.0894 24.43 54.4073 73.0496 52.6971 78.7443 1.4218 58.0505 76.7027 61.2994 75.7581 15.102 32.7239 50.2976 48.5644 49.4268 50.4249 24.7664 72.0363 65.3895 50.1602 69.2357 8.35214 67.3105 69.5067 53.5294 79.6155 17.5676 67.1932 80.3298 78.4646 84.4139 -nan 56.686 40.7339 45.5825 60.5458 16.6154 76.0744 10.0604 64.0129 71.6964 64.6312 68.3952 -nan 17.5299 79.44 60.1594 62.1134 65.5995 70.6452 69.1658 19.5294 65.3141 29.8765 82.1329 85.9146 42.7449 1.74825 18.7898 80.5071 77.8464 45.8333 76.7166 56.065 47.6295 74.0035 69.1751 60.1132 70.2767 34.4932 86.2736 57.8491 67.6409 51.3879 52.0799 27.75 64.6468 69.3301 42.8279 79.7974 46.7593 35.5 79.0368 40.4255 79.3581 -nan 81.7743 44.5378 78.0973 35.0394 18.593 78.7378 56.6502 85 80.3849 34.9614 54.1245 -nan -nan -nan 80.7487 72.4989 63.3333 86.6642 0 43.5897 44.9861 82.243 51.6667 33.3333 84.4304 77.9108 44.7011 71.1351 12.4031 75.5085 73.668 71.7391 53.3632 59.6793 32.5521 63.1298 71.7499 52.1458 68.7236 -nan 62.9182 76.1992 49.6241 76.2588 -nan 78.3749 71.9083 21.4724 66.1496 52.439 61.7354 29.3086 35.5844 75.3117 77.4654 90.2772 81.4869 37.4127 61.2226 34.3672 83.7619 57.1765 76.1615 61.6226 79.8643 86.7478 69.1108 66.1142 26.8559 72.5926 76.5512 40.219 71.0134 74.6395 67.6417 79.5394 75.578 72.3514 83.5489 86.1966 55.3223 74.3922 87.3261 49.8198 82.6643 71.0685 58.9342 69.3698 79.8452 38.7931 63.7722 66.3866 68.1428 47.4292 84.4381 78.882 61.8483 74.9265 63.5561 50.1949 61.9306 58.2563 78.1861 82.3394 78.0133 54.8975 52.5052 82.5287 79.0936 47.6115 59.8512 59.9561 89.7668 65.3381 79.3132 59.5846 55.9918 60.5263 58.0693 67.4952 51.4535 64.337 44.1188 67.8655 78.7045 43.5223 54.1726 70.3494 47.0831 62.1249 72.4208 68.2898 47.4149 59.9283 73.0249 77.3548 58.1612 60.0827 62.0144 78.0866 57.7296 54.7716 38.9291 56.7803 56.7799 62.892 78.5974 57.1429 70.2499 62.6609 57.8333 64.6252 59.1907 68.5298 70.1607 53.8797 67.0874 72.2251 35.8595 72.8261 65.5994 50.0792 59.9606 77.5108 69.2093 40.9211 80 57.6023 75.6142 67.1016 57.9589 64.3236 70.971 45.8188 66.1413 65.5219 29.5602 70.1346 56.6247 59.6194 84.9107 73.1132 61.1809 56.3581 64.0078 45.0377 45.3763 68.6866 69.6021 60.5495 70.5804 40.4321 24.4911 72.56 82.3779 66.9624 67.2244 89.5173 83.8348 61.4965 42.6852 49.5465 43.8963 50.5521 52.1851 31.2919 56.0725 43.9572 73.3851 54.5356 76.1932 59.9232 82.3725 42.9534 79.7523 67.1039 80.1593 72.6415 80.2922 69.3384 70.7581 78.471 53.169 60.7445 78.7776 76.6423 63.3047 65.6709 69.6279 85.3185 75.8543 75.47 57.6294 84.0474 84.4555 58.1833 76.8346 61.4393 66.9096 73.5498 78.8966 69.2787 69.7424 38.3448 75.7297 72.6573 55.069 54.0146 71.3141 49.1266 65.5479 71.3706 62.2222 47.7948 73.964 26.1877 75.0067 52.5665 48.024 65.4722 66.4835 62.2967 54.5267 43.6957 69.3394 78.7429 55.0974 36.7968 40.8743 61.9782 77.5159 57.4964 66.6467 56.2155 43.8911 71.9928 71.7368 82.2724 32.2862 29.5706 61.6564 46.5028 28.5313 53.9759 71.1773 55.9986 77.1457 45.0411 76.0365 36.7725 65.4611 61.0626 74.0532 78.6885 43.3702 63.4101 57.2505 37.8979 72.8462 68.1897 72.4481 74.3621 76.1926 51.3389 55.2716 73.8241 66.4286 43.9776 45.7967 53.0343 59.2058 71.1765 46.8463 66.3919 45.9079 63.0181 68.7289 63.9738 86.9725 89.0101 45.8101 31.2174 66.3862 74.9267 70.6729 80.5104 46.4348 65.154 70.1373 52.6107 53.1161 55.0403 38.2892 41.7037 72.2146 49.6617 68.247 40.9977 23.985 83.4723 72.5775 43.9474 74.9251 70.5955 64.9446 61.845 77.4148 69.8297 67.3664 42.515 45.8423 26.5284 55.9535 55.9876 51.9305 72.0031 47.9828 69.9605 56.9264 61.1156 54.2921 38.5479 69.5456 52.9313 37.1413 80.3922 75.0966 55.9737 66.7131 36.1779 43.3489 46.3794 73.5927 64.557 57.5391 65.7689 31.9883 58.6459 52.44 77.7978 87.5271 62.3638 78.1285 66.5392 73.3224 61.1511 79.9517 78.9988 56.2319 49.6637 26.0745 52.884 79.7468 67.2662 78.635 79.4521 70.0913 71.5057 71.6672 81.6383 68.8547 41.4894 78.9029 63.447 49.9434 45.7265 75.2084 70.8333 40.7961 42.2389 66.8505 79.2154 49.5604 34.4193 57.556 46.7497 81.2285 59.194 68.1365 80.5877 69.4731 70.8443 44.0665 79.4894 50.8514 64.5872 54.0179 62.2696 73.3488 74.6958 76.25 81.2979 52.1657 49.8224 83.5982 68.9305 78.8627 53.9871 75.1377 60.3636 78.89 71.0084 75.3555 81.3699 67.8296 78.7879 59.5501 64.5353 37.7212 50.06 44.9671 34.9374 59.139 58.1047 77.9264 54.8274 78.806 26.2136 89.5356 37.0213 67.3077 70.4142 61.4014 77.4179 58.3942 59.8826 41.7417 61.9356 81.4407 40.023 54.3843 68.9798 67.9515 71.4041 50.4695 50.7509 71.048 72.7704 38.3481 67.9825 60.326 68.287 76.1682 66.1775 68.3074 73.2961 54.6648 60.4703 80.4268 41.6433 50.5025 75.0399 51.9192 67.6383 56.2797 64.4083 57.0559 65.2418 68.0851 85.4027 20.5405 56.5382 29.0498 29.9674 51.671 57.0093 64.849 29.5184 64.1867 59.5989 67.3196 62.2827 78.2371 19.2208 62.8514 36.4865 64.0262 63.9717 54.2113 16.317 66.3564 68.1287 40.6276 71.6216 77.9373 85.4988 80.597 75.5463 82.6626 71.3402 64.1221 32.5536 46.8019 62.1954 63.2129 62.1269 70.2612 59.0793 82.9967 62.6066 70.2149 41.0359 50.5376 66.1247 42.6925 50.1141 65.223 77.5341 56.8075 92.0836 65.3891 71.733 79.3845 56.7713 61.6842 59.5976 70.6371 70.452 53.1278 74.0219 86.3065 66.9879 47.7941 69.0803 60.3175 75.7443 32.3678 43.058 56.8367 63.567 79.1685 58.4395 55.7924 61.7239 63.6494 76.0736 41.206 72.8997 76.3429 86.6333 54.2018 82.9492 64.7301 64.3667 54.2857 50.1914 79.3081 69.2277 78.4035 51.3005 67.803 85.8736 71.1248 60.7185 76.3763 71.1325 71.2037 49.5921 82.249 82.9749 57.935 63.2013 79.0984 53.1977 80.5972 50.0728 61.6773 50.8906 71.8714 73.2789 69.8915 73.3086 71.3871 31.7885 75.2632 58.4255 56.3506 72.8052 48.9521 59.0212 57.0248 59.5526 56.4442 52.027 70.0839 62.537 75.7098 59.1746 42.5071 69.9899 72.2063 88.7716 61.7105 64.0669 75.3879 77.0428 77.9395 55.7719 68.7961 69.6335 77.258 82.7091 72.0243 44.2484 50.6173 57.1648 53.6119 79.0312 65.0864 16.9941 65.9472 72.2767 53.7786 54.9618 67.545 71.6638 34.4315 49.5339 67.9945 28.0098 65.0641 72.7273 46.7794 52.6619 80.0689 69.8738 62.58 81.6365 66.2002 65.2151 69.1729 63.6503 58.0891 54.47 87.762 79.6178 54.4811 78.4615 68.2703 74.1993 68.0615 75.1745 30.6806 59.9138 70.1807 42.3415 82.2785 80.55 73.6805 77.0188 71.3089 83.92 76.2841 39.3939 65.4968 46.7418 58.5552 74.1531 83.7235 42.6236 77.5128 74.7687 76.3267 68.956 41.3315 63.747 73.6698 64.0737 54.6468 40.8796 60.1266 79.4097 40.7979 78.649 42.399 58.1408 82.3741 53.5936 79.929 71.1136 76.705 82.6258 78.8428 61.8924 68.4884 67.1691 72.117 72.9894 66.7421 66.464 74.717 72.4836 49.871 37.6403 36.5139 15.7534 63.7443 8.90411 43.9655 67.2219 65.5696 64.3258 71.5696 76.3223 56.7706 57.7465 62.0665 49.5652 24.6649 64.3564 56.845 66.5266 86.0246 73.5664 70.5919 74.6291 78.013 37.6089 60.8615 30.9446 70.0961 81.1914 56.8501 83.2636 82.8492 85 61.6652 82.2622 80.2039 66.0523 4.63918 57.9686 57.6956 59.3069 10.5882 87.7105 67.6022 71.8403 54.1436 77.7353 58.9147 62.7119 67.4714 40.8037 68.0934 71.1403 62.7314 72.8872 61.8526 68.4754 66.6234 71.8333 70.8752 42.772 64.2422 73.2036 85.2941 76.7895 69.0638 63.8015 61.0965 63.3831 67.9554 67.0552 61.9048 59.2325 74.4388 75.1395 41.4868 38.3309 74.5747 65.5172 61.039 72.2421 76.8155 34.769 66.4945 45.0082 50.8065 33.8865 64.5762 69.6705 76.4486 74.569 77.5189 75.2941 67.9751 50.3519 68.7363 72.2661 40.1114 77.6168 33.5239 68.9707 53.028 68.0825 60.9144 63.0252 50.3125 52.6408 63.7832 61.8349 67.0615 53.9326 51.719 39.8217 36.1664 69.4695 69.6552 78.8548 60.6306 78.4156 74.3519 72.8031 61.8705 13.164 75.3401 45.9743 73.9744 64.0305 26.2083 72.5 64.9497 50 41.8208 73.7991 54.5398 46.6352 54.1801 63.615 76.2675 67.5642 51.5385 72.6477 68.3333 63.3987 57.2209 81.9101 65.5172 65.132 73.0321 45.895 77.5835 83.3745 60.0246 15.7186 43.3333 64.5809 62.1061 72.5726 57.2899 56.7133 45.8513 55.0095 57.2102 73.9267 67.4825 78.3355 65.6539 67.6587 81.0523 83.105 70.3434 72.0342 59.6367 75.9758 83.2918 49.2308 59.0469 52.3496 75.7795 65.1074 49.4842 82.5229 58.4309 41.8259 32.9486 43.0219 84.7888 39.41 67.3469 22.6433 54.1761 61.8369 60.5705 50.4717 26.8131 69.4656 75.7202 52.9783 78.4819 59.9861 73.01 66.6435 42.8637 48.1626 42.1569 51.932 61.0108 50.6006 20 63.8838 62.1415 52.1438 59.4906 73.1884 57.1849 58.8072 60.9333 43.1507 80.9846 43.6082 73.0248 59.6021 47.7593 40.617 78.9741 69.6114 84.9545 75.1452 54.3558 81.9532 54.2708 75.6592 62.6154 86.6789 70.0347 68.9141 79.351 56.8501 79.5142 63.1874 60.5595 71.5985 83.2085 59.806 34.7647 71.9682 64.7773 70.2449 9.96016 69.4488 68.9731 58.0311 69.6178 52.1505 62.1713 67.1388 43.3403 59.2593 84.5675 69.497 78.8845 69.6404 60.8911 61.2414 74.9547 78.8571 46.2585 70.5311 74.1007 61.5305 57.7736 64.3154 72.5209 55.6413 69.2918 83.8605 54.7048 51.3372 58.7619 70.3336 57.0122 65.494 73.9943 48.7637 66.3653 28.9174 44.5013 84.655 80.3684 52.7542 65.8409 59.9805 59.7656 49.2188 65.9251 73.9575 72.3733 47.6673 66.8609 64.636 72.6483 58.6694 67.2118 73.0138 70.4719 38.4416 71.868 66.0913 51.6484 59.1129 75.6726 60.7157 69.7267 47.0345 45.1193 71.0707 48.9474 62.253 61.9412 66.8695 65.7606 67.9012 79.9456 66.047 68.8356 81.9687 68.9624 72.1842 30.531 68.0565 71.8809 74.605 58.3804 31.4286 71.5375 80 58.7182 84.5236 79.0039 74.4048 79.6875 74.4244 78.2066 60.8594 35.4922 40.7745 65.0147 3.30579 65.1256 83.3333 80.876 73.732 72.4452 76.0375 73.0816 3.92857 80.5065 67.8657 66.5428 74.6114 76.6837 63.4615 59.322 64.4898 64.4719 52.7027 82.3125 78.9707 61.8987 67.1785 72.4524 58.6021 53.6645 50 75.0297 52.2198 45.9241 78.7657 55.9214 56.5728 56.3452 59.1853 75.7305 52.8822 58.0533 73.5513 75.8903 70.9091 44.5589 45.8918 72.9651 62.9375 60.3476 51.6566 52.9957 72.0617 63.4783 51.0769 80.169 56.1852 54.0037 61.28 47.9452 21.0356 79.433 47.293 76.8212 40.9831 72.6109 28.2378 58.0078 60.5691 79.1367 39.2857 57.6284 68.7026 78.2781 72.2881 23.3025 58.8056 38.5455 44.1274 72.3484 34.7714 52.8455 63.9098 54.1063 63.3136 7.14286 54.2909 8.61244 75.7018 76.2915 55.7679 84.5392 33.9147 15.0912 40.4878 66.1568 52.9448 91.513 70.9302 77.5503 85.3532 53.5839 55.2597 44.898 65.205 69.4103 42.6748 50.1613 72.2304 81.9719 57.4837 78.3806 38.6646 69.9309 58.7568 54.8273 54.372 61.128 75.1603 50.884 76.0379 76.0888 74.2444 69.345 66.8232 37.0089 79.0498 55.0142 62.4309 67.8044 74.3182 65.8105 83.6865 52.518 54.1176 70.3827 57.867 82.6755 59.3376 72.2992 67.0412 62.0084 60.4668 45.0993 71.3597 70.3475 51.3889 54.0816 73.6557 61.3172 86.0554 63.1751 69.7386 58.5567 58.3093 50.6716 58.4689 72.2244 73.6195 59.593 35.0416 63.0484 77.0365 73.342 51.7034 62.6267 64.4819 69.9115 57.9505 77.1816 45.9854 71.5162 71.1765 80.4858 78.7554 69.7095 73.617 71.4848 77.3893 82.9825 63.9895 30.9593 64.6431 53.6082 57.8507 78.7589 40.1704 71.4342 76.9863 71.7023 72.9003 74.1634 67.4777 73.6981 74.32 79.8155 60.4167 71.8819 70.6748 50 74.0977 45.911 63.2497 66.9097 41.3043 44.5963 78.3212 70.3837 61.1189 59.4864 71.1233 76.7375 71.3497 87.4122 83.1522 55.5031 53.5354 68.4247 58.9267 59.8916 56.0691 48.4173 55.8612 65.1591 53.2209 72.2222 56.9075 56.3989 71.6649 66.9263 42.3625 40.7721 43.4109 71.6409 54.5032 80.0289 61.9243 38.4748 72.6415 82.607 53.1263 31.4143 60.7991 73.1536 53.8524 79.5541 85.1129 4.76839 52.4709 59.8703 75.813 64.5014 71.0526 76.3889 63.142 70.8512 84.2366 64.7933 44.5847 71.9154 42.2078 65.5605 79.0256 71.1373 68.871 59.5506 62.3704 75.3176 57.3698 50.9044 60.6188 67.082 68.5212 26.1307 60.1838 68.5629 76.3516 50.459 41.8306 60.316 68.9961 62.1155 55.7207 81.1902 23.5088 67.8586 25 63.3314 64.4703 45.5984 67.2269 65.337 62.4046 86.3963 55.615 72.6812 72.94 53.7866 48.9032 79.7478 69.8895 65.3061 57.0833 38.8457 62.7554 42.3619 61.5209 47.3934 60.3409 45.4957 66.273 62.3129 66.5357 59.728 48.6352 57.4775 83.6337 81.3585 46.455 49.9247 17.4684 70.1361 71.1316 69.3245 60.5475 56.7797 29.8068 80.932 81.2769 54.649 71.865 59.4626 63.8315 46.7341 70.7249 77.5062 75.4083 69.4315 61.2219 72.2525 78.2676 73.2892 55.0025 39.7875 42.0491 67.5102 75.2994 78.9162 65.2858 34.2918 82.3237 31.6809 57.2171 50.1664 54.3598 48.913 52.7988 42.4482 32.48 77.1771 37.5 75.751 73.0642 78.3582 58.6592 81.3109 62.7847 48.0665 67.0588 69.6835 56.1205 72.8132 68.1014 57.3053 36.6834 60.2954 68.6537 67.9086 76.1062 83.7139 47.7629 71.2299 65.2542 63.9758 60.8769 58.8863 46.0993 65.3669 34.5379 84.0858 72.2222 59.1376 51.771 45.0635 61.5536 61.3796 70.2684 71.3296 37.0951 64.1189 71.1552 61.4891 86.1533 59.9307 40.7954 44.484 48.9302 54.8896 71.9773 35.8663 68.7063 54.6539 66.4463 68.5036 40.7463 47.9275 69.186 65.7917 61.5385 69.0405 67.0872 55.3571 73.4375 75.6708 86.9323 64.8425 56.0872 68.3576 67.3627 63.2766 81.1341 64.0845 71.6858 62.3989 48.6532 64.1159 66.015 60.1481 49.1279 50.5369 60.0905 40.4792 52.6364 39.8289 76.5278 69.814 63.6308 53.5217 78.7419 61.6471 61.6302 55.7996 52.7319 52.4756 75.9823 83.3588 58.5564 75.1637 62.9436 62.3053 73.6368 50.969 69.3902 51.3034 61.791 73.2125 60.3491 6.98413 80.5395 31.6854 58.7001 53.0227 57.8212 27.9025 62.0489 63.0607 13.5802 63.8311 51.7553 60.2564 50 67.7398 65.4286 57.4059 47.619 44.2641 71.1188 61.25 68.6014 68.9584 69.7278 77.9808 46.6795 60.7466 69.1308 62.2505 64.5892 51.9337 50.7743 52.8027 55.5228 75.0323 61.6192 46.6568 87.0571 65.6217 67.3133 67.2296 31.7495 61.9469 61.1799 57.8698 56.4174 54.2697 51.5909 55.5811 63.4636 66.6835 34.4138 51.7217 63.1868 66.1281 34.5423 55.4951 59.7278 63.1854 85.9008 66.5988 63.5949 51.325 64.6378 51.9676 68.7632 71.6307 72.1083 82.9393 70.0776 32.6603 63.3045 73.3939 58.1629 57.1213 53.4796 44.9713 27.512 57.571 67.4141 81.8182 66.8074 68.5985 58.3747 61.2565 59.0106 62.9268 58.0378 65.4702 59.019 58.7771 59.2357 46.5234 59.7222 70.0376 71.2762 79.6335 67.0683 57.8558 79.2378 61.5079 68.4866 41.0811 65.7798 79.5353 49.5 72.3557 54.6619 76.7854 60.83 52.1595 18.3951 69.7631 54.6039 67.9934 67.7681 49.2038 64.8662 32.2034 13.7978 67.2372 54.3769 68.7202 76.1824 70.2742 63.2896 40.2077 56.6667 69.0751 53.6993 67.4385 83.2115 79.0143 60.5542 57.9553 56.07 36.1832 59.636 47.767 50.8197 83.6748 60.4293 57.2763 73.8614 11.6162 72.447 75.8204 64.5804 72.5581 33.0201 39.0728 51.0301 80.6528 53.0176 50.8941 87.1333 74.8256 77.102 66.3127 79.2219 51.3456 76.2286 61.4256 54.0678 43.8995 46.9939 60.2719 83.4559 70.5202 67.5064 38.2 54.6177 78.2794 48.1627 60.9884 71.992 80.0992 73.6683 80.4004 55.5487 50.4934 72.0264 77.1626 65.6878 76.5192 68.0194 39.3425 47.0603 63.0929 79.1623 47.3771 65.7633 59.5163 63.1911 62.3416 64.8718 56.698 83.5242 83.4775 55.0175 49.1987 79.949 55.5814 60.7194 39.4892 75.7809 62.3943 60.4825 59.5016 58.7978 67.943 74.2444 66.6667 55.8854 67.1789 73.2143 38.8456 44.1896 48.0882 65.3347 73.6121 23.4295 80.2415 64.0964 51.57 57.4728 43.662 55.4969 62.0148 59.9613 57.0229 81.0716 59.3801 68.6082 73.5294 53.9915 72.2689 74.7613 50.344 62.2978 59.2773 52.0217 48.6139 64.9539 61.9621 87.2276 49.9409 71.1251 56.1077 42.5296 70.7036 53.7402 58.0775 70.364 52.8327 53.4179 46.141 40.8072 29.0123 49.9303 58.6835 58.1556 64.8995 70.6343 71.2174 76.8438 40.3451 80.5679 45.9916 73.623 52.1907 17.128 52.3579 43.252 48.3495 79.2377 57.377 60.9941 56.1644 79.823 14.759 63.2698 68.3346 69.2938 52.5728 39.1843 20 67.7403 65.499 57.8604 79.7893 53.3243 70.9459 69.1434 77.2798 40.6504 51.863 64.3728 52.7373 64.5336 68.5393 53.0612 72.2015 80.9956 46.9534 62.9913 58.1356 74.9516 46.8675 50.4513 58.4022 52.5042 78.86 63.9935 31.2281 60.4187 56.9494 75.7669 59.6807 60.2128 58.2877 43.733 50.1889 55.9148 79.2777 42.7778 48.9343 62.641 46.4589 62.3864 60.166 76.1462 68.2687 61.3099 32.0598 85.9974 80.8636 61.6733 52.6348 53.3221 49.693 32.2473 46.8951 44.1718 45.1236 53.8874 62.986 27.7946 73.0858 52.7355 63.2323 61.9259 63.1369 65.2582 68.6321 47.6974 43.0489 63.8941 73.767 53.803 55.1724 43.9978 53.578 73.2355 69.5238 36.8633 75.3713 66.7154 72.1233 81.0317 46.4542 62.5629 59.5089 62.4533 39.3189 59.6206 71.2687 63.9672 64.4916 19.1729 61.0329 46.9149 68.72 56.1074 76.6253 49.9276 51.1834 56.5625 38.3126 62.1317 32.6821 61.5865 60.3854 33.7705 68.2303 33.4311 55.1595 50.8757 46.8175 68.8272 74.5569 26.8482 61.4522 68.4044 49.4975 60.3803 53.1311 77.6822 72.3027 56.3071 42.155 77.973 45.7067 64.1602 64.8294 73.8566 47.3567 18.5185 66.9892 42.08 57.236 53.3009 59.865 71.3021 54.623 68.3173 51.0058 58.928 66.8487 46.0799 74.9448 68.8447 80.5796 70.6869 63.4872 75.3876 60.9267 45.5975 54.7802 78.5019 68.53 51.5167 64.5161 65.6751 59.1783 48.7191 71.301 74.6531 67.5769 81.1294 50.3041 65.6982 73.1239 63.7845 66.2037 62.257 58.0222 73.0089 63.1957 55.1996 64.5793 66.3862 76.1283 70.5095 53.2154 53.2073 63.2094 68.0037 37.0899 46.0432 73.1121 60.478 59.8451 70.3083 83.0069 72.4719 58.2418 62.8247 65.0021 63.7865 63.6743 73.5259 61.5632 71.8085 55.8469 61.167 51.2774 52.5424 71.1692 59.979 35.3638 71.0808 73.4667 61.9876 59.7748 49.1667 83.6905 60.8355 75.8724 70.2607 67.2727 60.1404 71.6951 61.678 56.143 45.7531 65.8221 82.8777 44.863 59.0895 49.5345 25.9191 61.8768 54.3879 49.693 52.0343 61.9129 64.04 80.5336 53.2098 57.6241 58.1873 65.4149 46.9094 23.9087 67.3887 9.33014 49.086 58.8118 83.8571 46.5849 60.2619 75.8321 76.0998 80.4367 58.0093 62.0164 69.5162 60.6749 43.2045 72.8318 65.7617 57.9019 65.8043 62.5937 37.7724 64.3678 49.3771 83.6508 55.359 63.8418 73.7589 11.5929 59.912 47.7167 83.2871 38.9535 49.3671 55.3719 71.1692 67.135 55.5302 63.9821 63.751 65.8947 63.3156 56.2 52.2192 55.084 70.3617 76.7544 53.2383 58.4071 71.1867 32.6667 63.3046 68.4748 68.8714 60.7527 50.5263 61.244 59.6154 41.5284 58.8473 69.6127 64.0941 47.792 53.5838 54.7343 57.2391 48.0402 83.3102 50.0982 57.9372 74.6965 58.7269 63.0568 70.8832 45.0193 71.0383 64.0304 66.4884 66.1176 75.4082 38.0845 8.58995 51.5789 44.056 63.2301 72.8682 72.1798 60.3346 48.7923 72.1429 71.3467 44.7798 53.761 75.4717 70.0304 52.9631 43.225 59.9492 65.9157 76.0132 44.0385 52.1036 53.6619 48.8899 67.7728 69.0217 72.1075 77.5334 63.6257 79.2778 59.2456 62.5138 52.7539 64.4778 62.3813 41.8719 69.5939 55.239 80.0788 60.2824 65.483 64.7092 69.332 32.1962 43.7936 59.432 69.2931 48.7805 74.925 73.8219 34.5946 43.8275 69.8671 63.1083 44.4987 61.4367 57.918 47.1118 49.9872 64.297 66.7331 53.1226 65.4114 37.1176 65.1345 73.4899 63.8181 48.6188 62.5283 75.0777 48.9495 58.2621 67.1321 64.9586 59.204 82.1009 61.6561 50.345 52.6026 77.3704 16.4404 51.4584 47.4147 65.5456 65.4987 67.0669 57.2889 55.489 74.8723 69.3264 45.1845 56.4838 49.3208 57.1677 37.8603 57.7864 75.286 81.8182 51.0638 50.9949 89.6707 62.4589 52.0432 37.3312 67.206 72.1725 64.4212 73.061 66.5082 58.5366 53.6424 62.3492 63.3695 44.3023 78.9295 48.6336 48.3652 70.3075 50.6215 61.8287 68.4262 38.6867 50.0947 71.836 72.0755 56.1543 54.062 47.2343 55.9456 64.5601 68.0144 71.8321 71.6578 63.2953 47.1643 63.4146 59.0014 47.8762 66.1314 77.0394 52.5502 51.2821 74.6743 64.1405 78.3872 56.5736 42.1222 56.3953 75.4815 41.2805 67.3077 54.186 58.958 70.665 76.7158 50.8206 48.3706 66.9333 71.5447 68.9947 61.6261 75.8447 73.488 65.0949 78.3348 74.7249 75.7721 46.0526 57.4615 73.2534 63.6482 69.441 79.3103 58.1345 55.7272 61.5645 74.183 67.7047 33.2795 79.3686 62.6566 59.044 64.9495 50.5219 33.9941 62.9919 65.9471 56.983 57.3501 74.2004 72.9306 60.7256 40.3361 64.7458 72.2286 55.1758 57.7147 17.9747 64.1509 64.8426 56.5359 72.0663 58.5284 77.9716 60.3662 71.5211 57.8233 77.9327 67.7249 60.9361 55.4076 63.9615 63.2479 40.4209 63.8032 55.406 68.2526 65.5828 69.3452 71.2067 62.9316 71.4657 78.3366 36.0219 41.0491 60.1824 66.8561 56.5689 7.34375 81.1275 51.8367 60.5375 64.9143 60.1199 73.1405 59.2593 65.7534 60.7563 48.8991 62.4204 70.5375 49.0132 65.5564 51.2241 64.7946 76.3207 12.4688 44.1955 5.51948 80.1834 59.9359 32.6957 70.5584 68 50.6661 57.1785 65.5901 52.7864 81.174 48.2988 70.4142 38.0835 64.2744 62.6162 84.6487 71.0702 65.414 63.3377 69.7402 59.8442 77.7311 53.2051 47.2518 55.6701 66.7848 56.4446 50.8571 40.1244 76.302 51.1188 48.702 74.9143 40.2619 47.1806 71.4658 48.1928 61.726 54.279 53.5248 53.8266 67.148 60.8696 60.3343 60.6134 69.2245 58.9701 69.5086 61.588 72.1875 55.6034 54.3311 54.1264 56.753 77.6325 83.1675 67.4699 57.1545 57.9867 51.2195 56.0017 60.6421 70.903 71.7621 72.4375 64.588 82.5342 55.7222 56.0241 65.7097 77.1968 69.2989 47.3649 62.4047 59.0494 78.4441 52.6865 72.6473 68.4536 72.64 45.3061 53.0564 70.7584 57.8972 64.9268 75.9108 68.0196 61.1789 49.1994 60.4195 60.2 72.774 66.6667 35.3517 63.1186 50.5935 56.6031 34.767 52.8185 74.6644 46.1382 76.676 61.794 86.0431 59.805 53.9813 31.5789 62.2318 58.0667 78.169 58.6035 49.345 79.4521 76.7681 52.5826 52.5819 51.9481 51.7443 70.3377 82.68 56.2694 60.2554 56.5693 54.3307 54.6345 73.5616 56.7021 28.3034 36.9991 78.1987 69.6925 53.05 60.4252 67.9174 17.341 62.3064 71.165 35.2354 58.7292 71.682 58.0078 40.8537 33.6182 78.6799 59.5635 79.1481 43.7951 64.0122 54.4087 55.0341 38.0334 62.3316 63.0299 58.2893 67.5563 73.2782 52.6494 75.3623 67.4064 50.7152 50.9142 54.2925 62.8889 76.4656 66.6667 65.1934 60.1227 73.1548 63.5052 57.5827 64.461 65.1997 59.2781 78.6338 65.2231 47.6112 56.539 74.6625 59.3068 57.4451 90.3006 56.8075 76.2051 54.9938 73.5075 62.7907 49.7126 52.8213 58.568 37.9728 47.1417 40.0958 57.3313 66.0465 50.5793 77.73 65.5657 55.7223 67.6367 79.1514 73.3375 70.1937 77.3652 69.3258 40.0788 57.7386 56.857 29.4286 71.0583 53.2522 39.2357 58.3811 34.0627 47.5728 69.4174 36.3636 51.576 36.6313 41.9811 65.6367 80.1265 74.7674 58.5827 79.8097 78.8942 45.8716 61.5967 68.1147 55.9596 54.2197 55.9502 44.8657 67.3681 63.4729 55.0345 67.7504 55.1109 63.9479 53.5672 48.9159 51.9274 56.3107 60.7187 53.2999 50.1767 47.3218 68.4642 42.0139 61.7353 53.96 67.8035 56.0049 64.7434 47.9407 36.0971 50.6091 47.0648 83.3549 53.5199 47.5686 59.1549 59.3289 46.6484 37.3399 28.3981 45.9942 61.7225 73.595 65.4709 49.1469 53.5874 45.0088 67.4119 29.6248 31.5589 39.5712 32.7722 68.6496 62.7514 56 57.5441 65.7081 71.4468 53.7596 48.0447 53.4884 56.2096 54.1446 58.0773 59.2798 38.1766 58.1937 61.5778 62.7371 60.0212 77.7637 30.6186 80.7007 58.1019 44.3831 50.1033 57.9046 54.8571 48.1742 54.4976 65.2174 56.309 46.1929 63.2592 65.239 32.4607 48.5245 65.9683 14.8699 66.6927 59.4715 55.3977 69.2764 52.1549 56.9507 68.1024 55.0579 66.8734 60.5953 55.6914 46.5296 61.6987 58.0258 78.2761 61.3666 53.4066 42.0821 55.9187 55.5124 49.6283 77.502 63.3803 56.8196 60.1262 51.9772 65.4362 69.0703 37.3554 57.9224 63.9056 75.1485 70.8008 83.7375 57.46 54.6992 70.8284 74.4669 48.1696 67.492 62.8248 63.2963 58.2178 47.5199 53.3721 34.8872 59.257 60.3509 53.6153 42.4168 51.7643 55.2977 86.8148 73.3607 37.6221 42.9087 54.0746 57.9276 60.1436 57.5787 52.1079 74.6944 62.4284 42.6513 61.253 79.5936 48.8589 46.9114 61.6474 58.8381 48.5648 59.5391 65.1274 53.5585 59.6789 55.1642 71.0053 66.3694 68.4783 76.5493 51.8543 64.0125 46.8109 76.3547 67.3506 67.7419 56.3029 54.2208 74.339 75.4386 49.8709 51.919 59.2334 65.9441 50.0471 65.6184 52.2293 25.4941 74.9665 63.2453 73.5201 33.0368 24.3697 67.0384 60.6835 60.2259 78.4512 49.8273 59.0517 62.0297 44.708 58.0398 43.4286 61.7407 46.339 37.3142 60.9508 73.519 54.1802 41.4258 55.258 60.2273 44.5186 60.6498 47.1068 38.5083 54.4677 57.283 48.2801 35.0451 61.0482 41.9529 46.8368 61.7647 41.6376 59.8663 50.7261 65.6131 59.415 44.4619 56.37 60.0607 62.1013 45.7093 52.6695 70.993 53.9394 45.7119 43.2404 57.6923 61.3698 59.596 71.0377 48.6714 61.5328 57.5273 60.766 48.8352 64.4013 52.3401 59.9912 59.3354 43.7898 62.5914 44.9847 68.8636 43.9163 62.263 38.6254 62.776 73.0106 51.8923 71.4516 56.9857 59.4367 48.4314 51.3942 58.0475 35.1227 50.1676 56.4692 50 36.8687 48.81 58.5612 50.6453 46.2322 44.7525 62.9252 77.2243 51.8408 67.929 51.3367 55.6043 54.1199 75.8859 40.5904 38.3245 61.3518 39.8438 32.2299 66.8763 44.0616 41.4729 54.7831 57.8585 41.798 63.9018 55.9143 64.1575 68.7312 46.6624 53.4779 39.1732 58.5902 55.5471 49.6115 56.0789 49.7326 45.6901 57.5908 10.4167 76.1839 55.4358 65.2755 58.717 67.8947 54.4895 58.1345 52.6077 72.1166 67.0571 51.6438 43.4818 64.8566 10.7877 50.4732 75.137 55.7716 82.4259 63.5009 34.3154 66.3128 63.0932 74.0922 51.7321 68.6822 59.6873 68.3358 63.6275 54.2243 51.0559 45.062 61.2723 46.1312 14.7727 57.6942 54.1753 81.5756 67.2008 59.9071 65.9817 61.5787 56.6116 59.2271 64.0343 34.1202 52.2958 57.9965 47.5124 61.7788 63.1524 71.3228 58.0128 59.0494 62.9804 49.0566 80.7082 57.1524 79.1956 41.2833 44.2295 41.7092 40.4505 56.677 70.3867 53.189 45.3782 41.7683 50.4624 54.4416 70.3503 55.6835 63.5171 61.5308 53.6239 14.6764 50.7018 47.5694 66.3438 38.9568 66.3636 54.4251 31.7719 77.5701 47.5806 58.6851 8.85122 41.835 62.0647 54.2857 56.0538 49.4404 43.3378 52.1581 64.353 68.4234 68.5618 63.1336 34.994 55.3719 47.5912 68.8009 46.1244 76.482 69.8587 37.6963 48.5968 59.5062 71.5285 59.9581 61.7188 5.57851 68.134 45.4276 60.7752 56.4321 56.08 56.4052 58.5366 51.9279 25.8993 59.3103 73.2463 48.5905 64.5877 41.6667 66.8529 53.0043 42.2419 60.9375 60.9498 73.2193 38.9073 39.5197 42.3542 68.8192 34.2391 11.336 68.5415 49.6571 60.2022 55.8049 47.2767 50.8951 52.9475 69.5333 81.4951 48.9904 58.0024 49.9498 56.8501 70.3804 54.3157 82.1885 48.4663 58.4829 58.2653 67.9056 61.1269 57.0863 69.5286 60.1543 44.7706 66.822 35.4467 54.0093 67.2358 55.5556 75.5139 37.6731 51.7033 60.2335 45.9104 22.6586 58.3635 60.0587 61.0881 74.3107 68.984 20.1471 74.9135 23.7037 52.0033 66.9855 60.3046 65.0224 68.3915 59.6984 53.7815 59.5722 69.5616 49.1713 69.1589 44.2589 47.225 68.2272 45.828 57.2359 58.5821 72.0038 63.4756 49.9661 61.3757 0 20.6009 70.3993 72.1527 44 66.1194 62.2505 22.6 29.3355 50.4854 65.9269 ]
LOG (nnet-train-frmshuff:main():nnet-train-frmshuff.cc:367) AvgLoss: 1.04472 (Xent), [AvgXent: 1.04472, AvgTargetEnt: 0]
progress: [1.12082 1.11411 1.0805 1.08699 1.08677 1.082 1.06909 1.07297 1.08109 1.05323 1.05992 1.05141 1.05608 1.02103 1.04017 1.03548 1.03207 1.02126 1.00366 1.0058 0.996272 1.01651 0.985379 0.995904 0.984592 ]
FRAME_ACCURACY >> 67.9565% <<
LOG (nnet-train-frmshuff:PrintProfile():cu-device.cc:428) -----
[cudevice profile]
CuArray::CopyToVecD2H	7.08167s
DiffSigmoid	7.52909s
Sigmoid	8.7449s
MulElements	9.09874s
FindRowMaxId	10.5071s
MulRowsVec	12.386s
CuMatrix::Resize	15.7212s
CuMatrixBase::CopyFromMat(from CPU)	23.2893s
AddMatVec	24.0029s
CuMatrixBase::CopyFromMat(from other CuMatrixBase)	24.3104s
CuVector::SetZero	24.8444s
CuVector::Resize	25.3735s
CuMatrix::SetZero	28.6431s
AddMat	40.8236s
AddMatMat	202.376s
Total GPU time:	501.149s (may involve some double-counting)
-----
LOG (nnet-train-frmshuff:PrintMemoryUsage():cu-allocator.cc:127) Memory usage: 357825368 bytes currently allocated (max: 358598136); 231438540 currently in use by user (max: 239065452); 35271/1008627 calls to Malloc* resulted in CUDA calls.
LOG (nnet-train-frmshuff:PrintMemoryUsage():cu-allocator.cc:134) Time taken in cudaMallocPitch=2.68921, in cudaMalloc=0.0243378, in cudaFree=1.84985, in this->MallocPitch()=5.29804
LOG (nnet-train-frmshuff:PrintMemoryUsage():cu-device.cc:401) Memory used (according to the device): 420372480 bytes.
