dnn.guoxintech.com
nnet-train-frmshuff --cross-validate=false --randomize=true --verbose=1 --minibatch-size=256 --randomizer-size=32768 --randomizer-seed=777 --learn-rate=0.001 --momentum=0 --l1-penalty=0 --l2-penalty=0 --feature-transform=exp/tri4b_dnn/final.feature_transform 'ark:copy-feats scp:exp/tri4b_dnn/train.scp ark:- | apply-cmvn --norm-means=true --norm-vars=false --utt2spk=ark:data/fbank/train/utt2spk scp:data/fbank/train/cmvn.scp ark:- ark:- |' 'ark:ali-to-pdf exp/tri4b_ali/final.mdl "ark:gunzip -c exp/tri4b_ali/ali.*.gz |" ark:- | ali-to-post ark:- ark:- |' exp/tri4b_dnn/nnet/nnet_iter06_learnrate0.002_tr1.0274_cv1.6023 exp/tri4b_dnn/nnet/nnet_iter07 
LOG (nnet-train-frmshuff:SelectGpuIdAuto():cu-device.cc:301) Selecting from 1 GPUs
LOG (nnet-train-frmshuff:SelectGpuIdAuto():cu-device.cc:316) cudaSetDevice(0): GeForce GTX 960	free:3606M, used:489M, total:4095M, free/total:0.880562
LOG (nnet-train-frmshuff:SelectGpuIdAuto():cu-device.cc:365) Trying to select device: 0 (automatically), mem_ratio: 0.880562
LOG (nnet-train-frmshuff:SelectGpuIdAuto():cu-device.cc:384) Success selecting device 0 free mem ratio: 0.880562
LOG (nnet-train-frmshuff:FinalizeActiveGpu():cu-device.cc:226) The active GPU is [0]: GeForce GTX 960	free:3589M, used:506M, total:4095M, free/total:0.876411 version 5.2
apply-cmvn --norm-means=true --norm-vars=false --utt2spk=ark:data/fbank/train/utt2spk scp:data/fbank/train/cmvn.scp ark:- ark:- 
copy-feats scp:exp/tri4b_dnn/train.scp ark:- 
LOG (nnet-train-frmshuff:Init():nnet-randomizer.cc:31) Seeding by srand with : 777
LOG (nnet-train-frmshuff:main():nnet-train-frmshuff.cc:154) TRAINING STARTED
ali-to-post ark:- ark:- 
ali-to-pdf exp/tri4b_ali/final.mdl 'ark:gunzip -c exp/tri4b_ali/ali.*.gz |' ark:- 
VLOG[1] (nnet-train-frmshuff:main():nnet-train-frmshuff.cc:320) ### After 0 frames,
VLOG[1] (nnet-train-frmshuff:main():nnet-train-frmshuff.cc:321) 
### Forward propagation buffer content :
[0] output of <Input>  ( min -3.28791, max 3.95756, mean 0.0126265, stddev 0.992937, skewness 0.166349, kurtosis -0.735591 ) 
[1] output of <AffineTransform> ( min -71.5587, max 68.7708, mean -4.08814, stddev 7.67967, skewness 0.192025, kurtosis 1.93013 ) 
[2] output of <Sigmoid> ( min 8.36497e-32, max 1, mean 0.274953, stddev 0.39367, skewness 1.01894, kurtosis -0.750043 ) 
[3] output of <AffineTransform> ( min -34.7659, max 26.1149, mean -5.47282, stddev 5.55027, skewness 0.0944903, kurtosis 0.294277 ) 
[4] output of <Sigmoid> ( min 7.96798e-16, max 1, mean 0.168562, stddev 0.314017, skewness 1.78487, kurtosis 1.60854 ) 
[5] output of <AffineTransform> ( min -24.5763, max 17.6537, mean -4.0106, stddev 4.10233, skewness 0.0649531, kurtosis 0.308626 ) 
[6] output of <Sigmoid> ( min 2.12145e-11, max 1, mean 0.179114, stddev 0.298537, skewness 1.69472, kurtosis 1.45586 ) 
[7] output of <AffineTransform> ( min -26.9136, max 19.2016, mean -6.01286, stddev 4.7215, skewness 0.0748811, kurtosis 0.701507 ) 
[8] output of <Sigmoid> ( min 2.04916e-12, max 1, mean 0.106436, stddev 0.247594, skewness 2.62111, kurtosis 5.65952 ) 
[9] output of <AffineTransform> ( min -17.0483, max 27.2773, mean 0.00271898, stddev 4.02421, skewness 0.704315, kurtosis 1.52706 ) 
[10] output of <Softmax> ( min 9.49004e-19, max 0.999989, mean 0.000302297, stddev 0.0128003, skewness 59.587, kurtosis 3904.18 ) 
VLOG[1] (nnet-train-frmshuff:main():nnet-train-frmshuff.cc:323) 
### Backward propagation buffer content :
[0] diff of <Input>  ( min -4.16454, max 3.31535, mean 0.000202351, stddev 0.161149, skewness -0.289653, kurtosis 34.2214 ) 
[1] diff-output of <AffineTransform> ( min -0.551099, max 0.332132, mean -1.545e-05, stddev 0.00986532, skewness -1.54167, kurtosis 138.12 ) 
[2] diff-output of <Sigmoid> ( min -2.5348, max 2.01832, mean 0.000154534, stddev 0.116049, skewness -0.228628, kurtosis 17.014 ) 
[3] diff-output of <AffineTransform> ( min -0.330251, max 0.459045, mean 8.49469e-06, stddev 0.0111702, skewness 0.102066, kurtosis 76.0887 ) 
[4] diff-output of <Sigmoid> ( min -1.52743, max 2.00141, mean 0.000311319, stddev 0.12754, skewness -0.0389117, kurtosis 8.12905 ) 
[5] diff-output of <AffineTransform> ( min -0.262329, max 0.387241, mean -3.31651e-05, stddev 0.0124285, skewness 0.0845274, kurtosis 41.2386 ) 
[6] diff-output of <Sigmoid> ( min -1.25303, max 1.56713, mean -0.00124967, stddev 0.120467, skewness -0.184899, kurtosis 6.4182 ) 
[7] diff-output of <AffineTransform> ( min -0.511226, max 0.586077, mean 2.15163e-05, stddev 0.0136089, skewness 1.53951, kurtosis 132.597 ) 
[8] diff-output of <Sigmoid> ( min -3.39083, max 3.69724, mean 2.78928e-05, stddev 0.181231, skewness 0.0597339, kurtosis 20.7275 ) 
[9] diff-output of <AffineTransform> ( min -0.997562, max 0.968497, mean 8.1008e-12, stddev 0.012444, skewness -31.5605, kurtosis 3924.64 ) 
[10] diff-output of <Softmax> ( min -0.997562, max 0.968497, mean 8.1008e-12, stddev 0.012444, skewness -31.5605, kurtosis 3924.64 ) 
VLOG[1] (nnet-train-frmshuff:main():nnet-train-frmshuff.cc:324) 
### Gradient stats :
Component 1 : <AffineTransform>, 
  linearity_grad ( min -1.64948, max 1.11728, mean -0.00329018, stddev 0.160636, skewness -0.281894, kurtosis 2.44243 ) , lr-coef 1, max-norm 0
  bias_grad ( min -1.11258, max 0.695498, mean -0.0039552, stddev 0.172844, skewness -0.422961, kurtosis 3.15526 ) , lr-coef 1
Component 2 : <Sigmoid>, 
Component 3 : <AffineTransform>, 
  linearity_grad ( min -0.882972, max 0.799787, mean 0.00037075, stddev 0.086808, skewness -0.037739, kurtosis 3.35689 ) , lr-coef 1, max-norm 0
  bias_grad ( min -0.890455, max 0.646693, mean 0.00217464, stddev 0.198207, skewness -0.242408, kurtosis 0.959972 ) , lr-coef 1
Component 4 : <Sigmoid>, 
Component 5 : <AffineTransform>, 
  linearity_grad ( min -0.645553, max 0.920081, mean -0.00158305, stddev 0.0743837, skewness 0.108274, kurtosis 3.8278 ) , lr-coef 1, max-norm 0
  bias_grad ( min -0.732835, max 0.897183, mean -0.00849026, stddev 0.226064, skewness 0.310236, kurtosis 0.743092 ) , lr-coef 1
Component 6 : <Sigmoid>, 
Component 7 : <AffineTransform>, 
  linearity_grad ( min -0.988199, max 1.04516, mean 0.000658588, stddev 0.0777296, skewness 0.379737, kurtosis 6.35561 ) , lr-coef 1, max-norm 0
  bias_grad ( min -0.858502, max 0.931109, mean 0.00550817, stddev 0.234098, skewness 0.164107, kurtosis 1.09028 ) , lr-coef 1
Component 8 : <Sigmoid>, 
Component 9 : <AffineTransform>, 
  linearity_grad ( min -4.90057, max 2.40257, mean -8.53251e-10, stddev 0.0568181, skewness -6.85669, kurtosis 290.24 ) , lr-coef 1, max-norm 0
  bias_grad ( min -4.54178, max 2.16648, mean -2.47173e-09, stddev 0.20711, skewness -4.23529, kurtosis 91.7035 ) , lr-coef 0.1
Component 10 : <Softmax>, 
LOG (ali-to-pdf:main():ali-to-pdf.cc:68) Converted 9996 alignments to pdf sequences.
VLOG[1] (nnet-train-frmshuff:Eval():nnet-loss.cc:135) ProgressLoss[last 1h of 1h]: 1.11889 (Xent)
LOG (ali-to-post:main():ali-to-post.cc:65) Converted 9996 alignments.
WARNING (nnet-train-frmshuff:main():nnet-train-frmshuff.cc:169) A23_204, missing targets
VLOG[1] (nnet-train-frmshuff:Eval():nnet-loss.cc:135) ProgressLoss[last 1h of 2h]: 1.10866 (Xent)
VLOG[1] (nnet-train-frmshuff:Eval():nnet-loss.cc:135) ProgressLoss[last 1h of 3h]: 1.07051 (Xent)
VLOG[1] (nnet-train-frmshuff:Eval():nnet-loss.cc:135) ProgressLoss[last 1h of 4h]: 1.0687 (Xent)
VLOG[1] (nnet-train-frmshuff:Eval():nnet-loss.cc:135) ProgressLoss[last 1h of 5h]: 1.07394 (Xent)
VLOG[1] (nnet-train-frmshuff:Eval():nnet-loss.cc:135) ProgressLoss[last 1h of 6h]: 1.06261 (Xent)
VLOG[1] (nnet-train-frmshuff:Eval():nnet-loss.cc:135) ProgressLoss[last 1h of 7h]: 1.05436 (Xent)
VLOG[1] (nnet-train-frmshuff:Eval():nnet-loss.cc:135) ProgressLoss[last 1h of 8h]: 1.05433 (Xent)
VLOG[1] (nnet-train-frmshuff:Eval():nnet-loss.cc:135) ProgressLoss[last 1h of 9h]: 1.06198 (Xent)
VLOG[1] (nnet-train-frmshuff:Eval():nnet-loss.cc:135) ProgressLoss[last 1h of 10h]: 1.03448 (Xent)
VLOG[1] (nnet-train-frmshuff:Eval():nnet-loss.cc:135) ProgressLoss[last 1h of 11h]: 1.03879 (Xent)
VLOG[1] (nnet-train-frmshuff:Eval():nnet-loss.cc:135) ProgressLoss[last 1h of 12h]: 1.0279 (Xent)
VLOG[1] (nnet-train-frmshuff:main():nnet-train-frmshuff.cc:272) After 5000 utterances: time elapsed = 4.06606 min; processed 18729.6 frames per second.
VLOG[1] (nnet-train-frmshuff:Eval():nnet-loss.cc:135) ProgressLoss[last 1h of 13h]: 1.03617 (Xent)
VLOG[1] (nnet-train-frmshuff:Eval():nnet-loss.cc:135) ProgressLoss[last 1h of 14h]: 1.0037 (Xent)
VLOG[1] (nnet-train-frmshuff:Eval():nnet-loss.cc:135) ProgressLoss[last 1h of 15h]: 1.01793 (Xent)
VLOG[1] (nnet-train-frmshuff:Eval():nnet-loss.cc:135) ProgressLoss[last 1h of 16h]: 1.01349 (Xent)
VLOG[1] (nnet-train-frmshuff:Eval():nnet-loss.cc:135) ProgressLoss[last 1h of 17h]: 1.00538 (Xent)
VLOG[1] (nnet-train-frmshuff:Eval():nnet-loss.cc:135) ProgressLoss[last 1h of 18h]: 0.999777 (Xent)
VLOG[1] (nnet-train-frmshuff:Eval():nnet-loss.cc:135) ProgressLoss[last 1h of 19h]: 0.983402 (Xent)
VLOG[1] (nnet-train-frmshuff:Eval():nnet-loss.cc:135) ProgressLoss[last 1h of 20h]: 0.981603 (Xent)
WARNING (nnet-train-frmshuff:main():nnet-train-frmshuff.cc:169) A23_107, missing targets
VLOG[1] (nnet-train-frmshuff:Eval():nnet-loss.cc:135) ProgressLoss[last 1h of 21h]: 0.97256 (Xent)
VLOG[1] (nnet-train-frmshuff:Eval():nnet-loss.cc:135) ProgressLoss[last 1h of 22h]: 0.989516 (Xent)
VLOG[1] (nnet-train-frmshuff:Eval():nnet-loss.cc:135) ProgressLoss[last 1h of 23h]: 0.960505 (Xent)
WARNING (nnet-train-frmshuff:main():nnet-train-frmshuff.cc:169) C22_500, missing targets
WARNING (nnet-train-frmshuff:main():nnet-train-frmshuff.cc:169) C21_672, missing targets
VLOG[1] (nnet-train-frmshuff:Eval():nnet-loss.cc:135) ProgressLoss[last 1h of 24h]: 0.969405 (Xent)
VLOG[1] (nnet-train-frmshuff:Eval():nnet-loss.cc:135) ProgressLoss[last 1h of 25h]: 0.958842 (Xent)
LOG (copy-feats:main():copy-feats.cc:101) Copied 10000 feature matrices.
LOG (apply-cmvn:main():apply-cmvn.cc:146) Applied cepstral mean normalization to 10000 utterances, errors on 0
VLOG[1] (nnet-train-frmshuff:main():nnet-train-frmshuff.cc:345) ### After 9172992 frames,
VLOG[1] (nnet-train-frmshuff:main():nnet-train-frmshuff.cc:346) 
### Forward propagation buffer content :
[0] output of <Input>  ( min -3.05699, max 3.97779, mean -0.0266961, stddev 0.94405, skewness 0.143742, kurtosis -0.532818 ) 
[1] output of <AffineTransform> ( min -71.2337, max 86.6514, mean -4.06601, stddev 7.75621, skewness 0.229166, kurtosis 2.10209 ) 
[2] output of <Sigmoid> ( min 1.15771e-31, max 1, mean 0.276845, stddev 0.394829, skewness 1.00786, kurtosis -0.774621 ) 
[3] output of <AffineTransform> ( min -36.2581, max 22.1276, mean -5.39756, stddev 5.51258, skewness 0.0961031, kurtosis 0.30705 ) 
[4] output of <Sigmoid> ( min 1.79195e-16, max 1, mean 0.170588, stddev 0.315475, skewness 1.76426, kurtosis 1.53056 ) 
[5] output of <AffineTransform> ( min -24.0032, max 15.7731, mean -3.97368, stddev 4.03578, skewness 0.0737994, kurtosis 0.196584 ) 
[6] output of <Sigmoid> ( min 3.76306e-11, max 1, mean 0.179891, stddev 0.298692, skewness 1.68499, kurtosis 1.41997 ) 
[7] output of <AffineTransform> ( min -27.7775, max 20.353, mean -5.87707, stddev 4.65102, skewness 0.0860985, kurtosis 0.648804 ) 
[8] output of <Sigmoid> ( min 8.63739e-13, max 1, mean 0.109377, stddev 0.249333, skewness 2.57146, kurtosis 5.40238 ) 
[9] output of <AffineTransform> ( min -16.1896, max 29.8032, mean 0.00340219, stddev 4.04424, skewness 0.657989, kurtosis 1.27535 ) 
[10] output of <Softmax> ( min 1.06028e-20, max 0.999887, mean 0.000302297, stddev 0.0131859, skewness 59.719, kurtosis 3869.69 ) 
VLOG[1] (nnet-train-frmshuff:main():nnet-train-frmshuff.cc:348) 
### Backward propagation buffer content :
[0] diff of <Input>  ( min -2.90288, max 2.55423, mean -0.000410855, stddev 0.132133, skewness -0.0662055, kurtosis 35.3739 ) 
[1] diff-output of <AffineTransform> ( min -0.355356, max 0.399192, mean 1.88464e-05, stddev 0.00850941, skewness 0.195494, kurtosis 134.717 ) 
[2] diff-output of <Sigmoid> ( min -2.45921, max 1.60029, mean 0.000480215, stddev 0.101322, skewness -0.0439944, kurtosis 19.4619 ) 
[3] diff-output of <AffineTransform> ( min -0.26307, max 0.273992, mean 4.87295e-06, stddev 0.00975746, skewness -0.0512385, kurtosis 69.0746 ) 
[4] diff-output of <Sigmoid> ( min -2.2099, max 1.31106, mean -8.67848e-05, stddev 0.11242, skewness -0.110678, kurtosis 9.42775 ) 
[5] diff-output of <AffineTransform> ( min -0.237705, max 0.265756, mean 1.38561e-06, stddev 0.0107012, skewness 0.159846, kurtosis 41.8942 ) 
[6] diff-output of <Sigmoid> ( min -1.15363, max 1.40386, mean 0.000346491, stddev 0.103933, skewness 0.0145909, kurtosis 6.8723 ) 
[7] diff-output of <AffineTransform> ( min -0.540316, max 0.320542, mean -1.89411e-06, stddev 0.0111554, skewness -0.602908, kurtosis 95.704 ) 
[8] diff-output of <Sigmoid> ( min -3.02888, max 2.37291, mean 0.000538599, stddev 0.13478, skewness -0.262236, kurtosis 20.5367 ) 
[9] diff-output of <AffineTransform> ( min -0.997879, max 0.938739, mean 1.0695e-11, stddev 0.0107862, skewness -38.8067, kurtosis 4903.03 ) 
[10] diff-output of <Softmax> ( min -0.997879, max 0.938739, mean 1.0695e-11, stddev 0.0107862, skewness -38.8067, kurtosis 4903.03 ) 
VLOG[1] (nnet-train-frmshuff:main():nnet-train-frmshuff.cc:349) 
### Gradient stats :
Component 1 : <AffineTransform>, 
  linearity_grad ( min -1.08826, max 1.53337, mean -0.00681263, stddev 0.12863, skewness -0.0517745, kurtosis 2.21161 ) , lr-coef 1, max-norm 0
  bias_grad ( min -0.560355, max 0.689574, mean 0.00482467, stddev 0.14272, skewness 0.0858635, kurtosis 0.706937 ) , lr-coef 1
Component 2 : <Sigmoid>, 
Component 3 : <AffineTransform>, 
  linearity_grad ( min -0.619101, max 0.57668, mean 0.000611539, stddev 0.080358, skewness -0.0714245, kurtosis 2.57454 ) , lr-coef 1, max-norm 0
  bias_grad ( min -0.717349, max 0.591187, mean 0.00124747, stddev 0.170403, skewness 0.0170838, kurtosis 0.459561 ) , lr-coef 1
Component 4 : <Sigmoid>, 
Component 5 : <AffineTransform>, 
  linearity_grad ( min -0.673338, max 0.6254, mean 2.91532e-05, stddev 0.0686112, skewness 0.00263829, kurtosis 3.64683 ) , lr-coef 1, max-norm 0
  bias_grad ( min -0.731843, max 0.634712, mean 0.000354718, stddev 0.194617, skewness -0.0320953, kurtosis 0.311774 ) , lr-coef 1
Component 6 : <Sigmoid>, 
Component 7 : <AffineTransform>, 
  linearity_grad ( min -1.14985, max 1.06965, mean -0.000230685, stddev 0.0710548, skewness -0.3422, kurtosis 8.81629 ) , lr-coef 1, max-norm 0
  bias_grad ( min -1.28241, max 1.12122, mean -0.000484892, stddev 0.215162, skewness -0.289418, kurtosis 2.94656 ) , lr-coef 1
Component 8 : <Sigmoid>, 
Component 9 : <AffineTransform>, 
  linearity_grad ( min -4.55054, max 1.99423, mean -6.92402e-10, stddev 0.0551358, skewness -15.8611, kurtosis 767.285 ) , lr-coef 1, max-norm 0
  bias_grad ( min -4.55061, max 2.20075, mean -8.93461e-10, stddev 0.207043, skewness -6.52556, kurtosis 112.708 ) , lr-coef 0.1
Component 10 : <Softmax>, 
LOG (nnet-train-frmshuff:main():nnet-train-frmshuff.cc:357) Done 9996 files, 4 with no tgt_mats, 0 with other errors. [TRAINING, RANDOMIZED, 8.08402 min, fps18911.8]
LOG (nnet-train-frmshuff:main():nnet-train-frmshuff.cc:366) PER-CLASS PERFORMANCE:
@@@ Frames per-class: [ 565947 488 1856 2655 3568 781 1492 366 1178 2601 6093 275 1750 2781 625 562 407 2075 713 1564 3910 315 721 484 3131 1228 388 886 1838 5544 1216 582 998 1423 2274 2478 2622 648 1450 1302 3270 319 837 506 1459 1185 413 2751 2642 2203 1697 113 5227 1522 5320 974 5444 610 2375 3574 2645 5196 2948 961 731 1034 885 1070 246 1967 4634 2320 1158 297 837 4047 1525 649 614 329 1269 241 5288 211 2298 1571 3925 5375 490 2188 672 1219 1570 1059 214 2868 2349 1561 1557 443 673 446 850 4317 148 823 1698 8558 1527 0 2752 1090 2060 2968 650 3118 497 1859 3307 2522 2642 0 502 1250 502 1164 1593 1240 1894 425 764 405 3235 1498 1909 286 628 631 1133 408 1937 5169 907 577 7189 707 2964 1322 4240 1153 1437 2810 2452 800 3284 2090 488 3356 216 200 1059 329 1589 0 2074 357 1356 254 199 1331 812 1760 1611 389 691 0 0 0 935 4378 450 2722 3 1794 718 428 600 126 1580 3676 736 1947 258 4769 2271 2576 1561 4241 384 1310 5646 1701 3079 0 1076 2731 532 7527 0 2363 3097 163 2514 164 703 969 2310 6817 456986 521258 457790 3007 267081 806 2722 3400 2626 2194 884 12081 14170 2836 916 1080 1386 2009 2615 5895 547 3387 1384 774 2474 1007 2048 1851 1941 1387 1719 3968 9195 2158 2714 464 1071 1666 5826 953 5295 1610 844 1360 4983 1283 922 757 1279 3052 1651 878 958 3480 1368 3789 7258 1366 4759 1405 3640 2311 1961 3572 1357 2092 688 1531 2457 1279 1127 2663 707 1059 4114 2466 8365 842 3733 1395 1405 2049 1936 4111 695 3742 3920 2452 691 5044 3739 574 2752 1057 11963 1165 1200 1094 2323 2129 4045 1147 2060 3856 5067 1012 1343 4417 507 5785 6804 3409 620 684 1099 1456 1313 2262 2997 2296 3680 5183 1546 817 1985 4782 2240 424 796 983 1542 3053 1395 3845 4599 910 2240 2268 1572 4457 942 8678 1016 2652 1695 2753 2160 6505 1581 815 389 2237 6126 935 3220 926 3457 781 3001 1781 1857 991 4395 5194 5886 1572 1385 4408 568 1182 2356 548 466 9540 6101 5919 2224 1117 734 2194 4812 1222 1826 931 1372 2310 725 1123 3533 1450 3700 2209 2969 3288 1248 1832 1013 985 1170 6258 5116 863 3733 4208 1999 4130 2366 1045 2905 460 2195 1416 873 1511 1830 1102 1103 4889 3334 724 2791 2785 1854 4383 1146 2259 652 1058 1069 3320 2956 2959 2039 2309 1423 378 3871 1374 1954 1037 362 2170 531 1351 1300 1160 1107 3253 2243 1083 1565 1956 840 1071 797 758 1662 510 1633 1577 782 941 1778 458 4905 1283 2685 1150 4278 2389 2779 1293 575 617 1748 3773 706 1488 1964 5177 1454 1478 907 3027 1330 2638 1517 760 5005 4870 542 5973 1408 822 1048 501 1852 1881 7399 1286 518 1293 4660 1265 462 2474 897 2851 7526 597 1847 1938 3365 1063 718 832 1714 1671 2185 316 1406 3713 1710 1093 1209 2779 3231 1193 1774 523 3055 1807 1242 1638 690 1784 2443 5860 237 834 2022 1533 7884 1481 5986 2881 1432 2162 5323 1056 883 468 2279 936 4949 2126 4534 3594 910 1903 1383 3292 1742 794 5511 3029 1841 758 5233 2350 6871 1635 448 2062 4300 2383 1040 2219 531 6194 1951 3740 1741 928 2361 550 1009 476 422 4745 2207 3135 4979 3034 904 833 1977 3512 2834 1203 3588 1709 4690 721 4587 940 780 1690 842 2192 2055 1022 666 6489 3179 1739 1072 1686 1401 3497 852 2930 1689 2321 2712 912 5215 864 856 1363 1158 1790 1447 893 5717 2142 796 3762 1980 1338 1473 2273 1807 1778 705 5227 740 3426 1105 3377 389 214 2219 2097 5121 349 2093 2243 1645 1155 1494 740 1376 1274 2612 1287 2149 3853 1211 888 2298 2586 5092 961 4597 1455 1310 513 3549 4555 1052 2680 1493 1955 3664 821 977 251 558 2583 1649 3945 4664 2782 1065 6695 1722 1408 6466 2230 3325 2485 1083 3540 3341 639 796 3632 544 5317 252 2049 3176 569 980 1441 4474 1256 1079 1369 1392 1467 796 4797 1843 6202 3201 3167 2427 3000 630 2873 1561 2473 3445 4575 1056 1345 1787 9409 1435 2075 2351 1716 5718 1116 523 606 1464 344 6396 687 942 786 1742 857 5623 1079 1377 1532 760 1537 5283 3383 1336 1696 1089 1654 5214 1628 1073 1687 1268 3150 2122 2959 1047 5780 760 2154 2320 3341 1786 3647 407 1146 2159 2296 1319 1417 405 2610 1412 1569 2257 1018 417 1735 569 917 1556 1154 941 2360 3615 407 624 737 2779 2085 2323 1268 938 3202 3287 3835 532 652 3276 1566 5009 1727 424 1105 1850 2810 1625 5301 1910 928 1328 1025 790 4473 2823 5226 955 3949 1577 561 1852 1243 12846 3513 1837 2691 4696 2810 2167 364 721 1233 2556 977 538 2001 948 1457 1554 829 1559 1904 1390 1614 1126 907 1129 2803 2316 3477 860 2720 581 3954 442 987 1590 5186 1550 5255 1331 1314 2612 438 580 1501 2370 2136 3039 2817 1957 2556 1384 345 373 707 2206 714 1059 3662 3193 1348 1228 2066 1625 1228 1769 4482 927 2151 1790 3480 1153 4341 1177 3635 194 1782 2352 1010 510 1603 1247 3782 1991 1307 645 767 787 647 4112 6542 6158 2615 3649 3004 770 3671 697 2684 2461 2004 4318 2822 1474 2478 2663 1005 1526 1287 1869 1798 1381 2329 2502 6950 3292 1682 1617 3635 2217 2554 1355 611 992 1868 1451 3096 535 464 6610 850 2089 1563 1369 1774 359 2140 1924 1982 3864 3249 2231 1309 960 1136 867 1090 1773 1246 669 1346 1106 999 1450 2672 2220 4860 4012 5758 417 866 588 857 1560 2491 1469 960 796 792 2109 4809 1608 3596 622 852 2288 3194 1040 1371 1800 306 1648 13748 841 1477 2744 1961 1258 1618 813 668 180 1742 1301 1411 583 2428 2314 529 1484 2865 1144 2331 757 504 3383 7446 961 3161 1982 1486 1203 3120 4134 1064 7890 2095 3005 1419 854 2826 1733 1734 4569 3390 1568 1082 443 4562 596 1696 3461 1965 729 4281 2872 4321 10804 1439 2193 1279 1224 647 2216 666 980 1102 523 723 1649 2346 2039 721 2250 438 2214 970 886 1156 781 1945 2164 2728 2087 1722 815 3635 960 986 1950 4354 2593 1676 1695 927 1235 891 3646 1345 2269 928 1211 1006 988 4043 251 2576 1821 772 2564 1488 1179 5225 2868 702 1607 2803 1757 2892 606 725 3310 6702 882 1544 1946 967 1608 1446 1674 1037 1892 25831 2168 1720 3053 5336 9184 1336 696 728 2765 702 1173 2913 4126 1888 767 1027 768 1408 2697 2542 1875 493 4119 673 2647 1984 1284 4695 1568 1540 3999 1796 364 1240 892 5170 1427 1450 922 4511 2470 1012 5100 1479 2281 2349 1471 1022 584 1087 1089 1607 1582 1487 3695 1709 1062 490 787 450 1061 4775 2048 3192 1408 1607 4405 3421 1158 439 2724 121 3504 2856 1621 1873 2965 747 821 560 4699 417 1614 579 2153 468 236 735 729 1184 6841 1127 790 521 2414 12590 1228 2492 9263 1802 1239 2463 1731 426 985 1252 2464 399 863 1346 2443 2530 3979 3347 2064 1457 633 664 1619 519 1495 2600 2249 1447 537 625 1022 309 5397 628 1057 6266 5232 2355 512 492 556 756 2648 2243 2021 1097 648 1641 1100 2418 3479 1159 246 798 621 1521 392 1107 209 2280 1084 4239 4340 516 603 615 2615 1630 9815 6536 2931 1345 2581 2253 1078 1049 814 1645 620 4080 2424 461 2396 1288 1593 2381 1129 4140 656 1715 2828 3902 7210 3110 2626 2342 789 7704 1765 2172 1084 4217 1129 5474 278 1360 1202 1519 6182 1087 361 267 1424 1371 1510 2905 1784 360 490 2399 1321 4188 1222 4590 1455 1041 1340 1045 2495 5940 1032 722 3077 1289 5383 998 2269 3677 678 849 1547 685 1141 2040 1235 1398 1205 705 3556 429 3420 1905 688 1499 1067 1675 2514 1643 2531 365 2244 2679 7052 2466 3034 1250 3468 1008 1355 815 700 471 2091 1834 2880 598 1610 4539 834 2860 701 3463 2072 1630 5839 3312 636 1584 2882 969 738 2142 4170 836 2388 652 1440 789 1133 967 1412 982 1062 387 1749 1077 2078 1954 1744 848 5209 2447 799 4505 853 2466 4754 3943 734 688 1388 492 1093 1102 1728 662 1163 2823 3096 1505 3639 924 1356 1211 932 1240 890 2025 1653 1133 774 711 4976 2049 1194 1959 2338 2719 2832 1322 4493 10160 1333 673 6167 1140 2433 392 3518 774 1011 357 727 1048 8630 748 1380 983 2324 775 1348 724 1421 480 901 4747 923 1315 844 1760 2875 762 1470 1527 956 1209 1665 8933 3283 945 1328 395 1249 2934 3612 1242 472 1087 2103 3023 1054 1244 4243 1258 1286 3573 2005 1102 5365 3159 2202 1951 1359 2009 847 2157 2213 4676 7935 2414 2365 1205 1291 1732 1202 1273 460 661 1013 1250 7269 424 2763 1511 3886 358 1846 7376 2224 1870 1580 531 2115 1696 1143 398 2370 1493 1181 1582 1971 894 2301 1298 1821 2372 844 564 3693 1439 3123 1116 487 1694 1023 2536 2421 1453 3031 957 1413 1411 1558 2961 2019 1559 2810 1075 1268 2291 3711 1144 838 1815 2740 2680 386 860 1181 221 2668 2695 504 448 2795 2334 603 2111 3982 2586 2173 2751 568 611 1484 594 1346 665 675 1032 2794 1105 793 2162 2104 720 3548 1625 2442 6200 425 3607 1457 787 2666 1578 3275 1233 2291 958 642 2109 1032 4100 959 1005 7944 802 945 7081 890 1477 794 2864 2093 2411 1137 162 1634 997 312 1648 6181 1400 1195 315 1848 2029 1120 1430 2429 2755 1040 1039 884 5154 1653 2471 362 4520 2676 1358 4638 667 1346 2032 3828 1701 1895 463 339 3390 845 1083 890 2640 869 947 1978 1450 1394 1092 1795 579 5332 1984 1149 383 982 4384 717 1988 864 1892 1484 1219 4103 9665 842 1041 3082 2885 1987 1322 696 836 1268 1338 1254 2606 949 2818 3056 2264 820 2171 1978 1896 1014 471 1582 864 2126 10030 1910 249 2164 761 2268 1685 370 3007 6240 2600 2789 1952 10222 2530 602 810 3208 3269 1206 1725 628 1981 590 732 818 1942 2305 1184 1386 839 674 690 1038 838 691 9572 3855 1985 1477 972 655 934 515 549 3124 1817 1285 1010 396 1557 1158 703 2150 745 2869 1262 3799 1077 1454 5829 3440 2236 1695 1208 3307 4375 477 2950 1672 1630 662 1360 1384 1945 1000 1007 8439 762 2853 3017 1814 995 949 1613 1216 3178 289 647 3028 2883 1825 3980 6072 1910 1811 1107 951 2062 2289 780 2344 1572 2312 2003 624 5885 3440 2808 509 6115 2247 1202 1605 915 1123 761 1158 977 1627 2912 641 654 680 1927 4161 589 5466 830 1656 736 355 1137 2164 517 2620 5151 613 1322 714 2117 833 2199 1599 3647 1024 1657 1010 759 1162 4314 4231 6213 966 1265 867 2179 3225 4039 2277 1419 2397 446 486 2868 714 3047 547 2428 2300 2427 1217 7220 474 1634 3104 578 827 615 1030 997 610 3038 438 3841 664 1364 3897 3540 2507 3874 1265 1956 1513 5057 2563 737 888 969 1294 1722 993 7629 1991 3141 267 686 1608 5183 279 1959 1180 1034 830 1108 726 1777 1386 611 285 1003 1403 326 2944 940 2920 3311 3176 1268 2215 720 2252 5142 1059 3411 1446 3119 1727 3634 602 2321 2200 1255 1613 1776 2280 1504 467 1141 1456 1492 1286 662 5655 3089 495 1350 1001 9277 848 912 2309 1058 1399 1959 638 1791 545 2862 2310 746 1616 2052 5449 1260 1255 3379 1751 1337 1938 738 3484 1951 3157 266 1704 940 8750 745 3461 1382 338 320 723 3190 1126 3202 3269 610 938 682 533 1199 707 324 6037 514 1694 633 398 631 1022 5583 621 547 1058 8594 1514 1024 1524 5619 1797 810 930 625 767 2469 3852 2711 703 2282 2933 2985 1282 2704 1812 3168 3934 5663 1646 2580 1446 318 2479 2363 966 2011 496 437 1144 2147 784 3748 2893 5543 2302 4612 1146 2394 432 2109 991 5035 1114 2154 511 2139 2681 2316 1244 1481 1022 3266 701 1112 874 2343 3357 1849 9651 356 2821 2464 2363 787 479 5054 934 1128 1411 497 548 1298 4131 952 1182 3451 1500 805 4440 240 4433 766 2006 2532 1375 1282 2519 441 1343 883 1934 5963 584 3273 537 544 1023 923 4234 467 1171 2500 5322 2212 3384 1655 2157 1181 1008 1662 836 2243 3013 4646 571 6110 1382 4410 3389 643 3541 4609 1452 1604 3044 663 734 1778 1334 826 1392 883 1260 1922 1062 282 1130 7723 2146 3967 2064 1501 726 6774 3274 3951 447 2538 950 2069 500 2974 2144 2571 2280 772 3164 6438 3750 5562 1567 4944 744 475 2717 1924 1989 989 1833 3019 1019 2023 1637 1188 4184 2163 509 2230 9967 974 1145 1755 1817 1647 1315 6920 1275 6124 1775 617 1805 7066 8526 1677 8634 1016 621 3220 698 1226 3523 583 1972 3493 1631 1181 1376 3035 1040 1236 3591 2252 1778 184 5618 2546 3420 3074 1087 1806 3141 3868 4527 1624 911 5335 2284 2266 4224 1788 3877 469 717 986 1358 574 1667 5963 1110 1855 677 637 3072 1587 1585 1333 3915 3784 2008 1297 1434 1242 1784 1490 3651 543 1764 4502 2713 702 2793 2654 2010 1447 1570 3913 1998 3164 663 2297 1818 1338 1484 5830 2250 501 4111 965 1111 802 1914 2302 1804 777 874 2596 2773 1759 7106 4864 3059 1259 1607 3802 2004 1689 4416 3772 453 1907 4327 860 1476 1793 3242 5594 885 5884 5134 1264 1056 3366 3445 1763 677 1609 1396 807 2498 3930 6171 1226 2063 1066 1422 7722 685 5884 1294 468 4375 1082 2133 2685 933 1032 1350 1187 1456 430 1094 2376 6717 3717 2148 750 2829 1890 2546 1391 1207 3372 2294 2908 1878 836 1883 2834 3854 2415 3451 461 2654 2365 3672 6326 1238 8996 399 2134 990 479 1009 4218 1853 2771 1034 3783 447 1902 714 885 1732 1024 1374 395 1484 1334 612 1568 897 5502 1857 5095 3170 7672 945 1111 3754 727 819 2281 1199 9064 2375 2368 1680 2254 4605 1924 7118 4203 1201 1645 2112 921 640 2501 735 707 2568 1334 968 567 438 2803 1090 1099 4986 1520 1321 1062 4113 1609 401 491 308 7307 1560 1150 1970 1825 2177 1602 3313 1292 1891 1352 338 3663 1268 3012 2078 2392 1570 1522 3156 2311 1428 2028 1219 970 3104 2312 700 643 4013 1743 963 1459 611 1401 3834 415 3036 853 1532 4730 3047 552 1316 1239 3688 1204 2686 466 1280 2088 1951 1757 2895 1453 2412 1909 2446 1202 1353 2416 841 1495 3598 1600 1796 2336 1267 332 2473 5087 2710 1499 2886 4271 1851 3257 4208 1455 5731 245 2094 2281 2159 1571 1345 2045 2460 2748 1478 1000 584 225 1123 1475 674 5770 558 1295 4172 492 4266 602 1347 1846 2675 646 932 1469 1704 1203 458 730 2135 968 2227 693 4787 681 1403 965 1331 274 762 1327 5023 1977 1279 1073 1399 2732 1459 4892 1066 519 2324 2060 701 1621 3157 1536 2132 702 1712 2520 2911 1523 3604 1463 1321 539 1930 1439 947 1199 2178 887 690 2163 769 711 1258 5303 2337 966 905 2608 1382 485 877 1874 2954 2161 6412 1524 607 2271 963 2337 1229 10114 639 975 1622 2680 2838 1392 638 2486 1983 1277 626 3335 3870 1985 1859 4057 2132 9072 2734 1594 671 2262 1780 761 1079 1699 350 926 1891 785 1396 1691 412 4823 990 3236 849 424 2395 1107 2580 2907 2942 1881 872 3169 1151 990 865 2168 1899 3659 4060 3625 4183 2524 1459 2509 1153 3580 4738 5649 1394 1415 2259 853 576 1602 2298 733 816 13813 4516 989 903 988 3857 1108 2735 1633 2980 2193 2030 412 2072 418 4306 6021 1817 1338 4528 2952 773 526 1026 891 8220 1243 725 3632 1391 1569 3378 1253 817 2786 1134 3776 722 1053 1074 1762 738 943 787 970 1741 2845 1994 968 2138 350 1424 4936 621 3495 197 3013 2615 573 2372 1957 1345 2558 4276 2112 3206 1601 2453 2461 1987 2418 3393 1063 389 624 1084 3434 761 455 682 3641 1288 1076 2498 1065 1635 1901 3161 2980 2732 605 3995 2330 4378 7168 4495 1126 1596 2523 1829 3797 5331 4234 2433 1515 1633 1720 1330 3338 1710 733 2433 7992 991 11164 732 614 3046 2761 3368 557 3081 1779 1636 2619 694 2075 2362 964 3432 2683 2427 1289 781 1884 1658 1121 2527 2059 5831 5704 2017 1483 1595 878 609 1121 465 2245 3080 7299 741 2324 1876 1148 1753 3183 954 2198 506 3727 2952 9207 787 238 4663 3014 1682 3861 2027 464 1143 548 1306 700 2700 1994 1951 1178 3376 2464 519 2054 1320 2098 554 2696 1810 2339 1325 814 1441 1412 2038 2703 1870 1148 3441 964 3670 5162 1273 1146 989 1599 1142 1667 1148 990 2367 3765 3848 2964 1386 1060 2371 8207 1375 2141 3477 2472 1282 2267 5056 628 957 2283 3960 526 3164 1455 951 3883 1189 620 909 2379 510 1578 758 652 895 2566 1522 792 2563 2780 4804 982 505 588 2630 3015 2535 2394 3194 2051 3471 813 1516 2885 640 1601 1908 2467 516 1683 4072 1079 1507 3035 1727 2325 1558 2674 508 3277 1316 901 913 2057 2007 3636 288 2914 2134 3067 1325 380 813 461 441 1578 683 3346 1235 1952 584 951 4014 823 1855 2148 577 2449 2360 5508 1299 645 1791 3335 2051 1302 3220 2015 2688 1021 352 2021 2898 787 1061 646 4915 2483 2662 1268 1165 932 2069 1707 402 4160 2874 945 624 547 5751 318 4349 1503 721 826 3154 1568 2131 644 905 1709 833 984 757 2364 2398 1390 2286 3031 2180 1097 570 864 1239 1227 440 1209 1473 1391 1240 3103 531 1733 804 805 1338 2055 2229 2201 4351 2201 3254 651 1666 484 685 1718 1045 10341 637 764 677 1215 2002 2385 768 484 1045 1684 3870 1407 1250 2014 902 2775 278 2175 3293 4505 2886 1788 537 1398 3274 1536 4443 2513 1812 1374 909 3252 920 247 2578 1750 1088 2050 2754 1564 933 3000 3264 941 1662 4985 927 1472 1622 2111 489 4456 980 2287 2112 1263 594 2851 1090 4078 347 5188 3690 198 3308 361 2319 2741 3570 331 1381 681 1930 2974 2244 680 3759 540 3619 3032 985 446 1778 2387 714 935 3604 1086 642 1437 991 1602 779 2764 268 3129 1640 2952 756 83 699 5760 6155 2075 670 2355 500 1234 412 6263 ]
@@@ Loss per-class: [ 0.534896 1.5382 0.903318 1.04954 1.01182 1.13851 0.832858 1.51157 1.12407 1.14068 0.559977 1.56413 1.12863 0.768249 1.93161 1.75034 3.01989 1.37317 1.35425 0.803623 0.725792 2.88138 0.875033 1.01055 0.816961 0.981534 2.99367 1.17397 1.70382 0.957277 1.21813 1.40028 0.726745 0.926793 0.97427 1.17136 0.685545 1.35153 0.955273 0.666129 0.802418 2.5489 0.875304 1.14432 1.07986 1.02315 1.96638 1.13328 0.677369 0.768016 0.994042 3.68932 0.793149 1.37469 0.737107 2.08055 0.685274 1.95 0.556027 1.18022 1.81536 1.63603 1.31738 2.61569 1.00675 1.16098 1.70072 1.05018 3.00141 0.969685 0.873995 1.15043 1.6824 3.5221 1.54903 0.789942 1.15806 1.53407 2.33728 1.54328 0.875399 1.47345 0.748208 3.94507 1.34901 0.792167 1.29773 0.822139 2.97575 2.21547 1.64358 1.67835 1.78269 1.75226 3.27415 0.989153 1.25137 1.81129 1.06831 3.1555 1.15678 1.15481 1.57814 0.738459 4.08012 1.18237 0.691258 0.667509 0.579848 -nan 1.41806 2.0791 1.69812 1.13898 2.97902 0.828228 2.72554 1.18045 0.885516 1.13254 0.990123 -nan 2.64581 0.783747 1.41789 1.15861 1.0928 1.00527 1.07015 2.37482 1.12234 2.72763 0.598512 0.514283 1.81676 3.33432 2.82135 0.657621 0.74429 1.83035 0.750146 1.50146 1.38149 0.964328 0.976407 1.39541 0.966739 1.55873 0.499636 1.41791 1.12465 1.48057 1.57151 2.48198 1.01151 0.999199 1.82721 0.657527 1.52278 2.07882 0.751424 1.88094 0.676927 -nan 0.609606 1.92728 0.798244 2.1904 2.4309 0.723401 1.21459 0.486909 0.755361 2.28263 1.56366 -nan -nan -nan 0.673945 0.960541 1.2805 0.488511 9.7719 1.83562 1.74716 0.686142 1.68671 2.44478 0.645732 0.737109 1.67081 0.98072 3.52711 0.75964 0.894217 0.903271 1.59816 1.30395 2.58421 1.30089 0.83384 1.51232 1.02256 -nan 1.24328 0.862515 1.4252 0.802771 -nan 0.836907 0.986948 2.78037 1.18138 1.56508 1.19602 1.66038 1.93199 0.830622 0.615502 0.253113 0.430509 1.95531 0.92175 2.18441 0.586505 1.53371 0.869438 1.189 0.705291 0.50081 0.955781 1.07098 2.58278 1.0634 0.753196 1.8192 1.03024 0.833704 1.07031 0.634571 0.896892 0.848352 0.537751 0.50291 1.52716 0.917587 0.449919 1.49152 0.566885 0.995865 1.31361 1.02336 0.693276 2.00794 1.25914 1.11585 1.08662 1.60577 0.562073 0.618247 1.31017 0.869238 1.17622 1.47016 1.19885 1.09791 0.718542 0.556143 0.729564 1.35425 1.7054 0.594337 0.739423 1.35499 1.09514 1.31938 0.404807 1.16426 0.716982 1.11471 1.29898 1.35271 1.23441 1.13802 1.83741 1.10361 1.9158 1.04807 0.804167 1.50484 1.42684 1.12036 1.7328 1.21714 0.939877 0.851207 1.69084 0.933221 0.923544 0.797533 1.23164 1.37593 1.10691 0.679316 1.26486 1.64543 1.83619 1.27646 1.40465 1.18385 0.671053 1.58092 1.0192 1.30386 1.49876 1.12971 1.2225 0.933998 0.942501 1.83121 1.12882 0.915184 1.84486 0.884349 1.20115 1.60653 1.36218 0.788696 1.02471 1.71816 0.664258 1.42187 0.799212 1.16192 1.38881 1.26773 0.988258 1.76324 0.993074 1.19519 2.19732 1.04045 1.27321 1.2973 0.553109 0.878091 1.2882 1.63321 1.2742 1.70983 2.03141 1.00032 1.05882 1.19931 1.0061 1.83587 2.32369 0.936022 0.687628 1.18158 1.07468 0.383987 0.571011 1.17792 1.77906 1.47361 1.99527 1.62341 1.78641 2.16887 1.56029 1.96662 0.88899 1.52295 0.854973 1.20518 0.563245 1.66917 0.685479 1.13725 0.672193 0.925799 0.682302 0.95874 0.838527 0.749896 1.52708 1.2536 0.727925 0.865596 1.34531 1.12089 1.0252 0.56892 0.89264 0.78455 1.48266 0.59884 0.522085 1.43968 0.728551 1.38522 1.15617 0.875454 0.663364 1.05375 0.898214 1.97102 0.747179 0.97478 1.20887 1.48626 1.00429 1.64215 1.24301 0.97889 1.26021 1.50255 0.816444 2.28378 0.849079 1.41946 1.58595 1.01076 1.14526 1.24039 1.51557 1.67893 0.939224 0.677914 1.55615 2.04069 1.79997 1.36267 0.798694 1.44513 1.28144 1.62152 1.82 0.802641 0.948941 0.657371 2.1392 2.04725 1.22397 1.65011 2.29214 1.41978 0.975794 1.4614 0.766156 1.63625 0.854646 2.04099 1.15197 1.29806 0.88527 0.697765 1.90393 1.12642 1.42016 1.90541 0.980698 1.02832 0.867209 0.933115 0.772493 1.5568 1.56072 0.879116 1.14791 1.8709 1.91637 1.52774 1.48143 1.00809 1.66027 1.21645 1.85236 1.19395 1.04417 1.16967 0.463116 0.3975 1.94266 2.17547 0.980441 0.875584 0.941908 0.612195 1.86779 1.12858 1.06693 1.59449 1.48621 1.54041 2.05108 1.76495 0.879958 1.37836 1.05066 1.63642 2.42623 0.561511 1.00881 1.98843 0.88102 1.02191 1.12979 1.32619 0.810305 1.06911 1.14326 1.95723 1.71122 2.26233 1.37127 1.42981 1.49904 0.904512 1.64307 0.969349 1.43116 1.23909 1.53092 2.06064 1.10025 1.62233 2.06205 0.677608 0.875186 1.48165 1.14278 2.63385 1.79967 1.63102 0.79435 1.15249 1.24846 1.13586 2.24827 1.32396 1.70103 0.729218 0.436139 1.48898 0.794721 1.14457 0.922605 1.40459 0.696109 0.785399 1.62357 1.68103 2.37962 1.34037 0.617678 1.01461 0.725018 0.739348 1.01198 0.958819 0.926965 0.628805 1.04162 1.71781 0.755652 1.25543 1.85387 1.78427 0.911716 0.891827 1.8412 1.79038 1.01639 0.700631 1.54041 2.02181 1.4457 1.75673 0.75369 1.48791 0.966128 0.716634 1.11524 1.03794 1.67575 0.743081 1.48559 1.23164 1.54186 1.25116 0.933283 0.823413 0.741773 0.633985 1.65328 1.48981 0.626777 1.03928 0.762176 1.5176 0.825427 1.29452 0.792362 0.943491 0.811789 0.650077 1.06944 0.670786 1.24698 1.32529 2.03263 1.82763 1.53237 2.02502 1.22697 1.53455 0.769657 1.61911 0.787654 2.34809 0.4125 1.99787 0.973603 1.0706 1.48322 0.732108 1.46048 1.37728 1.91691 1.31594 0.635213 1.85318 1.67172 1.07175 1.10847 0.943466 1.57251 1.50324 1.03745 0.843293 2.10481 1.18166 1.38544 0.978575 0.939561 1.0155 1.13976 0.924881 1.45155 1.38966 0.665561 1.88654 1.51991 0.756596 1.57336 0.98436 1.34223 1.20824 1.35575 1.07365 1.12946 0.510162 2.55662 1.56015 2.20391 1.99134 1.55868 1.40524 1.23514 2.15014 1.04667 1.239 1.02333 1.14983 0.738613 2.22111 1.36286 2.06994 1.26377 1.17858 1.63144 2.67524 1.04069 1.101 1.6725 0.995699 0.811747 0.492249 0.660684 0.811945 0.582406 0.966103 1.04509 2.47448 1.7833 1.22592 1.05205 1.19859 0.990789 1.29354 0.610441 1.16391 1.01862 2.08869 1.70665 1.23486 2.14116 1.6576 1.01925 0.836311 1.38046 0.306051 1.04769 0.964528 0.629919 1.31486 1.40434 1.51884 0.920615 0.977941 1.4964 0.988599 0.474183 1.11403 1.63945 0.953906 1.25678 0.849084 1.99159 1.59802 1.1496 1.08984 0.736132 1.27358 1.5505 1.25231 1.22065 0.789894 2.02492 0.925484 0.879551 0.467085 1.52229 0.618371 1.32337 1.09412 1.81793 1.42283 0.663217 1.00352 0.70428 1.63791 1.20684 0.431661 0.909276 1.11003 0.777202 0.985332 0.936414 1.60019 0.579481 0.638985 1.60487 1.28811 0.698393 1.47304 0.619422 1.50905 1.25853 1.59837 0.917909 0.866897 0.98275 0.867087 1.04292 1.74726 0.804785 1.32325 1.49222 0.932688 1.64165 1.26628 1.33786 1.37837 1.54544 1.56325 0.937802 1.23043 0.904112 1.33464 1.62556 0.99668 0.891887 0.411934 1.39821 1.16434 0.823732 0.829253 0.758482 1.51044 1.18928 1.02646 0.822821 0.629827 0.983415 1.91158 1.87901 1.38629 1.67748 0.721075 1.12542 2.85048 1.16243 1.0192 1.49376 1.62751 1.06548 0.957859 2.29541 1.58368 0.91734 2.22107 1.11729 0.92705 1.86292 1.6198 0.701184 1.00297 1.18512 0.667938 1.18417 1.06548 1.05921 1.29905 1.48042 1.49168 0.462781 0.648635 1.67369 0.80542 1.02442 0.835417 1.15524 0.737612 2.23789 1.44664 1.08542 1.98133 0.590256 0.660627 0.796694 0.758435 0.928153 0.553291 0.837737 2.05344 1.27164 1.72615 1.12569 0.888254 0.607183 1.7807 0.723942 0.894888 0.7565 1.16238 2.04985 0.911604 0.98391 1.25438 1.51185 2.04795 1.30566 0.677969 2.10408 0.836669 2.04238 1.41192 0.576061 1.48657 0.720284 0.91421 0.832004 0.649479 0.762269 1.39323 1.11016 1.19592 0.883717 0.83025 1.12076 1.02237 0.776474 0.923857 1.60778 1.75491 1.88498 2.80058 1.0697 4.00964 1.89217 1.1814 1.05859 1.28057 0.900132 0.821088 1.4224 1.41785 1.33922 1.62279 2.05915 1.20712 1.53386 1.17006 0.467514 0.865089 0.978121 0.915319 0.722792 1.85347 1.22733 2.12897 1.13356 0.67115 1.37326 0.621938 0.607571 0.573672 1.25951 0.5813 0.633733 1.20845 3.11169 1.43274 1.32243 1.4594 3.50919 0.445559 1.07918 0.905718 1.2247 0.732474 1.47445 1.43413 1.05626 1.95463 1.07143 1.04971 1.18482 0.97176 1.30707 1.02471 1.185 0.997379 1.09335 2.11807 1.36649 0.847581 0.578898 0.769395 1.08649 1.02042 1.17669 1.25379 1.10879 1.05152 1.30998 1.38739 0.93506 0.912894 1.94737 1.54575 0.820402 1.19827 1.46205 0.825656 0.796736 1.90156 0.992331 2.14548 1.5774 2.21779 1.17585 1.10667 0.77469 0.833508 0.74621 0.829793 0.988179 1.54168 1.18511 0.915011 2.29651 0.894577 2.17143 1.1348 1.57182 0.994953 1.31861 1.13079 1.4937 1.51749 1.30203 1.2105 1.09731 1.64801 1.588 1.93428 1.94991 1.05813 1.10285 0.74833 1.25561 0.775124 0.819461 0.909844 1.25341 2.78452 0.858638 1.84199 0.830491 1.24214 2.36777 0.992203 1.015 1.74112 2.03504 0.870238 1.61695 1.61272 1.60135 1.0665 0.907803 1.04724 1.48779 0.824949 1.08882 1.35365 1.47331 0.625755 1.21213 1.17554 0.897864 1.54088 0.713283 0.596291 1.21761 3.04953 1.98588 1.25096 1.41931 0.974975 1.49612 1.29187 1.41333 1.55884 1.31283 0.899739 1.08285 0.718446 1.14451 1.0354 0.616713 0.570512 1.09453 0.937144 1.1546 0.890641 0.54699 1.70853 1.32537 1.56268 0.774424 1.08126 1.77873 0.635733 1.20801 1.82101 2.10277 1.94336 0.508418 1.94147 1.2349 2.61765 1.60658 1.3259 1.22698 1.33339 1.90591 0.979621 0.860114 1.53701 0.742472 1.46446 0.859183 1.0446 1.66869 1.66843 2.02544 1.66713 1.37158 1.59844 2.98941 1.15302 1.20604 1.57862 1.37806 0.841228 1.49819 1.18738 1.16046 2.09051 0.646873 1.87854 0.827321 1.30885 1.74794 1.98053 0.741211 0.88482 0.517563 0.91726 1.86004 0.588376 2.01536 0.865013 1.21015 0.468499 0.958137 1.05421 0.668528 1.79423 0.796995 1.27336 1.24363 0.971362 0.626456 1.26662 2.06798 1.05645 0.981376 1.06524 2.98681 0.884185 1.00987 1.39919 1.08047 1.47192 1.38793 1.12617 1.9171 1.30541 0.467291 1.00648 0.731665 1.1056 1.16325 1.25989 0.812647 0.707001 1.70995 0.998093 0.901109 1.34452 1.52377 1.22871 0.816483 1.57292 1.06577 0.644376 1.45609 1.50159 1.40197 0.978517 1.34923 1.1241 0.865294 1.66422 1.08956 2.13007 1.92087 0.577834 0.639678 1.46605 1.15003 1.36766 1.09826 1.57113 1.11847 0.914808 0.960785 1.8034 1.18322 1.25859 0.926823 1.33518 1.00554 1.00634 1.04678 1.8353 0.983116 1.09271 1.4466 1.35333 0.876549 1.39946 1.07062 1.80914 1.8144 1.04178 1.60686 1.40896 1.14702 1.19746 1.25855 1.1142 0.704964 1.09212 1.03148 0.643378 1.0847 1.00737 2.30163 1.07936 0.931211 0.907205 1.21859 2.69722 0.953461 0.739538 1.4093 0.518696 0.750921 0.838947 0.718446 0.86949 0.75391 1.2717 2.07081 1.8786 0.8816 3.58701 0.955068 0.606766 0.670703 0.727231 0.910187 0.786198 1.02142 3.25049 0.630604 1.15556 1.16994 0.883932 0.889451 1.24527 1.34846 1.34943 1.26081 1.51907 0.604831 0.784788 1.28617 1.09366 0.971102 1.19186 1.48009 1.35532 0.904299 1.65161 1.76473 0.746908 1.3285 1.37816 1.20033 1.20889 0.856364 1.66787 1.24743 1.03936 0.755637 1.06805 1.76597 1.8334 0.937052 1.31909 1.53619 1.59064 1.66395 1.03037 1.19035 1.63196 0.7895 1.59966 1.54867 1.35594 1.81973 3.26216 0.678008 2.01358 0.876845 1.6707 0.855393 2.12523 1.49259 1.28247 0.709028 2.00797 1.35353 0.980172 0.820295 0.947169 2.58725 1.39791 1.86291 1.89766 0.920089 2.40129 1.15686 1.16702 1.6773 1.25976 2.51025 1.6491 2.84426 0.840886 0.807791 1.49442 0.549054 2.39911 2.72263 1.96452 1.0333 1.54027 0.347221 1.03529 0.949125 0.553647 1.54239 1.39982 1.81177 1.21308 0.959692 1.69675 1.8168 1.01074 0.654182 1.53485 0.729217 2.02758 1.00656 1.40998 1.39431 1.48886 1.32141 0.918257 1.44006 0.776155 0.801139 0.892401 1.13207 1.13212 2.05387 0.713105 1.41202 1.13769 1.11061 0.817642 1.10162 0.615919 1.52413 1.59705 1.02892 1.08895 0.576962 1.46888 1.01816 1.111 1.21333 1.23941 1.67536 0.987912 1.00933 2.02597 1.93329 0.841656 1.34629 0.522248 1.15818 0.9789 1.48406 1.31998 1.68864 1.37786 1.1008 0.858281 1.33662 2.12032 1.17838 0.794221 0.920456 1.81234 1.3237 1.23152 1.11029 1.42102 0.739348 1.8618 0.957017 0.980234 0.74995 0.788357 1.14286 1.00889 0.954109 0.823957 0.61189 1.24841 2.34016 1.20298 1.64636 1.18569 0.776185 2.18193 0.977486 0.684507 0.887063 0.904967 0.854463 0.984611 0.844741 0.930199 0.72613 1.36275 0.892043 1.0708 1.72257 0.970258 1.72637 1.2746 1.16178 2.05436 1.88352 0.708443 0.995824 1.28961 1.38373 0.972234 0.74055 0.995658 0.476929 0.534332 1.73272 1.48222 1.02359 1.35172 1.94205 1.43711 1.61376 1.56114 1.14947 1.57137 0.907813 1.48881 1.57333 0.969452 1.10617 1.58993 1.96374 2.24628 0.856372 1.48756 0.737352 1.2677 2.06427 0.98926 0.568338 1.76289 2.31146 1.27092 0.912857 1.32586 0.686548 0.540877 3.52243 1.53223 1.23694 0.866365 1.18306 1.0287 0.793126 1.25453 0.937852 0.540717 1.14864 1.86535 1.02035 1.86054 1.10727 0.80388 0.971961 1.02021 1.25567 1.15404 0.912735 1.41022 1.83366 1.33583 1.11494 1.10687 2.65129 1.32555 1.09782 0.880177 1.82769 2.09798 1.28299 1.09144 1.24156 1.24326 0.595775 2.57997 1.07757 2.33122 1.1054 1.1841 1.47554 1.03161 1.23528 1.27559 0.449556 1.26898 1.07258 0.963805 1.6803 1.90297 0.73139 1.05343 1.13156 1.32808 2.19583 1.19232 1.58519 1.1367 1.74464 1.33965 1.85662 1.08329 1.28928 1.09697 1.34308 1.74918 1.50563 0.524468 0.669793 1.83858 2.20793 3.09116 0.980226 0.831037 1.17277 1.25966 1.51627 2.40347 0.7114 0.718448 1.46161 1.00282 1.18824 1.238 1.78969 0.811464 0.696477 0.913342 1.08478 1.2031 0.93319 0.744843 0.884415 1.44558 2.03764 1.91467 1.02981 0.87536 0.710522 1.25676 1.94939 0.634226 2.25804 1.42031 1.4708 1.53223 1.34237 1.51604 1.95168 2.06993 0.770416 1.94012 0.897139 0.937406 0.678067 1.30724 0.6574 1.40441 1.64016 1.10374 1.09942 1.55852 0.95603 0.914784 1.24812 2.01377 1.42059 1.06022 1.20975 0.873828 0.555176 1.88316 1.05443 1.11027 1.2084 1.23018 1.39348 1.77858 1.24805 2.23063 0.5688 0.942662 1.40643 1.74932 1.88435 1.33913 1.24555 1.18511 1.1189 2.28552 1.11368 0.911973 1.3969 0.517789 1.45986 1.87494 1.80375 1.65469 1.4825 1.07803 1.91096 1.34746 1.88495 1.12204 1.14918 1.94724 1.88652 1.30904 1.13384 1.26379 0.930693 1.16615 1.6159 1.02593 0.77861 0.472181 1.23921 1.25179 1.10072 1.16253 1.12305 0.679247 1.03057 1.01924 1.32598 1.69447 1.23401 1.19581 1.21341 1.62539 1.4217 1.23544 1.83246 1.53778 1.97669 0.857609 0.904064 1.26366 1.66464 0.710778 1.39778 1.14793 1.2538 1.58593 1.60993 0.87182 0.648189 1.35719 0.888201 1.53916 1.35435 0.988688 1.62613 1.11375 1.8069 1.2654 0.835801 1.58022 2.96579 0.742699 2.3991 1.31753 1.64937 1.36452 2.43531 1.1806 1.39286 2.76941 1.35685 1.56896 1.36486 1.48921 1.15308 1.07652 1.35552 1.46415 2.09423 1.02121 1.28297 1.1989 1.07888 0.998086 0.789952 1.97416 1.28141 1.21097 1.37082 1.1532 1.64417 1.62222 1.42159 1.60914 0.815695 1.48105 1.96433 0.429592 1.16107 1.00778 1.11348 2.52161 1.32661 1.25867 1.2948 1.57256 1.56578 1.50236 1.58657 1.20091 1.14654 2.04222 1.51262 1.28349 1.19391 2.40589 1.27219 1.2789 1.25234 0.612558 1.11443 1.25051 1.74426 1.27739 1.57904 1.01225 1.02038 0.95244 0.606933 0.906097 2.31023 1.359 0.820915 1.5226 1.42086 1.19183 1.7243 2.26031 1.37579 1.1343 0.681463 1.10371 1.08533 1.34583 1.23327 1.33347 1.47569 1.31091 1.12603 1.35652 1.40095 1.379 1.73326 1.37563 1.09131 0.87312 0.728859 1.39231 1.29059 0.68175 1.30897 0.992865 2.09832 1.09227 0.758886 1.34567 0.961157 1.79023 0.883994 1.33029 1.7784 2.10167 1.15535 1.58393 1.24633 1.13913 1.77308 1.25577 2.5359 2.61977 1.16891 1.40075 1.10804 0.844063 1.04087 1.20084 1.88786 1.46386 1.1935 1.54275 1.07462 0.587646 0.723063 1.37972 1.28412 1.48314 1.8291 1.33253 2.16915 1.49748 0.611404 1.30935 1.64023 0.965928 3.32735 0.921585 0.841955 1.3943 0.891129 2.16007 1.89494 1.52979 0.673511 1.68214 1.7758 0.412244 0.876299 0.802576 1.28957 0.70125 1.5198 0.74462 1.39187 1.44545 1.71013 1.66869 1.15405 0.596653 1.1449 1.06814 1.87982 1.68691 0.825823 1.77389 1.40226 0.953568 0.726376 0.873283 0.679499 1.477 1.83096 0.930131 0.81668 1.12167 0.832267 1.12588 2.19559 1.36265 1.19107 0.775465 1.85176 1.34629 1.41244 1.35819 1.23345 1.15366 1.35197 0.571522 0.576658 1.40342 1.57493 0.721317 1.28341 1.31569 1.77439 0.6577 1.38186 1.32913 1.49699 1.51396 1.14828 0.870472 1.00628 1.3478 1.17623 0.87298 2.12712 1.79199 1.71898 1.13348 0.935945 2.63116 0.697723 1.36786 1.61988 1.38973 1.98395 1.52258 1.26252 1.37554 1.44877 0.612276 1.4468 0.940573 0.847425 1.43681 0.921606 0.958475 1.63608 1.37215 1.23924 1.69904 1.68892 1.27056 1.23545 0.488399 1.7365 1.0286 1.4465 1.66015 1.01724 1.50085 1.44538 0.919559 1.47664 1.7819 1.73804 1.78 2.56788 1.69038 1.55545 1.41368 1.26693 0.98231 1.07031 0.844068 2.04442 0.663988 1.60158 0.821298 1.59263 2.69479 1.62652 1.86959 1.84135 0.657418 1.48002 1.32255 1.46541 0.803285 3.15328 1.29759 1.03911 0.997628 1.53972 1.56125 2.64726 1.04676 1.18476 1.35032 0.754706 1.5195 0.935566 1.03407 0.768316 1.93046 1.69538 1.0786 1.62328 1.12723 1.12631 1.53035 0.914298 0.675791 1.85723 1.11388 1.41954 0.891314 1.66853 1.75146 1.53234 1.55122 0.765878 1.22652 2.08765 1.32006 1.39283 0.805493 1.34295 1.35179 1.34651 1.84036 1.53289 1.46901 0.763762 1.25655 1.75257 1.36177 1.62087 1.20257 1.29176 0.798347 1.10519 1.28502 2.29121 0.524975 0.625298 1.26679 1.62758 1.50095 1.60292 2.5963 2.02872 1.8857 1.90222 1.50725 1.16133 2.58265 0.916391 1.40471 1.18904 1.25923 1.14779 1.26226 1.03353 1.85807 2.08493 1.19637 0.928318 1.64176 1.68276 1.80658 1.66516 0.874045 1.06913 1.90464 0.888252 1.21402 0.877526 0.650046 1.74545 1.16088 1.49156 1.34437 1.9102 1.36861 0.94818 1.16197 1.26388 3.30946 1.36399 1.74583 1.05462 1.43043 0.654725 1.65354 1.88123 1.58188 2.03202 1.22931 2.44915 1.31681 1.2421 2.18387 1.04448 1.94925 1.67829 1.38569 1.80896 1.02572 0.772162 2.63607 1.10244 1.20659 1.71085 1.67779 1.66092 0.815847 0.880958 1.51725 1.85003 0.722129 1.78706 1.22097 1.34427 0.796858 1.63159 2.90667 0.999435 1.96446 1.40868 1.37249 1.19136 1.03685 1.53416 1.03709 1.41628 1.1552 1.0706 1.74779 0.98131 1.06812 0.615175 0.946982 1.29649 0.96727 1.16537 2.22508 1.57223 0.802889 0.980683 1.69359 1.15785 1.28727 1.49671 1.70784 0.937021 0.855329 0.99585 0.66784 1.73587 1.38961 0.912427 1.26088 1.10573 1.19245 1.50235 0.981295 1.24647 1.4519 1.31413 1.14344 0.851821 0.947456 1.51404 1.61117 1.26059 1.26312 2.17159 1.80134 0.959358 1.2617 1.35925 1.10847 0.696798 0.9386 1.27357 1.2308 1.16269 1.28387 1.26941 0.951878 1.32017 1.12394 1.39405 1.51148 1.60817 1.66765 1.12378 1.17153 2.4984 0.921292 0.858353 1.42326 1.23485 1.8601 0.54522 1.21393 0.838264 1.05573 1.19887 1.53939 0.953307 1.202 1.56002 1.73881 1.10989 0.634629 2.01458 1.38785 1.89948 2.24197 1.21344 1.37269 1.48592 1.71558 1.2236 1.20705 0.677491 1.63472 1.52476 1.44911 1.1933 1.83339 2.45977 1.13502 2.8162 1.71413 1.51427 0.542179 1.66312 1.29608 0.979341 0.772214 0.670458 1.4348 1.0837 1.17649 1.38254 1.82502 1.0128 1.27556 1.43772 1.247 1.31504 2.24538 1.20528 1.7214 0.540164 1.50316 1.25867 0.860412 3.48384 1.29638 1.77452 0.569265 1.784 1.71897 1.59279 0.987448 1.20082 1.46427 1.21594 1.1706 1.21536 1.36954 1.22501 1.76801 1.38198 1.04578 0.760222 1.73719 1.42775 1.03567 1.6373 1.23536 1.07496 1.03834 1.29792 1.48154 1.23485 1.35193 1.96968 1.35424 0.934963 1.16362 1.78041 1.50249 1.25245 1.40341 1.5203 0.594099 1.57288 1.35988 0.865744 1.4524 1.17437 1.10315 1.87391 0.994127 1.38335 0.962212 1.21029 0.858463 2.11445 3.35842 1.71336 1.51036 1.12543 0.937377 1.08592 1.62432 1.87537 0.925167 0.969937 1.8203 1.51285 0.858934 1.25529 1.311 1.73026 1.50591 1.27548 0.853546 1.75702 1.55439 1.28944 2.11246 1.0744 1.27647 1.00785 0.788802 1.11197 0.651118 1.26289 1.26269 1.59813 1.22595 1.28587 1.87961 1.14731 1.53095 0.711183 1.28132 1.16923 1.23944 1.07264 2.57018 1.9193 1.44458 0.970247 1.75909 0.859757 0.878106 2.09233 1.69201 0.928215 1.3775 1.78895 1.32592 1.43187 1.6832 1.69411 1.18404 1.11133 1.59964 1.03191 2.25737 1.13759 0.898049 1.24537 1.89093 1.29572 0.809699 1.57603 1.44068 1.17041 1.23468 1.27289 0.627072 1.22692 1.69792 1.64055 0.77666 2.64706 1.58166 1.74089 1.13666 1.09404 1.17077 1.37572 1.47238 0.813182 1.27472 1.92534 1.59299 1.5292 1.56139 1.88383 1.29948 0.944997 0.590946 1.56174 1.79243 0.374495 1.29471 1.56212 2.18315 1.02279 0.930008 1.08132 0.877181 0.963103 1.35495 1.67734 1.31685 1.25798 2.09987 0.786614 1.73991 1.70588 0.922271 1.72522 1.28366 1.0494 2.10367 1.78935 1.04188 0.912885 1.54237 1.47257 2.0074 1.41076 0.992471 1.08904 0.898324 0.869096 1.14632 1.45384 1.18482 1.4882 1.51947 1.15477 0.75106 1.64907 1.70232 0.92603 1.21203 0.728613 1.52855 1.93951 1.83934 0.958285 2.06174 1.20776 1.57484 1.4081 1.09661 0.902959 1.57862 1.69073 1.34152 1.04736 0.946827 1.21737 0.923902 0.881044 1.27368 0.725025 0.9122 0.805607 1.63687 1.42207 0.85603 1.23452 1.05962 0.870218 1.51737 1.48948 1.2537 0.832925 1.16661 2.22045 0.665073 1.19527 1.30411 1.30379 1.54138 2.07695 1.1265 1.287 1.53142 1.49549 0.791486 0.904702 1.21765 2.27698 1.34161 1.02404 1.60744 1.58332 3.62123 1.39361 1.21312 1.45879 1.03257 1.3033 0.758414 1.4115 0.983703 1.3575 0.78404 1.16843 1.32731 1.41939 1.33376 1.22534 1.72607 1.33393 1.53864 1.28793 1.10322 0.935229 1.00094 1.30645 0.939502 0.76102 2.14053 2.00879 1.23833 1.15389 1.35282 3.41801 0.693381 1.46116 1.24877 1.18116 1.41856 0.859646 1.3553 1.03072 1.26273 1.81954 1.31173 0.92384 1.51458 1.09162 1.75406 1.09037 0.822464 3.15539 1.81634 4.39949 0.67067 1.54653 2.36184 0.979208 1.04905 1.5734 1.51996 1.23572 1.6493 0.721489 1.79169 1.2075 1.95065 1.31313 1.32004 0.57633 0.891125 1.30618 1.24916 0.971417 1.33036 0.854019 1.39848 1.82898 1.60684 1.12397 1.49562 1.91896 1.99646 0.783144 1.64647 1.68755 0.90327 2.26343 1.8534 0.807694 1.65226 1.38667 1.48281 1.64386 1.33474 1.12726 1.46261 1.18211 1.32047 1.09574 1.45569 1.06984 1.5168 0.986287 1.50995 1.44553 1.65362 1.41952 0.736033 0.548713 1.43954 1.52803 1.30179 1.90591 1.61569 1.35692 1.22492 1.01972 0.881152 1.22029 0.617119 1.36079 1.59535 1.18372 0.663721 1.02914 1.73737 1.47759 1.23876 0.727714 1.59249 0.887973 1.11024 1.00721 1.75529 1.50123 1.04357 1.18887 0.978804 0.814161 1.13443 1.30639 1.95546 1.30961 1.52856 1.03438 1.08905 2.10475 1.25182 1.72725 1.61511 2.27473 1.45754 0.847747 1.96512 0.787992 1.3585 0.502295 1.23751 1.44328 2.41685 1.33478 1.44453 0.762681 1.4591 1.894 0.759003 0.835183 1.77561 1.67298 1.68167 1.61699 1.01373 0.618337 1.61172 1.10099 1.47247 1.71476 1.57598 0.979696 1.30005 2.59275 1.84473 0.748186 1.12003 1.51023 1.35438 1.13269 3.33779 1.23969 1.04655 2.29962 1.77728 1.08508 1.35903 1.89002 2.45354 0.796307 1.4152 0.742508 1.74581 1.21336 1.57109 1.62093 2.26409 1.42654 1.3423 1.26568 1.00507 1.04374 1.40503 0.866774 1.08883 1.74837 1.80518 1.57367 1.19515 0.791533 1.21131 1.20421 1.27394 1.04062 1.3265 1.4574 1.16804 1.10507 1.28801 0.719009 1.27948 1.78888 1.4422 0.916541 1.4343 1.41681 0.38026 1.34787 0.843703 1.44444 0.955377 1.29961 1.74301 1.61333 1.44438 2.13308 1.71354 1.93232 1.52317 1.22274 1.70313 0.815579 1.09787 1.57991 1.00335 0.719654 0.927516 1.22297 0.735823 1.06555 2.04936 1.68589 1.54278 2.76453 0.963405 1.52602 2.48119 1.35279 2.28923 1.99339 0.987602 2.29554 1.6894 2.17211 2.26436 1.21179 0.656952 0.949107 1.36194 0.699165 0.865287 1.75521 1.37988 1.12958 1.53417 1.4586 1.40632 1.98142 1.13591 1.26884 1.41604 1.15754 1.51168 1.29676 1.55571 1.67451 1.53841 1.42194 1.37427 1.62001 1.73468 1.77826 0.993224 1.94167 1.31484 1.60309 1.12828 1.63863 1.12401 1.736 2.47515 1.8047 1.66244 0.578607 1.73859 1.76741 1.27144 1.28055 1.98475 1.81814 2.60994 1.92737 1.356 0.857286 1.17288 1.74385 1.60804 1.71766 1.07771 2.26679 2.3614 1.73159 2.21629 1.10999 1.42451 1.30679 1.45429 1.31293 1.0414 1.51384 1.7628 1.52409 1.46273 1.62201 1.13368 1.3877 2.37451 1.36856 1.27021 1.30727 1.38176 0.802889 2.48798 0.805702 1.31572 2.12137 1.86575 1.46653 1.44929 1.77914 1.59873 1.13433 1.34827 1.85106 1.2422 1.24626 2.26191 1.75595 1.17271 2.55495 1.15661 1.39828 1.42669 1.05846 1.65935 1.56665 1.09469 1.29385 1.18404 1.31163 1.4398 1.91098 1.46196 1.52365 0.666261 1.26638 1.56772 2.16896 1.4723 1.64196 1.68028 0.848476 1.15127 1.54097 1.33708 1.40936 1.14069 1.03889 2.20971 1.46068 1.25418 0.857575 0.877115 0.57078 1.53214 1.84313 0.946371 0.747288 1.48276 1.06101 1.22077 1.2791 1.4327 1.74672 1.71292 2.17793 1.4979 1.21574 1.64778 2.00719 1.47239 1.76948 0.509509 0.859669 2.17256 1.82976 1.6825 1.29966 1.23444 1.45082 1.52646 0.84755 1.29063 2.02161 1.23759 0.741653 1.98226 1.7414 1.23011 1.30916 1.84432 1.51071 1.26581 1.67364 1.48499 1.57498 0.95148 1.05727 1.20458 0.896313 1.82471 1.1525 2.00022 0.802836 1.17583 1.31866 1.60373 1.4243 0.847849 0.81113 1.7247 1.65614 1.41796 1.05108 1.68462 1.1821 1.7044 3.09345 0.870775 1.27602 0.926073 2.40284 2.91456 1.03758 1.37932 1.32687 0.724325 1.6887 1.35365 1.33807 1.80159 1.48722 2.37437 1.2416 1.71708 2.08297 1.39013 0.841559 1.52235 1.75013 1.45228 1.14017 1.8723 1.34671 1.54635 2.20818 1.52043 1.27496 1.84717 2.29792 1.45465 1.85137 1.75067 1.27726 2.24013 1.35363 1.66743 1.0789 1.38685 1.77787 1.5998 1.21973 1.35154 1.998 1.52526 1.13164 1.64957 1.91184 1.84959 1.42428 1.25172 1.4919 0.88849 1.696 1.108 1.34739 1.3375 1.47594 1.0776 1.32214 1.4013 1.3797 1.70517 1.27115 1.84295 1.02049 2.1774 1.24558 2.09012 1.35333 0.883443 1.72243 1.04976 1.47426 1.38601 1.938 1.64572 1.47368 2.48351 1.74277 1.43586 1.78048 2.25054 1.64742 1.29472 1.49544 1.73632 1.78546 1.21947 0.777215 1.78649 1.12161 1.56779 1.4141 1.41399 0.889309 2.04199 2.24285 1.26443 2.15805 2.27548 1.03171 1.83452 1.94824 1.5927 1.37776 1.69672 1.188 1.46148 1.1572 1.10704 1.76628 1.51936 2.29696 1.52931 1.49055 1.68949 1.49604 1.85932 1.8365 1.50619 3.31469 0.791408 1.56246 1.23066 1.29467 1.27246 1.84576 1.47877 1.72534 0.913057 1.13895 1.70356 1.74408 1.25159 2.7382 1.77919 0.837048 1.58385 0.594231 1.29563 2.43179 1.18925 1.28009 0.979145 1.50044 1.20752 1.27716 1.14649 1.17221 1.53431 1.74323 1.88446 1.36214 1.86062 3.17188 1.26992 1.5766 0.633723 1.16497 1.51379 1.22819 1.36635 1.35475 1.49041 1.26074 2.28671 1.57222 1.34718 1.99142 1.26567 1.30497 0.968609 1.33143 1.40342 1.2629 1.60225 0.708265 1.27458 0.700964 1.96816 1.55713 2.11088 1.93689 1.44608 0.969607 1.48387 1.98145 2.03201 1.73546 1.51762 1.05609 1.42281 1.3258 1.27853 1.54879 2.93942 1.43001 1.83122 1.18472 2.15242 1.13007 1.50198 2.02891 0.76861 1.7783 1.4055 3.51886 2.06077 1.58523 1.88126 1.62572 1.69881 1.94139 1.58507 1.37012 1.0636 1.08488 1.24572 2.18511 1.51254 1.94322 1.02768 1.88523 0.786947 1.07029 1.86569 1.66202 1.39782 1.03036 1.35149 1.4085 3.29527 1.29487 1.96264 1.32699 1.44946 1.38656 1.38132 1.44543 1.47012 2.48776 1.23071 0.875076 1.79098 1.09473 2.06952 1.15529 1.5739 1.70617 1.4465 1.30488 0.87899 2.20303 2.03163 1.99405 1.10858 2.13774 4.22149 0.959418 1.89525 1.37726 1.33872 1.97806 1.78181 1.49381 0.969766 0.661088 1.78275 1.52622 1.77815 1.43148 1.12122 1.55419 0.669121 1.95704 1.49146 1.13891 1.15105 1.31814 1.58382 1.02262 1.17004 1.82216 1.24122 2.15732 1.53345 1.07844 1.48375 0.930227 1.66706 1.50944 1.34046 1.78281 2.88897 1.47379 1.3812 1.3015 0.961249 1.12296 2.57844 0.829827 2.87985 1.78914 1.14223 1.43192 1.05075 1.12021 1.31455 1.48899 1.32571 0.974834 1.80573 1.08522 1.64959 1.84244 1.02972 1.90831 1.46734 1.36014 0.980703 1.37393 1.68659 1.27767 4.56531 2.99404 0.972733 1.0266 2.03554 1.36812 1.27718 2.61973 2.28154 1.71705 1.15134 ]
@@@ Frame-accuracy per-class: [ 81.8935 55.5328 75.3233 70.3202 72.6738 73.1114 76.6756 54.0984 64.3463 66.9742 84.6053 53.0909 68.0571 78.2452 47.2 51.6014 16.2162 56.6747 61.9916 74.2967 79.6675 13.3333 74.4799 67.7686 73.938 69.3811 18.8144 65.3499 46.2459 65.8911 68.9145 56.0137 75.4509 72.7337 69.701 64.5278 79.2143 57.0988 71.4483 81.7204 76.1774 32.2884 75.6272 65.2174 71.83 69.8734 45.5206 69.1748 80.81 77.803 68.7684 5.30973 75.9901 58.0158 79.4361 39.5277 80.6576 42.459 82.2737 65.1371 47.9017 54.388 62.2795 26.847 68.2627 65.6673 47.0056 69.4393 20.7317 71.6828 73.5002 64.4397 46.4594 15.1515 51.6129 75.7104 64.459 56.5485 26.2215 54.7112 72.8132 55.1867 78.385 0.947867 58.5292 76.7664 60.4076 75.7023 17.551 33.181 52.2321 51.2715 49.1083 49.9528 26.6355 71.6179 63.857 49.6477 70.5202 11.2867 65.5275 69.7309 51.4118 79.129 16.2162 65.8566 79.0342 78.1257 83.2351 -nan 55.6323 40.8257 43.0583 60.1752 16.6154 76.1706 14.6881 62.7757 71.6964 66.138 69.8713 -nan 18.7251 75.52 56.3745 60.3952 65.3484 69.1129 70.2746 28.2353 66.4921 28.642 81.9165 84.3124 48.8214 4.54545 23.2484 80.9826 78.8173 46.3235 77.6975 58.8121 55.8986 71.5771 68.8969 57.1429 70.0742 37.8215 85.7547 57.7624 65.2749 52.6335 54.9755 30.75 71.8636 68.8517 43.4426 78.4863 55.5556 34.5 77.9981 43.769 78.6658 -nan 81.5333 47.3389 77.7286 36.6142 28.6432 78.287 63.0542 84.2045 80.1366 33.9332 57.453 -nan -nan -nan 81.4973 70.9913 63.3333 85.0478 0 47.9933 46.1003 81.7757 51.3333 38.8889 82.6582 77.9108 47.2826 70.2619 13.5659 75.0472 73.0515 74.6118 53.6835 60.1509 35.6771 63.5115 72.1219 52.087 68.7236 -nan 62.9182 74.7345 49.2481 76.1791 -nan 76.386 73.0384 28.8344 66.2291 57.3171 62.5889 35.2941 34.5022 74.0795 79.381 91.141 85.115 39.0755 65.2502 32.7543 82.8435 56.5882 75.6664 61.6226 78.6199 86.4084 68.892 65.2327 28.4934 71.0185 75.8297 42.8571 70.5163 75.0466 65.0823 78.2699 75.289 69.7674 82.4171 85.7994 53.9062 72.7175 86.3472 51.6943 82.2571 70.9173 61.4791 69.1844 79.4399 42.2414 61.4379 66.8067 69.2242 47.8489 83.9282 78.6957 62.5592 74.8529 65.5428 49.2595 62.6898 60.502 76.8569 82.2412 76.3174 57.0615 51.2526 81.4655 79.4591 59.1185 63.7228 61.1274 89.2204 66.3345 78.8736 65.0801 57.0627 61.3662 57.7745 67.782 50.5814 65.1208 46.1131 68.7256 77.8172 43.1468 56.4356 67.7998 49.368 62.9359 73.4011 69.0024 49.2901 60.9319 73.1673 77.1596 58.5744 61.9314 63.3094 80.9727 64.5663 55.6281 41.6787 62.3315 57.2613 61.6725 77.4709 53.0747 71.228 61.1159 56.0833 66.0878 63.1511 67.7313 70.8529 51.7001 68.932 70.7728 42.8459 70.1581 64.7059 54.6525 57.3964 77.8392 69.6943 46.4652 80.6452 59.0643 74.7043 66.6896 59.7867 62.9531 73.5736 52.3955 70.5978 65.7534 36.2225 71.3586 60.8564 58.5529 83.75 73.5849 65.4523 55.5443 62.9053 49.263 46.7384 71.0533 69.1237 60.1099 71.1607 46.4286 27.2265 71.0792 80.5732 66.9394 67.6181 89.1403 82.4779 65.4195 46.25 54.8962 42.8843 51.411 52.9563 35.1363 57.4763 45.0267 72.3292 54.8596 75.8172 63.7644 82.3059 46.9399 79.5907 67.6085 81.8203 74.355 81.3456 74.5547 74.4404 79.9229 61.0915 60.8291 77.5042 75.9124 60.9442 68.2809 70.6442 84.8116 75.5845 75.7386 55.7221 83.1358 84.2477 56.6285 74.425 61.0097 65.8892 73.1169 78.069 69.0116 74.0164 43.2414 78.0541 69.9864 60.9633 58.6375 70.9135 49.7817 65.6466 71.8782 62.5641 55.5769 73.9249 32.7926 74.4174 60.0048 52.7764 70.9685 67.033 62.201 56.5232 46.7391 69.2027 78.178 54.8683 40.6353 46.5027 61.4338 76.5186 58.4782 66.4367 53.8674 48.0115 78.061 71.1974 81.9074 37.6091 39.398 63.0368 51.0397 34.1441 59.1265 71.3464 56.607 76.459 44.6947 74.2094 37.037 65.3836 61.7904 72.8762 78.785 48.6188 62.0737 58.0038 45.5959 71.6154 69.3103 72.0867 74.9769 78.0651 53.4626 54.1853 73.0573 65.5952 45.7516 47.0514 53.0343 58.4236 69.6078 51.6228 64.0457 46.5473 60.3613 67.5478 63.3188 87.8695 87.6072 46.9646 37.6522 70.173 77.815 72.0403 80.5878 45.3913 64.5057 68.5355 56.0827 52.4079 55.6452 44.0937 48.1167 72.3521 49.3911 68.3572 48.662 30.8271 82.6763 72.3138 44.0789 76.2438 71.54 64.0221 62.6486 77.983 68.9781 68.1298 44.3114 47.6782 32.5359 57.251 56.3764 55.5985 72.9312 52.1888 71.4625 55.8442 60.5901 53.9576 44.9316 69.5721 52.5963 39.5236 79.9794 74.0267 56.7262 65.7382 33.6538 48.7165 50.5087 76.7963 67.0886 60.8108 64.8532 33.2749 60.3843 55.6658 80.0648 86.6295 61.5256 78.4104 66.1568 71.653 58.9375 80.0322 77.1673 54.058 47.5336 29.3082 52.6621 78.481 68.1055 76.7062 79.0607 71.3851 72.5861 74.6241 80.0764 69.3436 42.6457 78.4144 64.678 49.9434 45.2991 74.3308 71.2607 48.232 47.3659 68.2841 81.33 49.1209 40.8303 59.2191 45.8991 82.147 55.4156 71.3482 79.6302 69.2558 67.942 47.812 78.5532 55.5523 63.3028 58.0357 60.4753 73.5814 73.7726 75.2885 80.6219 53.6723 54.4398 82.6243 69.5187 78.5755 53.125 73.7399 62.5455 78.89 69.958 73.9336 81.138 69.0077 78.9474 62.6029 63.8431 42.2566 49.8199 49.9747 40.3189 58.1157 57.606 78.01 54.4178 77.6333 31.6227 88.293 41.8085 66.6667 69.0533 59.8575 76.5967 56.4477 60.5675 41.8919 64.2472 80.9059 45.1984 50.3731 70.1068 67.8087 71.1753 50.7042 51.6041 69.6862 74.0198 40.708 68.8596 61.4765 69.5602 73.014 67.1313 66.8394 72.1788 53.49 60.4703 80.0945 47.1055 53.6432 74.2956 50.303 67.6383 56.3476 65.3762 61.1511 66.7042 66.9504 84.7522 26.4865 58.669 33.7557 34.9719 55.7841 59.3458 63.4069 33.9056 65.3779 57.3066 69.2785 62.3272 78.4802 26.0606 63.5207 36.2162 66.1337 63.1083 53.6371 21.8337 66.1238 66.4936 47.4814 72.973 76.7624 84.4934 80.4399 73.9854 81.5097 72.9897 65.7252 31.384 48.7743 62.3052 62.0722 60.2985 70.4622 62.1483 81.7413 63.4592 69.6008 39.0438 51.2545 65.3891 42.0255 52.9785 64.6226 75.5931 58.6854 91.9343 70.5575 71.5199 81.5032 58.1166 61.9549 59.5171 73.5919 69.9718 57.6474 72.457 85.6784 66.1344 45.7721 69.3812 59.127 75.2562 39.1373 46.2214 66.7347 68.2859 79.2579 61.5446 55.9778 62.1622 63.7931 77.4369 40.0754 72.2952 75.4748 85.6337 57.3571 82.1282 62.9172 68 52.8571 51.4097 78.9878 70.1981 77.2134 50.2295 66.8561 85.2045 72.1321 61.4943 76.0279 70.4096 71.6716 54.8951 81.8818 82.8853 56.4054 61.2211 78.347 54.0698 82.7236 48.9083 62.3142 48.4733 70.7807 72.3454 71.0831 73.3086 69.0632 38.1201 76.1842 58.6858 55.1581 73.692 49.3263 62.3231 62.259 60.8222 57.2689 53.9312 73.3458 61.885 74.2114 59.3651 43.591 69.8547 72.6839 87.9585 60.6579 65.7382 75.7759 76.1149 76.2038 54.5654 69.0418 70.9424 76.7485 82.2735 70.1289 47.4947 54.0741 56.3602 53.8952 77.5653 68.0549 19.9411 64.988 71.8732 53.7786 54.8528 68.1234 70.8839 36.8757 48.7288 71.2863 32.9238 63.9423 71.0991 46.8514 51.9424 79.0788 69.0063 66.0981 81.2929 66.8086 68.0574 68.4211 65.4908 59.3407 53.8953 87.4626 80.0232 53.3019 78.914 68.7027 76.0142 68.1846 77.6457 35.8115 59.9138 69.2018 41.3659 81.0127 80.5053 77.3999 77.8607 73.6126 82.7805 75.3963 41.1765 64.4708 47.6267 60.0887 75.0071 81.8182 46.8599 80.0468 75.516 75.3576 67.5824 44.5215 70.1541 72.9656 63.869 56.8773 43.3283 65.6118 78.792 42.3423 75.8745 42.5914 61.9223 82.0863 53.8414 79.0409 70.6725 75.7307 81.6625 78.0225 60.8571 67.093 66.0662 71.9449 72.6353 67.4208 68.693 74.5912 71.5966 50.7742 36.3844 39.8948 22.3744 63.1317 9.13242 40 67.1552 67.5105 64.3258 72.6226 74.9379 56.975 57.1596 64.5954 49.5652 30.2949 63.9321 55.9837 66.9468 85.5524 72.7471 71.0304 73.9614 77.1173 45.7406 60.6769 36.645 69.6439 80.2097 57.3894 81.9154 81.676 84.0517 63.5733 82.147 79.2693 65.6946 5.6701 57.8002 58.7585 59.3069 11.7647 86.3381 68.1636 71.1528 64.9422 78.5004 57.9845 61.7992 66.709 41.8856 68.5554 69.7493 63.1211 72.0076 61.2223 70.739 66.6234 70.5257 67.2884 40.8346 62.8606 72.6048 84.3446 76.0454 67.7069 63.9629 61.6222 59.3035 66.9725 67.1329 64.687 57.842 71.3251 73.7656 44.1647 42.7482 74.8177 63.5553 59.06 74.3604 76.9508 40.0157 65.4613 44.3535 50.3024 33.0835 64.3005 69.1537 76.8224 74.569 78.1543 74.5882 68.5974 56.6219 68.1519 71.1387 37.0474 76.1682 36.6944 67.9617 52.9503 68.6981 61.004 63.4836 51.5625 52.5528 62.6298 60.8257 65.031 53.2103 53.8117 39.5245 43.7613 67.6677 68.3448 77.6198 60.2252 77.8395 76.6201 72.6641 59.952 19.8614 73.1293 47.6079 73.2692 63.6291 25.2553 73.8542 63.5678 53.6616 42.4372 74.0902 51.4925 53.3648 56.9132 63.1455 76.4423 71.6969 51.1538 72.5748 68.6667 61.4379 56.3107 81.9246 64.566 65.5383 73.0685 47.6798 77.2655 83.0037 61.6236 19.4611 50.5556 65.6716 59.4927 73.2814 57.1184 56.6722 46.6292 55.0095 57.345 75.0087 69.9301 79.3222 62.8798 68.4524 80.402 82.541 69.1988 72.6036 63.219 74.2934 82.5436 48.8782 59.3614 52.6316 75.0951 65.6802 48.8519 81.5363 56.9087 41.7551 37.8534 47.2318 84.0884 39.2625 64.1582 26.1553 55.5305 60.8067 58.557 52.6533 29.7313 69.2112 73.7997 54.263 77.9596 59.4075 73.5006 66.852 42.9549 51.681 45.3431 51.1592 59.8827 49.6997 22.7551 62.9764 60.9943 52.4205 63.3111 75.3623 57.9205 60.1942 61.9556 43.1507 80.3975 42.9897 74.0406 61.7647 45.9667 45.1928 77.3567 68.915 83.9003 72.7062 53.9877 81.7607 53.5417 73.8337 62.7692 86.7938 69.4948 67.8401 78.9971 56.2028 78.3806 61.3917 60.6144 70.7807 82.2389 60.4526 36.7465 69.7813 67.5101 68.9587 13.5458 73.6801 67.8748 61.2694 68.0577 52.8898 60.3053 67.311 47.1757 58.8319 83.3852 70.3175 78.543 68.5685 61.2211 60.4138 75.5891 78.7825 46.712 70.7254 73.2785 61.3237 55.3483 65.4219 75.6272 54.5805 69.9789 83.5121 57.8413 52.6744 58.5981 69.2654 60.7796 65.7934 71.2644 46.8407 65.5335 33.3333 43.8193 83.5221 79.5444 53.4958 69.1004 59.7858 61.1979 50.3551 64.9981 73.8788 72.2133 43.8134 66.5696 64.7845 75.2928 58.4173 65.4206 70.7348 70.0893 44.0909 71.868 65.5902 60.7143 60.1613 74.6637 61.0638 67.9748 47.3793 44.2516 70.6052 48.7045 60.5731 62.6863 67.2076 65.8045 66.0707 78.3141 64.8728 67.1233 81.0488 67.9522 70.0685 31.732 67.9892 70.3383 74.3125 58.5687 31.0204 69.5044 79.1111 56.8332 84.1257 78.5156 72.9637 77.3438 72.5576 77.8888 63.5487 34.2832 39.6355 65.6388 2.47934 64.4121 82.3179 79.4571 79.7117 71.602 75.1004 72.229 9.46429 79.2935 66.4269 66.6667 75.9931 76.7301 62.6068 61.8644 62.1769 61.454 54.1385 81.377 76.3975 62.7848 67.7543 71.0439 59.3328 52.8502 49.7191 74.8462 51.9978 47.2155 78.4815 53.8995 57.7465 56.1421 59.5048 74.1071 49.6241 57.4739 70.8024 75.1126 69.8024 43.805 45.6827 71.5601 64.0357 59.3997 51.2048 52.2545 73.2177 62.408 52.6154 79.5465 57.2909 54.3762 60.32 47.456 22.0065 79.8407 45.7006 76.2535 41.797 72.974 30.5732 57.0312 58.7398 79.3165 37.8307 58.6858 72.9826 77.5854 71.9234 23.7654 58.1962 40.1818 43.507 72.722 35.3753 67.0732 63.6591 53.1401 63.1164 22.1939 54.2005 9.56938 75.7895 75.5535 55.8622 83.3871 33.3333 21.2272 42.7642 65.1625 56.8098 90.596 68.9871 77.0727 83.3457 52.499 58.7217 44.1558 65.1096 71.2531 41.8237 50.6452 71.8873 80.9818 56.6161 77.7963 37.6553 68.4871 58.2108 55.713 54.8068 59.7561 74.9271 50.7426 76.5249 75.853 73.2154 67.441 66.994 39.7972 79.0628 57.5637 60.6814 66.8819 74.1997 64.5704 82.2433 55.7554 52.5 69.7171 63.002 82.1093 57.4977 73.1302 65.9176 62.9213 60.7586 49.6689 72.8399 71.3004 50.8333 49.5918 73.1138 59.5004 85.1242 63.9116 70.1525 58.3505 54.8511 51.194 58.0861 71.1022 73.5522 59.6899 36.2881 64.2184 75.8728 72.989 50.4008 62.8471 63.3941 66.9617 58.4217 78.927 45.5474 72.7432 69.902 78.8664 77.1102 68.9627 71.773 71.5692 73.8928 82.3099 63.832 30.6686 63.7759 53.4208 58.4478 78.2816 39.014 73.6468 77.8082 70.7665 72.2658 73.1707 67.5588 72.3467 74.96 78.7774 58.7302 71.2915 70.5521 49.5714 70.4883 47.1545 60.9051 68.0903 41.6388 44.5963 78.0789 70.1439 62.1678 58.6305 72.7693 77.7027 71.4724 86.8471 83.1522 53.9308 53.4722 67.5226 58.3075 58.5366 54.9486 48.729 55.3828 65.0754 54.6012 73.125 56.9075 56.3989 74.4571 67.4221 44.2974 43.032 44.7028 74.4997 54.3175 79.5958 61.5148 37.672 71.6981 81.7623 52.8402 32.2904 60.7991 73.2708 52.352 78.9651 84.5295 7.22071 53.1977 59.7262 76.2195 64.2269 69.51 75.8681 61.1782 71.7111 82.6426 63.9212 42.99 71.1184 42.4242 68.2891 77.2915 71.3519 68.0645 63.1461 62.1728 75.0151 55.6046 49.8708 60.0563 68.127 67.8868 25.5444 60.5411 67.3225 76.3148 49.0113 42.2088 60.4051 68.1988 61.7404 60.9212 80.9145 30.1754 67.7353 29.5918 62.6777 64.9871 55.6874 66.6667 65.0619 62.8817 86.6976 56.1497 72.3188 71.7192 52.1945 48 78.3383 69.7514 66.0099 58.3333 38.5128 62.9871 45.8288 63.4221 46.564 60.0568 45.6 63.3858 63.7415 68.5003 62.2385 49.5451 57.6577 82.9956 81.1758 43.8095 49.4729 19.7468 68.4548 70.5862 67.7187 63.6071 56.3559 30.3588 78.9349 80.9792 52.4668 71.6238 58.8734 63.1955 46.5785 71.6205 78.7032 73.3212 69.0214 61.0003 71.3896 76.4223 73.6571 53.7581 40.4959 47.6124 67.3746 74.2729 77.8576 64.913 38.8161 81.6598 31.7583 55.8314 56.5724 55.8523 57.1739 57.6399 41.3623 41.84 76.3104 39.3868 74.7738 72.6671 77.6119 58.6592 81.5276 61.8221 46.6727 66.8449 69.9367 61.7702 73.1915 73.408 61.5923 38.9447 59.8312 67.5151 67.5699 75.4109 82.8006 46.3087 70.6215 65.7165 64.8545 61.9309 58.7678 45.2128 64.0672 35.3023 83.7976 72.3118 58.5216 51.83 45.0635 61.5536 63.0318 68.8919 69.779 38.349 63.9774 70.8009 59.5635 85.7481 60.1288 39.2559 45.089 51.4419 55.4416 71.017 36.8095 67.9196 53.58 64.4077 68.5401 42.5373 48.7047 67.093 65.7917 60.181 71.9265 67.6438 56.746 71.875 75.1699 86.8038 64.1791 57.1767 67.78 67.5947 64.8873 80.0436 64.7887 71.0311 61.4555 47.9798 62.2585 67.218 62.6667 49.5155 54.5455 60.2715 40.8575 53.4228 38.7833 75.9722 69.3348 63.3846 52.0885 78.6935 62.8235 63.155 57.6527 53.6213 52.9257 74.3346 82.1985 60.7461 73.8106 61.7954 61.0592 73.3523 52.8101 68.1951 51.512 61.99 72.5076 59.2269 10.8995 79.4521 32.6966 58.7678 51.0076 56.3547 31.3903 62.2978 62.3571 15.4321 64.2595 52.5577 60.8974 51.8811 67.8207 68.1429 61.0879 50.1587 44.697 71.0202 60.1786 68.8112 68.0939 70.2359 77.1154 45.0433 61.991 68.1218 60.5566 63.2537 51.6575 51.4602 51.1958 57.2165 75.9163 61.6192 46.0624 87.4508 64.7858 65.8436 66.2797 33.0454 61.6519 60.5605 58.4615 55.1247 53.8202 50.5303 55.2359 60.1901 67.4924 41.6552 54.5194 63.37 66.0724 35.7513 54.82 61.0887 62.228 85.1175 65.7841 62.2719 50.2092 62.4748 55.4398 69.8732 70.6199 70.2215 81.7451 69.0119 33.4917 62.9203 73.2317 58.9948 56.8193 55.4463 45.4023 31.3397 57.2555 65.994 79.8246 66.155 67.9663 57.736 60.9948 59.5848 61.5854 59.4657 68.0991 59.1245 58.6785 59.8726 50.1264 59.4907 69.238 70.3589 78.7958 66.2651 58.9187 79.6321 61.1552 67.5964 37.5676 65.8131 78.6378 54.1154 72.4274 53.2275 74.7114 61.1858 51.3289 29.3827 68.6409 53.6861 67.1642 69.4493 49.0446 66.3806 31.5254 21.0383 66.5037 55.2523 67.462 73.5642 69.9856 64.4815 44.5104 57.1014 68.2081 54.0573 66.8596 82.6264 78.1064 61.1083 57.346 55.7613 41.0687 58.137 45.0485 52.0947 83.2586 59.7138 55.2529 72.2772 14.3939 72.1901 74.6978 63.5846 72.8837 37.1812 40.0837 53.0111 79.8105 50.1393 49.5186 86.8245 74.3023 76.3864 66.0767 77.9801 50.9828 76.5943 61.6352 53.7288 44.5574 48.7117 64.3505 82.1324 70.6647 67.455 42.3 52.3337 77.3788 45.8005 61.5492 71.1634 79.1069 73.9698 78.6091 56.4166 50.1645 72.467 77.8547 64.2968 75.6275 68.0541 40.8767 47.5126 62.8953 78.1675 47.101 63.234 59.4111 62.3666 60.9436 64.2308 56.2287 82.8244 83.045 57.6136 49.6795 79.6432 55.2035 61.1467 38.7033 75.045 60.7032 60.3993 59.6262 56.2842 67.943 72.4047 67.7029 56.3971 64.9047 72.3901 39.9376 46.6361 48.8235 64.8158 72.2663 27.1647 80.0951 61.6867 52.0531 55.9783 44.2254 54.4415 63.1238 60.3482 58.1298 80.3533 58.8907 70.121 71.4286 55.3614 71.9088 75.4434 49.5935 61.7768 59.1797 51.72 46.7327 64.0316 61.4458 85.5355 50.3663 71.4792 55.176 44.9802 68.0507 55.117 58.9767 69.1013 53.6232 52.0789 45.9741 45.0673 30.4527 48.9191 59.2437 59.0089 62.7057 69.6458 69.6957 75.0721 39.1126 79.3906 50.4219 73.8678 53.3827 23.8754 52.8416 41.7886 47.8641 78.5356 54.7541 60.3357 59.589 78.5212 14.3072 62.39 67.3595 69.0113 51.1368 41.1203 20.2372 66.8712 64.5737 57.6429 78.6968 54.0027 69.9324 67.6987 77.0479 41.2892 50.7553 63.5994 52.0342 64.9475 70.0375 53.7901 70.8955 80.4167 43.3692 61.511 56.6949 74.9516 51.0843 51.1733 55.7851 51.3787 77.1284 63.3388 31.5789 59.9202 56.4505 72.6994 60.2242 60.8511 60.6507 43.4612 51.2909 53.7855 79.3228 55.6944 49.4671 61.7464 49.8584 62.0346 62.4481 76.7874 68.095 61.3374 31.3953 84.8772 80.4545 62.1514 53.8128 57.1509 51.4912 32.3138 44.5396 40.929 45.261 52.2788 63.4526 32.0242 72.3431 53.9333 64.6465 60.7407 63.8362 64.7623 67.217 47.3684 44.1317 62.3819 72.5518 53.5988 54.5455 45.1145 50.4587 73.8994 68.961 36.8633 74.1337 67.8363 70.9121 79.9206 47.8088 62.9772 59.2233 60.8826 41.6925 57.8591 69.3743 64.1722 63.5413 18.0451 60.1526 48.1915 69.0286 55.302 75.3539 48.6975 48.8166 57.1875 38.036 61.5047 34.5471 62.2423 60.9055 33.6066 69.0832 43.4018 54.7842 50.3753 44.9788 67.5926 73.9771 28.2101 62.6919 66.8246 46.7337 60.0634 52.544 76.8046 70.5314 56.1243 39.8866 76.821 46.3672 63.0859 63.8451 73.8032 45.4647 22.963 68.0645 43.2 59.322 54.597 62.0976 69.6791 53.9118 68.8869 51.0058 60.335 67.0047 47.1524 73.3996 68.3081 80.3508 70.7929 62.0292 73.3721 60.9267 39.6226 53.9734 77.2747 69.3582 51.7156 64.7177 61.3272 58.042 50.4425 72.9592 74.7866 68.1991 79.9567 49.8697 65.8283 72.164 63.0744 64.1204 62.8734 58.224 72.6912 62.4776 54.2247 64.9706 65.4044 75.6807 70.7686 55.4662 52.1269 61.7417 66.9626 34.9501 47.5719 73.2265 61.1609 59.7557 67.9827 82.2402 71.3483 59.6242 64.0422 64.9175 63.1512 62.0042 72.5564 62.848 71.0106 55.4926 60.161 51.4599 53.0046 71.0482 61.8697 34.9408 71.5735 72 63.2298 59.8649 45 83.3747 65.9269 74.1775 69.9842 64.9455 59.4384 71.6157 61.9048 55.3239 44.3941 65.8738 82.5591 44.5205 60.495 49.9069 24.6324 63.0499 54.9296 50.803 51.1777 61.7421 63.08 79.3123 53.481 57.5059 58.0665 64.9513 45.6393 27.5794 65.7641 16.6268 50.8248 57.1523 83.1037 44.6585 60.5892 73.6614 75.2608 80.0826 56.6096 68.1164 69.169 58.1267 43.0175 72.0105 64.4042 61.4441 64.0045 62.3688 36.3196 64.2241 49.3771 83.6508 54.8387 65.3484 71.6312 12.9204 60.6371 50.1398 83.1863 38.3721 49.6336 52.7548 70.4015 67.4404 56.0111 63.5347 63.0812 64 62.1556 57 53.5642 54.6642 70.7507 76.1404 55.3109 58.6915 70.9692 36.64 62.8191 66.8794 68.6489 56.7204 54.5263 61.0232 60.2391 41.8301 58.4429 70.7038 65.154 48.8714 54.9184 55.2841 56.6498 47.7294 82.5243 46.9548 58.1614 74.3754 61.0883 63.5808 69.7436 44.2488 71.5847 61.9011 66.604 67.1373 74.0856 39.493 12.6418 53.0748 44.4665 62.1628 72.6893 71.2879 59.8425 47.504 71.7081 71.2034 45.5139 53.5623 75.3002 68.0527 52.9344 43.8381 58.0017 64.6076 74.0692 43.3654 50.9709 54.1353 47.3801 65.3543 66.8478 70.7013 77.2584 63.9474 78.8874 58.4177 63.289 52.3719 64.1158 60.9454 42.5493 68.6059 54.508 77.7145 57.8111 64.4413 63.8702 68.2486 32.1962 42.8173 60.6491 68.4831 48.2578 73.9052 73.6039 36.7568 45.283 70.3102 63.7363 44.2057 61.6887 56.4669 49.2873 50.6769 64.667 65.5378 51.0409 66.2483 38.5668 64.0695 72.6174 63.1608 45.6722 61.9048 74.9445 50.0921 55.4131 66.9889 64.5064 59.5522 81.4098 60.828 51.6995 51.7017 76.043 16.7421 51.2843 49.3399 65.3961 66.8464 66.1235 58.9778 55.8882 74.2885 67.8756 44.4644 54.1147 49.2685 55.9513 39.6341 59.3308 70.9382 81.433 50.8835 49.4599 88.9108 61.9655 53.3181 36.9341 68.4505 71.0416 64.6707 72.2321 67.2101 57.5822 56.0706 62.9261 63.3464 44.7674 78.0488 47.5181 47.8408 70.7544 51.9774 62.0326 67.6471 40.5063 48.2955 72.0143 71.7562 57.0051 56.8685 46.4885 55.3009 73.3581 67.0536 72.4173 71.0582 62.2349 46.4857 62.4765 59.8453 48.0186 64.6715 77.3283 51.0819 49.7863 73.8514 64.4177 77.8715 55.7914 44.0514 54.845 74.5926 40.7751 65.6593 49.3023 59.5978 70.0758 76.1352 50.8475 49.581 64.6667 71.7922 71.1111 63.4721 73.688 73.8194 64.3535 77.7245 74.8624 74.2279 46.2919 57.4615 74.2414 62.4286 69.5652 78.2382 57.9176 55.5765 63.5518 74.1558 67.4834 34.9758 79.1908 62.406 60.3093 61.9192 52.4008 34.5887 65.6235 65.0297 58.0657 58.0271 73.4338 73.1544 59.0431 40.1961 62.9379 71.0162 54.7852 55.5313 17.9747 64.8922 64.5427 56.2092 71.2372 59.3088 77.0811 60.4739 70.1865 59.9054 77.8545 67.0899 57.9658 55.301 65.337 62.3932 40.9031 60.9675 55.1853 66.8211 64.4848 70.5357 71.8279 62.367 69.3867 77.2829 36.5453 45.2123 59.2097 67.6136 58.7405 8.90625 80.9676 52.1088 64.215 64.1355 60.6447 72.4174 59.612 67.1233 63.6818 50.0917 62.3294 70.1765 50.3947 65.2536 51.1299 63.6761 75.8235 14.2145 45.2138 6.16883 79.3486 58.3974 33.1304 70.4061 68.2192 51.4469 56.5543 65.8014 53.0186 79.9577 49.6302 68.3432 36.5001 62.1451 62.085 83.59 72.5334 63.3121 64.6518 68.4411 58.6759 77.2409 54.2406 47.662 56.8041 67.7513 55.2768 50.5714 38.1026 75.9282 50.9466 51.7134 73.8862 36.8249 46.0385 72.5352 48.9157 61.9895 55.6858 54.5039 53.4672 67.3121 57.6087 61.5502 60.7748 68.628 57.1429 67.6098 59.2275 70.5469 55.2203 54.2286 53.671 57.1675 76.4625 82.8773 66.3698 56.2551 58.1531 51.2195 56.3742 60.6421 69.5652 71.6509 73 64.922 82.0205 55.0118 56.6265 63.7687 76.4891 69.6679 47.2982 61.192 58.1597 78.282 52.1953 71.6492 67.2165 71.6629 40.4082 53.3906 69.9255 61.8805 65.1178 75.6877 65.7213 60.5285 50.0728 60.2842 57.5 70.7192 68.4444 34.9955 63.1864 49.4065 56.3951 35.4839 50.3475 74.0412 47.1545 77.9653 56.8106 85.7461 60.2384 53.2336 35.4489 62.6609 57.9986 77.9343 57.3566 50.655 77.8082 77.2365 47.7273 52.6269 51.2266 52.4128 71.2188 82.8225 55.6477 59.429 55.4745 54.1995 57.4228 73.3028 56.7021 27.4433 39.1426 76.6262 69.1069 53.2557 60.5887 66.5103 16.5703 62.6506 70.9223 35.6633 59.7162 71.3019 56.3802 43.1989 33.3333 77.2196 59.0476 79.0106 44.3204 63.4018 56.1176 54.9584 37.6623 61.7098 64.0723 61.6684 68.5571 72.0845 53.1003 73.6232 68.0999 49.935 51.3361 54.4515 63.6055 75.2674 67.4948 63.3149 58.6273 73.0825 60.6186 57.3546 63.6606 65.6737 58.5377 79.1641 65.6168 49.0939 58.0361 73.1049 59.9487 55.7364 89.9941 58.0595 74.359 58.8779 73.4328 62.5793 50.2155 51.5674 57.3612 38.3258 51.527 44.0895 56.5217 64.7028 50.1763 76.7079 66.1573 55.2533 67.1847 78.2004 73.0866 69.2996 77.0999 68.427 40.8673 55.2363 56.2095 28.5714 69.3305 53.9926 37.5796 58.5244 34.4766 47.0874 69.1478 34.4444 51.6069 36.0424 41.2736 64.8852 79.1328 73.7597 58.5827 79.4358 77.3525 44.6101 62.6696 67.0721 54.9495 54.104 56.7804 47.446 67.7508 64.0887 56.6069 66.1248 55.4675 62.2344 53.607 50.1301 52.4581 56.3107 60.3824 52.6542 50.3887 49.2253 67.9953 43.0556 62.5468 53.0461 66.1664 55.6373 64.2511 49.1585 36.6026 51.1628 47.8745 82.6549 53.2491 47.8245 59.7673 58.8926 46.2836 37.4877 29.6117 46.0907 60.5263 73.177 64.4411 47.7711 55.6054 42.7783 69.0041 30.401 29.4677 42.3002 33.4456 67.7981 64.9236 57.3793 56.4978 66.5708 71.4468 55.3582 48.2043 58.3843 56.748 52.9101 60.6727 57.7562 36.7521 57.8212 61.4075 61.6531 62.0361 74.46 34.9485 79.1499 59.6134 45.2859 50.2066 57.9981 53.7143 50.7725 54.6191 67.3108 55.3648 48.731 63.226 65.7744 42.4084 47.5548 64.9463 19.2565 66.81 58.9336 54.214 68.5278 53.3417 55.9315 67.9805 58.0775 65.9222 60.8311 56.2559 44.9871 58.4936 57.3801 78.1887 61.8922 52.5275 42.6686 55.6715 55.5901 49.9071 76.5412 63.0047 56.3303 60.9679 53.9703 64.5302 68.1918 34.7107 58.6483 63.6481 74.3262 72.3912 83.1813 56.6607 57.2682 69.3222 76.0525 48.5383 66.873 63.0846 62.5565 57.2277 50.7042 53.4302 35.188 57.879 60.8187 54.5703 43.2799 52.3273 53.3804 86.6177 71.5847 41.2052 42.8431 52.5896 59.6496 60.1436 58.9094 51.1523 73.9609 62.352 42.5072 59.3735 78.6622 49.7925 48.7179 63.8464 59.9094 47.2459 57.6184 62.6858 52.6538 60.3033 55.4808 71.7824 65.289 67.8647 75.3099 51.5846 66.395 47.2665 78.3251 66.8153 67.7419 57.0156 56.1688 76.1611 73.5493 49.4836 52.9851 60.5401 66.4005 48.9161 65.7233 51.7288 29.4466 73.4102 64.2954 72.6947 35.7052 24.3697 66.0519 59.2568 61.9501 78.4771 49.186 57.3276 60.0175 47.4453 57.2741 46 60.1481 48.4453 37.7242 61.0357 74.1114 54.7078 42.5819 55.5015 60.5303 44.6139 59.2058 49.4065 40.7735 53.8264 56.1509 46.0688 36.5024 60.4108 45.0932 47.6878 61.4439 41.6376 60.8253 53.112 66.158 57.962 47.6826 54.7993 60.8696 59.6623 46.3222 50.6299 69.338 51.3131 46.9793 43.2404 57.5884 59.2105 60.2453 71.6981 49.3463 62.9706 58.5455 60.2522 51.5674 66.6262 57.9563 59.9471 59.3948 51.1146 60.1881 46.6929 68.8636 41.635 63.0531 39.5189 62.04 73.3969 51.8082 69.8387 58.3058 59.9832 47.0588 51.711 55.9367 32.5153 49.0503 55.8846 47.8318 38.0051 47.4054 59.4964 50.1249 46.2322 49.703 61.3946 76.616 51.5423 66.6667 53.0911 55.886 53.6324 74.0997 40.7134 39.7757 60.9705 37.0313 35.228 69.0776 45.683 41.4729 54.0701 57.613 41.798 64.4326 56.2109 63.9838 69.8065 44.2234 53.104 37.9921 59.3531 57.5228 46.3929 54.2169 49.3923 45.4908 56.7657 13.5417 75.7378 54.2174 65.1125 58.3396 66.0526 51.7835 57.7007 55.5556 72.5602 66.6179 52.5702 45.5061 64.0881 11.9863 51.3144 74.3398 56.5006 81.4555 62.7095 33.9688 65.1695 62.839 73.4568 51.6551 70.3876 58.794 67.8861 62.7011 58.3717 51.3975 45.6576 61.0119 45.5436 19.0341 58.8817 53.1746 81.1944 68.2375 59.5975 65.6562 63.1897 56.9497 60.7256 62.8326 33.4764 53.9391 58.4066 46.2687 61.9231 62.4217 71.2169 61.6987 57.404 63.276 53.1447 80.2713 60.2794 77.8086 46.0048 45.4978 42.7296 42.046 60.2484 71.7127 52.7794 45.018 40.0407 47.424 56.0491 69.4329 59.0647 63.3421 61.4319 54.8624 16.8642 49.4737 49.537 65.9403 37.9788 67.2727 55.1696 40.8011 76.2042 46.7742 59.2652 12.6177 42.4697 60.6965 56.3975 56.6517 49.3917 43.2032 51.3403 64.1462 68.8323 69.791 62.8264 35.4142 56.405 47.0073 68.9173 45.933 76.4626 71.1146 36.5183 49.1876 61.3992 72.6274 61.761 60.1562 9.29752 67.5598 45.2494 61.7054 56.5032 55.52 56.7527 57.9823 51.5315 28.4173 61.7931 72.3049 50.2553 65.2114 42.7852 63.8734 55.3648 45.0214 58.3984 61.6926 73.5774 38.8521 41.8486 43.1243 69.5264 37.3913 12.5506 68.076 48 60.0184 56.5854 47.1314 49.1688 53.269 70.3333 80.1471 49.3092 58.3032 49.8094 55.7713 69.2255 54.0074 81.9991 47.2393 57.7873 58.8776 66.8124 61.2216 56.5321 69.3603 63.0305 44.9541 65.8166 30.5476 53.7008 67.3171 62.1212 74.9093 39.3352 52.9107 60.5254 46.3305 23.8671 57.4946 59.1777 60.3109 73.302 68.9394 24.4118 75.8446 24.6296 53.7441 67.4142 60.3046 65.6951 69.6288 59.6565 56.0224 57.861 71.5871 48.0663 67.134 46.6945 47.1241 68.7266 45.828 59.5514 55.2239 71.844 63.7195 50.8808 61.9048 0 26.1803 71.8403 71.6166 44.8193 66.7164 64.8832 24.2 34.765 48.7864 66.4697 ]
LOG (nnet-train-frmshuff:main():nnet-train-frmshuff.cc:367) AvgLoss: 1.02513 (Xent), [AvgXent: 1.02513, AvgTargetEnt: 0]
progress: [1.11889 1.10866 1.07051 1.0687 1.07394 1.06261 1.05436 1.05433 1.06198 1.03448 1.03879 1.0279 1.03617 1.0037 1.01793 1.01349 1.00538 0.999777 0.983402 0.981603 0.97256 0.989516 0.960505 0.969405 0.958842 ]
FRAME_ACCURACY >> 68.8459% <<
LOG (nnet-train-frmshuff:PrintProfile():cu-device.cc:428) -----
[cudevice profile]
CuArray::CopyToVecD2H	7.06724s
DiffSigmoid	7.53539s
Sigmoid	8.75991s
MulElements	9.107s
FindRowMaxId	10.5133s
MulRowsVec	12.3814s
CuMatrix::Resize	15.6337s
AddMatVec	24.0497s
CuMatrixBase::CopyFromMat(from other CuMatrixBase)	24.3294s
CuVector::SetZero	24.8794s
CuMatrixBase::CopyFromMat(from CPU)	24.9224s
CuVector::Resize	25.3904s
CuMatrix::SetZero	28.6881s
AddMat	40.8051s
AddMatMat	202.319s
Total GPU time:	502.759s (may involve some double-counting)
-----
LOG (nnet-train-frmshuff:PrintMemoryUsage():cu-allocator.cc:127) Memory usage: 357825368 bytes currently allocated (max: 358598136); 231438540 currently in use by user (max: 239065452); 35271/1008627 calls to Malloc* resulted in CUDA calls.
LOG (nnet-train-frmshuff:PrintMemoryUsage():cu-allocator.cc:134) Time taken in cudaMallocPitch=2.63984, in cudaMalloc=0.0246527, in cudaFree=1.81602, in this->MallocPitch()=5.2032
LOG (nnet-train-frmshuff:PrintMemoryUsage():cu-device.cc:401) Memory used (according to the device): 420372480 bytes.
