dnn.guoxintech.com
nnet-train-frmshuff --cross-validate=false --randomize=true --verbose=1 --minibatch-size=256 --randomizer-size=32768 --randomizer-seed=777 --learn-rate=0.002 --momentum=0 --l1-penalty=0 --l2-penalty=0 --feature-transform=exp/tri4b_dnn/final.feature_transform 'ark:copy-feats scp:exp/tri4b_dnn/train.scp ark:- | apply-cmvn --norm-means=true --norm-vars=false --utt2spk=ark:data/fbank/train/utt2spk scp:data/fbank/train/cmvn.scp ark:- ark:- |' 'ark:ali-to-pdf exp/tri4b_ali/final.mdl "ark:gunzip -c exp/tri4b_ali/ali.*.gz |" ark:- | ali-to-post ark:- ark:- |' exp/tri4b_dnn/nnet/nnet_iter05_learnrate0.004_tr1.0591_cv1.7310 exp/tri4b_dnn/nnet/nnet_iter06 
LOG (nnet-train-frmshuff:SelectGpuIdAuto():cu-device.cc:301) Selecting from 1 GPUs
LOG (nnet-train-frmshuff:SelectGpuIdAuto():cu-device.cc:316) cudaSetDevice(0): GeForce GTX 960	free:3606M, used:489M, total:4095M, free/total:0.880562
LOG (nnet-train-frmshuff:SelectGpuIdAuto():cu-device.cc:365) Trying to select device: 0 (automatically), mem_ratio: 0.880562
LOG (nnet-train-frmshuff:SelectGpuIdAuto():cu-device.cc:384) Success selecting device 0 free mem ratio: 0.880562
LOG (nnet-train-frmshuff:FinalizeActiveGpu():cu-device.cc:226) The active GPU is [0]: GeForce GTX 960	free:3589M, used:506M, total:4095M, free/total:0.876411 version 5.2
copy-feats scp:exp/tri4b_dnn/train.scp ark:- 
apply-cmvn --norm-means=true --norm-vars=false --utt2spk=ark:data/fbank/train/utt2spk scp:data/fbank/train/cmvn.scp ark:- ark:- 
LOG (nnet-train-frmshuff:Init():nnet-randomizer.cc:31) Seeding by srand with : 777
LOG (nnet-train-frmshuff:main():nnet-train-frmshuff.cc:154) TRAINING STARTED
ali-to-post ark:- ark:- 
ali-to-pdf exp/tri4b_ali/final.mdl 'ark:gunzip -c exp/tri4b_ali/ali.*.gz |' ark:- 
VLOG[1] (nnet-train-frmshuff:main():nnet-train-frmshuff.cc:320) ### After 0 frames,
VLOG[1] (nnet-train-frmshuff:main():nnet-train-frmshuff.cc:321) 
### Forward propagation buffer content :
[0] output of <Input>  ( min -3.28791, max 3.95756, mean 0.0126265, stddev 0.992937, skewness 0.166349, kurtosis -0.735591 ) 
[1] output of <AffineTransform> ( min -72.3687, max 70.0029, mean -4.09921, stddev 7.91149, skewness 0.20735, kurtosis 1.8633 ) 
[2] output of <Sigmoid> ( min 3.72106e-32, max 1, mean 0.279165, stddev 0.397234, skewness 0.994763, kurtosis -0.807885 ) 
[3] output of <AffineTransform> ( min -35.1366, max 25.0288, mean -5.65122, stddev 5.74669, skewness 0.0999756, kurtosis 0.29965 ) 
[4] output of <Sigmoid> ( min 5.50022e-16, max 1, mean 0.168215, stddev 0.315949, skewness 1.78791, kurtosis 1.60261 ) 
[5] output of <AffineTransform> ( min -25.3488, max 17.6928, mean -4.10619, stddev 4.19701, skewness 0.08358, kurtosis 0.327197 ) 
[6] output of <Sigmoid> ( min 9.79811e-12, max 1, mean 0.177681, stddev 0.299984, skewness 1.70954, kurtosis 1.49073 ) 
[7] output of <AffineTransform> ( min -27.2877, max 19.8161, mean -6.25573, stddev 4.82073, skewness 0.119753, kurtosis 0.73148 ) 
[8] output of <Sigmoid> ( min 1.40959e-12, max 1, mean 0.102554, stddev 0.24626, skewness 2.68471, kurtosis 5.97633 ) 
[9] output of <AffineTransform> ( min -16.0721, max 27.831, mean 0.00195913, stddev 3.99677, skewness 0.720115, kurtosis 1.57785 ) 
[10] output of <Softmax> ( min 2.31575e-18, max 0.999991, mean 0.000302297, stddev 0.0127904, skewness 59.626, kurtosis 3905.03 ) 
VLOG[1] (nnet-train-frmshuff:main():nnet-train-frmshuff.cc:323) 
### Backward propagation buffer content :
[0] diff of <Input>  ( min -2.96885, max 2.91139, mean 0.000217662, stddev 0.166022, skewness -0.15424, kurtosis 23.5322 ) 
[1] diff-output of <AffineTransform> ( min -0.362609, max 0.372729, mean -7.17856e-06, stddev 0.0100349, skewness -0.614341, kurtosis 97.4123 ) 
[2] diff-output of <Sigmoid> ( min -2.50135, max 2.1771, mean 2.84244e-06, stddev 0.119989, skewness -0.17675, kurtosis 14.2908 ) 
[3] diff-output of <AffineTransform> ( min -0.319567, max 0.428924, mean 2.96726e-05, stddev 0.0112157, skewness 0.225726, kurtosis 66.3075 ) 
[4] diff-output of <Sigmoid> ( min -1.69719, max 1.96214, mean 0.000859975, stddev 0.12987, skewness -0.017791, kurtosis 7.41857 ) 
[5] diff-output of <AffineTransform> ( min -0.213617, max 0.291772, mean -3.5769e-05, stddev 0.0121966, skewness 0.143399, kurtosis 33.3249 ) 
[6] diff-output of <Sigmoid> ( min -1.07941, max 1.17646, mean -0.001061, stddev 0.119521, skewness -0.108439, kurtosis 5.03444 ) 
[7] diff-output of <AffineTransform> ( min -0.322131, max 0.466495, mean 2.82586e-05, stddev 0.0132866, skewness 1.0886, kurtosis 86.5742 ) 
[8] diff-output of <Sigmoid> ( min -2.9002, max 3.60178, mean 0.00025754, stddev 0.179735, skewness -0.0213463, kurtosis 17.3482 ) 
[9] diff-output of <AffineTransform> ( min -0.998553, max 0.943958, mean 7.73971e-12, stddev 0.0129743, skewness -30.7558, kurtosis 3751.47 ) 
[10] diff-output of <Softmax> ( min -0.998553, max 0.943958, mean 7.73971e-12, stddev 0.0129743, skewness -30.7558, kurtosis 3751.47 ) 
VLOG[1] (nnet-train-frmshuff:main():nnet-train-frmshuff.cc:324) 
### Gradient stats :
Component 1 : <AffineTransform>, 
  linearity_grad ( min -1.22714, max 1.11141, mean -0.0017596, stddev 0.166066, skewness -0.026049, kurtosis 1.76108 ) , lr-coef 1, max-norm 0
  bias_grad ( min -0.804024, max 0.773147, mean -0.00183771, stddev 0.185915, skewness -0.174007, kurtosis 1.37165 ) , lr-coef 1
Component 2 : <Sigmoid>, 
Component 3 : <AffineTransform>, 
  linearity_grad ( min -0.759186, max 0.872231, mean 0.00164815, stddev 0.0897491, skewness 0.0833258, kurtosis 3.2303 ) , lr-coef 1, max-norm 0
  bias_grad ( min -0.718049, max 0.920123, mean 0.00759618, stddev 0.214702, skewness 0.0259563, kurtosis 0.768881 ) , lr-coef 1
Component 4 : <Sigmoid>, 
Component 5 : <AffineTransform>, 
  linearity_grad ( min -0.713634, max 0.768597, mean -0.00163738, stddev 0.0743673, skewness 0.0801842, kurtosis 3.58439 ) , lr-coef 1, max-norm 0
  bias_grad ( min -0.783563, max 0.872319, mean -0.00915687, stddev 0.230025, skewness 0.221147, kurtosis 0.780087 ) , lr-coef 1
Component 6 : <Sigmoid>, 
Component 7 : <AffineTransform>, 
  linearity_grad ( min -0.699967, max 1.13822, mean 0.00110252, stddev 0.078192, skewness 0.399922, kurtosis 5.77389 ) , lr-coef 1, max-norm 0
  bias_grad ( min -0.794432, max 1.04702, mean 0.00723421, stddev 0.236663, skewness 0.270158, kurtosis 1.25456 ) , lr-coef 1
Component 8 : <Sigmoid>, 
Component 9 : <AffineTransform>, 
  linearity_grad ( min -3.59506, max 1.86704, mean -8.40103e-10, stddev 0.0593444, skewness -6.64437, kurtosis 225.572 ) , lr-coef 1, max-norm 0
  bias_grad ( min -3.31746, max 1.64011, mean -2.60723e-09, stddev 0.20901, skewness -3.00577, kurtosis 39.7917 ) , lr-coef 0.1
Component 10 : <Softmax>, 
LOG (ali-to-pdf:main():ali-to-pdf.cc:68) Converted 9996 alignments to pdf sequences.
VLOG[1] (nnet-train-frmshuff:Eval():nnet-loss.cc:135) ProgressLoss[last 1h of 1h]: 1.12931 (Xent)
LOG (ali-to-post:main():ali-to-post.cc:65) Converted 9996 alignments.
WARNING (nnet-train-frmshuff:main():nnet-train-frmshuff.cc:169) A23_204, missing targets
VLOG[1] (nnet-train-frmshuff:Eval():nnet-loss.cc:135) ProgressLoss[last 1h of 2h]: 1.1172 (Xent)
VLOG[1] (nnet-train-frmshuff:Eval():nnet-loss.cc:135) ProgressLoss[last 1h of 3h]: 1.07861 (Xent)
VLOG[1] (nnet-train-frmshuff:Eval():nnet-loss.cc:135) ProgressLoss[last 1h of 4h]: 1.07312 (Xent)
VLOG[1] (nnet-train-frmshuff:Eval():nnet-loss.cc:135) ProgressLoss[last 1h of 5h]: 1.07893 (Xent)
VLOG[1] (nnet-train-frmshuff:Eval():nnet-loss.cc:135) ProgressLoss[last 1h of 6h]: 1.06696 (Xent)
VLOG[1] (nnet-train-frmshuff:Eval():nnet-loss.cc:135) ProgressLoss[last 1h of 7h]: 1.05829 (Xent)
VLOG[1] (nnet-train-frmshuff:Eval():nnet-loss.cc:135) ProgressLoss[last 1h of 8h]: 1.05744 (Xent)
VLOG[1] (nnet-train-frmshuff:Eval():nnet-loss.cc:135) ProgressLoss[last 1h of 9h]: 1.06495 (Xent)
VLOG[1] (nnet-train-frmshuff:Eval():nnet-loss.cc:135) ProgressLoss[last 1h of 10h]: 1.03837 (Xent)
VLOG[1] (nnet-train-frmshuff:Eval():nnet-loss.cc:135) ProgressLoss[last 1h of 11h]: 1.04177 (Xent)
VLOG[1] (nnet-train-frmshuff:Eval():nnet-loss.cc:135) ProgressLoss[last 1h of 12h]: 1.02922 (Xent)
VLOG[1] (nnet-train-frmshuff:main():nnet-train-frmshuff.cc:272) After 5000 utterances: time elapsed = 4.04678 min; processed 18818.8 frames per second.
VLOG[1] (nnet-train-frmshuff:Eval():nnet-loss.cc:135) ProgressLoss[last 1h of 13h]: 1.03817 (Xent)
VLOG[1] (nnet-train-frmshuff:Eval():nnet-loss.cc:135) ProgressLoss[last 1h of 14h]: 1.00623 (Xent)
VLOG[1] (nnet-train-frmshuff:Eval():nnet-loss.cc:135) ProgressLoss[last 1h of 15h]: 1.01916 (Xent)
VLOG[1] (nnet-train-frmshuff:Eval():nnet-loss.cc:135) ProgressLoss[last 1h of 16h]: 1.01399 (Xent)
VLOG[1] (nnet-train-frmshuff:Eval():nnet-loss.cc:135) ProgressLoss[last 1h of 17h]: 1.00366 (Xent)
VLOG[1] (nnet-train-frmshuff:Eval():nnet-loss.cc:135) ProgressLoss[last 1h of 18h]: 0.999707 (Xent)
VLOG[1] (nnet-train-frmshuff:Eval():nnet-loss.cc:135) ProgressLoss[last 1h of 19h]: 0.984401 (Xent)
VLOG[1] (nnet-train-frmshuff:Eval():nnet-loss.cc:135) ProgressLoss[last 1h of 20h]: 0.98324 (Xent)
WARNING (nnet-train-frmshuff:main():nnet-train-frmshuff.cc:169) A23_107, missing targets
VLOG[1] (nnet-train-frmshuff:Eval():nnet-loss.cc:135) ProgressLoss[last 1h of 21h]: 0.972745 (Xent)
VLOG[1] (nnet-train-frmshuff:Eval():nnet-loss.cc:135) ProgressLoss[last 1h of 22h]: 0.987974 (Xent)
VLOG[1] (nnet-train-frmshuff:Eval():nnet-loss.cc:135) ProgressLoss[last 1h of 23h]: 0.958231 (Xent)
WARNING (nnet-train-frmshuff:main():nnet-train-frmshuff.cc:169) C22_500, missing targets
WARNING (nnet-train-frmshuff:main():nnet-train-frmshuff.cc:169) C21_672, missing targets
VLOG[1] (nnet-train-frmshuff:Eval():nnet-loss.cc:135) ProgressLoss[last 1h of 24h]: 0.968455 (Xent)
VLOG[1] (nnet-train-frmshuff:Eval():nnet-loss.cc:135) ProgressLoss[last 1h of 25h]: 0.95669 (Xent)
LOG (copy-feats:main():copy-feats.cc:101) Copied 10000 feature matrices.
LOG (apply-cmvn:main():apply-cmvn.cc:146) Applied cepstral mean normalization to 10000 utterances, errors on 0
VLOG[1] (nnet-train-frmshuff:main():nnet-train-frmshuff.cc:345) ### After 9172992 frames,
VLOG[1] (nnet-train-frmshuff:main():nnet-train-frmshuff.cc:346) 
### Forward propagation buffer content :
[0] output of <Input>  ( min -3.05699, max 3.97779, mean -0.0266961, stddev 0.94405, skewness 0.143742, kurtosis -0.532818 ) 
[1] output of <AffineTransform> ( min -72.4443, max 87.9202, mean -4.08168, stddev 7.91403, skewness 0.232738, kurtosis 2.01713 ) 
[2] output of <Sigmoid> ( min 3.45007e-32, max 1, mean 0.279949, stddev 0.397472, skewness 0.989311, kurtosis -0.818306 ) 
[3] output of <AffineTransform> ( min -35.2874, max 21.6535, mean -5.50209, stddev 5.64253, skewness 0.0977324, kurtosis 0.299545 ) 
[4] output of <Sigmoid> ( min 4.73028e-16, max 1, mean 0.171088, stddev 0.317314, skewness 1.75857, kurtosis 1.49806 ) 
[5] output of <AffineTransform> ( min -24.0906, max 16.221, mean -4.02707, stddev 4.0969, skewness 0.0802459, kurtosis 0.20758 ) 
[6] output of <Sigmoid> ( min 3.44813e-11, max 1, mean 0.179622, stddev 0.299983, skewness 1.6868, kurtosis 1.4144 ) 
[7] output of <AffineTransform> ( min -27.5904, max 21.2824, mean -5.99725, stddev 4.70993, skewness 0.109537, kurtosis 0.676984 ) 
[8] output of <Sigmoid> ( min 1.04141e-12, max 1, mean 0.107572, stddev 0.24927, skewness 2.60017, kurtosis 5.53402 ) 
[9] output of <AffineTransform> ( min -15.9427, max 29.5828, mean 0.00219655, stddev 4.03114, skewness 0.661513, kurtosis 1.29591 ) 
[10] output of <Softmax> ( min 1.69186e-20, max 0.999891, mean 0.000302297, stddev 0.0132128, skewness 59.7374, kurtosis 3872.63 ) 
VLOG[1] (nnet-train-frmshuff:main():nnet-train-frmshuff.cc:348) 
### Backward propagation buffer content :
[0] diff of <Input>  ( min -2.51158, max 2.27078, mean -0.000275627, stddev 0.126129, skewness -0.116743, kurtosis 35.1683 ) 
[1] diff-output of <AffineTransform> ( min -0.258443, max 0.364994, mean 2.44478e-05, stddev 0.00809227, skewness 0.473285, kurtosis 126.389 ) 
[2] diff-output of <Sigmoid> ( min -2.42468, max 1.6067, mean 0.000820087, stddev 0.0969333, skewness 0.0497911, kurtosis 18.6005 ) 
[3] diff-output of <AffineTransform> ( min -0.275896, max 0.274799, mean 5.16515e-06, stddev 0.00926927, skewness -0.0870676, kurtosis 73.6718 ) 
[4] diff-output of <Sigmoid> ( min -2.28404, max 1.23704, mean -0.000156653, stddev 0.107247, skewness -0.124939, kurtosis 10.0158 ) 
[5] diff-output of <AffineTransform> ( min -0.211026, max 0.253263, mean -4.5274e-07, stddev 0.0101503, skewness 0.0951231, kurtosis 44.7636 ) 
[6] diff-output of <Sigmoid> ( min -1.20055, max 1.46498, mean 0.000284243, stddev 0.0993941, skewness 0.00250978, kurtosis 7.45651 ) 
[7] diff-output of <AffineTransform> ( min -0.589072, max 0.33695, mean 1.14934e-06, stddev 0.0106696, skewness -0.677952, kurtosis 117.086 ) 
[8] diff-output of <Sigmoid> ( min -2.98858, max 2.19384, mean 0.000515494, stddev 0.130849, skewness -0.308353, kurtosis 21.448 ) 
[9] diff-output of <AffineTransform> ( min -0.997945, max 0.915246, mean 8.06022e-12, stddev 0.0104983, skewness -39.9088, kurtosis 5013.82 ) 
[10] diff-output of <Softmax> ( min -0.997945, max 0.915246, mean 8.06022e-12, stddev 0.0104983, skewness -39.9088, kurtosis 5013.82 ) 
VLOG[1] (nnet-train-frmshuff:main():nnet-train-frmshuff.cc:349) 
### Gradient stats :
Component 1 : <AffineTransform>, 
  linearity_grad ( min -0.950066, max 1.43017, mean -0.00474573, stddev 0.121941, skewness 0.00970078, kurtosis 2.22596 ) , lr-coef 1, max-norm 0
  bias_grad ( min -0.454114, max 0.687066, mean 0.00625863, stddev 0.131273, skewness 0.0580662, kurtosis 0.918648 ) , lr-coef 1
Component 2 : <Sigmoid>, 
Component 3 : <AffineTransform>, 
  linearity_grad ( min -0.537507, max 0.573487, mean 0.000576353, stddev 0.0755453, skewness -0.00517441, kurtosis 2.35507 ) , lr-coef 1, max-norm 0
  bias_grad ( min -0.496934, max 0.555163, mean 0.00132228, stddev 0.155449, skewness 0.142275, kurtosis -0.0155404 ) , lr-coef 1
Component 4 : <Sigmoid>, 
Component 5 : <AffineTransform>, 
  linearity_grad ( min -0.696171, max 0.548296, mean -7.15645e-05, stddev 0.0642243, skewness -0.0191157, kurtosis 3.69547 ) , lr-coef 1, max-norm 0
  bias_grad ( min -0.643162, max 0.617597, mean -0.000115902, stddev 0.17912, skewness -0.0681433, kurtosis 0.44137 ) , lr-coef 1
Component 6 : <Sigmoid>, 
Component 7 : <AffineTransform>, 
  linearity_grad ( min -1.02483, max 0.938128, mean -9.14699e-05, stddev 0.0664047, skewness -0.300712, kurtosis 8.74016 ) , lr-coef 1, max-norm 0
  bias_grad ( min -1.16524, max 0.978779, mean 0.000294232, stddev 0.197327, skewness -0.266782, kurtosis 2.62628 ) , lr-coef 1
Component 8 : <Sigmoid>, 
Component 9 : <AffineTransform>, 
  linearity_grad ( min -3.94525, max 2.21627, mean -7.25641e-10, stddev 0.0525781, skewness -14.9072, kurtosis 642.77 ) , lr-coef 1, max-norm 0
  bias_grad ( min -3.94525, max 2.42785, mean -1.83234e-09, stddev 0.19796, skewness -5.74248, kurtosis 94.8933 ) , lr-coef 0.1
Component 10 : <Softmax>, 
LOG (nnet-train-frmshuff:main():nnet-train-frmshuff.cc:357) Done 9996 files, 4 with no tgt_mats, 0 with other errors. [TRAINING, RANDOMIZED, 8.06763 min, fps18950.2]
LOG (nnet-train-frmshuff:main():nnet-train-frmshuff.cc:366) PER-CLASS PERFORMANCE:
@@@ Frames per-class: [ 565947 488 1856 2655 3568 781 1492 366 1178 2601 6093 275 1750 2781 625 562 407 2075 713 1564 3910 315 721 484 3131 1228 388 886 1838 5544 1216 582 998 1423 2274 2478 2622 648 1450 1302 3270 319 837 506 1459 1185 413 2751 2642 2203 1697 113 5227 1522 5320 974 5444 610 2375 3574 2645 5196 2948 961 731 1034 885 1070 246 1967 4634 2320 1158 297 837 4047 1525 649 614 329 1269 241 5288 211 2298 1571 3925 5375 490 2188 672 1219 1570 1059 214 2868 2349 1561 1557 443 673 446 850 4317 148 823 1698 8558 1527 0 2752 1090 2060 2968 650 3118 497 1859 3307 2522 2642 0 502 1250 502 1164 1593 1240 1894 425 764 405 3235 1498 1909 286 628 631 1133 408 1937 5169 907 577 7189 707 2964 1322 4240 1153 1437 2810 2452 800 3284 2090 488 3356 216 200 1059 329 1589 0 2074 357 1356 254 199 1331 812 1760 1611 389 691 0 0 0 935 4378 450 2722 3 1794 718 428 600 126 1580 3676 736 1947 258 4769 2271 2576 1561 4241 384 1310 5646 1701 3079 0 1076 2731 532 7527 0 2363 3097 163 2514 164 703 969 2310 6817 456986 521258 457790 3007 267081 806 2722 3400 2626 2194 884 12081 14170 2836 916 1080 1386 2009 2615 5895 547 3387 1384 774 2474 1007 2048 1851 1941 1387 1719 3968 9195 2158 2714 464 1071 1666 5826 953 5295 1610 844 1360 4983 1283 922 757 1279 3052 1651 878 958 3480 1368 3789 7258 1366 4759 1405 3640 2311 1961 3572 1357 2092 688 1531 2457 1279 1127 2663 707 1059 4114 2466 8365 842 3733 1395 1405 2049 1936 4111 695 3742 3920 2452 691 5044 3739 574 2752 1057 11963 1165 1200 1094 2323 2129 4045 1147 2060 3856 5067 1012 1343 4417 507 5785 6804 3409 620 684 1099 1456 1313 2262 2997 2296 3680 5183 1546 817 1985 4782 2240 424 796 983 1542 3053 1395 3845 4599 910 2240 2268 1572 4457 942 8678 1016 2652 1695 2753 2160 6505 1581 815 389 2237 6126 935 3220 926 3457 781 3001 1781 1857 991 4395 5194 5886 1572 1385 4408 568 1182 2356 548 466 9540 6101 5919 2224 1117 734 2194 4812 1222 1826 931 1372 2310 725 1123 3533 1450 3700 2209 2969 3288 1248 1832 1013 985 1170 6258 5116 863 3733 4208 1999 4130 2366 1045 2905 460 2195 1416 873 1511 1830 1102 1103 4889 3334 724 2791 2785 1854 4383 1146 2259 652 1058 1069 3320 2956 2959 2039 2309 1423 378 3871 1374 1954 1037 362 2170 531 1351 1300 1160 1107 3253 2243 1083 1565 1956 840 1071 797 758 1662 510 1633 1577 782 941 1778 458 4905 1283 2685 1150 4278 2389 2779 1293 575 617 1748 3773 706 1488 1964 5177 1454 1478 907 3027 1330 2638 1517 760 5005 4870 542 5973 1408 822 1048 501 1852 1881 7399 1286 518 1293 4660 1265 462 2474 897 2851 7526 597 1847 1938 3365 1063 718 832 1714 1671 2185 316 1406 3713 1710 1093 1209 2779 3231 1193 1774 523 3055 1807 1242 1638 690 1784 2443 5860 237 834 2022 1533 7884 1481 5986 2881 1432 2162 5323 1056 883 468 2279 936 4949 2126 4534 3594 910 1903 1383 3292 1742 794 5511 3029 1841 758 5233 2350 6871 1635 448 2062 4300 2383 1040 2219 531 6194 1951 3740 1741 928 2361 550 1009 476 422 4745 2207 3135 4979 3034 904 833 1977 3512 2834 1203 3588 1709 4690 721 4587 940 780 1690 842 2192 2055 1022 666 6489 3179 1739 1072 1686 1401 3497 852 2930 1689 2321 2712 912 5215 864 856 1363 1158 1790 1447 893 5717 2142 796 3762 1980 1338 1473 2273 1807 1778 705 5227 740 3426 1105 3377 389 214 2219 2097 5121 349 2093 2243 1645 1155 1494 740 1376 1274 2612 1287 2149 3853 1211 888 2298 2586 5092 961 4597 1455 1310 513 3549 4555 1052 2680 1493 1955 3664 821 977 251 558 2583 1649 3945 4664 2782 1065 6695 1722 1408 6466 2230 3325 2485 1083 3540 3341 639 796 3632 544 5317 252 2049 3176 569 980 1441 4474 1256 1079 1369 1392 1467 796 4797 1843 6202 3201 3167 2427 3000 630 2873 1561 2473 3445 4575 1056 1345 1787 9409 1435 2075 2351 1716 5718 1116 523 606 1464 344 6396 687 942 786 1742 857 5623 1079 1377 1532 760 1537 5283 3383 1336 1696 1089 1654 5214 1628 1073 1687 1268 3150 2122 2959 1047 5780 760 2154 2320 3341 1786 3647 407 1146 2159 2296 1319 1417 405 2610 1412 1569 2257 1018 417 1735 569 917 1556 1154 941 2360 3615 407 624 737 2779 2085 2323 1268 938 3202 3287 3835 532 652 3276 1566 5009 1727 424 1105 1850 2810 1625 5301 1910 928 1328 1025 790 4473 2823 5226 955 3949 1577 561 1852 1243 12846 3513 1837 2691 4696 2810 2167 364 721 1233 2556 977 538 2001 948 1457 1554 829 1559 1904 1390 1614 1126 907 1129 2803 2316 3477 860 2720 581 3954 442 987 1590 5186 1550 5255 1331 1314 2612 438 580 1501 2370 2136 3039 2817 1957 2556 1384 345 373 707 2206 714 1059 3662 3193 1348 1228 2066 1625 1228 1769 4482 927 2151 1790 3480 1153 4341 1177 3635 194 1782 2352 1010 510 1603 1247 3782 1991 1307 645 767 787 647 4112 6542 6158 2615 3649 3004 770 3671 697 2684 2461 2004 4318 2822 1474 2478 2663 1005 1526 1287 1869 1798 1381 2329 2502 6950 3292 1682 1617 3635 2217 2554 1355 611 992 1868 1451 3096 535 464 6610 850 2089 1563 1369 1774 359 2140 1924 1982 3864 3249 2231 1309 960 1136 867 1090 1773 1246 669 1346 1106 999 1450 2672 2220 4860 4012 5758 417 866 588 857 1560 2491 1469 960 796 792 2109 4809 1608 3596 622 852 2288 3194 1040 1371 1800 306 1648 13748 841 1477 2744 1961 1258 1618 813 668 180 1742 1301 1411 583 2428 2314 529 1484 2865 1144 2331 757 504 3383 7446 961 3161 1982 1486 1203 3120 4134 1064 7890 2095 3005 1419 854 2826 1733 1734 4569 3390 1568 1082 443 4562 596 1696 3461 1965 729 4281 2872 4321 10804 1439 2193 1279 1224 647 2216 666 980 1102 523 723 1649 2346 2039 721 2250 438 2214 970 886 1156 781 1945 2164 2728 2087 1722 815 3635 960 986 1950 4354 2593 1676 1695 927 1235 891 3646 1345 2269 928 1211 1006 988 4043 251 2576 1821 772 2564 1488 1179 5225 2868 702 1607 2803 1757 2892 606 725 3310 6702 882 1544 1946 967 1608 1446 1674 1037 1892 25831 2168 1720 3053 5336 9184 1336 696 728 2765 702 1173 2913 4126 1888 767 1027 768 1408 2697 2542 1875 493 4119 673 2647 1984 1284 4695 1568 1540 3999 1796 364 1240 892 5170 1427 1450 922 4511 2470 1012 5100 1479 2281 2349 1471 1022 584 1087 1089 1607 1582 1487 3695 1709 1062 490 787 450 1061 4775 2048 3192 1408 1607 4405 3421 1158 439 2724 121 3504 2856 1621 1873 2965 747 821 560 4699 417 1614 579 2153 468 236 735 729 1184 6841 1127 790 521 2414 12590 1228 2492 9263 1802 1239 2463 1731 426 985 1252 2464 399 863 1346 2443 2530 3979 3347 2064 1457 633 664 1619 519 1495 2600 2249 1447 537 625 1022 309 5397 628 1057 6266 5232 2355 512 492 556 756 2648 2243 2021 1097 648 1641 1100 2418 3479 1159 246 798 621 1521 392 1107 209 2280 1084 4239 4340 516 603 615 2615 1630 9815 6536 2931 1345 2581 2253 1078 1049 814 1645 620 4080 2424 461 2396 1288 1593 2381 1129 4140 656 1715 2828 3902 7210 3110 2626 2342 789 7704 1765 2172 1084 4217 1129 5474 278 1360 1202 1519 6182 1087 361 267 1424 1371 1510 2905 1784 360 490 2399 1321 4188 1222 4590 1455 1041 1340 1045 2495 5940 1032 722 3077 1289 5383 998 2269 3677 678 849 1547 685 1141 2040 1235 1398 1205 705 3556 429 3420 1905 688 1499 1067 1675 2514 1643 2531 365 2244 2679 7052 2466 3034 1250 3468 1008 1355 815 700 471 2091 1834 2880 598 1610 4539 834 2860 701 3463 2072 1630 5839 3312 636 1584 2882 969 738 2142 4170 836 2388 652 1440 789 1133 967 1412 982 1062 387 1749 1077 2078 1954 1744 848 5209 2447 799 4505 853 2466 4754 3943 734 688 1388 492 1093 1102 1728 662 1163 2823 3096 1505 3639 924 1356 1211 932 1240 890 2025 1653 1133 774 711 4976 2049 1194 1959 2338 2719 2832 1322 4493 10160 1333 673 6167 1140 2433 392 3518 774 1011 357 727 1048 8630 748 1380 983 2324 775 1348 724 1421 480 901 4747 923 1315 844 1760 2875 762 1470 1527 956 1209 1665 8933 3283 945 1328 395 1249 2934 3612 1242 472 1087 2103 3023 1054 1244 4243 1258 1286 3573 2005 1102 5365 3159 2202 1951 1359 2009 847 2157 2213 4676 7935 2414 2365 1205 1291 1732 1202 1273 460 661 1013 1250 7269 424 2763 1511 3886 358 1846 7376 2224 1870 1580 531 2115 1696 1143 398 2370 1493 1181 1582 1971 894 2301 1298 1821 2372 844 564 3693 1439 3123 1116 487 1694 1023 2536 2421 1453 3031 957 1413 1411 1558 2961 2019 1559 2810 1075 1268 2291 3711 1144 838 1815 2740 2680 386 860 1181 221 2668 2695 504 448 2795 2334 603 2111 3982 2586 2173 2751 568 611 1484 594 1346 665 675 1032 2794 1105 793 2162 2104 720 3548 1625 2442 6200 425 3607 1457 787 2666 1578 3275 1233 2291 958 642 2109 1032 4100 959 1005 7944 802 945 7081 890 1477 794 2864 2093 2411 1137 162 1634 997 312 1648 6181 1400 1195 315 1848 2029 1120 1430 2429 2755 1040 1039 884 5154 1653 2471 362 4520 2676 1358 4638 667 1346 2032 3828 1701 1895 463 339 3390 845 1083 890 2640 869 947 1978 1450 1394 1092 1795 579 5332 1984 1149 383 982 4384 717 1988 864 1892 1484 1219 4103 9665 842 1041 3082 2885 1987 1322 696 836 1268 1338 1254 2606 949 2818 3056 2264 820 2171 1978 1896 1014 471 1582 864 2126 10030 1910 249 2164 761 2268 1685 370 3007 6240 2600 2789 1952 10222 2530 602 810 3208 3269 1206 1725 628 1981 590 732 818 1942 2305 1184 1386 839 674 690 1038 838 691 9572 3855 1985 1477 972 655 934 515 549 3124 1817 1285 1010 396 1557 1158 703 2150 745 2869 1262 3799 1077 1454 5829 3440 2236 1695 1208 3307 4375 477 2950 1672 1630 662 1360 1384 1945 1000 1007 8439 762 2853 3017 1814 995 949 1613 1216 3178 289 647 3028 2883 1825 3980 6072 1910 1811 1107 951 2062 2289 780 2344 1572 2312 2003 624 5885 3440 2808 509 6115 2247 1202 1605 915 1123 761 1158 977 1627 2912 641 654 680 1927 4161 589 5466 830 1656 736 355 1137 2164 517 2620 5151 613 1322 714 2117 833 2199 1599 3647 1024 1657 1010 759 1162 4314 4231 6213 966 1265 867 2179 3225 4039 2277 1419 2397 446 486 2868 714 3047 547 2428 2300 2427 1217 7220 474 1634 3104 578 827 615 1030 997 610 3038 438 3841 664 1364 3897 3540 2507 3874 1265 1956 1513 5057 2563 737 888 969 1294 1722 993 7629 1991 3141 267 686 1608 5183 279 1959 1180 1034 830 1108 726 1777 1386 611 285 1003 1403 326 2944 940 2920 3311 3176 1268 2215 720 2252 5142 1059 3411 1446 3119 1727 3634 602 2321 2200 1255 1613 1776 2280 1504 467 1141 1456 1492 1286 662 5655 3089 495 1350 1001 9277 848 912 2309 1058 1399 1959 638 1791 545 2862 2310 746 1616 2052 5449 1260 1255 3379 1751 1337 1938 738 3484 1951 3157 266 1704 940 8750 745 3461 1382 338 320 723 3190 1126 3202 3269 610 938 682 533 1199 707 324 6037 514 1694 633 398 631 1022 5583 621 547 1058 8594 1514 1024 1524 5619 1797 810 930 625 767 2469 3852 2711 703 2282 2933 2985 1282 2704 1812 3168 3934 5663 1646 2580 1446 318 2479 2363 966 2011 496 437 1144 2147 784 3748 2893 5543 2302 4612 1146 2394 432 2109 991 5035 1114 2154 511 2139 2681 2316 1244 1481 1022 3266 701 1112 874 2343 3357 1849 9651 356 2821 2464 2363 787 479 5054 934 1128 1411 497 548 1298 4131 952 1182 3451 1500 805 4440 240 4433 766 2006 2532 1375 1282 2519 441 1343 883 1934 5963 584 3273 537 544 1023 923 4234 467 1171 2500 5322 2212 3384 1655 2157 1181 1008 1662 836 2243 3013 4646 571 6110 1382 4410 3389 643 3541 4609 1452 1604 3044 663 734 1778 1334 826 1392 883 1260 1922 1062 282 1130 7723 2146 3967 2064 1501 726 6774 3274 3951 447 2538 950 2069 500 2974 2144 2571 2280 772 3164 6438 3750 5562 1567 4944 744 475 2717 1924 1989 989 1833 3019 1019 2023 1637 1188 4184 2163 509 2230 9967 974 1145 1755 1817 1647 1315 6920 1275 6124 1775 617 1805 7066 8526 1677 8634 1016 621 3220 698 1226 3523 583 1972 3493 1631 1181 1376 3035 1040 1236 3591 2252 1778 184 5618 2546 3420 3074 1087 1806 3141 3868 4527 1624 911 5335 2284 2266 4224 1788 3877 469 717 986 1358 574 1667 5963 1110 1855 677 637 3072 1587 1585 1333 3915 3784 2008 1297 1434 1242 1784 1490 3651 543 1764 4502 2713 702 2793 2654 2010 1447 1570 3913 1998 3164 663 2297 1818 1338 1484 5830 2250 501 4111 965 1111 802 1914 2302 1804 777 874 2596 2773 1759 7106 4864 3059 1259 1607 3802 2004 1689 4416 3772 453 1907 4327 860 1476 1793 3242 5594 885 5884 5134 1264 1056 3366 3445 1763 677 1609 1396 807 2498 3930 6171 1226 2063 1066 1422 7722 685 5884 1294 468 4375 1082 2133 2685 933 1032 1350 1187 1456 430 1094 2376 6717 3717 2148 750 2829 1890 2546 1391 1207 3372 2294 2908 1878 836 1883 2834 3854 2415 3451 461 2654 2365 3672 6326 1238 8996 399 2134 990 479 1009 4218 1853 2771 1034 3783 447 1902 714 885 1732 1024 1374 395 1484 1334 612 1568 897 5502 1857 5095 3170 7672 945 1111 3754 727 819 2281 1199 9064 2375 2368 1680 2254 4605 1924 7118 4203 1201 1645 2112 921 640 2501 735 707 2568 1334 968 567 438 2803 1090 1099 4986 1520 1321 1062 4113 1609 401 491 308 7307 1560 1150 1970 1825 2177 1602 3313 1292 1891 1352 338 3663 1268 3012 2078 2392 1570 1522 3156 2311 1428 2028 1219 970 3104 2312 700 643 4013 1743 963 1459 611 1401 3834 415 3036 853 1532 4730 3047 552 1316 1239 3688 1204 2686 466 1280 2088 1951 1757 2895 1453 2412 1909 2446 1202 1353 2416 841 1495 3598 1600 1796 2336 1267 332 2473 5087 2710 1499 2886 4271 1851 3257 4208 1455 5731 245 2094 2281 2159 1571 1345 2045 2460 2748 1478 1000 584 225 1123 1475 674 5770 558 1295 4172 492 4266 602 1347 1846 2675 646 932 1469 1704 1203 458 730 2135 968 2227 693 4787 681 1403 965 1331 274 762 1327 5023 1977 1279 1073 1399 2732 1459 4892 1066 519 2324 2060 701 1621 3157 1536 2132 702 1712 2520 2911 1523 3604 1463 1321 539 1930 1439 947 1199 2178 887 690 2163 769 711 1258 5303 2337 966 905 2608 1382 485 877 1874 2954 2161 6412 1524 607 2271 963 2337 1229 10114 639 975 1622 2680 2838 1392 638 2486 1983 1277 626 3335 3870 1985 1859 4057 2132 9072 2734 1594 671 2262 1780 761 1079 1699 350 926 1891 785 1396 1691 412 4823 990 3236 849 424 2395 1107 2580 2907 2942 1881 872 3169 1151 990 865 2168 1899 3659 4060 3625 4183 2524 1459 2509 1153 3580 4738 5649 1394 1415 2259 853 576 1602 2298 733 816 13813 4516 989 903 988 3857 1108 2735 1633 2980 2193 2030 412 2072 418 4306 6021 1817 1338 4528 2952 773 526 1026 891 8220 1243 725 3632 1391 1569 3378 1253 817 2786 1134 3776 722 1053 1074 1762 738 943 787 970 1741 2845 1994 968 2138 350 1424 4936 621 3495 197 3013 2615 573 2372 1957 1345 2558 4276 2112 3206 1601 2453 2461 1987 2418 3393 1063 389 624 1084 3434 761 455 682 3641 1288 1076 2498 1065 1635 1901 3161 2980 2732 605 3995 2330 4378 7168 4495 1126 1596 2523 1829 3797 5331 4234 2433 1515 1633 1720 1330 3338 1710 733 2433 7992 991 11164 732 614 3046 2761 3368 557 3081 1779 1636 2619 694 2075 2362 964 3432 2683 2427 1289 781 1884 1658 1121 2527 2059 5831 5704 2017 1483 1595 878 609 1121 465 2245 3080 7299 741 2324 1876 1148 1753 3183 954 2198 506 3727 2952 9207 787 238 4663 3014 1682 3861 2027 464 1143 548 1306 700 2700 1994 1951 1178 3376 2464 519 2054 1320 2098 554 2696 1810 2339 1325 814 1441 1412 2038 2703 1870 1148 3441 964 3670 5162 1273 1146 989 1599 1142 1667 1148 990 2367 3765 3848 2964 1386 1060 2371 8207 1375 2141 3477 2472 1282 2267 5056 628 957 2283 3960 526 3164 1455 951 3883 1189 620 909 2379 510 1578 758 652 895 2566 1522 792 2563 2780 4804 982 505 588 2630 3015 2535 2394 3194 2051 3471 813 1516 2885 640 1601 1908 2467 516 1683 4072 1079 1507 3035 1727 2325 1558 2674 508 3277 1316 901 913 2057 2007 3636 288 2914 2134 3067 1325 380 813 461 441 1578 683 3346 1235 1952 584 951 4014 823 1855 2148 577 2449 2360 5508 1299 645 1791 3335 2051 1302 3220 2015 2688 1021 352 2021 2898 787 1061 646 4915 2483 2662 1268 1165 932 2069 1707 402 4160 2874 945 624 547 5751 318 4349 1503 721 826 3154 1568 2131 644 905 1709 833 984 757 2364 2398 1390 2286 3031 2180 1097 570 864 1239 1227 440 1209 1473 1391 1240 3103 531 1733 804 805 1338 2055 2229 2201 4351 2201 3254 651 1666 484 685 1718 1045 10341 637 764 677 1215 2002 2385 768 484 1045 1684 3870 1407 1250 2014 902 2775 278 2175 3293 4505 2886 1788 537 1398 3274 1536 4443 2513 1812 1374 909 3252 920 247 2578 1750 1088 2050 2754 1564 933 3000 3264 941 1662 4985 927 1472 1622 2111 489 4456 980 2287 2112 1263 594 2851 1090 4078 347 5188 3690 198 3308 361 2319 2741 3570 331 1381 681 1930 2974 2244 680 3759 540 3619 3032 985 446 1778 2387 714 935 3604 1086 642 1437 991 1602 779 2764 268 3129 1640 2952 756 83 699 5760 6155 2075 670 2355 500 1234 412 6263 ]
@@@ Loss per-class: [ 0.517311 1.55226 0.865982 0.987737 1.01958 1.08746 0.855628 1.49874 1.13542 1.14383 0.571279 1.56138 1.12761 0.780235 1.94905 1.76268 2.86672 1.36809 1.32149 0.80301 0.74701 2.9317 0.912402 1.00901 0.821703 1.01023 2.83543 1.22658 1.72195 0.981204 1.27611 1.45078 0.685027 0.954232 1.01105 1.17982 0.707407 1.36409 0.96164 0.684263 0.818814 2.50442 0.89197 1.11721 1.11817 1.04385 1.98916 1.13837 0.690914 0.799428 1.02304 3.80701 0.809104 1.35382 0.738658 2.003 0.696239 1.99773 0.558454 1.16795 1.82198 1.61633 1.33547 2.62926 1.02221 1.16415 1.70453 1.06291 2.7147 0.980957 0.888489 1.16563 1.73302 3.37802 1.53318 0.811633 1.18093 1.54314 2.2758 1.58348 0.902641 1.52944 0.765153 3.844 1.36566 0.81379 1.31468 0.829286 2.87598 2.21205 1.65643 1.66655 1.76894 1.77746 3.3094 1.00696 1.26897 1.80701 1.08332 3.10081 1.18973 1.17918 1.61326 0.757156 4.13658 1.22043 0.724362 0.683461 0.60874 -nan 1.45449 2.11407 1.73465 1.16879 3.00643 0.846909 2.66681 1.21014 0.910896 1.14325 0.991771 -nan 2.67291 0.803584 1.42856 1.19753 1.12561 1.03791 1.08594 2.16608 1.13484 2.77601 0.615198 0.541651 1.7456 3.30065 2.7625 0.679358 0.768314 1.79162 0.76915 1.4637 1.30376 1.02591 0.98863 1.42158 0.974675 1.53588 0.519886 1.44929 1.1578 1.45173 1.5575 2.44842 0.941974 0.993159 1.87274 0.679198 1.39952 2.02683 0.758063 1.79926 0.69711 -nan 0.631698 1.94494 0.820736 2.2223 2.23861 0.731323 1.13843 0.499757 0.776958 2.22473 1.49704 -nan -nan -nan 0.701164 0.972835 1.30815 0.507411 10.1149 1.7736 1.75555 0.678668 1.68318 2.44275 0.667836 0.756057 1.69203 0.996195 3.47538 0.766688 0.910878 0.849919 1.59961 1.30516 2.5442 1.31958 0.849473 1.53729 1.03232 -nan 1.2362 0.881945 1.44266 0.814908 -nan 0.861041 0.975147 2.65411 1.17751 1.56326 1.20962 1.65724 1.95681 0.854183 0.601478 0.24607 0.41011 1.94764 0.906504 2.21344 0.605684 1.52803 0.884188 1.21585 0.755063 0.516114 0.959881 1.07149 2.58234 1.0915 0.783074 1.783 1.04444 0.83953 1.10712 0.648811 0.925335 0.873776 0.550702 0.526643 1.52777 0.943403 0.460601 1.46104 0.582264 1.01283 1.28536 1.03593 0.710842 2.01275 1.29565 1.10578 1.0746 1.63036 0.576861 0.623008 1.34764 0.902338 1.15409 1.49698 1.20949 1.08878 0.736746 0.57232 0.744896 1.33421 1.73198 0.610223 0.74673 1.25834 1.06928 1.33424 0.420181 1.15737 0.726364 1.07103 1.30311 1.33615 1.2397 1.1498 1.89437 1.08854 1.85981 1.05895 0.83283 1.54184 1.43454 1.16052 1.69129 1.2216 0.929571 0.865043 1.68792 0.959172 0.944972 0.816102 1.25769 1.36282 1.11325 0.653863 1.2062 1.61002 1.81872 1.21234 1.4209 1.18519 0.686895 1.61055 1.00485 1.29793 1.52994 1.1209 1.1764 0.965788 0.951453 1.83382 1.11717 0.937334 1.78187 0.917999 1.21238 1.5731 1.38914 0.793577 1.02529 1.68385 0.69648 1.39266 0.796934 1.17643 1.39768 1.29905 0.964439 1.67536 0.960666 1.19325 2.06836 1.07654 1.23798 1.3181 0.575205 0.906201 1.26476 1.62816 1.34237 1.67503 2.03268 0.979533 1.07246 1.20659 1.02108 1.74802 2.27462 0.963805 0.711834 1.19238 1.08982 0.397348 0.5884 1.12848 1.75015 1.42665 2.01634 1.59861 1.801 2.08724 1.53701 1.97879 0.896856 1.5386 0.863671 1.17364 0.577664 1.63279 0.714769 1.14616 0.650855 0.914003 0.67148 0.894225 0.805736 0.729563 1.4476 1.26443 0.745992 0.885741 1.39675 1.0959 1.01469 0.578066 0.903499 0.789327 1.5181 0.619868 0.536651 1.44139 0.745807 1.40308 1.17432 0.896942 0.68981 1.05082 0.869981 1.8835 0.746875 0.999283 1.13045 1.43761 1.02522 1.62996 1.2592 0.988513 1.27898 1.436 0.814586 2.2268 0.861635 1.34603 1.50983 0.965295 1.15221 1.26541 1.50402 1.641 0.955642 0.684695 1.5419 1.98918 1.76344 1.38803 0.814164 1.41864 1.29282 1.6537 1.74249 0.765476 0.987637 0.677417 2.05856 1.95101 1.21882 1.63168 2.23344 1.36021 0.96113 1.48043 0.768076 1.65194 0.877251 2.08091 1.16153 1.31384 0.891061 0.730139 1.9244 1.1445 1.46728 1.83973 1.0152 1.06861 0.899322 0.938271 0.748938 1.56295 1.58287 0.884914 1.17546 1.83102 1.90615 1.54989 1.48095 1.04304 1.58888 1.22255 1.83333 1.23311 1.06918 1.20842 0.450133 0.41431 1.92468 2.08767 0.936249 0.843119 0.937748 0.630261 1.90397 1.13521 1.07782 1.54206 1.51394 1.51172 1.98969 1.67587 0.883878 1.40011 1.05035 1.56769 2.34541 0.57433 1.01114 2.02398 0.866348 1.00947 1.15381 1.30936 0.824472 1.09815 1.14733 1.96197 1.71219 2.20731 1.349 1.41671 1.50947 0.902566 1.60641 0.96353 1.4321 1.26479 1.5601 2.00184 1.11855 1.64972 2.03306 0.69628 0.892317 1.52411 1.16513 2.6524 1.75952 1.59511 0.750179 1.12073 1.24657 1.16381 2.25197 1.30361 1.65681 0.712483 0.447149 1.5169 0.797457 1.19638 0.95418 1.44654 0.726841 0.807861 1.66977 1.70765 2.31062 1.3487 0.65787 1.00803 0.755898 0.758118 0.994252 0.963433 0.887498 0.653864 1.04386 1.71655 0.759546 1.24451 1.81007 1.78951 0.914865 0.899276 1.77117 1.71053 1.00591 0.682179 1.53013 1.93373 1.47234 1.78347 0.728833 1.52158 0.939684 0.735365 1.11663 1.0484 1.65241 0.767289 1.43203 1.27967 1.52261 1.27537 0.930511 0.842806 0.742106 0.644136 1.65487 1.44509 0.64501 1.04383 0.788539 1.52864 0.854657 1.26555 0.793037 0.975101 0.838337 0.660448 1.05763 0.690196 1.22527 1.36336 1.97804 1.84697 1.46819 1.94877 1.25364 1.55718 0.777885 1.6239 0.791147 2.28184 0.428911 1.97805 0.991862 1.10359 1.50973 0.753238 1.48153 1.38389 1.93007 1.29272 0.647927 1.81261 1.7058 1.10315 1.12661 0.956777 1.59959 1.51261 1.03857 0.847001 2.05631 1.19535 1.38074 0.980888 0.955779 1.02633 1.13699 0.934892 1.45517 1.40968 0.685407 1.82536 1.47873 0.767737 1.58452 1.00832 1.33064 1.19594 1.31156 1.0697 1.15819 0.522521 2.4811 1.53951 2.13128 1.96402 1.51697 1.42272 1.25395 2.13217 1.02845 1.27514 0.983897 1.16794 0.759295 2.1675 1.32663 2.08724 1.24957 1.19968 1.64142 2.60802 1.05481 1.11751 1.57365 1.01317 0.842545 0.520234 0.671425 0.849443 0.602832 0.957984 1.02998 2.49245 1.72933 1.2254 1.07456 1.21168 0.989276 1.28671 0.62781 1.15826 1.032 2.04948 1.67709 1.25507 2.14472 1.62251 1.01579 0.865472 1.35557 0.312768 1.00827 0.981558 0.612985 1.30979 1.39984 1.53507 0.835784 0.990482 1.44587 1.02463 0.50051 1.13094 1.64607 0.963585 1.25887 0.860725 1.90508 1.60521 1.07322 1.04506 0.74387 1.24444 1.58706 1.25937 1.21927 0.783916 2.03102 0.940857 0.908859 0.484126 1.46938 0.644465 1.35318 1.05001 1.77008 1.44195 0.684997 1.01708 0.720775 1.65553 1.22089 0.451637 0.917826 1.10674 0.802351 1.02074 0.942663 1.56382 0.588292 0.643798 1.63492 1.31152 0.709971 1.44583 0.591973 1.53073 1.30945 1.56396 0.947911 0.892412 0.983873 0.879874 1.08429 1.72716 0.832916 1.34471 1.51356 0.917877 1.65316 1.23014 1.30508 1.37773 1.49343 1.53352 0.911232 1.25189 0.926648 1.3598 1.63931 0.998251 0.92873 0.421842 1.42133 1.11899 0.840218 0.849495 0.776107 1.5159 1.20602 1.01273 0.834057 0.640504 1.02457 1.84849 1.8362 1.41017 1.68929 0.72958 1.08993 2.78987 1.17497 1.02881 1.51297 1.6413 1.04407 0.979241 2.29301 1.60855 0.873449 2.26625 1.1728 0.973661 1.89403 1.61279 0.718184 1.02751 1.16836 0.690783 1.1914 1.028 1.07636 1.30724 1.48086 1.46105 0.469884 0.664406 1.70313 0.798875 1.03841 0.823489 1.15155 0.71075 2.17155 1.45888 1.10477 2.01995 0.598347 0.677309 0.760765 0.749487 0.968723 0.564949 0.861097 2.09782 1.27579 1.7268 1.13365 0.883062 0.624956 1.73046 0.698098 0.905031 0.76074 1.20297 2.02064 0.890127 1.0067 1.27584 1.52087 2.02377 1.29659 0.699003 2.09996 0.847686 2.03759 1.37532 0.596034 1.51234 0.728396 0.923925 0.844671 0.665101 0.783025 1.43772 1.14519 1.21575 0.898594 0.838038 1.11819 1.02128 0.806403 0.937283 1.58536 1.77854 1.87774 2.65526 1.08896 4.05236 1.96124 1.20019 1.02897 1.29698 0.881927 0.837193 1.44304 1.43234 1.34197 1.66053 1.96779 1.21952 1.56269 1.17029 0.479167 0.882474 1.00787 0.935908 0.737772 1.79107 1.23309 2.05212 1.1522 0.686152 1.40592 0.645198 0.619536 0.587819 1.27778 0.603008 0.657324 1.22278 3.0167 1.44943 1.32968 1.48107 3.48225 0.460204 1.09689 0.928354 1.12411 0.740101 1.48807 1.45682 1.08287 1.94259 1.088 1.07667 1.19362 0.988258 1.3191 0.987269 1.18696 1.02159 1.11346 2.14988 1.40139 0.866596 0.600034 0.787345 1.10043 1.0335 1.2096 1.28684 1.11535 1.07427 1.31251 1.40688 0.960149 0.936556 1.89196 1.54363 0.837351 1.24047 1.50779 0.822349 0.825749 1.82574 0.997184 2.15506 1.60675 2.2295 1.17432 1.14098 0.780413 0.86444 0.747505 0.85989 0.988664 1.48795 1.20749 0.959853 2.31335 0.91568 2.13745 1.14581 1.60213 1.00471 1.31885 1.13453 1.51643 1.53079 1.33109 1.23264 1.1242 1.67743 1.6151 1.93337 1.80621 1.08873 1.12619 0.773773 1.30012 0.796527 0.802139 0.922431 1.29469 2.72687 0.892838 1.87201 0.852057 1.27421 2.40351 1.01269 1.04736 1.70299 2.02158 0.879801 1.63259 1.55684 1.60599 1.1086 0.932624 1.02191 1.53445 0.829894 1.11182 1.39201 1.49031 0.634304 1.21986 1.16469 0.925325 1.52886 0.741917 0.618371 1.22647 3.01787 1.97494 1.25979 1.4239 0.993654 1.51459 1.28829 1.43589 1.54966 1.33345 0.872898 1.04357 0.712998 1.16375 1.04836 0.618695 0.580217 1.12057 0.941822 1.11181 0.926136 0.568671 1.72009 1.31717 1.57446 0.79107 1.05935 1.80309 0.668527 1.21611 1.81564 2.02007 1.9052 0.524118 1.95455 1.26403 2.58498 1.59368 1.34704 1.24458 1.32516 1.90355 0.984093 0.886377 1.52197 0.75838 1.46417 0.86135 1.0428 1.69468 1.61259 1.98918 1.69674 1.38025 1.59418 2.95058 1.17353 1.22844 1.64575 1.36419 0.835811 1.51685 1.18045 1.18522 2.04162 0.661626 1.9249 0.823981 1.30779 1.79755 1.89468 0.756787 0.903459 0.535262 0.935734 1.85759 0.605713 2.04407 0.884903 1.2144 0.484088 0.982243 1.08135 0.683231 1.78264 0.812228 1.30018 1.25135 0.977327 0.644947 1.30718 2.07985 1.06463 0.963936 1.07611 2.91123 0.860764 1.04914 1.35185 1.09214 1.49063 1.41383 1.14185 1.86857 1.3339 0.489481 0.984567 0.757387 1.12228 1.20384 1.29818 0.790721 0.717204 1.70502 1.01873 0.919447 1.37817 1.54615 1.24497 0.793682 1.58616 1.07302 0.650097 1.39697 1.50505 1.41605 0.99858 1.32122 1.13769 0.892253 1.70918 1.11039 1.9823 1.93936 0.592684 0.662503 1.48975 1.18845 1.39657 1.13149 1.57379 1.12814 0.920751 0.990301 1.82761 1.19023 1.22665 0.90696 1.35778 1.02309 1.03222 1.08436 1.78939 0.981171 1.12724 1.38936 1.36659 0.915965 1.40896 1.08415 1.8077 1.83174 1.05068 1.6387 1.45305 1.15819 1.19807 1.27584 1.12564 0.726211 1.10134 1.08619 0.674228 1.09896 1.02492 2.2669 1.08896 0.945878 0.924146 1.22317 2.70359 0.968335 0.765387 1.45608 0.51819 0.777135 0.845635 0.723283 0.903525 0.76802 1.2495 2.10313 1.96118 0.889115 3.56156 0.975283 0.62297 0.689329 0.678871 0.927779 0.821019 1.04591 3.07802 0.648039 1.16769 1.17743 0.905559 0.897734 1.27701 1.30412 1.38128 1.293 1.55106 0.621505 0.7922 1.27612 1.10123 0.989685 1.1968 1.50031 1.36098 0.915417 1.66929 1.75209 0.770068 1.35659 1.42804 1.23517 1.22956 0.889522 1.68793 1.26574 1.08344 0.77 1.1044 1.80349 1.8686 0.96618 1.31517 1.60157 1.62688 1.69605 1.04813 1.20258 1.61046 0.80369 1.62704 1.54154 1.39058 1.82866 3.21875 0.689914 2.00976 0.881047 1.68566 0.866479 2.1331 1.54667 1.29531 0.718788 2.05628 1.34528 0.94853 0.843276 0.982677 2.66073 1.42648 1.85238 1.91439 0.92814 2.3992 1.06774 1.176 1.69775 1.23631 2.35464 1.64124 2.77377 0.868628 0.830478 1.50012 0.563362 2.44876 2.56257 1.97467 1.05108 1.46178 0.360278 1.06321 0.965215 0.576378 1.58077 1.365 1.82222 1.22452 0.944397 1.67821 1.85003 1.03353 0.677014 1.57634 0.751104 2.06853 1.00862 1.43828 1.39794 1.48638 1.32526 0.92078 1.43392 0.790166 0.82214 0.923422 1.15926 1.11985 2.08118 0.726567 1.37859 1.15669 1.11085 0.827297 1.15388 0.626381 1.55847 1.62737 1.04779 1.04319 0.592751 1.46735 1.03708 1.15931 1.21833 1.27444 1.6404 0.998905 1.02354 2.08266 1.99673 0.85986 1.36653 0.533643 1.15346 0.986119 1.50096 1.37577 1.69925 1.38182 1.10146 0.875075 1.36645 2.11793 1.17422 0.811215 0.932998 1.84666 1.34981 1.25666 1.14159 1.46222 0.744138 1.86805 0.989462 0.991241 0.762885 0.808175 1.17331 1.04219 0.968297 0.891098 0.630033 1.29203 2.37595 1.2216 1.64518 1.19692 0.799434 2.21261 0.976173 0.700388 0.915291 0.918232 0.859204 1.01286 0.865925 0.949482 0.733986 1.40263 0.898371 1.09705 1.7364 0.982223 1.7357 1.30381 1.1297 2.0873 1.87178 0.717778 1.00955 1.30078 1.44044 0.9662 0.762314 1.02368 0.481287 0.541654 1.74171 1.50173 1.0352 1.39569 1.95406 1.45913 1.64727 1.55961 1.1516 1.59779 0.947284 1.50339 1.58469 0.958885 1.10635 1.58182 1.98148 2.26363 0.834114 1.48503 0.766234 1.29075 2.08481 1.00614 0.585537 1.76748 2.31061 1.27518 0.900059 1.3742 0.700473 0.54738 3.43189 1.54745 1.25531 0.875934 1.22956 1.04736 0.809801 1.27238 0.964691 0.561221 1.1712 1.90022 1.05354 1.86432 1.10532 0.812847 0.989002 1.04821 1.20774 1.17635 0.920057 1.45182 1.88162 1.36663 1.11517 1.09969 2.68888 1.32639 1.12088 0.902367 1.82742 2.10807 1.30478 1.10652 1.2567 1.21357 0.607887 2.4997 1.11321 2.29856 1.11158 1.18014 1.34352 1.07982 1.26791 1.25521 0.454888 1.28794 1.08734 0.999428 1.71229 1.9337 0.75438 1.09108 1.14094 1.36309 2.21168 1.20387 1.56029 1.13474 1.7762 1.35314 1.87752 1.09109 1.31285 1.11274 1.33211 1.77225 1.53182 0.542821 0.678565 1.86515 2.13333 2.9916 1.0332 0.828584 1.19958 1.25934 1.58275 2.41344 0.730585 0.733065 1.49825 1.03259 1.20378 1.28711 1.79742 0.808265 0.68015 0.944746 1.10003 1.22794 0.95486 0.776272 0.899815 1.44981 2.0214 1.87473 1.03501 0.88241 0.724917 1.26303 1.91886 0.648461 2.29158 1.45469 1.42012 1.5251 1.19743 1.49113 1.98189 1.96198 0.787372 1.98097 0.921829 0.971245 0.690567 1.30145 0.687435 1.43408 1.66541 1.11328 1.06918 1.51872 0.958881 0.85856 1.25545 2.03641 1.44513 1.0866 1.23221 0.897795 0.576184 1.91883 1.06935 1.13618 1.21671 1.23022 1.43303 1.78373 1.2663 2.23486 0.57761 0.949693 1.42461 1.77049 1.90148 1.36852 1.22294 1.21535 1.14491 2.28247 1.14083 0.917199 1.41973 0.529861 1.46601 1.87638 1.80693 1.6278 1.46832 1.09929 1.92119 1.36507 1.89283 1.16997 1.16211 1.9541 1.89655 1.35324 1.15209 1.31729 0.906762 1.1953 1.66596 1.06816 0.797654 0.486591 1.27307 1.2548 1.11974 1.16229 1.15479 0.695123 1.02972 1.07796 1.33153 1.73349 1.25048 1.20829 1.21436 1.68472 1.39372 1.25819 1.81076 1.52928 2.01055 0.885777 0.912635 1.28458 1.68474 0.724585 1.37416 1.14265 1.24345 1.63229 1.60876 0.903574 0.666091 1.32861 0.91708 1.54677 1.42387 1.00067 1.61247 1.11953 1.84931 1.28275 0.849198 1.61458 2.8842 0.76593 2.41467 1.30215 1.70151 1.39743 2.42966 1.17631 1.42315 2.73601 1.34844 1.57362 1.33356 1.48222 1.17378 1.04474 1.31631 1.47246 2.10431 1.03057 1.30571 1.20768 1.0828 1.00854 0.810438 1.99715 1.2868 1.23427 1.39237 1.17519 1.62429 1.63434 1.44578 1.59061 0.8151 1.44891 1.98791 0.447283 1.17829 1.03374 1.13273 2.49053 1.36399 1.27717 1.303 1.59191 1.61404 1.52748 1.6318 1.21459 1.14065 1.97263 1.55384 1.30751 1.19346 2.39226 1.28292 1.28496 1.27116 0.629794 1.14865 1.26252 1.7684 1.30422 1.51529 1.00503 1.05147 0.983061 0.631127 0.930402 2.33996 1.38036 0.841272 1.54019 1.45892 1.1896 1.74837 2.17101 1.39979 1.15562 0.69681 1.1296 1.11868 1.36047 1.24681 1.3457 1.53782 1.32435 1.13456 1.37299 1.43305 1.40931 1.74891 1.39511 1.11237 0.89484 0.755069 1.42034 1.28919 0.71151 1.34383 1.01455 2.12281 1.10346 0.772423 1.30337 0.959864 1.8239 0.902212 1.34307 1.75538 1.95209 1.18828 1.57964 1.26892 1.14384 1.73866 1.24812 2.60188 2.56789 1.21013 1.40697 1.14441 0.8608 1.05891 1.20207 1.84462 1.46376 1.22093 1.56572 1.12122 0.602301 0.749263 1.37111 1.32817 1.48518 1.76302 1.34969 2.18851 1.51496 0.625152 1.34125 1.66115 0.990186 3.29218 0.93696 0.894924 1.42483 0.890976 2.13948 1.88511 1.54094 0.695605 1.72965 1.80088 0.422272 0.891342 0.838208 1.30165 0.724429 1.54599 0.748687 1.40477 1.46231 1.73436 1.63446 1.08797 0.621673 1.16417 1.09653 1.87689 1.72362 0.848984 1.81199 1.42292 0.965272 0.743806 0.897678 0.708527 1.50081 1.86635 0.934355 0.845899 1.16209 0.858377 1.12051 2.22345 1.36934 1.2105 0.807588 1.87655 1.38697 1.46012 1.36455 1.26538 1.16436 1.38096 0.587945 0.589484 1.36102 1.57778 0.740568 1.29604 1.31417 1.81798 0.676609 1.41561 1.32231 1.48492 1.53157 1.16813 0.895061 0.99235 1.35831 1.2189 0.892269 2.16113 1.78851 1.73385 1.15492 0.957456 2.63759 0.70766 1.37146 1.63611 1.44583 1.97675 1.54804 1.27797 1.43488 1.46306 0.62709 1.47038 0.957661 0.876592 1.45591 0.931972 0.961126 1.67341 1.40088 1.28045 1.71385 1.70648 1.29562 1.2401 0.511565 1.73753 1.03796 1.46545 1.64345 1.03657 1.51326 1.45495 0.950091 1.46633 1.81255 1.78488 1.77171 2.56774 1.72276 1.56195 1.40321 1.2889 0.995631 1.10836 0.872003 2.07977 0.693326 1.6019 0.839411 1.59146 2.63859 1.59729 1.87899 1.83857 0.688929 1.51429 1.34703 1.44082 0.822517 3.15383 1.3239 1.06293 1.00698 1.57154 1.56918 2.63807 1.08703 1.18384 1.35803 0.769953 1.5193 0.941735 1.07196 0.801552 1.95798 1.70869 1.08939 1.65265 1.134 1.17898 1.55718 0.923385 0.693527 1.89343 1.13931 1.43301 0.927527 1.65255 1.7925 1.53388 1.57875 0.779224 1.23429 1.97962 1.34235 1.41674 0.829973 1.35054 1.38582 1.3693 1.85022 1.53748 1.52824 0.783958 1.14793 1.7781 1.36183 1.61809 1.21905 1.27116 0.801888 1.11572 1.28708 2.30731 0.547638 0.649614 1.29133 1.64546 1.49486 1.62955 2.6048 2.00334 1.90779 1.9047 1.54514 1.16624 2.52772 0.930624 1.42142 1.19854 1.29716 1.19703 1.28485 1.08146 1.9019 2.07929 1.24424 0.95974 1.63931 1.67815 1.84755 1.72959 0.879318 1.1017 1.95813 0.934109 1.22782 0.899321 0.674677 1.72752 1.17584 1.49412 1.37223 1.89121 1.40558 0.983906 1.1733 1.28493 3.332 1.36115 1.71832 1.05488 1.45719 0.678251 1.66974 1.91361 1.5532 1.99416 1.25144 2.46553 1.31713 1.23911 2.24411 1.05271 1.84831 1.70638 1.39269 1.83756 1.03483 0.793974 2.65537 1.11919 1.24024 1.76362 1.66681 1.66727 0.826572 0.908601 1.53746 1.85181 0.738235 1.79169 1.24942 1.38718 0.818219 1.65305 2.73915 1.02264 2.01612 1.42254 1.35777 1.1754 1.07087 1.59956 1.06371 1.42718 1.16337 1.09038 1.75083 0.986954 1.08399 0.616258 0.960785 1.34059 0.999714 1.18998 2.24996 1.59908 0.835296 1.00435 1.72181 1.16955 1.33496 1.50362 1.72611 0.943753 0.854169 1.00682 0.677856 1.75769 1.36903 0.915623 1.2926 1.14233 1.20084 1.52951 0.978317 1.26045 1.47517 1.37068 1.166 0.866886 0.951409 1.4704 1.64082 1.29897 1.29992 2.24073 1.83861 0.982381 1.27366 1.37338 1.15289 0.719836 0.918862 1.26921 1.23345 1.20007 1.30856 1.27855 0.977924 1.33488 1.14829 1.4022 1.56631 1.66071 1.69727 1.15074 1.16945 2.51017 0.939878 0.882148 1.40085 1.25358 1.90548 0.558498 1.11495 0.879303 1.07715 1.24666 1.56769 0.950621 1.2338 1.56453 1.76618 1.12219 0.636231 2.05531 1.39834 1.90432 2.27671 1.24607 1.39807 1.47784 1.74035 1.23923 1.22645 0.704378 1.64144 1.53569 1.50457 1.22179 1.83821 2.34553 1.177 2.68764 1.68986 1.53436 0.558925 1.71014 1.3 1.00297 0.783759 0.694552 1.4664 1.00875 1.17624 1.36738 1.81217 1.03092 1.27095 1.41994 1.28973 1.33175 2.29051 1.23848 1.76174 0.566468 1.53528 1.28044 0.897486 3.44484 1.28875 1.75694 0.586365 1.80489 1.70967 1.61802 1.00438 1.23468 1.46881 1.22499 1.17569 1.24596 1.39814 1.27995 1.77395 1.38871 1.06788 0.780942 1.72982 1.43987 1.05858 1.62218 1.25463 1.09188 1.05778 1.33376 1.52475 1.26552 1.36868 1.98489 1.38924 0.937227 1.16984 1.79465 1.49805 1.26884 1.431 1.53855 0.614999 1.58303 1.36838 0.866402 1.46798 1.18089 1.12954 1.90747 1.02157 1.39468 0.967312 1.24964 0.875037 2.10846 3.19619 1.69715 1.51628 1.14364 0.946087 1.10563 1.66392 1.91824 0.930872 0.993529 1.85038 1.54043 0.885478 1.27024 1.3233 1.73109 1.53706 1.30293 0.878055 1.80077 1.5853 1.31242 2.14074 1.09992 1.29598 1.04509 0.797882 1.09865 0.664295 1.27793 1.2694 1.60779 1.23179 1.31301 1.88685 1.19227 1.55234 0.734282 1.31686 1.16643 1.25584 1.09728 2.56221 1.93994 1.46913 0.989223 1.80631 0.887029 0.89657 2.07332 1.70286 0.944694 1.38836 1.81219 1.36944 1.44246 1.68456 1.72853 1.19408 1.13213 1.61232 1.03891 2.23697 1.15826 0.906829 1.26737 1.93744 1.31679 0.827103 1.58721 1.46943 1.18476 1.25462 1.28207 0.645269 1.24306 1.70255 1.66833 0.795374 2.66411 1.60252 1.70396 1.16185 1.08546 1.19632 1.38151 1.53268 0.822856 1.29427 1.93097 1.61488 1.55191 1.58556 1.90821 1.28715 0.959122 0.606881 1.58601 1.82354 0.383033 1.31172 1.56402 2.18174 1.01835 0.948992 1.08512 0.901135 0.965929 1.36269 1.71203 1.33628 1.26914 2.09541 0.791858 1.76839 1.7183 0.926305 1.75942 1.28929 1.07696 2.11468 1.80924 1.04994 0.936205 1.52211 1.48152 2.03178 1.41598 0.932754 1.0998 0.916703 0.88941 1.17166 1.48152 1.19939 1.48791 1.53322 1.19151 0.762933 1.68955 1.72683 0.956282 1.24164 0.744277 1.54519 1.92289 1.85626 0.9825 2.06592 1.24511 1.5993 1.42971 1.11557 0.923873 1.59956 1.70014 1.36604 1.06925 0.93573 1.20744 0.953664 0.898192 1.29831 0.754773 0.925615 0.825663 1.60343 1.43058 0.851335 1.26918 1.09774 0.884603 1.55809 1.51159 1.23853 0.854952 1.19745 2.24136 0.682172 1.2051 1.31467 1.33843 1.52669 2.07512 1.1162 1.3221 1.53151 1.5163 0.81954 0.918669 1.25722 2.30186 1.38914 1.04517 1.64702 1.61041 3.60945 1.39264 1.24165 1.4976 1.05923 1.30426 0.780212 1.41596 1.01219 1.34689 0.789845 1.20467 1.36142 1.43526 1.37409 1.26181 1.74042 1.3483 1.54746 1.31706 1.12462 0.936036 0.999112 1.32161 0.97208 0.780973 2.13622 1.97573 1.28288 1.16066 1.38328 3.44817 0.700756 1.49315 1.23995 1.19881 1.42388 0.892493 1.38712 1.02285 1.25132 1.80859 1.3383 0.934406 1.50634 1.09309 1.77802 1.11428 0.818265 3.17938 1.76725 4.34712 0.688858 1.58816 2.38637 0.988409 1.03758 1.58097 1.55799 1.25015 1.68124 0.74146 1.82341 1.23992 1.99256 1.32364 1.35588 0.579302 0.891387 1.32933 1.27406 1.0051 1.34008 0.870082 1.41135 1.82803 1.61695 1.14404 1.5203 1.92209 1.98466 0.795 1.6548 1.69036 0.922476 2.28909 1.86398 0.81073 1.66753 1.3988 1.48749 1.64442 1.34807 1.13515 1.49884 1.19634 1.34431 1.1105 1.49519 1.09604 1.55108 0.997939 1.51975 1.44997 1.65181 1.4303 0.752754 0.561091 1.46798 1.55018 1.31518 1.92414 1.6394 1.37739 1.25489 1.02285 0.880321 1.24094 0.637262 1.3701 1.56341 1.20551 0.668741 1.04016 1.74154 1.50519 1.27233 0.738334 1.60815 0.904145 1.12424 1.02048 1.80517 1.52681 1.07624 1.15171 0.96468 0.819874 1.15688 1.34257 1.96988 1.32205 1.5745 1.05593 1.08025 2.0715 1.25309 1.74106 1.62774 2.30344 1.519 0.854459 1.9927 0.798311 1.40943 0.520887 1.25368 1.4659 2.37949 1.34406 1.45952 0.759272 1.47255 1.9399 0.757557 0.838247 1.80069 1.67596 1.70317 1.62073 1.04602 0.624953 1.66392 1.11582 1.51252 1.73577 1.59471 0.990989 1.31597 2.59453 1.83308 0.773035 1.13537 1.53646 1.36887 1.16584 3.36847 1.25346 1.06139 2.28004 1.7682 1.10283 1.378 1.86634 2.48605 0.835519 1.43641 0.748824 1.73736 1.2206 1.55214 1.61758 2.29633 1.45142 1.35748 1.25031 1.01349 1.05777 1.41889 0.87984 1.09256 1.73754 1.81779 1.59538 1.20033 0.799527 1.24441 1.20166 1.3049 1.05859 1.38214 1.4613 1.16675 1.10523 1.29786 0.71123 1.28021 1.75825 1.43261 0.954133 1.42561 1.44269 0.391259 1.34866 0.875589 1.45218 0.971909 1.32962 1.75744 1.64322 1.46009 2.13171 1.71176 1.93515 1.53279 1.25729 1.73076 0.831451 1.11143 1.59445 1.01765 0.731424 0.958925 1.24891 0.748768 1.07365 2.04252 1.74612 1.5823 2.78132 0.98775 1.53907 2.52952 1.371 2.27979 2.01755 1.00616 2.33783 1.68112 2.19824 2.30402 1.233 0.694846 0.978317 1.34663 0.719565 0.897354 1.79368 1.38517 1.15494 1.55807 1.4813 1.41122 1.99905 1.15318 1.27107 1.42394 1.18445 1.51159 1.33643 1.5579 1.68168 1.53225 1.43887 1.38693 1.64405 1.75844 1.78534 1.01543 1.93633 1.31221 1.60453 1.14921 1.66661 1.14257 1.74392 2.53278 1.84632 1.64926 0.586749 1.77823 1.78548 1.31238 1.29536 2.00464 1.83775 2.50724 1.93937 1.37676 0.875384 1.19614 1.76597 1.58423 1.73363 1.08016 2.22324 2.4022 1.7341 2.16229 1.13711 1.41416 1.31334 1.45029 1.31224 1.05641 1.52631 1.78102 1.47629 1.48467 1.66138 1.10426 1.39478 2.3989 1.39151 1.29565 1.33695 1.38769 0.842369 2.502 0.828467 1.30862 2.10668 1.88517 1.48857 1.46456 1.75389 1.60663 1.14484 1.36543 1.93083 1.21676 1.25028 2.12865 1.76604 1.19973 2.50073 1.16807 1.40643 1.44787 1.05719 1.66301 1.59215 1.10655 1.27708 1.21272 1.33748 1.45003 1.89828 1.50181 1.52062 0.670756 1.29274 1.62424 2.18779 1.47949 1.64877 1.68026 0.874628 1.15568 1.57562 1.3266 1.39007 1.16107 1.05498 2.27273 1.45995 1.24913 0.870496 0.868968 0.583355 1.56886 1.81536 0.964295 0.770339 1.491 1.07183 1.2229 1.29898 1.46488 1.73827 1.76497 2.21437 1.52259 1.23081 1.67091 2.01475 1.47669 1.79688 0.512136 0.892315 2.12726 1.85576 1.69098 1.31566 1.26219 1.45113 1.54223 0.865908 1.30792 2.01064 1.25628 0.745602 1.95686 1.74518 1.21644 1.30317 1.87133 1.5667 1.30625 1.6785 1.50637 1.57881 0.975739 1.08284 1.20723 0.922082 1.8578 1.11793 2.03851 0.79114 1.17208 1.34273 1.62196 1.41661 0.829585 0.848409 1.73141 1.64199 1.44752 1.06934 1.7046 1.18787 1.72337 3.07777 0.887731 1.24968 0.938255 2.45613 2.87059 1.06231 1.39411 1.32708 0.741587 1.69705 1.38536 1.3754 1.72891 1.51442 2.37119 1.26633 1.72221 2.09968 1.41346 0.848675 1.53101 1.72279 1.47042 1.15752 1.8548 1.36207 1.5476 2.19465 1.54526 1.27868 1.87911 2.32592 1.51115 1.84279 1.76962 1.28815 2.27478 1.36397 1.63813 1.08549 1.40572 1.78113 1.62746 1.2323 1.37777 2.02107 1.54756 1.17556 1.71086 1.91607 1.84815 1.43582 1.2743 1.51403 0.893194 1.70286 1.10205 1.36567 1.36794 1.46001 1.08833 1.26426 1.40861 1.38997 1.6487 1.31143 1.82158 1.02911 2.18411 1.26127 2.08403 1.38433 0.892171 1.74487 1.07894 1.49684 1.39102 2.00532 1.66635 1.48439 2.44322 1.77197 1.44104 1.80711 2.29565 1.65271 1.28888 1.50831 1.78589 1.79676 1.26051 0.810776 1.81078 1.14199 1.55944 1.43424 1.41739 0.90551 2.07828 2.25908 1.27711 2.1887 2.23771 0.990841 1.81547 1.9776 1.62422 1.41143 1.71829 1.22455 1.47842 1.15445 1.13136 1.80887 1.53201 2.34248 1.52858 1.48615 1.73528 1.50013 1.86178 1.85956 1.53504 3.24565 0.812796 1.59581 1.25046 1.32682 1.3152 1.86446 1.50343 1.72761 0.926892 1.2033 1.71724 1.7367 1.26913 2.719 1.80693 0.857857 1.58175 0.618584 1.30104 2.41393 1.2098 1.30564 0.993189 1.49696 1.20736 1.28175 1.16696 1.20658 1.53393 1.74714 1.89691 1.36978 1.86274 3.21222 1.27794 1.5974 0.650338 1.16127 1.51646 1.24787 1.38313 1.35417 1.48712 1.28494 2.30175 1.59988 1.34254 2.05598 1.26167 1.32548 0.996742 1.31254 1.46153 1.25493 1.62629 0.71345 1.26183 0.700221 1.96886 1.56744 2.12662 1.91137 1.46526 1.00384 1.50738 2.0127 2.04558 1.77044 1.53069 1.08456 1.38964 1.34644 1.27305 1.5243 2.90158 1.47876 1.89007 1.20777 2.17199 1.15965 1.52674 1.91824 0.783648 1.78395 1.43374 3.46755 2.06862 1.61403 1.91885 1.6512 1.70188 1.93482 1.59799 1.37391 1.07162 1.10343 1.24358 2.17892 1.53648 1.96225 1.03003 1.8804 0.793601 1.10535 1.91034 1.65347 1.39099 1.03063 1.33633 1.43809 3.24013 1.32246 1.96991 1.3292 1.45827 1.42187 1.40682 1.46713 1.47775 2.45939 1.2081 0.886714 1.78809 1.10545 2.07338 1.17773 1.58311 1.69506 1.45894 1.31883 0.898058 2.22349 2.0172 1.98802 1.11043 2.14686 4.21145 0.957493 1.90556 1.38543 1.33322 1.97812 1.80786 1.48034 0.968684 0.683182 1.7709 1.54393 1.78402 1.46103 1.13604 1.57276 0.680918 1.99998 1.50301 1.14418 1.1806 1.33437 1.58882 1.04595 1.18502 1.82951 1.25675 2.15557 1.53554 1.08376 1.49061 0.946998 1.68852 1.53604 1.35169 1.76909 2.80928 1.5015 1.40151 1.3151 0.97441 1.14675 2.51481 0.841298 2.90192 1.78493 1.1551 1.46626 1.0492 1.12969 1.31491 1.47312 1.32971 0.954559 1.81572 1.10487 1.62746 1.86419 1.05546 1.92744 1.47058 1.37003 0.99794 1.38124 1.69959 1.2823 4.58778 2.94416 0.968002 1.04287 2.0459 1.37867 1.27679 2.63843 2.24114 1.70945 1.15284 ]
@@@ Frame-accuracy per-class: [ 82.7194 54.3033 76.8319 72.467 72.898 74.1357 76.4075 53.8251 63.5823 67.2049 84.1786 55.2727 68.1714 78.6767 45.28 51.4235 20.8845 56.5783 63.6746 74.4885 78.5166 13.6508 72.8155 70.6612 73.1396 68.8111 22.9381 63.9955 46.5724 65.2056 67.1053 54.2955 77.6553 71.4687 68.7335 64.6893 78.833 57.5617 71.1724 81.106 75.2294 33.5423 74.7909 67.5889 70.3221 68.7764 45.7627 68.8477 79.9394 76.6228 67.5309 6.19469 75.1674 59.9212 79.2293 44.2505 80.3637 41.1475 81.7684 65.8646 48.242 55.408 61.6011 27.1592 68.5363 65.8607 48.5876 68.8785 25.6098 71.2761 73.3276 64.0517 45.8549 17.5084 52.4492 75.1421 63.6066 55.7781 31.4332 54.4073 71.9464 54.3568 77.9123 3.79147 58.5292 76.5754 60.3312 75.2 19.1837 34.5064 51.6369 52.0098 49.4268 49.8584 26.6355 71.06 63.9847 50.032 69.8137 13.7698 64.1902 68.1614 50.3529 78.7816 14.1892 65.7351 77.7974 77.6583 82.7112 -nan 53.7791 39.9083 41.699 60.2763 18.7692 74.6632 18.5111 61.8074 70.5473 66.6138 70.5526 -nan 17.5299 75.92 55.7769 59.8797 64.4696 69.1129 69.1658 37.6471 66.3613 29.6296 81.391 84.3124 52.1739 7.34266 26.4331 77.9715 77.0521 49.5098 77.7491 59.0443 58.6549 70.7106 68.8413 55.4455 70.3441 39.7882 85.2123 56.8083 64.6486 53.8434 56.3214 32.5 73.7211 68.3732 43.8525 78.1585 57.4074 34.5 77.1483 45.5927 77.6589 -nan 80.4243 45.9384 77.8761 34.252 41.206 78.287 67.2414 83.6364 79.7641 37.5321 60.9262 -nan -nan -nan 80.107 70.3974 63.7778 84.4232 0 50.223 46.3788 82.0093 50.6667 35.7143 81.8987 76.9314 46.1957 69.3888 16.6667 74.9633 72.7873 76.1646 53.3632 59.3021 35.9375 62.6718 72.051 52.3222 68.8535 -nan 63.6617 74.5514 50.5639 75.5414 -nan 75.5396 73.7488 31.9018 65.6722 57.3171 63.4424 37.4613 34.3723 72.7299 79.9576 91.4585 85.9383 39.275 66.2754 32.2581 82.4026 57.2059 74.7906 61.0757 75.3394 85.9614 68.885 66.22 28.2751 69.8148 74.8196 44.9975 69.9426 75.0975 63.6197 77.3546 74.711 70.4134 82.6597 84.5084 53.9551 72.6094 86.2442 54.1456 82.3153 70.9425 62.708 69.2308 78.4083 39.6552 59.944 66.4466 69.5846 47.5341 83.6449 79.0683 61.019 73.9706 66.5663 48.4022 62.7983 63.5403 76.6224 81.7169 76.3174 60.0228 50.5219 80.5172 79.8246 63.658 64.8939 60.1757 88.9262 65.4093 78.8736 65.9022 56.4508 62.43 58.143 67.7342 49.4186 65.97 47.7004 69.4292 75.4215 43.0342 57.1429 67.4221 50.4618 62.8954 73.9988 68.5273 49.8259 62.2939 73.452 76.6227 57.7479 62.6855 65.036 81.8012 66.5816 57.3817 41.2446 65.0872 56.9671 60.453 77.907 53.6424 71.2447 61.2876 54.5833 66.2706 64.7869 67.8253 70.5068 52.2232 68.5437 69.8392 46.122 69.3676 64.4825 56.192 58.3826 77.4589 69.8854 48.284 78.871 61.6959 76.6151 66.0027 61.6146 62.6437 74.6413 54.4425 71.413 66.0428 41.2678 69.8898 61.6121 58.302 83.0357 72.1698 66.206 55.8494 61.8029 51.1955 46.8817 71.5215 68.7976 61.2088 71.4732 49.4709 28.8168 71.326 78.8747 66.5015 67.9134 88.4238 81.6519 66.9452 47.6852 56.5411 42.6945 50.5521 51.1568 38.3102 57.5579 45.2406 73.4472 54.6436 75.4122 62.9962 81.7727 47.9506 78.8907 67.7094 82.6849 74.8556 81.4135 76.0178 76.8953 80.7169 61.9718 60.9983 77.3345 73.3577 60.7296 69.3606 70.4802 84.3893 75.9442 75.8281 54.4959 82.68 83.8321 57.1195 73.9321 59.5059 65.5248 72.0346 77.2414 68.5663 75.7147 46.4138 78.7838 70.3486 64.9714 60.3102 70.5929 51.2009 65.4492 71.1675 61.9658 57.7501 73.8468 34.299 73.6137 62.5 55.928 72.0097 67.5402 61.6268 57.1429 50.6522 68.7927 77.4011 55.7847 43.6135 49.4536 59.8004 76.2466 59.5827 65.3869 53.8674 51.2003 79.1741 70.8738 80.9719 40.925 43.5148 63.6503 50.8507 35.8279 60.9639 71.5494 55.9311 75.7234 44.6514 74.2094 35.4497 64.9445 62.5182 72.3132 77.8206 46.9613 62.765 60.0753 48.2605 70.6154 66.7241 71.4544 74.5773 79.6255 53.8319 53.2907 73.5685 65.5952 45.4715 45.7967 52.5066 58.4838 68.0392 54.5622 63.6018 47.5703 59.0861 67.3791 62.8821 88.3792 86.8277 47.7095 39.5652 72.1365 79.6568 72.724 80.5104 45.0435 65.4781 68.4783 57.5669 50.9915 57.1909 46.3849 51.7867 72.7648 50 66.3727 52.8246 34.2857 82.1835 71.9842 44.7368 76.7632 72.2998 60.5166 63.3183 77.2017 69.2214 67.7481 45.9082 48.8121 35.513 58.6971 57.6205 54.2471 72.6991 53.412 72.1739 57.7922 59.62 52.8428 46.7555 69.3994 52.2613 41.9058 78.8958 73.789 54.7507 64.624 34.375 50.4667 51.7056 78.0778 67.4051 61.8065 63.5335 33.5673 61.8481 57.8164 80.1008 86.0724 60.3521 77.7339 65.0096 70.3764 58.052 78.8245 76.801 53.1884 47.0852 32.8694 52.4573 76.7932 66.4269 76.5579 78.017 72.4252 71.3032 75.6766 79.6946 68.4358 43.432 78.4144 65.7197 51.4156 44.4444 74.1553 70.0855 50.0909 50.4704 68.8575 82.5264 50 43.8255 58.2791 45.7776 82.3766 55.5416 72.1466 79.102 67.9522 67.4142 48.0413 78.0851 58.0847 61.4067 57.5893 59.8933 73.8372 72.9333 75.9615 80.2614 51.4124 56.7162 81.4454 69.0374 77.197 53.3405 73.4011 63.8182 78.7909 68.4874 71.564 80.274 68.6905 78.0223 63.2858 63.118 44.469 48.6194 52.9084 43.5649 57.3747 57.1904 78.456 56.0562 77.8891 35.7836 88.0314 42.5532 65.3846 68.3432 59.3824 75.4562 55.9124 60.3718 39.4895 65.3722 80.0252 48.0161 50 68.446 67.7373 70.2602 49.8826 51.3311 70.5743 73.5459 43.031 68.5307 62.1285 68.9815 73.1308 67.2047 67.1848 71.1173 53.7664 59.7984 79.6572 49.3931 55.0251 74.4285 51.0606 65.994 58.0448 66.432 63.3094 66.9291 64.8227 84.5035 30 59.5155 35.9276 36.5117 55.527 60.7477 63.7224 35.4316 66.1199 57.8797 71.9064 61.4802 77.5076 31.0823 65.4618 36.0811 67.5872 64.0502 53.5222 24.5532 66.0307 66.5196 52.5186 71.6216 75.544 83.5654 80.0275 71.6961 80.6613 73.4021 65.8015 30.6043 50.9721 62.854 61.9772 60.8209 70.2612 63.1202 80.1037 62.4848 70.3173 44.2231 53.9427 64.3825 41.6616 54.7275 65.2659 75.0899 59.9061 91.4712 72.3577 70.6676 82.2611 58.1166 61.985 59.1147 78.6704 70.4237 59.5031 71.831 84.1709 65.7764 44.4853 69.3248 57.5397 75.1098 43.2935 45.3427 71.1224 70.229 78.2521 61.5446 53.8462 63.6231 64.4397 77.9141 40.0754 71.9825 74.4981 85.5047 59.6064 82.0019 61.8459 70.4333 55.2381 50.7135 78.2832 68.8637 76.9521 50.8197 67.2348 84.6097 72.9155 62.1958 75.5401 69.7349 71.5866 56.0023 81.532 81.9892 54.8757 60.396 78.2104 55.5233 84.0682 47.5983 59.5541 51.7812 69.4604 71.2952 71.2253 73.4013 67.756 42.4935 75.1316 57.6448 54.4766 74.8744 48.1287 63.3255 63.4527 60.5804 58.0552 56.5111 75.0233 61.233 74.0536 58.4762 43.5438 70.6996 72.0153 87.6471 60.6579 68.4308 75 75.636 76.2038 54.5654 69.0418 70.8551 76.4243 82.0122 68.7642 51.1644 54.0741 56.1686 54.6034 78.1389 69.5614 22.0039 64.7482 72.0461 52.1968 54.7437 69.7301 70.7106 38.7885 49.7034 73.4716 32.4324 60.7372 69.6065 45.484 52.2782 78.347 67.2713 66.3113 80.1062 66.8086 69.3351 67.2932 63.9571 59.3407 53.7037 87.0833 79.7336 52.3585 77.2851 69.2973 76.2633 69.2923 79.0417 38.534 60.2371 69.503 39.7073 81.2658 80.0358 78.1438 78.1669 72.356 82.4513 74.5086 40.2852 64.2549 48.2703 59.5594 75.4341 82.5259 49.6098 80.7709 76.1922 75.1269 63.4615 45.3537 73.1549 71.518 63.4596 57.6208 44.6277 66.2447 78.4489 43.0502 75.8745 44.5157 63.4979 80.8633 54.0892 78.8632 70.7828 75.8193 81.9122 78.2815 58.9301 65.5814 65.4044 71.6007 73.3182 69.0045 68.5917 72.5786 71.4423 51.8065 36.5366 40.7213 28.0822 62.5957 8.44749 40.5172 65.0233 69.1139 63.9981 73.182 74.6184 56.2085 56.7293 65.3902 48.4058 33.5121 62.3762 55.2131 68.0672 85.2691 72.911 69.5897 72.8487 75.6515 47.8219 61.1077 39.4951 69.1351 79.7189 57.6052 81.7294 81.6201 84.1954 62.9662 80.6035 78.1648 65.392 6.70103 57.688 58.7585 59.901 12.549 86.65 68.1636 70.5976 68.5585 77.5822 57.8295 61.6688 66.709 41.8856 67.9475 69.2296 62.8938 71.7017 60.9756 72.6032 66.7532 69.2999 68.8666 39.9404 61.4384 72.2555 83.8351 75.5847 67.4355 63.519 60.8712 58.209 68.152 67.4437 63.9914 58.3982 71.6148 72.778 46.4828 43.7842 74.5747 61.415 58.9981 74.3329 75.327 43.8136 66.5683 45.0082 49.3952 32.4946 64.7829 67.7649 77.757 73.2759 78.3207 74.7059 67.64 59.373 66.5449 69.3348 36.2117 75.7477 38.8254 68.4157 52.588 68.2056 61.3626 62.7196 52.6042 51.9366 61.8224 60.4587 63.6774 52.0064 51.719 39.5988 49.1863 68.0681 67.4483 77.0958 59.0541 77.3457 77.3679 72.3689 61.3909 22.0554 73.4694 47.958 72.6282 61.9831 24.8468 73.75 64.0704 55.1768 44.2864 73.6536 51.5547 55.3949 58.1994 61.2676 76.3986 72.4796 49.5192 71.6995 67.8333 60.4575 56.432 81.35 65.0416 65.606 72.121 49.7195 77.186 82.1384 61.9926 19.9102 50 64.5235 58.4935 73.0687 56.9468 57.743 46.7589 52.741 57.6819 75.8464 71.8531 79.4938 63.2761 68.254 80.9932 82.0575 69.3028 72.5403 65.1867 74.0242 82.3774 48.0769 60.3774 52.2556 74.7529 66.5394 48.4859 81.1135 57.9625 42.109 42.0081 48.4429 83.7163 39.9115 63.3291 27.0795 56.2077 60.5436 57.047 54.1863 31.2337 69.771 73.3882 55.5011 76.9847 59.5927 73.7875 67.8249 42.4077 53.9484 46.4869 51.6229 59.1155 50.9009 23.5714 60.7985 59.6558 48.4094 63.1292 76.2575 57.3811 60.1942 61.7333 43.379 79.72 42.3711 73.8149 62.0242 44.5583 49.0488 77.4954 68.6584 83.3253 72.2416 54.3558 81.5131 52.6042 73.6308 63.0256 86.0129 68.9163 67.3628 78.9381 55.8792 77.8947 60.6061 60.3127 70.4089 81.5778 58.6207 36.4162 70.6759 68.7247 68.4145 19.9203 74.6118 67.4355 63.7306 67.7457 52.8898 59.6268 67.8469 48.7796 59.9715 82.514 71.3878 78.8845 68.1881 58.9109 58.6207 76.4955 78.1707 46.3719 70.6606 72.7133 59.152 54.7886 62.379 76.9415 54.9662 70.7188 83.2256 59.2712 52.8488 58.0413 69.3028 62.2605 66.5419 69.9713 46.0165 64.8825 38.8889 42.2847 82.7669 78.793 53.072 66.884 57.6436 60.5469 50.8523 64.6274 74.0755 71.04 43.002 66.5453 64.3388 74.9528 58.0645 64.486 69.7764 68.2398 46.4286 71.7679 65.8129 61.8132 59.8387 72.87 60.9284 67.9748 48.2069 45.3362 69.7185 48.0972 59.0909 62.2941 66.6667 65.4976 65.0915 77.5663 65.9491 65.7534 80.2208 65.5647 69.135 32.9962 67.5857 70.1218 73.5518 58.8512 31.2245 68.1067 79.7778 54.9482 84.0628 77.9297 73.1516 77.2727 71.9353 77.2758 64.8348 34.1105 38.4966 66.1527 4.95868 63.5274 81.5826 78.3467 81.1532 71.9393 74.4311 70.4019 13.3929 78.3145 65.7074 66.0471 74.6114 76.405 62.8205 62.7119 60.9524 60.4938 53.6318 80.88 76.3088 64.4304 65.643 70.0083 59.2137 51.6287 50.4013 74.5979 50.7769 49.314 77.7913 53.0907 55.3991 54.0102 58.7859 72.7679 48.6216 57.0104 70.1337 74.7851 68.9723 43.2521 44.398 70.2519 64.0357 59.5577 47.741 52.3162 72.6397 63.3445 54 78.7906 57.0145 51.7691 58.56 46.771 22.9773 79.4886 46.6561 76.0643 42.2279 72.4771 30.7431 57.8125 58.9431 78.9568 37.037 58.9502 74.1418 76.9916 71.8323 25 57.5259 41.4545 43.2589 72.837 35.5479 69.5122 63.2832 52.3349 64.6943 27.551 55.1039 12.4402 74.6491 74.0775 56.4756 83.1106 32.1705 28.3582 43.9024 65.0478 59.2638 90.3311 68.3293 76.9362 83.0483 52.1116 60.0089 43.692 65.4909 70.8845 44.4377 50.3226 70.7843 80.5281 56.1822 77.0451 36.1025 69.4915 56.8669 55.093 55.0966 60.3659 75.9184 52.2984 76.4223 74.896 71.7042 66.9459 68.0615 38.5298 78.5436 57.847 59.8527 67.8044 73.9388 64.1275 82.4077 57.1942 53.5294 69.5507 65.8328 81.6726 58.5097 73.4072 62.5468 62.6404 60.9044 51.0596 72.117 69.843 50.2778 47.3469 72.7803 59.6518 85.5778 63.8298 69.6514 58.0069 53.2181 51.7164 58.6603 70.982 73.2155 59.4961 38.6427 64.6409 75.8728 72.8218 50.1002 61.8775 63.2853 67.4041 58.0683 78.7977 46.2774 72.0421 69.6569 78.8664 75.9657 68.1328 70.3546 71.0349 73.1935 81.6082 62.6247 31.8314 63.2422 51.6401 58.1493 77.0088 39.2575 73.3702 77.2603 70.8111 70.7353 72.9722 66.3423 72.149 74.48 77.9988 58.9286 71.4391 69.6933 49.5714 70.0637 46.5806 60.4689 69.5833 41.4716 45.2795 77.9247 69.7842 63.007 57.0613 72.7982 76.9788 69.0184 86.5388 83.6353 54.2453 53.0303 67.6613 56.4499 58.4011 54.9953 47.8417 56.3397 65.6616 51.5337 72.0139 57.2877 54.8985 74.8707 67.9178 45.3157 40.9605 43.6693 75.0715 54.5961 78.1039 61.4125 38.5894 71.5802 81.1288 53.6575 32.5407 61.798 75.6155 52.1087 79.1334 84.8085 9.53678 53.1977 58.5735 74.187 63.5865 70.4174 75.6366 60.1208 70.5073 82.1821 62.8876 42.5914 70.1566 43.6147 68.2153 77.2915 70.4936 65.3226 64.9438 61.9259 74.6521 55.5163 49.7416 60.6188 67.8256 68.4236 25.7119 61.2557 66.3815 75.6528 49.1525 42.7383 60.4273 67.8937 62.4156 61.367 80.2497 33.1579 67.4065 31.6327 62.2229 63.0491 59.8417 67.2269 64.7868 63.1679 86.5469 54.9465 71.5942 70.1933 51.0327 48.6452 77.5964 68.9227 66.221 57.7083 37.8468 63.0503 47.5623 63.9544 44.9052 60.6818 45.0087 63.5171 63.1973 66.8631 60.7741 50.7031 57.7778 82.268 81.0235 43.8095 49.5482 24.0506 67.4139 70.8589 67.1927 63.2045 52.9661 30.2668 78.4593 80.4168 52.7514 69.6141 58.7085 62.2417 47.1229 71.2566 80.5486 73.5027 68.5182 61.0636 71.3896 75.2435 73.0684 55.6496 41.0862 49.2814 67.7813 74.722 77.0384 64.3745 41.8182 81.7427 30.4415 54.3303 58.0699 54.9882 63.913 57.1861 39.8815 46.16 76.0352 40.8019 73.3623 71.542 77.4575 57.5419 79.8483 60.5748 45.2338 66.631 71.5823 61.9586 72.1513 75.7665 61.5923 40.4523 58.7764 68.2518 66.6384 75.2212 81.3293 46.085 69.8827 64.2527 64.6897 61.8887 57.8199 47.1631 63.8776 36.2752 83.5735 73.2975 57.9055 51.771 44.3793 61.0804 64.7666 68.4102 68.6242 38.558 62.4912 70.6591 58.9217 85.3766 60.8717 40.4105 45.6228 51.5349 55.9937 70.1004 36.6748 68.1818 53.1026 63.3609 68.2117 43.209 47.9275 65.9302 64.7756 59.276 72.3388 66.7532 54.7619 71.875 73.4168 86.1611 65.1741 57.2714 67.2024 67.4401 63.4607 79.5347 65.493 69.5581 61.3208 47.3064 62.3328 66.7669 63.7037 47.3837 55.5476 59.457 43.2535 53.4228 38.2605 74.5833 69.3348 63.5692 51.5561 78.5161 63.2941 63.6263 58.2704 52.2236 53.3008 73.5741 81.8931 61.4761 72.763 60.9603 59.5016 72.6885 53.0039 68.1463 51.0949 60.597 71.3369 57.8554 11.6402 78.9578 31.6854 58.497 48.4887 55.7961 31.1037 62.9614 60.9499 16.6667 64.2595 52.9589 62.1795 51.6383 67.934 70.2143 62.5941 53.0159 44.4264 69.5909 60.5357 67.6224 68.4644 69.7278 76.9231 44.6583 63.009 67.2099 59.2861 62.849 54.4199 51.4602 51.4948 58.6156 76.4769 61.4693 45.0223 86.5157 64.5246 65.1969 66.1214 35.6371 61.9469 60 59.4083 54.7553 52.9213 50.4924 54.3153 59.5565 67.998 43.8621 52.5825 61.7216 66.6852 36.4421 54.4074 60.5343 63.0113 86.6841 65.4786 62.0438 49.2329 62.0221 57.6389 70.0846 69.8787 68.7449 80.9895 68.1738 33.7292 62.536 72.2583 59.4107 55.8128 55.0681 44.5402 33.8517 57.2555 66.293 80.1435 65.2341 67.4394 58.3392 60.373 59.5848 60.8537 59.6039 67.6946 60.0211 58.3826 59.0234 49.115 58.7963 69.0499 69.7507 78.0628 65.8635 58.9649 79.1064 60.4497 66.8249 39.4595 65.3475 78.5256 56.4231 72.4991 53.3811 73.8407 61.2648 52.3256 36.4198 66.5524 53.992 66.0862 69.5072 50.6369 66.4816 29.8305 24.3169 64.6699 55.6128 66.8113 72.2128 69.4805 66.2694 47.0326 56.2319 67.8227 53.6993 68.1621 82.2921 77.6654 62.0151 55.5856 55.6584 46.1069 58.7794 44.2718 52.8233 82.4584 58.9983 55.0195 72.3762 14.3939 72.8966 73.2297 62.8734 73.7674 40.5369 41.6173 53.3281 79.442 49.3965 48.8308 86.3613 73.9826 75.1342 64.4838 78.394 50.892 76.8229 61.6352 53.5932 44.1986 50.4294 66.0121 81.5441 68.7861 66.0154 42 51.5392 76.6442 45.2756 60.6379 71.1966 79.1621 73.9698 78.5037 56.7886 49.9178 72.0264 75.7785 62.9057 75.0661 67.5338 40 48.0151 62.4835 77.644 46.9906 61.6983 57.939 62.4636 59.7204 63.0769 55.2474 83.1425 82.3097 60.2097 49.359 79.2014 54.6512 61.0755 36.9352 74.4235 59.6796 61.3977 60.6854 56.2842 66.7854 70.1708 68.8256 56.1924 63.5526 71.7376 39.3136 47.4006 49.4118 64.8158 71.9539 27.5042 79.8024 63.7349 50.5435 55.163 45.6338 54.9692 63.4935 60.1547 57.8244 80.5086 57.4225 69.8941 70.7283 54.5111 70.5882 74.8522 48.1551 61.4478 58.6914 52.6252 46.0396 63.5046 61.8761 84.9328 51.3354 71.4309 56.6253 46.4032 67.7047 55.8513 59.0078 68.4328 53.6232 51.4447 45.9324 44.6188 28.8066 47.7336 58.6835 59.173 59.9634 70.0988 68.5217 74.1656 39.2769 78.3934 50.6329 73.5006 54.1881 28.0277 54.6554 42.2764 48.835 78.0341 53.6066 59.3483 62.7854 78.4171 13.8554 60.4839 67.2569 68.9548 49.9003 41.0945 21.4229 65.4908 64.9703 57.7022 78.1896 53.0529 69.9324 67.2859 76.5842 41.1731 50.7553 63.5077 51.4314 65.2022 67.0412 53.3528 71.7662 80.0888 41.9355 60.8984 57.2034 72.5338 52.0482 49.639 53.9945 52.6168 76.912 62.6841 39.2982 60.4187 57.6622 73.0061 59.4769 59.4681 60.274 43.7028 51.6058 51.6562 78.781 62.3611 48.4014 61.8436 49.8584 62.3571 63.9696 76.4668 67.8633 60.8145 30.7309 84.7049 79.2273 62.6295 54.0608 57.2072 52.6754 31.7819 46.6809 40.929 47.2527 51.6086 61.9751 34.8943 72.626 54.4189 62.8283 60.5926 61.6384 63.8137 66.9811 47.1491 44.6514 61.7202 72.0515 54.0582 54.232 44.5561 50.4587 73.4451 67.2727 36.8633 72.896 66.5692 70.4166 78.254 48.6056 62.3557 59.3375 60.4338 44.5304 56.9106 68.7141 63.5059 63.0662 20.3008 60.3286 50.3191 69.76 55.1678 74.6894 49.4935 49.4083 56.5625 41.2172 61.0031 34.9911 62.4297 61.8844 34.2623 68.3369 48.6804 54.7842 49.7915 45.5446 68.8272 73.4968 28.0156 62.987 64.7709 45.9799 59.9049 51.272 76.6076 71.1755 53.0165 40.3592 76.1461 48.5469 63.3789 63.8451 73.5362 45.2977 27.5309 68.0645 42.4 58.279 56.5411 63.5774 68.4987 51.9203 68.1858 50.5967 60.871 66.2246 48.0769 74.0618 68.1187 80.6558 69.857 61.5431 72.6744 60.3734 39.3082 54.2557 76.0897 68.4265 51.5664 65.3226 59.7254 57.6049 50.0233 71.6837 74.8666 67.5769 79.632 49.0877 65.915 72.4258 62.2389 63.8889 63.2527 58.3249 72.433 62.3878 53.9461 62.6223 64.7499 75.718 69.8618 56.5113 51.5192 60.8611 65.3399 34.2368 47.0324 72.3112 60.2219 59.6366 67.3337 81.8879 72.4719 59.8015 63.3929 64.6212 62.2618 63.048 72.0222 61.242 70.0355 55.3508 58.9537 49.635 52.6194 69.6199 63.5504 35.11 70.7331 71.4 62.8571 59.3243 44.5833 82.8333 69.3211 72.682 69.4313 64.8 59.9064 71.2584 59.1837 58.0789 43.9411 65.0465 82.2908 43.6644 59.7617 50.2793 24.2647 60.6061 54.0628 52.4563 51.8201 61.7421 62.4 78.805 53.481 57.4764 56.858 64.9513 47.1634 31.25 64.6209 20.5742 53.0985 56.389 82.8455 44.6585 61.4403 73.8784 74.7619 79.522 54.2768 70.6862 68.5181 59.0909 43.4539 71.8134 63.3484 58.7193 62.7109 61.8441 33.1719 63.0029 47.4519 83.254 54.4225 65.6309 73.0496 13.7168 61.414 51.3514 82.3796 37.5969 51.4324 51.9284 70.1063 66.2187 56.0618 63.7584 63.6722 64.1053 62.3006 54.8 53.2952 55.1306 69.7783 75.614 53.4974 58.6599 70.1615 37.9733 62.1899 65.6669 68.568 55.5108 51.7895 61.0968 59.8753 42.0814 58.2406 71.9585 65.2534 48.6752 56.0554 54.3677 55.8923 47.586 82.1544 49.7053 58.6099 74.1948 60.4723 63.2314 68.7749 43.093 70.4918 61.749 66.5462 66.1176 73.7427 39.6056 16.0454 53.9612 44.3249 62.1159 72.5701 70.7088 58.4646 47.6651 72.0497 71.3467 44.7798 53.023 73.4134 67.4442 52.4191 44.3899 56.6469 63.0087 73.6738 43.2692 51.2136 53.1607 45.8703 64.0607 64.6739 69.8647 76.4729 65.117 78.6597 57.3137 63.2337 51.8306 63.9349 60.3048 43.3498 65.9715 54.6954 77.5394 56.3548 64.607 62.8076 66.9074 33.2623 45.3278 59.3306 68.2622 47.0383 73.1254 72.7822 38.6486 45.3369 68.39 64.3642 44.8242 60.3655 56.3407 50.7877 49.7573 65.0899 65.6375 49.9614 64.993 39.694 63.9574 73.2215 62.0104 44.7514 60.4308 75.0111 50.3502 56.2678 67.4902 63.9412 58.8557 79.9585 60.9554 51.955 51.2513 75.6321 17.3454 51.502 51.2101 64.8729 67.7898 65.6089 59.4222 53.2934 73.9723 67.2539 44.6445 54.3641 49.8955 55.0391 38.7472 60.7465 71.5103 81.6256 49.8377 48.9483 88.953 61.5954 53.6777 37.9666 68.6994 71.8832 63.4232 70.9295 67.0969 57.9533 52.7594 62.3492 62.7918 46.2791 77.439 46.9046 47.5941 70.7901 50.9605 62.1006 65.9525 40.1899 47.9167 71.7766 71.1756 57.8559 57.4594 45.2455 56.3754 75.0929 66.7334 71.8321 70.1507 62.4796 45.7586 62.5704 58.4388 47.7726 64.0876 76.2576 48.8408 47.2222 72.96 64.5102 76.7932 55.9404 43.4084 53.5853 73.1852 40.8593 64.8352 47.907 60.0548 68.8552 75.5397 50.6322 49.3482 63.3333 71.8628 71.5344 63.8256 73.688 72.0795 62.9893 77.3758 74.2091 72.8967 49.1627 56.6118 75.1941 61.8838 69.0683 77.5427 57.4837 55.6142 63.9746 73.6656 66.3927 35.0565 78.546 63.4085 60.4499 62.6263 53.6534 35.3816 65.8606 63.8424 57.9935 56.8665 72.5615 72.4832 57.6761 38.9356 62.0339 70.9007 53.5156 55.0218 15.1899 65.0943 64.3178 53.7582 71.2372 60.5351 77.0265 60.0969 68.8322 60.8517 77.4765 65.3968 57.7858 54.9547 62.586 60.6838 40.3332 60.3837 54.744 66.1895 64.6537 70.119 71.6948 61.9327 69.8545 76.7069 37.4019 46.7111 56.9605 67.7557 57.6547 9.6875 80.6078 51.2925 64.6393 63.824 61.994 71.6942 57.3192 67.8082 64.1456 50.6422 61.9654 70.4372 50.4605 65.6321 50.3766 62.5821 75.6992 12.4688 47.0468 4.87013 78.7601 57.5 33.2174 69.797 69.0959 51.7685 55.6804 64.5337 52.9412 79.1645 49.4083 67.7515 35.7357 61.3565 60.9562 83.3975 72.1572 63.6306 64.5204 68.0925 59.0653 77.2409 53.5996 47.0057 57.9381 67.107 55.4066 51.5714 39.5023 75.6541 51.1188 53.0633 73.5435 38.1342 46.6809 72.77 48.4337 61.6601 55.4513 55.2872 53.5095 67.5747 58.6957 61.3982 59.5642 67.8959 56.6445 66.828 57.9399 70.5469 54.6456 54.4849 54.6955 56.4421 76.669 82.7529 65.6888 56.0916 59.0682 50.037 55.0497 61.1177 68.7625 71.7621 72.4375 64.2539 81.5497 54.4594 59.9398 63.607 76.3908 68.2288 47.3649 59.7713 57.8085 78.228 52.3488 70.3184 67.4914 71.1918 42.449 54.0115 68.2595 64.3817 65.7543 75.2416 66.2103 59.8374 51.2009 58.728 56.7 70.5479 67.1111 37.667 62.5085 47.9228 56.2738 34.767 48.3398 73.5139 47.7642 77.3324 57.4751 85.7461 58.559 52.972 36.6873 61.9099 58.8836 77.8756 57.1904 46.9432 78.2192 77.2834 46.5909 52.088 50.7937 51.995 70.6314 82.68 54.1969 59.1285 54.0146 54.7244 58.1763 72.7454 55.9433 27.7561 39.329 76.9121 69.0703 52.5703 59.7915 64.8218 16.5703 62.3924 70.0485 36.6619 59.7779 70.5733 56.0547 44.3715 33.1909 76.1098 57.8968 78.7015 45.1083 64.2064 56.4593 55.2612 38.59 59.4301 63.6553 62.1964 68.8907 71.5794 52.7621 73.913 67.73 51.2354 52.18 53.8156 63.4546 75.5242 65.8385 64.1989 57.7454 72.7931 59.1753 57.1266 63.8207 66.6554 59.4632 79.4916 65.3543 51.2356 57.4637 72.0665 61.104 56.2246 89.6678 60.2504 72.8205 58.1998 73.3209 62.2622 50.431 52.0376 56.6774 38.3762 52.545 43.77 56.5217 63.2817 48.8161 76.9769 66.1326 55.2533 66.2588 77.4323 71.7064 67.8092 77.4978 68.427 41.6557 54.8656 54.7381 28.2857 70.1944 54.3099 37.1975 57.8797 36.4873 43.932 68.7539 32.1212 52.8739 34.04 37.9717 64.6347 77.2358 73.062 59.0987 78.416 76.3955 42.6606 62.5118 65.5951 56.8687 54.7977 56.5959 47.0247 66.9855 64.1379 57.4345 65.5749 55.9826 62.0973 52.6903 49.8699 53.6592 56.5006 59.9044 51.076 50.53 49.3139 66.823 44.9653 63.0462 54.6562 66.985 55.3922 63.3027 49.1585 36.0971 49.6124 48.7854 82.7845 53.3394 47.9707 59.5836 58.7584 46.01 36.7488 34.2233 46.6699 59.0909 73.0608 63.3782 47.6059 55.8296 43.0212 68.3266 32.3415 30.9886 42.3977 34.6801 67.0073 65.4867 58.2069 56.4427 66.8584 70.0446 55.5358 48.2043 61.3219 57.5377 51.3228 62.8972 56.5097 35.8974 56.9832 61.4075 60.2981 61.5058 74.587 34.6392 78.9202 59.7188 46.339 48.8636 58.4191 53.4286 51.4747 54.6191 66.0225 55.3076 47.2081 65.0183 65.086 46.7714 47.1754 63.8222 22.3048 65.95 60.0327 53.8826 69.0268 53.0294 54.627 68.1024 59.084 65.0124 60.1238 56.2559 45.2442 57.3718 57.5646 78.0431 62.0237 51.2088 42.2287 56.2208 55.5124 50.5576 75.9408 62.9108 54.7401 61.9148 55.1408 64.3624 67.716 34.876 58.2478 65.3648 73.8008 72.0145 82.8254 54.9734 56.9549 69.0052 75.2324 49.2231 66.8542 63.0373 61.6523 56.1716 50.2756 51.3372 33.9098 57.13 61.1696 53.0696 43.8142 51.2763 50.3532 86.564 70.4918 42.5081 43.237 53.0605 58.7292 59.246 58.7147 51.9393 73.2274 61.6266 44.0922 59.3253 78.9162 51.1411 49.3007 64.4801 60.6098 47.0132 54.8015 61.7304 53.3172 61.1062 56.391 70.2768 64.5172 67.8471 74.7149 51.4498 67.9624 46.3554 77.8325 66.4585 66.6667 56.882 57.2403 76.9968 74.224 49.8279 52.8252 58.9721 66.9709 48.6648 66.457 50.9554 30.2372 73.8932 65.4472 72.4992 35.197 23.9496 65.9447 58.6264 62.4851 78.4771 49.2353 58.4052 59.6675 51.2774 56.3553 43.5714 59.8519 49.3982 37.6217 60.9508 73.5782 55.6818 44.5087 55.2093 59.5455 46.2822 58.6643 50.0742 41.7127 52.9286 56.3019 44.7174 36.5718 59.136 46.2709 47.2808 61.9786 40.1568 60.8253 54.7718 66.0763 58.3301 48.2325 55.4101 60.7685 60.2877 45.2715 50.2699 68.0314 48.7879 47.4863 43.5325 57.5624 59.0418 60.3175 71.6981 49.9789 63.1534 58.4 58.8977 52.8617 68.0421 60.8424 59.9912 59.8892 53.9809 59.9791 47.4376 69.3182 41.0646 63.8748 39.9313 61.3039 72.753 51.3036 70.4839 58.6359 60.3195 47.2549 51.8378 55.277 35.2761 50.5028 57.0928 48.1603 36.2374 48.2247 61.0791 50.0208 44.8065 50.6931 61.5646 75.5133 51.2769 66.7061 53.1746 55.3851 54.315 74.0709 40.7134 40.8971 60.7279 36.0938 36.5397 71.3312 48.4799 40.5039 52.6441 56.8762 43.3735 63.1055 56.2438 64.3312 69.4194 43.2606 53.7771 38.189 58.8953 57.5988 47.1698 54.1073 49.2465 44.8929 56.9582 13.1944 74.674 53.2802 64.819 57.6604 60.5263 52.7675 55.9653 53.9683 72.18 64.5681 52.6599 47.8543 64.1393 18.3219 49.4217 73.2935 56.7436 82.2102 63.0354 36.0485 65.2103 61.5254 73.0392 52.5019 67.907 58.4031 66.3568 61.3359 57.6037 50.8696 44.7643 61.0119 45.7395 18.1818 59.5745 52.519 80.432 69.18 59.7523 64.6999 62.7467 57.7385 60.1735 62.7468 33.691 53.5524 59.051 46.0199 62.3077 62.039 70.3704 61.5385 57.0384 63.8498 52.5157 79.6965 61.0778 78.086 46.7312 46.0368 42.7296 42.656 58.8509 70.3867 51.9602 44.7779 41.2602 47.0277 56.599 68.432 60.7194 63.3421 62.0257 56.0092 18.3227 47.0175 48.7269 65.2139 36.7563 64.5455 54.6733 43.7882 76.2761 46.6129 59.5553 12.0527 42.989 58.7065 54.0373 55.7549 50.7056 43.7416 51.8401 63.6176 67.9691 69.2379 63.2873 36.3145 53.719 46.1314 70.0233 44.1148 76.7334 70.4867 36.6492 49.9261 61.07 72.7273 61.9706 58.2031 13.4298 67.5598 44.8931 61.8605 56.9296 54.16 56.9513 56.0976 52.0721 30.2158 62.8966 72.4871 50.5216 65.1421 43.2327 64.432 54.721 46.3042 58.7891 61.5125 72.6224 37.8035 42.067 42.4642 68.8499 36.1957 10.9312 69.2785 47.6 61.2132 57.2195 47.785 48.2097 54.1265 71.3333 78.9216 50.4782 58.4236 48.7262 55.4477 68.2745 53.2676 80.8148 46.4213 58.2361 59.4898 66.5501 62.0265 55.8195 68.3502 62.1186 44.3119 65.2771 31.7003 54.1827 66.477 62.6263 74.3047 40.4432 52.3933 60.7078 48.0672 28.3988 56.6256 59.3245 59.7409 72.5958 68.7611 27.0588 74.8603 25 54.0204 66.9855 58.7817 65.6951 69.3476 59.9497 57.9832 59.6791 72.2253 48.9871 67.2897 49.2693 47.4268 67.5406 44.4159 59.2258 57.8358 71.3007 64.3902 50.7791 59.127 0 28.7554 72.066 70.8692 45.6867 65.2239 64.8832 23.8 36.4668 49.0291 66.5017 ]
LOG (nnet-train-frmshuff:main():nnet-train-frmshuff.cc:367) AvgLoss: 1.02742 (Xent), [AvgXent: 1.02742, AvgTargetEnt: 0]
progress: [1.12931 1.1172 1.07861 1.07312 1.07893 1.06696 1.05829 1.05744 1.06495 1.03837 1.04177 1.02922 1.03817 1.00623 1.01916 1.01399 1.00366 0.999707 0.984401 0.98324 0.972745 0.987974 0.958231 0.968455 0.95669 ]
FRAME_ACCURACY >> 68.9843% <<
LOG (nnet-train-frmshuff:PrintProfile():cu-device.cc:428) -----
[cudevice profile]
CuArray::CopyToVecD2H	7.08004s
DiffSigmoid	7.53663s
Sigmoid	8.76725s
MulElements	9.10299s
FindRowMaxId	10.5399s
MulRowsVec	12.3895s
CuMatrix::Resize	15.7125s
CuMatrixBase::CopyFromMat(from CPU)	24.0028s
AddMatVec	24.0303s
CuMatrixBase::CopyFromMat(from other CuMatrixBase)	24.3446s
CuVector::SetZero	24.9349s
CuVector::Resize	25.4485s
CuMatrix::SetZero	28.733s
AddMat	40.8068s
AddMatMat	202.463s
Total GPU time:	502.342s (may involve some double-counting)
-----
LOG (nnet-train-frmshuff:PrintMemoryUsage():cu-allocator.cc:127) Memory usage: 357825368 bytes currently allocated (max: 358598136); 231438540 currently in use by user (max: 239065452); 35271/1008627 calls to Malloc* resulted in CUDA calls.
LOG (nnet-train-frmshuff:PrintMemoryUsage():cu-allocator.cc:134) Time taken in cudaMallocPitch=2.68218, in cudaMalloc=0.0248246, in cudaFree=1.84607, in this->MallocPitch()=5.27234
LOG (nnet-train-frmshuff:PrintMemoryUsage():cu-device.cc:401) Memory used (according to the device): 420372480 bytes.
