dnn.guoxintech.com
nnet-train-frmshuff --cross-validate=false --randomize=true --verbose=1 --minibatch-size=256 --randomizer-size=32768 --randomizer-seed=777 --learn-rate=0.000125 --momentum=0 --l1-penalty=0 --l2-penalty=0 --feature-transform=exp/tri4b_dnn/final.feature_transform 'ark:copy-feats scp:exp/tri4b_dnn/train.scp ark:- | apply-cmvn --norm-means=true --norm-vars=false --utt2spk=ark:data/fbank/train/utt2spk scp:data/fbank/train/cmvn.scp ark:- ark:- |' 'ark:ali-to-pdf exp/tri4b_ali/final.mdl "ark:gunzip -c exp/tri4b_ali/ali.*.gz |" ark:- | ali-to-post ark:- ark:- |' exp/tri4b_dnn/nnet/nnet_iter09_learnrate0.00025_tr1.0387_cv1.4170 exp/tri4b_dnn/nnet/nnet_iter10 
LOG (nnet-train-frmshuff:SelectGpuIdAuto():cu-device.cc:301) Selecting from 1 GPUs
LOG (nnet-train-frmshuff:SelectGpuIdAuto():cu-device.cc:316) cudaSetDevice(0): GeForce GTX 960	free:3606M, used:489M, total:4095M, free/total:0.880562
LOG (nnet-train-frmshuff:SelectGpuIdAuto():cu-device.cc:365) Trying to select device: 0 (automatically), mem_ratio: 0.880562
LOG (nnet-train-frmshuff:SelectGpuIdAuto():cu-device.cc:384) Success selecting device 0 free mem ratio: 0.880562
LOG (nnet-train-frmshuff:FinalizeActiveGpu():cu-device.cc:226) The active GPU is [0]: GeForce GTX 960	free:3589M, used:506M, total:4095M, free/total:0.876411 version 5.2
copy-feats scp:exp/tri4b_dnn/train.scp ark:- 
apply-cmvn --norm-means=true --norm-vars=false --utt2spk=ark:data/fbank/train/utt2spk scp:data/fbank/train/cmvn.scp ark:- ark:- 
LOG (nnet-train-frmshuff:Init():nnet-randomizer.cc:31) Seeding by srand with : 777
LOG (nnet-train-frmshuff:main():nnet-train-frmshuff.cc:154) TRAINING STARTED
ali-to-post ark:- ark:- 
ali-to-pdf exp/tri4b_ali/final.mdl 'ark:gunzip -c exp/tri4b_ali/ali.*.gz |' ark:- 
VLOG[1] (nnet-train-frmshuff:main():nnet-train-frmshuff.cc:320) ### After 0 frames,
VLOG[1] (nnet-train-frmshuff:main():nnet-train-frmshuff.cc:321) 
### Forward propagation buffer content :
[0] output of <Input>  ( min -3.28791, max 3.95756, mean 0.0126265, stddev 0.992937, skewness 0.166349, kurtosis -0.735591 ) 
[1] output of <AffineTransform> ( min -71.0457, max 68.6436, mean -4.05555, stddev 7.34207, skewness 0.190665, kurtosis 2.13337 ) 
[2] output of <Sigmoid> ( min 1.39714e-31, max 1, mean 0.268113, stddev 0.387377, skewness 1.05835, kurtosis -0.65016 ) 
[3] output of <AffineTransform> ( min -36.654, max 25.3867, mean -5.2648, stddev 5.32343, skewness 0.0846231, kurtosis 0.311309 ) 
[4] output of <Sigmoid> ( min 1.20605e-16, max 1, mean 0.168859, stddev 0.311504, skewness 1.78245, kurtosis 1.62088 ) 
[5] output of <AffineTransform> ( min -26.0291, max 16.7718, mean -3.95947, stddev 4.027, skewness 0.0540797, kurtosis 0.286246 ) 
[6] output of <Sigmoid> ( min 4.96265e-12, max 1, mean 0.179104, stddev 0.296724, skewness 1.69255, kurtosis 1.46146 ) 
[7] output of <AffineTransform> ( min -27.2644, max 19.4912, mean -5.85535, stddev 4.62133, skewness 0.0425369, kurtosis 0.668671 ) 
[8] output of <Sigmoid> ( min 1.44281e-12, max 1, mean 0.107944, stddev 0.246571, skewness 2.60146, kurtosis 5.59288 ) 
[9] output of <AffineTransform> ( min -15.9217, max 27.7154, mean 0.00828027, stddev 4.03951, skewness 0.702172, kurtosis 1.50395 ) 
[10] output of <Softmax> ( min 6.57251e-19, max 0.999941, mean 0.000302297, stddev 0.0128204, skewness 59.2392, kurtosis 3839.07 ) 
VLOG[1] (nnet-train-frmshuff:main():nnet-train-frmshuff.cc:323) 
### Backward propagation buffer content :
[0] diff of <Input>  ( min -2.63162, max 3.28137, mean -0.000356818, stddev 0.140074, skewness 0.159387, kurtosis 28.45 ) 
[1] diff-output of <AffineTransform> ( min -0.304079, max 0.237997, mean 3.01182e-05, stddev 0.00877038, skewness -0.104494, kurtosis 80.3179 ) 
[2] diff-output of <Sigmoid> ( min -2.45857, max 1.8171, mean 0.000444045, stddev 0.104071, skewness -0.151415, kurtosis 15.3456 ) 
[3] diff-output of <AffineTransform> ( min -0.323606, max 0.251056, mean -4.86861e-05, stddev 0.01017, skewness -0.358921, kurtosis 62.8201 ) 
[4] diff-output of <Sigmoid> ( min -1.43615, max 1.75505, mean -0.000190799, stddev 0.114593, skewness -0.0989508, kurtosis 7.82854 ) 
[5] diff-output of <AffineTransform> ( min -0.223344, max 0.26341, mean -2.48302e-05, stddev 0.0113374, skewness 0.0597814, kurtosis 34.8323 ) 
[6] diff-output of <Sigmoid> ( min -1.39121, max 1.09925, mean -0.00028723, stddev 0.110025, skewness -0.167634, kurtosis 6.1477 ) 
[7] diff-output of <AffineTransform> ( min -0.342569, max 0.563061, mean -2.21862e-05, stddev 0.0124167, skewness 1.43232, kurtosis 119.324 ) 
[8] diff-output of <Sigmoid> ( min -3.12573, max 3.33987, mean -0.000531338, stddev 0.171903, skewness 0.0340804, kurtosis 21.998 ) 
[9] diff-output of <AffineTransform> ( min -0.997408, max 0.930524, mean 9.21211e-12, stddev 0.0115302, skewness -33.2642, kurtosis 4275.45 ) 
[10] diff-output of <Softmax> ( min -0.997408, max 0.930524, mean 9.21211e-12, stddev 0.0115302, skewness -33.2642, kurtosis 4275.45 ) 
VLOG[1] (nnet-train-frmshuff:main():nnet-train-frmshuff.cc:324) 
### Gradient stats :
Component 1 : <AffineTransform>, 
  linearity_grad ( min -1.03944, max 0.951329, mean 0.00284834, stddev 0.131168, skewness -0.0390155, kurtosis 1.57454 ) , lr-coef 1, max-norm 0
  bias_grad ( min -0.890547, max 0.585311, mean 0.00771027, stddev 0.142055, skewness -0.384615, kurtosis 2.54048 ) , lr-coef 1
Component 2 : <Sigmoid>, 
Component 3 : <AffineTransform>, 
  linearity_grad ( min -0.716403, max 0.601516, mean -0.0031712, stddev 0.0741158, skewness -0.133919, kurtosis 2.76974 ) , lr-coef 1, max-norm 0
  bias_grad ( min -0.694777, max 0.608005, mean -0.0124636, stddev 0.168329, skewness -0.216865, kurtosis 0.904312 ) , lr-coef 1
Component 4 : <Sigmoid>, 
Component 5 : <AffineTransform>, 
  linearity_grad ( min -0.528151, max 0.610694, mean -0.00119935, stddev 0.0656111, skewness 0.0502115, kurtosis 2.65593 ) , lr-coef 1, max-norm 0
  bias_grad ( min -0.564561, max 0.659768, mean -0.00635654, stddev 0.191315, skewness 0.319631, kurtosis 0.374928 ) , lr-coef 1
Component 6 : <Sigmoid>, 
Component 7 : <AffineTransform>, 
  linearity_grad ( min -0.64965, max 0.813069, mean -0.00145575, stddev 0.0701022, skewness 0.279238, kurtosis 5.46481 ) , lr-coef 1, max-norm 0
  bias_grad ( min -0.623624, max 0.745406, mean -0.00567967, stddev 0.206482, skewness 0.16716, kurtosis 0.550705 ) , lr-coef 1
Component 8 : <Sigmoid>, 
Component 9 : <AffineTransform>, 
  linearity_grad ( min -5.18184, max 2.52461, mean -7.69473e-10, stddev 0.0515837, skewness -7.90592, kurtosis 393.821 ) , lr-coef 1, max-norm 0
  bias_grad ( min -4.83849, max 2.39725, mean -1.69079e-09, stddev 0.193022, skewness -5.77806, kurtosis 142.715 ) , lr-coef 0.1
Component 10 : <Softmax>, 
LOG (ali-to-pdf:main():ali-to-pdf.cc:68) Converted 9996 alignments to pdf sequences.
VLOG[1] (nnet-train-frmshuff:Eval():nnet-loss.cc:135) ProgressLoss[last 1h of 1h]: 1.12432 (Xent)
LOG (ali-to-post:main():ali-to-post.cc:65) Converted 9996 alignments.
WARNING (nnet-train-frmshuff:main():nnet-train-frmshuff.cc:169) A23_204, missing targets
VLOG[1] (nnet-train-frmshuff:Eval():nnet-loss.cc:135) ProgressLoss[last 1h of 2h]: 1.11703 (Xent)
VLOG[1] (nnet-train-frmshuff:Eval():nnet-loss.cc:135) ProgressLoss[last 1h of 3h]: 1.082 (Xent)
VLOG[1] (nnet-train-frmshuff:Eval():nnet-loss.cc:135) ProgressLoss[last 1h of 4h]: 1.08272 (Xent)
VLOG[1] (nnet-train-frmshuff:Eval():nnet-loss.cc:135) ProgressLoss[last 1h of 5h]: 1.08725 (Xent)
VLOG[1] (nnet-train-frmshuff:Eval():nnet-loss.cc:135) ProgressLoss[last 1h of 6h]: 1.07833 (Xent)
VLOG[1] (nnet-train-frmshuff:Eval():nnet-loss.cc:135) ProgressLoss[last 1h of 7h]: 1.06876 (Xent)
VLOG[1] (nnet-train-frmshuff:Eval():nnet-loss.cc:135) ProgressLoss[last 1h of 8h]: 1.07052 (Xent)
VLOG[1] (nnet-train-frmshuff:Eval():nnet-loss.cc:135) ProgressLoss[last 1h of 9h]: 1.07861 (Xent)
VLOG[1] (nnet-train-frmshuff:Eval():nnet-loss.cc:135) ProgressLoss[last 1h of 10h]: 1.05105 (Xent)
VLOG[1] (nnet-train-frmshuff:Eval():nnet-loss.cc:135) ProgressLoss[last 1h of 11h]: 1.05718 (Xent)
VLOG[1] (nnet-train-frmshuff:Eval():nnet-loss.cc:135) ProgressLoss[last 1h of 12h]: 1.04916 (Xent)
VLOG[1] (nnet-train-frmshuff:main():nnet-train-frmshuff.cc:272) After 5000 utterances: time elapsed = 4.04642 min; processed 18820.5 frames per second.
VLOG[1] (nnet-train-frmshuff:Eval():nnet-loss.cc:135) ProgressLoss[last 1h of 13h]: 1.05346 (Xent)
VLOG[1] (nnet-train-frmshuff:Eval():nnet-loss.cc:135) ProgressLoss[last 1h of 14h]: 1.01848 (Xent)
VLOG[1] (nnet-train-frmshuff:Eval():nnet-loss.cc:135) ProgressLoss[last 1h of 15h]: 1.03769 (Xent)
VLOG[1] (nnet-train-frmshuff:Eval():nnet-loss.cc:135) ProgressLoss[last 1h of 16h]: 1.03232 (Xent)
VLOG[1] (nnet-train-frmshuff:Eval():nnet-loss.cc:135) ProgressLoss[last 1h of 17h]: 1.02995 (Xent)
VLOG[1] (nnet-train-frmshuff:Eval():nnet-loss.cc:135) ProgressLoss[last 1h of 18h]: 1.01873 (Xent)
VLOG[1] (nnet-train-frmshuff:Eval():nnet-loss.cc:135) ProgressLoss[last 1h of 19h]: 1.00164 (Xent)
VLOG[1] (nnet-train-frmshuff:Eval():nnet-loss.cc:135) ProgressLoss[last 1h of 20h]: 1.00381 (Xent)
WARNING (nnet-train-frmshuff:main():nnet-train-frmshuff.cc:169) A23_107, missing targets
VLOG[1] (nnet-train-frmshuff:Eval():nnet-loss.cc:135) ProgressLoss[last 1h of 21h]: 0.99376 (Xent)
VLOG[1] (nnet-train-frmshuff:Eval():nnet-loss.cc:135) ProgressLoss[last 1h of 22h]: 1.01356 (Xent)
VLOG[1] (nnet-train-frmshuff:Eval():nnet-loss.cc:135) ProgressLoss[last 1h of 23h]: 0.984059 (Xent)
WARNING (nnet-train-frmshuff:main():nnet-train-frmshuff.cc:169) C22_500, missing targets
WARNING (nnet-train-frmshuff:main():nnet-train-frmshuff.cc:169) C21_672, missing targets
VLOG[1] (nnet-train-frmshuff:Eval():nnet-loss.cc:135) ProgressLoss[last 1h of 24h]: 0.99298 (Xent)
VLOG[1] (nnet-train-frmshuff:Eval():nnet-loss.cc:135) ProgressLoss[last 1h of 25h]: 0.983657 (Xent)
LOG (copy-feats:main():copy-feats.cc:101) Copied 10000 feature matrices.
LOG (apply-cmvn:main():apply-cmvn.cc:146) Applied cepstral mean normalization to 10000 utterances, errors on 0
VLOG[1] (nnet-train-frmshuff:main():nnet-train-frmshuff.cc:345) ### After 9172992 frames,
VLOG[1] (nnet-train-frmshuff:main():nnet-train-frmshuff.cc:346) 
### Forward propagation buffer content :
[0] output of <Input>  ( min -3.05699, max 3.97779, mean -0.0266961, stddev 0.94405, skewness 0.143742, kurtosis -0.532818 ) 
[1] output of <AffineTransform> ( min -71.3275, max 87.2395, mean -4.05221, stddev 7.57407, skewness 0.231852, kurtosis 2.22328 ) 
[2] output of <Sigmoid> ( min 1.05407e-31, max 1, mean 0.272641, stddev 0.391266, skewness 1.03252, kurtosis -0.714164 ) 
[3] output of <AffineTransform> ( min -35.4574, max 21.0225, mean -5.28516, stddev 5.3853, skewness 0.0882361, kurtosis 0.331103 ) 
[4] output of <Sigmoid> ( min 3.99081e-16, max 1, mean 0.17009, stddev 0.313386, skewness 1.77111, kurtosis 1.56933 ) 
[5] output of <AffineTransform> ( min -24.2213, max 16.232, mean -3.95924, stddev 4.00172, skewness 0.0646697, kurtosis 0.202377 ) 
[6] output of <Sigmoid> ( min 3.02559e-11, max 1, mean 0.179024, stddev 0.296964, skewness 1.69193, kurtosis 1.45548 ) 
[7] output of <AffineTransform> ( min -27.9461, max 19.9287, mean -5.83935, stddev 4.59834, skewness 0.0772542, kurtosis 0.64514 ) 
[8] output of <Sigmoid> ( min 7.29741e-13, max 1, mean 0.108726, stddev 0.247385, skewness 2.58341, kurtosis 5.48808 ) 
[9] output of <AffineTransform> ( min -16.2254, max 28.6013, mean 0.0099722, stddev 4.04608, skewness 0.667258, kurtosis 1.2853 ) 
[10] output of <Softmax> ( min 3.39982e-20, max 0.999784, mean 0.000302297, stddev 0.0132008, skewness 59.7659, kurtosis 3872.66 ) 
VLOG[1] (nnet-train-frmshuff:main():nnet-train-frmshuff.cc:348) 
### Backward propagation buffer content :
[0] diff of <Input>  ( min -2.96697, max 3.41737, mean -0.000590102, stddev 0.137457, skewness 0.378824, kurtosis 51.9192 ) 
[1] diff-output of <AffineTransform> ( min -0.405939, max 0.485407, mean 3.66596e-05, stddev 0.00880133, skewness 0.821789, kurtosis 178.615 ) 
[2] diff-output of <Sigmoid> ( min -2.30204, max 2.95536, mean 0.000462792, stddev 0.103341, skewness 0.309897, kurtosis 28.7631 ) 
[3] diff-output of <AffineTransform> ( min -0.536081, max 0.35868, mean -2.35373e-05, stddev 0.010039, skewness -0.885855, kurtosis 99.7798 ) 
[4] diff-output of <Sigmoid> ( min -2.14562, max 1.55081, mean -0.000259389, stddev 0.114913, skewness -0.101103, kurtosis 9.09657 ) 
[5] diff-output of <AffineTransform> ( min -0.21553, max 0.273206, mean 3.39321e-06, stddev 0.0110144, skewness 0.120776, kurtosis 37.89 ) 
[6] diff-output of <Sigmoid> ( min -1.11051, max 1.25017, mean 0.000589973, stddev 0.106564, skewness -0.00180303, kurtosis 6.28482 ) 
[7] diff-output of <AffineTransform> ( min -0.438692, max 0.322883, mean -1.64683e-05, stddev 0.0114434, skewness -0.323869, kurtosis 79.4861 ) 
[8] diff-output of <Sigmoid> ( min -3.06773, max 2.25461, mean -4.43054e-05, stddev 0.139806, skewness -0.39058, kurtosis 21.7434 ) 
[9] diff-output of <AffineTransform> ( min -0.999466, max 0.9752, mean 8.42562e-12, stddev 0.0110712, skewness -37.4555, kurtosis 4839.24 ) 
[10] diff-output of <Softmax> ( min -0.999466, max 0.9752, mean 8.42562e-12, stddev 0.0110712, skewness -37.4555, kurtosis 4839.24 ) 
VLOG[1] (nnet-train-frmshuff:main():nnet-train-frmshuff.cc:349) 
### Gradient stats :
Component 1 : <AffineTransform>, 
  linearity_grad ( min -1.13405, max 1.67157, mean -0.0101625, stddev 0.132854, skewness -0.041308, kurtosis 2.50797 ) , lr-coef 1, max-norm 0
  bias_grad ( min -0.87129, max 0.623574, mean 0.00938486, stddev 0.150591, skewness -0.196097, kurtosis 1.37339 ) , lr-coef 1
Component 2 : <Sigmoid>, 
Component 3 : <AffineTransform>, 
  linearity_grad ( min -1.29545, max 0.557748, mean -0.00158018, stddev 0.0822087, skewness -0.394373, kurtosis 4.97861 ) , lr-coef 1, max-norm 0
  bias_grad ( min -1.3771, max 0.578591, mean -0.00602555, stddev 0.177734, skewness -0.428708, kurtosis 3.32069 ) , lr-coef 1
Component 4 : <Sigmoid>, 
Component 5 : <AffineTransform>, 
  linearity_grad ( min -0.694839, max 0.70007, mean 0.00011734, stddev 0.0700139, skewness -0.0330692, kurtosis 3.30505 ) , lr-coef 1, max-norm 0
  bias_grad ( min -0.889363, max 0.706208, mean 0.000868662, stddev 0.200137, skewness -0.157648, kurtosis 0.544596 ) , lr-coef 1
Component 6 : <Sigmoid>, 
Component 7 : <AffineTransform>, 
  linearity_grad ( min -1.07074, max 1.10258, mean -0.000746861, stddev 0.0728134, skewness -0.28399, kurtosis 7.43249 ) , lr-coef 1, max-norm 0
  bias_grad ( min -1.11471, max 1.1382, mean -0.00421588, stddev 0.220814, skewness -0.184129, kurtosis 2.08094 ) , lr-coef 1
Component 8 : <Sigmoid>, 
Component 9 : <AffineTransform>, 
  linearity_grad ( min -4.62014, max 1.95802, mean -7.73487e-10, stddev 0.0561975, skewness -15.3467, kurtosis 751.164 ) , lr-coef 1, max-norm 0
  bias_grad ( min -4.62014, max 2.14298, mean -1.84055e-09, stddev 0.20958, skewness -6.23648, kurtosis 109.255 ) , lr-coef 0.1
Component 10 : <Softmax>, 
LOG (nnet-train-frmshuff:main():nnet-train-frmshuff.cc:357) Done 9996 files, 4 with no tgt_mats, 0 with other errors. [TRAINING, RANDOMIZED, 8.04592 min, fps19001.3]
LOG (nnet-train-frmshuff:main():nnet-train-frmshuff.cc:366) PER-CLASS PERFORMANCE:
@@@ Frames per-class: [ 565947 488 1856 2655 3568 781 1492 366 1178 2601 6093 275 1750 2781 625 562 407 2075 713 1564 3910 315 721 484 3131 1228 388 886 1838 5544 1216 582 998 1423 2274 2478 2622 648 1450 1302 3270 319 837 506 1459 1185 413 2751 2642 2203 1697 113 5227 1522 5320 974 5444 610 2375 3574 2645 5196 2948 961 731 1034 885 1070 246 1967 4634 2320 1158 297 837 4047 1525 649 614 329 1269 241 5288 211 2298 1571 3925 5375 490 2188 672 1219 1570 1059 214 2868 2349 1561 1557 443 673 446 850 4317 148 823 1698 8558 1527 0 2752 1090 2060 2968 650 3118 497 1859 3307 2522 2642 0 502 1250 502 1164 1593 1240 1894 425 764 405 3235 1498 1909 286 628 631 1133 408 1937 5169 907 577 7189 707 2964 1322 4240 1153 1437 2810 2452 800 3284 2090 488 3356 216 200 1059 329 1589 0 2074 357 1356 254 199 1331 812 1760 1611 389 691 0 0 0 935 4378 450 2722 3 1794 718 428 600 126 1580 3676 736 1947 258 4769 2271 2576 1561 4241 384 1310 5646 1701 3079 0 1076 2731 532 7527 0 2363 3097 163 2514 164 703 969 2310 6817 456986 521258 457790 3007 267081 806 2722 3400 2626 2194 884 12081 14170 2836 916 1080 1386 2009 2615 5895 547 3387 1384 774 2474 1007 2048 1851 1941 1387 1719 3968 9195 2158 2714 464 1071 1666 5826 953 5295 1610 844 1360 4983 1283 922 757 1279 3052 1651 878 958 3480 1368 3789 7258 1366 4759 1405 3640 2311 1961 3572 1357 2092 688 1531 2457 1279 1127 2663 707 1059 4114 2466 8365 842 3733 1395 1405 2049 1936 4111 695 3742 3920 2452 691 5044 3739 574 2752 1057 11963 1165 1200 1094 2323 2129 4045 1147 2060 3856 5067 1012 1343 4417 507 5785 6804 3409 620 684 1099 1456 1313 2262 2997 2296 3680 5183 1546 817 1985 4782 2240 424 796 983 1542 3053 1395 3845 4599 910 2240 2268 1572 4457 942 8678 1016 2652 1695 2753 2160 6505 1581 815 389 2237 6126 935 3220 926 3457 781 3001 1781 1857 991 4395 5194 5886 1572 1385 4408 568 1182 2356 548 466 9540 6101 5919 2224 1117 734 2194 4812 1222 1826 931 1372 2310 725 1123 3533 1450 3700 2209 2969 3288 1248 1832 1013 985 1170 6258 5116 863 3733 4208 1999 4130 2366 1045 2905 460 2195 1416 873 1511 1830 1102 1103 4889 3334 724 2791 2785 1854 4383 1146 2259 652 1058 1069 3320 2956 2959 2039 2309 1423 378 3871 1374 1954 1037 362 2170 531 1351 1300 1160 1107 3253 2243 1083 1565 1956 840 1071 797 758 1662 510 1633 1577 782 941 1778 458 4905 1283 2685 1150 4278 2389 2779 1293 575 617 1748 3773 706 1488 1964 5177 1454 1478 907 3027 1330 2638 1517 760 5005 4870 542 5973 1408 822 1048 501 1852 1881 7399 1286 518 1293 4660 1265 462 2474 897 2851 7526 597 1847 1938 3365 1063 718 832 1714 1671 2185 316 1406 3713 1710 1093 1209 2779 3231 1193 1774 523 3055 1807 1242 1638 690 1784 2443 5860 237 834 2022 1533 7884 1481 5986 2881 1432 2162 5323 1056 883 468 2279 936 4949 2126 4534 3594 910 1903 1383 3292 1742 794 5511 3029 1841 758 5233 2350 6871 1635 448 2062 4300 2383 1040 2219 531 6194 1951 3740 1741 928 2361 550 1009 476 422 4745 2207 3135 4979 3034 904 833 1977 3512 2834 1203 3588 1709 4690 721 4587 940 780 1690 842 2192 2055 1022 666 6489 3179 1739 1072 1686 1401 3497 852 2930 1689 2321 2712 912 5215 864 856 1363 1158 1790 1447 893 5717 2142 796 3762 1980 1338 1473 2273 1807 1778 705 5227 740 3426 1105 3377 389 214 2219 2097 5121 349 2093 2243 1645 1155 1494 740 1376 1274 2612 1287 2149 3853 1211 888 2298 2586 5092 961 4597 1455 1310 513 3549 4555 1052 2680 1493 1955 3664 821 977 251 558 2583 1649 3945 4664 2782 1065 6695 1722 1408 6466 2230 3325 2485 1083 3540 3341 639 796 3632 544 5317 252 2049 3176 569 980 1441 4474 1256 1079 1369 1392 1467 796 4797 1843 6202 3201 3167 2427 3000 630 2873 1561 2473 3445 4575 1056 1345 1787 9409 1435 2075 2351 1716 5718 1116 523 606 1464 344 6396 687 942 786 1742 857 5623 1079 1377 1532 760 1537 5283 3383 1336 1696 1089 1654 5214 1628 1073 1687 1268 3150 2122 2959 1047 5780 760 2154 2320 3341 1786 3647 407 1146 2159 2296 1319 1417 405 2610 1412 1569 2257 1018 417 1735 569 917 1556 1154 941 2360 3615 407 624 737 2779 2085 2323 1268 938 3202 3287 3835 532 652 3276 1566 5009 1727 424 1105 1850 2810 1625 5301 1910 928 1328 1025 790 4473 2823 5226 955 3949 1577 561 1852 1243 12846 3513 1837 2691 4696 2810 2167 364 721 1233 2556 977 538 2001 948 1457 1554 829 1559 1904 1390 1614 1126 907 1129 2803 2316 3477 860 2720 581 3954 442 987 1590 5186 1550 5255 1331 1314 2612 438 580 1501 2370 2136 3039 2817 1957 2556 1384 345 373 707 2206 714 1059 3662 3193 1348 1228 2066 1625 1228 1769 4482 927 2151 1790 3480 1153 4341 1177 3635 194 1782 2352 1010 510 1603 1247 3782 1991 1307 645 767 787 647 4112 6542 6158 2615 3649 3004 770 3671 697 2684 2461 2004 4318 2822 1474 2478 2663 1005 1526 1287 1869 1798 1381 2329 2502 6950 3292 1682 1617 3635 2217 2554 1355 611 992 1868 1451 3096 535 464 6610 850 2089 1563 1369 1774 359 2140 1924 1982 3864 3249 2231 1309 960 1136 867 1090 1773 1246 669 1346 1106 999 1450 2672 2220 4860 4012 5758 417 866 588 857 1560 2491 1469 960 796 792 2109 4809 1608 3596 622 852 2288 3194 1040 1371 1800 306 1648 13748 841 1477 2744 1961 1258 1618 813 668 180 1742 1301 1411 583 2428 2314 529 1484 2865 1144 2331 757 504 3383 7446 961 3161 1982 1486 1203 3120 4134 1064 7890 2095 3005 1419 854 2826 1733 1734 4569 3390 1568 1082 443 4562 596 1696 3461 1965 729 4281 2872 4321 10804 1439 2193 1279 1224 647 2216 666 980 1102 523 723 1649 2346 2039 721 2250 438 2214 970 886 1156 781 1945 2164 2728 2087 1722 815 3635 960 986 1950 4354 2593 1676 1695 927 1235 891 3646 1345 2269 928 1211 1006 988 4043 251 2576 1821 772 2564 1488 1179 5225 2868 702 1607 2803 1757 2892 606 725 3310 6702 882 1544 1946 967 1608 1446 1674 1037 1892 25831 2168 1720 3053 5336 9184 1336 696 728 2765 702 1173 2913 4126 1888 767 1027 768 1408 2697 2542 1875 493 4119 673 2647 1984 1284 4695 1568 1540 3999 1796 364 1240 892 5170 1427 1450 922 4511 2470 1012 5100 1479 2281 2349 1471 1022 584 1087 1089 1607 1582 1487 3695 1709 1062 490 787 450 1061 4775 2048 3192 1408 1607 4405 3421 1158 439 2724 121 3504 2856 1621 1873 2965 747 821 560 4699 417 1614 579 2153 468 236 735 729 1184 6841 1127 790 521 2414 12590 1228 2492 9263 1802 1239 2463 1731 426 985 1252 2464 399 863 1346 2443 2530 3979 3347 2064 1457 633 664 1619 519 1495 2600 2249 1447 537 625 1022 309 5397 628 1057 6266 5232 2355 512 492 556 756 2648 2243 2021 1097 648 1641 1100 2418 3479 1159 246 798 621 1521 392 1107 209 2280 1084 4239 4340 516 603 615 2615 1630 9815 6536 2931 1345 2581 2253 1078 1049 814 1645 620 4080 2424 461 2396 1288 1593 2381 1129 4140 656 1715 2828 3902 7210 3110 2626 2342 789 7704 1765 2172 1084 4217 1129 5474 278 1360 1202 1519 6182 1087 361 267 1424 1371 1510 2905 1784 360 490 2399 1321 4188 1222 4590 1455 1041 1340 1045 2495 5940 1032 722 3077 1289 5383 998 2269 3677 678 849 1547 685 1141 2040 1235 1398 1205 705 3556 429 3420 1905 688 1499 1067 1675 2514 1643 2531 365 2244 2679 7052 2466 3034 1250 3468 1008 1355 815 700 471 2091 1834 2880 598 1610 4539 834 2860 701 3463 2072 1630 5839 3312 636 1584 2882 969 738 2142 4170 836 2388 652 1440 789 1133 967 1412 982 1062 387 1749 1077 2078 1954 1744 848 5209 2447 799 4505 853 2466 4754 3943 734 688 1388 492 1093 1102 1728 662 1163 2823 3096 1505 3639 924 1356 1211 932 1240 890 2025 1653 1133 774 711 4976 2049 1194 1959 2338 2719 2832 1322 4493 10160 1333 673 6167 1140 2433 392 3518 774 1011 357 727 1048 8630 748 1380 983 2324 775 1348 724 1421 480 901 4747 923 1315 844 1760 2875 762 1470 1527 956 1209 1665 8933 3283 945 1328 395 1249 2934 3612 1242 472 1087 2103 3023 1054 1244 4243 1258 1286 3573 2005 1102 5365 3159 2202 1951 1359 2009 847 2157 2213 4676 7935 2414 2365 1205 1291 1732 1202 1273 460 661 1013 1250 7269 424 2763 1511 3886 358 1846 7376 2224 1870 1580 531 2115 1696 1143 398 2370 1493 1181 1582 1971 894 2301 1298 1821 2372 844 564 3693 1439 3123 1116 487 1694 1023 2536 2421 1453 3031 957 1413 1411 1558 2961 2019 1559 2810 1075 1268 2291 3711 1144 838 1815 2740 2680 386 860 1181 221 2668 2695 504 448 2795 2334 603 2111 3982 2586 2173 2751 568 611 1484 594 1346 665 675 1032 2794 1105 793 2162 2104 720 3548 1625 2442 6200 425 3607 1457 787 2666 1578 3275 1233 2291 958 642 2109 1032 4100 959 1005 7944 802 945 7081 890 1477 794 2864 2093 2411 1137 162 1634 997 312 1648 6181 1400 1195 315 1848 2029 1120 1430 2429 2755 1040 1039 884 5154 1653 2471 362 4520 2676 1358 4638 667 1346 2032 3828 1701 1895 463 339 3390 845 1083 890 2640 869 947 1978 1450 1394 1092 1795 579 5332 1984 1149 383 982 4384 717 1988 864 1892 1484 1219 4103 9665 842 1041 3082 2885 1987 1322 696 836 1268 1338 1254 2606 949 2818 3056 2264 820 2171 1978 1896 1014 471 1582 864 2126 10030 1910 249 2164 761 2268 1685 370 3007 6240 2600 2789 1952 10222 2530 602 810 3208 3269 1206 1725 628 1981 590 732 818 1942 2305 1184 1386 839 674 690 1038 838 691 9572 3855 1985 1477 972 655 934 515 549 3124 1817 1285 1010 396 1557 1158 703 2150 745 2869 1262 3799 1077 1454 5829 3440 2236 1695 1208 3307 4375 477 2950 1672 1630 662 1360 1384 1945 1000 1007 8439 762 2853 3017 1814 995 949 1613 1216 3178 289 647 3028 2883 1825 3980 6072 1910 1811 1107 951 2062 2289 780 2344 1572 2312 2003 624 5885 3440 2808 509 6115 2247 1202 1605 915 1123 761 1158 977 1627 2912 641 654 680 1927 4161 589 5466 830 1656 736 355 1137 2164 517 2620 5151 613 1322 714 2117 833 2199 1599 3647 1024 1657 1010 759 1162 4314 4231 6213 966 1265 867 2179 3225 4039 2277 1419 2397 446 486 2868 714 3047 547 2428 2300 2427 1217 7220 474 1634 3104 578 827 615 1030 997 610 3038 438 3841 664 1364 3897 3540 2507 3874 1265 1956 1513 5057 2563 737 888 969 1294 1722 993 7629 1991 3141 267 686 1608 5183 279 1959 1180 1034 830 1108 726 1777 1386 611 285 1003 1403 326 2944 940 2920 3311 3176 1268 2215 720 2252 5142 1059 3411 1446 3119 1727 3634 602 2321 2200 1255 1613 1776 2280 1504 467 1141 1456 1492 1286 662 5655 3089 495 1350 1001 9277 848 912 2309 1058 1399 1959 638 1791 545 2862 2310 746 1616 2052 5449 1260 1255 3379 1751 1337 1938 738 3484 1951 3157 266 1704 940 8750 745 3461 1382 338 320 723 3190 1126 3202 3269 610 938 682 533 1199 707 324 6037 514 1694 633 398 631 1022 5583 621 547 1058 8594 1514 1024 1524 5619 1797 810 930 625 767 2469 3852 2711 703 2282 2933 2985 1282 2704 1812 3168 3934 5663 1646 2580 1446 318 2479 2363 966 2011 496 437 1144 2147 784 3748 2893 5543 2302 4612 1146 2394 432 2109 991 5035 1114 2154 511 2139 2681 2316 1244 1481 1022 3266 701 1112 874 2343 3357 1849 9651 356 2821 2464 2363 787 479 5054 934 1128 1411 497 548 1298 4131 952 1182 3451 1500 805 4440 240 4433 766 2006 2532 1375 1282 2519 441 1343 883 1934 5963 584 3273 537 544 1023 923 4234 467 1171 2500 5322 2212 3384 1655 2157 1181 1008 1662 836 2243 3013 4646 571 6110 1382 4410 3389 643 3541 4609 1452 1604 3044 663 734 1778 1334 826 1392 883 1260 1922 1062 282 1130 7723 2146 3967 2064 1501 726 6774 3274 3951 447 2538 950 2069 500 2974 2144 2571 2280 772 3164 6438 3750 5562 1567 4944 744 475 2717 1924 1989 989 1833 3019 1019 2023 1637 1188 4184 2163 509 2230 9967 974 1145 1755 1817 1647 1315 6920 1275 6124 1775 617 1805 7066 8526 1677 8634 1016 621 3220 698 1226 3523 583 1972 3493 1631 1181 1376 3035 1040 1236 3591 2252 1778 184 5618 2546 3420 3074 1087 1806 3141 3868 4527 1624 911 5335 2284 2266 4224 1788 3877 469 717 986 1358 574 1667 5963 1110 1855 677 637 3072 1587 1585 1333 3915 3784 2008 1297 1434 1242 1784 1490 3651 543 1764 4502 2713 702 2793 2654 2010 1447 1570 3913 1998 3164 663 2297 1818 1338 1484 5830 2250 501 4111 965 1111 802 1914 2302 1804 777 874 2596 2773 1759 7106 4864 3059 1259 1607 3802 2004 1689 4416 3772 453 1907 4327 860 1476 1793 3242 5594 885 5884 5134 1264 1056 3366 3445 1763 677 1609 1396 807 2498 3930 6171 1226 2063 1066 1422 7722 685 5884 1294 468 4375 1082 2133 2685 933 1032 1350 1187 1456 430 1094 2376 6717 3717 2148 750 2829 1890 2546 1391 1207 3372 2294 2908 1878 836 1883 2834 3854 2415 3451 461 2654 2365 3672 6326 1238 8996 399 2134 990 479 1009 4218 1853 2771 1034 3783 447 1902 714 885 1732 1024 1374 395 1484 1334 612 1568 897 5502 1857 5095 3170 7672 945 1111 3754 727 819 2281 1199 9064 2375 2368 1680 2254 4605 1924 7118 4203 1201 1645 2112 921 640 2501 735 707 2568 1334 968 567 438 2803 1090 1099 4986 1520 1321 1062 4113 1609 401 491 308 7307 1560 1150 1970 1825 2177 1602 3313 1292 1891 1352 338 3663 1268 3012 2078 2392 1570 1522 3156 2311 1428 2028 1219 970 3104 2312 700 643 4013 1743 963 1459 611 1401 3834 415 3036 853 1532 4730 3047 552 1316 1239 3688 1204 2686 466 1280 2088 1951 1757 2895 1453 2412 1909 2446 1202 1353 2416 841 1495 3598 1600 1796 2336 1267 332 2473 5087 2710 1499 2886 4271 1851 3257 4208 1455 5731 245 2094 2281 2159 1571 1345 2045 2460 2748 1478 1000 584 225 1123 1475 674 5770 558 1295 4172 492 4266 602 1347 1846 2675 646 932 1469 1704 1203 458 730 2135 968 2227 693 4787 681 1403 965 1331 274 762 1327 5023 1977 1279 1073 1399 2732 1459 4892 1066 519 2324 2060 701 1621 3157 1536 2132 702 1712 2520 2911 1523 3604 1463 1321 539 1930 1439 947 1199 2178 887 690 2163 769 711 1258 5303 2337 966 905 2608 1382 485 877 1874 2954 2161 6412 1524 607 2271 963 2337 1229 10114 639 975 1622 2680 2838 1392 638 2486 1983 1277 626 3335 3870 1985 1859 4057 2132 9072 2734 1594 671 2262 1780 761 1079 1699 350 926 1891 785 1396 1691 412 4823 990 3236 849 424 2395 1107 2580 2907 2942 1881 872 3169 1151 990 865 2168 1899 3659 4060 3625 4183 2524 1459 2509 1153 3580 4738 5649 1394 1415 2259 853 576 1602 2298 733 816 13813 4516 989 903 988 3857 1108 2735 1633 2980 2193 2030 412 2072 418 4306 6021 1817 1338 4528 2952 773 526 1026 891 8220 1243 725 3632 1391 1569 3378 1253 817 2786 1134 3776 722 1053 1074 1762 738 943 787 970 1741 2845 1994 968 2138 350 1424 4936 621 3495 197 3013 2615 573 2372 1957 1345 2558 4276 2112 3206 1601 2453 2461 1987 2418 3393 1063 389 624 1084 3434 761 455 682 3641 1288 1076 2498 1065 1635 1901 3161 2980 2732 605 3995 2330 4378 7168 4495 1126 1596 2523 1829 3797 5331 4234 2433 1515 1633 1720 1330 3338 1710 733 2433 7992 991 11164 732 614 3046 2761 3368 557 3081 1779 1636 2619 694 2075 2362 964 3432 2683 2427 1289 781 1884 1658 1121 2527 2059 5831 5704 2017 1483 1595 878 609 1121 465 2245 3080 7299 741 2324 1876 1148 1753 3183 954 2198 506 3727 2952 9207 787 238 4663 3014 1682 3861 2027 464 1143 548 1306 700 2700 1994 1951 1178 3376 2464 519 2054 1320 2098 554 2696 1810 2339 1325 814 1441 1412 2038 2703 1870 1148 3441 964 3670 5162 1273 1146 989 1599 1142 1667 1148 990 2367 3765 3848 2964 1386 1060 2371 8207 1375 2141 3477 2472 1282 2267 5056 628 957 2283 3960 526 3164 1455 951 3883 1189 620 909 2379 510 1578 758 652 895 2566 1522 792 2563 2780 4804 982 505 588 2630 3015 2535 2394 3194 2051 3471 813 1516 2885 640 1601 1908 2467 516 1683 4072 1079 1507 3035 1727 2325 1558 2674 508 3277 1316 901 913 2057 2007 3636 288 2914 2134 3067 1325 380 813 461 441 1578 683 3346 1235 1952 584 951 4014 823 1855 2148 577 2449 2360 5508 1299 645 1791 3335 2051 1302 3220 2015 2688 1021 352 2021 2898 787 1061 646 4915 2483 2662 1268 1165 932 2069 1707 402 4160 2874 945 624 547 5751 318 4349 1503 721 826 3154 1568 2131 644 905 1709 833 984 757 2364 2398 1390 2286 3031 2180 1097 570 864 1239 1227 440 1209 1473 1391 1240 3103 531 1733 804 805 1338 2055 2229 2201 4351 2201 3254 651 1666 484 685 1718 1045 10341 637 764 677 1215 2002 2385 768 484 1045 1684 3870 1407 1250 2014 902 2775 278 2175 3293 4505 2886 1788 537 1398 3274 1536 4443 2513 1812 1374 909 3252 920 247 2578 1750 1088 2050 2754 1564 933 3000 3264 941 1662 4985 927 1472 1622 2111 489 4456 980 2287 2112 1263 594 2851 1090 4078 347 5188 3690 198 3308 361 2319 2741 3570 331 1381 681 1930 2974 2244 680 3759 540 3619 3032 985 446 1778 2387 714 935 3604 1086 642 1437 991 1602 779 2764 268 3129 1640 2952 756 83 699 5760 6155 2075 670 2355 500 1234 412 6263 ]
@@@ Loss per-class: [ 0.608079 1.52633 1.02283 1.17258 1.02215 1.28417 0.820897 1.56624 1.14869 1.15274 0.547231 1.54234 1.13811 0.766997 1.97007 1.80362 3.29208 1.39092 1.43178 0.818937 0.712343 2.85566 0.854856 1.00914 0.806908 0.951082 3.2345 1.1015 1.71195 0.927933 1.17015 1.3485 0.79819 0.925913 0.936891 1.15916 0.669186 1.32025 0.951602 0.630192 0.768393 2.6849 0.837003 1.24958 1.04792 1.01557 1.91 1.12705 0.673087 0.747951 0.980483 3.64356 0.806597 1.4346 0.740426 2.22163 0.692968 1.90859 0.559845 1.21341 1.80413 1.66662 1.31027 2.60332 0.986273 1.1519 1.73173 1.0506 3.29054 0.948936 0.869967 1.16303 1.67099 3.71937 1.56844 0.774258 1.13237 1.49396 2.45624 1.51896 0.852361 1.49598 0.732442 4.11396 1.34572 0.780235 1.28134 0.826007 3.20945 2.25701 1.6298 1.69485 1.80159 1.72106 3.32674 0.978379 1.2337 1.84414 1.06615 3.26295 1.09016 1.16026 1.57087 0.716607 4.01058 1.14291 0.668161 0.661481 0.556381 -nan 1.38515 2.07381 1.66224 1.12248 3.01678 0.814656 2.80977 1.15341 0.868074 1.13264 0.999068 -nan 2.63195 0.748267 1.41424 1.12688 1.07252 0.964505 1.0627 2.65697 1.12567 2.78636 0.584036 0.497737 1.98686 3.33704 2.95299 0.628097 0.738603 1.91567 0.751841 1.57125 1.54733 0.884008 0.965788 1.38173 0.974943 1.57752 0.480487 1.38241 1.09038 1.51976 1.58519 2.60184 1.17878 0.995219 1.76843 0.648295 1.71188 2.19486 0.742407 1.97594 0.668958 -nan 0.594318 1.91463 0.766289 2.19266 2.88004 0.736975 1.36216 0.471468 0.715588 2.39365 1.70724 -nan -nan -nan 0.662697 0.941815 1.26164 0.47609 9.28547 1.94657 1.77877 0.673129 1.662 2.45123 0.623562 0.72803 1.66086 0.964735 3.71173 0.756847 0.885949 0.993915 1.60391 1.31645 2.70691 1.30173 0.833177 1.52405 1.02503 -nan 1.26456 0.841414 1.45102 0.79358 -nan 0.807333 1.01098 2.99583 1.1872 1.6254 1.22572 1.79681 1.89229 0.806756 0.657005 0.273724 0.511798 1.97229 0.988011 2.15963 0.560655 1.5473 0.841201 1.19599 0.664289 0.488995 0.965022 1.08333 2.61674 1.02649 0.727226 1.86509 1.02907 0.830283 1.04032 0.606954 0.887169 0.818464 0.531737 0.468224 1.52749 0.896912 0.437857 1.56524 0.56666 0.993254 1.39029 1.01203 0.673559 2.01696 1.22241 1.14214 1.12162 1.56475 0.545758 0.619317 1.27653 0.850886 1.23461 1.48172 1.22703 1.16144 0.695229 0.54124 0.713916 1.38115 1.73174 0.588834 0.740257 1.56854 1.18385 1.33247 0.389897 1.19191 0.707423 1.22486 1.31908 1.41807 1.24029 1.16201 1.82228 1.14233 1.97616 1.03005 0.771782 1.47629 1.47972 1.04756 1.81852 1.22082 0.976406 0.846631 1.70354 0.914696 0.919145 0.781396 1.21934 1.42413 1.11978 0.741778 1.42059 1.71613 1.96025 1.40647 1.40213 1.17654 0.640576 1.51777 1.04797 1.26941 1.49373 1.19529 1.32384 0.909229 0.946538 1.8398 1.20158 0.887715 1.97869 0.862304 1.17814 1.70115 1.3399 0.796189 1.04236 1.7942 0.631649 1.48578 0.79765 1.16195 1.42209 1.23702 1.06412 1.93845 1.07708 1.2225 2.40949 1.05766 1.37446 1.2918 0.532189 0.862496 1.36598 1.64507 1.23195 1.82534 2.03786 1.0521 1.06206 1.24195 1.00279 2.00835 2.40983 0.923976 0.643038 1.17982 1.04316 0.370518 0.537513 1.28848 1.85967 1.56889 1.96537 1.65644 1.8268 2.28077 1.60837 1.98006 0.870456 1.55765 0.837073 1.23502 0.55148 1.73144 0.681607 1.15238 0.73488 0.955396 0.708711 1.06749 0.92322 0.794179 1.6941 1.24239 0.709169 0.864942 1.2608 1.19237 1.05684 0.566868 0.906384 0.814782 1.47657 0.578309 0.508755 1.43627 0.722077 1.41095 1.13049 0.857055 0.643264 1.05808 0.988836 2.13517 0.787824 0.935991 1.36128 1.6042 0.999856 1.65414 1.24021 0.979164 1.29797 1.63492 0.817894 2.42536 0.829334 1.60245 1.70251 1.10831 1.18091 1.23502 1.57951 1.75203 0.939363 0.670459 1.62734 2.19228 1.91558 1.34534 0.782663 1.50581 1.27613 1.59946 1.97164 0.880047 0.915097 0.643669 2.25089 2.26131 1.24335 1.73054 2.45786 1.5625 0.982045 1.46246 0.768077 1.61907 0.835873 2.01066 1.15171 1.32336 0.863914 0.699781 1.98845 1.12105 1.37756 2.05248 0.945607 1.02953 0.850561 0.939995 0.841849 1.58722 1.54561 0.886508 1.12152 1.9336 1.92882 1.54413 1.49764 0.991889 1.834 1.22759 1.88078 1.16494 1.03602 1.14793 0.488495 0.385162 1.97556 2.31079 1.07046 0.967301 0.956114 0.597581 1.84222 1.11503 1.05402 1.69948 1.45298 1.58507 2.2189 1.95972 0.873673 1.35719 1.03028 1.80595 2.6249 0.549273 1.00332 2.00635 0.932064 1.05005 1.13416 1.37687 0.805551 1.05136 1.13425 2.00856 1.75033 2.38903 1.39501 1.44882 1.54086 0.920369 1.70994 0.981167 1.43232 1.21952 1.52164 2.22256 1.09366 1.64499 2.11593 0.677193 0.857649 1.46693 1.10417 2.64286 1.95673 1.70954 0.876757 1.17113 1.32865 1.10736 2.28423 1.38082 1.80753 0.772578 0.427534 1.4577 0.765698 1.10248 0.882332 1.36984 0.661617 0.767125 1.57751 1.65976 2.49125 1.33874 0.598249 1.02288 0.69799 0.717001 1.05931 0.974134 0.995932 0.613716 1.03892 1.72675 0.751445 1.25878 1.92474 1.77245 0.908586 0.89602 2.01382 1.92758 1.04711 0.738721 1.54223 2.19916 1.44517 1.73046 0.794239 1.45775 1.04963 0.696301 1.09447 1.02087 1.72218 0.730166 1.59198 1.23175 1.54927 1.22366 0.957903 0.798287 0.72078 0.627041 1.66217 1.58841 0.612396 1.05664 0.742446 1.52698 0.793492 1.35632 0.817303 0.944854 0.768002 0.637301 1.09792 0.655922 1.30607 1.29428 2.17533 1.81069 1.66045 2.15696 1.20891 1.5277 0.770987 1.59082 0.785889 2.49197 0.393204 2.02435 0.980093 1.03904 1.44821 0.703569 1.4275 1.406 1.88894 1.3788 0.616855 1.96602 1.64227 1.04458 1.10712 0.940328 1.57777 1.50736 1.02185 0.863093 2.1907 1.20706 1.42866 0.985335 0.888104 1.0193 1.14008 0.89698 1.47372 1.38594 0.652852 2.00693 1.59387 0.741759 1.56363 0.966097 1.36258 1.23506 1.43969 1.11933 1.08424 0.499827 2.75076 1.59463 2.41005 2.0859 1.65648 1.42197 1.21133 2.23813 1.09187 1.18906 1.08405 1.15132 0.72219 2.28671 1.4393 2.03935 1.30614 1.16635 1.64329 2.85644 1.0461 1.08111 1.84177 0.993373 0.802838 0.468803 0.657477 0.771389 0.567014 1.01732 1.10715 2.43286 1.87874 1.23828 1.0275 1.18372 1.01891 1.33065 0.589445 1.16574 0.98379 2.04732 1.78789 1.21987 2.14836 1.73715 1.02463 0.805495 1.41601 0.301986 1.18097 0.946781 0.687579 1.32196 1.42677 1.51746 1.03243 0.967008 1.59826 0.954279 0.440466 1.11063 1.66203 0.955899 1.25133 0.828285 2.1751 1.60346 1.30677 1.21939 0.734775 1.35542 1.55272 1.24856 1.22515 0.80926 2.03051 0.910167 0.868396 0.448841 1.61521 0.599354 1.28897 1.19663 1.81049 1.4033 0.62164 1.03261 0.682429 1.63014 1.19788 0.416026 0.91 1.12833 0.772662 0.962493 0.941862 1.69663 0.56847 0.640222 1.57343 1.26735 0.682449 1.5226 0.691035 1.49024 1.25889 1.60834 0.897395 0.847029 0.993909 0.844705 1.02069 1.82481 0.800038 1.32275 1.47581 0.959061 1.65412 1.34591 1.44278 1.39484 1.62226 1.60522 1.01287 1.21834 0.890477 1.32218 1.63894 1.02394 0.869482 0.402574 1.3692 1.25128 0.819394 0.805113 0.729489 1.52296 1.16735 1.05831 0.799693 0.607548 0.933428 2.04004 2.00775 1.38016 1.6773 0.697536 1.19972 2.97683 1.18539 1.03073 1.45781 1.60509 1.12569 0.938807 2.3298 1.56852 0.992318 2.20309 1.07465 0.886607 1.85384 1.60438 0.669933 0.979042 1.23835 0.65466 1.188 1.14189 1.06526 1.32517 1.50123 1.53728 0.45614 0.633486 1.7068 0.810405 1.03795 0.881043 1.14032 0.792595 2.36059 1.43595 1.06521 1.94422 0.563914 0.645889 0.896202 0.794127 0.908226 0.539206 0.823713 2.02942 1.27984 1.74315 1.13273 0.924976 0.587848 1.88219 0.777274 0.91787 0.750845 1.14392 2.08896 1.03136 0.959822 1.23243 1.53633 2.1047 1.4119 0.657389 2.1333 0.801925 2.03717 1.51622 0.568269 1.4556 0.700015 0.916807 0.821255 0.630715 0.744256 1.36453 1.08219 1.17127 0.866299 0.825993 1.13118 1.07325 0.754226 0.905353 1.67203 1.73827 1.91292 3.05097 1.0522 4.06401 1.79222 1.14744 1.13146 1.30402 0.934375 0.805023 1.40687 1.40564 1.33631 1.59589 2.20703 1.20606 1.50524 1.21609 0.457839 0.859708 0.960522 0.902016 0.699416 2.02107 1.20668 2.21234 1.0858 0.651279 1.3515 0.60684 0.596933 0.568942 1.25963 0.567724 0.622939 1.20477 3.29106 1.43561 1.31117 1.46688 3.54912 0.425143 1.06715 0.903759 1.42471 0.725153 1.45084 1.39653 1.04802 1.96561 1.06843 1.01281 1.17832 0.955166 1.29903 1.09179 1.18553 0.983665 1.04657 2.08468 1.3338 0.846095 0.565321 0.74793 1.06841 1.00946 1.15892 1.19134 1.11117 1.03548 1.37001 1.34754 0.922932 0.890434 2.01771 1.57551 0.809364 1.15599 1.41259 0.85342 0.757042 2.04649 1.0021 2.15062 1.58813 2.20825 1.2029 1.0821 0.778133 0.833293 0.763934 0.812986 1.00152 1.64929 1.15468 0.883112 2.28702 0.863236 2.23144 1.12173 1.53892 0.99046 1.30798 1.15085 1.51411 1.4927 1.32021 1.18434 1.07016 1.64281 1.59881 1.94851 2.10681 1.02407 1.07157 0.725584 1.22441 0.753007 0.853755 0.908801 1.27561 2.98955 0.816006 1.8477 0.805536 1.21686 2.35307 0.969742 1.01172 1.80965 2.0658 0.856765 1.57553 1.72795 1.67141 1.0324 0.891447 1.13021 1.45636 0.811375 1.06508 1.36791 1.45857 0.622938 1.1874 1.21309 0.884365 1.54264 0.709987 0.579799 1.2263 3.19363 2.04512 1.24547 1.40511 0.974705 1.462 1.3153 1.38743 1.53479 1.32901 0.95056 1.1508 0.743747 1.09602 1.07617 0.610838 0.565736 1.03502 0.94431 1.22879 0.876051 0.54743 1.70623 1.35116 1.56257 0.756256 1.13914 1.78325 0.60284 1.19866 1.83039 2.2412 1.99459 0.495551 1.95462 1.19202 2.71139 1.6458 1.31233 1.20658 1.36857 1.93159 0.988167 0.845644 1.56796 0.729225 1.47268 0.874621 1.07551 1.6355 1.82858 2.12813 1.60273 1.36088 1.55291 3.08914 1.13735 1.19119 1.56614 1.48301 0.865922 1.46994 1.24297 1.14257 2.19385 0.639901 1.8529 0.840827 1.3662 1.70099 2.12676 0.716165 0.863507 0.505352 0.874294 1.88206 0.565478 2.00148 0.829849 1.20574 0.460203 0.939576 1.02284 0.661667 1.84076 0.770046 1.2469 1.24164 0.964815 0.598006 1.24892 2.12199 1.04665 1.01348 1.049 3.14094 0.953261 0.972069 1.48719 1.06345 1.43979 1.37236 1.12879 1.98165 1.32455 0.446769 1.03796 0.722224 1.07333 1.14002 1.22002 0.850063 0.697018 1.67854 1.00938 0.885103 1.30968 1.48523 1.21432 0.897688 1.58711 1.06764 0.648292 1.56882 1.51283 1.38688 0.964786 1.44333 1.13727 0.852971 1.65006 1.07022 2.32206 1.89216 0.558319 0.626559 1.4866 1.16227 1.34892 1.10964 1.57912 1.10611 0.897429 0.932328 1.76969 1.18948 1.30673 0.983104 1.32425 0.993965 0.96646 1.03123 1.98722 0.992469 1.07472 1.59265 1.36958 0.854253 1.38707 1.04233 1.8264 1.79964 1.02471 1.59047 1.36404 1.14051 1.20464 1.28149 1.0849 0.686666 1.0655 0.973803 0.616645 1.05913 0.982203 2.35833 1.08599 0.925558 0.899261 1.25636 2.76144 0.944861 0.710447 1.37545 0.523677 0.743579 0.82232 0.687849 0.838255 0.744291 1.32709 2.07076 1.84151 0.877752 3.71874 0.953678 0.587855 0.671056 0.841633 0.896251 0.765534 0.999381 3.52957 0.603732 1.10588 1.18958 0.882681 0.878123 1.25157 1.5004 1.30685 1.20414 1.52072 0.593541 0.763654 1.32174 1.07539 0.945422 1.19485 1.47799 1.33987 0.893382 1.65365 1.79716 0.727386 1.30115 1.3615 1.15672 1.1978 0.827989 1.61406 1.21584 1.01187 0.744336 1.05408 1.73483 1.79859 0.91673 1.32947 1.48578 1.55895 1.63067 1.01017 1.18805 1.66574 0.768366 1.58746 1.53416 1.33676 1.83992 3.32433 0.678801 2.00256 0.858676 1.68165 0.851434 2.17302 1.45413 1.28536 0.730023 1.97157 1.37215 1.06744 0.797963 0.949857 2.57652 1.35868 1.91288 1.87602 0.928781 2.4131 1.30661 1.16441 1.63721 1.29227 2.9084 1.69961 2.97195 0.814294 0.770174 1.49832 0.537557 2.35535 2.91618 2.02328 1.04062 1.64507 0.326455 1.00312 0.932834 0.511316 1.52776 1.47177 1.83944 1.17393 1.02209 1.71567 1.79291 0.994643 0.637224 1.47779 0.716817 1.97896 0.999556 1.38436 1.39917 1.5177 1.31681 0.933314 1.44162 0.780131 0.786788 0.867206 1.10734 1.14235 2.07276 0.708522 1.48022 1.11805 1.12744 0.810804 1.04458 0.602044 1.53187 1.58519 1.03744 1.16211 0.559558 1.45767 1.00343 1.0255 1.22585 1.21741 1.71517 1.01196 1.01943 1.9764 1.89117 0.815706 1.31949 0.5179 1.17024 0.96736 1.48219 1.28297 1.68188 1.38552 1.09819 0.858779 1.32906 2.21675 1.19231 0.800611 0.89968 1.78438 1.3072 1.22067 1.04222 1.41267 0.743844 1.87417 0.920974 0.968602 0.72375 0.753139 1.10066 0.993539 0.94672 0.796135 0.598688 1.2282 2.35572 1.19514 1.63809 1.18267 0.752822 2.16812 1.0279 0.670478 0.879946 0.882977 0.844454 0.96253 0.823031 0.918693 0.702209 1.3582 0.904861 1.06962 1.72762 0.936924 1.76001 1.25176 1.22839 2.06292 1.89899 0.694182 1.00088 1.2982 1.36831 0.998382 0.727794 0.948992 0.471211 0.534038 1.69595 1.47207 1.01138 1.30834 1.9376 1.42189 1.59773 1.59534 1.16316 1.54596 0.867878 1.47379 1.5843 1.02775 1.10496 1.62376 1.98759 2.24952 0.924684 1.50214 0.721705 1.26946 2.04886 0.946124 0.559403 1.7478 2.36015 1.30876 0.971636 1.28439 0.666015 0.530432 3.68776 1.53713 1.20377 0.877532 1.17821 1.00366 0.77215 1.23426 0.927162 0.524571 1.13294 1.83489 0.991468 1.83802 1.15131 0.780941 0.971732 1.00665 1.32863 1.14357 0.891626 1.36309 1.8061 1.29372 1.13647 1.11915 2.65895 1.35035 1.07713 0.86181 1.81096 2.10854 1.27918 1.07274 1.23197 1.38747 0.582081 2.71622 1.05274 2.45242 1.09924 1.18499 1.73135 1.02986 1.2292 1.32529 0.453179 1.27268 1.06611 0.946021 1.64123 1.87202 0.721341 1.03081 1.15223 1.34704 2.17522 1.19961 1.70149 1.17062 1.73958 1.34783 1.86013 1.08181 1.29967 1.11126 1.39039 1.76897 1.48563 0.508787 0.655951 1.82275 2.28856 3.25112 0.944028 0.83682 1.14336 1.30268 1.48994 2.43694 0.683385 0.707846 1.4445 0.9713 1.16856 1.18834 1.82672 0.824813 0.723979 0.867202 1.07781 1.19515 0.908364 0.721597 0.870441 1.43684 2.07222 2.02693 1.03687 0.871135 0.704121 1.26619 2.03645 0.628325 2.27367 1.38562 1.63365 1.55197 1.5179 1.5642 1.9223 2.29954 0.754821 1.93091 0.879691 0.903588 0.671399 1.31375 0.654054 1.37923 1.61648 1.12196 1.11262 1.70487 0.958997 1.03825 1.26498 2.04311 1.39837 1.05404 1.19843 0.858856 0.540388 1.84356 1.03481 1.11133 1.21632 1.23129 1.33939 1.7988 1.23627 2.27119 0.565554 0.967134 1.40801 1.75681 1.87471 1.32004 1.30503 1.15584 1.09211 2.30008 1.09264 0.904502 1.39627 0.503566 1.44814 1.87439 1.82338 1.67437 1.51264 1.05858 1.9227 1.33724 1.94814 1.07113 1.14089 1.9814 1.87943 1.25346 1.13389 1.196 0.988444 1.14907 1.5738 0.977672 0.767905 0.458016 1.22607 1.25693 1.0765 1.16394 1.0983 0.662768 1.03382 1.02277 1.31879 1.68434 1.22974 1.22932 1.23827 1.56135 1.47495 1.21188 1.82438 1.55201 1.95136 0.853282 0.905525 1.23319 1.6478 0.707316 1.4167 1.17008 1.27532 1.55665 1.62506 0.859378 0.618178 1.4121 0.854757 1.55302 1.29678 0.990048 1.68708 1.095 1.77566 1.24396 0.825473 1.56387 3.13226 0.731827 2.39578 1.39241 1.64366 1.34055 2.45465 1.19706 1.38581 2.78938 1.38454 1.57976 1.40884 1.51751 1.14327 1.15574 1.38766 1.54282 2.13742 1.02071 1.27846 1.1891 1.0709 0.998869 0.745226 1.93155 1.28034 1.1799 1.33389 1.13258 1.68792 1.63301 1.39918 1.63621 0.839653 1.50916 1.93859 0.410762 1.15117 0.99575 1.10087 2.51508 1.29946 1.25498 1.30952 1.55003 1.51042 1.47927 1.53701 1.15757 1.1683 2.21888 1.51057 1.29011 1.21874 2.50586 1.27366 1.31648 1.25938 0.623292 1.08477 1.25684 1.7289 1.2478 1.71513 1.05886 0.990181 0.925214 0.580958 0.886874 2.31139 1.31685 0.813807 1.50911 1.3971 1.21006 1.73655 2.38982 1.36702 1.11202 0.657234 1.07929 1.04333 1.32845 1.2252 1.33661 1.44329 1.32543 1.15586 1.33901 1.36952 1.37174 1.79323 1.39291 1.07692 0.863169 0.71194 1.37854 1.30113 0.662723 1.28298 0.974116 2.06333 1.07128 0.755669 1.44554 0.97441 1.75828 0.86747 1.34628 1.7945 2.3935 1.11684 1.59244 1.20653 1.15714 1.78697 1.28301 2.46795 2.74638 1.15479 1.40606 1.07828 0.80895 1.03539 1.22112 1.9574 1.47627 1.16817 1.51499 1.03773 0.57656 0.703067 1.36916 1.23828 1.55091 2.0238 1.32876 2.1271 1.52886 0.595747 1.28977 1.61142 0.927458 3.46087 0.903741 0.8055 1.33209 0.893368 2.24423 1.92111 1.53845 0.653488 1.61835 1.76777 0.404135 0.873113 0.756435 1.28481 0.676805 1.5217 0.736619 1.342 1.43143 1.67709 1.71087 1.21147 0.564768 1.13607 1.0411 1.92325 1.67172 0.798901 1.71646 1.38985 0.943978 0.700578 0.850529 0.658815 1.46151 1.80962 0.946401 0.78896 1.09972 0.795766 1.13686 2.2368 1.35426 1.1843 0.751049 1.82714 1.30875 1.38831 1.3672 1.20795 1.15373 1.34431 0.553943 0.562031 1.47327 1.62359 0.707115 1.27585 1.31547 1.75395 0.634975 1.34491 1.35203 1.53547 1.44719 1.13359 0.844214 1.02442 1.39391 1.12528 0.847461 2.09374 1.82861 1.70183 1.12583 0.906929 2.70084 0.7099 1.34032 1.62337 1.34858 2.01985 1.51655 1.26463 1.32643 1.44947 0.591566 1.4215 0.950195 0.797781 1.42668 0.918333 0.958899 1.61651 1.35524 1.20648 1.73211 1.67494 1.25999 1.24334 0.466541 1.75632 1.02984 1.46642 1.72392 1.00444 1.46506 1.45649 0.899534 1.47139 1.73727 1.70819 1.88892 2.56652 1.67349 1.60634 1.43625 1.25731 0.959262 1.03872 0.817839 2.02955 0.645352 1.66668 0.828703 1.61876 2.83379 1.71019 1.92084 1.84253 0.637487 1.4594 1.29462 1.53564 0.769816 3.14417 1.27665 1.02856 0.990271 1.51566 1.56723 2.71849 1.02101 1.18562 1.36366 0.728136 1.54109 0.92914 1.02978 0.728798 1.94494 1.68257 1.07003 1.6027 1.13682 1.12699 1.48304 0.892716 0.658323 1.82727 1.09363 1.4177 0.871005 1.75589 1.74239 1.50948 1.54284 0.736639 1.20598 2.28067 1.30263 1.38378 0.770902 1.35036 1.34153 1.36414 1.83592 1.55047 1.42554 0.748083 1.61678 1.71681 1.35801 1.6154 1.19252 1.35907 0.811563 1.088 1.26737 2.32121 0.494928 0.608875 1.26267 1.60675 1.48774 1.62127 2.61573 2.05106 1.83533 1.91639 1.46563 1.15644 2.77804 0.912757 1.40364 1.15836 1.24397 1.11234 1.24572 1.01878 1.8583 2.12332 1.14215 0.904654 1.64096 1.67757 1.81496 1.6141 0.880832 1.04188 1.85924 0.86255 1.19226 0.857158 0.634131 1.7356 1.17024 1.51559 1.30871 1.92181 1.3271 0.911252 1.15563 1.25127 3.34372 1.37225 1.78958 1.07192 1.41186 0.643757 1.66876 1.84296 1.6291 2.14021 1.21299 2.4724 1.32114 1.25867 2.13876 1.05641 2.18819 1.7031 1.37047 1.77388 1.01002 0.752082 2.74653 1.09797 1.1668 1.64334 1.68894 1.62731 0.806361 0.860568 1.47948 1.80228 0.705685 1.79934 1.18886 1.31995 0.786831 1.62296 3.12531 0.999179 1.98212 1.43415 1.4261 1.25008 0.993244 1.48925 1.01995 1.41479 1.15567 1.04284 1.7745 0.962902 1.06087 0.618814 0.938836 1.27107 0.928158 1.15506 2.08047 1.55116 0.764895 0.970069 1.6774 1.15789 1.19108 1.50286 1.74387 0.948156 0.852617 0.99563 0.668335 1.72432 1.42823 0.892447 1.23093 1.0675 1.1857 1.48572 0.989023 1.2288 1.42771 1.35022 1.12101 0.836343 0.947365 1.56953 1.61246 1.22658 1.23803 2.11025 1.82167 0.963728 1.28487 1.38786 1.05796 0.67458 0.926217 1.29059 1.22839 1.14298 1.25479 1.20325 0.947012 1.33965 1.09182 1.39022 1.44757 1.57892 1.65896 1.11282 1.15724 2.48214 0.899986 0.820149 1.4792 1.22092 1.83 0.541361 1.40568 0.807126 1.04004 1.14919 1.51624 0.954123 1.17615 1.55289 1.70939 1.09746 0.641188 2.03105 1.38004 1.91969 2.21735 1.1929 1.39435 1.49846 1.73619 1.21089 1.17828 0.656804 1.6394 1.52225 1.40921 1.15359 1.89787 2.63354 1.099 3.09736 1.76227 1.49278 0.518936 1.63667 1.303 0.94652 0.761197 0.657214 1.4515 1.22378 1.18906 1.37927 1.84235 1.00639 1.2758 1.4725 1.22148 1.29051 2.18768 1.17144 1.71446 0.540069 1.47933 1.24348 0.856562 3.55462 1.32194 1.83007 0.55049 1.77379 1.75303 1.58906 0.972323 1.1735 1.47367 1.1849 1.18654 1.17013 1.32638 1.19255 1.79838 1.38184 1.04193 0.732385 1.7694 1.44492 1.01746 1.67479 1.23034 1.0477 1.03439 1.26326 1.50297 1.22052 1.3649 1.95988 1.3673 0.953406 1.15382 1.80154 1.57356 1.26635 1.39092 1.51483 0.573833 1.56803 1.3742 0.868205 1.46796 1.18356 1.06713 1.84305 0.977635 1.36165 0.968197 1.22278 0.839484 2.12232 3.60314 1.72566 1.52076 1.11192 0.917081 1.07716 1.58248 1.81379 0.937058 0.964727 1.81956 1.49127 0.848561 1.23443 1.30858 1.76132 1.46549 1.23346 0.828722 1.73896 1.52264 1.27673 2.08668 1.03407 1.30404 0.975195 0.772375 1.14535 0.640488 1.25638 1.25106 1.57206 1.22546 1.26271 1.92512 1.09733 1.525 0.678629 1.25063 1.17992 1.24299 1.04955 2.58681 1.8901 1.42185 0.948118 1.71553 0.821019 0.870109 2.14618 1.67627 0.913638 1.36445 1.78049 1.2833 1.448 1.70307 1.67803 1.17373 1.08637 1.59738 1.01631 2.28694 1.12473 0.896422 1.22482 1.84701 1.24694 0.80531 1.58435 1.42081 1.16189 1.2235 1.26522 0.597446 1.20399 1.72825 1.62642 0.749997 2.63298 1.57154 1.81257 1.11983 1.14401 1.14747 1.37129 1.41831 0.804515 1.27763 1.91027 1.56647 1.54346 1.52415 1.87457 1.31147 0.902029 0.573521 1.53803 1.74772 0.363796 1.28275 1.57181 2.167 1.06028 0.916901 1.06824 0.86262 0.97872 1.35017 1.65881 1.30098 1.25239 2.12972 0.775059 1.70765 1.70929 0.929297 1.67916 1.28566 1.01932 2.09717 1.74381 1.04649 0.889367 1.57387 1.52136 1.99018 1.4277 1.12691 1.06889 0.91612 0.848114 1.13885 1.43401 1.12606 1.51447 1.52656 1.12303 0.739885 1.61543 1.6685 0.899941 1.16924 0.717154 1.51574 2.0094 1.81683 0.937277 2.06241 1.16948 1.54526 1.40002 1.08219 0.885712 1.56118 1.71264 1.30981 1.02349 0.970036 1.25591 0.867757 0.888771 1.25156 0.711042 0.919534 0.781705 1.66344 1.40719 0.873862 1.23217 1.03202 0.854519 1.46516 1.45769 1.26805 0.823024 1.13166 2.2104 0.653005 1.17025 1.3151 1.28327 1.58832 2.09276 1.1533 1.26345 1.55665 1.47988 0.765339 0.90934 1.18005 2.26524 1.32736 1.0498 1.60169 1.55116 3.67942 1.40635 1.19627 1.47365 1.02244 1.29708 0.730309 1.39866 0.967591 1.38784 0.78864 1.16292 1.27133 1.40838 1.32085 1.2144 1.72198 1.30158 1.54674 1.27045 1.09676 0.934605 1.00984 1.29056 0.913674 0.742075 2.15068 2.08817 1.20211 1.1607 1.34643 3.47279 0.685207 1.44936 1.28677 1.16227 1.41928 0.819372 1.38502 1.02851 1.30896 1.86251 1.27264 0.918669 1.5594 1.10238 1.76239 1.0631 0.818202 3.23332 1.93156 4.46214 0.648943 1.50853 2.36049 0.962248 1.08715 1.591 1.49467 1.23081 1.63653 0.700683 1.80255 1.21514 1.91165 1.27544 1.30398 0.558723 0.897804 1.27352 1.23395 0.94712 1.31087 0.850061 1.38777 1.8501 1.6088 1.1146 1.46683 1.94405 1.99766 0.767843 1.64297 1.7359 0.891989 2.22428 1.84659 0.808391 1.68828 1.3975 1.50834 1.672 1.31247 1.12327 1.45215 1.20166 1.32122 1.07507 1.41017 1.05497 1.49855 0.975699 1.4866 1.44773 1.6557 1.39763 0.727404 0.530202 1.40631 1.5245 1.30696 1.89519 1.5796 1.36787 1.20235 1.01417 0.902962 1.23545 0.594042 1.32547 1.67784 1.15541 0.662064 1.02103 1.71405 1.44915 1.20816 0.719034 1.59523 0.870048 1.1063 0.999742 1.67454 1.49684 1.01133 1.27909 1.01422 0.805275 1.12788 1.29486 1.97985 1.28503 1.47742 0.986339 1.10732 2.15226 1.23348 1.69202 1.60678 2.2874 1.41102 0.842641 1.95873 0.792464 1.35501 0.488912 1.23845 1.41504 2.48827 1.33539 1.4457 0.764112 1.43188 1.8668 0.769953 0.844542 1.72319 1.65316 1.66582 1.62876 0.991852 0.613669 1.6172 1.10242 1.46379 1.67939 1.5919 0.98332 1.29281 2.60375 1.88082 0.720144 1.11127 1.49077 1.36072 1.05127 3.33686 1.22502 1.01074 2.33222 1.81072 1.07462 1.35073 1.92811 2.4849 0.762606 1.39774 0.749053 1.77398 1.20411 1.64778 1.63173 2.212 1.39142 1.34583 1.28759 1.01362 1.01661 1.39871 0.867392 1.11603 1.73821 1.81082 1.58516 1.20536 0.80195 1.20626 1.20752 1.2539 1.0115 1.26664 1.42381 1.15726 1.09362 1.2886 0.737841 1.25255 1.84316 1.44858 0.896475 1.45174 1.4317 0.369942 1.39753 0.801121 1.48552 0.956125 1.27053 1.72714 1.58497 1.41425 2.12412 1.74997 1.95306 1.5105 1.18916 1.69497 0.805639 1.1102 1.59143 0.984968 0.697825 0.884413 1.20343 0.727162 1.0628 2.07442 1.65031 1.51915 2.75123 0.952911 1.54789 2.44385 1.36341 2.31186 1.90472 0.978775 2.28862 1.6994 2.16056 2.24908 1.20924 0.635277 0.921591 1.3813 0.678275 0.826765 1.71829 1.39874 1.11951 1.51623 1.5127 1.41625 2.00661 1.12827 1.2849 1.42695 1.13132 1.51147 1.2648 1.5685 1.6753 1.54537 1.43345 1.36113 1.58157 1.74284 1.79867 0.991584 1.94447 1.32806 1.58143 1.12886 1.63292 1.11022 1.76855 2.43465 1.80152 1.69317 0.57231 1.70302 1.75797 1.2477 1.25962 1.96552 1.81103 2.74745 1.93008 1.30358 0.851029 1.16122 1.72477 1.69817 1.71714 1.10597 2.44683 2.35363 1.73258 2.26875 1.08522 1.43379 1.31218 1.45377 1.29974 1.04517 1.55594 1.76563 1.64124 1.47068 1.5879 1.17926 1.36196 2.34914 1.36014 1.27863 1.27155 1.43254 0.772703 2.52146 0.786089 1.35904 2.1666 1.86475 1.45354 1.42355 1.82751 1.61092 1.11611 1.32311 1.88525 1.29058 1.23846 2.44013 1.73747 1.16144 2.73502 1.14478 1.3905 1.40697 1.06417 1.70473 1.56012 1.07943 1.33826 1.1554 1.29271 1.47995 1.9727 1.43665 1.49791 0.666211 1.24302 1.54578 2.16318 1.49067 1.66578 1.72441 0.840778 1.1353 1.51286 1.37988 1.4455 1.12621 1.01969 2.16807 1.46661 1.24492 0.839395 0.911993 0.556985 1.49394 1.89475 0.946256 0.753868 1.48721 1.05409 1.21979 1.24698 1.40728 1.80038 1.68613 2.14818 1.47251 1.21401 1.64562 2.01363 1.48553 1.7255 0.510504 0.83007 2.28754 1.82771 1.66954 1.30556 1.22174 1.48739 1.50988 0.823095 1.28665 2.06157 1.24346 0.719957 2.05813 1.77012 1.27683 1.35659 1.82853 1.50004 1.25241 1.67985 1.48071 1.57364 0.936445 1.03863 1.20578 0.878253 1.80416 1.20837 1.95333 0.844659 1.1725 1.28991 1.57585 1.46925 0.885041 0.821964 1.72058 1.67382 1.4124 1.03115 1.66205 1.17729 1.66789 3.20914 0.86403 1.33847 0.917064 2.43585 2.95177 1.02399 1.35262 1.35395 0.708365 1.66084 1.28202 1.32402 1.97087 1.44079 2.42364 1.23447 1.77047 2.0833 1.40421 0.831249 1.55073 1.79071 1.47582 1.152 1.89431 1.34516 1.56171 2.27069 1.52344 1.28082 1.8335 2.31016 1.40746 1.91106 1.76055 1.27034 2.21754 1.35174 1.7243 1.09093 1.35741 1.80772 1.59093 1.22489 1.29861 1.97148 1.5228 1.08972 1.6044 1.9092 1.85798 1.42844 1.23423 1.49354 0.883701 1.69491 1.1261 1.34017 1.33576 1.51008 1.08803 1.42295 1.40202 1.37796 1.85042 1.22582 1.87178 1.01758 2.16462 1.25584 2.11658 1.31344 0.886895 1.69647 1.01741 1.47212 1.39624 1.87343 1.65443 1.45836 2.56641 1.69885 1.44683 1.79002 2.22402 1.66335 1.29777 1.49629 1.73256 1.87986 1.20846 0.738807 1.75888 1.12157 1.61406 1.38536 1.39294 0.856944 2.04534 2.3074 1.27223 2.09789 2.34603 1.10037 1.87496 1.92492 1.56035 1.35036 1.68704 1.16424 1.4609 1.14156 1.07751 1.72066 1.51434 2.26526 1.5684 1.49916 1.66883 1.47639 1.87036 1.8414 1.4998 3.49141 0.778563 1.52867 1.21653 1.26532 1.19106 1.83148 1.4327 1.78742 0.894156 1.09472 1.70756 1.82281 1.22627 2.82593 1.7663 0.817257 1.55859 0.566092 1.28342 2.41621 1.17266 1.26264 0.963081 1.51392 1.24657 1.26291 1.13828 1.14506 1.58192 1.75479 1.8926 1.36331 1.86036 3.1677 1.26974 1.5554 0.614156 1.15483 1.4984 1.22412 1.38735 1.35749 1.46292 1.22989 2.23828 1.58342 1.33086 1.91442 1.27195 1.29631 0.949023 1.39905 1.364 1.27598 1.63478 0.709542 1.33422 0.717131 2.01714 1.58036 2.13734 1.97682 1.45 0.979778 1.4774 1.95046 2.02737 1.69215 1.53936 1.0273 1.49391 1.33111 1.28395 1.58364 3.05838 1.40703 1.84852 1.18461 2.1221 1.07879 1.50465 2.21249 0.736736 1.7871 1.42306 3.73086 2.10133 1.55761 1.92303 1.59794 1.72229 1.94914 1.60089 1.36175 1.05634 1.07875 1.26247 2.20156 1.4756 1.94745 1.0339 1.90421 0.788302 1.07009 1.83007 1.66698 1.43707 1.03913 1.39188 1.39036 3.49078 1.27585 1.93272 1.34842 1.43627 1.36324 1.36793 1.42372 1.46999 2.61084 1.29829 0.856785 1.82082 1.12101 2.08552 1.09688 1.58039 1.74337 1.43458 1.30334 0.87859 2.2102 2.07997 2.00994 1.12106 2.15088 4.26818 0.966648 1.86552 1.38996 1.3395 1.99653 1.75908 1.51188 1.00039 0.640737 1.83944 1.53427 1.77187 1.40298 1.10353 1.55092 0.644558 1.93346 1.49195 1.1368 1.12998 1.32769 1.59965 0.962914 1.20996 1.84674 1.23425 2.12459 1.53903 1.07167 1.58645 0.932192 1.71733 1.50768 1.35639 1.81231 3.05154 1.48348 1.36974 1.30954 0.934669 1.10295 2.75661 0.827064 2.87382 1.82499 1.13549 1.39879 1.03785 1.12335 1.31873 1.53045 1.31021 1.02041 1.77398 1.05579 1.70615 1.87093 1.02864 1.90277 1.49909 1.32793 0.969209 1.40175 1.6983 1.24361 4.55333 3.15085 1.00053 1.0235 2.0693 1.35357 1.32429 2.60599 2.37132 1.74661 1.15964 ]
@@@ Frame-accuracy per-class: [ 78.4734 53.8934 70.5819 64.8588 71.5527 66.9654 75.6702 53.8251 63.3277 66.8973 85.3931 49.0909 68.4 78.9284 46.24 47.8648 11.3022 54.747 59.7475 72.1228 79.9488 11.4286 75.3121 67.3554 74.5129 71.0098 17.0103 66.3657 46.1371 65.8009 69.4079 60.8247 73.6473 73.3661 71.2401 64.77 80.4729 57.0988 71.3103 82.2581 77.5535 31.9749 77.0609 63.0435 72.3098 71.2236 49.6368 68.3751 80.7721 78.3023 69.0041 4.42478 75.11 56.1761 79.3233 35.8316 80.8597 44.0984 81.5579 64.6614 48.7335 52.4249 61.9403 27.0552 70.5882 64.4101 48.1356 69.1589 13.8211 73.1063 73.2844 63.1897 46.114 11.1111 51.8519 76.6247 66.623 57.0108 24.5928 53.7994 73.7589 53.112 78.5174 1.4218 58.7903 77.021 61.1465 75.5907 15.3061 32.0384 50.5952 49.2207 49.0446 51.0859 26.6355 71.7922 65.0064 48.2383 70.456 7.67494 67.4591 68.6099 52.5882 79.3375 17.5676 67.8007 79.8587 78.3711 84.2829 -nan 56.8314 40 44.6117 60.4447 17.2308 76.3631 9.85915 63.6902 71.515 64.9485 69.2279 -nan 18.1275 79.12 58.3665 62.1134 65.2228 70 69.2186 20.2353 66.623 29.6296 82.2875 85.3805 43.8449 1.3986 18.6306 80.8241 78.1112 44.8529 76.4068 56.7615 48.0706 73.3102 69.2029 58.8402 70.2767 34.7958 86.4151 59.497 67.8497 51.3879 53.0179 28.125 64.4336 68.8517 44.2623 79.4398 46.7593 33.5 78.848 38.6018 79.2322 -nan 81.3886 46.2185 78.9086 34.6457 19.598 77.5357 57.266 84.3182 80.3228 32.1337 53.5456 -nan -nan -nan 80.6417 72.3161 63.1111 86.4805 0 43.534 43.7326 81.0748 50.8333 32.5397 83.9873 78.0468 45.5163 70.8783 10.4651 75.194 73.5359 71.0792 52.5945 59.7029 33.0729 62.9771 72.299 52.8513 68.8535 -nan 61.8959 75.9063 50.188 76.2189 -nan 78.3326 70.8105 20.8589 66.0302 54.2683 61.7354 30.6502 35.4545 74.8423 77.7783 90.3886 82.1602 37.7453 61.9351 34.4913 83.8722 57 75.933 60.9389 78.2805 86.6816 68.8426 65.3385 27.2926 72.1296 76.7677 40.1692 71.7017 74.5208 68.0073 79.2737 75.2168 71.9638 83.1851 86.1966 54.4434 74.1761 87.3261 49.1709 82.2571 70.8417 59.0212 69.8795 80.2874 40.3017 63.212 66.3866 68.2115 46.5897 84.3248 78.882 62.2038 74.7794 63.7166 49.6493 61.4967 59.181 77.4042 82.1429 77.8922 55.0114 51.0438 82.1264 78.8743 50.6202 60.1543 59.5168 89.6827 65.694 79.5604 60.2337 56.6038 60.4423 57.3324 67.6386 50.436 63.7492 45.4619 69.3511 78.2609 43.4848 54.7383 69.4051 46.9616 62.2871 72.098 68.8836 47.7096 61.0036 73.0249 77.9405 58.3161 59.9854 61.8705 77.9797 58.2398 54.2414 38.9291 57.1967 56.8869 61.6725 78.8154 56.386 70.2583 62.7468 56.5 64.808 59.1907 68.0132 70.9271 52.7463 65.9223 71.5768 37.7344 72.332 65.0037 50.7584 57.7909 77.7182 69.3122 42.1825 79.5161 57.7485 76.3421 67.5137 57.3496 64.3678 70.9042 46.8206 67.4728 65.2518 29.2367 70.5018 57.33 58.5111 84.6429 71.934 60.9296 54.8321 64.2672 45.3652 44.9462 69.3108 69.7978 60.8791 70.8036 41.1817 25.6361 72.3132 82.2718 66.7665 67.7165 90.0452 83.7168 61.1333 43.7963 50.7917 44.0228 49.9387 51.4139 31.0684 56.1541 43.1016 73.2919 54.6436 76.5982 58.8988 82.4392 42.5042 79.6984 67.4067 80.091 73.2961 79.9864 72.0102 71.769 78.2668 55.4577 61.5059 79.1171 76.8248 63.5193 65.9853 69.6115 84.8961 75.5845 74.8433 58.4469 84.093 84.4763 57.5286 75.6298 61.1171 66.4723 72.2944 79.3103 69.6349 69.7707 39.4483 76.2973 72.3857 55.0017 54.8054 70.8333 48.7991 65.6466 71.1675 61.7094 48.3062 73.9836 27.6941 74.8728 54.0162 48.2241 66.6344 66.3145 61.8182 54.7676 44.5652 69.4761 78.8842 54.181 36.4659 41.4208 61.8875 76.8812 57.4555 66.9466 56.6298 43.9269 73.2136 71.4671 82.204 32.8098 30.5445 62.4233 47.3535 27.783 54.5181 71.3464 56.3704 76.6552 45.2144 75.123 37.3016 65.3578 61.4993 73.6438 78.5921 45.5801 62.765 58.7571 39.5263 71.3846 68.7069 72.3577 74.3929 76.4155 51.8006 55.2077 73.4151 67.381 44.9113 46.8005 53.2982 58.4838 70.5882 47.8873 64.9334 44.8849 62.6993 68.1665 63.1004 87.4006 88.3866 45.3631 32.3478 66.7134 75.4709 70.529 80.8971 46.6087 65.9643 69.508 51.736 53.2578 53.0914 38.1874 42.4957 72.4209 49.6617 67.6957 41.6254 25.0376 83.0933 72.116 43.9474 74.965 70.7187 63.8376 61.845 77.3438 70.8029 67.5573 41.9162 46.1123 26.7943 56.3049 57.3872 53.861 72.5445 48.1974 70.751 54.9784 60.7114 54.4036 38.583 69.9176 53.9363 37.0872 79.8246 75.3046 54.2803 67.5487 35.5769 43.4072 48.5338 73.6842 66.4557 57.5391 65.6073 32.2222 58.1885 52.6882 77.5099 87.2795 62.1123 78.354 67.1128 72.9296 59.9336 79.3076 78.9377 56.6667 49.4395 26.0745 52.2184 80.5907 66.9065 77.7943 79.0607 70.1294 70.5604 71.8176 81.2565 68.6453 41.3043 78.9592 63.5417 49.6036 44.6581 75.2084 71.047 41.4023 42.6152 67.049 79.4936 50.5495 35.9432 58.4237 46.0814 81.3433 58.6902 68.8623 80.4226 69.1472 69.657 44.2003 79.1915 52.3068 63.5474 54.9107 60.7662 73.0233 74.444 76.1538 81.2078 53.6723 50.1614 82.4705 68.6898 78.9202 53.6638 75.0953 61.4545 79.1873 69.7479 74.6445 81.6017 68.0109 79.0112 59.1685 64.2386 39.1593 49.94 45.22 34.6526 59.0332 58.3541 78.0936 54.3008 78.7846 27.7393 89.3394 38.617 68.7179 69.8817 60.2138 77.281 58.3455 60.6654 42.6426 61.7661 81.7238 39.9655 53.2649 68.6833 67.7373 71.1467 51.1737 50.6143 70.4559 72.8134 38.385 67.4342 60.3068 67.7083 75.4673 66.471 68.3074 73.5196 53.7664 60.1344 80.3743 42.437 50.6281 74.5348 51.2626 68.3109 56.9586 64.0123 58.4947 65.0731 68.7943 85.4218 22.4324 56.8885 29.5023 30.0267 50.3856 56.5421 64.5336 30.186 64.2062 58.4527 66.9374 62.0152 78.9058 20.6061 63.4538 36.4865 63.1541 62.8728 54.173 15.7731 66.3564 67.999 39.6367 71.1712 77.3281 85.1895 80.3221 74.8179 81.6184 72.0962 64.5038 32.5536 46.8864 62.0198 63.6882 61.6418 69.9933 58.9258 82.4509 62.363 69.8055 41.0359 49.4624 65.6988 42.3287 49.7085 64.6441 76.8871 56.2441 91.7849 65.0407 70.8807 79.0288 57.5785 61.4135 59.3561 70.9141 70.678 53.7564 73.3959 85.9296 66.3271 46.6912 69.306 59.9206 75.8419 33.1549 44.6397 59.4898 63.2894 79.2356 58.9172 56.0704 61.5047 63.5057 76.3463 40.7035 73.0248 76.5057 86.5044 53.6707 82.3808 64.2357 64.0667 53.4921 50.2611 78.9878 69.4703 77.5617 50.2077 67.7083 86.6914 72.244 59.9851 76.6551 71.4699 71.2888 50.2331 82.0042 82.9749 56.7878 62.5413 78.8934 52.6163 80.394 51.6739 61.465 48.4733 71.527 73.2789 70.1405 73.772 71.1692 32.2454 75.9211 58.2303 55.972 72.6574 48.7275 59.0802 58.7695 59.1294 55.9264 52.027 69.6179 62.3592 75.5521 59.7778 42.8841 70.3278 71.7287 88.3045 62.8947 63.7419 74.8276 77.2523 77.8835 55.5799 67.8133 68.7609 76.9338 82.7091 72.1759 43.5427 49.8765 57.433 52.9037 78.7763 65.4852 16.9941 65.9472 72.1037 54.1301 55.0709 66.5167 71.8371 33.3688 49.7881 67.4965 28.9926 65.2244 72.0488 45.8438 52.9017 80.3702 69.9527 62.7932 81.7302 66.1393 65.4237 67.6692 64.5706 58.2418 53.1928 87.7221 80.139 55.8962 77.8281 68.0541 74.8754 68.5538 75.1745 32.5131 60.4526 70.256 41.7561 82.4051 80.4382 73.6805 76.6743 72.1466 83.4895 76.0938 39.5722 64.9028 47.144 58.8588 74.2385 83.2335 43.181 78.109 73.6655 76.0037 66.2088 41.6089 64.1525 73.6698 64.8925 55.7621 41.1294 62.0253 79.3411 40.9266 78.5283 42.4631 57.4055 82.1583 53.6555 79.5737 71.0033 76.8822 82.1976 78.7997 61.8349 67.7907 66.5441 71.2565 72.61 67.4208 66.1601 74.2767 72.3293 49.6129 37.6974 37.115 16.1339 62.8254 10.274 41.0345 66.1559 65.1477 64.4195 71.438 76.0383 56.5151 57.5117 63.3671 47.8261 24.1287 63.9321 56.3917 66.2465 86.0246 73.1021 70.5919 74.1098 77.6059 39.1578 61.1077 32.2476 69.8135 80.946 57.4973 82.4268 82.2346 85.1437 61.5785 82.3313 79.6092 66.63 4.63918 57.2391 58.0782 58.9109 10.5882 87.6482 68.1636 71.2322 56.0522 77.6588 57.9845 62.06 67.0902 42.0402 68.3852 71.1556 62.6989 72.1989 61.5511 69.1744 67.1429 71.3157 69.5839 41.8033 64.4453 73.2036 84.8309 77.0021 69.403 63.64 60.8336 62.9851 66.9725 68.2207 63.1889 58.8988 74.0043 74.3667 41.4868 39.482 74.6355 65.1011 60.7916 72.4072 76.6802 34.4558 67.1587 44.8445 50.504 33.137 64.1626 70.4134 76.6355 74.3534 78.1543 75.1765 67.8315 51.1196 68.7363 71.8151 39.8329 77.5234 33.7838 69.3744 53.6232 68.5749 61.0937 62.9488 50.2083 52.2007 62.1684 62.844 66.4975 54.0931 52.6158 38.8559 37.1609 68.5686 68.8276 78.3683 60.4505 78.4362 75.0748 72.6468 60.9113 13.3949 73.4694 45.6243 73.141 64.1509 26.821 73.125 63.191 50.1263 41.6311 74.3606 53.9801 47.7475 54.1801 64.0845 76.5734 68.9105 51.1538 73.2312 68.8333 62.4183 56.8568 82.0265 64.9227 64.9966 73.0685 46.0479 77.9809 82.9419 60.0246 16.9162 43.3333 64.2939 60.7225 72.7144 57.976 55.972 45.3328 53.6862 57.8841 73.0541 67.4825 78.2497 64.9934 66.4683 80.9932 82.6753 70.4475 71.876 60.3431 75.6393 83.5411 49.1667 58.4906 51.3158 75.5006 65.5847 49.218 82.0296 57.4941 40.9413 32.9486 43.3679 84.7231 39.7935 66.2628 23.9372 51.9187 61.3547 59.0604 51.592 27.9399 69.313 75.3086 53.2819 78.4819 60.2407 72.649 66.6435 42.5445 47.3026 42.2386 50.6955 60.1083 50 20.7143 64.4283 63.2887 50.4841 59.8545 73.6147 56.9887 57.6976 61.2444 41.3242 80.5781 44.6392 72.5734 59.3426 47.6312 41.0797 78.8355 68.915 84.667 74.3322 52.7607 82.0908 53.4375 75.6592 63.4359 86.4263 69.919 69.0334 79.115 55.2319 79.5142 62.8507 60.3675 71.3011 82.7677 60.2371 34.1866 72.167 64.9798 69.4534 9.56175 71.4286 69.2477 58.4197 69.3058 52.6882 61.8321 67.3876 44.6653 59.8291 84.3186 69.0332 78.8845 68.8451 60.066 60.9655 74.4109 79.0958 47.3923 69.8187 73.6896 60.4964 57.0896 64.3845 72.7599 53.7126 69.0275 83.8102 54.797 51.5116 58.1395 70.015 57.6764 65.7186 72.5575 48.6264 65.9675 29.4872 44.6718 84.758 80.7804 53.0191 67.0143 58.7147 60.6771 48.2244 65.5172 73.6428 72 46.2475 66.2054 64.3388 72.7616 58.0645 66.3551 72.4388 69.9617 38.3117 71.818 65.5902 53.2967 58.5484 76.2332 60.735 69.5865 46.8966 45.4447 70.8934 47.9757 62.6482 62.3529 67.0723 65.8045 67.3478 79.6737 66.6341 68.4932 81.9687 68.595 71.313 30.2149 67.4512 71.6915 74.3125 57.8154 30.6122 72.1728 80.2222 58.1527 84.377 79.1992 73.8722 79.6875 74.86 77.6844 61.2102 35.4922 40.7745 65.4185 3.30579 65.2112 83.1583 80.5059 75.0667 72.0742 75.3681 73.447 4.28571 79.8468 67.8657 66.0471 74.6114 76.2192 63.0342 59.322 64.4898 63.5117 52.6182 82.1079 77.0186 60.7595 67.3704 72.4109 58.8165 53.5831 49.679 74.9109 51.5538 44.7942 79.2529 55.3437 55.3991 55.736 58.5463 75.3247 52.1303 57.1263 71.8425 76.0131 70.3162 44.5338 45.5333 72.8682 64.0357 60.8215 51.8072 53.4898 72.2543 63.612 50.7308 79.9022 55.8397 52.3277 61.12 46.184 21.0356 79.433 46.0191 76.5374 41.414 72.8784 28.4076 56.6406 59.9593 79.1367 39.1534 57.4018 69.5943 77.9812 72.2881 23.4568 58.6228 37.5455 43.7965 71.831 33.8223 54.4715 64.411 53.6232 63.1164 10.2041 54.2909 9.09091 75.7895 76.107 55.4376 84.2857 33.7209 15.5887 40 65.9273 52.3926 91.513 70.4712 76.6291 85.2045 53.6614 55.7923 43.692 66.2536 69.1646 42.3708 50.3226 72.0098 81.4769 56.6161 78.1302 38.354 68.5499 58.5888 55.093 54.058 60.8232 74.344 50.2475 76.4223 75.7975 73.9228 68.4311 66.7805 38.5298 79.4912 55.5241 62.3849 67.2509 73.9862 65.899 83.3577 54.3165 54.1912 69.9667 58.5253 82.5623 58.7856 72.2992 68.1648 62.9916 61.0503 45.4967 71.9449 70.1233 51.6667 52.8571 73.6557 60.863 85.554 62.275 69.8693 58.0756 57.1566 50.7463 59.1388 72.024 73.4007 59.3023 35.7341 63.4709 76.2607 73.1377 51.3026 62.5826 64.3731 68.8791 58.3039 77.4402 46.2774 72.8309 70.4902 80.7287 78.3262 70.7054 73.7589 71.1192 76.9231 82.924 63.6745 29.7965 64.0427 54.2643 57.9701 79.2363 39.7444 71.8688 75.8904 71.3458 72.639 73.5961 67.6805 73.1707 74.48 79.4983 59.4246 71.9557 70.7975 50.1429 71.9745 46.3415 62.868 66.7014 40.9699 44.5963 78.3873 71.223 61.2238 57.7746 71.7008 77.1718 71.9632 87.3095 83.122 54.717 52.7778 68.1124 59.5459 59.4851 55.5556 48.1295 56.4593 64.9497 55.3681 73.1944 57.6679 55.5163 71.5615 67.4929 41.8534 40.9605 42.6357 72.7844 54.5032 80.1251 62.2313 38.4748 72.8774 82.2807 52.6767 31.5394 60.1776 73.0363 53.2036 79.533 84.8085 5.44959 53.1977 59.366 75.813 64.1354 70.5082 76.331 62.6888 70.8512 83.5282 63.9858 44.0532 72.2451 41.2338 65.2655 77.8695 70.9227 67.1774 61.236 62.2716 75.1966 56.6637 50.1292 61.6034 67.082 68.082 26.7169 60.6942 68.1779 75.947 49.7175 42.7383 60.0712 68.8976 62.4156 56.6122 81.1578 23.2456 67.4065 25 63.1325 63.6951 45.8952 66.6667 64.9243 61.8321 86.4195 55.7487 72.6087 72.2279 53.4423 49.8065 78.9318 69.8895 65.095 57.7083 37.0699 62.7765 42.4702 61.9011 46.8009 59.8295 45.3913 65.748 61.6327 66.4702 59.1004 48.8834 57.5976 83.6001 80.8712 44.3386 50.3765 16.4557 70.6966 71.0293 68.6047 62.1578 53.6017 28.9788 80.0761 80.2514 53.8899 72.1061 59.9811 63.9905 46.5008 70.7249 76.7581 75.3176 69.2265 60.8737 72.2525 77.2424 73.0684 54.8034 40.9681 42.9764 67.6909 74.337 78.702 64.3331 35.3911 83.0705 29.5895 56.1778 51.3311 54.1241 49.7826 55.3707 41.3623 33.52 77.2458 36.7925 75.4615 72.7995 78.1009 57.5419 81.7443 62.6898 47.8417 67.3262 70.0633 56.8738 73.0969 68.1604 59.1426 36.9347 59.6203 68.1179 68.3319 75.4109 83.5616 47.5391 71.0561 65.2542 64.0857 60.4553 59.7156 45.5674 65.2857 34.3989 83.8617 71.2366 58.9322 51.5939 44.086 61.1987 61.71 69.5802 70.5708 36.9906 64.1897 71.7931 59.7561 85.7143 59.6335 40.1539 43.8434 48.6512 54.8107 71.6718 36.1089 68.6189 53.58 66.0055 68.4307 41.4925 48.9637 68.8372 65.0296 61.086 69.5277 66.9388 56.5476 73.8839 75.5993 86.9323 64.1791 55.2345 68.2572 67.4401 64.381 81.0614 64.9648 72.0131 62.1294 50 63.2244 65.4135 60.7407 50.0969 50.5011 60.905 40.8575 52.6827 40.1616 76.9444 69.5039 63.3231 52.9894 78.3226 60.4706 61.5193 56.0055 53.3672 52.6257 75.7288 83.3588 58.4753 75.2073 63.048 61.6822 72.9256 50.4845 68.9512 50.8863 62.1891 72.86 59.9751 7.40741 80.4547 30.4494 57.9553 51.5113 56.9483 28.667 62.2148 62.9727 11.1111 62.7295 51.3541 59.6154 50.0607 67.8693 66.3571 58.9121 46.6667 43.1277 70.7245 60.625 67.9021 68.6291 69.8004 78.0769 45.3321 61.1991 68.8397 62.6739 64.0631 51.6575 50.6195 52.2795 55.4492 75.4204 59.6702 46.0624 86.8602 65.5434 67.137 67.3351 31.3175 60.177 61.6519 57.9882 55.6787 54.1573 51.4773 55.5811 62.6188 66.4813 35.6552 52.726 63.0037 66.4067 34.1969 55.8702 59.627 63.5335 85.1175 66.5988 63.0246 52.1618 63.9839 52.8935 68.0761 70.0135 72.6825 82.2813 69.8707 32.5416 62.8242 72.9396 58.6135 55.7121 53.2526 43.2471 27.1531 57.4132 68.5351 81.4992 66.769 67.5448 58.5877 61.2565 59.1431 62.6829 57.9456 65.8746 59.2827 58.6785 59.2357 47.9772 58.6806 70.0376 70.9172 78.6387 67.4699 58.5028 79.1064 61.4198 68.6647 39.7297 65.1147 79.1026 48.8077 72.033 53.9447 76.218 61.3043 51.495 18.8889 69.1708 53.625 67.4959 67.5942 49.0446 64.8157 33.3898 14.3443 66.6259 54.3769 67.9393 75.5068 70.5628 62.0977 43.4718 56.8116 68.8825 53.58 68.0174 82.898 78.7808 61.3602 58.0907 54.4239 37.0992 59.3148 46.6019 50.0911 83.4507 61.1447 56.7315 72.9703 11.8687 73.025 75.2159 64.8649 73.3953 33.2886 39.038 51.3471 80.0211 53.389 49.5186 87.0304 74.4767 77.3703 66.9027 79.1391 51.013 76.6857 61.8449 53.4237 44.3182 46.8712 62.2356 83.4559 70.159 67.6093 37.5 53.2274 77.9832 46.5879 61.5492 72.0915 79.7133 74.0704 80.1897 55.6727 49.3421 71.9006 77.1626 64.915 76.255 67.6032 39.5616 47.5879 62.8788 79.3194 46.7145 64.589 58.5699 62.9001 61.2495 64.359 56.3567 82.8244 83.7803 54.9675 49.8397 79.7621 54.8547 61.2179 41.4538 75.5683 61.8158 60.7321 59.19 58.7978 68.2992 73.7188 66.753 54.9642 66.7486 73.0426 39.3136 44.8012 48.0882 65.0752 73.1795 23.2598 80.2049 63.1325 51.8116 57.8804 45.6338 55.1451 61.8762 61.1219 57.2519 81.1105 59.217 68.9864 73.3894 54.5583 72.389 74.8522 51.4071 62.0236 58.3008 51.7803 48.3168 63.2411 62.2203 86.8104 49.7046 71.2699 55.0725 42.0553 70.4729 53.0978 57.3953 69.8688 52.7448 53.7703 45.3066 40.583 28.8066 49.2329 58.4034 57.9586 63.4369 71.4168 70.6087 76.267 40.5094 80.5817 48.5232 73.4394 52.384 18.1661 51.8742 41.3008 47.6699 78.5356 55.5738 61.3232 58.2192 79.4845 13.4036 62.8299 68.155 69.1525 52.7323 39.4682 19.0514 67.638 65.2346 58.0779 79.4772 54.1384 70.8333 68.6275 77.8207 40.8827 51.5609 63.914 52.8378 64.6609 65.9176 53.6443 71.9527 80.9377 46.9534 62.685 57.7119 74.3714 46.8675 49.278 57.8512 52.7856 79.0043 62.6841 30.8772 61.0169 56.3079 75.1534 59.5109 60.1064 59.2466 43.5518 50.5982 56.1514 80.0903 44.1667 49.6004 62.0187 48.1586 62.6209 60.9267 75.6012 68.2687 61.6125 30.3987 85.9974 80.6364 61.8327 52.2009 54.2793 49.7368 31.9149 45.182 43.6459 44.9176 53.2842 62.4417 27.4924 72.5553 53.5448 63.4343 61.9259 63.2368 64.924 68.6321 47.807 43.6986 64.2722 72.9807 53.1394 54.0752 43.9978 53.3945 73.2006 69.2208 36.8633 75.6807 66.5205 71.7196 81.0317 46.4542 62.3557 59.4517 62.528 39.6801 59.0786 71.4122 64.121 64.2699 19.5489 61.2089 46.9149 68.6057 55.9732 76.2496 49.5658 50.2959 53.4375 37.0678 62.4451 32.8597 61.2742 60.6913 34.0984 67.8038 34.0176 53.8462 51.1259 45.8274 70.0617 74.3581 27.0428 62.1606 67.7725 50.2513 58.1616 52.3483 77.3778 71.4976 57.9525 41.4934 77.3563 46.9617 63.6719 64.8294 73.7854 46.9672 19.3827 67.8495 43.36 59.0613 52.5314 60.8255 70.8226 54.3385 67.9229 50.9376 59.598 66.9267 45.784 74.3377 68.3081 80.6558 70.9695 63.548 74.6899 61.5491 42.1384 54.8608 78.0787 69.0476 51.3675 65.3226 64.3021 58.2168 49.4644 71.4286 74.6531 67.5769 80.6603 50.5213 65.3946 72.7749 63.5338 65.7407 61.7354 58.1231 72.8898 62.9264 55.6175 64.9706 65.9187 75.5315 70.1641 54.6624 53.0047 62.9159 67.8506 37.3752 46.4029 72.9977 60.35 59.8451 69.3889 82.8101 73.5955 58.9153 63.8393 65.5946 63.2783 63.6743 72.9917 63.0621 71.0993 55.0673 60.3622 51.6423 53.5439 71.266 61.0294 35.2792 71.4865 73.8667 60.9938 59.6622 48.75 83.3747 58.094 76.0219 70.1422 67.6364 59.8284 70.9012 61.678 56.0685 45.8664 65.7187 82.7268 45.5479 59.2423 49.162 27.0221 61.6813 53.5211 49.8819 51.8201 61.7421 63.72 79.9324 52.8481 57.5059 58.9124 65.3222 45.5546 25 67.0277 9.80861 49.5765 57.7166 83.7064 47.2855 60.18 75.4703 75.7596 80.5252 56.4541 63.4567 69.5379 57.7824 42.8304 72.4704 64.7059 58.4469 65.748 62.5937 38.0145 63.8649 48.5844 83.0159 55.7752 64.5009 73.4043 11.1504 59.8213 47.9031 82.9342 38.9535 48.501 53.5813 71.2873 67.135 55.8087 64.2058 63.751 65.0526 62.5423 55.8 52.0511 54.2444 70.0895 76.886 53.3679 58.7231 71.5906 33.84 62.5494 67.3899 68.5882 61.0215 53.2632 61.0232 58.264 42.4837 58.4429 69.5581 64.4584 48.3808 54.3253 55.4062 56.3973 48.3987 83.0328 47.9371 57.3543 75.148 59.8563 63.2314 70.9402 45.2394 70.4311 63.27 66.3295 66.4314 75.2123 38.7042 9.07618 52.5208 43.773 62.9252 72.6297 71.6238 60.3346 47.8261 71.7391 71.7765 44.8613 53.2785 74.7856 69.6755 53.7074 43.8381 59.3565 65.4797 74.9259 44.0385 51.4563 54.3024 48.357 67.2666 69.0217 71.9829 77.4548 63.5088 79.473 59.7056 62.0155 53.0723 63.909 61.6965 41.6256 69.4841 54.3768 79.3345 59.0026 64.8911 65.1007 68.4034 34.7548 41.5621 59.6349 69.4404 49.3031 74.7451 73.9393 35.2252 44.4205 69.1285 63.5793 44.1081 61.8778 57.4763 46.9617 49.7829 64.2442 66.2849 52.8142 66.318 36.3929 64.9664 73.9597 63.106 48.8029 62.4717 74.8556 49.0969 57.5499 67.4185 65.6368 58.9055 82.1009 60.9554 50.2939 51.8519 77.3072 16.4404 50.8489 47.4147 65.0224 65.3639 66.741 58.5333 54.8902 74.7993 68.4974 44.6445 56.4838 49.5298 57.298 38.4701 57.9151 74.8284 82.0878 51.6769 49.6305 89.4033 62.1299 51.7162 37.8078 67.3304 71.9095 64.2715 73.1202 66.8705 58.1654 53.6424 62.1919 63.67 44.186 78.5908 47.5739 47.9951 70.2896 51.8644 61.8967 68.1145 39.3196 49.9053 71.836 72.4238 56.0408 54.3575 47.6072 55.086 67.2862 66.6934 71.6539 71.6415 63.8662 46.922 63.8837 57.9466 48.0057 67.0073 77.0904 52.6275 51.0684 74.56 64.1405 77.9653 57.095 41.2647 56.2984 75.5556 40.4381 66.3462 52.093 58.1353 70.0337 76.5669 51.4124 48.6034 66.5333 71.2619 70.1587 61.2333 76.2042 72.7423 65.0356 78.204 74.5873 75.8786 44.6172 57.5146 73.3239 64.2968 69.9379 79.4552 57.2668 55.8026 61.4799 74.2647 68.0525 33.2795 79.213 62.9073 58.6692 64.0404 51.1482 33.1021 63.8928 66.2709 56.8748 56.8665 74.2004 72.9306 60.1998 39.0756 63.3898 71.3626 56.3477 57.4236 18.481 64.4879 64.9175 54.4118 71.2372 58.6399 77.699 60.4739 71.2659 57.3817 77.9588 67.0899 59.856 55.5141 64.9243 62.8816 40.2893 62.5521 55.4943 67.2 65.4139 69.5833 71.118 62.8664 71.4657 78.0978 35.9981 41.5487 60.4255 67.1402 56.5689 7.03125 80.8077 51.9728 60.396 64.9922 61.0945 73.8636 59.0829 65.2968 60.9704 48.6239 63.8763 70.0562 48.4211 65.1779 51.0358 64.284 76.5071 12.7182 43.7882 5.19481 80.0192 59.8718 32.6087 70.3046 68.0548 51.6766 56.6167 65.8014 53.096 80.5923 49.1124 68.9349 37.8651 63.8013 62.085 85.1299 71.1538 65.6688 65.046 69.7719 59.6711 77.521 52.8107 46.1854 55.3608 67.1714 55.6661 50.1429 38.7247 76.1276 51.1188 48.0789 74.5031 39.6072 45.8958 71.9614 48.1928 62.1212 55.4513 53.9164 53.7421 66.6557 59.058 60.1824 60.2906 68.9534 58.5548 68.8757 61.588 71.7188 54.9808 54.4336 53.8987 56.8912 77.5637 82.9187 67.0508 57.1137 58.2363 50.1848 56.7881 59.9287 70.7692 72.2068 71.4375 64.3096 82.8339 55.0908 55.7229 65.3457 76.8429 68.9668 46.2975 62.0236 58.8153 78.336 52.5023 72.6711 68.866 71.6454 44.0816 53.4384 69.9693 57.434 63.7174 75.7621 67.5306 61.3008 49.0175 59.6752 60.1 72.4315 68.8889 34.7284 64.2034 50.5935 56.2565 34.4086 53.2819 74.3049 46.3415 76.6995 58.804 85.8203 60.13 54.2056 30.9598 61.4807 57.7263 78.2864 57.6891 48.69 78.0822 77.1429 51.2397 52.088 51.8038 52.2039 71.2188 83.1789 55.1295 59.0533 54.7445 54.1995 55.162 73.5616 56.0951 27.5997 38.0242 77.5554 69.2167 52.913 60.2208 67.3546 17.5337 61.747 71.0194 35.378 58.4824 71.682 56.9661 40.9006 32.7635 77.6285 59.6429 78.9763 42.8759 64.3174 53.11 56.0182 37.6623 61.8135 62.196 58.1837 67.8065 72.7732 52.0857 74.4928 66.8516 50.5852 50.211 54.849 62.4741 75.6098 66.6667 64.0884 59.0491 73.0101 63.9175 58.8369 64.301 65.606 59.4169 78.7274 64.5013 46.9522 56.4069 74.351 59.3496 57.1196 90.2116 56.8075 76.5128 56.4118 73.0597 63.0374 50.0718 50.1567 57.8439 37.1155 48.7079 40.8946 57.3013 65.6331 50.6801 77.1382 65.8615 56.379 67.1958 79.1514 73.4003 70.0447 77.1441 68.764 39.816 57.4606 56.0918 28.8571 71.1663 53.358 37.9618 57.6648 34.1218 46.8447 69.5003 37.3737 51.0507 35.3357 39.1509 64.9687 79.6748 74.4186 58.1355 79.5377 78.4157 45.8716 61.5021 67.9409 55.1515 54.4509 56.0886 45.7083 67.7508 63.0542 54.7586 67.2962 55.626 62.8513 53.4077 49.0026 51.9553 56.0152 60.5771 53.5151 50.3887 48.1186 67.9953 42.1875 62.1723 53.6989 67.8035 55.5147 64.6058 47.4978 34.7826 50.7198 46.1538 83.2772 53.0686 47.4223 59.1549 59.2953 46.5116 37.2906 27.9126 45.7529 62.201 73.804 65.2383 48.3764 54.7085 44.0371 67.6829 27.9431 30.6084 38.499 32.8844 68.6375 63.2341 56.9655 57.1035 65.7081 71.1918 53.4932 46.7678 53.366 55.9584 53.9683 58.1038 58.8643 36.8471 56.9832 61.294 63.6856 60.8696 76.6201 32.1649 80.8156 57.3989 44.0321 49.6901 57.9514 52.8571 48.6657 54.295 65.0564 56.2804 46.1929 63.1265 66.0803 33.1588 47.5548 65.0996 14.8699 66.81 59.261 54.8769 68.7773 52.6546 56.543 67.3304 55.6618 66.2531 59.888 55.8796 46.5296 61.5385 58.4871 78.0722 61.6294 53.1868 41.7889 55.7814 56.0559 49.5353 77.542 63.2864 56.3914 60.7049 51.8823 65.3356 68.7408 36.0331 57.9975 64.2918 75.217 70.8287 83.8487 57.5488 54.9499 69.996 74.9043 48.67 67.3982 62.376 62.9264 57.8878 47.7648 53.4302 35.188 58.9874 59.5322 54.2974 42.088 51.6016 55.6004 86.6356 73.3607 38.7622 42.1208 53.8211 58.3432 60.1436 57.4813 51.1523 74.9389 62.6957 41.2104 60.1446 79.3819 48.8589 47.2319 61.5729 58.3848 48.4872 57.7465 64.2251 54.041 59.9465 55.6391 71.7339 66.0779 68.0224 75.7561 52.3264 64.5141 48.5194 75.2053 67.083 68.8172 56.6592 53.4416 74.2841 74.224 49.3976 51.4925 59.4077 65.3736 49.5759 65.7233 52.0928 26.087 74.242 63.4146 73.0097 33.0368 23.1092 66.2878 60.0531 60.5232 78.6843 49.038 58.4052 61.6798 43.9781 57.7335 43.2857 60.8889 45.9378 37.5705 61.545 74.2299 53.4091 41.4258 54.9172 59.9242 44.8999 61.0108 46.8843 38.674 54.0829 56.1509 47.9115 35.8779 61.4023 42.8361 46.5779 62.0321 40.9408 59.9244 50.3112 65.3951 58.8532 44.9332 56.0209 61.5774 61.8512 46.4974 52.7894 71.1672 53.4343 45.5429 43.3466 56.7827 60.7962 59.1631 70.8491 48.5449 61.5328 57.9636 60.6726 48.5188 64.9676 54.8362 59.5501 59.197 43.949 61.233 45.5541 69.2172 42.9658 62.421 38.0069 63.4069 72.5728 52.4811 71.2903 57.4257 59.731 47.451 51.1407 56.9921 35.4294 50.2793 56.1574 48.226 37.6263 48.4588 58.8849 50.3331 45.8248 45.5446 62.2449 77.4525 52.1725 67.1795 51.0025 56.387 54.2662 74.9064 40.9594 39.5119 61.9064 37.8125 32.4797 66.9287 43.8995 42.2481 54.8425 57.7112 41.6126 64.0345 55.8484 63.2889 69.7634 44.9936 53.2162 39.5669 59.1395 56.231 47.8357 54.874 49.8298 45.2915 57.1507 11.4583 75.7035 55.3421 65.4059 58.717 66.8421 54.3665 60.3037 54.195 71.8631 67.4963 52.2714 43.5628 64.8053 10.274 50.8938 74.9128 56.2576 82.0485 63.5475 33.4489 66.1086 62.5 73.6565 51.3472 67.7519 58.6265 68.3058 63.6275 55.53 50.9317 44.8139 61.2723 46.1312 17.0455 57.7437 54.2788 82.338 67.295 59.5975 65.5544 61.5385 57.0999 61.041 62.7468 33.7983 53.2141 57.7036 47.0149 61.7788 63.1524 71.1111 58.3333 57.404 62.7543 49.0566 80.4093 57.0193 79.0569 43.3414 44.9905 41.8367 39.3243 58.0745 70.3867 52.8964 45.018 41.7683 50.5945 54.6954 70.7256 57.554 62.6859 60.4091 53.7156 14.3118 51.5789 48.1481 66.9088 38.6308 66.8182 54.177 34.0801 77.8577 46.8548 59.3297 7.9096 42.1235 61.0697 53.6646 56.2033 49.3917 41.9919 52.7488 64.1692 68.2417 68.992 63.2873 36.3145 56.6116 46.5693 67.404 45.3589 76.2789 69.7017 36.911 49.0399 58.8477 71.7782 60.1258 60.2865 5.99174 67.6555 44.9525 60.7494 57.4982 55.44 57.0506 59.3126 52 25.8993 58.5747 73.1248 48.5017 64.9688 42.17 67.0391 53.1474 42.3335 59.8307 61.3324 72.8213 38.6865 38.9374 43.7844 68.8192 36.3043 11.7409 68.4251 48.8571 59.8346 55.8537 47.9666 49.6164 51.9829 69.1667 81.5257 48.3528 58.0024 50.4112 56.8501 69.5652 54.1924 82.2359 48.8753 58.0117 58.7755 67.5995 61.3636 56.9279 69.8653 60.5051 44.5872 66.1108 35.4467 53.219 67.0461 57.5758 75.2116 36.8421 51.6602 60.7078 45.9384 23.565 57.3497 59.7651 60.4663 73.7391 69.7861 19.2647 74.6475 22.963 52.8875 66.095 60.1015 66.5919 69.5163 59.2794 54.0616 58.2888 69.8113 49.6317 67.757 45.7203 47.1241 68.8514 46.9833 57.67 59.7015 71.4605 62.561 49.729 62.4339 0 21.8884 70.4861 71.6166 44 66.1194 62.293 22.2 30.8752 49.5146 66.1025 ]
LOG (nnet-train-frmshuff:main():nnet-train-frmshuff.cc:367) AvgLoss: 1.04304 (Xent), [AvgXent: 1.04304, AvgTargetEnt: 0]
progress: [1.12432 1.11703 1.082 1.08272 1.08725 1.07833 1.06876 1.07052 1.07861 1.05105 1.05718 1.04916 1.05346 1.01848 1.03769 1.03232 1.02995 1.01873 1.00164 1.00381 0.99376 1.01356 0.984059 0.99298 0.983657 ]
FRAME_ACCURACY >> 68.0393% <<
LOG (nnet-train-frmshuff:PrintProfile():cu-device.cc:428) -----
[cudevice profile]
CuArray::CopyToVecD2H	7.08234s
DiffSigmoid	7.53855s
Sigmoid	8.77227s
MulElements	9.12699s
FindRowMaxId	10.5669s
MulRowsVec	12.4565s
CuMatrix::Resize	15.647s
CuMatrixBase::CopyFromMat(from CPU)	22.3763s
AddMatVec	23.938s
CuMatrixBase::CopyFromMat(from other CuMatrixBase)	24.42s
CuVector::SetZero	25.0679s
CuVector::Resize	25.6195s
CuMatrix::SetZero	28.6858s
AddMat	40.9236s
AddMatMat	202.381s
Total GPU time:	501.202s (may involve some double-counting)
-----
LOG (nnet-train-frmshuff:PrintMemoryUsage():cu-allocator.cc:127) Memory usage: 357825368 bytes currently allocated (max: 358598136); 231438540 currently in use by user (max: 239065452); 35271/1008627 calls to Malloc* resulted in CUDA calls.
LOG (nnet-train-frmshuff:PrintMemoryUsage():cu-allocator.cc:134) Time taken in cudaMallocPitch=2.66578, in cudaMalloc=0.0242963, in cudaFree=1.83467, in this->MallocPitch()=5.27294
LOG (nnet-train-frmshuff:PrintMemoryUsage():cu-device.cc:401) Memory used (according to the device): 420372480 bytes.
